Local Date: Fri Mar 30 15:09:14 2018
Build info: Feb  1 2018 02:13:47 ?

INFO    (15: 9:14:355 |    0)    336; [rp] {"rtc.video.mute_me":true,"che.video.local.send":false}
INFO    (15: 9:14:355 |    0)    336; [rp] {"rtc.audio.mute_me":true,"che.audio.mute_me":true}
INFO    (15: 9:14:356 |    1)    336; [rp] {"rtc.video.set_remote_default_video_stream_type":0}
INFO    (15: 9:14:356 |    0)    336; API call to SetRemoteDefaultVideoStreamType: 0
INFO    (15: 9:14:356 |    0)    336; [rp] {"che.video.local.camera_index":1024}
INFO    (15: 9:14:356 |    0)    336; [rp] {"rtc.video.enabled":true}
INFO    (15: 9:14:356 |    0)    336; API call to enable video
INFO    (15: 9:14:356 |    0)    336; ***CALL BEGIN: appid:'c7****************************1c' cname:'police_11_2' info:'' sid:'647444800AD0418D8ABC43942A2F5647'
INFO    (15: 9:14:356 |    0)    336; addRef of media engine, ref=1
INFO    (15: 9:14:356 |    0)    336; [che] create chat engine, ctx:(nil)
INFO    (15: 9:14:356 |    0)    336; [MYDEBUG] large group call false
INFO    (15: 9:14:356 |    0)    336; ChatEngineParameterHelper::applyMediaEngineMode: 
INFO    (15: 9:14:356 |    0)    336; applyMediaEngineMode(): Hardware encoding false Hardware decoding false
INFO    (15: 9:14:358 |    2)    338; Thread with name:external_audio_module_thread started 
INFO    (15: 9:14:358 |    0)    339; Thread with name:WebRtc_event_timer_thread started 
INFO    (15: 9:14:358 |    0)    336; StereoPlayoutIsAvailable(), output: available=0
INFO    (15: 9:14:358 |    0)    336; StereoRecordingIsAvailable(), output: available=0
INFO    (15: 9:14:359 |    1)    340; Thread with name:EngineMonitorThread started 
INFO    (15: 9:14:359 |    0)    336; setMuteStatus, muted: On
INFO    (15: 9:14:359 |    0)    336; setMuteOutput, muted: false
WARN    (15: 9:14:359 |    0)    336; setMicSensitivity failed, legal values are between [0, 10]
INFO    (15: 9:14:359 |    0)    336; Audio Engine Init success
INFO    (15: 9:14:359 |    0)    336; Available number of cores:1
INFO    (15: 9:14:360 |    1)    336; CreateVideoSendTrack
INFO    (15: 9:14:360 |    0)    336; init: feature prerotation disabled
INFO    (15: 9:14:360 |    0)    336; Agora Engine video codec set to custom mode role mode 0
INFO    (15: 9:14:360 |    0)    336; Agora Engine video codec index 1
INFO    (15: 9:14:360 |    0)    336; Agora Engine video stream type = 0
INFO    (15: 9:14:360 |    0)    341; Thread with name:VideoEncodeThread started 
INFO    (15: 9:14:360 |    0)    336; EncoderWrapper::Create hardware_ = 0, hardware_low_ = 0
INFO    (15: 9:14:360 |    0)    342; Thread with name:VideoProcessThread started 
INFO    (15: 9:14:361 |    1)    336; setCodec: index=1 width=640 height=360 framerate=15
INFO    (15: 9:14:361 |    0)    336; h264WebInteropEnable: enable 0
INFO    (15: 9:14:361 |    0)    336; setCaptureDevice: index=1024
INFO    (15: 9:14:361 |    0)    336; setMaxVideoBitrate: max bitrate=0
INFO    (15: 9:14:361 |    0)    336; more fec enable 0 curr fec method 0
INFO    (15: 9:14:361 |    0)    336; video fec method 0
ERROR   (15: 9:14:361 |    0)    336; videoEngine created and initialize here
INFO    (15: 9:14:361 |    0)    336; CreateVideoSendTrack
INFO    (15: 9:14:361 |    0)    336; [MIO] updateCapturer: ((nil)), type:(1)
INFO    (15: 9:14:361 |    0)    336; CreateAgoraDefaultCapture: type=0
INFO    (15: 9:14:361 |    0)    336; CreateVideoCapturer: interface=0x7f4b88172af0
INFO    (15: 9:14:362 |    1)    336; VideoSendTrackImpl::UpdateCapturer capturer=0x7f4b881d4c10
INFO    (15: 9:14:362 |    0)    336; [MIO] updateLocalRender: ((nil)), type:(1)
INFO    (15: 9:14:362 |    0)    336; CreateAgoraDefaultRender
INFO    (15: 9:14:362 |    0)    336; CreateVideoRenderer: interface=0x7f4b881d5090
INFO    (15: 9:14:362 |    0)    336; VideoSendTrackImpl::UpdateRenderer, renderer=0x7f4b881d50d0
INFO    (15: 9:14:362 |    0)    336; [MIO] video send track prepared !!
INFO    (15: 9:14:362 |    0)    336; [che] applyVideoProfile: 640x360 15 fps 500 kbps
INFO    (15: 9:14:362 |    0)    336; validateVideoParameters: validate video parameters resolution 640x360, fps 15, rate 500000
INFO    (15: 9:14:362 |    0)    336; setMaxVideoBitrate: max bitrate=500000
INFO    (15: 9:14:362 |    0)    336; setCodecRates: set frame rate to 15
INFO    (15: 9:14:362 |    0)    336; setCodec: index=1 width=640 height=360 framerate=15
INFO    (15: 9:14:362 |    0)    336; setCodecResolution: set to 640 x 360
INFO    (15: 9:14:362 |    0)    336; [che] chat engine initialized
INFO    (15: 9:14:363 |    1)    336; [vocs] vocs initialized
INFO    (15: 9:14:363 |    0)    336; [rs] report server ip: 221.228.78.123:8000
INFO    (15: 9:14:363 |    0)    336; [rlbs] selected: 221.228.78.123:9700
INFO    (15: 9:14:364 |    1)    336; [rlbs] request rs list from 221.228.78.123:9700.......
INFO    (15: 9:14:364 |    0)    336; CacheManager: save cache to storage elapsed 0
INFO    (15: 9:14:364 |    0)    336; [cm] emit join channel signal, size=2
INFO    (15: 9:14:364 |    0)    336; CacheManager: save cache to storage elapsed 0
INFO    (15: 9:14:364 |    0)    336; [vocs] lookup channel...
INFO    (15: 9:14:365 |    1)    336; [vocs] selected: 123.155.153.69:8000
INFO    (15: 9:14:365 |    0)    336; connecting to 123.155.153.69:8000 handle 8820fdc0, 28
INFO    (15: 9:14:365 |    0)    336; [vocs] creating channel with 123.155.153.69:8000, ts 1522422554365.......
INFO    (15: 9:14:365 |    0)    336; [vocs] selected: 183.236.26.162:8000
INFO    (15: 9:14:365 |    0)    336; [vocs] creating channel with 183.236.26.162:8000, ts 1522422554365.......
INFO    (15: 9:14:365 |    0)    336; [vocs] selected: 221.228.202.134:8000
INFO    (15: 9:14:365 |    0)    336; [vocs] creating channel with 221.228.202.134:8000, ts 1522422554365.......
INFO    (15: 9:14:365 |    0)    336; [rp] {"che.audio.audioSampleRate":48000}
INFO    (15: 9:14:366 |    1)    336; [dns] parsed ip 119.9.92.49
INFO    (15: 9:14:366 |    0)    336; [dns] parsed ip 69.28.51.138
INFO    (15: 9:14:366 |    0)    336; [dns] parsed ip 128.1.87.146
INFO    (15: 9:14:366 |    0)    336; [dns] parsed ip 199.190.44.35
INFO    (15: 9:14:366 |    0)    336; [dns] parsed ip 199.190.44.36
INFO    (15: 9:14:366 |    0)    336; [rs] dns parse result code: 0, servers size: 1
INFO    (15: 9:14:366 |    0)    336; [rs] dns parse and selected server: 223.111.12.227
INFO    (15: 9:15:354 |    0)    336; [vocs] selected: 119.9.92.49:8000
INFO    (15: 9:15:355 |    1)    336; [vocs] creating channel with 119.9.92.49:8000, ts 1522422555355.......
INFO    (15: 9:15:355 |    0)    336; [vocs] selected: 69.28.51.138:8000
INFO    (15: 9:15:355 |    0)    336; [vocs] creating channel with 69.28.51.138:8000, ts 1522422555355.......
INFO    (15: 9:15:355 |    0)    336; [vocs] selected: 128.1.87.146:8000
INFO    (15: 9:15:355 |    0)    336; [vocs] creating channel with 128.1.87.146:8000, ts 1522422555355.......
INFO    (15: 9:15:514 |  159)    336; [vocs/u] **responsed from 69.28.51.138:8000, 3 vos, elapsed 1160, server ts 1522422554963, wan ip 139.59.134.76
INFO    (15: 9:15:514 |    0)    336; [vos] added server: 128.1.77.36:4004
INFO    (15: 9:15:514 |    0)    336; [vos] added server: 128.1.78.93:4005
INFO    (15: 9:15:514 |    0)    336; [vos] added server: 128.1.78.106:4004
INFO    (15: 9:15:514 |    0)    336; [ch0] vos initialized
INFO    (15: 9:15:514 |    0)    336; [vos] selected: 128.1.78.106:4004
ERROR   (15: 9:15:514 |    0)    336; [ch0] login strategy=2
INFO    (15: 9:15:515 |    1)    336; [ds]: ver 1 ds '{"streamType":5}'
INFO    (15: 9:15:515 |    0)    336; [ch0] Login VOS (proto:10, cid:3658197272, uid:922374257, ts:1522422555515, ticket size:84 ds:1 stream:+A+VH) 2: 128.1.78.106:4004
INFO    (15: 9:15:515 |    0)    336; add ping address 139.59.134.76
INFO    (15: 9:15:515 |    0)    336; PING 139.59.134.76:0 16(44) bytes of data
INFO    (15: 9:15:518 |    3)    336; [ch0] **VOS response to login request (res 0 elapsed 1164, server ts 1522422555048, s-c:-470) from 128.1.78.106:4004, and current dest server 128.1.78.106:4004
INFO    (15: 9:15:518 |    0)    336; updateActiveVosList: ["128.1.78.106:4004"]
INFO    (15: 9:15:518 |    0)    336; [che] start call begins
INFO    (15: 9:15:518 |    0)    336; Set Application Mode in RTC Engine to No. 0
ERROR   (15: 9:15:518 |    0)    336; GetCodec() invalid index (error=8004)
INFO    (15: 9:15:518 |    0)    336; SetCodec by type : No. 85
INFO    (15: 9:15:529 |   11)    336; StartPlayout complete
INFO    (15: 9:15:529 |    0)    336; output: kDummyAudio
INFO    (15: 9:15:538 |    9)    336; StartRecording complete
ERROR   (15: 9:15:539 |    1)    336; SetAgcConfig() failed to set the range in |gain| the digital compression stage may apply (error=8097)
INFO    (15: 9:15:539 |    0)    336; SetHowlingControl enable = 0
INFO    (15: 9:15:539 |    0)    336; Application Config module:  Route 0, NS on, AEC N, AGC on, BSS off, HC on
INFO    (15: 9:15:539 |    0)    336; MID = 0, Routing = 0
INFO    (15: 9:15:539 |    0)    336; [che] applyVideoProfile: 640x360 15 fps 500 kbps
INFO    (15: 9:15:539 |    0)    336; validateVideoParameters: validate video parameters resolution 640x360, fps 15, rate 500000
INFO    (15: 9:15:539 |    0)    336; setMaxVideoBitrate: max bitrate=500000
INFO    (15: 9:15:539 |    0)    336; setCodecRates: set frame rate to 15
INFO    (15: 9:15:539 |    0)    336; setCodec: index=1 width=640 height=360 framerate=15
INFO    (15: 9:15:539 |    0)    336; setCodecResolution: set to 640 x 360
INFO    (15: 9:15:539 |    0)    336; CreateVideoCapturer: interface=0x7f4b88172c90
INFO    (15: 9:15:539 |    0)    336; VideoSendTrackImpl::UpdateCapturer capturer=0x7f4b8821fa20
INFO    (15: 9:15:540 |    1)    336; Create participant 0
INFO    (15: 9:15:540 |    0)    336; startCapture: device? 1024 init? 1 local enabled? 1 capturing? 0 rendering? 0
INFO    (15: 9:15:540 |    0)    336; startCapture: Receive Only Mode, capture still on. Encode will be turned off
INFO    (15: 9:15:540 |    0)    336; AgoraVideoInput::Init thread=1, type=100, device=External Device
INFO    (15: 9:15:540 |    0)    343; Thread with name:AgoraInputThread started 
INFO    (15: 9:15:540 |    0)    344; Thread with name:ExternalCaptureThread started 
INFO    (15: 9:15:540 |    0)    336; setCodec: index=1 width=640 height=360 framerate=15
INFO    (15: 9:15:540 |    0)    336; setMaxVideoBitrate: max bitrate=500000
INFO    (15: 9:15:540 |    0)    336; AgoraVideoInput::Start width=640, height=360, fps=15
INFO    (15: 9:15:540 |    0)    345; Thread with name:WebRtc_event_timer_thread started 
INFO    (15: 9:15:540 |    0)    336; startCapture: startCapture success
INFO    (15: 9:15:540 |    0)    336; RequestEncodeKeyFrame
INFO    (15: 9:15:541 |    1)    336; doStartLocalRender: init? 1 capture id -1 device 1024 capturing? 1 rendering? 0
INFO    (15: 9:15:541 |    0)    336; doStartLocalRender: Receive Only Mode, local renderer still on.
INFO    (15: 9:15:541 |    0)    336; doStartLocalRender: init? 1 capture id -1 device 1024 capturing? 1 rendering? 0
INFO    (15: 9:15:541 |    0)    336; doStartLocalRender: Receive Only Mode, local renderer still on.
INFO    (15: 9:15:541 |    0)    336; [che] start call returns 0, elapsed 23
INFO    (15: 9:15:541 |    0)    336; Setting dtx mode to 2
INFO    (15: 9:15:541 |    0)    336; setNetEQMinimumPlayoutDelay delay(100)
INFO    (15: 9:15:541 |    0)    336; join channel success: cname 'police_11_2' uid 922374257 elapsed 1188
INFO    (15: 9:15:541 |    0)    336; CacheManager: save cache to storage elapsed 0
INFO    (15: 9:15:541 |    0)    337; Channel counters: mix mode:0 , min port:-1 , max port:-1 ,decode audio:0 , decode_video:0 , is live:0 , idle:300 , is audio only:0 ,syslog facility:8 , mix mode height:360 , mix mode width:640 , mix mode fps:15 , mi 
INFO    (15: 9:15:541 |    0)    337; User 922374257 join channel police_11_2 success, elapsed: 1188 ms
INFO    (15: 9:15:542 |    1)    336; [vocs/u] **responsed from 128.1.87.146:8000, 3 vos, elapsed 1188, server ts 1522422554936, wan ip 139.59.134.76
INFO    (15: 9:15:548 |    6)    336; [ch0] rtt: 6
INFO    (15: 9:15:574 |   26)    336; [vocs/u] **responsed from 119.9.92.49:8000, 3 vos, elapsed 1221, server ts 1522422554977, wan ip 139.59.134.76
INFO    (15: 9:15:607 |   33)    343; [che] onVideoSizeChanged: uid 0 640x360 rotate 0
INFO    (15: 9:17:518 |    0)    336; notifyPeerCount: cnt 0
INFO    (15: 9:19:354 |    0)    336; [rs] **report stats: seq: 11, report list size 11, tx/rx: 2145/288, cache size: 0, report success rate: -1
INFO    (15: 9:19:355 |    1)    336; [rlbs] selected: 199.190.44.35:9700
INFO    (15: 9:19:355 |    0)    336; [rlbs] request rs list from 199.190.44.35:9700.......
INFO    (15: 9:19:562 |  207)    336; [rlbs/u] responsed from 199.190.44.35:9700 with servers 128.1.78.91:8000
INFO    (15: 9:21:538 |    0)    338; Audio statistics - play count: playout count = 200  signal level: far_in = 0
INFO    (15: 9:29:368 |    0)    321; [ARS/15s]event cnts:0, audio pkts:0, mix audio pkts:0, yuv video pkts:0, h264 video pkts:0
INFO    (15: 9:35:538 |  170)    338; Audio statistics - play count: playout count = 600  signal level: far_in = 0
INFO    (15: 9:44:381 |    0)    321; [ARS/15s]event cnts:0, audio pkts:0, mix audio pkts:0, yuv video pkts:0, h264 video pkts:0
INFO    (15: 9:46:355 |    0)    336; **CALL STATS: duraton 29s cpu app/total 2.2/5.18 battery 255 tx/rx: 2/1 kbps 10.339K/5.661K bytes
INFO    (15: 9:53:538 |  183)    338; Audio statistics - play count: playout count = 600  signal level: far_in = 0
INFO    (15: 9:54:354 |    0)    336; [rs] **report stats: seq: 25, report list size 25, tx/rx: 6346/1200, cache size: 0, report success rate: 100
INFO    (15: 9:59:396 |   42)    321; [ARS/15s]event cnts:0, audio pkts:0, mix audio pkts:0, yuv video pkts:0, h264 video pkts:0
INFO    (15:10:11:538 |  142)    338; Audio statistics - play count: playout count = 600  signal level: far_in = 0
INFO    (15:10:14:410 |    0)    321; [ARS/15s]event cnts:0, audio pkts:0, mix audio pkts:0, yuv video pkts:0, h264 video pkts:0
INFO    (15:10:18:354 |    0)    336; **CALL STATS: duraton 1m1s cpu app/total 2.4/5.18 battery 255 tx/rx: 0/0 kbps 16.501K/9.273K bytes
INFO    (15:10:24:355 |    1)    336; [rs] **report stats: seq: 34, report list size 34, tx/rx: 8395/1632, cache size: 0, report success rate: 100
INFO    (15:10:29:425 |   70)    321; [ARS/15s]event cnts:0, audio pkts:0, mix audio pkts:0, yuv video pkts:0, h264 video pkts:0
INFO    (15:10:29:538 |  113)    338; Audio statistics - play count: playout count = 600  signal level: far_in = 0
INFO    (15:10:44:438 |    0)    321; [ARS/15s]event cnts:0, audio pkts:0, mix audio pkts:0, yuv video pkts:0, h264 video pkts:0
INFO    (15:10:47:538 |  100)    338; Audio statistics - play count: playout count = 600  signal level: far_in = 0
INFO    (15:10:50:355 |    0)    336; **CALL STATS: duraton 1m33s cpu app/total 2.6/2.56 battery 255 tx/rx: 2/1 kbps 23.95K/13.11K bytes
INFO    (15:10:59:355 |    0)    336; [rs] **report stats: seq: 45, report list size 22, tx/rx: 10908/2160, cache size: 0, report success rate: 100
INFO    (15:10:59:453 |   98)    321; [ARS/15s]event cnts:0, audio pkts:0, mix audio pkts:0, yuv video pkts:0, h264 video pkts:0
INFO    (15:11: 5:538 |   85)    338; Audio statistics - play count: playout count = 600  signal level: far_in = 0
INFO    (15:11:14:467 |    0)    321; [ARS/15s]event cnts:0, audio pkts:0, mix audio pkts:0, yuv video pkts:0, h264 video pkts:0
INFO    (15:11:22:354 |    0)    336; **CALL STATS: duraton 2m5s cpu app/total 2.6/17.1 battery 255 tx/rx: 3/1 kbps 29.730K/16.821K bytes
INFO    (15:11:23:538 |  184)    338; Audio statistics - play count: playout count = 600  signal level: far_in = 0
INFO    (15:11:29:481 |    0)    321; [ARS/15s]event cnts:0, audio pkts:0, mix audio pkts:0, yuv video pkts:0, h264 video pkts:0
INFO    (15:11:34:354 |    0)    336; [rs] **report stats: seq: 55, report list size 22, tx/rx: 13210/2640, cache size: 0, report success rate: 100
INFO    (15:11:41:538 |  184)    338; Audio statistics - play count: playout count = 600  signal level: far_in = 0
INFO    (15:11:44:497 |    0)    321; [ARS/15s]event cnts:0, audio pkts:0, mix audio pkts:0, yuv video pkts:0, h264 video pkts:0
INFO    (15:11:52:355 |    0)    336; **CALL STATS: duraton 2m35s cpu app/total 1.56/2.55 battery 255 tx/rx: 3/1 kbps 35.739K/20.307K bytes
INFO    (15:11:59:510 |  155)    321; [ARS/15s]event cnts:0, audio pkts:0, mix audio pkts:0, yuv video pkts:0, h264 video pkts:0
INFO    (15:11:59:538 |   28)    338; Audio statistics - play count: playout count = 600  signal level: far_in = 0
INFO    (15:12: 9:354 |    0)    336; [rs] **report stats: seq: 66, report list size 23, tx/rx: 15723/3168, cache size: 0, report success rate: 100
INFO    (15:12:14:524 |  170)    321; [ARS/15s]event cnts:0, audio pkts:0, mix audio pkts:0, yuv video pkts:0, h264 video pkts:0
INFO    (15:12:17:538 |   14)    338; Audio statistics - play count: playout count = 600  signal level: far_in = 0
INFO    (15:12:24:355 |    0)    336; **CALL STATS: duraton 3m7s cpu app/total 2.7/4.59 battery 255 tx/rx: 0/0 kbps 41.978K/23.991K bytes
INFO    (15:12:29:539 |  184)    321; [ARS/15s]event cnts:0, audio pkts:0, mix audio pkts:0, yuv video pkts:0, h264 video pkts:0
INFO    (15:12:35:538 |    0)    338; Audio statistics - play count: playout count = 600  signal level: far_in = 0
INFO    (15:12:44:354 |    0)    336; [rs] **report stats: seq: 76, report list size 22, tx/rx: 18010/3648, cache size: 0, report success rate: 100
INFO    (15:12:44:553 |  199)    321; [ARS/15s]event cnts:0, audio pkts:0, mix audio pkts:0, yuv video pkts:0, h264 video pkts:0
INFO    (15:12:53:538 |    0)    338; Audio statistics - play count: playout count = 600  signal level: far_in = 0
INFO    (15:12:56:355 |    0)    336; **CALL STATS: duraton 3m39s cpu app/total 2.10/6.73 battery 255 tx/rx: 1/1 kbps 48.264K/27.729K bytes
INFO    (15:12:59:568 |  213)    321; [ARS/15s]event cnts:0, audio pkts:0, mix audio pkts:0, yuv video pkts:0, h264 video pkts:0
INFO    (15:13:11:538 |    0)    338; Audio statistics - play count: playout count = 600  signal level: far_in = 0
INFO    (15:13:14:582 |   44)    321; [ARS/15s]event cnts:0, audio pkts:0, mix audio pkts:0, yuv video pkts:0, h264 video pkts:0
INFO    (15:13:19:354 |    0)    336; [rs] **report stats: seq: 86, report list size 22, tx/rx: 20285/4128, cache size: 0, report success rate: 100
INFO    (15:13:28:354 |    0)    336; **CALL STATS: duraton 4m11s cpu app/total 2.7/3.60 battery 255 tx/rx: 2/1 kbps 54.899K/31.515K bytes
INFO    (15:13:29:538 |  184)    338; Audio statistics - play count: playout count = 600  signal level: far_in = 0
INFO    (15:13:29:595 |   57)    321; [ARS/15s]event cnts:0, audio pkts:0, mix audio pkts:0, yuv video pkts:0, h264 video pkts:0
INFO    (15:13:44:609 |   14)    321; [ARS/15s]event cnts:0, audio pkts:0, mix audio pkts:0, yuv video pkts:0, h264 video pkts:0
INFO    (15:13:47:538 |    0)    338; Audio statistics - play count: playout count = 600  signal level: far_in = 0
INFO    (15:13:54:354 |    0)    336; [rs] **report stats: seq: 97, report list size 22, tx/rx: 22788/4608, cache size: 0, report success rate: 100
INFO    (15:13:59:621 |  267)    321; [ARS/15s]event cnts:0, audio pkts:0, mix audio pkts:0, yuv video pkts:0, h264 video pkts:0
INFO    (15:14: 0:355 |    0)    336; **CALL STATS: duraton 4m43s cpu app/total 2.9/2.56 battery 255 tx/rx: 0/0 kbps 61.104K/35.127K bytes
INFO    (15:14: 5:538 |  183)    338; Audio statistics - play count: playout count = 600  signal level: far_in = 0
INFO    (15:14:14:635 |   97)    321; [ARS/15s]event cnts:0, audio pkts:0, mix audio pkts:0, yuv video pkts:0, h264 video pkts:0
WARN    (15:14:16:354 |    0)    337; No users in channel for 300 seconds, aborting, leave_code:4.
INFO    (15:14:16:638 |  284)    321; ARS push leave pkt to queue inform wrapper
WARN    (15:14:17:138 |    0)    321; Before cleanup cnt 0, errno 2 4, joined_ 1, term_sig 1, leave path code 12
INFO    (15:14:17:138 |    0)    321; Leaving channel and ready to cleanup
INFO    (15:14:17:138 |    0)    321; API call to leave channel
INFO    (15:14:17:139 |    1)    336; [cm] emit leave channel signal
WARN    (15:14:17:139 |    0)    337; No users in channel for 300 seconds, aborting, leave_code:12.
INFO    (15:14:17:139 |    0)    336; **CALL STATS: duration 5m2s, tx 65.83K bytes, rx 37.383K bytes, total 102.466K bytes
INFO    (15:14:17:139 |    0)    336; stopLocalRender
INFO    (15:14:17:139 |    0)    336; stopLocalRender success
INFO    (15:14:17:139 |    0)    336; AgoraVideoInput::Stop
INFO    (15:14:17:140 |    1)    345; Thread with name:WebRtc_event_timer_thread stopped
INFO    (15:14:17:140 |    0)    336; AgoraVideoInput::Destroy
INFO    (15:14:17:140 |    0)    344; Thread with name:ExternalCaptureThread stopped
INFO    (15:14:17:195 |   55)    343; Thread with name:AgoraInputThread stopped
INFO    (15:14:17:200 |    5)    336; stopCapture: stopCapture success
INFO    (15:14:17:201 |    1)    336; stopRemoteRender
INFO    (15:14:17:201 |    0)    336; [che] stopCall begins
INFO    (15:14:17:201 |    0)    336; StopRecording complete
INFO    (15:14:17:201 |    0)    336; StopPlayout complete
INFO    (15:14:17:201 |    0)    336; [che] stop call returns 0, elapsed 1
INFO    (15:14:17:201 |    0)    336; [rs] **report stats: seq: 107, report list size 25, tx/rx: 24865/4992, cache size: 0, report success rate: 100
INFO    (15:14:17:202 |    1)    336; CacheManager: save cache to storage elapsed 0
INFO    (15:14:17:202 |    0)    336; [ch0] vos destroyed
INFO    (15:14:17:202 |    0)    336; delRef of media engine, ref=0
INFO    (15:14:17:202 |    0)    336; [che] chat engine destroying
INFO    (15:14:17:202 |    0)    336; stopLocalRender
INFO    (15:14:17:202 |    0)    336; stopLocalRender success
WARN    (15:14:17:202 |    0)    336; stopCapture: VideoEngine haven't startCapture
INFO    (15:14:17:202 |    0)    336; stopRemoteRender
INFO    (15:14:17:202 |    0)    336; [che] stopCall begins
INFO    (15:14:17:202 |    0)    336; [che] stop call returns -1, elapsed 0
INFO    (15:14:17:203 |    1)    336; stopLocalRender
INFO    (15:14:17:203 |    0)    336; stopLocalRender success
INFO    (15:14:17:203 |    0)    336; stopRemoteRender
WARN    (15:14:17:203 |    0)    336; stopCapture: VideoEngine haven't startCapture
INFO    (15:14:17:203 |    0)    342; Thread with name:VideoProcessThread stopped
WARN    (15:14:17:203 |    0)    336; terminate: VideoEngine haven't init
INFO    (15:14:17:203 |    0)    336; [DEBUGG] ViERenderManager Destructor, engine_id: 0
INFO    (15:14:17:206 |    3)    341; Thread with name:VideoEncodeThread stopped
INFO    (15:14:17:214 |    8)    336; VideoSendTrackImpl::UpdateCapturer capturer=(nil)
INFO    (15:14:17:214 |    0)    336; VideoSendTrackImpl::UpdateRenderer, renderer=(nil)
INFO    (15:14:17:214 |    0)    340; Thread with name:EngineMonitorThread stopped
INFO    (15:14:17:214 |    0)    338; Thread with name:external_audio_module_thread stopped
INFO    (15:14:17:214 |    0)    339; Thread with name:WebRtc_event_timer_thread stopped
INFO    (15:14:17:215 |    1)    336; [che] chat engine destroyed
INFO    (15:14:17:215 |    0)    336; ***CALL END
INFO    (15:14:17:215 |    0)    336; onAudioStatusChanged enable audio
INFO    (15:14:17:215 |    0)    336; [MIO] media io controller destroyed
INFO    (15:14:17:215 |    0)    321; async task notify worker thread to exit and return
