Local Date: Fri Mar 30 15:41:50 2018
Build info: Feb  1 2018 02:13:47 ?

INFO    (15:41:50:821 |    0)   2294; [rp] {"rtc.video.mute_me":true,"che.video.local.send":false}
INFO    (15:41:50:822 |    1)   2294; [rp] {"rtc.audio.mute_me":true,"che.audio.mute_me":true}
INFO    (15:41:50:822 |    0)   2294; [rp] {"rtc.video.set_remote_default_video_stream_type":0}
INFO    (15:41:50:822 |    0)   2294; API call to SetRemoteDefaultVideoStreamType: 0
INFO    (15:41:50:822 |    0)   2294; [rp] {"che.video.local.camera_index":1024}
INFO    (15:41:50:822 |    0)   2294; [rp] {"rtc.video.enabled":true}
INFO    (15:41:50:822 |    0)   2294; API call to enable video
INFO    (15:41:50:822 |    0)   2294; ***CALL BEGIN: appid:'c7****************************1c' cname:'police_12_1' info:'' sid:'6DC07A6B5B404DA998995D8EFB59D544'
INFO    (15:41:50:822 |    0)   2294; addRef of media engine, ref=1
INFO    (15:41:50:822 |    0)   2294; [che] create chat engine, ctx:(nil)
INFO    (15:41:50:822 |    0)   2294; [MYDEBUG] large group call false
INFO    (15:41:50:823 |    1)   2294; ChatEngineParameterHelper::applyMediaEngineMode: 
INFO    (15:41:50:823 |    0)   2294; applyMediaEngineMode(): Hardware encoding false Hardware decoding false
INFO    (15:41:50:824 |    1)   2296; Thread with name:external_audio_module_thread started 
INFO    (15:41:50:824 |    0)   2297; Thread with name:WebRtc_event_timer_thread started 
INFO    (15:41:50:824 |    0)   2294; StereoPlayoutIsAvailable(), output: available=0
INFO    (15:41:50:825 |    1)   2294; StereoRecordingIsAvailable(), output: available=0
INFO    (15:41:50:825 |    0)   2298; Thread with name:EngineMonitorThread started 
INFO    (15:41:50:825 |    0)   2294; setMuteStatus, muted: On
INFO    (15:41:50:825 |    0)   2294; setMuteOutput, muted: false
WARN    (15:41:50:825 |    0)   2294; setMicSensitivity failed, legal values are between [0, 10]
INFO    (15:41:50:825 |    0)   2294; Audio Engine Init success
INFO    (15:41:50:825 |    0)   2294; Available number of cores:1
INFO    (15:41:50:826 |    1)   2294; CreateVideoSendTrack
INFO    (15:41:50:826 |    0)   2294; init: feature prerotation disabled
INFO    (15:41:50:826 |    0)   2294; Agora Engine video codec set to custom mode role mode 0
INFO    (15:41:50:826 |    0)   2294; Agora Engine video codec index 1
INFO    (15:41:50:826 |    0)   2294; Agora Engine video stream type = 0
INFO    (15:41:50:826 |    0)   2299; Thread with name:VideoEncodeThread started 
INFO    (15:41:50:827 |    1)   2294; EncoderWrapper::Create hardware_ = 0, hardware_low_ = 0
INFO    (15:41:50:827 |    0)   2300; Thread with name:VideoProcessThread started 
INFO    (15:41:50:827 |    0)   2294; setCodec: index=1 width=640 height=360 framerate=15
INFO    (15:41:50:827 |    0)   2294; h264WebInteropEnable: enable 0
INFO    (15:41:50:827 |    0)   2294; setCaptureDevice: index=1024
INFO    (15:41:50:827 |    0)   2294; setMaxVideoBitrate: max bitrate=0
INFO    (15:41:50:827 |    0)   2294; more fec enable 0 curr fec method 0
INFO    (15:41:50:827 |    0)   2294; video fec method 0
ERROR   (15:41:50:827 |    0)   2294; videoEngine created and initialize here
INFO    (15:41:50:827 |    0)   2294; CreateVideoSendTrack
INFO    (15:41:50:827 |    0)   2294; [MIO] updateCapturer: ((nil)), type:(1)
INFO    (15:41:50:828 |    1)   2294; CreateAgoraDefaultCapture: type=0
INFO    (15:41:50:828 |    0)   2294; CreateVideoCapturer: interface=0x7f7a04172af0
INFO    (15:41:50:828 |    0)   2294; VideoSendTrackImpl::UpdateCapturer capturer=0x7f7a041d4c10
INFO    (15:41:50:828 |    0)   2294; [MIO] updateLocalRender: ((nil)), type:(1)
INFO    (15:41:50:828 |    0)   2294; CreateAgoraDefaultRender
INFO    (15:41:50:828 |    0)   2294; CreateVideoRenderer: interface=0x7f7a041d5090
INFO    (15:41:50:828 |    0)   2294; VideoSendTrackImpl::UpdateRenderer, renderer=0x7f7a041d50d0
INFO    (15:41:50:828 |    0)   2294; [MIO] video send track prepared !!
INFO    (15:41:50:828 |    0)   2294; [che] applyVideoProfile: 640x360 15 fps 500 kbps
INFO    (15:41:50:828 |    0)   2294; validateVideoParameters: validate video parameters resolution 640x360, fps 15, rate 500000
INFO    (15:41:50:828 |    0)   2294; setMaxVideoBitrate: max bitrate=500000
INFO    (15:41:50:828 |    0)   2294; setCodecRates: set frame rate to 15
INFO    (15:41:50:828 |    0)   2294; setCodec: index=1 width=640 height=360 framerate=15
INFO    (15:41:50:829 |    1)   2294; setCodecResolution: set to 640 x 360
INFO    (15:41:50:829 |    0)   2294; [che] chat engine initialized
INFO    (15:41:50:829 |    0)   2294; [vocs] vocs initialized
INFO    (15:41:50:829 |    0)   2294; [rs] report server ip: 221.6.115.123:8000
INFO    (15:41:50:830 |    1)   2294; [rlbs] selected: 221.228.78.123:9700
INFO    (15:41:50:830 |    0)   2294; [rlbs] request rs list from 221.228.78.123:9700.......
INFO    (15:41:50:831 |    1)   2294; CacheManager: save cache to storage elapsed 0
INFO    (15:41:50:831 |    0)   2294; [cm] emit join channel signal, size=2
INFO    (15:41:50:831 |    0)   2294; CacheManager: save cache to storage elapsed 0
INFO    (15:41:50:831 |    0)   2294; [vocs] lookup channel...
INFO    (15:41:50:831 |    0)   2294; [vocs] selected: 119.9.92.49:8000
INFO    (15:41:50:831 |    0)   2294; connecting to 119.9.92.49:8000 handle 420fdd0, 28
INFO    (15:41:50:831 |    0)   2294; [vocs] creating channel with 119.9.92.49:8000, ts 1522424510831.......
INFO    (15:41:50:832 |    1)   2294; [vocs] selected: 123.155.153.69:8000
INFO    (15:41:50:832 |    0)   2294; [vocs] creating channel with 123.155.153.69:8000, ts 1522424510832.......
INFO    (15:41:50:832 |    0)   2294; [vocs] selected: 221.228.202.134:8000
INFO    (15:41:50:832 |    0)   2294; [vocs] creating channel with 221.228.202.134:8000, ts 1522424510832.......
INFO    (15:41:50:832 |    0)   2294; [rp] {"che.audio.audioSampleRate":48000}
INFO    (15:41:50:832 |    0)   2294; [dns] parsed ip 199.190.44.36
INFO    (15:41:50:832 |    0)   2294; [rs] dns parse result code: 0, servers size: 1
INFO    (15:41:50:832 |    0)   2294; [rs] dns parse and selected server: 223.111.12.227
INFO    (15:41:50:832 |    0)   2294; [dns] parsed ip 128.1.87.146
INFO    (15:41:50:832 |    0)   2294; [dns] parsed ip 69.28.51.138
INFO    (15:41:50:832 |    0)   2294; [dns] parsed ip 119.9.92.49
INFO    (15:41:50:842 |   10)   2294; [dns] parsed ip 199.190.44.35
INFO    (15:41:51: 41 |    0)   2294; [vocs/t] tcp create channel connected with 0x7f7a04210450
INFO    (15:41:51: 41 |    0)   2294; [vocs] tcp - creating channel with 119.9.92.49:8000, ts 1522424511041.......
INFO    (15:41:51: 44 |    3)   2294; [vocs/u] **responsed from 119.9.92.49:8000, 3 vos, elapsed 224, server ts 1522424510456, wan ip 139.59.134.76
INFO    (15:41:51: 44 |    0)   2294; [vos] added server: 128.1.77.36:4006
INFO    (15:41:51: 44 |    0)   2294; [vos] added server: 128.1.78.93:4007
INFO    (15:41:51: 44 |    0)   2294; [vos] added server: 128.1.78.107:4008
INFO    (15:41:51: 44 |    0)   2294; [ch0] vos initialized
INFO    (15:41:51: 45 |    1)   2294; [vos] selected: 128.1.78.107:4008
ERROR   (15:41:51: 45 |    0)   2294; [ch0] login strategy=2
INFO    (15:41:51: 45 |    0)   2294; [ds]: ver 1 ds '{"streamType":5}'
INFO    (15:41:51: 45 |    0)   2294; [ch0] Login VOS (proto:10, cid:883609388, uid:4106286789, ts:1522424511045, ticket size:84 ds:1 stream:+A+VH) 2: 128.1.78.107:4008
INFO    (15:41:51: 45 |    0)   2294; add ping address 139.59.134.76
INFO    (15:41:51: 45 |    0)   2294; PING 139.59.134.76:0 16(44) bytes of data
INFO    (15:41:51: 50 |    5)   2294; [ch0] **VOS response to login request (res 0 elapsed 230, server ts 1522424510572, s-c:-478) from 128.1.78.107:4008, and current dest server 128.1.78.107:4008
INFO    (15:41:51: 50 |    0)   2294; updateActiveVosList: ["128.1.78.107:4008"]
INFO    (15:41:51: 50 |    0)   2294; [che] start call begins
INFO    (15:41:51: 50 |    0)   2294; Set Application Mode in RTC Engine to No. 0
ERROR   (15:41:51: 50 |    0)   2294; GetCodec() invalid index (error=8004)
INFO    (15:41:51: 50 |    0)   2294; SetCodec by type : No. 85
INFO    (15:41:51: 55 |    5)   2294; StartPlayout complete
INFO    (15:41:51: 55 |    0)   2294; output: kDummyAudio
INFO    (15:41:51: 65 |   10)   2294; StartRecording complete
ERROR   (15:41:51: 65 |    0)   2294; SetAgcConfig() failed to set the range in |gain| the digital compression stage may apply (error=8097)
INFO    (15:41:51: 65 |    0)   2294; SetHowlingControl enable = 0
INFO    (15:41:51: 65 |    0)   2294; Application Config module:  Route 0, NS on, AEC N, AGC on, BSS off, HC on
INFO    (15:41:51: 65 |    0)   2294; MID = 0, Routing = 0
INFO    (15:41:51: 65 |    0)   2294; [che] applyVideoProfile: 640x360 15 fps 500 kbps
INFO    (15:41:51: 65 |    0)   2294; validateVideoParameters: validate video parameters resolution 640x360, fps 15, rate 500000
INFO    (15:41:51: 65 |    0)   2294; setMaxVideoBitrate: max bitrate=500000
INFO    (15:41:51: 66 |    1)   2294; setCodecRates: set frame rate to 15
INFO    (15:41:51: 66 |    0)   2294; setCodec: index=1 width=640 height=360 framerate=15
INFO    (15:41:51: 66 |    0)   2294; setCodecResolution: set to 640 x 360
INFO    (15:41:51: 66 |    0)   2294; CreateVideoCapturer: interface=0x7f7a04172c90
INFO    (15:41:51: 66 |    0)   2294; VideoSendTrackImpl::UpdateCapturer capturer=0x7f7a0421f9d0
INFO    (15:41:51: 66 |    0)   2294; Create participant 0
INFO    (15:41:51: 66 |    0)   2294; startCapture: device? 1024 init? 1 local enabled? 1 capturing? 0 rendering? 0
INFO    (15:41:51: 66 |    0)   2294; startCapture: Receive Only Mode, capture still on. Encode will be turned off
INFO    (15:41:51: 66 |    0)   2294; AgoraVideoInput::Init thread=1, type=100, device=External Device
INFO    (15:41:51: 66 |    0)   2301; Thread with name:AgoraInputThread started 
INFO    (15:41:51: 67 |    1)   2302; Thread with name:ExternalCaptureThread started 
INFO    (15:41:51: 67 |    0)   2294; setCodec: index=1 width=640 height=360 framerate=15
INFO    (15:41:51: 67 |    0)   2294; setMaxVideoBitrate: max bitrate=500000
INFO    (15:41:51: 67 |    0)   2294; AgoraVideoInput::Start width=640, height=360, fps=15
INFO    (15:41:51: 67 |    0)   2303; Thread with name:WebRtc_event_timer_thread started 
INFO    (15:41:51: 67 |    0)   2294; startCapture: startCapture success
INFO    (15:41:51: 67 |    0)   2294; RequestEncodeKeyFrame
INFO    (15:41:51: 67 |    0)   2294; doStartLocalRender: init? 1 capture id -1 device 1024 capturing? 1 rendering? 0
INFO    (15:41:51: 67 |    0)   2294; doStartLocalRender: Receive Only Mode, local renderer still on.
INFO    (15:41:51: 67 |    0)   2294; doStartLocalRender: init? 1 capture id -1 device 1024 capturing? 1 rendering? 0
INFO    (15:41:51: 67 |    0)   2294; doStartLocalRender: Receive Only Mode, local renderer still on.
INFO    (15:41:51: 68 |    1)   2294; [che] start call returns 0, elapsed 17
INFO    (15:41:51: 68 |    0)   2294; Setting dtx mode to 2
INFO    (15:41:51: 68 |    0)   2294; setNetEQMinimumPlayoutDelay delay(100)
INFO    (15:41:51: 68 |    0)   2294; join channel success: cname 'police_12_1' uid 4106286789 elapsed 248
INFO    (15:41:51: 68 |    0)   2294; CacheManager: save cache to storage elapsed 0
INFO    (15:41:51: 68 |    0)   2295; Channel counters: mix mode:0 , min port:-1 , max port:-1 ,decode audio:0 , decode_video:0 , is live:0 , idle:300 , is audio only:0 ,syslog facility:8 , mix mode height:360 , mix mode width:640 , mix mode fps:15 , mi 
INFO    (15:41:51: 68 |    0)   2295; User 4106286789 join channel police_12_1 success, elapsed: 248 ms
INFO    (15:41:51: 80 |   12)   2294; [ch0] rtt: 11
INFO    (15:41:51:133 |   53)   2301; [che] onVideoSizeChanged: uid 0 640x360 rotate 0
INFO    (15:41:53: 50 |    0)   2294; notifyPeerCount: cnt 0
INFO    (15:41:55:821 |  771)   2294; [rlbs] selected: 199.190.44.35:9700
INFO    (15:41:55:821 |    0)   2294; [rlbs] request rs list from 199.190.44.35:9700.......
INFO    (15:41:55:821 |    0)   2294; [rs] **report stats: seq: 10, report list size 10, tx/rx: 2037/240, cache size: 0, report success rate: -1
INFO    (15:41:56: 23 |    0)   2294; [rlbs/u] responsed from 199.190.44.35:9700 with servers 128.1.78.91:8000
INFO    (15:41:57: 55 |   32)   2296; Audio statistics - play count: playout count = 200  signal level: far_in = 0
INFO    (15:42: 5:832 |  777)   2279; [ARS/15s]event cnts:0, audio pkts:0, mix audio pkts:0, yuv video pkts:0, h264 video pkts:0
INFO    (15:42:11: 65 |    0)   2296; Audio statistics - play count: playout count = 600  signal level: far_in = 0
INFO    (15:42:20:846 |  781)   2279; [ARS/15s]event cnts:0, audio pkts:0, mix audio pkts:0, yuv video pkts:0, h264 video pkts:0
INFO    (15:42:24:821 |    0)   2294; **CALL STATS: duraton 31s cpu app/total 2.7/6.15 battery 255 tx/rx: 2/1 kbps 10.338K/4.935K bytes
INFO    (15:42:29: 65 |    0)   2296; Audio statistics - play count: playout count = 600  signal level: far_in = 0
INFO    (15:42:30:820 |  755)   2294; [rs] **report stats: seq: 23, report list size 23, tx/rx: 5990/1104, cache size: 0, report success rate: 100
INFO    (15:42:35:861 |   41)   2279; [ARS/15s]event cnts:0, audio pkts:0, mix audio pkts:0, yuv video pkts:0, h264 video pkts:0
INFO    (15:42:47: 65 |    0)   2296; Audio statistics - play count: playout count = 600  signal level: far_in = 0
INFO    (15:42:50:874 |  809)   2279; [ARS/15s]event cnts:0, audio pkts:0, mix audio pkts:0, yuv video pkts:0, h264 video pkts:0
INFO    (15:42:56:820 |    0)   2294; **CALL STATS: duraton 1m3s cpu app/total 1.56/7.69 battery 255 tx/rx: 2/1 kbps 16.730K/8.673K bytes
INFO    (15:43: 5: 65 |    0)   2296; Audio statistics - play count: playout count = 600  signal level: far_in = 0
INFO    (15:43: 5:820 |  755)   2294; [rs] **report stats: seq: 34, report list size 34, tx/rx: 8503/1632, cache size: 0, report success rate: 100
INFO    (15:43: 5:888 |   68)   2279; [ARS/15s]event cnts:0, audio pkts:0, mix audio pkts:0, yuv video pkts:0, h264 video pkts:0
INFO    (15:43:20:901 |   13)   2279; [ARS/15s]event cnts:0, audio pkts:0, mix audio pkts:0, yuv video pkts:0, h264 video pkts:0
INFO    (15:43:23: 65 |    0)   2296; Audio statistics - play count: playout count = 600  signal level: far_in = 0
INFO    (15:43:28:820 |  755)   2294; **CALL STATS: duraton 1m35s cpu app/total 1.57/9.32 battery 255 tx/rx: 1/0 kbps 23.121K/12.381K bytes
INFO    (15:43:35:915 |   95)   2279; [ARS/15s]event cnts:0, audio pkts:0, mix audio pkts:0, yuv video pkts:0, h264 video pkts:0
INFO    (15:43:40:821 |    0)   2294; [rs] **report stats: seq: 45, report list size 22, tx/rx: 11026/2160, cache size: 0, report success rate: 100
INFO    (15:43:41: 65 |    0)   2296; Audio statistics - play count: playout count = 600  signal level: far_in = 0
INFO    (15:43:50:929 |  864)   2279; [ARS/15s]event cnts:0, audio pkts:0, mix audio pkts:0, yuv video pkts:0, h264 video pkts:0
INFO    (15:43:58:821 |    0)   2294; **CALL STATS: duraton 2m5s cpu app/total 1.55/4.63 battery 255 tx/rx: 1/0 kbps 29.197K/15.891K bytes
INFO    (15:43:59: 65 |    0)   2296; Audio statistics - play count: playout count = 600  signal level: far_in = 0
INFO    (15:44: 5:943 |  878)   2279; [ARS/15s]event cnts:0, audio pkts:0, mix audio pkts:0, yuv video pkts:0, h264 video pkts:0
INFO    (15:44:15:821 |    0)   2294; [rs] **report stats: seq: 55, report list size 23, tx/rx: 13318/2640, cache size: 0, report success rate: 100
INFO    (15:44:17: 65 |    0)   2296; Audio statistics - play count: playout count = 600  signal level: far_in = 0
INFO    (15:44:20:956 |  891)   2279; [ARS/15s]event cnts:0, audio pkts:0, mix audio pkts:0, yuv video pkts:0, h264 video pkts:0
INFO    (15:44:30:821 |    0)   2294; **CALL STATS: duraton 2m37s cpu app/total 1.55/6.56 battery 255 tx/rx: 1/1 kbps 35.527K/19.629K bytes
INFO    (15:44:35: 65 |    0)   2296; Audio statistics - play count: playout count = 600  signal level: far_in = 0
INFO    (15:44:35:971 |  906)   2279; [ARS/15s]event cnts:0, audio pkts:0, mix audio pkts:0, yuv video pkts:0, h264 video pkts:0
INFO    (15:44:50:821 |    0)   2294; [rs] **report stats: seq: 66, report list size 23, tx/rx: 15831/3168, cache size: 0, report success rate: 100
INFO    (15:44:50:985 |  164)   2279; [ARS/15s]event cnts:0, audio pkts:0, mix audio pkts:0, yuv video pkts:0, h264 video pkts:0
INFO    (15:44:53: 65 |    0)   2296; Audio statistics - play count: playout count = 600  signal level: far_in = 0
INFO    (15:45: 2:821 |  756)   2294; **CALL STATS: duraton 3m9s cpu app/total 1.53/6.6 battery 255 tx/rx: 1/1 kbps 41.914K/23.367K bytes
INFO    (15:45: 5:998 |  177)   2279; [ARS/15s]event cnts:0, audio pkts:0, mix audio pkts:0, yuv video pkts:0, h264 video pkts:0
INFO    (15:45:11: 65 |    0)   2296; Audio statistics - play count: playout count = 600  signal level: far_in = 0
INFO    (15:45:21: 12 |    0)   2279; [ARS/15s]event cnts:0, audio pkts:0, mix audio pkts:0, yuv video pkts:0, h264 video pkts:0
INFO    (15:45:25:821 |  809)   2294; [rs] **report stats: seq: 76, report list size 22, tx/rx: 18120/3648, cache size: 0, report success rate: 100
INFO    (15:45:29: 65 |    0)   2296; Audio statistics - play count: playout count = 600  signal level: far_in = 0
INFO    (15:45:34:821 |  756)   2294; **CALL STATS: duraton 3m41s cpu app/total 1.53/4.47 battery 255 tx/rx: 1/0 kbps 48.374K/27.27K bytes
INFO    (15:45:36: 26 |    0)   2279; [ARS/15s]event cnts:0, audio pkts:0, mix audio pkts:0, yuv video pkts:0, h264 video pkts:0
INFO    (15:45:47: 65 |   39)   2296; Audio statistics - play count: playout count = 600  signal level: far_in = 0
INFO    (15:45:51: 39 |    0)   2279; [ARS/15s]event cnts:0, audio pkts:0, mix audio pkts:0, yuv video pkts:0, h264 video pkts:0
INFO    (15:46: 0:821 |  782)   2294; [rs] **report stats: seq: 86, report list size 22, tx/rx: 20385/4128, cache size: 0, report success rate: 100
INFO    (15:46: 5: 65 |    0)   2296; Audio statistics - play count: playout count = 600  signal level: far_in = 0
INFO    (15:46: 6: 51 |    0)   2279; [ARS/15s]event cnts:0, audio pkts:0, mix audio pkts:0, yuv video pkts:0, h264 video pkts:0
INFO    (15:46: 6:821 |  770)   2294; **CALL STATS: duraton 4m13s cpu app/total 1.53/5.55 battery 255 tx/rx: 1/1 kbps 54.679K/30.789K bytes
INFO    (15:46:21: 65 |    0)   2279; [ARS/15s]event cnts:0, audio pkts:0, mix audio pkts:0, yuv video pkts:0, h264 video pkts:0
INFO    (15:46:23: 65 |    0)   2296; Audio statistics - play count: playout count = 600  signal level: far_in = 0
INFO    (15:46:35:821 |  756)   2294; [rs] **report stats: seq: 96, report list size 21, tx/rx: 22669/4608, cache size: 0, report success rate: 100
INFO    (15:46:36: 80 |    0)   2279; [ARS/15s]event cnts:0, audio pkts:0, mix audio pkts:0, yuv video pkts:0, h264 video pkts:0
INFO    (15:46:38:820 |  740)   2294; **CALL STATS: duraton 4m45s cpu app/total 1.53/4.6 battery 255 tx/rx: 2/1 kbps 61.260K/34.527K bytes
INFO    (15:46:41: 65 |    0)   2296; Audio statistics - play count: playout count = 600  signal level: far_in = 0
INFO    (15:46:51: 95 |   30)   2279; [ARS/15s]event cnts:0, audio pkts:0, mix audio pkts:0, yuv video pkts:0, h264 video pkts:0
WARN    (15:46:52:821 |  726)   2295; No users in channel for 300 seconds, aborting, leave_code:4.
INFO    (15:46:53: 97 |    0)   2279; ARS push leave pkt to queue inform wrapper
WARN    (15:46:53:598 |  501)   2279; Before cleanup cnt 0, errno 2 4, joined_ 1, term_sig 1, leave path code 12
INFO    (15:46:53:598 |    0)   2279; Leaving channel and ready to cleanup
INFO    (15:46:53:598 |    0)   2279; API call to leave channel
INFO    (15:46:53:598 |    0)   2294; [cm] emit leave channel signal
WARN    (15:46:53:598 |    0)   2295; No users in channel for 300 seconds, aborting, leave_code:12.
INFO    (15:46:53:598 |    0)   2294; **CALL STATS: duration 5m2s, tx 64.729K bytes, rx 36.531K bytes, total 101.236K bytes
INFO    (15:46:53:598 |    0)   2294; stopLocalRender
INFO    (15:46:53:598 |    0)   2294; stopLocalRender success
INFO    (15:46:53:598 |    0)   2294; AgoraVideoInput::Stop
INFO    (15:46:53:599 |    1)   2303; Thread with name:WebRtc_event_timer_thread stopped
INFO    (15:46:53:599 |    0)   2294; AgoraVideoInput::Destroy
INFO    (15:46:53:599 |    0)   2302; Thread with name:ExternalCaptureThread stopped
INFO    (15:46:53:645 |   46)   2301; Thread with name:AgoraInputThread stopped
INFO    (15:46:53:649 |    4)   2294; stopCapture: stopCapture success
INFO    (15:46:53:649 |    0)   2294; stopRemoteRender
INFO    (15:46:53:649 |    0)   2294; [che] stopCall begins
INFO    (15:46:53:650 |    1)   2294; StopRecording complete
INFO    (15:46:53:650 |    0)   2294; StopPlayout complete
INFO    (15:46:53:650 |    0)   2294; [che] stop call returns 0, elapsed 0
INFO    (15:46:53:650 |    0)   2294; [rs] **report stats: seq: 105, report list size 25, tx/rx: 24511/4896, cache size: 0, report success rate: 100
INFO    (15:46:53:650 |    0)   2294; CacheManager: save cache to storage elapsed 0
INFO    (15:46:53:650 |    0)   2294; [ch0] vos destroyed
INFO    (15:46:53:651 |    1)   2294; delRef of media engine, ref=0
INFO    (15:46:53:651 |    0)   2294; [che] chat engine destroying
INFO    (15:46:53:651 |    0)   2294; stopLocalRender
INFO    (15:46:53:651 |    0)   2294; stopLocalRender success
WARN    (15:46:53:651 |    0)   2294; stopCapture: VideoEngine haven't startCapture
INFO    (15:46:53:651 |    0)   2294; stopRemoteRender
INFO    (15:46:53:651 |    0)   2294; [che] stopCall begins
INFO    (15:46:53:651 |    0)   2294; [che] stop call returns -1, elapsed 1
INFO    (15:46:53:651 |    0)   2294; stopLocalRender
INFO    (15:46:53:651 |    0)   2294; stopLocalRender success
INFO    (15:46:53:651 |    0)   2294; stopRemoteRender
WARN    (15:46:53:651 |    0)   2294; stopCapture: VideoEngine haven't startCapture
INFO    (15:46:53:652 |    1)   2300; Thread with name:VideoProcessThread stopped
WARN    (15:46:53:652 |    0)   2294; terminate: VideoEngine haven't init
INFO    (15:46:53:652 |    0)   2294; [DEBUGG] ViERenderManager Destructor, engine_id: 0
INFO    (15:46:53:657 |    5)   2299; Thread with name:VideoEncodeThread stopped
INFO    (15:46:53:662 |    5)   2294; VideoSendTrackImpl::UpdateCapturer capturer=(nil)
INFO    (15:46:53:662 |    0)   2294; VideoSendTrackImpl::UpdateRenderer, renderer=(nil)
INFO    (15:46:53:663 |    1)   2298; Thread with name:EngineMonitorThread stopped
INFO    (15:46:53:663 |    0)   2296; Thread with name:external_audio_module_thread stopped
INFO    (15:46:53:663 |    0)   2297; Thread with name:WebRtc_event_timer_thread stopped
INFO    (15:46:53:663 |    0)   2294; [che] chat engine destroyed
INFO    (15:46:53:663 |    0)   2294; ***CALL END
INFO    (15:46:53:664 |    1)   2294; onAudioStatusChanged enable audio
INFO    (15:46:53:664 |    0)   2294; [MIO] media io controller destroyed
INFO    (15:46:53:664 |    0)   2279; async task notify worker thread to exit and return
