recorder_local[4069]: (4069) /var/lib/jenkins/workspace/agora-release-linux-2/ServerSDK-Video/src/rec_engine/RecordingEngineImpl.cpp:831: ERROR:failed to open config file
recorder_local[4069]: (4069) /var/lib/jenkins/workspace/agora-release-linux-2/ServerSDK-Video/src/rec_engine/RecordingEngineImpl.cpp:831: ERROR:failed to open config file
recorder_local[4069]: (4069) /var/lib/jenkins/workspace/agora-release-linux-2/ServerSDK-Video/src/rec_engine/RecordingEngineImpl.cpp:430: [Wrapper version] 5d0b257a42f9514a024cc62c69161d55aa150021
recorder_local[4069]: (4069) /var/lib/jenkins/workspace/agora-release-linux-2/ServerSDK-Video/src/rec_engine/RecordingEngineImpl.cpp:431: =======params ======
recorder_local[4069]: (4069) /var/lib/jenkins/workspace/agora-release-linux-2/ServerSDK-Video/src/rec_engine/RecordingEngineImpl.cpp:433: /var/www/RecordingSDK/bin/AgoraCoreService
recorder_local[4069]: (4069) /var/lib/jenkins/workspace/agora-release-linux-2/ServerSDK-Video/src/rec_engine/RecordingEngineImpl.cpp:433: --app_id
recorder_local[4069]: (4069) /var/lib/jenkins/workspace/agora-release-linux-2/ServerSDK-Video/src/rec_engine/RecordingEngineImpl.cpp:433: c7adb7f97a594d9fac501654c7bf281c
recorder_local[4069]: (4069) /var/lib/jenkins/workspace/agora-release-linux-2/ServerSDK-Video/src/rec_engine/RecordingEngineImpl.cpp:433: --channel_key
recorder_local[4069]: (4069) /var/lib/jenkins/workspace/agora-release-linux-2/ServerSDK-Video/src/rec_engine/RecordingEngineImpl.cpp:433: c7adb7f97a594d9fac501654c7bf281c
recorder_local[4069]: (4069) /var/lib/jenkins/workspace/agora-release-linux-2/ServerSDK-Video/src/rec_engine/RecordingEngineImpl.cpp:433: --channel_id
recorder_local[4069]: (4069) /var/lib/jenkins/workspace/agora-release-linux-2/ServerSDK-Video/src/rec_engine/RecordingEngineImpl.cpp:433: police_14_2
recorder_local[4069]: (4069) /var/lib/jenkins/workspace/agora-release-linux-2/ServerSDK-Video/src/rec_engine/RecordingEngineImpl.cpp:433: --idle
recorder_local[4069]: (4069) /var/lib/jenkins/workspace/agora-release-linux-2/ServerSDK-Video/src/rec_engine/RecordingEngineImpl.cpp:433: 300
recorder_local[4069]: (4069) /var/lib/jenkins/workspace/agora-release-linux-2/ServerSDK-Video/src/rec_engine/RecordingEngineImpl.cpp:433: --decode_audio
recorder_local[4069]: (4069) /var/lib/jenkins/workspace/agora-release-linux-2/ServerSDK-Video/src/rec_engine/RecordingEngineImpl.cpp:433: 0
recorder_local[4069]: (4069) /var/lib/jenkins/workspace/agora-release-linux-2/ServerSDK-Video/src/rec_engine/RecordingEngineImpl.cpp:433: --decode_video
recorder_local[4069]: (4069) /var/lib/jenkins/workspace/agora-release-linux-2/ServerSDK-Video/src/rec_engine/RecordingEngineImpl.cpp:433: 0
recorder_local[4069]: (4069) /var/lib/jenkins/workspace/agora-release-linux-2/ServerSDK-Video/src/rec_engine/RecordingEngineImpl.cpp:433: --capture_interval
recorder_local[4069]: (4069) /var/lib/jenkins/workspace/agora-release-linux-2/ServerSDK-Video/src/rec_engine/RecordingEngineImpl.cpp:433: 5
recorder_local[4069]: (4069) /var/lib/jenkins/workspace/agora-release-linux-2/ServerSDK-Video/src/rec_engine/RecordingEngineImpl.cpp:433: --syslog_fclt
recorder_local[4069]: (4069) /var/lib/jenkins/workspace/agora-release-linux-2/ServerSDK-Video/src/rec_engine/RecordingEngineImpl.cpp:433: 8
recorder_local[4069]: (4069) /var/lib/jenkins/workspace/agora-release-linux-2/ServerSDK-Video/src/rec_engine/RecordingEngineImpl.cpp:433: --streamType
recorder_local[4069]: (4069) /var/lib/jenkins/workspace/agora-release-linux-2/ServerSDK-Video/src/rec_engine/RecordingEngineImpl.cpp:433: 0
recorder_local[4069]: (4069) /var/lib/jenkins/workspace/agora-release-linux-2/ServerSDK-Video/src/rec_engine/RecordingEngineImpl.cpp:433: --serviceMode
recorder_local[4069]: (4069) /var/lib/jenkins/workspace/agora-release-linux-2/ServerSDK-Video/src/rec_engine/RecordingEngineImpl.cpp:433: 0
recorder_local[4069]: (4069) /var/lib/jenkins/workspace/agora-release-linux-2/ServerSDK-Video/src/rec_engine/RecordingEngineImpl.cpp:433: --recording_file_dir
recorder_local[4069]: (4069) /var/lib/jenkins/workspace/agora-release-linux-2/ServerSDK-Video/src/rec_engine/RecordingEngineImpl.cpp:433: /var/www/panic2.greenvoo.us/html/public/Records/20180330/police_14_2_222106/
recorder_local[4069]: (4069) /var/lib/jenkins/workspace/agora-release-linux-2/ServerSDK-Video/src/rec_engine/RecordingEngineImpl.cpp:433: --lang
recorder_local[4069]: (4069) /var/lib/jenkins/workspace/agora-release-linux-2/ServerSDK-Video/src/rec_engine/RecordingEngineImpl.cpp:433: 0
recorder_local[4069]: (4069) /var/lib/jenkins/workspace/agora-release-linux-2/ServerSDK-Video/src/base/pipe_router.cpp:153: The ARS created. Reading pipe: 4, writing pipe: 7, pid: 4070
AgoraCoreService[4070]: (4070) /var/lib/jenkins/workspace/agora-release-linux-2/ServerSDK-Video/src/video_recorder/main.cpp:162: video recording wrapper:8, idle:300 write:5, read:6, live:0,channelid:police_14_2 
AgoraCoreService[4070]: (4070) /var/lib/jenkins/workspace/agora-release-linux-2/ServerSDK-Video/src/video_recorder/main.cpp:183: [ARS version] 5d0b257a42f9514a024cc62c69161d55aa150021
AgoraCoreService[4070]: (4070) /var/lib/jenkins/workspace/agora-release-linux-2/ServerSDK-Video/src/video_recorder/main.cpp:185: uid 0 from vendor c7adb7f97a594d9fac501654c7bf281c is joining channel police_14_2
AgoraCoreService[4070]: (4070) /var/lib/jenkins/workspace/agora-release-linux-2/ServerSDK-Video/src/video_recorder/event_handler.cpp:627: SDK version: 75f0227; chat engine: 03c8e5d966234ba3a0eaedf8a9fe5ef1e7e554a4
AgoraCoreService[4070]: (4070) /var/lib/jenkins/workspace/agora-release-linux-2/ServerSDK-Video/src/video_recorder/event_handler.cpp:634: decode_video:0,decode_audio:0
AgoraCoreService[4070]: (4070) /var/lib/jenkins/workspace/agora-release-linux-2/ServerSDK-Video/src/video_recorder/event_handler.cpp:667: Using random lowUdpPort & highUdpPort
AgoraCoreService[4070]: (4070) /var/lib/jenkins/workspace/agora-release-linux-2/ServerSDK-Video/src/video_recorder/event_handler.cpp:1341: level 1: INFO    (22:21: 6:387 |    1)   4070; Using random lowUdpPort & highUdpPort
AgoraCoreService[4070]: (4070) /var/lib/jenkins/workspace/agora-release-linux-2/ServerSDK-Video/src/video_recorder/event_handler.cpp:1341: level 1: INFO    (22:21: 6:387 |    0)   4070; API call to setChannelProfile 0
AgoraCoreService[4070]: (4070) /var/lib/jenkins/workspace/agora-release-linux-2/ServerSDK-Video/src/video_recorder/event_handler.cpp:1786: init stream, trigger mode: 0 service mode: 0
AgoraCoreService[4070]: (4070) /var/lib/jenkins/workspace/agora-release-linux-2/ServerSDK-Video/src/video_recorder/event_handler.cpp:1341: level 1: INFO    (22:21: 6:387 |    0)   4070; API call to setVideoProfileEx 640x360 15 fps 500 kbps
AgoraCoreService[4070]: (4070) /var/lib/jenkins/workspace/agora-release-linux-2/ServerSDK-Video/src/video_recorder/event_handler.cpp:1341: level 1: INFO    (22:21: 6:387 |    0)   4070; API call to enable video
AgoraCoreService[4070]: (4070) /var/lib/jenkins/workspace/agora-release-linux-2/ServerSDK-Video/src/video_recorder/event_handler.cpp:1341: level 1: INFO    (22:21: 6:387 |    0)   4070; API call to join channel 'police_14_2' uid 0, SDK ver 2.1.0 build 220, device info 'Linux version 3.13.0-143-generic (buildd@lcy01-amd64-010) (gcc version 4.8.4 (Ubuntu 4.8.4-2ubuntu1~14.04.4) ) #192-Ubuntu SMP Tue 
AgoraCoreService[4070]: (4070) /var/lib/jenkins/workspace/agora-release-linux-2/ServerSDK-Video/src/video_recorder/event_handler.cpp:1341: level 1: INFO    (22:21: 6:387 |    0)   4085; Agora Service Worker Thread started: 0x2fcbf98
AgoraCoreService[4070]: (4070) /var/lib/jenkins/workspace/agora-release-linux-2/ServerSDK-Video/src/video_recorder/event_handler.cpp:1341: level 1: INFO    (22:21: 6:387 |    0)   4085; network: 'NETWORK_UNKOWN' -> 'LAN' ipv4/v6 '139.59.134.76'/'' gw ''/'' subtype 0 level 2117610208 ssid '' bssid '' rssi 32524 asu 56
AgoraCoreService[4070]: (4070) /var/lib/jenkins/workspace/agora-release-linux-2/ServerSDK-Video/src/video_recorder/event_handler.cpp:1341: level 1: INFO    (22:21: 6:388 |    1)   4085; [MIO] mediaIO controller created
AgoraCoreService[4070]: (4070) /var/lib/jenkins/workspace/agora-release-linux-2/ServerSDK-Video/src/video_recorder/event_handler.cpp:1341: level 1: INFO    (22:21: 6:388 |    0)   4085; found 'NULL' device: 'Linux version 3.13.0-143-generic (buildd@lcy01-amd64-010) (gcc version 4.8.4 (Ubuntu 4.8.4-2ubuntu1~14.04.4) ) #192-Ubuntu SMP Tue Feb 27 10:45:36 UTC 2018
'
AgoraCoreService[4070]: (4070) /var/lib/jenkins/workspace/agora-release-linux-2/ServerSDK-Video/src/video_recorder/event_handler.cpp:1341: level 1: INFO    (22:21: 6:388 |    0)   4085; [rp] {"rtc.channel_profile":0}
AgoraCoreService[4070]: (4070) /var/lib/jenkins/workspace/agora-release-linux-2/ServerSDK-Video/src/video_recorder/event_handler.cpp:1341: level 1: INFO    (22:21: 6:388 |    0)   4085; [rp] {"che.audio.external_device":true}
AgoraCoreService[4070]: (4070) /var/lib/jenkins/workspace/agora-release-linux-2/ServerSDK-Video/src/video_recorder/event_handler.cpp:1341: level 1: INFO    (22:21: 6:388 |    0)   4085; [rp] {"che.audio.audioSampleRate":48000}
AgoraCoreService[4070]: (4070) /var/lib/jenkins/workspace/agora-release-linux-2/ServerSDK-Video/src/video_recorder/event_handler.cpp:1341: level 1: INFO    (22:21: 6:388 |    0)   4085; [rp] {"che.video.keep_prerotation":false}
AgoraCoreService[4070]: (4070) /var/lib/jenkins/workspace/agora-release-linux-2/ServerSDK-Video/src/video_recorder/event_handler.cpp:1341: level 1: INFO    (22:21: 6:388 |    0)   4085; [rp] {"rtc.client_type":3}
AgoraCoreService[4070]: (4070) /var/lib/jenkins/workspace/agora-release-linux-2/ServerSDK-Video/src/video_recorder/event_handler.cpp:1341: level 1: INFO    (22:21: 6:389 |    1)   4085; [rp] {"che.audienceMode":true}
AgoraCoreService[4070]: (4070) /var/lib/jenkins/workspace/agora-release-linux-2/ServerSDK-Video/src/video_recorder/event_handler.cpp:1341: level 1: INFO    (22:21: 6:389 |    0)   4085; [rp] {"che.video.recording":true}
AgoraCoreService[4070]: (4070) /var/lib/jenkins/workspace/agora-release-linux-2/ServerSDK-Video/src/video_recorder/event_handler.cpp:1341: level 1: INFO    (22:21: 6:389 |    0)   4085; [rp] {"che.audio.set_capture_raw_audio_format":{"sampleRate":48000,"channelCnt":1,"mode":1,"samplesPerCall":480}}
AgoraCoreService[4070]: (4070) /var/lib/jenkins/workspace/agora-release-linux-2/ServerSDK-Video/src/video_recorder/event_handler.cpp:1341: level 1: INFO    (22:21: 6:389 |    0)   4085; [rp] {"che.audio.set_render_raw_audio_format":{"sampleRate":48000,"channelCnt":1,"mode":0,"samplesPerCall":480}}
AgoraCoreService[4070]: (4070) /var/lib/jenkins/workspace/agora-release-linux-2/ServerSDK-Video/src/video_recorder/event_handler.cpp:1341: level 1: INFO    (22:21: 6:389 |    0)   4085; [rp] {"rtc.log_file":"/var/www/panic2.greenvoo.us/html/public/Records/20180330/police_14_2_222106/recording_0.log"}
AgoraCoreService[4070]: (4070) /var/lib/jenkins/workspace/agora-release-linux-2/ServerSDK-Video/src/video_recorder/event_handler.cpp:1341: level 1: INFO    (22:21: 6:389 |    0)   4085; [rp] {"rtc.video.mute_me":true,"che.video.local.send":false}
AgoraCoreService[4070]: (4070) /var/lib/jenkins/workspace/agora-release-linux-2/ServerSDK-Video/src/video_recorder/event_handler.cpp:1341: level 1: INFO    (22:21: 6:389 |    0)   4085; [rp] {"rtc.audio.mute_me":true,"che.audio.mute_me":true}
AgoraCoreService[4070]: (4070) /var/lib/jenkins/workspace/agora-release-linux-2/ServerSDK-Video/src/video_recorder/event_handler.cpp:1341: level 1: INFO    (22:21: 6:389 |    0)   4085; [rp] {"rtc.video.set_remote_default_video_stream_type":0}
AgoraCoreService[4070]: (4070) /var/lib/jenkins/workspace/agora-release-linux-2/ServerSDK-Video/src/video_recorder/event_handler.cpp:1341: level 1: INFO    (22:21: 6:389 |    0)   4085; API call to SetRemoteDefaultVideoStreamType: 0
AgoraCoreService[4070]: (4070) /var/lib/jenkins/workspace/agora-release-linux-2/ServerSDK-Video/src/video_recorder/event_handler.cpp:1341: level 1: INFO    (22:21: 6:389 |    0)   4085; [rp] {"che.video.local.camera_index":1024}
AgoraCoreService[4070]: (4070) /var/lib/jenkins/workspace/agora-release-linux-2/ServerSDK-Video/src/video_recorder/event_handler.cpp:1341: level 1: INFO    (22:21: 6:390 |    1)   4085; [rp] {"rtc.video.enabled":true}
AgoraCoreService[4070]: (4070) /var/lib/jenkins/workspace/agora-release-linux-2/ServerSDK-Video/src/video_recorder/event_handler.cpp:1341: level 1: INFO    (22:21: 6:390 |    0)   4085; API call to enable video
AgoraCoreService[4070]: (4070) /var/lib/jenkins/workspace/agora-release-linux-2/ServerSDK-Video/src/video_recorder/event_handler.cpp:1341: level 1: INFO    (22:21: 6:390 |    0)   4085; ***CALL BEGIN: appid:'c7****************************1c' cname:'police_14_2' info:'' sid:'2FDA557F091941C28120BC302EB328F1'
AgoraCoreService[4070]: (4070) /var/lib/jenkins/workspace/agora-release-linux-2/ServerSDK-Video/src/video_recorder/event_handler.cpp:1341: level 1: INFO    (22:21: 6:390 |    0)   4085; addRef of media engine, ref=1
AgoraCoreService[4070]: (4070) /var/lib/jenkins/workspace/agora-release-linux-2/ServerSDK-Video/src/video_recorder/event_handler.cpp:1341: level 1: INFO    (22:21: 6:390 |    0)   4085; [che] create chat engine, ctx:(nil)
AgoraCoreService[4070]: (4070) /var/lib/jenkins/workspace/agora-release-linux-2/ServerSDK-Video/src/video_recorder/event_handler.cpp:1341: level 1: INFO    (22:21: 6:390 |    0)   4085; [MYDEBUG] large group call false
AgoraCoreService[4070]: (4070) /var/lib/jenkins/workspace/agora-release-linux-2/ServerSDK-Video/src/video_recorder/event_handler.cpp:1341: level 1: INFO    (22:21: 6:390 |    0)   4085; ChatEngineParameterHelper::applyMediaEngineMode: 
AgoraCoreService[4070]: (4070) /var/lib/jenkins/workspace/agora-release-linux-2/ServerSDK-Video/src/video_recorder/event_handler.cpp:1341: level 1: INFO    (22:21: 6:390 |    0)   4085; applyMediaEngineMode(): Hardware encoding false Hardware decoding false
AgoraCoreService[4070]: (4070) /var/lib/jenkins/workspace/agora-release-linux-2/ServerSDK-Video/src/video_recorder/event_handler.cpp:1341: level 1: INFO    (22:21: 6:392 |    2)   4087; Thread with name:external_audio_module_thread started 
AgoraCoreService[4070]: (4070) /var/lib/jenkins/workspace/agora-release-linux-2/ServerSDK-Video/src/video_recorder/event_handler.cpp:1341: level 1: INFO    (22:21: 6:392 |    0)   4088; Thread with name:WebRtc_event_timer_thread started 
AgoraCoreService[4070]: (4070) /var/lib/jenkins/workspace/agora-release-linux-2/ServerSDK-Video/src/video_recorder/event_handler.cpp:1341: level 1: INFO    (22:21: 6:392 |    0)   4085; StereoPlayoutIsAvailable(), output: available=0
AgoraCoreService[4070]: (4070) /var/lib/jenkins/workspace/agora-release-linux-2/ServerSDK-Video/src/video_recorder/event_handler.cpp:1341: level 1: INFO    (22:21: 6:392 |    0)   4085; StereoRecordingIsAvailable(), output: available=0
AgoraCoreService[4070]: (4070) /var/lib/jenkins/workspace/agora-release-linux-2/ServerSDK-Video/src/video_recorder/event_handler.cpp:1341: level 1: INFO    (22:21: 6:392 |    0)   4089; Thread with name:EngineMonitorThread started 
AgoraCoreService[4070]: (4070) /var/lib/jenkins/workspace/agora-release-linux-2/ServerSDK-Video/src/video_recorder/event_handler.cpp:1341: level 1: INFO    (22:21: 6:393 |    1)   4085; setMuteStatus, muted: On
AgoraCoreService[4070]: (4070) /var/lib/jenkins/workspace/agora-release-linux-2/ServerSDK-Video/src/video_recorder/event_handler.cpp:1341: level 1: INFO    (22:21: 6:393 |    0)   4085; setMuteOutput, muted: false
AgoraCoreService[4070]: (4070) /var/lib/jenkins/workspace/agora-release-linux-2/ServerSDK-Video/src/video_recorder/event_handler.cpp:1341: level 2: WARN    (22:21: 6:393 |    0)   4085; setMicSensitivity failed, legal values are between [0, 10]
AgoraCoreService[4070]: (4070) /var/lib/jenkins/workspace/agora-release-linux-2/ServerSDK-Video/src/video_recorder/event_handler.cpp:1341: level 1: INFO    (22:21: 6:393 |    0)   4085; Audio Engine Init success
AgoraCoreService[4070]: (4070) /var/lib/jenkins/workspace/agora-release-linux-2/ServerSDK-Video/src/video_recorder/event_handler.cpp:1341: level 1: INFO    (22:21: 6:393 |    0)   4085; Available number of cores:1
AgoraCoreService[4070]: (4070) /var/lib/jenkins/workspace/agora-release-linux-2/ServerSDK-Video/src/video_recorder/event_handler.cpp:1341: level 1: INFO    (22:21: 6:393 |    0)   4085; CreateVideoSendTrack
AgoraCoreService[4070]: (4070) /var/lib/jenkins/workspace/agora-release-linux-2/ServerSDK-Video/src/video_recorder/event_handler.cpp:1341: level 1: INFO    (22:21: 6:394 |    1)   4085; init: feature prerotation disabled
AgoraCoreService[4070]: (4070) /var/lib/jenkins/workspace/agora-release-linux-2/ServerSDK-Video/src/video_recorder/event_handler.cpp:1341: level 1: INFO    (22:21: 6:394 |    0)   4085; Agora Engine video codec set to custom mode role mode 0
AgoraCoreService[4070]: (4070) /var/lib/jenkins/workspace/agora-release-linux-2/ServerSDK-Video/src/video_recorder/event_handler.cpp:1341: level 1: INFO    (22:21: 6:394 |    0)   4085; Agora Engine video codec index 1
AgoraCoreService[4070]: (4070) /var/lib/jenkins/workspace/agora-release-linux-2/ServerSDK-Video/src/video_recorder/event_handler.cpp:1341: level 1: INFO    (22:21: 6:394 |    0)   4085; Agora Engine video stream type = 0
AgoraCoreService[4070]: (4070) /var/lib/jenkins/workspace/agora-release-linux-2/ServerSDK-Video/src/video_recorder/event_handler.cpp:1341: level 1: INFO    (22:21: 6:394 |    0)   4090; Thread with name:VideoEncodeThread started 
AgoraCoreService[4070]: (4070) /var/lib/jenkins/workspace/agora-release-linux-2/ServerSDK-Video/src/video_recorder/event_handler.cpp:1341: level 1: INFO    (22:21: 6:394 |    0)   4085; EncoderWrapper::Create hardware_ = 0, hardware_low_ = 0
AgoraCoreService[4070]: (4070) /var/lib/jenkins/workspace/agora-release-linux-2/ServerSDK-Video/src/video_recorder/event_handler.cpp:1341: level 1: INFO    (22:21: 6:394 |    0)   4091; Thread with name:VideoProcessThread started 
AgoraCoreService[4070]: (4070) /var/lib/jenkins/workspace/agora-release-linux-2/ServerSDK-Video/src/video_recorder/event_handler.cpp:1341: level 1: INFO    (22:21: 6:394 |    0)   4085; setCodec: index=1 width=640 height=360 framerate=15
AgoraCoreService[4070]: (4070) /var/lib/jenkins/workspace/agora-release-linux-2/ServerSDK-Video/src/video_recorder/event_handler.cpp:1341: level 1: INFO    (22:21: 6:395 |    1)   4085; h264WebInteropEnable: enable 0
AgoraCoreService[4070]: (4070) /var/lib/jenkins/workspace/agora-release-linux-2/ServerSDK-Video/src/video_recorder/event_handler.cpp:1341: level 1: INFO    (22:21: 6:395 |    0)   4085; setCaptureDevice: index=1024
AgoraCoreService[4070]: (4070) /var/lib/jenkins/workspace/agora-release-linux-2/ServerSDK-Video/src/video_recorder/event_handler.cpp:1341: level 1: INFO    (22:21: 6:395 |    0)   4085; setMaxVideoBitrate: max bitrate=0
AgoraCoreService[4070]: (4070) /var/lib/jenkins/workspace/agora-release-linux-2/ServerSDK-Video/src/video_recorder/event_handler.cpp:1341: level 1: INFO    (22:21: 6:395 |    0)   4085; more fec enable 0 curr fec method 0
AgoraCoreService[4070]: (4070) /var/lib/jenkins/workspace/agora-release-linux-2/ServerSDK-Video/src/video_recorder/event_handler.cpp:1341: level 1: INFO    (22:21: 6:395 |    0)   4085; video fec method 0
AgoraCoreService[4070]: (4070) /var/lib/jenkins/workspace/agora-release-linux-2/ServerSDK-Video/src/video_recorder/event_handler.cpp:1341: level 4: ERROR   (22:21: 6:395 |    0)   4085; videoEngine created and initialize here
AgoraCoreService[4070]: (4070) /var/lib/jenkins/workspace/agora-release-linux-2/ServerSDK-Video/src/video_recorder/event_handler.cpp:1341: level 1: INFO    (22:21: 6:395 |    0)   4085; CreateVideoSendTrack
AgoraCoreService[4070]: (4070) /var/lib/jenkins/workspace/agora-release-linux-2/ServerSDK-Video/src/video_recorder/event_handler.cpp:1341: level 1: INFO    (22:21: 6:395 |    0)   4085; [MIO] updateCapturer: ((nil)), type:(1)
AgoraCoreService[4070]: (4070) /var/lib/jenkins/workspace/agora-release-linux-2/ServerSDK-Video/src/video_recorder/event_handler.cpp:1341: level 1: INFO    (22:21: 6:395 |    0)   4085; CreateAgoraDefaultCapture: type=0
AgoraCoreService[4070]: (4070) /var/lib/jenkins/workspace/agora-release-linux-2/ServerSDK-Video/src/video_recorder/event_handler.cpp:1341: level 1: INFO    (22:21: 6:395 |    0)   4085; CreateVideoCapturer: interface=0x7f0c70172af0
AgoraCoreService[4070]: (4070) /var/lib/jenkins/workspace/agora-release-linux-2/ServerSDK-Video/src/video_recorder/event_handler.cpp:1341: level 1: INFO    (22:21: 6:395 |    0)   4085; VideoSendTrackImpl::UpdateCapturer capturer=0x7f0c701d4c10
AgoraCoreService[4070]: (4070) /var/lib/jenkins/workspace/agora-release-linux-2/ServerSDK-Video/src/video_recorder/event_handler.cpp:1341: level 1: INFO    (22:21: 6:395 |    0)   4085; [MIO] updateLocalRender: ((nil)), type:(1)
AgoraCoreService[4070]: (4070) /var/lib/jenkins/workspace/agora-release-linux-2/ServerSDK-Video/src/video_recorder/event_handler.cpp:1341: level 1: INFO    (22:21: 6:395 |    0)   4085; CreateAgoraDefaultRender
AgoraCoreService[4070]: (4070) /var/lib/jenkins/workspace/agora-release-linux-2/ServerSDK-Video/src/video_recorder/event_handler.cpp:1341: level 1: INFO    (22:21: 6:395 |    0)   4085; CreateVideoRenderer: interface=0x7f0c701d5090
AgoraCoreService[4070]: (4070) /var/lib/jenkins/workspace/agora-release-linux-2/ServerSDK-Video/src/video_recorder/event_handler.cpp:1341: level 1: INFO    (22:21: 6:395 |    0)   4085; VideoSendTrackImpl::UpdateRenderer, renderer=0x7f0c701d50d0
AgoraCoreService[4070]: (4070) /var/lib/jenkins/workspace/agora-release-linux-2/ServerSDK-Video/src/video_recorder/event_handler.cpp:1341: level 1: INFO    (22:21: 6:396 |    1)   4085; [MIO] video send track prepared !!
AgoraCoreService[4070]: (4070) /var/lib/jenkins/workspace/agora-release-linux-2/ServerSDK-Video/src/video_recorder/event_handler.cpp:1341: level 1: INFO    (22:21: 6:396 |    0)   4085; [che] applyVideoProfile: 640x360 15 fps 500 kbps
AgoraCoreService[4070]: (4070) /var/lib/jenkins/workspace/agora-release-linux-2/ServerSDK-Video/src/video_recorder/event_handler.cpp:1341: level 1: INFO    (22:21: 6:396 |    0)   4085; validateVideoParameters: validate video parameters resolution 640x360, fps 15, rate 500000
AgoraCoreService[4070]: (4070) /var/lib/jenkins/workspace/agora-release-linux-2/ServerSDK-Video/src/video_recorder/event_handler.cpp:1341: level 1: INFO    (22:21: 6:396 |    0)   4085; setMaxVideoBitrate: max bitrate=500000
AgoraCoreService[4070]: (4070) /var/lib/jenkins/workspace/agora-release-linux-2/ServerSDK-Video/src/video_recorder/event_handler.cpp:1341: level 1: INFO    (22:21: 6:396 |    0)   4085; setCodecRates: set frame rate to 15
AgoraCoreService[4070]: (4070) /var/lib/jenkins/workspace/agora-release-linux-2/ServerSDK-Video/src/video_recorder/event_handler.cpp:1341: level 1: INFO    (22:21: 6:396 |    0)   4085; setCodec: index=1 width=640 height=360 framerate=15
AgoraCoreService[4070]: (4070) /var/lib/jenkins/workspace/agora-release-linux-2/ServerSDK-Video/src/video_recorder/event_handler.cpp:1341: level 1: INFO    (22:21: 6:396 |    0)   4085; setCodecResolution: set to 640 x 360
AgoraCoreService[4070]: (4070) /var/lib/jenkins/workspace/agora-release-linux-2/ServerSDK-Video/src/video_recorder/event_handler.cpp:1341: level 1: INFO    (22:21: 6:396 |    0)   4085; [che] chat engine initialized
AgoraCoreService[4070]: (4070) /var/lib/jenkins/workspace/agora-release-linux-2/ServerSDK-Video/src/video_recorder/event_handler.cpp:1341: level 1: INFO    (22:21: 6:397 |    1)   4085; [vocs] vocs initialized
AgoraCoreService[4070]: (4070) /var/lib/jenkins/workspace/agora-release-linux-2/ServerSDK-Video/src/video_recorder/event_handler.cpp:1341: level 1: INFO    (22:21: 6:397 |    0)   4085; [rs] report server ip: 221.228.78.123:8000
AgoraCoreService[4070]: (4070) /var/lib/jenkins/workspace/agora-release-linux-2/ServerSDK-Video/src/video_recorder/event_handler.cpp:1341: level 1: INFO    (22:21: 6:397 |    0)   4085; [rlbs] selected: 221.228.78.123:9700
AgoraCoreService[4070]: (4070) /var/lib/jenkins/workspace/agora-release-linux-2/ServerSDK-Video/src/video_recorder/event_handler.cpp:1341: level 1: INFO    (22:21: 6:397 |    0)   4085; [rlbs] request rs list from 221.228.78.123:9700.......
AgoraCoreService[4070]: (4070) /var/lib/jenkins/workspace/agora-release-linux-2/ServerSDK-Video/src/video_recorder/event_handler.cpp:1341: level 1: INFO    (22:21: 6:398 |    1)   4085; CacheManager: save cache to storage elapsed 0
AgoraCoreService[4070]: (4070) /var/lib/jenkins/workspace/agora-release-linux-2/ServerSDK-Video/src/video_recorder/event_handler.cpp:1341: level 1: INFO    (22:21: 6:398 |    0)   4085; [cm] emit join channel signal, size=2
AgoraCoreService[4070]: (4070) /var/lib/jenkins/workspace/agora-release-linux-2/ServerSDK-Video/src/video_recorder/event_handler.cpp:1341: level 1: INFO    (22:21: 6:398 |    0)   4085; CacheManager: save cache to storage elapsed 0
AgoraCoreService[4070]: (4070) /var/lib/jenkins/workspace/agora-release-linux-2/ServerSDK-Video/src/video_recorder/event_handler.cpp:1341: level 1: INFO    (22:21: 6:398 |    0)   4085; [vocs] lookup channel...
AgoraCoreService[4070]: (4070) /var/lib/jenkins/workspace/agora-release-linux-2/ServerSDK-Video/src/video_recorder/event_handler.cpp:1341: level 1: INFO    (22:21: 6:399 |    1)   4085; [vocs] selected: 221.228.202.134:8000
AgoraCoreService[4070]: (4070) /var/lib/jenkins/workspace/agora-release-linux-2/ServerSDK-Video/src/video_recorder/event_handler.cpp:1341: level 1: INFO    (22:21: 6:399 |    0)   4085; connecting to 221.228.202.134:8000 handle 7020fdc0, 28
AgoraCoreService[4070]: (4070) /var/lib/jenkins/workspace/agora-release-linux-2/ServerSDK-Video/src/video_recorder/event_handler.cpp:1341: level 1: INFO    (22:21: 6:399 |    0)   4085; [vocs] creating channel with 221.228.202.134:8000, ts 1522448466399.......
AgoraCoreService[4070]: (4070) /var/lib/jenkins/workspace/agora-release-linux-2/ServerSDK-Video/src/video_recorder/event_handler.cpp:1341: level 1: INFO    (22:21: 6:399 |    0)   4085; [vocs] selected: 69.28.51.138:8000
AgoraCoreService[4070]: (4070) /var/lib/jenkins/workspace/agora-release-linux-2/ServerSDK-Video/src/video_recorder/event_handler.cpp:1341: level 1: INFO    (22:21: 6:399 |    0)   4085; [vocs] creating channel with 69.28.51.138:8000, ts 1522448466399.......
AgoraCoreService[4070]: (4070) /var/lib/jenkins/workspace/agora-release-linux-2/ServerSDK-Video/src/video_recorder/event_handler.cpp:1341: level 1: INFO    (22:21: 6:399 |    0)   4085; [vocs] selected: 183.236.26.162:8000
AgoraCoreService[4070]: (4070) /var/lib/jenkins/workspace/agora-release-linux-2/ServerSDK-Video/src/video_recorder/event_handler.cpp:1341: level 1: INFO    (22:21: 6:399 |    0)   4085; [vocs] creating channel with 183.236.26.162:8000, ts 1522448466399.......
AgoraCoreService[4070]: (4070) /var/lib/jenkins/workspace/agora-release-linux-2/ServerSDK-Video/src/video_recorder/event_handler.cpp:1341: level 1: INFO    (22:21: 6:399 |    0)   4085; [rp] {"che.audio.audioSampleRate":48000}
AgoraCoreService[4070]: (4070) /var/lib/jenkins/workspace/agora-release-linux-2/ServerSDK-Video/src/video_recorder/event_handler.cpp:1341: level 1: INFO    (22:21: 6:400 |    1)   4085; [dns] parsed ip 128.1.87.146
AgoraCoreService[4070]: (4070) /var/lib/jenkins/workspace/agora-release-linux-2/ServerSDK-Video/src/video_recorder/event_handler.cpp:1341: level 1: INFO    (22:21: 6:400 |    0)   4085; [dns] parsed ip 69.28.51.138
AgoraCoreService[4070]: (4070) /var/lib/jenkins/workspace/agora-release-linux-2/ServerSDK-Video/src/video_recorder/event_handler.cpp:1341: level 1: INFO    (22:21: 6:400 |    0)   4085; [dns] parsed ip 119.9.92.49
AgoraCoreService[4070]: (4070) /var/lib/jenkins/workspace/agora-release-linux-2/ServerSDK-Video/src/video_recorder/event_handler.cpp:1341: level 1: INFO    (22:21: 6:400 |    0)   4085; [dns] parsed ip 199.190.44.35
AgoraCoreService[4070]: (4070) /var/lib/jenkins/workspace/agora-release-linux-2/ServerSDK-Video/src/video_recorder/event_handler.cpp:1341: level 1: INFO    (22:21: 6:400 |    0)   4085; [dns] parsed ip 199.190.44.36
AgoraCoreService[4070]: (4070) /var/lib/jenkins/workspace/agora-release-linux-2/ServerSDK-Video/src/video_recorder/event_handler.cpp:1341: level 1: INFO    (22:21: 6:400 |    0)   4085; [rs] dns parse result code: 0, servers size: 1
AgoraCoreService[4070]: (4070) /var/lib/jenkins/workspace/agora-release-linux-2/ServerSDK-Video/src/video_recorder/event_handler.cpp:1341: level 1: INFO    (22:21: 6:400 |    0)   4085; [rs] dns parse and selected server: 223.111.12.227
AgoraCoreService[4070]: (4070) /var/lib/jenkins/workspace/agora-release-linux-2/ServerSDK-Video/src/video_recorder/event_handler.cpp:1341: level 1: INFO    (22:21: 6:558 |  158)   4085; [vocs/u] **responsed from 69.28.51.138:8000, 3 vos, elapsed 170, server ts 1522448465958, wan ip 139.59.134.76
AgoraCoreService[4070]: (4070) /var/lib/jenkins/workspace/agora-release-linux-2/ServerSDK-Video/src/video_recorder/event_handler.cpp:1341: level 1: INFO    (22:21: 6:558 |    0)   4085; [vos] added server: 23.236.96.140:4009
AgoraCoreService[4070]: (4070) /var/lib/jenkins/workspace/agora-release-linux-2/ServerSDK-Video/src/video_recorder/event_handler.cpp:1341: level 1: INFO    (22:21: 6:558 |    0)   4085; [vos] added server: 128.1.77.36:4002
AgoraCoreService[4070]: (4070) /var/lib/jenkins/workspace/agora-release-linux-2/ServerSDK-Video/src/video_recorder/event_handler.cpp:1341: level 1: INFO    (22:21: 6:558 |    0)   4085; [vos] added server: 128.1.78.114:4001
AgoraCoreService[4070]: (4070) /var/lib/jenkins/workspace/agora-release-linux-2/ServerSDK-Video/src/video_recorder/event_handler.cpp:1341: level 1: INFO    (22:21: 6:559 |    1)   4085; [ch0] vos initialized
AgoraCoreService[4070]: (4070) /var/lib/jenkins/workspace/agora-release-linux-2/ServerSDK-Video/src/video_recorder/event_handler.cpp:1341: level 1: INFO    (22:21: 6:559 |    0)   4085; [vos] selected: 128.1.78.114:4001
AgoraCoreService[4070]: (4070) /var/lib/jenkins/workspace/agora-release-linux-2/ServerSDK-Video/src/video_recorder/event_handler.cpp:1341: level 4: ERROR   (22:21: 6:559 |    0)   4085; [ch0] login strategy=2
AgoraCoreService[4070]: (4070) /var/lib/jenkins/workspace/agora-release-linux-2/ServerSDK-Video/src/video_recorder/event_handler.cpp:1341: level 1: INFO    (22:21: 6:559 |    0)   4085; [ds]: ver 1 ds '{"streamType":5}'
AgoraCoreService[4070]: (4070) /var/lib/jenkins/workspace/agora-release-linux-2/ServerSDK-Video/src/video_recorder/event_handler.cpp:1341: level 1: INFO    (22:21: 6:559 |    0)   4085; [ch0] Login VOS (proto:10, cid:2972372599, uid:963363733, ts:1522448466559, ticket size:84 ds:1 stream:+A+VH) 2: 128.1.78.114:4001
AgoraCoreService[4070]: (4070) /var/lib/jenkins/workspace/agora-release-linux-2/ServerSDK-Video/src/video_recorder/event_handler.cpp:1341: level 1: INFO    (22:21: 6:559 |    0)   4085; add ping address 139.59.134.76
AgoraCoreService[4070]: (4070) /var/lib/jenkins/workspace/agora-release-linux-2/ServerSDK-Video/src/video_recorder/event_handler.cpp:1341: level 1: INFO    (22:21: 6:559 |    0)   4085; PING 139.59.134.76:0 16(44) bytes of data
AgoraCoreService[4070]: (4070) /var/lib/jenkins/workspace/agora-release-linux-2/ServerSDK-Video/src/video_recorder/event_handler.cpp:1341: level 1: INFO    (22:21: 6:570 |   11)   4085; [ch0] **VOS response to login request (res 0 elapsed 182, server ts 1522448466041, s-c:-529) from 128.1.78.114:4001, and current dest server 128.1.78.114:4001
AgoraCoreService[4070]: (4070) /var/lib/jenkins/workspace/agora-release-linux-2/ServerSDK-Video/src/video_recorder/event_handler.cpp:1341: level 1: INFO    (22:21: 6:570 |    0)   4085; updateActiveVosList: ["128.1.78.114:4001"]
AgoraCoreService[4070]: (4070) /var/lib/jenkins/workspace/agora-release-linux-2/ServerSDK-Video/src/video_recorder/event_handler.cpp:1341: level 1: INFO    (22:21: 6:570 |    0)   4085; [che] start call begins
AgoraCoreService[4070]: (4070) /var/lib/jenkins/workspace/agora-release-linux-2/ServerSDK-Video/src/video_recorder/event_handler.cpp:1341: level 1: INFO    (22:21: 6:570 |    0)   4085; Set Application Mode in RTC Engine to No. 0
AgoraCoreService[4070]: (4070) /var/lib/jenkins/workspace/agora-release-linux-2/ServerSDK-Video/src/video_recorder/event_handler.cpp:1341: level 4: ERROR   (22:21: 6:570 |    0)   4085; GetCodec() invalid index (error=8004)
AgoraCoreService[4070]: (4070) /var/lib/jenkins/workspace/agora-release-linux-2/ServerSDK-Video/src/video_recorder/event_handler.cpp:1341: level 1: INFO    (22:21: 6:570 |    0)   4085; SetCodec by type : No. 85
AgoraCoreService[4070]: (4070) /var/lib/jenkins/workspace/agora-release-linux-2/ServerSDK-Video/src/video_recorder/event_handler.cpp:1341: level 1: INFO    (22:21: 6:573 |    3)   4085; StartPlayout complete
AgoraCoreService[4070]: (4070) /var/lib/jenkins/workspace/agora-release-linux-2/ServerSDK-Video/src/video_recorder/event_handler.cpp:1341: level 1: INFO    (22:21: 6:573 |    0)   4085; output: kDummyAudio
AgoraCoreService[4070]: (4070) /var/lib/jenkins/workspace/agora-release-linux-2/ServerSDK-Video/src/video_recorder/event_handler.cpp:1341: level 1: INFO    (22:21: 6:582 |    9)   4085; StartRecording complete
AgoraCoreService[4070]: (4070) /var/lib/jenkins/workspace/agora-release-linux-2/ServerSDK-Video/src/video_recorder/event_handler.cpp:1341: level 4: ERROR   (22:21: 6:582 |    0)   4085; SetAgcConfig() failed to set the range in |gain| the digital compression stage may apply (error=8097)
AgoraCoreService[4070]: (4070) /var/lib/jenkins/workspace/agora-release-linux-2/ServerSDK-Video/src/video_recorder/event_handler.cpp:1341: level 1: INFO    (22:21: 6:582 |    0)   4085; SetHowlingControl enable = 0
AgoraCoreService[4070]: (4070) /var/lib/jenkins/workspace/agora-release-linux-2/ServerSDK-Video/src/video_recorder/event_handler.cpp:1341: level 1: INFO    (22:21: 6:583 |    1)   4085; Application Config module:  Route 0, NS on, AEC N, AGC on, BSS off, HC on
AgoraCoreService[4070]: (4070) /var/lib/jenkins/workspace/agora-release-linux-2/ServerSDK-Video/src/video_recorder/event_handler.cpp:1341: level 1: INFO    (22:21: 6:583 |    0)   4085; MID = 0, Routing = 0
AgoraCoreService[4070]: (4070) /var/lib/jenkins/workspace/agora-release-linux-2/ServerSDK-Video/src/video_recorder/event_handler.cpp:1341: level 1: INFO    (22:21: 6:583 |    0)   4085; [che] applyVideoProfile: 640x360 15 fps 500 kbps
AgoraCoreService[4070]: (4070) /var/lib/jenkins/workspace/agora-release-linux-2/ServerSDK-Video/src/video_recorder/event_handler.cpp:1341: level 1: INFO    (22:21: 6:583 |    0)   4085; validateVideoParameters: validate video parameters resolution 640x360, fps 15, rate 500000
AgoraCoreService[4070]: (4070) /var/lib/jenkins/workspace/agora-release-linux-2/ServerSDK-Video/src/video_recorder/event_handler.cpp:1341: level 1: INFO    (22:21: 6:583 |    0)   4085; setMaxVideoBitrate: max bitrate=500000
AgoraCoreService[4070]: (4070) /var/lib/jenkins/workspace/agora-release-linux-2/ServerSDK-Video/src/video_recorder/event_handler.cpp:1341: level 1: INFO    (22:21: 6:583 |    0)   4085; setCodecRates: set frame rate to 15
AgoraCoreService[4070]: (4070) /var/lib/jenkins/workspace/agora-release-linux-2/ServerSDK-Video/src/video_recorder/event_handler.cpp:1341: level 1: INFO    (22:21: 6:583 |    0)   4085; setCodec: index=1 width=640 height=360 framerate=15
AgoraCoreService[4070]: (4070) /var/lib/jenkins/workspace/agora-release-linux-2/ServerSDK-Video/src/video_recorder/event_handler.cpp:1341: level 1: INFO    (22:21: 6:583 |    0)   4085; setCodecResolution: set to 640 x 360
AgoraCoreService[4070]: (4070) /var/lib/jenkins/workspace/agora-release-linux-2/ServerSDK-Video/src/video_recorder/event_handler.cpp:1341: level 1: INFO    (22:21: 6:583 |    0)   4085; CreateVideoCapturer: interface=0x7f0c70172c90
AgoraCoreService[4070]: (4070) /var/lib/jenkins/workspace/agora-release-linux-2/ServerSDK-Video/src/video_recorder/event_handler.cpp:1341: level 1: INFO    (22:21: 6:583 |    0)   4085; VideoSendTrackImpl::UpdateCapturer capturer=0x7f0c7021f9c0
AgoraCoreService[4070]: (4070) /var/lib/jenkins/workspace/agora-release-linux-2/ServerSDK-Video/src/video_recorder/event_handler.cpp:1341: level 1: INFO    (22:21: 6:583 |    0)   4085; Create participant 0
AgoraCoreService[4070]: (4070) /var/lib/jenkins/workspace/agora-release-linux-2/ServerSDK-Video/src/video_recorder/event_handler.cpp:1341: level 1: INFO    (22:21: 6:583 |    0)   4085; startCapture: device? 1024 init? 1 local enabled? 1 capturing? 0 rendering? 0
AgoraCoreService[4070]: (4070) /var/lib/jenkins/workspace/agora-release-linux-2/ServerSDK-Video/src/video_recorder/event_handler.cpp:1341: level 1: INFO    (22:21: 6:584 |    1)   4085; startCapture: Receive Only Mode, capture still on. Encode will be turned off
AgoraCoreService[4070]: (4070) /var/lib/jenkins/workspace/agora-release-linux-2/ServerSDK-Video/src/video_recorder/event_handler.cpp:1341: level 1: INFO    (22:21: 6:584 |    0)   4085; AgoraVideoInput::Init thread=1, type=100, device=External Device
AgoraCoreService[4070]: (4070) /var/lib/jenkins/workspace/agora-release-linux-2/ServerSDK-Video/src/video_recorder/event_handler.cpp:1341: level 1: INFO    (22:21: 6:584 |    0)   4092; Thread with name:AgoraInputThread started 
AgoraCoreService[4070]: (4070) /var/lib/jenkins/workspace/agora-release-linux-2/ServerSDK-Video/src/video_recorder/event_handler.cpp:1341: level 1: INFO    (22:21: 6:584 |    0)   4093; Thread with name:ExternalCaptureThread started 
AgoraCoreService[4070]: (4070) /var/lib/jenkins/workspace/agora-release-linux-2/ServerSDK-Video/src/video_recorder/event_handler.cpp:1341: level 1: INFO    (22:21: 6:584 |    0)   4085; setCodec: index=1 width=640 height=360 framerate=15
AgoraCoreService[4070]: (4070) /var/lib/jenkins/workspace/agora-release-linux-2/ServerSDK-Video/src/video_recorder/event_handler.cpp:1341: level 1: INFO    (22:21: 6:584 |    0)   4085; setMaxVideoBitrate: max bitrate=500000
AgoraCoreService[4070]: (4070) /var/lib/jenkins/workspace/agora-release-linux-2/ServerSDK-Video/src/video_recorder/event_handler.cpp:1341: level 1: INFO    (22:21: 6:584 |    0)   4085; AgoraVideoInput::Start width=640, height=360, fps=15
AgoraCoreService[4070]: (4070) /var/lib/jenkins/workspace/agora-release-linux-2/ServerSDK-Video/src/video_recorder/event_handler.cpp:1341: level 1: INFO    (22:21: 6:584 |    0)   4094; Thread with name:WebRtc_event_timer_thread started 
AgoraCoreService[4070]: (4070) /var/lib/jenkins/workspace/agora-release-linux-2/ServerSDK-Video/src/video_recorder/event_handler.cpp:1341: level 1: INFO    (22:21: 6:584 |    0)   4085; startCapture: startCapture success
AgoraCoreService[4070]: (4070) /var/lib/jenkins/workspace/agora-release-linux-2/ServerSDK-Video/src/video_recorder/event_handler.cpp:1341: level 1: INFO    (22:21: 6:584 |    0)   4085; RequestEncodeKeyFrame
AgoraCoreService[4070]: (4070) /var/lib/jenkins/workspace/agora-release-linux-2/ServerSDK-Video/src/video_recorder/event_handler.cpp:1341: level 1: INFO    (22:21: 6:584 |    0)   4085; doStartLocalRender: init? 1 capture id -1 device 1024 capturing? 1 rendering? 0
AgoraCoreService[4070]: (4070) /var/lib/jenkins/workspace/agora-release-linux-2/ServerSDK-Video/src/video_recorder/event_handler.cpp:1341: level 1: INFO    (22:21: 6:584 |    0)   4085; doStartLocalRender: Receive Only Mode, local renderer still on.
AgoraCoreService[4070]: (4070) /var/lib/jenkins/workspace/agora-release-linux-2/ServerSDK-Video/src/video_recorder/event_handler.cpp:1341: level 1: INFO    (22:21: 6:585 |    1)   4085; doStartLocalRender: init? 1 capture id -1 device 1024 capturing? 1 rendering? 0
AgoraCoreService[4070]: (4070) /var/lib/jenkins/workspace/agora-release-linux-2/ServerSDK-Video/src/video_recorder/event_handler.cpp:1341: level 1: INFO    (22:21: 6:585 |    0)   4085; doStartLocalRender: Receive Only Mode, local renderer still on.
AgoraCoreService[4070]: (4070) /var/lib/jenkins/workspace/agora-release-linux-2/ServerSDK-Video/src/video_recorder/event_handler.cpp:1341: level 1: INFO    (22:21: 6:585 |    0)   4085; [che] start call returns 0, elapsed 14
AgoraCoreService[4070]: (4070) /var/lib/jenkins/workspace/agora-release-linux-2/ServerSDK-Video/src/video_recorder/event_handler.cpp:1341: level 1: INFO    (22:21: 6:585 |    0)   4085; Setting dtx mode to 2
AgoraCoreService[4070]: (4070) /var/lib/jenkins/workspace/agora-release-linux-2/ServerSDK-Video/src/video_recorder/event_handler.cpp:1341: level 1: INFO    (22:21: 6:585 |    0)   4085; setNetEQMinimumPlayoutDelay delay(100)
AgoraCoreService[4070]: (4070) /var/lib/jenkins/workspace/agora-release-linux-2/ServerSDK-Video/src/video_recorder/event_handler.cpp:1341: level 1: INFO    (22:21: 6:585 |    0)   4085; join channel success: cname 'police_14_2' uid 963363733 elapsed 197
AgoraCoreService[4070]: (4070) /var/lib/jenkins/workspace/agora-release-linux-2/ServerSDK-Video/src/video_recorder/event_handler.cpp:1054: Channel counters: mix mode:0 , min port:-1 , max port:-1 ,decode audio:0 , decode_video:0 , is live:0 , idle:300 , is audio only:0 ,syslog facility:8 , mix mode height:360 , mix mode width:640 , mix mode fps:15 , mix mode kbps:500 , mix av:0, streamType:0, triggerMode:0, lang:0
AgoraCoreService[4070]: (4070) /var/lib/jenkins/workspace/agora-release-linux-2/ServerSDK-Video/src/video_recorder/event_handler.cpp:1341: level 1: INFO    (22:21: 6:585 |    0)   4086; Channel counters: mix mode:0 , min port:-1 , max port:-1 ,decode audio:0 , decode_video:0 , is live:0 , idle:300 , is audio only:0 ,syslog facility:8 , mix mode height:360 , mix mode width:640 , mix mode fps:15 , mi
AgoraCoreService[4070]: (4070) /var/lib/jenkins/workspace/agora-release-linux-2/ServerSDK-Video/src/video_recorder/event_handler.cpp:1128: User 963363733 join channel police_14_2 success, elapsed: 197 ms
AgoraCoreService[4070]: (4070) /var/lib/jenkins/workspace/agora-release-linux-2/ServerSDK-Video/src/video_recorder/event_handler.cpp:1341: level 1: INFO    (22:21: 6:585 |    0)   4086; User 963363733 join channel police_14_2 success, elapsed: 197 ms
AgoraCoreService[4070]: (4070) /var/lib/jenkins/workspace/agora-release-linux-2/ServerSDK-Video/src/video_recorder/event_handler.cpp:1341: level 1: INFO    (22:21: 6:586 |    1)   4085; CacheManager: save cache to storage elapsed 1
AgoraCoreService[4070]: (4070) /var/lib/jenkins/workspace/agora-release-linux-2/ServerSDK-Video/src/video_recorder/event_handler.cpp:1341: level 1: INFO    (22:21: 6:590 |    4)   4085; [ch0] rtt: 4
AgoraCoreService[4070]: (4070) /var/lib/jenkins/workspace/agora-release-linux-2/ServerSDK-Video/src/video_recorder/event_handler.cpp:1341: level 1: INFO    (22:21: 6:619 |   29)   4085; [rlbs/u] responsed from 221.228.78.123:9700 with servers 128.1.78.91:8000
AgoraCoreService[4070]: (4070) /var/lib/jenkins/workspace/agora-release-linux-2/ServerSDK-Video/src/video_recorder/event_handler.cpp:1341: level 1: INFO    (22:21: 6:651 |   32)   4092; [che] onVideoSizeChanged: uid 0 640x360 rotate 0
AgoraCoreService[4070]: (4070) /var/lib/jenkins/workspace/agora-release-linux-2/ServerSDK-Video/src/video_recorder/event_handler.cpp:1341: level 1: INFO    (22:21: 8:570 |    0)   4085; notifyPeerCount: cnt 0
AgoraCoreService[4070]: (4070) /var/lib/jenkins/workspace/agora-release-linux-2/ServerSDK-Video/src/video_recorder/event_handler.cpp:1341: level 1: INFO    (22:21:11:388 |    0)   4085; [rs] **report stats: seq: 10, report list size 10, tx/rx: 2038/480, cache size: 0, report success rate: -1
AgoraCoreService[4070]: (4070) /var/lib/jenkins/workspace/agora-release-linux-2/ServerSDK-Video/src/video_recorder/event_handler.cpp:1341: level 1: INFO    (22:21:12:582 |  194)   4087; Audio statistics - play count: playout count = 200  signal level: far_in = 0
recorder_local[4069]: (4069) /var/lib/jenkins/workspace/agora-release-linux-2/ServerSDK-Video/src/rec_engine/RecordingEngineImpl.cpp:502: [Wrapper] channel id: police_14_2 packet stats, total: 0, callback_->AudioFrameReceived: pcmPackets: 0, pcmTotalPackets: 0, aacPackets: 0, yuvF2Packets: 0, h264F2Packets: 0, errPackets: 0, otherPackets: 0
AgoraCoreService[4070]: (4070) /var/lib/jenkins/workspace/agora-release-linux-2/ServerSDK-Video/src/video_recorder/event_handler.cpp:907: [ARS/15s]event cnts:0, audio pkts:0, mix audio pkts:0, yuv video pkts:0, h264 video pkts:0
AgoraCoreService[4070]: (4070) /var/lib/jenkins/workspace/agora-release-linux-2/ServerSDK-Video/src/video_recorder/event_handler.cpp:1341: level 1: INFO    (22:21:21:401 |    0)   4070; [ARS/15s]event cnts:0, audio pkts:0, mix audio pkts:0, yuv video pkts:0, h264 video pkts:0
recorder_local[4069]: (4069) /var/lib/jenkins/workspace/agora-release-linux-2/ServerSDK-Video/src/rec_engine/RecordingEngineImpl.cpp:502: [Wrapper] channel id: police_14_2 packet stats, total: 0, callback_->AudioFrameReceived: pcmPackets: 0, pcmTotalPackets: 0, aacPackets: 0, yuvF2Packets: 0, h264F2Packets: 0, errPackets: 0, otherPackets: 0
AgoraCoreService[4070]: (4070) /var/lib/jenkins/workspace/agora-release-linux-2/ServerSDK-Video/src/video_recorder/event_handler.cpp:1341: level 1: INFO    (22:21:26:582 |  181)   4087; Audio statistics - play count: playout count = 600  signal level: far_in = 0
recorder_local[4069]: (4069) /var/lib/jenkins/workspace/agora-release-linux-2/ServerSDK-Video/src/rec_engine/RecordingEngineImpl.cpp:502: [Wrapper] channel id: police_14_2 packet stats, total: 0, callback_->AudioFrameReceived: pcmPackets: 0, pcmTotalPackets: 0, aacPackets: 0, yuvF2Packets: 0, h264F2Packets: 0, errPackets: 0, otherPackets: 0
AgoraCoreService[4070]: (4070) /var/lib/jenkins/workspace/agora-release-linux-2/ServerSDK-Video/src/video_recorder/event_handler.cpp:907: [ARS/15s]event cnts:0, audio pkts:0, mix audio pkts:0, yuv video pkts:0, h264 video pkts:0
AgoraCoreService[4070]: (4070) /var/lib/jenkins/workspace/agora-release-linux-2/ServerSDK-Video/src/video_recorder/event_handler.cpp:1341: level 1: INFO    (22:21:36:414 |    0)   4070; [ARS/15s]event cnts:0, audio pkts:0, mix audio pkts:0, yuv video pkts:0, h264 video pkts:0
AgoraCoreService[4070]: (4070) /var/lib/jenkins/workspace/agora-release-linux-2/ServerSDK-Video/src/video_recorder/event_handler.cpp:1341: level 1: INFO    (22:21:40:388 |    0)   4085; **CALL STATS: duraton 31s cpu app/total 2.8/8.4 battery 255 tx/rx: 2/1 kbps 9.254K/4.935K bytes
AgoraCoreService[4070]: (4070) /var/lib/jenkins/workspace/agora-release-linux-2/ServerSDK-Video/src/video_recorder/event_handler.cpp:1341: level 1: INFO    (22:21:44:582 |  194)   4087; Audio statistics - play count: playout count = 600  signal level: far_in = 0
AgoraCoreService[4070]: (4070) /var/lib/jenkins/workspace/agora-release-linux-2/ServerSDK-Video/src/video_recorder/event_handler.cpp:1341: level 1: INFO    (22:21:46:388 |    0)   4085; [rs] **report stats: seq: 24, report list size 24, tx/rx: 5254/1152, cache size: 0, report success rate: 100
recorder_local[4069]: (4069) /var/lib/jenkins/workspace/agora-release-linux-2/ServerSDK-Video/src/rec_engine/RecordingEngineImpl.cpp:502: [Wrapper] channel id: police_14_2 packet stats, total: 0, callback_->AudioFrameReceived: pcmPackets: 0, pcmTotalPackets: 0, aacPackets: 0, yuvF2Packets: 0, h264F2Packets: 0, errPackets: 0, otherPackets: 0
AgoraCoreService[4070]: (4070) /var/lib/jenkins/workspace/agora-release-linux-2/ServerSDK-Video/src/video_recorder/event_handler.cpp:907: [ARS/15s]event cnts:0, audio pkts:0, mix audio pkts:0, yuv video pkts:0, h264 video pkts:0
AgoraCoreService[4070]: (4070) /var/lib/jenkins/workspace/agora-release-linux-2/ServerSDK-Video/src/video_recorder/event_handler.cpp:1341: level 1: INFO    (22:21:51:427 |   39)   4070; [ARS/15s]event cnts:0, audio pkts:0, mix audio pkts:0, yuv video pkts:0, h264 video pkts:0
recorder_local[4069]: (4069) /var/lib/jenkins/workspace/agora-release-linux-2/ServerSDK-Video/src/rec_engine/RecordingEngineImpl.cpp:502: [Wrapper] channel id: police_14_2 packet stats, total: 0, callback_->AudioFrameReceived: pcmPackets: 0, pcmTotalPackets: 0, aacPackets: 0, yuvF2Packets: 0, h264F2Packets: 0, errPackets: 0, otherPackets: 0
AgoraCoreService[4070]: (4070) /var/lib/jenkins/workspace/agora-release-linux-2/ServerSDK-Video/src/video_recorder/event_handler.cpp:1341: level 1: INFO    (22:22: 2:582 |  155)   4087; Audio statistics - play count: playout count = 600  signal level: far_in = 0
recorder_local[4069]: (4069) /var/lib/jenkins/workspace/agora-release-linux-2/ServerSDK-Video/src/rec_engine/RecordingEngineImpl.cpp:502: [Wrapper] channel id: police_14_2 packet stats, total: 0, callback_->AudioFrameReceived: pcmPackets: 0, pcmTotalPackets: 0, aacPackets: 0, yuvF2Packets: 0, h264F2Packets: 0, errPackets: 0, otherPackets: 0
AgoraCoreService[4070]: (4070) /var/lib/jenkins/workspace/agora-release-linux-2/ServerSDK-Video/src/video_recorder/event_handler.cpp:907: [ARS/15s]event cnts:0, audio pkts:0, mix audio pkts:0, yuv video pkts:0, h264 video pkts:0
AgoraCoreService[4070]: (4070) /var/lib/jenkins/workspace/agora-release-linux-2/ServerSDK-Video/src/video_recorder/event_handler.cpp:1341: level 1: INFO    (22:22: 6:442 |    0)   4070; [ARS/15s]event cnts:0, audio pkts:0, mix audio pkts:0, yuv video pkts:0, h264 video pkts:0
AgoraCoreService[4070]: (4070) /var/lib/jenkins/workspace/agora-release-linux-2/ServerSDK-Video/src/video_recorder/event_handler.cpp:1341: level 1: INFO    (22:22:12:389 |    0)   4085; **CALL STATS: duraton 1m3s cpu app/total 2.50/8.4 battery 255 tx/rx: 1/1 kbps 15.666K/8.721K bytes
AgoraCoreService[4070]: (4070) /var/lib/jenkins/workspace/agora-release-linux-2/ServerSDK-Video/src/video_recorder/event_handler.cpp:1341: level 1: INFO    (22:22:16:389 |    0)   4085; [rs] **report stats: seq: 33, report list size 33, tx/rx: 7323/1536, cache size: 0, report success rate: 100
recorder_local[4069]: (4069) /var/lib/jenkins/workspace/agora-release-linux-2/ServerSDK-Video/src/rec_engine/RecordingEngineImpl.cpp:502: [Wrapper] channel id: police_14_2 packet stats, total: 0, callback_->AudioFrameReceived: pcmPackets: 0, pcmTotalPackets: 0, aacPackets: 0, yuvF2Packets: 0, h264F2Packets: 0, errPackets: 0, otherPackets: 0
AgoraCoreService[4070]: (4070) /var/lib/jenkins/workspace/agora-release-linux-2/ServerSDK-Video/src/video_recorder/event_handler.cpp:1341: level 1: INFO    (22:22:20:582 |  193)   4087; Audio statistics - play count: playout count = 600  signal level: far_in = 0
AgoraCoreService[4070]: (4070) /var/lib/jenkins/workspace/agora-release-linux-2/ServerSDK-Video/src/video_recorder/event_handler.cpp:907: [ARS/15s]event cnts:0, audio pkts:0, mix audio pkts:0, yuv video pkts:0, h264 video pkts:0
AgoraCoreService[4070]: (4070) /var/lib/jenkins/workspace/agora-release-linux-2/ServerSDK-Video/src/video_recorder/event_handler.cpp:1341: level 1: INFO    (22:22:21:457 |    0)   4070; [ARS/15s]event cnts:0, audio pkts:0, mix audio pkts:0, yuv video pkts:0, h264 video pkts:0
recorder_local[4069]: (4069) /var/lib/jenkins/workspace/agora-release-linux-2/ServerSDK-Video/src/rec_engine/RecordingEngineImpl.cpp:502: [Wrapper] channel id: police_14_2 packet stats, total: 0, callback_->AudioFrameReceived: pcmPackets: 0, pcmTotalPackets: 0, aacPackets: 0, yuvF2Packets: 0, h264F2Packets: 0, errPackets: 0, otherPackets: 0
recorder_local[4069]: (4069) /var/lib/jenkins/workspace/agora-release-linux-2/ServerSDK-Video/src/rec_engine/RecordingEngineImpl.cpp:502: [Wrapper] channel id: police_14_2 packet stats, total: 0, callback_->AudioFrameReceived: pcmPackets: 0, pcmTotalPackets: 0, aacPackets: 0, yuvF2Packets: 0, h264F2Packets: 0, errPackets: 0, otherPackets: 0
AgoraCoreService[4070]: (4070) /var/lib/jenkins/workspace/agora-release-linux-2/ServerSDK-Video/src/video_recorder/event_handler.cpp:907: [ARS/15s]event cnts:0, audio pkts:0, mix audio pkts:0, yuv video pkts:0, h264 video pkts:0
AgoraCoreService[4070]: (4070) /var/lib/jenkins/workspace/agora-release-linux-2/ServerSDK-Video/src/video_recorder/event_handler.cpp:1341: level 1: INFO    (22:22:36:470 |   13)   4070; [ARS/15s]event cnts:0, audio pkts:0, mix audio pkts:0, yuv video pkts:0, h264 video pkts:0
AgoraCoreService[4070]: (4070) /var/lib/jenkins/workspace/agora-release-linux-2/ServerSDK-Video/src/video_recorder/event_handler.cpp:1341: level 1: INFO    (22:22:38:582 |  112)   4087; Audio statistics - play count: playout count = 600  signal level: far_in = 0
AgoraCoreService[4070]: (4070) /var/lib/jenkins/workspace/agora-release-linux-2/ServerSDK-Video/src/video_recorder/event_handler.cpp:1341: level 1: INFO    (22:22:44:389 |    0)   4085; **CALL STATS: duraton 1m35s cpu app/total 2.1/14.50 battery 255 tx/rx: 1/0 kbps 22.52K/12.381K bytes
recorder_local[4069]: (4069) /var/lib/jenkins/workspace/agora-release-linux-2/ServerSDK-Video/src/rec_engine/RecordingEngineImpl.cpp:502: [Wrapper] channel id: police_14_2 packet stats, total: 0, callback_->AudioFrameReceived: pcmPackets: 0, pcmTotalPackets: 0, aacPackets: 0, yuvF2Packets: 0, h264F2Packets: 0, errPackets: 0, otherPackets: 0
AgoraCoreService[4070]: (4070) /var/lib/jenkins/workspace/agora-release-linux-2/ServerSDK-Video/src/video_recorder/event_handler.cpp:1341: level 1: INFO    (22:22:51:388 |    0)   4085; [rs] **report stats: seq: 43, report list size 22, tx/rx: 9630/2064, cache size: 0, report success rate: 100
AgoraCoreService[4070]: (4070) /var/lib/jenkins/workspace/agora-release-linux-2/ServerSDK-Video/src/video_recorder/event_handler.cpp:907: [ARS/15s]event cnts:0, audio pkts:0, mix audio pkts:0, yuv video pkts:0, h264 video pkts:0
AgoraCoreService[4070]: (4070) /var/lib/jenkins/workspace/agora-release-linux-2/ServerSDK-Video/src/video_recorder/event_handler.cpp:1341: level 1: INFO    (22:22:51:484 |   96)   4070; [ARS/15s]event cnts:0, audio pkts:0, mix audio pkts:0, yuv video pkts:0, h264 video pkts:0
recorder_local[4069]: (4069) /var/lib/jenkins/workspace/agora-release-linux-2/ServerSDK-Video/src/rec_engine/RecordingEngineImpl.cpp:502: [Wrapper] channel id: police_14_2 packet stats, total: 0, callback_->AudioFrameReceived: pcmPackets: 0, pcmTotalPackets: 0, aacPackets: 0, yuvF2Packets: 0, h264F2Packets: 0, errPackets: 0, otherPackets: 0
AgoraCoreService[4070]: (4070) /var/lib/jenkins/workspace/agora-release-linux-2/ServerSDK-Video/src/video_recorder/event_handler.cpp:1341: level 1: INFO    (22:22:56:582 |   98)   4087; Audio statistics - play count: playout count = 600  signal level: far_in = 0
recorder_local[4069]: (4069) /var/lib/jenkins/workspace/agora-release-linux-2/ServerSDK-Video/src/rec_engine/RecordingEngineImpl.cpp:502: [Wrapper] channel id: police_14_2 packet stats, total: 0, callback_->AudioFrameReceived: pcmPackets: 0, pcmTotalPackets: 0, aacPackets: 0, yuvF2Packets: 0, h264F2Packets: 0, errPackets: 0, otherPackets: 0
AgoraCoreService[4070]: (4070) /var/lib/jenkins/workspace/agora-release-linux-2/ServerSDK-Video/src/video_recorder/event_handler.cpp:907: [ARS/15s]event cnts:0, audio pkts:0, mix audio pkts:0, yuv video pkts:0, h264 video pkts:0
AgoraCoreService[4070]: (4070) /var/lib/jenkins/workspace/agora-release-linux-2/ServerSDK-Video/src/video_recorder/event_handler.cpp:1341: level 1: INFO    (22:23: 6:498 |    0)   4070; [ARS/15s]event cnts:0, audio pkts:0, mix audio pkts:0, yuv video pkts:0, h264 video pkts:0
AgoraCoreService[4070]: (4070) /var/lib/jenkins/workspace/agora-release-linux-2/ServerSDK-Video/src/video_recorder/event_handler.cpp:1341: level 1: INFO    (22:23:14:582 |   84)   4087; Audio statistics - play count: playout count = 600  signal level: far_in = 0
AgoraCoreService[4070]: (4070) /var/lib/jenkins/workspace/agora-release-linux-2/ServerSDK-Video/src/video_recorder/event_handler.cpp:1341: level 1: INFO    (22:23:16:388 |    0)   4085; **CALL STATS: duraton 2m7s cpu app/total 1.53/5.44 battery 255 tx/rx: 1/1 kbps 28.454K/16.119K bytes
recorder_local[4069]: (4069) /var/lib/jenkins/workspace/agora-release-linux-2/ServerSDK-Video/src/rec_engine/RecordingEngineImpl.cpp:502: [Wrapper] channel id: police_14_2 packet stats, total: 0, callback_->AudioFrameReceived: pcmPackets: 0, pcmTotalPackets: 0, aacPackets: 0, yuvF2Packets: 0, h264F2Packets: 0, errPackets: 0, otherPackets: 0
AgoraCoreService[4070]: (4070) /var/lib/jenkins/workspace/agora-release-linux-2/ServerSDK-Video/src/video_recorder/event_handler.cpp:907: [ARS/15s]event cnts:0, audio pkts:0, mix audio pkts:0, yuv video pkts:0, h264 video pkts:0
AgoraCoreService[4070]: (4070) /var/lib/jenkins/workspace/agora-release-linux-2/ServerSDK-Video/src/video_recorder/event_handler.cpp:1341: level 1: INFO    (22:23:21:512 |  124)   4070; [ARS/15s]event cnts:0, audio pkts:0, mix audio pkts:0, yuv video pkts:0, h264 video pkts:0
AgoraCoreService[4070]: (4070) /var/lib/jenkins/workspace/agora-release-linux-2/ServerSDK-Video/src/video_recorder/event_handler.cpp:1341: level 1: INFO    (22:23:26:388 |    0)   4085; [rs] **report stats: seq: 53, report list size 21, tx/rx: 11932/2544, cache size: 0, report success rate: 100
recorder_local[4069]: (4069) /var/lib/jenkins/workspace/agora-release-linux-2/ServerSDK-Video/src/rec_engine/RecordingEngineImpl.cpp:502: [Wrapper] channel id: police_14_2 packet stats, total: 0, callback_->AudioFrameReceived: pcmPackets: 0, pcmTotalPackets: 0, aacPackets: 0, yuvF2Packets: 0, h264F2Packets: 0, errPackets: 0, otherPackets: 0
AgoraCoreService[4070]: (4070) /var/lib/jenkins/workspace/agora-release-linux-2/ServerSDK-Video/src/video_recorder/event_handler.cpp:1341: level 1: INFO    (22:23:32:582 |  194)   4087; Audio statistics - play count: playout count = 600  signal level: far_in = 0
recorder_local[4069]: (4069) /var/lib/jenkins/workspace/agora-release-linux-2/ServerSDK-Video/src/rec_engine/RecordingEngineImpl.cpp:502: [Wrapper] channel id: police_14_2 packet stats, total: 0, callback_->AudioFrameReceived: pcmPackets: 0, pcmTotalPackets: 0, aacPackets: 0, yuvF2Packets: 0, h264F2Packets: 0, errPackets: 0, otherPackets: 0
AgoraCoreService[4070]: (4070) /var/lib/jenkins/workspace/agora-release-linux-2/ServerSDK-Video/src/video_recorder/event_handler.cpp:907: [ARS/15s]event cnts:0, audio pkts:0, mix audio pkts:0, yuv video pkts:0, h264 video pkts:0
AgoraCoreService[4070]: (4070) /var/lib/jenkins/workspace/agora-release-linux-2/ServerSDK-Video/src/video_recorder/event_handler.cpp:1341: level 1: INFO    (22:23:36:525 |    0)   4070; [ARS/15s]event cnts:0, audio pkts:0, mix audio pkts:0, yuv video pkts:0, h264 video pkts:0
recorder_local[4069]: (4069) /var/lib/jenkins/workspace/agora-release-linux-2/ServerSDK-Video/src/rec_engine/RecordingEngineImpl.cpp:502: [Wrapper] channel id: police_14_2 packet stats, total: 0, callback_->AudioFrameReceived: pcmPackets: 0, pcmTotalPackets: 0, aacPackets: 0, yuvF2Packets: 0, h264F2Packets: 0, errPackets: 0, otherPackets: 0
AgoraCoreService[4070]: (4070) /var/lib/jenkins/workspace/agora-release-linux-2/ServerSDK-Video/src/video_recorder/event_handler.cpp:1341: level 1: INFO    (22:23:48:389 |    0)   4085; **CALL STATS: duraton 2m39s cpu app/total 2.1/8.4 battery 255 tx/rx: 1/1 kbps 34.861K/19.881K bytes
AgoraCoreService[4070]: (4070) /var/lib/jenkins/workspace/agora-release-linux-2/ServerSDK-Video/src/video_recorder/event_handler.cpp:1341: level 1: INFO    (22:23:50:582 |  193)   4087; Audio statistics - play count: playout count = 600  signal level: far_in = 0
AgoraCoreService[4070]: (4070) /var/lib/jenkins/workspace/agora-release-linux-2/ServerSDK-Video/src/video_recorder/event_handler.cpp:907: [ARS/15s]event cnts:0, audio pkts:0, mix audio pkts:0, yuv video pkts:0, h264 video pkts:0
AgoraCoreService[4070]: (4070) /var/lib/jenkins/workspace/agora-release-linux-2/ServerSDK-Video/src/video_recorder/event_handler.cpp:1341: level 1: INFO    (22:23:51:540 |    0)   4070; [ARS/15s]event cnts:0, audio pkts:0, mix audio pkts:0, yuv video pkts:0, h264 video pkts:0
AgoraCoreService[4070]: (4070) /var/lib/jenkins/workspace/agora-release-linux-2/ServerSDK-Video/src/video_recorder/event_handler.cpp:1341: level 1: INFO    (22:23:56:388 |    0)   4085; [rs] **report stats: seq: 62, report list size 21, tx/rx: 13996/2976, cache size: 0, report success rate: 100
recorder_local[4069]: (4069) /var/lib/jenkins/workspace/agora-release-linux-2/ServerSDK-Video/src/rec_engine/RecordingEngineImpl.cpp:502: [Wrapper] channel id: police_14_2 packet stats, total: 0, callback_->AudioFrameReceived: pcmPackets: 0, pcmTotalPackets: 0, aacPackets: 0, yuvF2Packets: 0, h264F2Packets: 0, errPackets: 0, otherPackets: 0
recorder_local[4069]: (4069) /var/lib/jenkins/workspace/agora-release-linux-2/ServerSDK-Video/src/rec_engine/RecordingEngineImpl.cpp:502: [Wrapper] channel id: police_14_2 packet stats, total: 0, callback_->AudioFrameReceived: pcmPackets: 0, pcmTotalPackets: 0, aacPackets: 0, yuvF2Packets: 0, h264F2Packets: 0, errPackets: 0, otherPackets: 0
AgoraCoreService[4070]: (4070) /var/lib/jenkins/workspace/agora-release-linux-2/ServerSDK-Video/src/video_recorder/event_handler.cpp:907: [ARS/15s]event cnts:0, audio pkts:0, mix audio pkts:0, yuv video pkts:0, h264 video pkts:0
AgoraCoreService[4070]: (4070) /var/lib/jenkins/workspace/agora-release-linux-2/ServerSDK-Video/src/video_recorder/event_handler.cpp:1341: level 1: INFO    (22:24: 6:555 |  167)   4070; [ARS/15s]event cnts:0, audio pkts:0, mix audio pkts:0, yuv video pkts:0, h264 video pkts:0
AgoraCoreService[4070]: (4070) /var/lib/jenkins/workspace/agora-release-linux-2/ServerSDK-Video/src/video_recorder/event_handler.cpp:1341: level 1: INFO    (22:24: 8:582 |   27)   4087; Audio statistics - play count: playout count = 600  signal level: far_in = 0
recorder_local[4069]: (4069) /var/lib/jenkins/workspace/agora-release-linux-2/ServerSDK-Video/src/rec_engine/RecordingEngineImpl.cpp:502: [Wrapper] channel id: police_14_2 packet stats, total: 0, callback_->AudioFrameReceived: pcmPackets: 0, pcmTotalPackets: 0, aacPackets: 0, yuvF2Packets: 0, h264F2Packets: 0, errPackets: 0, otherPackets: 0
AgoraCoreService[4070]: (4070) /var/lib/jenkins/workspace/agora-release-linux-2/ServerSDK-Video/src/video_recorder/event_handler.cpp:1341: level 1: INFO    (22:24:20:388 |    0)   4085; **CALL STATS: duraton 3m11s cpu app/total 1.51/4.50 battery 255 tx/rx: 1/0 kbps 41.242K/23.541K bytes
AgoraCoreService[4070]: (4070) /var/lib/jenkins/workspace/agora-release-linux-2/ServerSDK-Video/src/video_recorder/event_handler.cpp:907: [ARS/15s]event cnts:0, audio pkts:0, mix audio pkts:0, yuv video pkts:0, h264 video pkts:0
AgoraCoreService[4070]: (4070) /var/lib/jenkins/workspace/agora-release-linux-2/ServerSDK-Video/src/video_recorder/event_handler.cpp:1341: level 1: INFO    (22:24:21:569 |  181)   4070; [ARS/15s]event cnts:0, audio pkts:0, mix audio pkts:0, yuv video pkts:0, h264 video pkts:0
recorder_local[4069]: (4069) /var/lib/jenkins/workspace/agora-release-linux-2/ServerSDK-Video/src/rec_engine/RecordingEngineImpl.cpp:502: [Wrapper] channel id: police_14_2 packet stats, total: 0, callback_->AudioFrameReceived: pcmPackets: 0, pcmTotalPackets: 0, aacPackets: 0, yuvF2Packets: 0, h264F2Packets: 0, errPackets: 0, otherPackets: 0
AgoraCoreService[4070]: (4070) /var/lib/jenkins/workspace/agora-release-linux-2/ServerSDK-Video/src/video_recorder/event_handler.cpp:1341: level 1: INFO    (22:24:26:582 |   13)   4087; Audio statistics - play count: playout count = 600  signal level: far_in = 0
AgoraCoreService[4070]: (4070) /var/lib/jenkins/workspace/agora-release-linux-2/ServerSDK-Video/src/video_recorder/event_handler.cpp:1341: level 1: INFO    (22:24:31:388 |    0)   4085; [rs] **report stats: seq: 73, report list size 23, tx/rx: 16519/3504, cache size: 0, report success rate: 100
recorder_local[4069]: (4069) /var/lib/jenkins/workspace/agora-release-linux-2/ServerSDK-Video/src/rec_engine/RecordingEngineImpl.cpp:502: [Wrapper] channel id: police_14_2 packet stats, total: 0, callback_->AudioFrameReceived: pcmPackets: 0, pcmTotalPackets: 0, aacPackets: 0, yuvF2Packets: 0, h264F2Packets: 0, errPackets: 0, otherPackets: 0
AgoraCoreService[4070]: (4070) /var/lib/jenkins/workspace/agora-release-linux-2/ServerSDK-Video/src/video_recorder/event_handler.cpp:907: [ARS/15s]event cnts:0, audio pkts:0, mix audio pkts:0, yuv video pkts:0, h264 video pkts:0
AgoraCoreService[4070]: (4070) /var/lib/jenkins/workspace/agora-release-linux-2/ServerSDK-Video/src/video_recorder/event_handler.cpp:1341: level 1: INFO    (22:24:36:582 |  194)   4070; [ARS/15s]event cnts:0, audio pkts:0, mix audio pkts:0, yuv video pkts:0, h264 video pkts:0
AgoraCoreService[4070]: (4070) /var/lib/jenkins/workspace/agora-release-linux-2/ServerSDK-Video/src/video_recorder/event_handler.cpp:1341: level 1: INFO    (22:24:44:582 |    0)   4087; Audio statistics - play count: playout count = 600  signal level: far_in = 0
recorder_local[4069]: (4069) /var/lib/jenkins/workspace/agora-release-linux-2/ServerSDK-Video/src/rec_engine/RecordingEngineImpl.cpp:502: [Wrapper] channel id: police_14_2 packet stats, total: 0, callback_->AudioFrameReceived: pcmPackets: 0, pcmTotalPackets: 0, aacPackets: 0, yuvF2Packets: 0, h264F2Packets: 0, errPackets: 0, otherPackets: 0
AgoraCoreService[4070]: (4070) /var/lib/jenkins/workspace/agora-release-linux-2/ServerSDK-Video/src/video_recorder/event_handler.cpp:907: [ARS/15s]event cnts:0, audio pkts:0, mix audio pkts:0, yuv video pkts:0, h264 video pkts:0
AgoraCoreService[4070]: (4070) /var/lib/jenkins/workspace/agora-release-linux-2/ServerSDK-Video/src/video_recorder/event_handler.cpp:1341: level 1: INFO    (22:24:51:597 |   15)   4070; [ARS/15s]event cnts:0, audio pkts:0, mix audio pkts:0, yuv video pkts:0, h264 video pkts:0
AgoraCoreService[4070]: (4070) /var/lib/jenkins/workspace/agora-release-linux-2/ServerSDK-Video/src/video_recorder/event_handler.cpp:1341: level 1: INFO    (22:24:52:388 |    0)   4085; **CALL STATS: duraton 3m43s cpu app/total 2.2/4.95 battery 255 tx/rx: 2/1 kbps 47.875K/27.279K bytes
recorder_local[4069]: (4069) /var/lib/jenkins/workspace/agora-release-linux-2/ServerSDK-Video/src/rec_engine/RecordingEngineImpl.cpp:502: [Wrapper] channel id: police_14_2 packet stats, total: 0, callback_->AudioFrameReceived: pcmPackets: 0, pcmTotalPackets: 0, aacPackets: 0, yuvF2Packets: 0, h264F2Packets: 0, errPackets: 0, otherPackets: 0
AgoraCoreService[4070]: (4070) /var/lib/jenkins/workspace/agora-release-linux-2/ServerSDK-Video/src/video_recorder/event_handler.cpp:1341: level 1: INFO    (22:25: 2:582 |  194)   4087; Audio statistics - play count: playout count = 600  signal level: far_in = 0
AgoraCoreService[4070]: (4070) /var/lib/jenkins/workspace/agora-release-linux-2/ServerSDK-Video/src/video_recorder/event_handler.cpp:1341: level 1: INFO    (22:25: 6:388 |    0)   4085; [rs] **report stats: seq: 84, report list size 23, tx/rx: 19047/4032, cache size: 0, report success rate: 100
recorder_local[4069]: (4069) /var/lib/jenkins/workspace/agora-release-linux-2/ServerSDK-Video/src/rec_engine/RecordingEngineImpl.cpp:502: [Wrapper] channel id: police_14_2 packet stats, total: 0, callback_->AudioFrameReceived: pcmPackets: 0, pcmTotalPackets: 0, aacPackets: 0, yuvF2Packets: 0, h264F2Packets: 0, errPackets: 0, otherPackets: 0
AgoraCoreService[4070]: (4070) /var/lib/jenkins/workspace/agora-release-linux-2/ServerSDK-Video/src/video_recorder/event_handler.cpp:907: [ARS/15s]event cnts:0, audio pkts:0, mix audio pkts:0, yuv video pkts:0, h264 video pkts:0
AgoraCoreService[4070]: (4070) /var/lib/jenkins/workspace/agora-release-linux-2/ServerSDK-Video/src/video_recorder/event_handler.cpp:1341: level 1: INFO    (22:25: 6:609 |  221)   4070; [ARS/15s]event cnts:0, audio pkts:0, mix audio pkts:0, yuv video pkts:0, h264 video pkts:0
recorder_local[4069]: (4069) /var/lib/jenkins/workspace/agora-release-linux-2/ServerSDK-Video/src/rec_engine/RecordingEngineImpl.cpp:502: [Wrapper] channel id: police_14_2 packet stats, total: 0, callback_->AudioFrameReceived: pcmPackets: 0, pcmTotalPackets: 0, aacPackets: 0, yuvF2Packets: 0, h264F2Packets: 0, errPackets: 0, otherPackets: 0
AgoraCoreService[4070]: (4070) /var/lib/jenkins/workspace/agora-release-linux-2/ServerSDK-Video/src/video_recorder/event_handler.cpp:1341: level 1: INFO    (22:25:20:582 |    0)   4087; Audio statistics - play count: playout count = 600  signal level: far_in = 0
AgoraCoreService[4070]: (4070) /var/lib/jenkins/workspace/agora-release-linux-2/ServerSDK-Video/src/video_recorder/event_handler.cpp:907: [ARS/15s]event cnts:0, audio pkts:0, mix audio pkts:0, yuv video pkts:0, h264 video pkts:0
AgoraCoreService[4070]: (4070) /var/lib/jenkins/workspace/agora-release-linux-2/ServerSDK-Video/src/video_recorder/event_handler.cpp:1341: level 1: INFO    (22:25:21:623 |   41)   4070; [ARS/15s]event cnts:0, audio pkts:0, mix audio pkts:0, yuv video pkts:0, h264 video pkts:0
AgoraCoreService[4070]: (4070) /var/lib/jenkins/workspace/agora-release-linux-2/ServerSDK-Video/src/video_recorder/event_handler.cpp:1341: level 1: INFO    (22:25:24:388 |    0)   4085; **CALL STATS: duraton 4m15s cpu app/total 2.1/6.0 battery 255 tx/rx: 1/1 kbps 54.253K/31.65K bytes
recorder_local[4069]: (4069) /var/lib/jenkins/workspace/agora-release-linux-2/ServerSDK-Video/src/rec_engine/RecordingEngineImpl.cpp:502: [Wrapper] channel id: police_14_2 packet stats, total: 0, callback_->AudioFrameReceived: pcmPackets: 0, pcmTotalPackets: 0, aacPackets: 0, yuvF2Packets: 0, h264F2Packets: 0, errPackets: 0, otherPackets: 0
recorder_local[4069]: (4069) /var/lib/jenkins/workspace/agora-release-linux-2/ServerSDK-Video/src/rec_engine/RecordingEngineImpl.cpp:502: [Wrapper] channel id: police_14_2 packet stats, total: 0, callback_->AudioFrameReceived: pcmPackets: 0, pcmTotalPackets: 0, aacPackets: 0, yuvF2Packets: 0, h264F2Packets: 0, errPackets: 0, otherPackets: 0
AgoraCoreService[4070]: (4070) /var/lib/jenkins/workspace/agora-release-linux-2/ServerSDK-Video/src/video_recorder/event_handler.cpp:907: [ARS/15s]event cnts:0, audio pkts:0, mix audio pkts:0, yuv video pkts:0, h264 video pkts:0
AgoraCoreService[4070]: (4070) /var/lib/jenkins/workspace/agora-release-linux-2/ServerSDK-Video/src/video_recorder/event_handler.cpp:1341: level 1: INFO    (22:25:36:637 |  249)   4070; [ARS/15s]event cnts:0, audio pkts:0, mix audio pkts:0, yuv video pkts:0, h264 video pkts:0
AgoraCoreService[4070]: (4070) /var/lib/jenkins/workspace/agora-release-linux-2/ServerSDK-Video/src/video_recorder/event_handler.cpp:1341: level 1: INFO    (22:25:38:582 |    0)   4087; Audio statistics - play count: playout count = 600  signal level: far_in = 0
AgoraCoreService[4070]: (4070) /var/lib/jenkins/workspace/agora-release-linux-2/ServerSDK-Video/src/video_recorder/event_handler.cpp:1341: level 1: INFO    (22:25:41:388 |    0)   4085; [rs] **report stats: seq: 94, report list size 23, tx/rx: 21349/4512, cache size: 0, report success rate: 100
recorder_local[4069]: (4069) /var/lib/jenkins/workspace/agora-release-linux-2/ServerSDK-Video/src/rec_engine/RecordingEngineImpl.cpp:502: [Wrapper] channel id: police_14_2 packet stats, total: 0, callback_->AudioFrameReceived: pcmPackets: 0, pcmTotalPackets: 0, aacPackets: 0, yuvF2Packets: 0, h264F2Packets: 0, errPackets: 0, otherPackets: 0
AgoraCoreService[4070]: (4070) /var/lib/jenkins/workspace/agora-release-linux-2/ServerSDK-Video/src/video_recorder/event_handler.cpp:907: [ARS/15s]event cnts:0, audio pkts:0, mix audio pkts:0, yuv video pkts:0, h264 video pkts:0
AgoraCoreService[4070]: (4070) /var/lib/jenkins/workspace/agora-release-linux-2/ServerSDK-Video/src/video_recorder/event_handler.cpp:1341: level 1: INFO    (22:25:51:652 |  264)   4070; [ARS/15s]event cnts:0, audio pkts:0, mix audio pkts:0, yuv video pkts:0, h264 video pkts:0
AgoraCoreService[4070]: (4070) /var/lib/jenkins/workspace/agora-release-linux-2/ServerSDK-Video/src/video_recorder/event_handler.cpp:1341: level 1: INFO    (22:25:54:388 |    0)   4085; **CALL STATS: duraton 4m45s cpu app/total 2.2/14.92 battery 255 tx/rx: 1/1 kbps 60.262K/34.575K bytes
AgoraCoreService[4070]: (4070) /var/lib/jenkins/workspace/agora-release-linux-2/ServerSDK-Video/src/video_recorder/event_handler.cpp:1341: level 1: INFO    (22:25:56:582 |  194)   4087; Audio statistics - play count: playout count = 600  signal level: far_in = 0
recorder_local[4069]: (4069) /var/lib/jenkins/workspace/agora-release-linux-2/ServerSDK-Video/src/rec_engine/RecordingEngineImpl.cpp:502: [Wrapper] channel id: police_14_2 packet stats, total: 0, callback_->AudioFrameReceived: pcmPackets: 0, pcmTotalPackets: 0, aacPackets: 0, yuvF2Packets: 0, h264F2Packets: 0, errPackets: 0, otherPackets: 0
recorder_local[4069]: (4069) /var/lib/jenkins/workspace/agora-release-linux-2/ServerSDK-Video/src/rec_engine/RecordingEngineImpl.cpp:502: [Wrapper] channel id: police_14_2 packet stats, total: 0, callback_->AudioFrameReceived: pcmPackets: 0, pcmTotalPackets: 0, aacPackets: 0, yuvF2Packets: 0, h264F2Packets: 0, errPackets: 0, otherPackets: 0
AgoraCoreService[4070]: (4070) /var/lib/jenkins/workspace/agora-release-linux-2/ServerSDK-Video/src/video_recorder/event_handler.cpp:907: [ARS/15s]event cnts:0, audio pkts:0, mix audio pkts:0, yuv video pkts:0, h264 video pkts:0
AgoraCoreService[4070]: (4070) /var/lib/jenkins/workspace/agora-release-linux-2/ServerSDK-Video/src/video_recorder/event_handler.cpp:1341: level 1: INFO    (22:26: 6:665 |   83)   4070; [ARS/15s]event cnts:0, audio pkts:0, mix audio pkts:0, yuv video pkts:0, h264 video pkts:0
AgoraCoreService[4070]: (4070) /var/lib/jenkins/workspace/agora-release-linux-2/ServerSDK-Video/src/video_recorder/event_handler.cpp:1334: No users in channel for 300 seconds, aborting, leave_code:4.
AgoraCoreService[4070]: (4070) /var/lib/jenkins/workspace/agora-release-linux-2/ServerSDK-Video/src/video_recorder/event_handler.cpp:1341: level 2: WARN    (22:26: 8:389 |    0)   4086; No users in channel for 300 seconds, aborting, leave_code:4.
AgoraCoreService[4070]: (4070) /var/lib/jenkins/workspace/agora-release-linux-2/ServerSDK-Video/src/video_recorder/event_handler.cpp:888: ARS push leave pkt to queue inform wrapper
AgoraCoreService[4070]: (4070) /var/lib/jenkins/workspace/agora-release-linux-2/ServerSDK-Video/src/video_recorder/event_handler.cpp:1341: level 1: INFO    (22:26: 8:668 |  279)   4070; ARS push leave pkt to queue inform wrapper
AgoraCoreService[4070]: (4070) /var/lib/jenkins/workspace/agora-release-linux-2/ServerSDK-Video/src/video_recorder/event_handler.cpp:858: Before cleanup cnt 0, errno 2 4, joined_ 1, term_sig 1, leave path code 12
AgoraCoreService[4070]: (4070) /var/lib/jenkins/workspace/agora-release-linux-2/ServerSDK-Video/src/video_recorder/event_handler.cpp:1341: level 2: WARN    (22:26: 9:168 |    0)   4070; Before cleanup cnt 0, errno 2 4, joined_ 1, term_sig 1, leave path code 12
AgoraCoreService[4070]: (4070) /var/lib/jenkins/workspace/agora-release-linux-2/ServerSDK-Video/src/video_recorder/event_handler.cpp:582: Leaving channel and ready to cleanup
AgoraCoreService[4070]: (4070) /var/lib/jenkins/workspace/agora-release-linux-2/ServerSDK-Video/src/video_recorder/event_handler.cpp:1341: level 1: INFO    (22:26: 9:168 |    0)   4070; Leaving channel and ready to cleanup
AgoraCoreService[4070]: (4070) /var/lib/jenkins/workspace/agora-release-linux-2/ServerSDK-Video/src/video_recorder/event_handler.cpp:1341: level 1: INFO    (22:26: 9:168 |    0)   4070; API call to leave channel
AgoraCoreService[4070]: (4070) /var/lib/jenkins/workspace/agora-release-linux-2/ServerSDK-Video/src/video_recorder/event_handler.cpp:1341: level 1: INFO    (22:26: 9:168 |    0)   4085; [cm] emit leave channel signal
AgoraCoreService[4070]: (4070) /var/lib/jenkins/workspace/agora-release-linux-2/ServerSDK-Video/src/video_recorder/event_handler.cpp:1334: No users in channel for 300 seconds, aborting, leave_code:12.
AgoraCoreService[4070]: (4070) /var/lib/jenkins/workspace/agora-release-linux-2/ServerSDK-Video/src/video_recorder/event_handler.cpp:1341: level 2: WARN    (22:26: 9:169 |    1)   4086; No users in channel for 300 seconds, aborting, leave_code:12.
AgoraCoreService[4070]: (4070) /var/lib/jenkins/workspace/agora-release-linux-2/ServerSDK-Video/src/video_recorder/event_handler.cpp:1341: level 1: INFO    (22:26: 9:169 |    0)   4085; **CALL STATS: duration 5m2s, tx 63.968K bytes, rx 36.531K bytes, total 100.475K bytes
AgoraCoreService[4070]: (4070) /var/lib/jenkins/workspace/agora-release-linux-2/ServerSDK-Video/src/video_recorder/event_handler.cpp:1341: level 1: INFO    (22:26: 9:169 |    0)   4085; stopLocalRender
AgoraCoreService[4070]: (4070) /var/lib/jenkins/workspace/agora-release-linux-2/ServerSDK-Video/src/video_recorder/event_handler.cpp:1341: level 1: INFO    (22:26: 9:169 |    0)   4085; stopLocalRender success
AgoraCoreService[4070]: (4070) /var/lib/jenkins/workspace/agora-release-linux-2/ServerSDK-Video/src/video_recorder/event_handler.cpp:1341: level 1: INFO    (22:26: 9:169 |    0)   4085; AgoraVideoInput::Stop
AgoraCoreService[4070]: (4070) /var/lib/jenkins/workspace/agora-release-linux-2/ServerSDK-Video/src/video_recorder/event_handler.cpp:1341: level 1: INFO    (22:26: 9:169 |    0)   4094; Thread with name:WebRtc_event_timer_thread stopped
AgoraCoreService[4070]: (4070) /var/lib/jenkins/workspace/agora-release-linux-2/ServerSDK-Video/src/video_recorder/event_handler.cpp:1341: level 1: INFO    (22:26: 9:169 |    0)   4085; AgoraVideoInput::Destroy
AgoraCoreService[4070]: (4070) /var/lib/jenkins/workspace/agora-release-linux-2/ServerSDK-Video/src/video_recorder/event_handler.cpp:1341: level 1: INFO    (22:26: 9:169 |    0)   4093; Thread with name:ExternalCaptureThread stopped
AgoraCoreService[4070]: (4070) /var/lib/jenkins/workspace/agora-release-linux-2/ServerSDK-Video/src/video_recorder/event_handler.cpp:1341: level 1: INFO    (22:26: 9:229 |   60)   4092; Thread with name:AgoraInputThread stopped
AgoraCoreService[4070]: (4070) /var/lib/jenkins/workspace/agora-release-linux-2/ServerSDK-Video/src/video_recorder/event_handler.cpp:1341: level 1: INFO    (22:26: 9:230 |    1)   4085; stopCapture: stopCapture success
AgoraCoreService[4070]: (4070) /var/lib/jenkins/workspace/agora-release-linux-2/ServerSDK-Video/src/video_recorder/event_handler.cpp:1341: level 1: INFO    (22:26: 9:230 |    0)   4085; stopRemoteRender
AgoraCoreService[4070]: (4070) /var/lib/jenkins/workspace/agora-release-linux-2/ServerSDK-Video/src/video_recorder/event_handler.cpp:1341: level 1: INFO    (22:26: 9:230 |    0)   4085; [che] stopCall begins
AgoraCoreService[4070]: (4070) /var/lib/jenkins/workspace/agora-release-linux-2/ServerSDK-Video/src/video_recorder/event_handler.cpp:1341: level 1: INFO    (22:26: 9:230 |    0)   4085; StopRecording complete
AgoraCoreService[4070]: (4070) /var/lib/jenkins/workspace/agora-release-linux-2/ServerSDK-Video/src/video_recorder/event_handler.cpp:1341: level 1: INFO    (22:26: 9:230 |    0)   4085; StopPlayout complete
AgoraCoreService[4070]: (4070) /var/lib/jenkins/workspace/agora-release-linux-2/ServerSDK-Video/src/video_recorder/event_handler.cpp:1341: level 1: INFO    (22:26: 9:231 |    1)   4085; [che] stop call returns 0, elapsed 0
AgoraCoreService[4070]: (4070) /var/lib/jenkins/workspace/agora-release-linux-2/ServerSDK-Video/src/video_recorder/event_handler.cpp:1341: level 1: INFO    (22:26: 9:231 |    0)   4085; [rs] **report stats: seq: 106, report list size 26, tx/rx: 23877/4896, cache size: 0, report success rate: 100
AgoraCoreService[4070]: (4070) /var/lib/jenkins/workspace/agora-release-linux-2/ServerSDK-Video/src/video_recorder/event_handler.cpp:1341: level 1: INFO    (22:26: 9:231 |    0)   4085; CacheManager: save cache to storage elapsed 0
AgoraCoreService[4070]: (4070) /var/lib/jenkins/workspace/agora-release-linux-2/ServerSDK-Video/src/video_recorder/event_handler.cpp:1341: level 1: INFO    (22:26: 9:231 |    0)   4085; [ch0] vos destroyed
AgoraCoreService[4070]: (4070) /var/lib/jenkins/workspace/agora-release-linux-2/ServerSDK-Video/src/video_recorder/event_handler.cpp:1341: level 1: INFO    (22:26: 9:231 |    0)   4085; delRef of media engine, ref=0
AgoraCoreService[4070]: (4070) /var/lib/jenkins/workspace/agora-release-linux-2/ServerSDK-Video/src/video_recorder/event_handler.cpp:1341: level 1: INFO    (22:26: 9:231 |    0)   4085; [che] chat engine destroying
AgoraCoreService[4070]: (4070) /var/lib/jenkins/workspace/agora-release-linux-2/ServerSDK-Video/src/video_recorder/event_handler.cpp:1341: level 1: INFO    (22:26: 9:231 |    0)   4085; stopLocalRender
AgoraCoreService[4070]: (4070) /var/lib/jenkins/workspace/agora-release-linux-2/ServerSDK-Video/src/video_recorder/event_handler.cpp:1341: level 1: INFO    (22:26: 9:231 |    0)   4085; stopLocalRender success
AgoraCoreService[4070]: (4070) /var/lib/jenkins/workspace/agora-release-linux-2/ServerSDK-Video/src/video_recorder/event_handler.cpp:1341: level 2: WARN    (22:26: 9:231 |    0)   4085; stopCapture: VideoEngine haven't startCapture
AgoraCoreService[4070]: (4070) /var/lib/jenkins/workspace/agora-release-linux-2/ServerSDK-Video/src/video_recorder/event_handler.cpp:1341: level 1: INFO    (22:26: 9:231 |    0)   4085; stopRemoteRender
AgoraCoreService[4070]: (4070) /var/lib/jenkins/workspace/agora-release-linux-2/ServerSDK-Video/src/video_recorder/event_handler.cpp:1341: level 1: INFO    (22:26: 9:232 |    1)   4085; [che] stopCall begins
AgoraCoreService[4070]: (4070) /var/lib/jenkins/workspace/agora-release-linux-2/ServerSDK-Video/src/video_recorder/event_handler.cpp:1341: level 1: INFO    (22:26: 9:232 |    0)   4085; [che] stop call returns -1, elapsed 0
AgoraCoreService[4070]: (4070) /var/lib/jenkins/workspace/agora-release-linux-2/ServerSDK-Video/src/video_recorder/event_handler.cpp:1341: level 1: INFO    (22:26: 9:232 |    0)   4085; stopLocalRender
AgoraCoreService[4070]: (4070) /var/lib/jenkins/workspace/agora-release-linux-2/ServerSDK-Video/src/video_recorder/event_handler.cpp:1341: level 1: INFO    (22:26: 9:232 |    0)   4085; stopLocalRender success
AgoraCoreService[4070]: (4070) /var/lib/jenkins/workspace/agora-release-linux-2/ServerSDK-Video/src/video_recorder/event_handler.cpp:1341: level 1: INFO    (22:26: 9:232 |    0)   4085; stopRemoteRender
AgoraCoreService[4070]: (4070) /var/lib/jenkins/workspace/agora-release-linux-2/ServerSDK-Video/src/video_recorder/event_handler.cpp:1341: level 2: WARN    (22:26: 9:232 |    0)   4085; stopCapture: VideoEngine haven't startCapture
AgoraCoreService[4070]: (4070) /var/lib/jenkins/workspace/agora-release-linux-2/ServerSDK-Video/src/video_recorder/event_handler.cpp:1341: level 1: INFO    (22:26: 9:232 |    0)   4091; Thread with name:VideoProcessThread stopped
AgoraCoreService[4070]: (4070) /var/lib/jenkins/workspace/agora-release-linux-2/ServerSDK-Video/src/video_recorder/event_handler.cpp:1341: level 2: WARN    (22:26: 9:232 |    0)   4085; terminate: VideoEngine haven't init
AgoraCoreService[4070]: (4070) /var/lib/jenkins/workspace/agora-release-linux-2/ServerSDK-Video/src/video_recorder/event_handler.cpp:1341: level 1: INFO    (22:26: 9:232 |    0)   4085; [DEBUGG] ViERenderManager Destructor, engine_id: 0
AgoraCoreService[4070]: (4070) /var/lib/jenkins/workspace/agora-release-linux-2/ServerSDK-Video/src/video_recorder/event_handler.cpp:1341: level 1: INFO    (22:26: 9:234 |    2)   4090; Thread with name:VideoEncodeThread stopped
AgoraCoreService[4070]: (4070) /var/lib/jenkins/workspace/agora-release-linux-2/ServerSDK-Video/src/video_recorder/event_handler.cpp:1341: level 1: INFO    (22:26: 9:243 |    9)   4085; VideoSendTrackImpl::UpdateCapturer capturer=(nil)
AgoraCoreService[4070]: (4070) /var/lib/jenkins/workspace/agora-release-linux-2/ServerSDK-Video/src/video_recorder/event_handler.cpp:1341: level 1: INFO    (22:26: 9:243 |    0)   4085; VideoSendTrackImpl::UpdateRenderer, renderer=(nil)
AgoraCoreService[4070]: (4070) /var/lib/jenkins/workspace/agora-release-linux-2/ServerSDK-Video/src/video_recorder/event_handler.cpp:1341: level 1: INFO    (22:26: 9:243 |    0)   4089; Thread with name:EngineMonitorThread stopped
AgoraCoreService[4070]: (4070) /var/lib/jenkins/workspace/agora-release-linux-2/ServerSDK-Video/src/video_recorder/event_handler.cpp:1341: level 1: INFO    (22:26: 9:243 |    0)   4087; Thread with name:external_audio_module_thread stopped
AgoraCoreService[4070]: (4070) /var/lib/jenkins/workspace/agora-release-linux-2/ServerSDK-Video/src/video_recorder/event_handler.cpp:1341: level 1: INFO    (22:26: 9:243 |    0)   4088; Thread with name:WebRtc_event_timer_thread stopped
AgoraCoreService[4070]: (4070) /var/lib/jenkins/workspace/agora-release-linux-2/ServerSDK-Video/src/video_recorder/event_handler.cpp:1341: level 1: INFO    (22:26: 9:243 |    0)   4085; [che] chat engine destroyed
AgoraCoreService[4070]: (4070) /var/lib/jenkins/workspace/agora-release-linux-2/ServerSDK-Video/src/video_recorder/event_handler.cpp:1341: level 1: INFO    (22:26: 9:244 |    1)   4085; ***CALL END
AgoraCoreService[4070]: (4070) /var/lib/jenkins/workspace/agora-release-linux-2/ServerSDK-Video/src/video_recorder/event_handler.cpp:1341: level 1: INFO    (22:26: 9:244 |    0)   4085; onAudioStatusChanged enable audio
AgoraCoreService[4070]: (4070) /var/lib/jenkins/workspace/agora-release-linux-2/ServerSDK-Video/src/video_recorder/event_handler.cpp:1341: level 1: INFO    (22:26: 9:244 |    0)   4085; [MIO] media io controller destroyed
AgoraCoreService[4070]: (4070) /var/lib/jenkins/workspace/agora-release-linux-2/ServerSDK-Video/src/video_recorder/event_handler.cpp:1341: level 1: INFO    (22:26: 9:244 |    0)   4070; async task notify worker thread to exit and return
AgoraCoreService[4070]: (4070) /var/lib/jenkins/workspace/agora-release-linux-2/ServerSDK-Video/src/video_recorder/event_handler.cpp:561: event handler delete timer
recorder_local[4069]: (4069) /var/lib/jenkins/workspace/agora-release-linux-2/ServerSDK-Video/src/base/event_loop.cpp:228: Error fd:4, 16
recorder_local[4069]: (4069) /var/lib/jenkins/workspace/agora-release-linux-2/ServerSDK-Video/src/base/pipe_router.cpp:81: Broken reading pipe! event:16 with error3
recorder_local[4069]: (4069) /var/lib/jenkins/workspace/agora-release-linux-2/ServerSDK-Video/src/rec_engine/RecordingEngineImpl.cpp:542: API call to leave channel
recorder_local[4069]: (4069) /var/lib/jenkins/workspace/agora-release-linux-2/ServerSDK-Video/src/rec_engine/RecordingEngineImpl.cpp:64: Recorder 160c790 is ready to be release
recorder_local[4069]: (4069) /var/lib/jenkins/workspace/agora-release-linux-2/ServerSDK-Video/src/rec_engine/RecordingEngineImpl.cpp:87: Recording wrapper delete timer
