Local Date: Mon Apr  2 11:08:03 2018
Build info: Feb  1 2018 02:13:47 ?

INFO    (11: 8: 3:794 |    0)  30800; [rp] {"rtc.video.mute_me":true,"che.video.local.send":false}
INFO    (11: 8: 3:794 |    0)  30800; [rp] {"rtc.audio.mute_me":true,"che.audio.mute_me":true}
INFO    (11: 8: 3:795 |    1)  30800; [rp] {"rtc.video.set_remote_default_video_stream_type":0}
INFO    (11: 8: 3:795 |    0)  30800; API call to SetRemoteDefaultVideoStreamType: 0
INFO    (11: 8: 3:795 |    0)  30800; [rp] {"che.video.local.camera_index":1024}
INFO    (11: 8: 3:795 |    0)  30800; [rp] {"rtc.video.enabled":true}
INFO    (11: 8: 3:795 |    0)  30800; API call to enable video
INFO    (11: 8: 3:795 |    0)  30800; ***CALL BEGIN: appid:'c7****************************1c' cname:'police_14_1' info:'' sid:'62F92A8AC71245D0B08FBB313F8FE49A'
INFO    (11: 8: 3:795 |    0)  30800; addRef of media engine, ref=1
INFO    (11: 8: 3:795 |    0)  30800; [che] create chat engine, ctx:(nil)
INFO    (11: 8: 3:795 |    0)  30800; [MYDEBUG] large group call false
INFO    (11: 8: 3:795 |    0)  30800; ChatEngineParameterHelper::applyMediaEngineMode: 
INFO    (11: 8: 3:796 |    1)  30800; applyMediaEngineMode(): Hardware encoding false Hardware decoding false
INFO    (11: 8: 3:797 |    1)  30802; Thread with name:external_audio_module_thread started 
INFO    (11: 8: 3:797 |    0)  30803; Thread with name:WebRtc_event_timer_thread started 
INFO    (11: 8: 3:797 |    0)  30800; StereoPlayoutIsAvailable(), output: available=0
INFO    (11: 8: 3:797 |    0)  30800; StereoRecordingIsAvailable(), output: available=0
INFO    (11: 8: 3:798 |    1)  30804; Thread with name:EngineMonitorThread started 
INFO    (11: 8: 3:798 |    0)  30800; setMuteStatus, muted: On
INFO    (11: 8: 3:798 |    0)  30800; setMuteOutput, muted: false
WARN    (11: 8: 3:798 |    0)  30800; setMicSensitivity failed, legal values are between [0, 10]
INFO    (11: 8: 3:798 |    0)  30800; Audio Engine Init success
INFO    (11: 8: 3:798 |    0)  30800; Available number of cores:1
INFO    (11: 8: 3:799 |    1)  30800; CreateVideoSendTrack
INFO    (11: 8: 3:799 |    0)  30800; init: feature prerotation disabled
INFO    (11: 8: 3:799 |    0)  30800; Agora Engine video codec set to custom mode role mode 0
INFO    (11: 8: 3:799 |    0)  30800; Agora Engine video codec index 1
INFO    (11: 8: 3:799 |    0)  30800; Agora Engine video stream type = 0
INFO    (11: 8: 3:799 |    0)  30805; Thread with name:VideoEncodeThread started 
INFO    (11: 8: 3:799 |    0)  30800; EncoderWrapper::Create hardware_ = 0, hardware_low_ = 0
INFO    (11: 8: 3:800 |    1)  30806; Thread with name:VideoProcessThread started 
INFO    (11: 8: 3:800 |    0)  30800; setCodec: index=1 width=640 height=360 framerate=15
INFO    (11: 8: 3:800 |    0)  30800; h264WebInteropEnable: enable 0
INFO    (11: 8: 3:800 |    0)  30800; setCaptureDevice: index=1024
INFO    (11: 8: 3:800 |    0)  30800; setMaxVideoBitrate: max bitrate=0
INFO    (11: 8: 3:800 |    0)  30800; more fec enable 0 curr fec method 0
INFO    (11: 8: 3:800 |    0)  30800; video fec method 0
ERROR   (11: 8: 3:800 |    0)  30800; videoEngine created and initialize here
INFO    (11: 8: 3:800 |    0)  30800; CreateVideoSendTrack
INFO    (11: 8: 3:800 |    0)  30800; [MIO] updateCapturer: ((nil)), type:(1)
INFO    (11: 8: 3:800 |    0)  30800; CreateAgoraDefaultCapture: type=0
INFO    (11: 8: 3:800 |    0)  30800; CreateVideoCapturer: interface=0x7fdab4172af0
INFO    (11: 8: 3:800 |    0)  30800; VideoSendTrackImpl::UpdateCapturer capturer=0x7fdab41d4c10
INFO    (11: 8: 3:800 |    0)  30800; [MIO] updateLocalRender: ((nil)), type:(1)
INFO    (11: 8: 3:801 |    1)  30800; CreateAgoraDefaultRender
INFO    (11: 8: 3:801 |    0)  30800; CreateVideoRenderer: interface=0x7fdab41d5090
INFO    (11: 8: 3:801 |    0)  30800; VideoSendTrackImpl::UpdateRenderer, renderer=0x7fdab41d50d0
INFO    (11: 8: 3:801 |    0)  30800; [MIO] video send track prepared !!
INFO    (11: 8: 3:801 |    0)  30800; [che] applyVideoProfile: 640x360 15 fps 500 kbps
INFO    (11: 8: 3:801 |    0)  30800; validateVideoParameters: validate video parameters resolution 640x360, fps 15, rate 500000
INFO    (11: 8: 3:801 |    0)  30800; setMaxVideoBitrate: max bitrate=500000
INFO    (11: 8: 3:801 |    0)  30800; setCodecRates: set frame rate to 15
INFO    (11: 8: 3:801 |    0)  30800; setCodec: index=1 width=640 height=360 framerate=15
INFO    (11: 8: 3:801 |    0)  30800; setCodecResolution: set to 640 x 360
INFO    (11: 8: 3:801 |    0)  30800; [che] chat engine initialized
INFO    (11: 8: 3:802 |    1)  30800; [vocs] vocs initialized
INFO    (11: 8: 3:802 |    0)  30800; [rs] report server ip: 221.228.78.123:8000
INFO    (11: 8: 3:802 |    0)  30800; [rlbs] selected: 221.228.78.123:9700
INFO    (11: 8: 3:802 |    0)  30800; [rlbs] request rs list from 221.228.78.123:9700.......
INFO    (11: 8: 3:803 |    1)  30800; CacheManager: save cache to storage elapsed 0
INFO    (11: 8: 3:803 |    0)  30800; [cm] emit join channel signal, size=2
INFO    (11: 8: 3:803 |    0)  30800; CacheManager: save cache to storage elapsed 0
INFO    (11: 8: 3:803 |    0)  30800; [vocs] lookup channel...
INFO    (11: 8: 3:803 |    0)  30800; [vocs] selected: 183.236.26.162:8000
INFO    (11: 8: 3:804 |    1)  30800; connecting to 183.236.26.162:8000 handle b420fdc0, 28
INFO    (11: 8: 3:804 |    0)  30800; [vocs] creating channel with 183.236.26.162:8000, ts 1522667283804.......
INFO    (11: 8: 3:804 |    0)  30800; [vocs] selected: 221.228.202.134:8000
INFO    (11: 8: 3:804 |    0)  30800; [vocs] creating channel with 221.228.202.134:8000, ts 1522667283804.......
INFO    (11: 8: 3:804 |    0)  30800; [vocs] selected: 119.9.92.49:8000
INFO    (11: 8: 3:804 |    0)  30800; [vocs] creating channel with 119.9.92.49:8000, ts 1522667283804.......
INFO    (11: 8: 3:804 |    0)  30800; [rp] {"che.audio.audioSampleRate":48000}
INFO    (11: 8: 3:804 |    0)  30800; [dns] parsed ip 199.190.44.35
INFO    (11: 8: 3:818 |   14)  30800; [dns] parsed ip 199.190.44.36
INFO    (11: 8: 3:819 |    1)  30800; [rs] dns parse result code: 0, servers size: 1
INFO    (11: 8: 3:819 |    0)  30800; [rs] dns parse and selected server: 223.111.12.227
INFO    (11: 8: 3:819 |    0)  30800; [dns] parsed ip 128.1.87.146
INFO    (11: 8: 3:819 |    0)  30800; [dns] parsed ip 119.9.92.49
INFO    (11: 8: 3:819 |    0)  30800; [dns] parsed ip 69.28.51.138
INFO    (11: 8: 4: 12 |    0)  30800; [vocs/u] **responsed from 119.9.92.49:8000, 3 vos, elapsed 220, server ts 1522667282956, wan ip 139.59.134.76
INFO    (11: 8: 4: 13 |    1)  30800; [vos] added server: 128.1.77.37:4006
INFO    (11: 8: 4: 13 |    0)  30800; [vos] added server: 128.1.78.92:4005
INFO    (11: 8: 4: 13 |    0)  30800; [vos] added server: 128.1.78.93:4007
INFO    (11: 8: 4: 13 |    0)  30800; [ch0] vos initialized
INFO    (11: 8: 4: 13 |    0)  30800; [vos] selected: 128.1.78.93:4007
ERROR   (11: 8: 4: 13 |    0)  30800; [ch0] login strategy=2
INFO    (11: 8: 4: 13 |    0)  30800; [ds]: ver 1 ds '{"streamType":5}'
INFO    (11: 8: 4: 14 |    1)  30800; [ch0] Login VOS (proto:10, cid:320149613, uid:2021293480, ts:1522667284013, ticket size:84 ds:1 stream:+A+VH) 2: 128.1.78.93:4007
INFO    (11: 8: 4: 14 |    0)  30800; add ping address 139.59.134.76
INFO    (11: 8: 4: 14 |    0)  30800; PING 139.59.134.76:0 16(44) bytes of data
INFO    (11: 8: 4: 20 |    6)  30800; [ch0] **VOS response to login request (res 0 elapsed 227, server ts 1522667283073, s-c:-947) from 128.1.78.93:4007, and current dest server 128.1.78.93:4007
INFO    (11: 8: 4: 20 |    0)  30800; updateActiveVosList: ["128.1.78.93:4007"]
INFO    (11: 8: 4: 20 |    0)  30800; [che] start call begins
INFO    (11: 8: 4: 20 |    0)  30800; Set Application Mode in RTC Engine to No. 0
ERROR   (11: 8: 4: 20 |    0)  30800; GetCodec() invalid index (error=8004)
INFO    (11: 8: 4: 20 |    0)  30800; SetCodec by type : No. 85
INFO    (11: 8: 4: 28 |    8)  30800; StartPlayout complete
INFO    (11: 8: 4: 28 |    0)  30800; output: kDummyAudio
INFO    (11: 8: 4: 37 |    9)  30800; StartRecording complete
ERROR   (11: 8: 4: 38 |    1)  30800; SetAgcConfig() failed to set the range in |gain| the digital compression stage may apply (error=8097)
INFO    (11: 8: 4: 38 |    0)  30800; SetHowlingControl enable = 0
INFO    (11: 8: 4: 38 |    0)  30800; Application Config module:  Route 0, NS on, AEC N, AGC on, BSS off, HC on
INFO    (11: 8: 4: 38 |    0)  30800; MID = 0, Routing = 0
INFO    (11: 8: 4: 38 |    0)  30800; [che] applyVideoProfile: 640x360 15 fps 500 kbps
INFO    (11: 8: 4: 38 |    0)  30800; validateVideoParameters: validate video parameters resolution 640x360, fps 15, rate 500000
INFO    (11: 8: 4: 38 |    0)  30800; setMaxVideoBitrate: max bitrate=500000
INFO    (11: 8: 4: 38 |    0)  30800; setCodecRates: set frame rate to 15
INFO    (11: 8: 4: 38 |    0)  30800; setCodec: index=1 width=640 height=360 framerate=15
INFO    (11: 8: 4: 38 |    0)  30800; setCodecResolution: set to 640 x 360
INFO    (11: 8: 4: 39 |    1)  30800; CreateVideoCapturer: interface=0x7fdab4172c90
INFO    (11: 8: 4: 39 |    0)  30800; VideoSendTrackImpl::UpdateCapturer capturer=0x7fdab421f9c0
INFO    (11: 8: 4: 39 |    0)  30800; Create participant 0
INFO    (11: 8: 4: 39 |    0)  30800; startCapture: device? 1024 init? 1 local enabled? 1 capturing? 0 rendering? 0
INFO    (11: 8: 4: 39 |    0)  30800; startCapture: Receive Only Mode, capture still on. Encode will be turned off
INFO    (11: 8: 4: 39 |    0)  30800; AgoraVideoInput::Init thread=1, type=100, device=External Device
INFO    (11: 8: 4: 39 |    0)  30807; Thread with name:AgoraInputThread started 
INFO    (11: 8: 4: 39 |    0)  30808; Thread with name:ExternalCaptureThread started 
INFO    (11: 8: 4: 39 |    0)  30800; setCodec: index=1 width=640 height=360 framerate=15
INFO    (11: 8: 4: 40 |    1)  30800; setMaxVideoBitrate: max bitrate=500000
INFO    (11: 8: 4: 40 |    0)  30800; AgoraVideoInput::Start width=640, height=360, fps=15
INFO    (11: 8: 4: 40 |    0)  30809; Thread with name:WebRtc_event_timer_thread started 
INFO    (11: 8: 4: 40 |    0)  30800; startCapture: startCapture success
INFO    (11: 8: 4: 40 |    0)  30800; RequestEncodeKeyFrame
INFO    (11: 8: 4: 40 |    0)  30800; doStartLocalRender: init? 1 capture id -1 device 1024 capturing? 1 rendering? 0
INFO    (11: 8: 4: 40 |    0)  30800; doStartLocalRender: Receive Only Mode, local renderer still on.
INFO    (11: 8: 4: 40 |    0)  30800; doStartLocalRender: init? 1 capture id -1 device 1024 capturing? 1 rendering? 0
INFO    (11: 8: 4: 40 |    0)  30800; doStartLocalRender: Receive Only Mode, local renderer still on.
INFO    (11: 8: 4: 40 |    0)  30800; [che] start call returns 0, elapsed 20
INFO    (11: 8: 4: 40 |    0)  30800; Setting dtx mode to 2
INFO    (11: 8: 4: 40 |    0)  30800; setNetEQMinimumPlayoutDelay delay(100)
INFO    (11: 8: 4: 40 |    0)  30800; join channel success: cname 'police_14_1' uid 2021293480 elapsed 248
INFO    (11: 8: 4: 41 |    1)  30800; CacheManager: save cache to storage elapsed 0
INFO    (11: 8: 4: 41 |    0)  30801; Channel counters: mix mode:0 , min port:-1 , max port:-1 ,decode audio:0 , decode_video:0 , is live:0 , idle:300 , is audio only:0 ,syslog facility:8 , mix mode height:360 , mix mode width:640 , mix mode fps:15 , mi 
INFO    (11: 8: 4: 41 |    0)  30801; User 2021293480 join channel police_14_1 success, elapsed: 248 ms
INFO    (11: 8: 4: 41 |    0)  30800; audio setPeerAudioMuteStatus: uid 5 muted 0
INFO    (11: 8: 4: 41 |    0)  30800; video setPeerVideoMuteStatus: uid 5 muted 1
INFO    (11: 8: 4: 41 |    0)  30800; [pm] peer 5 is online
INFO    (11: 8: 4: 41 |    0)  30800; notifyPeerCount: cnt 1
INFO    (11: 8: 4: 41 |    0)  30801; offset 249ms: 5 joined the channel
INFO    (11: 8: 4: 42 |    1)  30801; User 5 request 0 stream
INFO    (11: 8: 4: 42 |    0)  30800; onFirstRemoteAudioFrame uid 5 codec 99 elapsed 250
INFO    (11: 8: 4: 42 |    0)  30800; onTracerFirstRemoteAudio uid 5 codec 99 elapsed 250
INFO    (11: 8: 4: 43 |    1)  30800; [rp] {"rtc.video.set_remote_video_stream":{"uid":5,"stream":0},"che.video.setstream":{"uid":5,"stream":0}}
INFO    (11: 8: 4: 43 |    0)  30800; [pm] switch video stream type peer 5 type 0
INFO    (11: 8: 4: 43 |    0)  30800; switchStream (5): current -1 lastRequested -1 newRequested 0
INFO    (11: 8: 4: 43 |    0)  30800; switchStream (uid 5 fromNetOb 0): switch to 0
INFO    (11: 8: 4: 43 |    0)  30800; [cc] request to switch user 5 video stream to 0
INFO    (11: 8: 4: 49 |    6)  30800; [ch0] rtt: 9
INFO    (11: 8: 4:106 |   57)  30807; [che] onVideoSizeChanged: uid 0 640x360 rotate 0
WARN    (11: 8: 4:282 |  176)  30800; InsertPacketInternal: Packet buffer flushed
INFO    (11: 8: 4:779 |  497)  30800; [pm] peer 5 has enabled video
INFO    (11: 8: 4:780 |    1)  30800; video setPeerVideoMuteStatus: uid 5 muted 1
INFO    (11: 8: 4:780 |    0)  30800; onTracerFirstRemoteVideo uid 5 codec 4 elapsed 987
INFO    (11: 8: 4:780 |    0)  30800; [miaokai] Received 1st packet of stream 0, from uid 5, frame number 0.

INFO    (11: 8: 4:780 |    0)  30800; Create participant 5
INFO    (11: 8: 4:780 |    0)  30800; Codec: VP8, Payload type 100, Height 360, Width 640, Bitrate 200,Framerate 15.
INFO    (11: 8: 4:780 |    0)  30800; Codec: H264, Payload type 107, Height 360, Width 640, Bitrate 200,Framerate 15.
INFO    (11: 8: 4:780 |    0)  30810; Thread with name:videoDecodeThread started 
INFO    (11: 8: 4:781 |    1)  30801; User 5 enabled video 1
INFO    (11: 8: 4:853 |   72)  30810; Destroy decoder.
INFO    (11: 8: 4:854 |    1)  30810; Finish init decoder.
INFO    (11: 8: 4:854 |    0)  30810; [miaokai] Decoded 1st frame from stream 1998611553.

INFO    (11: 8: 4:880 |   26)  30800; [pm] peer 5 has enabled local video
INFO    (11: 8: 4:880 |    0)  30800; video setPeerVideoMuteStatus: uid 5 muted 0
INFO    (11: 8: 4:880 |    0)  30801; User 5 enabled local video 1
INFO    (11: 8: 8:793 |    0)  30800; [rlbs] selected: 199.190.44.35:9700
INFO    (11: 8: 8:793 |    0)  30800; [rlbs] request rs list from 199.190.44.35:9700.......
INFO    (11: 8: 8:793 |    0)  30800; [rs] **report stats: seq: 19, report list size 19, tx/rx: 3237/672, cache size: 0, report success rate: -1
INFO    (11: 8: 9:  0 |    0)  30800; [rlbs/u] responsed from 199.190.44.35:9700 with servers 128.1.78.91:8000
INFO    (11: 8: 9: 47 |    0)  30785; user: 5 ,pcm frame count: 500 ,pcm frame confirm count: 0 ,yuv frame count: 39 ,yuv frame confirm count: 0 ,h264 frame count: 39 ,h264 frame confirm count: 0 
INFO    (11: 8: 9:129 |   82)  30810; [miaokai] Decoded 1st frame from stream 0.

INFO    (11: 8:10: 38 |    0)  30802; Audio statistics - play count: playout count = 201  signal level: far_in = 53
INFO    (11: 8:14: 52 |   14)  30785; user: 5 ,pcm frame count: 1001 ,pcm frame confirm count: 0 ,yuv frame count: 109 ,yuv frame confirm count: 0 ,h264 frame count: 109 ,h264 frame confirm count: 0 
INFO    (11: 8:19: 57 |    5)  30785; [ARS/15s]event cnts:1, audio pkts:0, mix audio pkts:0, yuv video pkts:0, h264 video pkts:0
INFO    (11: 8:19: 58 |    1)  30785; user: 5 ,pcm frame count: 1502 ,pcm frame confirm count: 0 ,yuv frame count: 176 ,yuv frame confirm count: 0 ,h264 frame count: 176 ,h264 frame confirm count: 0 
INFO    (11: 8:24: 48 |    0)  30802; Audio statistics - play count: playout count = 601  signal level: far_in = 72
INFO    (11: 8:24: 62 |   14)  30785; user: 5 ,pcm frame count: 2002 ,pcm frame confirm count: 0 ,yuv frame count: 253 ,yuv frame confirm count: 0 ,h264 frame count: 253 ,h264 frame confirm count: 0 
INFO    (11: 8:29: 68 |    6)  30785; user: 5 ,pcm frame count: 2503 ,pcm frame confirm count: 0 ,yuv frame count: 321 ,yuv frame confirm count: 0 ,h264 frame count: 321 ,h264 frame confirm count: 0 
INFO    (11: 8:34: 73 |    5)  30785; [ARS/15s]event cnts:0, audio pkts:0, mix audio pkts:0, yuv video pkts:0, h264 video pkts:0
INFO    (11: 8:34: 73 |    0)  30785; user: 5 ,pcm frame count: 3003 ,pcm frame confirm count: 0 ,yuv frame count: 392 ,yuv frame confirm count: 0 ,h264 frame count: 392 ,h264 frame confirm count: 0 
INFO    (11: 8:37:794 |  721)  30800; **CALL STATS: duraton 31s cpu app/total 4.12/4.14 battery 255 tx/rx: 12/386 kbps 49.242K/1.321M bytes
INFO    (11: 8:39: 78 |    0)  30785; user: 5 ,pcm frame count: 3504 ,pcm frame confirm count: 0 ,yuv frame count: 463 ,yuv frame confirm count: 0 ,h264 frame count: 463 ,h264 frame confirm count: 0 
INFO    (11: 8:42: 58 |    0)  30802; Audio statistics - play count: playout count = 600  signal level: far_in = 87
INFO    (11: 8:43:794 |  736)  30800; [rs] **report stats: seq: 61, report list size 61, tx/rx: 11849/2928, cache size: 0, report success rate: 100
INFO    (11: 8:44: 82 |    0)  30785; user: 5 ,pcm frame count: 4004 ,pcm frame confirm count: 0 ,yuv frame count: 533 ,yuv frame confirm count: 0 ,h264 frame count: 533 ,h264 frame confirm count: 0 
INFO    (11: 8:49: 88 |    6)  30785; [ARS/15s]event cnts:0, audio pkts:0, mix audio pkts:0, yuv video pkts:0, h264 video pkts:0
INFO    (11: 8:49: 88 |    0)  30785; user: 5 ,pcm frame count: 4505 ,pcm frame confirm count: 0 ,yuv frame count: 606 ,yuv frame confirm count: 0 ,h264 frame count: 606 ,h264 frame confirm count: 0 
INFO    (11: 8:54: 93 |    5)  30785; user: 5 ,pcm frame count: 5005 ,pcm frame confirm count: 0 ,yuv frame count: 680 ,yuv frame confirm count: 0 ,h264 frame count: 680 ,h264 frame confirm count: 0 
INFO    (11: 8:59: 97 |    4)  30785; user: 5 ,pcm frame count: 5505 ,pcm frame confirm count: 0 ,yuv frame count: 754 ,yuv frame confirm count: 0 ,h264 frame count: 754 ,h264 frame confirm count: 0 
INFO    (11: 8:59:560 |  463)  30800; [pm] peer 5 is offline: quit
INFO    (11: 8:59:560 |    0)  30801; User 5 quit
INFO    (11: 8:59:561 |    1)  30800; stopRemoteVideo: uid=5
INFO    (11: 8:59:561 |    0)  30810; Thread with name:videoDecodeThread stopped
INFO    (11: 8:59:561 |    0)  30800; Destroy decoder.
INFO    (11: 8:59:561 |    0)  30800; Destroy decoder.
INFO    (11: 9: 0: 20 |    0)  30800; notifyPeerCount: cnt 0
INFO    (11: 9: 0: 68 |   48)  30802; Audio statistics - play count: playout count = 600  signal level: far_in = 78
INFO    (11: 9: 4: 65 |    0)  30785; [ARS/15s]event cnts:1, audio pkts:0, mix audio pkts:0, yuv video pkts:0, h264 video pkts:0
INFO    (11: 9: 9:793 |  728)  30800; **CALL STATS: duraton 1m3s cpu app/total 4.14/4.8 battery 255 tx/rx: 2/1 kbps 87.872K/2.385M bytes
INFO    (11: 9:11:829 |   36)  30800; audio setPeerAudioMuteStatus: uid 5 muted 0
INFO    (11: 9:11:830 |    1)  30800; video setPeerVideoMuteStatus: uid 5 muted 0
INFO    (11: 9:11:830 |    0)  30800; [pm] peer 5 is online
INFO    (11: 9:11:830 |    0)  30801; offset 68037ms: 5 joined the channel
INFO    (11: 9:11:830 |    0)  30801; User 5 request 0 stream
INFO    (11: 9:11:830 |    0)  30800; notifyPeerCount: cnt 1
INFO    (11: 9:11:830 |    0)  30800; onFirstRemoteAudioFrame uid 5 codec 85 elapsed 68038
INFO    (11: 9:11:830 |    0)  30800; onTracerFirstRemoteAudio uid 5 codec 85 elapsed 68038
INFO    (11: 9:11:831 |    1)  30800; [rp] {"rtc.video.set_remote_video_stream":{"uid":5,"stream":0},"che.video.setstream":{"uid":5,"stream":0}}
INFO    (11: 9:11:831 |    0)  30800; [pm] switch video stream type peer 5 type 0
INFO    (11: 9:11:831 |    0)  30800; switchStream (5): current 0 lastRequested -1 newRequested 0
INFO    (11: 9:11:831 |    0)  30800; switchStream (uid 5 fromNetOb 0): switch to 0
WARN    (11: 9:11:831 |    0)  30800; [MYDEBUG] set wanted stream master for 5
INFO    (11: 9:11:831 |    0)  30800; [cc] request to switch user 5 video stream to 0
INFO    (11: 9:11:940 |  109)  30800; More than 20 small ts frames arrived, flush neteq buffer
WARN    (11: 9:11:969 |   29)  30800; InsertPacketInternal: Packet buffer flushed
WARN    (11: 9:11:977 |    8)  30802; DoRfc3389Cng payloadtype(85) not supported
WARN    (11: 9:11:977 |    0)  30802; DoRfc3389Cng payloadtype(99) corrected, fs 32000
WARN    (11: 9:12: 38 |    0)  30802; statistics calculator seqn error prev 1393 curr 11
INFO    (11: 9:12:340 |  302)  30800; onTracerFirstRemoteVideo uid 5 codec 4 elapsed 68547
INFO    (11: 9:12:340 |    0)  30800; Codec: VP8, Payload type 100, Height 360, Width 640, Bitrate 200,Framerate 15.
INFO    (11: 9:12:341 |    1)  30800; Codec: H264, Payload type 107, Height 360, Width 640, Bitrate 200,Framerate 15.
INFO    (11: 9:12:341 |    0)  30930; Thread with name:videoDecodeThread started 
INFO    (11: 9:12:341 |    0)  30930; Destroy decoder.
INFO    (11: 9:12:341 |    0)  30930; Finish init decoder.
INFO    (11: 9:12:341 |    0)  30930; [miaokai] Decoded 1st frame from stream 1998611553.

INFO    (11: 9:13:832 |  491)  30785; user: 5 ,pcm frame count: 1427 ,pcm frame confirm count: 0 ,yuv frame count: 7 ,yuv frame confirm count: 0 ,h264 frame count: 7 ,h264 frame confirm count: 0 
INFO    (11: 9:18: 88 |    0)  30802; Audio statistics - play count: playout count = 601  signal level: far_in = 80
INFO    (11: 9:18:793 |  705)  30800; [rs] **report stats: seq: 101, report list size 101, tx/rx: 18642/4848, cache size: 0, report success rate: 100
INFO    (11: 9:18:837 |   44)  30785; [ARS/15s]event cnts:1, audio pkts:0, mix audio pkts:0, yuv video pkts:0, h264 video pkts:0
INFO    (11: 9:18:838 |    1)  30785; user: 5 ,pcm frame count: 1927 ,pcm frame confirm count: 0 ,yuv frame count: 77 ,yuv frame confirm count: 0 ,h264 frame count: 77 ,h264 frame confirm count: 0 
INFO    (11: 9:23:843 |    5)  30785; user: 5 ,pcm frame count: 2428 ,pcm frame confirm count: 0 ,yuv frame count: 151 ,yuv frame confirm count: 0 ,h264 frame count: 151 ,h264 frame confirm count: 0 
INFO    (11: 9:28:848 |    5)  30785; user: 5 ,pcm frame count: 2929 ,pcm frame confirm count: 0 ,yuv frame count: 217 ,yuv frame confirm count: 0 ,h264 frame count: 217 ,h264 frame confirm count: 0 
INFO    (11: 9:33:853 |    5)  30785; [ARS/15s]event cnts:0, audio pkts:0, mix audio pkts:0, yuv video pkts:0, h264 video pkts:0
INFO    (11: 9:33:853 |    0)  30785; user: 5 ,pcm frame count: 3429 ,pcm frame confirm count: 0 ,yuv frame count: 283 ,yuv frame confirm count: 0 ,h264 frame count: 283 ,h264 frame confirm count: 0 
INFO    (11: 9:36: 98 |    0)  30802; Audio statistics - play count: playout count = 600  signal level: far_in = 87
INFO    (11: 9:38:857 |  759)  30785; user: 5 ,pcm frame count: 3930 ,pcm frame confirm count: 0 ,yuv frame count: 354 ,yuv frame confirm count: 0 ,h264 frame count: 354 ,h264 frame confirm count: 0 
INFO    (11: 9:41:794 |    0)  30800; **CALL STATS: duraton 1m35s cpu app/total 4.30/19.48 battery 255 tx/rx: 13/385 kbps 129.649K/3.515M bytes
INFO    (11: 9:43:863 |   69)  30785; user: 5 ,pcm frame count: 4430 ,pcm frame confirm count: 0 ,yuv frame count: 421 ,yuv frame confirm count: 0 ,h264 frame count: 421 ,h264 frame confirm count: 0 
INFO    (11: 9:48:867 |    4)  30785; [ARS/15s]event cnts:0, audio pkts:0, mix audio pkts:0, yuv video pkts:0, h264 video pkts:0
INFO    (11: 9:48:867 |    0)  30785; user: 5 ,pcm frame count: 4930 ,pcm frame confirm count: 0 ,yuv frame count: 489 ,yuv frame confirm count: 0 ,h264 frame count: 489 ,h264 frame confirm count: 0 
INFO    (11: 9:53:793 |    0)  30800; [rs] **report stats: seq: 142, report list size 84, tx/rx: 25820/6816, cache size: 0, report success rate: 100
INFO    (11: 9:53:871 |   78)  30785; user: 5 ,pcm frame count: 5431 ,pcm frame confirm count: 0 ,yuv frame count: 552 ,yuv frame confirm count: 0 ,h264 frame count: 552 ,h264 frame confirm count: 0 
INFO    (11: 9:54:118 |    0)  30802; Audio statistics - play count: playout count = 601  signal level: far_in = 88
INFO    (11: 9:58:877 |  759)  30785; user: 5 ,pcm frame count: 5931 ,pcm frame confirm count: 0 ,yuv frame count: 632 ,yuv frame confirm count: 0 ,h264 frame count: 632 ,h264 frame confirm count: 0 
INFO    (11:10: 0:930 |   53)  30800; [pm] peer 5 is offline: quit
INFO    (11:10: 0:931 |    1)  30801; User 5 quit
INFO    (11:10: 0:931 |    0)  30800; stopRemoteVideo: uid=5
INFO    (11:10: 0:932 |    1)  30930; Thread with name:videoDecodeThread stopped
INFO    (11:10: 0:932 |    0)  30800; Destroy decoder.
INFO    (11:10: 0:932 |    0)  30800; Destroy decoder.
INFO    (11:10: 2: 20 |    0)  30800; notifyPeerCount: cnt 0
INFO    (11:10: 3:935 |  915)  30785; [ARS/15s]event cnts:1, audio pkts:0, mix audio pkts:0, yuv video pkts:0, h264 video pkts:0
INFO    (11:10:12:127 |    0)  30802; Audio statistics - play count: playout count = 600  signal level: far_in = 0
INFO    (11:10:13:793 |  666)  30800; **CALL STATS: duraton 2m7s cpu app/total 3.70/2.10 battery 255 tx/rx: 0/0 kbps 162.730K/4.386M bytes
INFO    (11:10:18:949 |  156)  30785; [ARS/15s]event cnts:0, audio pkts:0, mix audio pkts:0, yuv video pkts:0, h264 video pkts:0
INFO    (11:10:19:410 |    0)  30800; audio setPeerAudioMuteStatus: uid 5 muted 0
INFO    (11:10:19:410 |    0)  30800; video setPeerVideoMuteStatus: uid 5 muted 0
INFO    (11:10:19:410 |    0)  30800; [pm] peer 5 is online
INFO    (11:10:19:410 |    0)  30801; offset 135618ms: 5 joined the channel
INFO    (11:10:19:410 |    0)  30801; User 5 request 0 stream
INFO    (11:10:19:411 |    1)  30800; notifyPeerCount: cnt 1
INFO    (11:10:19:411 |    0)  30800; onFirstRemoteAudioFrame uid 5 codec 85 elapsed 135619
INFO    (11:10:19:412 |    1)  30800; onTracerFirstRemoteAudio uid 5 codec 85 elapsed 135619
INFO    (11:10:19:412 |    0)  30800; [rp] {"rtc.video.set_remote_video_stream":{"uid":5,"stream":0},"che.video.setstream":{"uid":5,"stream":0}}
INFO    (11:10:19:412 |    0)  30800; [pm] switch video stream type peer 5 type 0
INFO    (11:10:19:413 |    1)  30800; switchStream (5): current 0 lastRequested 0 newRequested 0
INFO    (11:10:19:750 |  337)  30800; onTracerFirstRemoteVideo uid 5 codec 4 elapsed 135957
INFO    (11:10:19:750 |    0)  30800; Codec: VP8, Payload type 100, Height 360, Width 640, Bitrate 200,Framerate 15.
INFO    (11:10:19:750 |    0)  30800; Codec: H264, Payload type 107, Height 360, Width 640, Bitrate 200,Framerate 15.
INFO    (11:10:19:751 |    1)  31035; Thread with name:videoDecodeThread started 
INFO    (11:10:19:751 |    0)  31035; Destroy decoder.
INFO    (11:10:19:751 |    0)  31035; Finish init decoder.
INFO    (11:10:19:751 |    0)  31035; [miaokai] Decoded 1st frame from stream 1998611553.

INFO    (11:10:23:915 |  164)  30785; user: 5 ,pcm frame count: 1910 ,pcm frame confirm count: 0 ,yuv frame count: 54 ,yuv frame confirm count: 0 ,h264 frame count: 54 ,h264 frame confirm count: 0 
INFO    (11:10:28:793 |    0)  30800; [rs] **report stats: seq: 173, report list size 79, tx/rx: 31197/8304, cache size: 0, report success rate: 100
INFO    (11:10:28:920 |  127)  30785; user: 5 ,pcm frame count: 2411 ,pcm frame confirm count: 0 ,yuv frame count: 129 ,yuv frame confirm count: 0 ,h264 frame count: 129 ,h264 frame confirm count: 0 
INFO    (11:10:30:138 |    0)  30802; Audio statistics - play count: playout count = 601  signal level: far_in = 70
INFO    (11:10:33:926 |  788)  30785; [ARS/15s]event cnts:1, audio pkts:0, mix audio pkts:0, yuv video pkts:0, h264 video pkts:0
INFO    (11:10:33:926 |    0)  30785; user: 5 ,pcm frame count: 2911 ,pcm frame confirm count: 0 ,yuv frame count: 203 ,yuv frame confirm count: 0 ,h264 frame count: 203 ,h264 frame confirm count: 0 
INFO    (11:10:38:930 |    4)  30785; user: 5 ,pcm frame count: 3412 ,pcm frame confirm count: 0 ,yuv frame count: 274 ,yuv frame confirm count: 0 ,h264 frame count: 274 ,h264 frame confirm count: 0 
INFO    (11:10:43:934 |    4)  30785; user: 5 ,pcm frame count: 3912 ,pcm frame confirm count: 0 ,yuv frame count: 351 ,yuv frame confirm count: 0 ,h264 frame count: 351 ,h264 frame confirm count: 0 
INFO    (11:10:45:794 |    0)  30800; **CALL STATS: duraton 2m39s cpu app/total 3.86/20.51 battery 255 tx/rx: 12/383 kbps 201.535K/5.436M bytes
INFO    (11:10:48:138 |    0)  30802; Audio statistics - play count: playout count = 600  signal level: far_in = 68
INFO    (11:10:48:939 |  801)  30785; [ARS/15s]event cnts:0, audio pkts:0, mix audio pkts:0, yuv video pkts:0, h264 video pkts:0
INFO    (11:10:48:939 |    0)  30785; user: 5 ,pcm frame count: 4413 ,pcm frame confirm count: 0 ,yuv frame count: 424 ,yuv frame confirm count: 0 ,h264 frame count: 424 ,h264 frame confirm count: 0 
INFO    (11:10:53:944 |    5)  30785; user: 5 ,pcm frame count: 4913 ,pcm frame confirm count: 0 ,yuv frame count: 486 ,yuv frame confirm count: 0 ,h264 frame count: 486 ,h264 frame confirm count: 0 
INFO    (11:10:58:793 |    0)  30800; [rs] **report stats: seq: 207, report list size 77, tx/rx: 37141/9936, cache size: 0, report success rate: 100
INFO    (11:10:58:948 |  155)  30785; user: 5 ,pcm frame count: 5414 ,pcm frame confirm count: 0 ,yuv frame count: 533 ,yuv frame confirm count: 0 ,h264 frame count: 533 ,h264 frame confirm count: 0 
INFO    (11:11: 1:920 |    0)  31035; [miaokai] Decoded 1st frame from stream 0.

INFO    (11:11: 3:953 |   33)  30785; [ARS/15s]event cnts:0, audio pkts:0, mix audio pkts:0, yuv video pkts:0, h264 video pkts:0
INFO    (11:11: 3:953 |    0)  30785; user: 5 ,pcm frame count: 5914 ,pcm frame confirm count: 0 ,yuv frame count: 604 ,yuv frame confirm count: 0 ,h264 frame count: 604 ,h264 frame confirm count: 0 
INFO    (11:11: 6:158 |    0)  30802; Audio statistics - play count: playout count = 600  signal level: far_in = 41
INFO    (11:11: 8:958 |  800)  30785; user: 5 ,pcm frame count: 6415 ,pcm frame confirm count: 0 ,yuv frame count: 667 ,yuv frame confirm count: 0 ,h264 frame count: 667 ,h264 frame confirm count: 0 
INFO    (11:11:13:962 |    4)  30785; user: 5 ,pcm frame count: 6915 ,pcm frame confirm count: 0 ,yuv frame count: 734 ,yuv frame confirm count: 0 ,h264 frame count: 734 ,h264 frame confirm count: 0 
INFO    (11:11:17:794 |    0)  30800; **CALL STATS: duraton 3m11s cpu app/total 3.84/4.83 battery 255 tx/rx: 18/365 kbps 252.24K/6.575M bytes
INFO    (11:11:18:966 |  172)  30785; [ARS/15s]event cnts:0, audio pkts:0, mix audio pkts:0, yuv video pkts:0, h264 video pkts:0
INFO    (11:11:18:966 |    0)  30785; user: 5 ,pcm frame count: 7415 ,pcm frame confirm count: 0 ,yuv frame count: 808 ,yuv frame confirm count: 0 ,h264 frame count: 808 ,h264 frame confirm count: 0 
INFO    (11:11:23:972 |    6)  30785; user: 5 ,pcm frame count: 7916 ,pcm frame confirm count: 0 ,yuv frame count: 890 ,yuv frame confirm count: 0 ,h264 frame count: 890 ,h264 frame confirm count: 0 
INFO    (11:11:24:168 |    0)  30802; Audio statistics - play count: playout count = 600  signal level: far_in = 58
INFO    (11:11:28:977 |  809)  30785; user: 5 ,pcm frame count: 8416 ,pcm frame confirm count: 0 ,yuv frame count: 965 ,yuv frame confirm count: 0 ,h264 frame count: 965 ,h264 frame confirm count: 0 
INFO    (11:11:33:793 |    0)  30800; [rs] **report stats: seq: 247, report list size 89, tx/rx: 44230/11808, cache size: 0, report success rate: 100
INFO    (11:11:33:981 |  188)  30785; [ARS/15s]event cnts:0, audio pkts:0, mix audio pkts:0, yuv video pkts:0, h264 video pkts:0
INFO    (11:11:33:981 |    0)  30785; user: 5 ,pcm frame count: 8917 ,pcm frame confirm count: 0 ,yuv frame count: 1041 ,yuv frame confirm count: 0 ,h264 frame count: 1041 ,h264 frame confirm count: 0 
INFO    (11:11:38:986 |    5)  30785; user: 5 ,pcm frame count: 9417 ,pcm frame confirm count: 0 ,yuv frame count: 1120 ,yuv frame confirm count: 0 ,h264 frame count: 1120 ,h264 frame confirm count: 0 
INFO    (11:11:42:168 |    0)  30802; Audio statistics - play count: playout count = 600  signal level: far_in = 76
INFO    (11:11:43:991 |  823)  30785; user: 5 ,pcm frame count: 9918 ,pcm frame confirm count: 0 ,yuv frame count: 1195 ,yuv frame confirm count: 0 ,h264 frame count: 1195 ,h264 frame confirm count: 0 
INFO    (11:11:48:996 |    5)  30785; [ARS/15s]event cnts:0, audio pkts:0, mix audio pkts:0, yuv video pkts:0, h264 video pkts:0
INFO    (11:11:48:997 |    1)  30785; user: 5 ,pcm frame count: 10418 ,pcm frame confirm count: 0 ,yuv frame count: 1268 ,yuv frame confirm count: 0 ,h264 frame count: 1268 ,h264 frame confirm count: 0 
INFO    (11:11:49:793 |    0)  30800; **CALL STATS: duraton 3m43s cpu app/total 4.34/2.73 battery 255 tx/rx: 12/333 kbps 302.878K/7.783M bytes
INFO    (11:11:54:  0 |    0)  30785; user: 5 ,pcm frame count: 10919 ,pcm frame confirm count: 0 ,yuv frame count: 1352 ,yuv frame confirm count: 0 ,h264 frame count: 1352 ,h264 frame confirm count: 0 
INFO    (11:11:59:  5 |    0)  30785; user: 5 ,pcm frame count: 11419 ,pcm frame confirm count: 0 ,yuv frame count: 1427 ,yuv frame confirm count: 0 ,h264 frame count: 1427 ,h264 frame confirm count: 0 
INFO    (11:12: 0:168 |  163)  30802; Audio statistics - play count: playout count = 600  signal level: far_in = 65
INFO    (11:12: 4: 10 |    0)  30785; [ARS/15s]event cnts:0, audio pkts:0, mix audio pkts:0, yuv video pkts:0, h264 video pkts:0
INFO    (11:12: 4: 10 |    0)  30785; user: 5 ,pcm frame count: 11920 ,pcm frame confirm count: 0 ,yuv frame count: 1503 ,yuv frame confirm count: 0 ,h264 frame count: 1503 ,h264 frame confirm count: 0 
INFO    (11:12: 8:793 |  783)  30800; [rs] **report stats: seq: 287, report list size 86, tx/rx: 51180/13776, cache size: 0, report success rate: 100
INFO    (11:12: 9: 17 |    0)  30785; user: 5 ,pcm frame count: 12420 ,pcm frame confirm count: 0 ,yuv frame count: 1574 ,yuv frame confirm count: 0 ,h264 frame count: 1574 ,h264 frame confirm count: 0 
INFO    (11:12:14: 21 |    4)  30785; user: 5 ,pcm frame count: 12921 ,pcm frame confirm count: 0 ,yuv frame count: 1647 ,yuv frame confirm count: 0 ,h264 frame count: 1647 ,h264 frame confirm count: 0 
INFO    (11:12:18:178 |  157)  30802; Audio statistics - play count: playout count = 600  signal level: far_in = 55
INFO    (11:12:19: 28 |    0)  30785; [ARS/15s]event cnts:0, audio pkts:0, mix audio pkts:0, yuv video pkts:0, h264 video pkts:0
INFO    (11:12:19: 28 |    0)  30785; user: 5 ,pcm frame count: 13422 ,pcm frame confirm count: 0 ,yuv frame count: 1714 ,yuv frame confirm count: 0 ,h264 frame count: 1714 ,h264 frame confirm count: 0 
INFO    (11:12:19:794 |  766)  30800; **CALL STATS: duraton 4m13s cpu app/total 4.34/7.6 battery 255 tx/rx: 11/417 kbps 349.521K/9.244M bytes
INFO    (11:12:24: 32 |    0)  30785; user: 5 ,pcm frame count: 13922 ,pcm frame confirm count: 0 ,yuv frame count: 1796 ,yuv frame confirm count: 0 ,h264 frame count: 1796 ,h264 frame confirm count: 0 
INFO    (11:12:29: 36 |    4)  30785; user: 5 ,pcm frame count: 14422 ,pcm frame confirm count: 0 ,yuv frame count: 1871 ,yuv frame confirm count: 0 ,h264 frame count: 1871 ,h264 frame confirm count: 0 
INFO    (11:12:34: 40 |    4)  30785; [ARS/15s]event cnts:0, audio pkts:0, mix audio pkts:0, yuv video pkts:0, h264 video pkts:0
INFO    (11:12:34: 40 |    0)  30785; user: 5 ,pcm frame count: 14923 ,pcm frame confirm count: 0 ,yuv frame count: 1939 ,yuv frame confirm count: 0 ,h264 frame count: 1939 ,h264 frame confirm count: 0 
INFO    (11:12:36:198 |  158)  30802; Audio statistics - play count: playout count = 601  signal level: far_in = 55
INFO    (11:12:38:793 |  595)  30800; [rs] **report stats: seq: 320, report list size 86, tx/rx: 57028/15360, cache size: 0, report success rate: 100
INFO    (11:12:39: 45 |    0)  30785; user: 5 ,pcm frame count: 15423 ,pcm frame confirm count: 0 ,yuv frame count: 2010 ,yuv frame confirm count: 0 ,h264 frame count: 2010 ,h264 frame confirm count: 0 
INFO    (11:12:44: 50 |    5)  30785; user: 5 ,pcm frame count: 15924 ,pcm frame confirm count: 0 ,yuv frame count: 2085 ,yuv frame confirm count: 0 ,h264 frame count: 2085 ,h264 frame confirm count: 0 
INFO    (11:12:49: 55 |    5)  30785; [ARS/15s]event cnts:0, audio pkts:0, mix audio pkts:0, yuv video pkts:0, h264 video pkts:0
INFO    (11:12:49: 56 |    1)  30785; user: 5 ,pcm frame count: 16424 ,pcm frame confirm count: 0 ,yuv frame count: 2152 ,yuv frame confirm count: 0 ,h264 frame count: 2152 ,h264 frame confirm count: 0 
INFO    (11:12:51:794 |  738)  30800; **CALL STATS: duraton 4m45s cpu app/total 4.32/3.26 battery 255 tx/rx: 12/443 kbps 397.488K/10.796M bytes
INFO    (11:12:54: 61 |    0)  30785; user: 5 ,pcm frame count: 16925 ,pcm frame confirm count: 0 ,yuv frame count: 2224 ,yuv frame confirm count: 0 ,h264 frame count: 2224 ,h264 frame confirm count: 0 
INFO    (11:12:54:208 |  147)  30802; Audio statistics - play count: playout count = 600  signal level: far_in = 77
INFO    (11:12:59: 66 |    0)  30785; user: 5 ,pcm frame count: 17425 ,pcm frame confirm count: 0 ,yuv frame count: 2299 ,yuv frame confirm count: 0 ,h264 frame count: 2299 ,h264 frame confirm count: 0 
INFO    (11:13: 4: 72 |    6)  30785; [ARS/15s]event cnts:0, audio pkts:0, mix audio pkts:0, yuv video pkts:0, h264 video pkts:0
INFO    (11:13: 4: 72 |    0)  30785; user: 5 ,pcm frame count: 17926 ,pcm frame confirm count: 0 ,yuv frame count: 2372 ,yuv frame confirm count: 0 ,h264 frame count: 2372 ,h264 frame confirm count: 0 
INFO    (11:13: 9: 77 |    5)  30785; user: 5 ,pcm frame count: 18426 ,pcm frame confirm count: 0 ,yuv frame count: 2444 ,yuv frame confirm count: 0 ,h264 frame count: 2444 ,h264 frame confirm count: 0 
INFO    (11:13:12:208 |  131)  30802; Audio statistics - play count: playout count = 600  signal level: far_in = 82
INFO    (11:13:13:793 |  585)  30800; [rs] **report stats: seq: 360, report list size 85, tx/rx: 63896/17280, cache size: 0, report success rate: 100
INFO    (11:13:14: 84 |    0)  30785; user: 5 ,pcm frame count: 18927 ,pcm frame confirm count: 0 ,yuv frame count: 2511 ,yuv frame confirm count: 0 ,h264 frame count: 2511 ,h264 frame confirm count: 0 
INFO    (11:13:19: 89 |    5)  30785; [ARS/15s]event cnts:0, audio pkts:0, mix audio pkts:0, yuv video pkts:0, h264 video pkts:0
INFO    (11:13:19: 89 |    0)  30785; user: 5 ,pcm frame count: 19428 ,pcm frame confirm count: 0 ,yuv frame count: 2586 ,yuv frame confirm count: 0 ,h264 frame count: 2586 ,h264 frame confirm count: 0 
INFO    (11:13:23:794 |  705)  30800; **CALL STATS: duraton 5m17s cpu app/total 4.41/3.80 battery 255 tx/rx: 14/482 kbps 446.982K/12.445M bytes
INFO    (11:13:24: 94 |    0)  30785; user: 5 ,pcm frame count: 19928 ,pcm frame confirm count: 0 ,yuv frame count: 2663 ,yuv frame confirm count: 0 ,h264 frame count: 2663 ,h264 frame confirm count: 0 
INFO    (11:13:29: 99 |    5)  30785; user: 5 ,pcm frame count: 20429 ,pcm frame confirm count: 0 ,yuv frame count: 2738 ,yuv frame confirm count: 0 ,h264 frame count: 2738 ,h264 frame confirm count: 0 
INFO    (11:13:30:218 |  119)  30802; Audio statistics - play count: playout count = 600  signal level: far_in = 75
INFO    (11:13:34:104 |    0)  30785; [ARS/15s]event cnts:0, audio pkts:0, mix audio pkts:0, yuv video pkts:0, h264 video pkts:0
INFO    (11:13:34:104 |    0)  30785; user: 5 ,pcm frame count: 20929 ,pcm frame confirm count: 0 ,yuv frame count: 2813 ,yuv frame confirm count: 0 ,h264 frame count: 2813 ,h264 frame confirm count: 0 
INFO    (11:13:39:108 |    4)  30785; user: 5 ,pcm frame count: 21430 ,pcm frame confirm count: 0 ,yuv frame count: 2888 ,yuv frame confirm count: 0 ,h264 frame count: 2888 ,h264 frame confirm count: 0 
INFO    (11:13:43:794 |  686)  30800; [rs] **report stats: seq: 395, report list size 86, tx/rx: 69973/18960, cache size: 0, report success rate: 100
INFO    (11:13:44:113 |    0)  30785; user: 5 ,pcm frame count: 21930 ,pcm frame confirm count: 0 ,yuv frame count: 2960 ,yuv frame confirm count: 0 ,h264 frame count: 2960 ,h264 frame confirm count: 0 
INFO    (11:13:48:228 |  115)  30802; Audio statistics - play count: playout count = 600  signal level: far_in = 74
INFO    (11:13:49:118 |    0)  30785; [ARS/15s]event cnts:0, audio pkts:0, mix audio pkts:0, yuv video pkts:0, h264 video pkts:0
INFO    (11:13:49:118 |    0)  30785; user: 5 ,pcm frame count: 22431 ,pcm frame confirm count: 0 ,yuv frame count: 3031 ,yuv frame confirm count: 0 ,h264 frame count: 3031 ,h264 frame confirm count: 0 
INFO    (11:13:54:123 |    5)  30785; user: 5 ,pcm frame count: 22931 ,pcm frame confirm count: 0 ,yuv frame count: 3037 ,yuv frame confirm count: 0 ,h264 frame count: 3037 ,h264 frame confirm count: 0 
INFO    (11:13:54:796 |  673)  31035; [miaokai] Decoded 1st frame from stream 32730.

INFO    (11:13:55:794 |    0)  30800; **CALL STATS: duraton 5m49s cpu app/total 4.34/3.78 battery 255 tx/rx: 4/69 kbps 491.988K/13.1001M bytes
INFO    (11:13:59:127 |    0)  30785; user: 5 ,pcm frame count: 23431 ,pcm frame confirm count: 0 ,yuv frame count: 3095 ,yuv frame confirm count: 0 ,h264 frame count: 3095 ,h264 frame confirm count: 0 
INFO    (11:14: 4:133 |    6)  30785; [ARS/15s]event cnts:0, audio pkts:0, mix audio pkts:0, yuv video pkts:0, h264 video pkts:0
INFO    (11:14: 4:133 |    0)  30785; user: 5 ,pcm frame count: 23932 ,pcm frame confirm count: 0 ,yuv frame count: 3150 ,yuv frame confirm count: 0 ,h264 frame count: 3150 ,h264 frame confirm count: 0 
INFO    (11:14: 6:248 |  115)  30802; Audio statistics - play count: playout count = 601  signal level: far_in = 73
INFO    (11:14: 9:138 |    0)  30785; user: 5 ,pcm frame count: 24433 ,pcm frame confirm count: 0 ,yuv frame count: 3218 ,yuv frame confirm count: 0 ,h264 frame count: 3218 ,h264 frame confirm count: 0 
INFO    (11:14:14:142 |    4)  30785; user: 5 ,pcm frame count: 24933 ,pcm frame confirm count: 0 ,yuv frame count: 3295 ,yuv frame confirm count: 0 ,h264 frame count: 3295 ,h264 frame confirm count: 0 
INFO    (11:14:18:793 |  651)  30800; [rs] **report stats: seq: 433, report list size 83, tx/rx: 76689/20784, cache size: 0, report success rate: 100
INFO    (11:14:19:148 |    0)  30785; [ARS/15s]event cnts:0, audio pkts:0, mix audio pkts:0, yuv video pkts:0, h264 video pkts:0
INFO    (11:14:19:148 |    0)  30785; user: 5 ,pcm frame count: 25434 ,pcm frame confirm count: 0 ,yuv frame count: 3373 ,yuv frame confirm count: 0 ,h264 frame count: 3373 ,h264 frame confirm count: 0 
INFO    (11:14:24:153 |    5)  30785; user: 5 ,pcm frame count: 25934 ,pcm frame confirm count: 0 ,yuv frame count: 3450 ,yuv frame confirm count: 0 ,h264 frame count: 3450 ,h264 frame confirm count: 0 
INFO    (11:14:24:248 |   95)  30802; Audio statistics - play count: playout count = 600  signal level: far_in = 55
INFO    (11:14:27:793 |  545)  30800; **CALL STATS: duraton 6m21s cpu app/total 4.89/19.89 battery 255 tx/rx: 12/209 kbps 545.206K/14.838M bytes
INFO    (11:14:29:158 |    0)  30785; user: 5 ,pcm frame count: 26435 ,pcm frame confirm count: 0 ,yuv frame count: 3525 ,yuv frame confirm count: 0 ,h264 frame count: 3525 ,h264 frame confirm count: 0 
INFO    (11:14:34:163 |    5)  30785; [ARS/15s]event cnts:0, audio pkts:0, mix audio pkts:0, yuv video pkts:0, h264 video pkts:0
INFO    (11:14:34:163 |    0)  30785; user: 5 ,pcm frame count: 26935 ,pcm frame confirm count: 0 ,yuv frame count: 3601 ,yuv frame confirm count: 0 ,h264 frame count: 3601 ,h264 frame confirm count: 0 
INFO    (11:14:39:168 |    5)  30785; user: 5 ,pcm frame count: 27436 ,pcm frame confirm count: 0 ,yuv frame count: 3681 ,yuv frame confirm count: 0 ,h264 frame count: 3681 ,h264 frame confirm count: 0 
INFO    (11:14:42:258 |   90)  30802; Audio statistics - play count: playout count = 601  signal level: far_in = 87
INFO    (11:14:44:172 |    0)  30785; user: 5 ,pcm frame count: 27936 ,pcm frame confirm count: 0 ,yuv frame count: 3759 ,yuv frame confirm count: 0 ,h264 frame count: 3759 ,h264 frame confirm count: 0 
INFO    (11:14:49:177 |    5)  30785; [ARS/15s]event cnts:0, audio pkts:0, mix audio pkts:0, yuv video pkts:0, h264 video pkts:0
INFO    (11:14:49:177 |    0)  30785; user: 5 ,pcm frame count: 28436 ,pcm frame confirm count: 0 ,yuv frame count: 3836 ,yuv frame confirm count: 0 ,h264 frame count: 3836 ,h264 frame confirm count: 0 
INFO    (11:14:53:794 |  617)  30800; [rs] **report stats: seq: 475, report list size 85, tx/rx: 83993/22800, cache size: 0, report success rate: 100
INFO    (11:14:54:181 |    0)  30785; user: 5 ,pcm frame count: 28937 ,pcm frame confirm count: 0 ,yuv frame count: 3912 ,yuv frame confirm count: 0 ,h264 frame count: 3912 ,h264 frame confirm count: 0 
INFO    (11:14:59:186 |    5)  30785; user: 5 ,pcm frame count: 29437 ,pcm frame confirm count: 0 ,yuv frame count: 3988 ,yuv frame confirm count: 0 ,h264 frame count: 3988 ,h264 frame confirm count: 0 
INFO    (11:14:59:793 |  607)  30800; **CALL STATS: duraton 6m53s cpu app/total 4.44/4.91 battery 255 tx/rx: 13/362 kbps 596.700K/15.913M bytes
INFO    (11:15: 0:268 |    0)  30802; Audio statistics - play count: playout count = 600  signal level: far_in = 78
INFO    (11:15: 4:191 |    0)  30785; [ARS/15s]event cnts:0, audio pkts:0, mix audio pkts:0, yuv video pkts:0, h264 video pkts:0
INFO    (11:15: 4:191 |    0)  30785; user: 5 ,pcm frame count: 29938 ,pcm frame confirm count: 0 ,yuv frame count: 4065 ,yuv frame confirm count: 0 ,h264 frame count: 4065 ,h264 frame confirm count: 0 
INFO    (11:15: 9:195 |    4)  30785; user: 5 ,pcm frame count: 30438 ,pcm frame confirm count: 0 ,yuv frame count: 4141 ,yuv frame confirm count: 0 ,h264 frame count: 4141 ,h264 frame confirm count: 0 
INFO    (11:15:14:201 |    6)  30785; user: 5 ,pcm frame count: 30939 ,pcm frame confirm count: 0 ,yuv frame count: 4217 ,yuv frame confirm count: 0 ,h264 frame count: 4217 ,h264 frame confirm count: 0 
INFO    (11:15:18:288 |   87)  30802; Audio statistics - play count: playout count = 601  signal level: far_in = 58
INFO    (11:15:19:205 |    0)  30785; [ARS/15s]event cnts:0, audio pkts:0, mix audio pkts:0, yuv video pkts:0, h264 video pkts:0
INFO    (11:15:19:205 |    0)  30785; user: 5 ,pcm frame count: 31439 ,pcm frame confirm count: 0 ,yuv frame count: 4290 ,yuv frame confirm count: 0 ,h264 frame count: 4290 ,h264 frame confirm count: 0 
INFO    (11:15:24:210 |    5)  30785; user: 5 ,pcm frame count: 31940 ,pcm frame confirm count: 0 ,yuv frame count: 4365 ,yuv frame confirm count: 0 ,h264 frame count: 4365 ,h264 frame confirm count: 0 
INFO    (11:15:28:794 |  584)  30800; [rs] **report stats: seq: 515, report list size 86, tx/rx: 90928/24720, cache size: 0, report success rate: 100
INFO    (11:15:29:214 |    0)  30785; user: 5 ,pcm frame count: 32440 ,pcm frame confirm count: 0 ,yuv frame count: 4443 ,yuv frame confirm count: 0 ,h264 frame count: 4443 ,h264 frame confirm count: 0 
INFO    (11:15:31:793 |  579)  30800; **CALL STATS: duraton 7m25s cpu app/total 4.41/8.10 battery 255 tx/rx: 12/479 kbps 647.137K/17.585M bytes
INFO    (11:15:34:219 |    0)  30785; [ARS/15s]event cnts:0, audio pkts:0, mix audio pkts:0, yuv video pkts:0, h264 video pkts:0
INFO    (11:15:34:220 |    1)  30785; user: 5 ,pcm frame count: 32941 ,pcm frame confirm count: 0 ,yuv frame count: 4517 ,yuv frame confirm count: 0 ,h264 frame count: 4517 ,h264 frame confirm count: 0 
INFO    (11:15:36:298 |   78)  30802; Audio statistics - play count: playout count = 600  signal level: far_in = 60
INFO    (11:15:39:223 |    0)  30785; user: 5 ,pcm frame count: 33441 ,pcm frame confirm count: 0 ,yuv frame count: 4572 ,yuv frame confirm count: 0 ,h264 frame count: 4572 ,h264 frame confirm count: 0 
INFO    (11:15:39:694 |  471)  31035; [miaokai] Decoded 1st frame from stream 0.

INFO    (11:15:44:228 |    0)  30785; user: 5 ,pcm frame count: 33942 ,pcm frame confirm count: 0 ,yuv frame count: 4623 ,yuv frame confirm count: 0 ,h264 frame count: 4623 ,h264 frame confirm count: 0 
INFO    (11:15:49:232 |    4)  30785; [ARS/15s]event cnts:0, audio pkts:0, mix audio pkts:0, yuv video pkts:0, h264 video pkts:0
INFO    (11:15:49:232 |    0)  30785; user: 5 ,pcm frame count: 34442 ,pcm frame confirm count: 0 ,yuv frame count: 4688 ,yuv frame confirm count: 0 ,h264 frame count: 4688 ,h264 frame confirm count: 0 
INFO    (11:15:54:237 |    5)  30785; user: 5 ,pcm frame count: 34942 ,pcm frame confirm count: 0 ,yuv frame count: 4755 ,yuv frame confirm count: 0 ,h264 frame count: 4755 ,h264 frame confirm count: 0 
INFO    (11:15:54:308 |   71)  30802; Audio statistics - play count: playout count = 600  signal level: far_in = 61
INFO    (11:15:59:241 |    0)  30785; user: 5 ,pcm frame count: 35443 ,pcm frame confirm count: 0 ,yuv frame count: 4789 ,yuv frame confirm count: 0 ,h264 frame count: 4789 ,h264 frame confirm count: 0 
INFO    (11:16: 0: 20 |    0)  30800; uid (5) disconnect, 1522667760020 - 1522667755510 = 4510
INFO    (11:16: 0: 20 |    0)  31035; Thread with name:videoDecodeThread stopped
INFO    (11:16: 0: 21 |    1)  30800; Destroy decoder.
INFO    (11:16: 0: 21 |    0)  30800; Destroy decoder.
INFO    (11:16: 3:794 |  773)  30800; [rs] **report stats: seq: 551, report list size 83, tx/rx: 97309/26448, cache size: 0, report success rate: 100
INFO    (11:16: 3:794 |    0)  30800; **CALL STATS: duraton 7m57s cpu app/total 6.48/5.46 battery 255 tx/rx: 2/1 kbps 691.594K/18.868M bytes
INFO    (11:16: 4:247 |    0)  30785; [ARS/15s]event cnts:0, audio pkts:0, mix audio pkts:0, yuv video pkts:0, h264 video pkts:0
INFO    (11:16: 4:247 |    0)  30785; user: 5 ,pcm frame count: 35943 ,pcm frame confirm count: 0 ,yuv frame count: 4789 ,yuv frame confirm count: 0 ,h264 frame count: 4789 ,h264 frame confirm count: 0 
INFO    (11:16: 9:252 |    5)  30785; user: 5 ,pcm frame count: 36444 ,pcm frame confirm count: 0 ,yuv frame count: 4789 ,yuv frame confirm count: 0 ,h264 frame count: 4789 ,h264 frame confirm count: 0 
INFO    (11:16:12:327 |   75)  30802; Audio statistics - play count: playout count = 601  signal level: far_in = 42
INFO    (11:16:14:257 |    0)  30785; user: 5 ,pcm frame count: 36570 ,pcm frame confirm count: 0 ,yuv frame count: 4789 ,yuv frame confirm count: 0 ,h264 frame count: 4789 ,h264 frame confirm count: 0 
INFO    (11:16:16: 21 |    0)  30800; [pm] peer 5 is offline: dropped
INFO    (11:16:16: 21 |    0)  30801; User 5 dropped
INFO    (11:16:16: 21 |    0)  30800; stopRemoteVideo: uid=5
INFO    (11:16:16: 21 |    0)  30800; notifyPeerCount: cnt 0
INFO    (11:16:19: 25 |    4)  30785; [ARS/15s]event cnts:1, audio pkts:0, mix audio pkts:0, yuv video pkts:0, h264 video pkts:0
INFO    (11:16:30:327 |  302)  30802; Audio statistics - play count: playout count = 600  signal level: far_in = 0
INFO    (11:16:34: 40 |    0)  30785; [ARS/15s]event cnts:0, audio pkts:0, mix audio pkts:0, yuv video pkts:0, h264 video pkts:0
INFO    (11:16:35:794 |  754)  30800; **CALL STATS: duraton 8m29s cpu app/total 4.32/3.24 battery 255 tx/rx: 1/0 kbps 698.1015K/18.872M bytes
INFO    (11:16:38:794 |    0)  30800; [rs] **report stats: seq: 568, report list size 59, tx/rx: 100776/27264, cache size: 0, report success rate: 100
INFO    (11:16:48:327 |    0)  30802; Audio statistics - play count: playout count = 600  signal level: far_in = 0
INFO    (11:16:49: 53 |    0)  30785; [ARS/15s]event cnts:0, audio pkts:0, mix audio pkts:0, yuv video pkts:0, h264 video pkts:0
INFO    (11:17: 4: 68 |   15)  30785; [ARS/15s]event cnts:0, audio pkts:0, mix audio pkts:0, yuv video pkts:0, h264 video pkts:0
INFO    (11:17: 6:327 |  259)  30802; Audio statistics - play count: playout count = 600  signal level: far_in = 0
INFO    (11:17: 7:794 |  467)  30800; **CALL STATS: duraton 9m1s cpu app/total 2.8/1.56 battery 255 tx/rx: 2/1 kbps 705.542K/18.876M bytes
INFO    (11:17:13:793 |    0)  30800; [rs] **report stats: seq: 578, report list size 29, tx/rx: 103066/27696, cache size: 0, report success rate: 100
INFO    (11:17:19: 82 |    0)  30785; [ARS/15s]event cnts:0, audio pkts:0, mix audio pkts:0, yuv video pkts:0, h264 video pkts:0
INFO    (11:17:24:327 |  245)  30802; Audio statistics - play count: playout count = 600  signal level: far_in = 0
INFO    (11:17:34: 96 |    0)  30785; [ARS/15s]event cnts:0, audio pkts:0, mix audio pkts:0, yuv video pkts:0, h264 video pkts:0
INFO    (11:17:39:793 |  697)  30800; **CALL STATS: duraton 9m33s cpu app/total 2.53/3.4 battery 255 tx/rx: 1/1 kbps 711.954K/18.879M bytes
INFO    (11:17:42:327 |    0)  30802; Audio statistics - play count: playout count = 600  signal level: far_in = 0
INFO    (11:17:48:793 |  466)  30800; [rs] **report stats: seq: 588, report list size 22, tx/rx: 105378/28224, cache size: 0, report success rate: 100
INFO    (11:17:49:111 |    0)  30785; [ARS/15s]event cnts:0, audio pkts:0, mix audio pkts:0, yuv video pkts:0, h264 video pkts:0
INFO    (11:18: 0:327 |  216)  30802; Audio statistics - play count: playout count = 600  signal level: far_in = 0
INFO    (11:18: 4:127 |    0)  30785; [ARS/15s]event cnts:0, audio pkts:0, mix audio pkts:0, yuv video pkts:0, h264 video pkts:0
INFO    (11:18: 4:127 |    0)  30800; [rp] {"che.audio.dump":true}
INFO    (11:18:11:793 |  666)  30800; **CALL STATS: duraton 10m5s cpu app/total 2.9/3.6 battery 255 tx/rx: 1/0 kbps 718.412K/18.883M bytes
INFO    (11:18:18:327 |    0)  30802; Audio statistics - play count: playout count = 600  signal level: far_in = 0
INFO    (11:18:19:141 |    0)  30785; [ARS/15s]event cnts:0, audio pkts:0, mix audio pkts:0, yuv video pkts:0, h264 video pkts:0
INFO    (11:18:23:793 |  652)  30800; [rs] **report stats: seq: 599, report list size 22, tx/rx: 107901/28752, cache size: 0, report success rate: 100
INFO    (11:18:34:157 |    0)  30785; [ARS/15s]event cnts:0, audio pkts:0, mix audio pkts:0, yuv video pkts:0, h264 video pkts:0
INFO    (11:18:34:157 |    0)  30800; [rp] {"che.audio.dump":false}
INFO    (11:18:36:327 |  170)  30802; Audio statistics - play count: playout count = 600  signal level: far_in = 0
INFO    (11:18:41:794 |  467)  30800; **CALL STATS: duraton 10m35s cpu app/total 3.10/2.56 battery 255 tx/rx: 1/0 kbps 724.431K/18.887M bytes
INFO    (11:18:49:171 |    0)  30785; [ARS/15s]event cnts:0, audio pkts:0, mix audio pkts:0, yuv video pkts:0, h264 video pkts:0
INFO    (11:18:54:327 |  156)  30802; Audio statistics - play count: playout count = 600  signal level: far_in = 0
INFO    (11:18:58:793 |  466)  30800; [rs] **report stats: seq: 609, report list size 23, tx/rx: 110188/29232, cache size: 0, report success rate: 100
INFO    (11:19: 4:184 |    0)  30785; [ARS/15s]event cnts:0, audio pkts:0, mix audio pkts:0, yuv video pkts:0, h264 video pkts:0
INFO    (11:19:12:327 |  143)  30802; Audio statistics - play count: playout count = 600  signal level: far_in = 0
INFO    (11:19:13:793 |  466)  30800; **CALL STATS: duraton 11m7s cpu app/total 2.8/2.7 battery 255 tx/rx: 1/1 kbps 730.808K/18.890M bytes
INFO    (11:19:19:196 |    0)  30785; [ARS/15s]event cnts:0, audio pkts:0, mix audio pkts:0, yuv video pkts:0, h264 video pkts:0
INFO    (11:19:28:794 |  598)  30800; [rs] **report stats: seq: 618, report list size 23, tx/rx: 112232/29664, cache size: 0, report success rate: 100
INFO    (11:19:30:327 |    0)  30802; Audio statistics - play count: playout count = 600  signal level: far_in = 0
INFO    (11:19:34:210 |    0)  30785; [ARS/15s]event cnts:0, audio pkts:0, mix audio pkts:0, yuv video pkts:0, h264 video pkts:0
INFO    (11:19:45:794 |  584)  30800; **CALL STATS: duraton 11m39s cpu app/total 2.7/3.6 battery 255 tx/rx: 1/1 kbps 737.166K/18.894M bytes
INFO    (11:19:48:327 |    0)  30802; Audio statistics - play count: playout count = 600  signal level: far_in = 0
INFO    (11:19:49:225 |    0)  30785; [ARS/15s]event cnts:0, audio pkts:0, mix audio pkts:0, yuv video pkts:0, h264 video pkts:0
INFO    (11:20: 3:794 |  569)  30800; [rs] **report stats: seq: 629, report list size 23, tx/rx: 114735/30144, cache size: 0, report success rate: 100
INFO    (11:20: 4:239 |    0)  30785; [ARS/15s]event cnts:0, audio pkts:0, mix audio pkts:0, yuv video pkts:0, h264 video pkts:0
INFO    (11:20: 6:327 |   88)  30802; Audio statistics - play count: playout count = 600  signal level: far_in = 0
INFO    (11:20:17:793 |  466)  30800; **CALL STATS: duraton 12m11s cpu app/total 2.7/2.59 battery 255 tx/rx: 1/0 kbps 743.566K/18.898M bytes
INFO    (11:20:19:254 |    0)  30785; [ARS/15s]event cnts:0, audio pkts:0, mix audio pkts:0, yuv video pkts:0, h264 video pkts:0
INFO    (11:20:24:327 |   73)  30802; Audio statistics - play count: playout count = 600  signal level: far_in = 0
INFO    (11:20:34:268 |    0)  30785; [ARS/15s]event cnts:0, audio pkts:0, mix audio pkts:0, yuv video pkts:0, h264 video pkts:0
INFO    (11:20:38:794 |  526)  30800; [rs] **report stats: seq: 639, report list size 23, tx/rx: 117022/30672, cache size: 0, report success rate: 100
INFO    (11:20:42:327 |    0)  30802; Audio statistics - play count: playout count = 600  signal level: far_in = 0
INFO    (11:20:49:282 |    0)  30785; [ARS/15s]event cnts:0, audio pkts:0, mix audio pkts:0, yuv video pkts:0, h264 video pkts:0
INFO    (11:20:49:794 |  512)  30800; **CALL STATS: duraton 12m43s cpu app/total 2.5/2.56 battery 255 tx/rx: 1/1 kbps 749.958K/18.902M bytes
INFO    (11:21: 0:327 |    0)  30802; Audio statistics - play count: playout count = 600  signal level: far_in = 0
INFO    (11:21: 3:796 |  469)  30785; [ARS/15s]event cnts:0, audio pkts:0, mix audio pkts:0, yuv video pkts:0, h264 video pkts:0
INFO    (11:21: 3:997 |  201)  30800; audio setPeerAudioMuteStatus: uid 5 muted 0
INFO    (11:21: 3:997 |    0)  30800; video setPeerVideoMuteStatus: uid 5 muted 0
INFO    (11:21: 3:997 |    0)  30800; [pm] peer 5 is online
INFO    (11:21: 3:997 |    0)  30801; offset 780205ms: 5 joined the channel
INFO    (11:21: 3:998 |    1)  30801; User 5 request 0 stream
INFO    (11:21: 3:999 |    1)  30800; notifyPeerCount: cnt 1
INFO    (11:21: 3:999 |    0)  30800; onFirstRemoteAudioFrame uid 5 codec 99 elapsed 780207
INFO    (11:21: 4:  0 |    0)  30800; onTracerFirstRemoteAudio uid 5 codec 99 elapsed 780207
INFO    (11:21: 4:  0 |    0)  30800; [rp] {"rtc.video.set_remote_video_stream":{"uid":5,"stream":0},"che.video.setstream":{"uid":5,"stream":0}}
INFO    (11:21: 4:  1 |    0)  30800; [pm] switch video stream type peer 5 type 0
INFO    (11:21: 4:  1 |    0)  30800; switchStream (5): current 0 lastRequested 0 newRequested 0
WARN    (11:21: 4:136 |  135)  30800; InsertPacketInternal: Packet buffer flushed
INFO    (11:21: 4:385 |  249)  30800; onTracerFirstRemoteVideo uid 5 codec 4 elapsed 780593
INFO    (11:21: 4:387 |    2)  30800; Codec: VP8, Payload type 100, Height 360, Width 640, Bitrate 200,Framerate 15.
INFO    (11:21: 4:388 |    1)  30800; Codec: H264, Payload type 107, Height 360, Width 640, Bitrate 200,Framerate 15.
INFO    (11:21: 4:389 |    1)  31205; Thread with name:videoDecodeThread started 
INFO    (11:21: 4:489 |  100)  31205; Destroy decoder.
INFO    (11:21: 4:489 |    0)  31205; Finish init decoder.
INFO    (11:21: 4:489 |    0)  31205; [miaokai] Decoded 1st frame from stream 32730.

INFO    (11:21: 6:186 |    0)  31205; [miaokai] Decoded 1st frame from stream 0.

INFO    (11:21: 9:  4 |    0)  30785; user: 5 ,pcm frame count: 500 ,pcm frame confirm count: 0 ,yuv frame count: 36 ,yuv frame confirm count: 0 ,h264 frame count: 36 ,h264 frame confirm count: 0 
INFO    (11:21:12: 21 |   17)  30800; uid (5) disconnect, 1522668072021 - 1522668067026 = 4995
INFO    (11:21:12: 21 |    0)  31205; Thread with name:videoDecodeThread stopped
INFO    (11:21:12: 21 |    0)  30800; Destroy decoder.
INFO    (11:21:12: 21 |    0)  30800; Destroy decoder.
INFO    (11:21:13:794 |  773)  30800; [rs] **report stats: seq: 659, report list size 32, tx/rx: 120717/31584, cache size: 0, report success rate: 100
INFO    (11:21:14:  9 |    0)  30785; user: 5 ,pcm frame count: 1001 ,pcm frame confirm count: 0 ,yuv frame count: 36 ,yuv frame confirm count: 0 ,h264 frame count: 36 ,h264 frame confirm count: 0 
INFO    (11:21:18:338 |  329)  30802; Audio statistics - play count: playout count = 600  signal level: far_in = 47
INFO    (11:21:19: 14 |    0)  30785; [ARS/15s]event cnts:1, audio pkts:0, mix audio pkts:0, yuv video pkts:0, h264 video pkts:0
INFO    (11:21:19: 14 |    0)  30785; user: 5 ,pcm frame count: 1501 ,pcm frame confirm count: 0 ,yuv frame count: 36 ,yuv frame confirm count: 0 ,h264 frame count: 36 ,h264 frame confirm count: 0 
INFO    (11:21:21:793 |  779)  30800; **CALL STATS: duraton 13m15s cpu app/total 3.72/7.40 battery 255 tx/rx: 2/1 kbps 761.667K/18.1015M bytes
INFO    (11:21:24: 20 |    0)  30785; user: 5 ,pcm frame count: 1805 ,pcm frame confirm count: 0 ,yuv frame count: 36 ,yuv frame confirm count: 0 ,h264 frame count: 36 ,h264 frame confirm count: 0 
INFO    (11:21:28: 20 |    0)  30800; [pm] peer 5 is offline: dropped
INFO    (11:21:28: 20 |    0)  30801; User 5 dropped
INFO    (11:21:28: 21 |    1)  30800; stopRemoteVideo: uid=5
INFO    (11:21:28: 21 |    0)  30800; notifyPeerCount: cnt 0
INFO    (11:21:34: 26 |    5)  30785; [ARS/15s]event cnts:1, audio pkts:0, mix audio pkts:0, yuv video pkts:0, h264 video pkts:0
INFO    (11:21:36:347 |  321)  30802; Audio statistics - play count: playout count = 600  signal level: far_in = 0
INFO    (11:21:48:794 |  447)  30800; [rs] **report stats: seq: 675, report list size 38, tx/rx: 123920/32400, cache size: 0, report success rate: 100
INFO    (11:21:49: 40 |    0)  30785; [ARS/15s]event cnts:0, audio pkts:0, mix audio pkts:0, yuv video pkts:0, h264 video pkts:0
INFO    (11:21:53:794 |  754)  30800; **CALL STATS: duraton 13m47s cpu app/total 2.5/3.9 battery 255 tx/rx: 1/0 kbps 768.602K/18.1019M bytes
INFO    (11:21:54:347 |    0)  30802; Audio statistics - play count: playout count = 600  signal level: far_in = 0
INFO    (11:22: 4: 53 |    0)  30785; [ARS/15s]event cnts:0, audio pkts:0, mix audio pkts:0, yuv video pkts:0, h264 video pkts:0
INFO    (11:22:12:347 |  294)  30802; Audio statistics - play count: playout count = 600  signal level: far_in = 0
INFO    (11:22:19: 68 |    0)  30785; [ARS/15s]event cnts:0, audio pkts:0, mix audio pkts:0, yuv video pkts:0, h264 video pkts:0
INFO    (11:22:23:794 |  726)  30800; [rs] **report stats: seq: 685, report list size 28, tx/rx: 126202/32880, cache size: 0, report success rate: 100
INFO    (11:22:25:793 |    0)  30800; **CALL STATS: duraton 14m19s cpu app/total 2.8/3.6 battery 255 tx/rx: 1/1 kbps 774.984K/18.1023M bytes
INFO    (11:22:30:347 |    0)  30802; Audio statistics - play count: playout count = 600  signal level: far_in = 0
INFO    (11:22:34: 82 |    0)  30785; [ARS/15s]event cnts:0, audio pkts:0, mix audio pkts:0, yuv video pkts:0, h264 video pkts:0
INFO    (11:22:48:347 |  265)  30802; Audio statistics - play count: playout count = 600  signal level: far_in = 0
INFO    (11:22:49: 97 |    0)  30785; [ARS/15s]event cnts:0, audio pkts:0, mix audio pkts:0, yuv video pkts:0, h264 video pkts:0
INFO    (11:22:57:793 |  696)  30800; **CALL STATS: duraton 14m51s cpu app/total 2.8/2.6 battery 255 tx/rx: 1/1 kbps 781.598K/19.3M bytes
INFO    (11:22:58:794 |    1)  30800; [rs] **report stats: seq: 696, report list size 23, tx/rx: 128740/33408, cache size: 0, report success rate: 100
INFO    (11:23: 4:111 |    0)  30785; [ARS/15s]event cnts:0, audio pkts:0, mix audio pkts:0, yuv video pkts:0, h264 video pkts:0
INFO    (11:23: 6:347 |  236)  30802; Audio statistics - play count: playout count = 600  signal level: far_in = 0
INFO    (11:23:19:125 |    0)  30785; [ARS/15s]event cnts:0, audio pkts:0, mix audio pkts:0, yuv video pkts:0, h264 video pkts:0
INFO    (11:23:24:347 |  222)  30802; Audio statistics - play count: playout count = 600  signal level: far_in = 0
INFO    (11:23:27:793 |  446)  30800; **CALL STATS: duraton 15m21s cpu app/total 2.6/3.60 battery 255 tx/rx: 2/1 kbps 787.597K/19.6M bytes
INFO    (11:23:33:793 |    0)  30800; [rs] **report stats: seq: 707, report list size 23, tx/rx: 131243/33888, cache size: 0, report success rate: 100
INFO    (11:23:34:139 |    0)  30785; [ARS/15s]event cnts:0, audio pkts:0, mix audio pkts:0, yuv video pkts:0, h264 video pkts:0
INFO    (11:23:42:347 |  208)  30802; Audio statistics - play count: playout count = 600  signal level: far_in = 0
INFO    (11:23:49:153 |    0)  30785; [ARS/15s]event cnts:0, audio pkts:0, mix audio pkts:0, yuv video pkts:0, h264 video pkts:0
INFO    (11:23:59:793 |  640)  30800; **CALL STATS: duraton 15m53s cpu app/total 2.6/3.3 battery 255 tx/rx: 1/0 kbps 794.42K/19.10M bytes
INFO    (11:24: 0:347 |    0)  30802; Audio statistics - play count: playout count = 600  signal level: far_in = 0
INFO    (11:24: 4:167 |    0)  30785; [ARS/15s]event cnts:0, audio pkts:0, mix audio pkts:0, yuv video pkts:0, h264 video pkts:0
INFO    (11:24: 8:793 |  626)  30800; [rs] **report stats: seq: 717, report list size 23, tx/rx: 133537/34416, cache size: 0, report success rate: 100
INFO    (11:24:18:347 |    0)  30802; Audio statistics - play count: playout count = 600  signal level: far_in = 0
INFO    (11:24:19:182 |    0)  30785; [ARS/15s]event cnts:0, audio pkts:0, mix audio pkts:0, yuv video pkts:0, h264 video pkts:0
INFO    (11:24:29:793 |  611)  30800; **CALL STATS: duraton 16m23s cpu app/total 1.56/2.8 battery 255 tx/rx: 2/0 kbps 800.56K/19.13M bytes
INFO    (11:24:34:197 |    0)  30785; [ARS/15s]event cnts:0, audio pkts:0, mix audio pkts:0, yuv video pkts:0, h264 video pkts:0
INFO    (11:24:36:347 |  150)  30802; Audio statistics - play count: playout count = 600  signal level: far_in = 0
INFO    (11:24:43:793 |  446)  30800; [rs] **report stats: seq: 727, report list size 22, tx/rx: 135822/34896, cache size: 0, report success rate: 100
INFO    (11:24:49:211 |    0)  30785; [ARS/15s]event cnts:0, audio pkts:0, mix audio pkts:0, yuv video pkts:0, h264 video pkts:0
INFO    (11:24:54:347 |  136)  30802; Audio statistics - play count: playout count = 600  signal level: far_in = 0
INFO    (11:25: 1:793 |  446)  30800; **CALL STATS: duraton 16m55s cpu app/total 2.57/19.89 battery 255 tx/rx: 1/1 kbps 806.453K/19.17M bytes
INFO    (11:25: 4:225 |    0)  30785; [ARS/15s]event cnts:0, audio pkts:0, mix audio pkts:0, yuv video pkts:0, h264 video pkts:0
INFO    (11:25:12:347 |  122)  30802; Audio statistics - play count: playout count = 600  signal level: far_in = 0
INFO    (11:25:18:793 |  446)  30800; [rs] **report stats: seq: 737, report list size 22, tx/rx: 138114/35376, cache size: 0, report success rate: 100
INFO    (11:25:19:240 |    0)  30785; [ARS/15s]event cnts:0, audio pkts:0, mix audio pkts:0, yuv video pkts:0, h264 video pkts:0
INFO    (11:25:30:347 |  107)  30802; Audio statistics - play count: playout count = 600  signal level: far_in = 0
INFO    (11:25:33:794 |  447)  30800; **CALL STATS: duraton 17m27s cpu app/total 2.9/3.12 battery 255 tx/rx: 1/1 kbps 812.855K/19.21M bytes
INFO    (11:25:34:254 |    0)  30785; [ARS/15s]event cnts:0, audio pkts:0, mix audio pkts:0, yuv video pkts:0, h264 video pkts:0
INFO    (11:25:48:347 |   93)  30802; Audio statistics - play count: playout count = 600  signal level: far_in = 0
INFO    (11:25:49:267 |    0)  30785; [ARS/15s]event cnts:0, audio pkts:0, mix audio pkts:0, yuv video pkts:0, h264 video pkts:0
INFO    (11:25:53:793 |  526)  30800; [rs] **report stats: seq: 748, report list size 22, tx/rx: 140637/35904, cache size: 0, report success rate: 100
INFO    (11:26: 4:281 |    0)  30785; [ARS/15s]event cnts:0, audio pkts:0, mix audio pkts:0, yuv video pkts:0, h264 video pkts:0
INFO    (11:26: 5:793 |  512)  30800; **CALL STATS: duraton 17m59s cpu app/total 2.7/5.12 battery 255 tx/rx: 1/0 kbps 819.241K/19.25M bytes
INFO    (11:26: 6:347 |    0)  30802; Audio statistics - play count: playout count = 600  signal level: far_in = 0
INFO    (11:26:18:795 |  448)  30785; [ARS/15s]event cnts:0, audio pkts:0, mix audio pkts:0, yuv video pkts:0, h264 video pkts:0
INFO    (11:26:24:347 |    0)  30802; Audio statistics - play count: playout count = 600  signal level: far_in = 0
INFO    (11:26:28:794 |  447)  30800; [rs] **report stats: seq: 758, report list size 22, tx/rx: 142939/36384, cache size: 0, report success rate: 100
WARN    (11:26:29:793 |    0)  30801; No users in channel for 300 seconds, aborting, leave_code:4.
INFO    (11:26:29:804 |   11)  30785; ARS push leave pkt to queue inform wrapper
WARN    (11:26:30:305 |    0)  30785; Before cleanup cnt 0, errno 11 4, joined_ 1, term_sig 1, leave path code 12
INFO    (11:26:30:305 |    0)  30785; Leaving channel and ready to cleanup
INFO    (11:26:30:305 |    0)  30785; API call to leave channel
INFO    (11:26:30:305 |    0)  30800; [cm] emit leave channel signal
WARN    (11:26:30:305 |    0)  30801; No users in channel for 300 seconds, aborting, leave_code:12.
INFO    (11:26:30:305 |    0)  30800; **CALL STATS: duration 18m26s, tx 824.678K bytes, rx 19.28M bytes, total 19.852M bytes
INFO    (11:26:30:305 |    0)  30800; stopLocalRender
INFO    (11:26:30:305 |    0)  30800; stopLocalRender success
INFO    (11:26:30:305 |    0)  30800; AgoraVideoInput::Stop
INFO    (11:26:30:306 |    1)  30809; Thread with name:WebRtc_event_timer_thread stopped
INFO    (11:26:30:306 |    0)  30800; AgoraVideoInput::Destroy
INFO    (11:26:30:306 |    0)  30808; Thread with name:ExternalCaptureThread stopped
INFO    (11:26:30:366 |   60)  30807; Thread with name:AgoraInputThread stopped
INFO    (11:26:30:366 |    0)  30800; stopCapture: stopCapture success
INFO    (11:26:30:366 |    0)  30800; stopRemoteRender
INFO    (11:26:30:366 |    0)  30800; stopRemoteVideo: uid=5
INFO    (11:26:30:367 |    1)  30800; [che] stopCall begins
INFO    (11:26:30:367 |    0)  30800; StopRecording complete
INFO    (11:26:30:367 |    0)  30800; StopPlayout complete
INFO    (11:26:30:367 |    0)  30800; [che] stop call returns 0, elapsed 0
INFO    (11:26:30:367 |    0)  30800; [rs] **report stats: seq: 762, report list size 25, tx/rx: 143630/36432, cache size: 0, report success rate: 100
INFO    (11:26:30:367 |    0)  30800; CacheManager: save cache to storage elapsed 1
INFO    (11:26:30:368 |    1)  30800; [ch0] vos destroyed
INFO    (11:26:30:368 |    0)  30800; delRef of media engine, ref=0
INFO    (11:26:30:368 |    0)  30800; [che] chat engine destroying
INFO    (11:26:30:368 |    0)  30800; stopLocalRender
INFO    (11:26:30:368 |    0)  30800; stopLocalRender success
WARN    (11:26:30:368 |    0)  30800; stopCapture: VideoEngine haven't startCapture
INFO    (11:26:30:368 |    0)  30800; stopRemoteRender
INFO    (11:26:30:368 |    0)  30800; stopRemoteVideo: uid=5
INFO    (11:26:30:369 |    1)  30800; [che] stopCall begins
INFO    (11:26:30:369 |    0)  30800; [che] stop call returns -1, elapsed 0
INFO    (11:26:30:369 |    0)  30800; stopLocalRender
INFO    (11:26:30:369 |    0)  30800; stopLocalRender success
INFO    (11:26:30:369 |    0)  30800; stopRemoteRender
INFO    (11:26:30:369 |    0)  30800; stopRemoteVideo: uid=5
WARN    (11:26:30:369 |    0)  30800; stopCapture: VideoEngine haven't startCapture
INFO    (11:26:30:369 |    0)  30806; Thread with name:VideoProcessThread stopped
WARN    (11:26:30:369 |    0)  30800; terminate: VideoEngine haven't init
INFO    (11:26:30:369 |    0)  30800; [DEBUGG] ViERenderManager Destructor, engine_id: 0
INFO    (11:26:30:373 |    4)  30805; Thread with name:VideoEncodeThread stopped
INFO    (11:26:30:380 |    7)  30800; Delete participant 5
INFO    (11:26:30:380 |    0)  30800; VideoSendTrackImpl::UpdateCapturer capturer=(nil)
INFO    (11:26:30:380 |    0)  30800; VideoSendTrackImpl::UpdateRenderer, renderer=(nil)
INFO    (11:26:30:380 |    0)  30804; Thread with name:EngineMonitorThread stopped
INFO    (11:26:30:380 |    0)  30802; Thread with name:external_audio_module_thread stopped
INFO    (11:26:30:380 |    0)  30803; Thread with name:WebRtc_event_timer_thread stopped
INFO    (11:26:30:381 |    1)  30800; [che] chat engine destroyed
INFO    (11:26:30:381 |    0)  30800; ***CALL END
INFO    (11:26:30:381 |    0)  30800; onAudioStatusChanged enable audio
INFO    (11:26:30:381 |    0)  30800; [MIO] media io controller destroyed
INFO    (11:26:30:381 |    0)  30785; async task notify worker thread to exit and return
