recorder_local[21854]: (21854) /var/lib/jenkins/workspace/agora-release-linux-2/ServerSDK-Video/src/rec_engine/RecordingEngineImpl.cpp:831: ERROR:failed to open config file
recorder_local[21854]: (21854) /var/lib/jenkins/workspace/agora-release-linux-2/ServerSDK-Video/src/rec_engine/RecordingEngineImpl.cpp:831: ERROR:failed to open config file
recorder_local[21854]: (21854) /var/lib/jenkins/workspace/agora-release-linux-2/ServerSDK-Video/src/rec_engine/RecordingEngineImpl.cpp:430: [Wrapper version] 5d0b257a42f9514a024cc62c69161d55aa150021
recorder_local[21854]: (21854) /var/lib/jenkins/workspace/agora-release-linux-2/ServerSDK-Video/src/rec_engine/RecordingEngineImpl.cpp:431: =======params ======
recorder_local[21854]: (21854) /var/lib/jenkins/workspace/agora-release-linux-2/ServerSDK-Video/src/rec_engine/RecordingEngineImpl.cpp:433: /var/www/RecordingSDK/bin/AgoraCoreService
recorder_local[21854]: (21854) /var/lib/jenkins/workspace/agora-release-linux-2/ServerSDK-Video/src/rec_engine/RecordingEngineImpl.cpp:433: --app_id
recorder_local[21854]: (21854) /var/lib/jenkins/workspace/agora-release-linux-2/ServerSDK-Video/src/rec_engine/RecordingEngineImpl.cpp:433: c7adb7f97a594d9fac501654c7bf281c
recorder_local[21854]: (21854) /var/lib/jenkins/workspace/agora-release-linux-2/ServerSDK-Video/src/rec_engine/RecordingEngineImpl.cpp:433: --channel_key
recorder_local[21854]: (21854) /var/lib/jenkins/workspace/agora-release-linux-2/ServerSDK-Video/src/rec_engine/RecordingEngineImpl.cpp:433: c7adb7f97a594d9fac501654c7bf281c
recorder_local[21854]: (21854) /var/lib/jenkins/workspace/agora-release-linux-2/ServerSDK-Video/src/rec_engine/RecordingEngineImpl.cpp:433: --channel_id
recorder_local[21854]: (21854) /var/lib/jenkins/workspace/agora-release-linux-2/ServerSDK-Video/src/rec_engine/RecordingEngineImpl.cpp:433: police_3_3
recorder_local[21854]: (21854) /var/lib/jenkins/workspace/agora-release-linux-2/ServerSDK-Video/src/rec_engine/RecordingEngineImpl.cpp:433: --idle
recorder_local[21854]: (21854) /var/lib/jenkins/workspace/agora-release-linux-2/ServerSDK-Video/src/rec_engine/RecordingEngineImpl.cpp:433: 300
recorder_local[21854]: (21854) /var/lib/jenkins/workspace/agora-release-linux-2/ServerSDK-Video/src/rec_engine/RecordingEngineImpl.cpp:433: --decode_audio
recorder_local[21854]: (21854) /var/lib/jenkins/workspace/agora-release-linux-2/ServerSDK-Video/src/rec_engine/RecordingEngineImpl.cpp:433: 0
recorder_local[21854]: (21854) /var/lib/jenkins/workspace/agora-release-linux-2/ServerSDK-Video/src/rec_engine/RecordingEngineImpl.cpp:433: --decode_video
recorder_local[21854]: (21854) /var/lib/jenkins/workspace/agora-release-linux-2/ServerSDK-Video/src/rec_engine/RecordingEngineImpl.cpp:433: 0
recorder_local[21854]: (21854) /var/lib/jenkins/workspace/agora-release-linux-2/ServerSDK-Video/src/rec_engine/RecordingEngineImpl.cpp:433: --capture_interval
recorder_local[21854]: (21854) /var/lib/jenkins/workspace/agora-release-linux-2/ServerSDK-Video/src/rec_engine/RecordingEngineImpl.cpp:433: 5
recorder_local[21854]: (21854) /var/lib/jenkins/workspace/agora-release-linux-2/ServerSDK-Video/src/rec_engine/RecordingEngineImpl.cpp:433: --syslog_fclt
recorder_local[21854]: (21854) /var/lib/jenkins/workspace/agora-release-linux-2/ServerSDK-Video/src/rec_engine/RecordingEngineImpl.cpp:433: 8
recorder_local[21854]: (21854) /var/lib/jenkins/workspace/agora-release-linux-2/ServerSDK-Video/src/rec_engine/RecordingEngineImpl.cpp:433: --streamType
recorder_local[21854]: (21854) /var/lib/jenkins/workspace/agora-release-linux-2/ServerSDK-Video/src/rec_engine/RecordingEngineImpl.cpp:433: 0
recorder_local[21854]: (21854) /var/lib/jenkins/workspace/agora-release-linux-2/ServerSDK-Video/src/rec_engine/RecordingEngineImpl.cpp:433: --serviceMode
recorder_local[21854]: (21854) /var/lib/jenkins/workspace/agora-release-linux-2/ServerSDK-Video/src/rec_engine/RecordingEngineImpl.cpp:433: 0
recorder_local[21854]: (21854) /var/lib/jenkins/workspace/agora-release-linux-2/ServerSDK-Video/src/rec_engine/RecordingEngineImpl.cpp:433: --recording_file_dir
recorder_local[21854]: (21854) /var/lib/jenkins/workspace/agora-release-linux-2/ServerSDK-Video/src/rec_engine/RecordingEngineImpl.cpp:433: /var/www/panic2.greenvoo.us/html/public/Records/20180330/police_3_3_115748/
recorder_local[21854]: (21854) /var/lib/jenkins/workspace/agora-release-linux-2/ServerSDK-Video/src/rec_engine/RecordingEngineImpl.cpp:433: --lang
recorder_local[21854]: (21854) /var/lib/jenkins/workspace/agora-release-linux-2/ServerSDK-Video/src/rec_engine/RecordingEngineImpl.cpp:433: 0
recorder_local[21854]: (21854) /var/lib/jenkins/workspace/agora-release-linux-2/ServerSDK-Video/src/base/pipe_router.cpp:153: The ARS created. Reading pipe: 4, writing pipe: 7, pid: 21855
AgoraCoreService[21855]: (21855) /var/lib/jenkins/workspace/agora-release-linux-2/ServerSDK-Video/src/video_recorder/main.cpp:162: video recording wrapper:8, idle:300 write:5, read:6, live:0,channelid:police_3_3 
AgoraCoreService[21855]: (21855) /var/lib/jenkins/workspace/agora-release-linux-2/ServerSDK-Video/src/video_recorder/main.cpp:183: [ARS version] 5d0b257a42f9514a024cc62c69161d55aa150021
AgoraCoreService[21855]: (21855) /var/lib/jenkins/workspace/agora-release-linux-2/ServerSDK-Video/src/video_recorder/main.cpp:185: uid 0 from vendor c7adb7f97a594d9fac501654c7bf281c is joining channel police_3_3
AgoraCoreService[21855]: (21855) /var/lib/jenkins/workspace/agora-release-linux-2/ServerSDK-Video/src/video_recorder/event_handler.cpp:627: SDK version: 75f0227; chat engine: 03c8e5d966234ba3a0eaedf8a9fe5ef1e7e554a4
AgoraCoreService[21855]: (21855) /var/lib/jenkins/workspace/agora-release-linux-2/ServerSDK-Video/src/video_recorder/event_handler.cpp:634: decode_video:0,decode_audio:0
AgoraCoreService[21855]: (21855) /var/lib/jenkins/workspace/agora-release-linux-2/ServerSDK-Video/src/video_recorder/event_handler.cpp:667: Using random lowUdpPort & highUdpPort
AgoraCoreService[21855]: (21855) /var/lib/jenkins/workspace/agora-release-linux-2/ServerSDK-Video/src/video_recorder/event_handler.cpp:1341: level 1: INFO    (11:57:48:693 |    1)  21855; Using random lowUdpPort & highUdpPort
AgoraCoreService[21855]: (21855) /var/lib/jenkins/workspace/agora-release-linux-2/ServerSDK-Video/src/video_recorder/event_handler.cpp:1341: level 1: INFO    (11:57:48:693 |    0)  21855; API call to setChannelProfile 0
AgoraCoreService[21855]: (21855) /var/lib/jenkins/workspace/agora-release-linux-2/ServerSDK-Video/src/video_recorder/event_handler.cpp:1786: init stream, trigger mode: 0 service mode: 0
AgoraCoreService[21855]: (21855) /var/lib/jenkins/workspace/agora-release-linux-2/ServerSDK-Video/src/video_recorder/event_handler.cpp:1341: level 1: INFO    (11:57:48:693 |    0)  21855; API call to setVideoProfileEx 640x360 15 fps 500 kbps
AgoraCoreService[21855]: (21855) /var/lib/jenkins/workspace/agora-release-linux-2/ServerSDK-Video/src/video_recorder/event_handler.cpp:1341: level 1: INFO    (11:57:48:693 |    0)  21855; API call to enable video
AgoraCoreService[21855]: (21855) /var/lib/jenkins/workspace/agora-release-linux-2/ServerSDK-Video/src/video_recorder/event_handler.cpp:1341: level 1: INFO    (11:57:48:693 |    0)  21855; API call to join channel 'police_3_3' uid 0, SDK ver 2.1.0 build 220, device info 'Linux version 3.13.0-143-generic (buildd@lcy01-amd64-010) (gcc version 4.8.4 (Ubuntu 4.8.4-2ubuntu1~14.04.4) ) #192-Ubuntu SMP Tue F
AgoraCoreService[21855]: (21855) /var/lib/jenkins/workspace/agora-release-linux-2/ServerSDK-Video/src/video_recorder/event_handler.cpp:1341: level 1: INFO    (11:57:48:693 |    0)  21870; Agora Service Worker Thread started: 0x3792f98
AgoraCoreService[21855]: (21855) /var/lib/jenkins/workspace/agora-release-linux-2/ServerSDK-Video/src/video_recorder/event_handler.cpp:1341: level 1: INFO    (11:57:48:694 |    1)  21870; network: 'NETWORK_UNKOWN' -> 'LAN' ipv4/v6 '139.59.134.76'/'' gw ''/'' subtype 0 level -1914381600 ssid '' bssid '' rssi 32512 asu 56
AgoraCoreService[21855]: (21855) /var/lib/jenkins/workspace/agora-release-linux-2/ServerSDK-Video/src/video_recorder/event_handler.cpp:1341: level 1: INFO    (11:57:48:694 |    0)  21870; [MIO] mediaIO controller created
AgoraCoreService[21855]: (21855) /var/lib/jenkins/workspace/agora-release-linux-2/ServerSDK-Video/src/video_recorder/event_handler.cpp:1341: level 1: INFO    (11:57:48:694 |    0)  21870; found 'NULL' device: 'Linux version 3.13.0-143-generic (buildd@lcy01-amd64-010) (gcc version 4.8.4 (Ubuntu 4.8.4-2ubuntu1~14.04.4) ) #192-Ubuntu SMP Tue Feb 27 10:45:36 UTC 2018
'
AgoraCoreService[21855]: (21855) /var/lib/jenkins/workspace/agora-release-linux-2/ServerSDK-Video/src/video_recorder/event_handler.cpp:1341: level 1: INFO    (11:57:48:694 |    0)  21870; [rp] {"rtc.channel_profile":0}
AgoraCoreService[21855]: (21855) /var/lib/jenkins/workspace/agora-release-linux-2/ServerSDK-Video/src/video_recorder/event_handler.cpp:1341: level 1: INFO    (11:57:48:694 |    0)  21870; [rp] {"che.audio.external_device":true}
AgoraCoreService[21855]: (21855) /var/lib/jenkins/workspace/agora-release-linux-2/ServerSDK-Video/src/video_recorder/event_handler.cpp:1341: level 1: INFO    (11:57:48:694 |    0)  21870; [rp] {"che.audio.audioSampleRate":48000}
AgoraCoreService[21855]: (21855) /var/lib/jenkins/workspace/agora-release-linux-2/ServerSDK-Video/src/video_recorder/event_handler.cpp:1341: level 1: INFO    (11:57:48:694 |    0)  21870; [rp] {"che.video.keep_prerotation":false}
AgoraCoreService[21855]: (21855) /var/lib/jenkins/workspace/agora-release-linux-2/ServerSDK-Video/src/video_recorder/event_handler.cpp:1341: level 1: INFO    (11:57:48:695 |    1)  21870; [rp] {"rtc.client_type":3}
AgoraCoreService[21855]: (21855) /var/lib/jenkins/workspace/agora-release-linux-2/ServerSDK-Video/src/video_recorder/event_handler.cpp:1341: level 1: INFO    (11:57:48:695 |    0)  21870; [rp] {"che.audienceMode":true}
AgoraCoreService[21855]: (21855) /var/lib/jenkins/workspace/agora-release-linux-2/ServerSDK-Video/src/video_recorder/event_handler.cpp:1341: level 1: INFO    (11:57:48:695 |    0)  21870; [rp] {"che.video.recording":true}
AgoraCoreService[21855]: (21855) /var/lib/jenkins/workspace/agora-release-linux-2/ServerSDK-Video/src/video_recorder/event_handler.cpp:1341: level 1: INFO    (11:57:48:695 |    0)  21870; [rp] {"che.audio.set_capture_raw_audio_format":{"sampleRate":48000,"channelCnt":1,"mode":1,"samplesPerCall":480}}
AgoraCoreService[21855]: (21855) /var/lib/jenkins/workspace/agora-release-linux-2/ServerSDK-Video/src/video_recorder/event_handler.cpp:1341: level 1: INFO    (11:57:48:695 |    0)  21870; [rp] {"che.audio.set_render_raw_audio_format":{"sampleRate":48000,"channelCnt":1,"mode":0,"samplesPerCall":480}}
AgoraCoreService[21855]: (21855) /var/lib/jenkins/workspace/agora-release-linux-2/ServerSDK-Video/src/video_recorder/event_handler.cpp:1341: level 1: INFO    (11:57:48:695 |    0)  21870; [rp] {"rtc.log_file":"/var/www/panic2.greenvoo.us/html/public/Records/20180330/police_3_3_115748/recording_0.log"}
AgoraCoreService[21855]: (21855) /var/lib/jenkins/workspace/agora-release-linux-2/ServerSDK-Video/src/video_recorder/event_handler.cpp:1341: level 1: INFO    (11:57:48:695 |    0)  21870; [rp] {"rtc.video.mute_me":true,"che.video.local.send":false}
AgoraCoreService[21855]: (21855) /var/lib/jenkins/workspace/agora-release-linux-2/ServerSDK-Video/src/video_recorder/event_handler.cpp:1341: level 1: INFO    (11:57:48:695 |    0)  21870; [rp] {"rtc.audio.mute_me":true,"che.audio.mute_me":true}
AgoraCoreService[21855]: (21855) /var/lib/jenkins/workspace/agora-release-linux-2/ServerSDK-Video/src/video_recorder/event_handler.cpp:1341: level 1: INFO    (11:57:48:695 |    0)  21870; [rp] {"rtc.video.set_remote_default_video_stream_type":0}
AgoraCoreService[21855]: (21855) /var/lib/jenkins/workspace/agora-release-linux-2/ServerSDK-Video/src/video_recorder/event_handler.cpp:1341: level 1: INFO    (11:57:48:695 |    0)  21870; API call to SetRemoteDefaultVideoStreamType: 0
AgoraCoreService[21855]: (21855) /var/lib/jenkins/workspace/agora-release-linux-2/ServerSDK-Video/src/video_recorder/event_handler.cpp:1341: level 1: INFO    (11:57:48:695 |    0)  21870; [rp] {"che.video.local.camera_index":1024}
AgoraCoreService[21855]: (21855) /var/lib/jenkins/workspace/agora-release-linux-2/ServerSDK-Video/src/video_recorder/event_handler.cpp:1341: level 1: INFO    (11:57:48:696 |    1)  21870; [rp] {"rtc.video.enabled":true}
AgoraCoreService[21855]: (21855) /var/lib/jenkins/workspace/agora-release-linux-2/ServerSDK-Video/src/video_recorder/event_handler.cpp:1341: level 1: INFO    (11:57:48:696 |    0)  21870; API call to enable video
AgoraCoreService[21855]: (21855) /var/lib/jenkins/workspace/agora-release-linux-2/ServerSDK-Video/src/video_recorder/event_handler.cpp:1341: level 1: INFO    (11:57:48:696 |    0)  21870; ***CALL BEGIN: appid:'c7****************************1c' cname:'police_3_3' info:'' sid:'FC37E2003F5E49719245E02F15AEC250'
AgoraCoreService[21855]: (21855) /var/lib/jenkins/workspace/agora-release-linux-2/ServerSDK-Video/src/video_recorder/event_handler.cpp:1341: level 1: INFO    (11:57:48:696 |    0)  21870; addRef of media engine, ref=1
AgoraCoreService[21855]: (21855) /var/lib/jenkins/workspace/agora-release-linux-2/ServerSDK-Video/src/video_recorder/event_handler.cpp:1341: level 1: INFO    (11:57:48:696 |    0)  21870; [che] create chat engine, ctx:(nil)
AgoraCoreService[21855]: (21855) /var/lib/jenkins/workspace/agora-release-linux-2/ServerSDK-Video/src/video_recorder/event_handler.cpp:1341: level 1: INFO    (11:57:48:696 |    0)  21870; [MYDEBUG] large group call false
AgoraCoreService[21855]: (21855) /var/lib/jenkins/workspace/agora-release-linux-2/ServerSDK-Video/src/video_recorder/event_handler.cpp:1341: level 1: INFO    (11:57:48:696 |    0)  21870; ChatEngineParameterHelper::applyMediaEngineMode: 
AgoraCoreService[21855]: (21855) /var/lib/jenkins/workspace/agora-release-linux-2/ServerSDK-Video/src/video_recorder/event_handler.cpp:1341: level 1: INFO    (11:57:48:696 |    0)  21870; applyMediaEngineMode(): Hardware encoding false Hardware decoding false
AgoraCoreService[21855]: (21855) /var/lib/jenkins/workspace/agora-release-linux-2/ServerSDK-Video/src/video_recorder/event_handler.cpp:1341: level 1: INFO    (11:57:48:698 |    2)  21872; Thread with name:external_audio_module_thread started 
AgoraCoreService[21855]: (21855) /var/lib/jenkins/workspace/agora-release-linux-2/ServerSDK-Video/src/video_recorder/event_handler.cpp:1341: level 1: INFO    (11:57:48:698 |    0)  21873; Thread with name:WebRtc_event_timer_thread started 
AgoraCoreService[21855]: (21855) /var/lib/jenkins/workspace/agora-release-linux-2/ServerSDK-Video/src/video_recorder/event_handler.cpp:1341: level 1: INFO    (11:57:48:698 |    0)  21870; StereoPlayoutIsAvailable(), output: available=0
AgoraCoreService[21855]: (21855) /var/lib/jenkins/workspace/agora-release-linux-2/ServerSDK-Video/src/video_recorder/event_handler.cpp:1341: level 1: INFO    (11:57:48:698 |    0)  21870; StereoRecordingIsAvailable(), output: available=0
AgoraCoreService[21855]: (21855) /var/lib/jenkins/workspace/agora-release-linux-2/ServerSDK-Video/src/video_recorder/event_handler.cpp:1341: level 1: INFO    (11:57:48:699 |    1)  21874; Thread with name:EngineMonitorThread started 
AgoraCoreService[21855]: (21855) /var/lib/jenkins/workspace/agora-release-linux-2/ServerSDK-Video/src/video_recorder/event_handler.cpp:1341: level 1: INFO    (11:57:48:699 |    0)  21870; setMuteStatus, muted: On
AgoraCoreService[21855]: (21855) /var/lib/jenkins/workspace/agora-release-linux-2/ServerSDK-Video/src/video_recorder/event_handler.cpp:1341: level 1: INFO    (11:57:48:699 |    0)  21870; setMuteOutput, muted: false
AgoraCoreService[21855]: (21855) /var/lib/jenkins/workspace/agora-release-linux-2/ServerSDK-Video/src/video_recorder/event_handler.cpp:1341: level 2: WARN    (11:57:48:699 |    0)  21870; setMicSensitivity failed, legal values are between [0, 10]
AgoraCoreService[21855]: (21855) /var/lib/jenkins/workspace/agora-release-linux-2/ServerSDK-Video/src/video_recorder/event_handler.cpp:1341: level 1: INFO    (11:57:48:699 |    0)  21870; Audio Engine Init success
AgoraCoreService[21855]: (21855) /var/lib/jenkins/workspace/agora-release-linux-2/ServerSDK-Video/src/video_recorder/event_handler.cpp:1341: level 1: INFO    (11:57:48:699 |    0)  21870; Available number of cores:1
AgoraCoreService[21855]: (21855) /var/lib/jenkins/workspace/agora-release-linux-2/ServerSDK-Video/src/video_recorder/event_handler.cpp:1341: level 1: INFO    (11:57:48:699 |    0)  21870; CreateVideoSendTrack
AgoraCoreService[21855]: (21855) /var/lib/jenkins/workspace/agora-release-linux-2/ServerSDK-Video/src/video_recorder/event_handler.cpp:1341: level 1: INFO    (11:57:48:700 |    1)  21870; init: feature prerotation disabled
AgoraCoreService[21855]: (21855) /var/lib/jenkins/workspace/agora-release-linux-2/ServerSDK-Video/src/video_recorder/event_handler.cpp:1341: level 1: INFO    (11:57:48:700 |    0)  21870; Agora Engine video codec set to custom mode role mode 0
AgoraCoreService[21855]: (21855) /var/lib/jenkins/workspace/agora-release-linux-2/ServerSDK-Video/src/video_recorder/event_handler.cpp:1341: level 1: INFO    (11:57:48:700 |    0)  21870; Agora Engine video codec index 1
AgoraCoreService[21855]: (21855) /var/lib/jenkins/workspace/agora-release-linux-2/ServerSDK-Video/src/video_recorder/event_handler.cpp:1341: level 1: INFO    (11:57:48:700 |    0)  21870; Agora Engine video stream type = 0
AgoraCoreService[21855]: (21855) /var/lib/jenkins/workspace/agora-release-linux-2/ServerSDK-Video/src/video_recorder/event_handler.cpp:1341: level 1: INFO    (11:57:48:700 |    0)  21875; Thread with name:VideoEncodeThread started 
AgoraCoreService[21855]: (21855) /var/lib/jenkins/workspace/agora-release-linux-2/ServerSDK-Video/src/video_recorder/event_handler.cpp:1341: level 1: INFO    (11:57:48:700 |    0)  21870; EncoderWrapper::Create hardware_ = 0, hardware_low_ = 0
AgoraCoreService[21855]: (21855) /var/lib/jenkins/workspace/agora-release-linux-2/ServerSDK-Video/src/video_recorder/event_handler.cpp:1341: level 1: INFO    (11:57:48:700 |    0)  21876; Thread with name:VideoProcessThread started 
AgoraCoreService[21855]: (21855) /var/lib/jenkins/workspace/agora-release-linux-2/ServerSDK-Video/src/video_recorder/event_handler.cpp:1341: level 1: INFO    (11:57:48:700 |    0)  21870; setCodec: index=1 width=640 height=360 framerate=15
AgoraCoreService[21855]: (21855) /var/lib/jenkins/workspace/agora-release-linux-2/ServerSDK-Video/src/video_recorder/event_handler.cpp:1341: level 1: INFO    (11:57:48:701 |    1)  21870; h264WebInteropEnable: enable 0
AgoraCoreService[21855]: (21855) /var/lib/jenkins/workspace/agora-release-linux-2/ServerSDK-Video/src/video_recorder/event_handler.cpp:1341: level 1: INFO    (11:57:48:701 |    0)  21870; setCaptureDevice: index=1024
AgoraCoreService[21855]: (21855) /var/lib/jenkins/workspace/agora-release-linux-2/ServerSDK-Video/src/video_recorder/event_handler.cpp:1341: level 1: INFO    (11:57:48:701 |    0)  21870; setMaxVideoBitrate: max bitrate=0
AgoraCoreService[21855]: (21855) /var/lib/jenkins/workspace/agora-release-linux-2/ServerSDK-Video/src/video_recorder/event_handler.cpp:1341: level 1: INFO    (11:57:48:701 |    0)  21870; more fec enable 0 curr fec method 0
AgoraCoreService[21855]: (21855) /var/lib/jenkins/workspace/agora-release-linux-2/ServerSDK-Video/src/video_recorder/event_handler.cpp:1341: level 1: INFO    (11:57:48:701 |    0)  21870; video fec method 0
AgoraCoreService[21855]: (21855) /var/lib/jenkins/workspace/agora-release-linux-2/ServerSDK-Video/src/video_recorder/event_handler.cpp:1341: level 4: ERROR   (11:57:48:701 |    0)  21870; videoEngine created and initialize here
AgoraCoreService[21855]: (21855) /var/lib/jenkins/workspace/agora-release-linux-2/ServerSDK-Video/src/video_recorder/event_handler.cpp:1341: level 1: INFO    (11:57:48:701 |    0)  21870; CreateVideoSendTrack
AgoraCoreService[21855]: (21855) /var/lib/jenkins/workspace/agora-release-linux-2/ServerSDK-Video/src/video_recorder/event_handler.cpp:1341: level 1: INFO    (11:57:48:701 |    0)  21870; [MIO] updateCapturer: ((nil)), type:(1)
AgoraCoreService[21855]: (21855) /var/lib/jenkins/workspace/agora-release-linux-2/ServerSDK-Video/src/video_recorder/event_handler.cpp:1341: level 1: INFO    (11:57:48:701 |    0)  21870; CreateAgoraDefaultCapture: type=0
AgoraCoreService[21855]: (21855) /var/lib/jenkins/workspace/agora-release-linux-2/ServerSDK-Video/src/video_recorder/event_handler.cpp:1341: level 1: INFO    (11:57:48:701 |    0)  21870; CreateVideoCapturer: interface=0x7f0080172af0
AgoraCoreService[21855]: (21855) /var/lib/jenkins/workspace/agora-release-linux-2/ServerSDK-Video/src/video_recorder/event_handler.cpp:1341: level 1: INFO    (11:57:48:701 |    0)  21870; VideoSendTrackImpl::UpdateCapturer capturer=0x7f00801d4c10
AgoraCoreService[21855]: (21855) /var/lib/jenkins/workspace/agora-release-linux-2/ServerSDK-Video/src/video_recorder/event_handler.cpp:1341: level 1: INFO    (11:57:48:701 |    0)  21870; [MIO] updateLocalRender: ((nil)), type:(1)
AgoraCoreService[21855]: (21855) /var/lib/jenkins/workspace/agora-release-linux-2/ServerSDK-Video/src/video_recorder/event_handler.cpp:1341: level 1: INFO    (11:57:48:701 |    0)  21870; CreateAgoraDefaultRender
AgoraCoreService[21855]: (21855) /var/lib/jenkins/workspace/agora-release-linux-2/ServerSDK-Video/src/video_recorder/event_handler.cpp:1341: level 1: INFO    (11:57:48:701 |    0)  21870; CreateVideoRenderer: interface=0x7f00801d5090
AgoraCoreService[21855]: (21855) /var/lib/jenkins/workspace/agora-release-linux-2/ServerSDK-Video/src/video_recorder/event_handler.cpp:1341: level 1: INFO    (11:57:48:702 |    1)  21870; VideoSendTrackImpl::UpdateRenderer, renderer=0x7f00801d50d0
AgoraCoreService[21855]: (21855) /var/lib/jenkins/workspace/agora-release-linux-2/ServerSDK-Video/src/video_recorder/event_handler.cpp:1341: level 1: INFO    (11:57:48:702 |    0)  21870; [MIO] video send track prepared !!
AgoraCoreService[21855]: (21855) /var/lib/jenkins/workspace/agora-release-linux-2/ServerSDK-Video/src/video_recorder/event_handler.cpp:1341: level 1: INFO    (11:57:48:702 |    0)  21870; [che] applyVideoProfile: 640x360 15 fps 500 kbps
AgoraCoreService[21855]: (21855) /var/lib/jenkins/workspace/agora-release-linux-2/ServerSDK-Video/src/video_recorder/event_handler.cpp:1341: level 1: INFO    (11:57:48:702 |    0)  21870; validateVideoParameters: validate video parameters resolution 640x360, fps 15, rate 500000
AgoraCoreService[21855]: (21855) /var/lib/jenkins/workspace/agora-release-linux-2/ServerSDK-Video/src/video_recorder/event_handler.cpp:1341: level 1: INFO    (11:57:48:702 |    0)  21870; setMaxVideoBitrate: max bitrate=500000
AgoraCoreService[21855]: (21855) /var/lib/jenkins/workspace/agora-release-linux-2/ServerSDK-Video/src/video_recorder/event_handler.cpp:1341: level 1: INFO    (11:57:48:702 |    0)  21870; setCodecRates: set frame rate to 15
AgoraCoreService[21855]: (21855) /var/lib/jenkins/workspace/agora-release-linux-2/ServerSDK-Video/src/video_recorder/event_handler.cpp:1341: level 1: INFO    (11:57:48:702 |    0)  21870; setCodec: index=1 width=640 height=360 framerate=15
AgoraCoreService[21855]: (21855) /var/lib/jenkins/workspace/agora-release-linux-2/ServerSDK-Video/src/video_recorder/event_handler.cpp:1341: level 1: INFO    (11:57:48:702 |    0)  21870; setCodecResolution: set to 640 x 360
AgoraCoreService[21855]: (21855) /var/lib/jenkins/workspace/agora-release-linux-2/ServerSDK-Video/src/video_recorder/event_handler.cpp:1341: level 1: INFO    (11:57:48:702 |    0)  21870; [che] chat engine initialized
AgoraCoreService[21855]: (21855) /var/lib/jenkins/workspace/agora-release-linux-2/ServerSDK-Video/src/video_recorder/event_handler.cpp:1341: level 1: INFO    (11:57:48:703 |    1)  21870; [vocs] vocs initialized
AgoraCoreService[21855]: (21855) /var/lib/jenkins/workspace/agora-release-linux-2/ServerSDK-Video/src/video_recorder/event_handler.cpp:1341: level 1: INFO    (11:57:48:703 |    0)  21870; [rs] report server ip: 223.111.12.227:8000
AgoraCoreService[21855]: (21855) /var/lib/jenkins/workspace/agora-release-linux-2/ServerSDK-Video/src/video_recorder/event_handler.cpp:1341: level 1: INFO    (11:57:48:703 |    0)  21870; [rlbs] selected: 221.228.78.123:9700
AgoraCoreService[21855]: (21855) /var/lib/jenkins/workspace/agora-release-linux-2/ServerSDK-Video/src/video_recorder/event_handler.cpp:1341: level 1: INFO    (11:57:48:703 |    0)  21870; [rlbs] request rs list from 221.228.78.123:9700.......
AgoraCoreService[21855]: (21855) /var/lib/jenkins/workspace/agora-release-linux-2/ServerSDK-Video/src/video_recorder/event_handler.cpp:1341: level 1: INFO    (11:57:48:704 |    1)  21870; CacheManager: save cache to storage elapsed 0
AgoraCoreService[21855]: (21855) /var/lib/jenkins/workspace/agora-release-linux-2/ServerSDK-Video/src/video_recorder/event_handler.cpp:1341: level 1: INFO    (11:57:48:704 |    0)  21870; [cm] emit join channel signal, size=2
AgoraCoreService[21855]: (21855) /var/lib/jenkins/workspace/agora-release-linux-2/ServerSDK-Video/src/video_recorder/event_handler.cpp:1341: level 1: INFO    (11:57:48:704 |    0)  21870; CacheManager: save cache to storage elapsed 0
AgoraCoreService[21855]: (21855) /var/lib/jenkins/workspace/agora-release-linux-2/ServerSDK-Video/src/video_recorder/event_handler.cpp:1341: level 1: INFO    (11:57:48:704 |    0)  21870; [vocs] lookup channel...
AgoraCoreService[21855]: (21855) /var/lib/jenkins/workspace/agora-release-linux-2/ServerSDK-Video/src/video_recorder/event_handler.cpp:1341: level 1: INFO    (11:57:48:704 |    0)  21870; [vocs] selected: 69.28.51.138:8000
AgoraCoreService[21855]: (21855) /var/lib/jenkins/workspace/agora-release-linux-2/ServerSDK-Video/src/video_recorder/event_handler.cpp:1341: level 1: INFO    (11:57:48:705 |    1)  21870; connecting to 69.28.51.138:8000 handle 8020fdc0, 28
AgoraCoreService[21855]: (21855) /var/lib/jenkins/workspace/agora-release-linux-2/ServerSDK-Video/src/video_recorder/event_handler.cpp:1341: level 1: INFO    (11:57:48:705 |    0)  21870; [vocs] creating channel with 69.28.51.138:8000, ts 1522411068705.......
AgoraCoreService[21855]: (21855) /var/lib/jenkins/workspace/agora-release-linux-2/ServerSDK-Video/src/video_recorder/event_handler.cpp:1341: level 1: INFO    (11:57:48:705 |    0)  21870; [vocs] selected: 119.9.92.49:8000
AgoraCoreService[21855]: (21855) /var/lib/jenkins/workspace/agora-release-linux-2/ServerSDK-Video/src/video_recorder/event_handler.cpp:1341: level 1: INFO    (11:57:48:705 |    0)  21870; [vocs] creating channel with 119.9.92.49:8000, ts 1522411068705.......
AgoraCoreService[21855]: (21855) /var/lib/jenkins/workspace/agora-release-linux-2/ServerSDK-Video/src/video_recorder/event_handler.cpp:1341: level 1: INFO    (11:57:48:705 |    0)  21870; [vocs] selected: 221.228.202.134:8000
AgoraCoreService[21855]: (21855) /var/lib/jenkins/workspace/agora-release-linux-2/ServerSDK-Video/src/video_recorder/event_handler.cpp:1341: level 1: INFO    (11:57:48:705 |    0)  21870; [vocs] creating channel with 221.228.202.134:8000, ts 1522411068705.......
AgoraCoreService[21855]: (21855) /var/lib/jenkins/workspace/agora-release-linux-2/ServerSDK-Video/src/video_recorder/event_handler.cpp:1341: level 1: INFO    (11:57:48:705 |    0)  21870; [rp] {"che.audio.audioSampleRate":48000}
AgoraCoreService[21855]: (21855) /var/lib/jenkins/workspace/agora-release-linux-2/ServerSDK-Video/src/video_recorder/event_handler.cpp:1341: level 1: INFO    (11:57:48:705 |    0)  21870; [dns] parsed ip 199.190.44.36
AgoraCoreService[21855]: (21855) /var/lib/jenkins/workspace/agora-release-linux-2/ServerSDK-Video/src/video_recorder/event_handler.cpp:1341: level 1: INFO    (11:57:48:705 |    0)  21870; [rs] dns parse result code: 0, servers size: 1
AgoraCoreService[21855]: (21855) /var/lib/jenkins/workspace/agora-release-linux-2/ServerSDK-Video/src/video_recorder/event_handler.cpp:1341: level 1: INFO    (11:57:48:705 |    0)  21870; [rs] dns parse and selected server: 223.111.12.227
AgoraCoreService[21855]: (21855) /var/lib/jenkins/workspace/agora-release-linux-2/ServerSDK-Video/src/video_recorder/event_handler.cpp:1341: level 1: INFO    (11:57:48:709 |    4)  21870; [dns] parsed ip 199.190.44.35
AgoraCoreService[21855]: (21855) /var/lib/jenkins/workspace/agora-release-linux-2/ServerSDK-Video/src/video_recorder/event_handler.cpp:1341: level 1: INFO    (11:57:48:861 |  152)  21870; [vocs/t] tcp create channel connected with 0x7f0080210440
AgoraCoreService[21855]: (21855) /var/lib/jenkins/workspace/agora-release-linux-2/ServerSDK-Video/src/video_recorder/event_handler.cpp:1341: level 1: INFO    (11:57:48:862 |    1)  21870; [vocs] tcp - creating channel with 69.28.51.138:8000, ts 1522411068862.......
AgoraCoreService[21855]: (21855) /var/lib/jenkins/workspace/agora-release-linux-2/ServerSDK-Video/src/video_recorder/event_handler.cpp:1341: level 1: INFO    (11:57:48:862 |    0)  21870; [vocs/u] **responsed from 69.28.51.138:8000, 3 vos, elapsed 168, server ts 1522411068335, wan ip 139.59.134.76
AgoraCoreService[21855]: (21855) /var/lib/jenkins/workspace/agora-release-linux-2/ServerSDK-Video/src/video_recorder/event_handler.cpp:1341: level 1: INFO    (11:57:48:862 |    0)  21870; [vos] added server: 128.1.77.37:4006
AgoraCoreService[21855]: (21855) /var/lib/jenkins/workspace/agora-release-linux-2/ServerSDK-Video/src/video_recorder/event_handler.cpp:1341: level 1: INFO    (11:57:48:862 |    0)  21870; [vos] added server: 128.1.78.92:4003
AgoraCoreService[21855]: (21855) /var/lib/jenkins/workspace/agora-release-linux-2/ServerSDK-Video/src/video_recorder/event_handler.cpp:1341: level 1: INFO    (11:57:48:862 |    0)  21870; [vos] added server: 128.1.78.107:4004
AgoraCoreService[21855]: (21855) /var/lib/jenkins/workspace/agora-release-linux-2/ServerSDK-Video/src/video_recorder/event_handler.cpp:1341: level 1: INFO    (11:57:48:862 |    0)  21870; [ch0] vos initialized
AgoraCoreService[21855]: (21855) /var/lib/jenkins/workspace/agora-release-linux-2/ServerSDK-Video/src/video_recorder/event_handler.cpp:1341: level 1: INFO    (11:57:48:862 |    0)  21870; [vos] selected: 128.1.78.107:4004
AgoraCoreService[21855]: (21855) /var/lib/jenkins/workspace/agora-release-linux-2/ServerSDK-Video/src/video_recorder/event_handler.cpp:1341: level 4: ERROR   (11:57:48:862 |    0)  21870; [ch0] login strategy=2
AgoraCoreService[21855]: (21855) /var/lib/jenkins/workspace/agora-release-linux-2/ServerSDK-Video/src/video_recorder/event_handler.cpp:1341: level 1: INFO    (11:57:48:862 |    0)  21870; [ds]: ver 1 ds '{"streamType":5}'
AgoraCoreService[21855]: (21855) /var/lib/jenkins/workspace/agora-release-linux-2/ServerSDK-Video/src/video_recorder/event_handler.cpp:1341: level 1: INFO    (11:57:48:863 |    1)  21870; [ch0] Login VOS (proto:10, cid:3866369492, uid:75918649, ts:1522411068862, ticket size:84 ds:1 stream:+A+VH) 2: 128.1.78.107:4004
AgoraCoreService[21855]: (21855) /var/lib/jenkins/workspace/agora-release-linux-2/ServerSDK-Video/src/video_recorder/event_handler.cpp:1341: level 1: INFO    (11:57:48:863 |    0)  21870; add ping address 139.59.134.76
AgoraCoreService[21855]: (21855) /var/lib/jenkins/workspace/agora-release-linux-2/ServerSDK-Video/src/video_recorder/event_handler.cpp:1341: level 1: INFO    (11:57:48:863 |    0)  21870; PING 139.59.134.76:0 16(44) bytes of data
AgoraCoreService[21855]: (21855) /var/lib/jenkins/workspace/agora-release-linux-2/ServerSDK-Video/src/video_recorder/event_handler.cpp:1341: level 1: INFO    (11:57:48:869 |    6)  21870; [ch0] **VOS response to login request (res 0 elapsed 176, server ts 1522411068419, s-c:-450) from 128.1.78.107:4004, and current dest server 128.1.78.107:4004
AgoraCoreService[21855]: (21855) /var/lib/jenkins/workspace/agora-release-linux-2/ServerSDK-Video/src/video_recorder/event_handler.cpp:1341: level 1: INFO    (11:57:48:869 |    0)  21870; updateActiveVosList: ["128.1.78.107:4004"]
AgoraCoreService[21855]: (21855) /var/lib/jenkins/workspace/agora-release-linux-2/ServerSDK-Video/src/video_recorder/event_handler.cpp:1341: level 1: INFO    (11:57:48:870 |    1)  21870; [che] start call begins
AgoraCoreService[21855]: (21855) /var/lib/jenkins/workspace/agora-release-linux-2/ServerSDK-Video/src/video_recorder/event_handler.cpp:1341: level 1: INFO    (11:57:48:870 |    0)  21870; Set Application Mode in RTC Engine to No. 0
AgoraCoreService[21855]: (21855) /var/lib/jenkins/workspace/agora-release-linux-2/ServerSDK-Video/src/video_recorder/event_handler.cpp:1341: level 4: ERROR   (11:57:48:870 |    0)  21870; GetCodec() invalid index (error=8004)
AgoraCoreService[21855]: (21855) /var/lib/jenkins/workspace/agora-release-linux-2/ServerSDK-Video/src/video_recorder/event_handler.cpp:1341: level 1: INFO    (11:57:48:870 |    0)  21870; SetCodec by type : No. 85
AgoraCoreService[21855]: (21855) /var/lib/jenkins/workspace/agora-release-linux-2/ServerSDK-Video/src/video_recorder/event_handler.cpp:1341: level 1: INFO    (11:57:48:879 |    9)  21870; StartPlayout complete
AgoraCoreService[21855]: (21855) /var/lib/jenkins/workspace/agora-release-linux-2/ServerSDK-Video/src/video_recorder/event_handler.cpp:1341: level 1: INFO    (11:57:48:879 |    0)  21870; output: kDummyAudio
AgoraCoreService[21855]: (21855) /var/lib/jenkins/workspace/agora-release-linux-2/ServerSDK-Video/src/video_recorder/event_handler.cpp:1341: level 1: INFO    (11:57:48:888 |    9)  21870; StartRecording complete
AgoraCoreService[21855]: (21855) /var/lib/jenkins/workspace/agora-release-linux-2/ServerSDK-Video/src/video_recorder/event_handler.cpp:1341: level 4: ERROR   (11:57:48:888 |    0)  21870; SetAgcConfig() failed to set the range in |gain| the digital compression stage may apply (error=8097)
AgoraCoreService[21855]: (21855) /var/lib/jenkins/workspace/agora-release-linux-2/ServerSDK-Video/src/video_recorder/event_handler.cpp:1341: level 1: INFO    (11:57:48:889 |    1)  21870; SetHowlingControl enable = 0
AgoraCoreService[21855]: (21855) /var/lib/jenkins/workspace/agora-release-linux-2/ServerSDK-Video/src/video_recorder/event_handler.cpp:1341: level 1: INFO    (11:57:48:889 |    0)  21870; Application Config module:  Route 0, NS on, AEC N, AGC on, BSS off, HC on
AgoraCoreService[21855]: (21855) /var/lib/jenkins/workspace/agora-release-linux-2/ServerSDK-Video/src/video_recorder/event_handler.cpp:1341: level 1: INFO    (11:57:48:889 |    0)  21870; MID = 0, Routing = 0
AgoraCoreService[21855]: (21855) /var/lib/jenkins/workspace/agora-release-linux-2/ServerSDK-Video/src/video_recorder/event_handler.cpp:1341: level 1: INFO    (11:57:48:889 |    0)  21870; [che] applyVideoProfile: 640x360 15 fps 500 kbps
AgoraCoreService[21855]: (21855) /var/lib/jenkins/workspace/agora-release-linux-2/ServerSDK-Video/src/video_recorder/event_handler.cpp:1341: level 1: INFO    (11:57:48:889 |    0)  21870; validateVideoParameters: validate video parameters resolution 640x360, fps 15, rate 500000
AgoraCoreService[21855]: (21855) /var/lib/jenkins/workspace/agora-release-linux-2/ServerSDK-Video/src/video_recorder/event_handler.cpp:1341: level 1: INFO    (11:57:48:889 |    0)  21870; setMaxVideoBitrate: max bitrate=500000
AgoraCoreService[21855]: (21855) /var/lib/jenkins/workspace/agora-release-linux-2/ServerSDK-Video/src/video_recorder/event_handler.cpp:1341: level 1: INFO    (11:57:48:889 |    0)  21870; setCodecRates: set frame rate to 15
AgoraCoreService[21855]: (21855) /var/lib/jenkins/workspace/agora-release-linux-2/ServerSDK-Video/src/video_recorder/event_handler.cpp:1341: level 1: INFO    (11:57:48:889 |    0)  21870; setCodec: index=1 width=640 height=360 framerate=15
AgoraCoreService[21855]: (21855) /var/lib/jenkins/workspace/agora-release-linux-2/ServerSDK-Video/src/video_recorder/event_handler.cpp:1341: level 1: INFO    (11:57:48:889 |    0)  21870; setCodecResolution: set to 640 x 360
AgoraCoreService[21855]: (21855) /var/lib/jenkins/workspace/agora-release-linux-2/ServerSDK-Video/src/video_recorder/event_handler.cpp:1341: level 1: INFO    (11:57:48:889 |    0)  21870; CreateVideoCapturer: interface=0x7f0080172c90
AgoraCoreService[21855]: (21855) /var/lib/jenkins/workspace/agora-release-linux-2/ServerSDK-Video/src/video_recorder/event_handler.cpp:1341: level 1: INFO    (11:57:48:889 |    0)  21870; VideoSendTrackImpl::UpdateCapturer capturer=0x7f008021fa00
AgoraCoreService[21855]: (21855) /var/lib/jenkins/workspace/agora-release-linux-2/ServerSDK-Video/src/video_recorder/event_handler.cpp:1341: level 1: INFO    (11:57:48:890 |    1)  21870; Create participant 0
AgoraCoreService[21855]: (21855) /var/lib/jenkins/workspace/agora-release-linux-2/ServerSDK-Video/src/video_recorder/event_handler.cpp:1341: level 1: INFO    (11:57:48:890 |    0)  21870; startCapture: device? 1024 init? 1 local enabled? 1 capturing? 0 rendering? 0
AgoraCoreService[21855]: (21855) /var/lib/jenkins/workspace/agora-release-linux-2/ServerSDK-Video/src/video_recorder/event_handler.cpp:1341: level 1: INFO    (11:57:48:890 |    0)  21870; startCapture: Receive Only Mode, capture still on. Encode will be turned off
AgoraCoreService[21855]: (21855) /var/lib/jenkins/workspace/agora-release-linux-2/ServerSDK-Video/src/video_recorder/event_handler.cpp:1341: level 1: INFO    (11:57:48:890 |    0)  21870; AgoraVideoInput::Init thread=1, type=100, device=External Device
AgoraCoreService[21855]: (21855) /var/lib/jenkins/workspace/agora-release-linux-2/ServerSDK-Video/src/video_recorder/event_handler.cpp:1341: level 1: INFO    (11:57:48:890 |    0)  21879; Thread with name:AgoraInputThread started 
AgoraCoreService[21855]: (21855) /var/lib/jenkins/workspace/agora-release-linux-2/ServerSDK-Video/src/video_recorder/event_handler.cpp:1341: level 1: INFO    (11:57:48:890 |    0)  21880; Thread with name:ExternalCaptureThread started 
AgoraCoreService[21855]: (21855) /var/lib/jenkins/workspace/agora-release-linux-2/ServerSDK-Video/src/video_recorder/event_handler.cpp:1341: level 1: INFO    (11:57:48:890 |    0)  21870; setCodec: index=1 width=640 height=360 framerate=15
AgoraCoreService[21855]: (21855) /var/lib/jenkins/workspace/agora-release-linux-2/ServerSDK-Video/src/video_recorder/event_handler.cpp:1341: level 1: INFO    (11:57:48:890 |    0)  21870; setMaxVideoBitrate: max bitrate=500000
AgoraCoreService[21855]: (21855) /var/lib/jenkins/workspace/agora-release-linux-2/ServerSDK-Video/src/video_recorder/event_handler.cpp:1341: level 1: INFO    (11:57:48:890 |    0)  21870; AgoraVideoInput::Start width=640, height=360, fps=15
AgoraCoreService[21855]: (21855) /var/lib/jenkins/workspace/agora-release-linux-2/ServerSDK-Video/src/video_recorder/event_handler.cpp:1341: level 1: INFO    (11:57:48:890 |    0)  21881; Thread with name:WebRtc_event_timer_thread started 
AgoraCoreService[21855]: (21855) /var/lib/jenkins/workspace/agora-release-linux-2/ServerSDK-Video/src/video_recorder/event_handler.cpp:1341: level 1: INFO    (11:57:48:891 |    1)  21870; startCapture: startCapture success
AgoraCoreService[21855]: (21855) /var/lib/jenkins/workspace/agora-release-linux-2/ServerSDK-Video/src/video_recorder/event_handler.cpp:1341: level 1: INFO    (11:57:48:891 |    0)  21870; RequestEncodeKeyFrame
AgoraCoreService[21855]: (21855) /var/lib/jenkins/workspace/agora-release-linux-2/ServerSDK-Video/src/video_recorder/event_handler.cpp:1341: level 1: INFO    (11:57:48:891 |    0)  21870; doStartLocalRender: init? 1 capture id -1 device 1024 capturing? 1 rendering? 0
AgoraCoreService[21855]: (21855) /var/lib/jenkins/workspace/agora-release-linux-2/ServerSDK-Video/src/video_recorder/event_handler.cpp:1341: level 1: INFO    (11:57:48:891 |    0)  21870; doStartLocalRender: Receive Only Mode, local renderer still on.
AgoraCoreService[21855]: (21855) /var/lib/jenkins/workspace/agora-release-linux-2/ServerSDK-Video/src/video_recorder/event_handler.cpp:1341: level 1: INFO    (11:57:48:891 |    0)  21870; doStartLocalRender: init? 1 capture id -1 device 1024 capturing? 1 rendering? 0
AgoraCoreService[21855]: (21855) /var/lib/jenkins/workspace/agora-release-linux-2/ServerSDK-Video/src/video_recorder/event_handler.cpp:1341: level 1: INFO    (11:57:48:891 |    0)  21870; doStartLocalRender: Receive Only Mode, local renderer still on.
AgoraCoreService[21855]: (21855) /var/lib/jenkins/workspace/agora-release-linux-2/ServerSDK-Video/src/video_recorder/event_handler.cpp:1341: level 1: INFO    (11:57:48:891 |    0)  21870; [che] start call returns 0, elapsed 21
AgoraCoreService[21855]: (21855) /var/lib/jenkins/workspace/agora-release-linux-2/ServerSDK-Video/src/video_recorder/event_handler.cpp:1341: level 1: INFO    (11:57:48:891 |    0)  21870; Setting dtx mode to 2
AgoraCoreService[21855]: (21855) /var/lib/jenkins/workspace/agora-release-linux-2/ServerSDK-Video/src/video_recorder/event_handler.cpp:1341: level 1: INFO    (11:57:48:891 |    0)  21870; setNetEQMinimumPlayoutDelay delay(100)
AgoraCoreService[21855]: (21855) /var/lib/jenkins/workspace/agora-release-linux-2/ServerSDK-Video/src/video_recorder/event_handler.cpp:1341: level 1: INFO    (11:57:48:891 |    0)  21870; join channel success: cname 'police_3_3' uid 75918649 elapsed 198
AgoraCoreService[21855]: (21855) /var/lib/jenkins/workspace/agora-release-linux-2/ServerSDK-Video/src/video_recorder/event_handler.cpp:1054: Channel counters: mix mode:0 , min port:-1 , max port:-1 ,decode audio:0 , decode_video:0 , is live:0 , idle:300 , is audio only:0 ,syslog facility:8 , mix mode height:360 , mix mode width:640 , mix mode fps:15 , mix mode kbps:500 , mix av:0, streamType:0, triggerMode:0, lang:0
AgoraCoreService[21855]: (21855) /var/lib/jenkins/workspace/agora-release-linux-2/ServerSDK-Video/src/video_recorder/event_handler.cpp:1341: level 1: INFO    (11:57:48:891 |    0)  21870; CacheManager: save cache to storage elapsed 0
AgoraCoreService[21855]: (21855) /var/lib/jenkins/workspace/agora-release-linux-2/ServerSDK-Video/src/video_recorder/event_handler.cpp:1341: level 1: INFO    (11:57:48:891 |    0)  21871; Channel counters: mix mode:0 , min port:-1 , max port:-1 ,decode audio:0 , decode_video:0 , is live:0 , idle:300 , is audio only:0 ,syslog facility:8 , mix mode height:360 , mix mode width:640 , mix mode fps:15 , mi
AgoraCoreService[21855]: (21855) /var/lib/jenkins/workspace/agora-release-linux-2/ServerSDK-Video/src/video_recorder/event_handler.cpp:1128: User 75918649 join channel police_3_3 success, elapsed: 198 ms
AgoraCoreService[21855]: (21855) /var/lib/jenkins/workspace/agora-release-linux-2/ServerSDK-Video/src/video_recorder/event_handler.cpp:1341: level 1: INFO    (11:57:48:892 |    1)  21871; User 75918649 join channel police_3_3 success, elapsed: 198 ms
AgoraCoreService[21855]: (21855) /var/lib/jenkins/workspace/agora-release-linux-2/ServerSDK-Video/src/video_recorder/event_handler.cpp:1341: level 1: INFO    (11:57:48:892 |    0)  21870; [dns] parsed ip 128.1.87.146
AgoraCoreService[21855]: (21855) /var/lib/jenkins/workspace/agora-release-linux-2/ServerSDK-Video/src/video_recorder/event_handler.cpp:1341: level 1: INFO    (11:57:48:892 |    0)  21870; [dns] parsed ip 69.28.51.138
AgoraCoreService[21855]: (21855) /var/lib/jenkins/workspace/agora-release-linux-2/ServerSDK-Video/src/video_recorder/event_handler.cpp:1341: level 1: INFO    (11:57:48:892 |    0)  21870; [dns] parsed ip 119.9.92.49
AgoraCoreService[21855]: (21855) /var/lib/jenkins/workspace/agora-release-linux-2/ServerSDK-Video/src/video_recorder/event_handler.cpp:1341: level 1: INFO    (11:57:48:897 |    5)  21870; [ch0] rtt: 6
AgoraCoreService[21855]: (21855) /var/lib/jenkins/workspace/agora-release-linux-2/ServerSDK-Video/src/video_recorder/event_handler.cpp:1341: level 1: INFO    (11:57:48:917 |   20)  21870; [vocs/u] **responsed from 119.9.92.49:8000, 3 vos, elapsed 223, server ts 1522411068357, wan ip 139.59.134.76
AgoraCoreService[21855]: (21855) /var/lib/jenkins/workspace/agora-release-linux-2/ServerSDK-Video/src/video_recorder/event_handler.cpp:1341: level 1: INFO    (11:57:48:957 |   40)  21879; [che] onVideoSizeChanged: uid 0 640x360 rotate 0
AgoraCoreService[21855]: (21855) /var/lib/jenkins/workspace/agora-release-linux-2/ServerSDK-Video/src/video_recorder/event_handler.cpp:1341: level 1: INFO    (11:57:50:870 |    0)  21870; notifyPeerCount: cnt 0
AgoraCoreService[21855]: (21855) /var/lib/jenkins/workspace/agora-release-linux-2/ServerSDK-Video/src/video_recorder/event_handler.cpp:1341: level 1: INFO    (11:57:53:694 |    0)  21870; [rs] **report stats: seq: 11, report list size 11, tx/rx: 2199/288, cache size: 0, report success rate: -1
AgoraCoreService[21855]: (21855) /var/lib/jenkins/workspace/agora-release-linux-2/ServerSDK-Video/src/video_recorder/event_handler.cpp:1341: level 1: INFO    (11:57:53:694 |    0)  21870; [rlbs] selected: 199.190.44.35:9700
AgoraCoreService[21855]: (21855) /var/lib/jenkins/workspace/agora-release-linux-2/ServerSDK-Video/src/video_recorder/event_handler.cpp:1341: level 1: INFO    (11:57:53:694 |    0)  21870; [rlbs] request rs list from 199.190.44.35:9700.......
AgoraCoreService[21855]: (21855) /var/lib/jenkins/workspace/agora-release-linux-2/ServerSDK-Video/src/video_recorder/event_handler.cpp:1341: level 1: INFO    (11:57:53:896 |  202)  21870; [rlbs/u] responsed from 199.190.44.35:9700 with servers 128.1.78.91:8000
AgoraCoreService[21855]: (21855) /var/lib/jenkins/workspace/agora-release-linux-2/ServerSDK-Video/src/video_recorder/event_handler.cpp:1341: level 1: INFO    (11:57:54:888 |    0)  21872; Audio statistics - play count: playout count = 200  signal level: far_in = 0
recorder_local[21854]: (21854) /var/lib/jenkins/workspace/agora-release-linux-2/ServerSDK-Video/src/rec_engine/RecordingEngineImpl.cpp:502: [Wrapper] channel id: police_3_3 packet stats, total: 0, callback_->AudioFrameReceived: pcmPackets: 0, pcmTotalPackets: 0, aacPackets: 0, yuvF2Packets: 0, h264F2Packets: 0, errPackets: 0, otherPackets: 0
AgoraCoreService[21855]: (21855) /var/lib/jenkins/workspace/agora-release-linux-2/ServerSDK-Video/src/video_recorder/event_handler.cpp:907: [ARS/15s]event cnts:0, audio pkts:0, mix audio pkts:0, yuv video pkts:0, h264 video pkts:0
AgoraCoreService[21855]: (21855) /var/lib/jenkins/workspace/agora-release-linux-2/ServerSDK-Video/src/video_recorder/event_handler.cpp:1341: level 1: INFO    (11:58: 3:707 |    0)  21855; [ARS/15s]event cnts:0, audio pkts:0, mix audio pkts:0, yuv video pkts:0, h264 video pkts:0
recorder_local[21854]: (21854) /var/lib/jenkins/workspace/agora-release-linux-2/ServerSDK-Video/src/rec_engine/RecordingEngineImpl.cpp:502: [Wrapper] channel id: police_3_3 packet stats, total: 0, callback_->AudioFrameReceived: pcmPackets: 0, pcmTotalPackets: 0, aacPackets: 0, yuvF2Packets: 0, h264F2Packets: 0, errPackets: 0, otherPackets: 0
AgoraCoreService[21855]: (21855) /var/lib/jenkins/workspace/agora-release-linux-2/ServerSDK-Video/src/video_recorder/event_handler.cpp:1341: level 1: INFO    (11:58: 8:888 |  181)  21872; Audio statistics - play count: playout count = 600  signal level: far_in = 0
recorder_local[21854]: (21854) /var/lib/jenkins/workspace/agora-release-linux-2/ServerSDK-Video/src/rec_engine/RecordingEngineImpl.cpp:502: [Wrapper] channel id: police_3_3 packet stats, total: 0, callback_->AudioFrameReceived: pcmPackets: 0, pcmTotalPackets: 0, aacPackets: 0, yuvF2Packets: 0, h264F2Packets: 0, errPackets: 0, otherPackets: 0
AgoraCoreService[21855]: (21855) /var/lib/jenkins/workspace/agora-release-linux-2/ServerSDK-Video/src/video_recorder/event_handler.cpp:907: [ARS/15s]event cnts:0, audio pkts:0, mix audio pkts:0, yuv video pkts:0, h264 video pkts:0
AgoraCoreService[21855]: (21855) /var/lib/jenkins/workspace/agora-release-linux-2/ServerSDK-Video/src/video_recorder/event_handler.cpp:1341: level 1: INFO    (11:58:18:720 |    0)  21855; [ARS/15s]event cnts:0, audio pkts:0, mix audio pkts:0, yuv video pkts:0, h264 video pkts:0
AgoraCoreService[21855]: (21855) /var/lib/jenkins/workspace/agora-release-linux-2/ServerSDK-Video/src/video_recorder/event_handler.cpp:1341: level 1: INFO    (11:58:22:694 |    0)  21870; **CALL STATS: duraton 31s cpu app/total 2.5/10.5 battery 255 tx/rx: 1/1 kbps 10.273K/5.410K bytes
AgoraCoreService[21855]: (21855) /var/lib/jenkins/workspace/agora-release-linux-2/ServerSDK-Video/src/video_recorder/event_handler.cpp:1341: level 1: INFO    (11:58:26:888 |  194)  21872; Audio statistics - play count: playout count = 600  signal level: far_in = 0
AgoraCoreService[21855]: (21855) /var/lib/jenkins/workspace/agora-release-linux-2/ServerSDK-Video/src/video_recorder/event_handler.cpp:1341: level 1: INFO    (11:58:28:695 |    0)  21870; [rs] **report stats: seq: 24, report list size 24, tx/rx: 6147/1152, cache size: 0, report success rate: 100
recorder_local[21854]: (21854) /var/lib/jenkins/workspace/agora-release-linux-2/ServerSDK-Video/src/rec_engine/RecordingEngineImpl.cpp:502: [Wrapper] channel id: police_3_3 packet stats, total: 0, callback_->AudioFrameReceived: pcmPackets: 0, pcmTotalPackets: 0, aacPackets: 0, yuvF2Packets: 0, h264F2Packets: 0, errPackets: 0, otherPackets: 0
AgoraCoreService[21855]: (21855) /var/lib/jenkins/workspace/agora-release-linux-2/ServerSDK-Video/src/video_recorder/event_handler.cpp:907: [ARS/15s]event cnts:0, audio pkts:0, mix audio pkts:0, yuv video pkts:0, h264 video pkts:0
AgoraCoreService[21855]: (21855) /var/lib/jenkins/workspace/agora-release-linux-2/ServerSDK-Video/src/video_recorder/event_handler.cpp:1341: level 1: INFO    (11:58:33:734 |   39)  21855; [ARS/15s]event cnts:0, audio pkts:0, mix audio pkts:0, yuv video pkts:0, h264 video pkts:0
recorder_local[21854]: (21854) /var/lib/jenkins/workspace/agora-release-linux-2/ServerSDK-Video/src/rec_engine/RecordingEngineImpl.cpp:502: [Wrapper] channel id: police_3_3 packet stats, total: 0, callback_->AudioFrameReceived: pcmPackets: 0, pcmTotalPackets: 0, aacPackets: 0, yuvF2Packets: 0, h264F2Packets: 0, errPackets: 0, otherPackets: 0
AgoraCoreService[21855]: (21855) /var/lib/jenkins/workspace/agora-release-linux-2/ServerSDK-Video/src/video_recorder/event_handler.cpp:1341: level 1: INFO    (11:58:44:888 |  154)  21872; Audio statistics - play count: playout count = 600  signal level: far_in = 0
recorder_local[21854]: (21854) /var/lib/jenkins/workspace/agora-release-linux-2/ServerSDK-Video/src/rec_engine/RecordingEngineImpl.cpp:502: [Wrapper] channel id: police_3_3 packet stats, total: 0, callback_->AudioFrameReceived: pcmPackets: 0, pcmTotalPackets: 0, aacPackets: 0, yuvF2Packets: 0, h264F2Packets: 0, errPackets: 0, otherPackets: 0
AgoraCoreService[21855]: (21855) /var/lib/jenkins/workspace/agora-release-linux-2/ServerSDK-Video/src/video_recorder/event_handler.cpp:907: [ARS/15s]event cnts:0, audio pkts:0, mix audio pkts:0, yuv video pkts:0, h264 video pkts:0
AgoraCoreService[21855]: (21855) /var/lib/jenkins/workspace/agora-release-linux-2/ServerSDK-Video/src/video_recorder/event_handler.cpp:1341: level 1: INFO    (11:58:48:749 |    0)  21855; [ARS/15s]event cnts:0, audio pkts:0, mix audio pkts:0, yuv video pkts:0, h264 video pkts:0
AgoraCoreService[21855]: (21855) /var/lib/jenkins/workspace/agora-release-linux-2/ServerSDK-Video/src/video_recorder/event_handler.cpp:1341: level 1: INFO    (11:58:54:695 |    0)  21870; **CALL STATS: duraton 1m3s cpu app/total 1.52/7.53 battery 255 tx/rx: 1/1 kbps 16.675K/9.148K bytes
recorder_local[21854]: (21854) /var/lib/jenkins/workspace/agora-release-linux-2/ServerSDK-Video/src/rec_engine/RecordingEngineImpl.cpp:502: [Wrapper] channel id: police_3_3 packet stats, total: 0, callback_->AudioFrameReceived: pcmPackets: 0, pcmTotalPackets: 0, aacPackets: 0, yuvF2Packets: 0, h264F2Packets: 0, errPackets: 0, otherPackets: 0
AgoraCoreService[21855]: (21855) /var/lib/jenkins/workspace/agora-release-linux-2/ServerSDK-Video/src/video_recorder/event_handler.cpp:1341: level 1: INFO    (11:59: 2:888 |  193)  21872; Audio statistics - play count: playout count = 600  signal level: far_in = 0
AgoraCoreService[21855]: (21855) /var/lib/jenkins/workspace/agora-release-linux-2/ServerSDK-Video/src/video_recorder/event_handler.cpp:1341: level 1: INFO    (11:59: 3:694 |    0)  21870; [rs] **report stats: seq: 35, report list size 35, tx/rx: 8660/1680, cache size: 0, report success rate: 100
AgoraCoreService[21855]: (21855) /var/lib/jenkins/workspace/agora-release-linux-2/ServerSDK-Video/src/video_recorder/event_handler.cpp:907: [ARS/15s]event cnts:0, audio pkts:0, mix audio pkts:0, yuv video pkts:0, h264 video pkts:0
AgoraCoreService[21855]: (21855) /var/lib/jenkins/workspace/agora-release-linux-2/ServerSDK-Video/src/video_recorder/event_handler.cpp:1341: level 1: INFO    (11:59: 3:765 |   71)  21855; [ARS/15s]event cnts:0, audio pkts:0, mix audio pkts:0, yuv video pkts:0, h264 video pkts:0
recorder_local[21854]: (21854) /var/lib/jenkins/workspace/agora-release-linux-2/ServerSDK-Video/src/rec_engine/RecordingEngineImpl.cpp:502: [Wrapper] channel id: police_3_3 packet stats, total: 0, callback_->AudioFrameReceived: pcmPackets: 0, pcmTotalPackets: 0, aacPackets: 0, yuvF2Packets: 0, h264F2Packets: 0, errPackets: 0, otherPackets: 0
recorder_local[21854]: (21854) /var/lib/jenkins/workspace/agora-release-linux-2/ServerSDK-Video/src/rec_engine/RecordingEngineImpl.cpp:502: [Wrapper] channel id: police_3_3 packet stats, total: 0, callback_->AudioFrameReceived: pcmPackets: 0, pcmTotalPackets: 0, aacPackets: 0, yuvF2Packets: 0, h264F2Packets: 0, errPackets: 0, otherPackets: 0
AgoraCoreService[21855]: (21855) /var/lib/jenkins/workspace/agora-release-linux-2/ServerSDK-Video/src/video_recorder/event_handler.cpp:907: [ARS/15s]event cnts:0, audio pkts:0, mix audio pkts:0, yuv video pkts:0, h264 video pkts:0
AgoraCoreService[21855]: (21855) /var/lib/jenkins/workspace/agora-release-linux-2/ServerSDK-Video/src/video_recorder/event_handler.cpp:1341: level 1: INFO    (11:59:18:778 |   13)  21855; [ARS/15s]event cnts:0, audio pkts:0, mix audio pkts:0, yuv video pkts:0, h264 video pkts:0
AgoraCoreService[21855]: (21855) /var/lib/jenkins/workspace/agora-release-linux-2/ServerSDK-Video/src/video_recorder/event_handler.cpp:1341: level 1: INFO    (11:59:20:888 |  110)  21872; Audio statistics - play count: playout count = 600  signal level: far_in = 0
AgoraCoreService[21855]: (21855) /var/lib/jenkins/workspace/agora-release-linux-2/ServerSDK-Video/src/video_recorder/event_handler.cpp:1341: level 1: INFO    (11:59:26:694 |    0)  21870; **CALL STATS: duraton 1m35s cpu app/total 1.53/10.55 battery 255 tx/rx: 2/0 kbps 23.277K/12.832K bytes
recorder_local[21854]: (21854) /var/lib/jenkins/workspace/agora-release-linux-2/ServerSDK-Video/src/rec_engine/RecordingEngineImpl.cpp:502: [Wrapper] channel id: police_3_3 packet stats, total: 0, callback_->AudioFrameReceived: pcmPackets: 0, pcmTotalPackets: 0, aacPackets: 0, yuvF2Packets: 0, h264F2Packets: 0, errPackets: 0, otherPackets: 0
AgoraCoreService[21855]: (21855) /var/lib/jenkins/workspace/agora-release-linux-2/ServerSDK-Video/src/video_recorder/event_handler.cpp:907: [ARS/15s]event cnts:0, audio pkts:0, mix audio pkts:0, yuv video pkts:0, h264 video pkts:0
AgoraCoreService[21855]: (21855) /var/lib/jenkins/workspace/agora-release-linux-2/ServerSDK-Video/src/video_recorder/event_handler.cpp:1341: level 1: INFO    (11:59:33:791 |   97)  21855; [ARS/15s]event cnts:0, audio pkts:0, mix audio pkts:0, yuv video pkts:0, h264 video pkts:0
AgoraCoreService[21855]: (21855) /var/lib/jenkins/workspace/agora-release-linux-2/ServerSDK-Video/src/video_recorder/event_handler.cpp:1341: level 1: INFO    (11:59:38:694 |    0)  21870; [rs] **report stats: seq: 45, report list size 21, tx/rx: 10967/2160, cache size: 0, report success rate: 100
recorder_local[21854]: (21854) /var/lib/jenkins/workspace/agora-release-linux-2/ServerSDK-Video/src/rec_engine/RecordingEngineImpl.cpp:502: [Wrapper] channel id: police_3_3 packet stats, total: 0, callback_->AudioFrameReceived: pcmPackets: 0, pcmTotalPackets: 0, aacPackets: 0, yuvF2Packets: 0, h264F2Packets: 0, errPackets: 0, otherPackets: 0
AgoraCoreService[21855]: (21855) /var/lib/jenkins/workspace/agora-release-linux-2/ServerSDK-Video/src/video_recorder/event_handler.cpp:1341: level 1: INFO    (11:59:38:888 |  194)  21872; Audio statistics - play count: playout count = 600  signal level: far_in = 0
recorder_local[21854]: (21854) /var/lib/jenkins/workspace/agora-release-linux-2/ServerSDK-Video/src/rec_engine/RecordingEngineImpl.cpp:502: [Wrapper] channel id: police_3_3 packet stats, total: 0, callback_->AudioFrameReceived: pcmPackets: 0, pcmTotalPackets: 0, aacPackets: 0, yuvF2Packets: 0, h264F2Packets: 0, errPackets: 0, otherPackets: 0
AgoraCoreService[21855]: (21855) /var/lib/jenkins/workspace/agora-release-linux-2/ServerSDK-Video/src/video_recorder/event_handler.cpp:907: [ARS/15s]event cnts:0, audio pkts:0, mix audio pkts:0, yuv video pkts:0, h264 video pkts:0
AgoraCoreService[21855]: (21855) /var/lib/jenkins/workspace/agora-release-linux-2/ServerSDK-Video/src/video_recorder/event_handler.cpp:1341: level 1: INFO    (11:59:48:806 |    0)  21855; [ARS/15s]event cnts:0, audio pkts:0, mix audio pkts:0, yuv video pkts:0, h264 video pkts:0
AgoraCoreService[21855]: (21855) /var/lib/jenkins/workspace/agora-release-linux-2/ServerSDK-Video/src/video_recorder/event_handler.cpp:1341: level 1: INFO    (11:59:56:888 |   82)  21872; Audio statistics - play count: playout count = 600  signal level: far_in = 0
AgoraCoreService[21855]: (21855) /var/lib/jenkins/workspace/agora-release-linux-2/ServerSDK-Video/src/video_recorder/event_handler.cpp:1341: level 1: INFO    (11:59:58:694 |    0)  21870; **CALL STATS: duraton 2m7s cpu app/total 2.1/7.65 battery 255 tx/rx: 1/1 kbps 29.674K/16.618K bytes
recorder_local[21854]: (21854) /var/lib/jenkins/workspace/agora-release-linux-2/ServerSDK-Video/src/rec_engine/RecordingEngineImpl.cpp:502: [Wrapper] channel id: police_3_3 packet stats, total: 0, callback_->AudioFrameReceived: pcmPackets: 0, pcmTotalPackets: 0, aacPackets: 0, yuvF2Packets: 0, h264F2Packets: 0, errPackets: 0, otherPackets: 0
AgoraCoreService[21855]: (21855) /var/lib/jenkins/workspace/agora-release-linux-2/ServerSDK-Video/src/video_recorder/event_handler.cpp:907: [ARS/15s]event cnts:0, audio pkts:0, mix audio pkts:0, yuv video pkts:0, h264 video pkts:0
AgoraCoreService[21855]: (21855) /var/lib/jenkins/workspace/agora-release-linux-2/ServerSDK-Video/src/video_recorder/event_handler.cpp:1341: level 1: INFO    (12: 0: 3:820 |  126)  21855; [ARS/15s]event cnts:0, audio pkts:0, mix audio pkts:0, yuv video pkts:0, h264 video pkts:0
recorder_local[21854]: (21854) /var/lib/jenkins/workspace/agora-release-linux-2/ServerSDK-Video/src/rec_engine/RecordingEngineImpl.cpp:502: [Wrapper] channel id: police_3_3 packet stats, total: 0, callback_->AudioFrameReceived: pcmPackets: 0, pcmTotalPackets: 0, aacPackets: 0, yuvF2Packets: 0, h264F2Packets: 0, errPackets: 0, otherPackets: 0
AgoraCoreService[21855]: (21855) /var/lib/jenkins/workspace/agora-release-linux-2/ServerSDK-Video/src/video_recorder/event_handler.cpp:1341: level 1: INFO    (12: 0:13:694 |    0)  21870; [rs] **report stats: seq: 56, report list size 23, tx/rx: 13475/2688, cache size: 0, report success rate: 100
AgoraCoreService[21855]: (21855) /var/lib/jenkins/workspace/agora-release-linux-2/ServerSDK-Video/src/video_recorder/event_handler.cpp:1341: level 1: INFO    (12: 0:14:888 |  194)  21872; Audio statistics - play count: playout count = 600  signal level: far_in = 0
recorder_local[21854]: (21854) /var/lib/jenkins/workspace/agora-release-linux-2/ServerSDK-Video/src/rec_engine/RecordingEngineImpl.cpp:502: [Wrapper] channel id: police_3_3 packet stats, total: 0, callback_->AudioFrameReceived: pcmPackets: 0, pcmTotalPackets: 0, aacPackets: 0, yuvF2Packets: 0, h264F2Packets: 0, errPackets: 0, otherPackets: 0
AgoraCoreService[21855]: (21855) /var/lib/jenkins/workspace/agora-release-linux-2/ServerSDK-Video/src/video_recorder/event_handler.cpp:907: [ARS/15s]event cnts:0, audio pkts:0, mix audio pkts:0, yuv video pkts:0, h264 video pkts:0
AgoraCoreService[21855]: (21855) /var/lib/jenkins/workspace/agora-release-linux-2/ServerSDK-Video/src/video_recorder/event_handler.cpp:1341: level 1: INFO    (12: 0:18:835 |    0)  21855; [ARS/15s]event cnts:0, audio pkts:0, mix audio pkts:0, yuv video pkts:0, h264 video pkts:0
recorder_local[21854]: (21854) /var/lib/jenkins/workspace/agora-release-linux-2/ServerSDK-Video/src/rec_engine/RecordingEngineImpl.cpp:502: [Wrapper] channel id: police_3_3 packet stats, total: 0, callback_->AudioFrameReceived: pcmPackets: 0, pcmTotalPackets: 0, aacPackets: 0, yuvF2Packets: 0, h264F2Packets: 0, errPackets: 0, otherPackets: 0
AgoraCoreService[21855]: (21855) /var/lib/jenkins/workspace/agora-release-linux-2/ServerSDK-Video/src/video_recorder/event_handler.cpp:1341: level 1: INFO    (12: 0:30:694 |    0)  21870; **CALL STATS: duraton 2m39s cpu app/total 2.3/8.67 battery 255 tx/rx: 1/1 kbps 36.37K/20.356K bytes
AgoraCoreService[21855]: (21855) /var/lib/jenkins/workspace/agora-release-linux-2/ServerSDK-Video/src/video_recorder/event_handler.cpp:1341: level 1: INFO    (12: 0:32:888 |  194)  21872; Audio statistics - play count: playout count = 600  signal level: far_in = 0
AgoraCoreService[21855]: (21855) /var/lib/jenkins/workspace/agora-release-linux-2/ServerSDK-Video/src/video_recorder/event_handler.cpp:907: [ARS/15s]event cnts:0, audio pkts:0, mix audio pkts:0, yuv video pkts:0, h264 video pkts:0
AgoraCoreService[21855]: (21855) /var/lib/jenkins/workspace/agora-release-linux-2/ServerSDK-Video/src/video_recorder/event_handler.cpp:1341: level 1: INFO    (12: 0:33:848 |    0)  21855; [ARS/15s]event cnts:0, audio pkts:0, mix audio pkts:0, yuv video pkts:0, h264 video pkts:0
recorder_local[21854]: (21854) /var/lib/jenkins/workspace/agora-release-linux-2/ServerSDK-Video/src/rec_engine/RecordingEngineImpl.cpp:502: [Wrapper] channel id: police_3_3 packet stats, total: 0, callback_->AudioFrameReceived: pcmPackets: 0, pcmTotalPackets: 0, aacPackets: 0, yuvF2Packets: 0, h264F2Packets: 0, errPackets: 0, otherPackets: 0
AgoraCoreService[21855]: (21855) /var/lib/jenkins/workspace/agora-release-linux-2/ServerSDK-Video/src/video_recorder/event_handler.cpp:1341: level 1: INFO    (12: 0:48:694 |    0)  21870; [rs] **report stats: seq: 66, report list size 22, tx/rx: 15772/3168, cache size: 0, report success rate: 100
recorder_local[21854]: (21854) /var/lib/jenkins/workspace/agora-release-linux-2/ServerSDK-Video/src/rec_engine/RecordingEngineImpl.cpp:502: [Wrapper] channel id: police_3_3 packet stats, total: 0, callback_->AudioFrameReceived: pcmPackets: 0, pcmTotalPackets: 0, aacPackets: 0, yuvF2Packets: 0, h264F2Packets: 0, errPackets: 0, otherPackets: 0
AgoraCoreService[21855]: (21855) /var/lib/jenkins/workspace/agora-release-linux-2/ServerSDK-Video/src/video_recorder/event_handler.cpp:907: [ARS/15s]event cnts:0, audio pkts:0, mix audio pkts:0, yuv video pkts:0, h264 video pkts:0
AgoraCoreService[21855]: (21855) /var/lib/jenkins/workspace/agora-release-linux-2/ServerSDK-Video/src/video_recorder/event_handler.cpp:1341: level 1: INFO    (12: 0:48:861 |  167)  21855; [ARS/15s]event cnts:0, audio pkts:0, mix audio pkts:0, yuv video pkts:0, h264 video pkts:0
AgoraCoreService[21855]: (21855) /var/lib/jenkins/workspace/agora-release-linux-2/ServerSDK-Video/src/video_recorder/event_handler.cpp:1341: level 1: INFO    (12: 0:50:888 |   27)  21872; Audio statistics - play count: playout count = 600  signal level: far_in = 0
recorder_local[21854]: (21854) /var/lib/jenkins/workspace/agora-release-linux-2/ServerSDK-Video/src/rec_engine/RecordingEngineImpl.cpp:502: [Wrapper] channel id: police_3_3 packet stats, total: 0, callback_->AudioFrameReceived: pcmPackets: 0, pcmTotalPackets: 0, aacPackets: 0, yuvF2Packets: 0, h264F2Packets: 0, errPackets: 0, otherPackets: 0
AgoraCoreService[21855]: (21855) /var/lib/jenkins/workspace/agora-release-linux-2/ServerSDK-Video/src/video_recorder/event_handler.cpp:1341: level 1: INFO    (12: 1: 2:694 |    0)  21870; **CALL STATS: duraton 3m11s cpu app/total 1.53/28.93 battery 255 tx/rx: 1/0 kbps 42.442K/24.16K bytes
AgoraCoreService[21855]: (21855) /var/lib/jenkins/workspace/agora-release-linux-2/ServerSDK-Video/src/video_recorder/event_handler.cpp:907: [ARS/15s]event cnts:0, audio pkts:0, mix audio pkts:0, yuv video pkts:0, h264 video pkts:0
AgoraCoreService[21855]: (21855) /var/lib/jenkins/workspace/agora-release-linux-2/ServerSDK-Video/src/video_recorder/event_handler.cpp:1341: level 1: INFO    (12: 1: 3:873 |  179)  21855; [ARS/15s]event cnts:0, audio pkts:0, mix audio pkts:0, yuv video pkts:0, h264 video pkts:0
recorder_local[21854]: (21854) /var/lib/jenkins/workspace/agora-release-linux-2/ServerSDK-Video/src/rec_engine/RecordingEngineImpl.cpp:502: [Wrapper] channel id: police_3_3 packet stats, total: 0, callback_->AudioFrameReceived: pcmPackets: 0, pcmTotalPackets: 0, aacPackets: 0, yuvF2Packets: 0, h264F2Packets: 0, errPackets: 0, otherPackets: 0
AgoraCoreService[21855]: (21855) /var/lib/jenkins/workspace/agora-release-linux-2/ServerSDK-Video/src/video_recorder/event_handler.cpp:1341: level 1: INFO    (12: 1: 8:888 |   15)  21872; Audio statistics - play count: playout count = 600  signal level: far_in = 0
recorder_local[21854]: (21854) /var/lib/jenkins/workspace/agora-release-linux-2/ServerSDK-Video/src/rec_engine/RecordingEngineImpl.cpp:502: [Wrapper] channel id: police_3_3 packet stats, total: 0, callback_->AudioFrameReceived: pcmPackets: 0, pcmTotalPackets: 0, aacPackets: 0, yuvF2Packets: 0, h264F2Packets: 0, errPackets: 0, otherPackets: 0
AgoraCoreService[21855]: (21855) /var/lib/jenkins/workspace/agora-release-linux-2/ServerSDK-Video/src/video_recorder/event_handler.cpp:907: [ARS/15s]event cnts:0, audio pkts:0, mix audio pkts:0, yuv video pkts:0, h264 video pkts:0
AgoraCoreService[21855]: (21855) /var/lib/jenkins/workspace/agora-release-linux-2/ServerSDK-Video/src/video_recorder/event_handler.cpp:1341: level 1: INFO    (12: 1:18:886 |    0)  21855; [ARS/15s]event cnts:0, audio pkts:0, mix audio pkts:0, yuv video pkts:0, h264 video pkts:0
AgoraCoreService[21855]: (21855) /var/lib/jenkins/workspace/agora-release-linux-2/ServerSDK-Video/src/video_recorder/event_handler.cpp:1341: level 1: INFO    (12: 1:23:694 |    0)  21870; [rs] **report stats: seq: 77, report list size 23, tx/rx: 18280/3696, cache size: 0, report success rate: 100
AgoraCoreService[21855]: (21855) /var/lib/jenkins/workspace/agora-release-linux-2/ServerSDK-Video/src/video_recorder/event_handler.cpp:1341: level 1: INFO    (12: 1:26:888 |  194)  21872; Audio statistics - play count: playout count = 600  signal level: far_in = 0
recorder_local[21854]: (21854) /var/lib/jenkins/workspace/agora-release-linux-2/ServerSDK-Video/src/rec_engine/RecordingEngineImpl.cpp:502: [Wrapper] channel id: police_3_3 packet stats, total: 0, callback_->AudioFrameReceived: pcmPackets: 0, pcmTotalPackets: 0, aacPackets: 0, yuvF2Packets: 0, h264F2Packets: 0, errPackets: 0, otherPackets: 0
AgoraCoreService[21855]: (21855) /var/lib/jenkins/workspace/agora-release-linux-2/ServerSDK-Video/src/video_recorder/event_handler.cpp:907: [ARS/15s]event cnts:0, audio pkts:0, mix audio pkts:0, yuv video pkts:0, h264 video pkts:0
AgoraCoreService[21855]: (21855) /var/lib/jenkins/workspace/agora-release-linux-2/ServerSDK-Video/src/video_recorder/event_handler.cpp:1341: level 1: INFO    (12: 1:33:901 |   13)  21855; [ARS/15s]event cnts:0, audio pkts:0, mix audio pkts:0, yuv video pkts:0, h264 video pkts:0
AgoraCoreService[21855]: (21855) /var/lib/jenkins/workspace/agora-release-linux-2/ServerSDK-Video/src/video_recorder/event_handler.cpp:1341: level 1: INFO    (12: 1:34:695 |    0)  21870; **CALL STATS: duraton 3m43s cpu app/total 1.93/19.71 battery 255 tx/rx: 1/1 kbps 48.839K/27.778K bytes
recorder_local[21854]: (21854) /var/lib/jenkins/workspace/agora-release-linux-2/ServerSDK-Video/src/rec_engine/RecordingEngineImpl.cpp:502: [Wrapper] channel id: police_3_3 packet stats, total: 0, callback_->AudioFrameReceived: pcmPackets: 0, pcmTotalPackets: 0, aacPackets: 0, yuvF2Packets: 0, h264F2Packets: 0, errPackets: 0, otherPackets: 0
AgoraCoreService[21855]: (21855) /var/lib/jenkins/workspace/agora-release-linux-2/ServerSDK-Video/src/video_recorder/event_handler.cpp:1341: level 1: INFO    (12: 1:44:888 |  193)  21872; Audio statistics - play count: playout count = 600  signal level: far_in = 0
recorder_local[21854]: (21854) /var/lib/jenkins/workspace/agora-release-linux-2/ServerSDK-Video/src/rec_engine/RecordingEngineImpl.cpp:502: [Wrapper] channel id: police_3_3 packet stats, total: 0, callback_->AudioFrameReceived: pcmPackets: 0, pcmTotalPackets: 0, aacPackets: 0, yuvF2Packets: 0, h264F2Packets: 0, errPackets: 0, otherPackets: 0
AgoraCoreService[21855]: (21855) /var/lib/jenkins/workspace/agora-release-linux-2/ServerSDK-Video/src/video_recorder/event_handler.cpp:907: [ARS/15s]event cnts:0, audio pkts:0, mix audio pkts:0, yuv video pkts:0, h264 video pkts:0
AgoraCoreService[21855]: (21855) /var/lib/jenkins/workspace/agora-release-linux-2/ServerSDK-Video/src/video_recorder/event_handler.cpp:1341: level 1: INFO    (12: 1:48:915 |   27)  21855; [ARS/15s]event cnts:0, audio pkts:0, mix audio pkts:0, yuv video pkts:0, h264 video pkts:0
AgoraCoreService[21855]: (21855) /var/lib/jenkins/workspace/agora-release-linux-2/ServerSDK-Video/src/video_recorder/event_handler.cpp:1341: level 1: INFO    (12: 1:53:694 |    0)  21870; [rs] **report stats: seq: 86, report list size 23, tx/rx: 20344/4128, cache size: 0, report success rate: 100
recorder_local[21854]: (21854) /var/lib/jenkins/workspace/agora-release-linux-2/ServerSDK-Video/src/rec_engine/RecordingEngineImpl.cpp:502: [Wrapper] channel id: police_3_3 packet stats, total: 0, callback_->AudioFrameReceived: pcmPackets: 0, pcmTotalPackets: 0, aacPackets: 0, yuvF2Packets: 0, h264F2Packets: 0, errPackets: 0, otherPackets: 0
AgoraCoreService[21855]: (21855) /var/lib/jenkins/workspace/agora-release-linux-2/ServerSDK-Video/src/video_recorder/event_handler.cpp:1341: level 1: INFO    (12: 2: 2:888 |  194)  21872; Audio statistics - play count: playout count = 600  signal level: far_in = 0
AgoraCoreService[21855]: (21855) /var/lib/jenkins/workspace/agora-release-linux-2/ServerSDK-Video/src/video_recorder/event_handler.cpp:907: [ARS/15s]event cnts:0, audio pkts:0, mix audio pkts:0, yuv video pkts:0, h264 video pkts:0
AgoraCoreService[21855]: (21855) /var/lib/jenkins/workspace/agora-release-linux-2/ServerSDK-Video/src/video_recorder/event_handler.cpp:1341: level 1: INFO    (12: 2: 3:927 |   39)  21855; [ARS/15s]event cnts:0, audio pkts:0, mix audio pkts:0, yuv video pkts:0, h264 video pkts:0
AgoraCoreService[21855]: (21855) /var/lib/jenkins/workspace/agora-release-linux-2/ServerSDK-Video/src/video_recorder/event_handler.cpp:1341: level 1: INFO    (12: 2: 6:695 |    0)  21870; **CALL STATS: duraton 4m15s cpu app/total 1.98/19.9 battery 255 tx/rx: 1/1 kbps 55.222K/31.516K bytes
recorder_local[21854]: (21854) /var/lib/jenkins/workspace/agora-release-linux-2/ServerSDK-Video/src/rec_engine/RecordingEngineImpl.cpp:502: [Wrapper] channel id: police_3_3 packet stats, total: 0, callback_->AudioFrameReceived: pcmPackets: 0, pcmTotalPackets: 0, aacPackets: 0, yuvF2Packets: 0, h264F2Packets: 0, errPackets: 0, otherPackets: 0
recorder_local[21854]: (21854) /var/lib/jenkins/workspace/agora-release-linux-2/ServerSDK-Video/src/rec_engine/RecordingEngineImpl.cpp:502: [Wrapper] channel id: police_3_3 packet stats, total: 0, callback_->AudioFrameReceived: pcmPackets: 0, pcmTotalPackets: 0, aacPackets: 0, yuvF2Packets: 0, h264F2Packets: 0, errPackets: 0, otherPackets: 0
AgoraCoreService[21855]: (21855) /var/lib/jenkins/workspace/agora-release-linux-2/ServerSDK-Video/src/video_recorder/event_handler.cpp:907: [ARS/15s]event cnts:0, audio pkts:0, mix audio pkts:0, yuv video pkts:0, h264 video pkts:0
AgoraCoreService[21855]: (21855) /var/lib/jenkins/workspace/agora-release-linux-2/ServerSDK-Video/src/video_recorder/event_handler.cpp:1341: level 1: INFO    (12: 2:18:941 |  246)  21855; [ARS/15s]event cnts:0, audio pkts:0, mix audio pkts:0, yuv video pkts:0, h264 video pkts:0
AgoraCoreService[21855]: (21855) /var/lib/jenkins/workspace/agora-release-linux-2/ServerSDK-Video/src/video_recorder/event_handler.cpp:1341: level 1: INFO    (12: 2:20:888 |    0)  21872; Audio statistics - play count: playout count = 600  signal level: far_in = 0
AgoraCoreService[21855]: (21855) /var/lib/jenkins/workspace/agora-release-linux-2/ServerSDK-Video/src/video_recorder/event_handler.cpp:1341: level 1: INFO    (12: 2:28:695 |    0)  21870; [rs] **report stats: seq: 95, report list size 22, tx/rx: 22398/4560, cache size: 0, report success rate: 100
recorder_local[21854]: (21854) /var/lib/jenkins/workspace/agora-release-linux-2/ServerSDK-Video/src/rec_engine/RecordingEngineImpl.cpp:502: [Wrapper] channel id: police_3_3 packet stats, total: 0, callback_->AudioFrameReceived: pcmPackets: 0, pcmTotalPackets: 0, aacPackets: 0, yuvF2Packets: 0, h264F2Packets: 0, errPackets: 0, otherPackets: 0
AgoraCoreService[21855]: (21855) /var/lib/jenkins/workspace/agora-release-linux-2/ServerSDK-Video/src/video_recorder/event_handler.cpp:907: [ARS/15s]event cnts:0, audio pkts:0, mix audio pkts:0, yuv video pkts:0, h264 video pkts:0
AgoraCoreService[21855]: (21855) /var/lib/jenkins/workspace/agora-release-linux-2/ServerSDK-Video/src/video_recorder/event_handler.cpp:1341: level 1: INFO    (12: 2:33:953 |  258)  21855; [ARS/15s]event cnts:0, audio pkts:0, mix audio pkts:0, yuv video pkts:0, h264 video pkts:0
AgoraCoreService[21855]: (21855) /var/lib/jenkins/workspace/agora-release-linux-2/ServerSDK-Video/src/video_recorder/event_handler.cpp:1341: level 1: INFO    (12: 2:38:694 |    0)  21870; **CALL STATS: duraton 4m47s cpu app/total 1.48/20.28 battery 255 tx/rx: 1/0 kbps 61.622K/35.176K bytes
AgoraCoreService[21855]: (21855) /var/lib/jenkins/workspace/agora-release-linux-2/ServerSDK-Video/src/video_recorder/event_handler.cpp:1341: level 1: INFO    (12: 2:38:888 |  194)  21872; Audio statistics - play count: playout count = 600  signal level: far_in = 0
recorder_local[21854]: (21854) /var/lib/jenkins/workspace/agora-release-linux-2/ServerSDK-Video/src/rec_engine/RecordingEngineImpl.cpp:502: [Wrapper] channel id: police_3_3 packet stats, total: 0, callback_->AudioFrameReceived: pcmPackets: 0, pcmTotalPackets: 0, aacPackets: 0, yuvF2Packets: 0, h264F2Packets: 0, errPackets: 0, otherPackets: 0
recorder_local[21854]: (21854) /var/lib/jenkins/workspace/agora-release-linux-2/ServerSDK-Video/src/rec_engine/RecordingEngineImpl.cpp:502: [Wrapper] channel id: police_3_3 packet stats, total: 0, callback_->AudioFrameReceived: pcmPackets: 0, pcmTotalPackets: 0, aacPackets: 0, yuvF2Packets: 0, h264F2Packets: 0, errPackets: 0, otherPackets: 0
AgoraCoreService[21855]: (21855) /var/lib/jenkins/workspace/agora-release-linux-2/ServerSDK-Video/src/video_recorder/event_handler.cpp:907: [ARS/15s]event cnts:0, audio pkts:0, mix audio pkts:0, yuv video pkts:0, h264 video pkts:0
AgoraCoreService[21855]: (21855) /var/lib/jenkins/workspace/agora-release-linux-2/ServerSDK-Video/src/video_recorder/event_handler.cpp:1341: level 1: INFO    (12: 2:48:967 |   79)  21855; [ARS/15s]event cnts:0, audio pkts:0, mix audio pkts:0, yuv video pkts:0, h264 video pkts:0
AgoraCoreService[21855]: (21855) /var/lib/jenkins/workspace/agora-release-linux-2/ServerSDK-Video/src/video_recorder/event_handler.cpp:1334: No users in channel for 300 seconds, aborting, leave_code:4.
AgoraCoreService[21855]: (21855) /var/lib/jenkins/workspace/agora-release-linux-2/ServerSDK-Video/src/video_recorder/event_handler.cpp:1341: level 2: WARN    (12: 2:50:695 |    0)  21871; No users in channel for 300 seconds, aborting, leave_code:4.
AgoraCoreService[21855]: (21855) /var/lib/jenkins/workspace/agora-release-linux-2/ServerSDK-Video/src/video_recorder/event_handler.cpp:888: ARS push leave pkt to queue inform wrapper
AgoraCoreService[21855]: (21855) /var/lib/jenkins/workspace/agora-release-linux-2/ServerSDK-Video/src/video_recorder/event_handler.cpp:1341: level 1: INFO    (12: 2:50:969 |  274)  21855; ARS push leave pkt to queue inform wrapper
AgoraCoreService[21855]: (21855) /var/lib/jenkins/workspace/agora-release-linux-2/ServerSDK-Video/src/video_recorder/event_handler.cpp:858: Before cleanup cnt 0, errno 2 4, joined_ 1, term_sig 1, leave path code 12
AgoraCoreService[21855]: (21855) /var/lib/jenkins/workspace/agora-release-linux-2/ServerSDK-Video/src/video_recorder/event_handler.cpp:1341: level 2: WARN    (12: 2:51:469 |    0)  21855; Before cleanup cnt 0, errno 2 4, joined_ 1, term_sig 1, leave path code 12
AgoraCoreService[21855]: (21855) /var/lib/jenkins/workspace/agora-release-linux-2/ServerSDK-Video/src/video_recorder/event_handler.cpp:582: Leaving channel and ready to cleanup
AgoraCoreService[21855]: (21855) /var/lib/jenkins/workspace/agora-release-linux-2/ServerSDK-Video/src/video_recorder/event_handler.cpp:1341: level 1: INFO    (12: 2:51:470 |    1)  21855; Leaving channel and ready to cleanup
AgoraCoreService[21855]: (21855) /var/lib/jenkins/workspace/agora-release-linux-2/ServerSDK-Video/src/video_recorder/event_handler.cpp:1341: level 1: INFO    (12: 2:51:470 |    0)  21855; API call to leave channel
AgoraCoreService[21855]: (21855) /var/lib/jenkins/workspace/agora-release-linux-2/ServerSDK-Video/src/video_recorder/event_handler.cpp:1341: level 1: INFO    (12: 2:51:470 |    0)  21870; [cm] emit leave channel signal
AgoraCoreService[21855]: (21855) /var/lib/jenkins/workspace/agora-release-linux-2/ServerSDK-Video/src/video_recorder/event_handler.cpp:1334: No users in channel for 300 seconds, aborting, leave_code:12.
AgoraCoreService[21855]: (21855) /var/lib/jenkins/workspace/agora-release-linux-2/ServerSDK-Video/src/video_recorder/event_handler.cpp:1341: level 2: WARN    (12: 2:51:471 |    1)  21871; No users in channel for 300 seconds, aborting, leave_code:12.
AgoraCoreService[21855]: (21855) /var/lib/jenkins/workspace/agora-release-linux-2/ServerSDK-Video/src/video_recorder/event_handler.cpp:1341: level 1: INFO    (12: 2:51:471 |    0)  21870; **CALL STATS: duration 5m2s, tx 64.917K bytes, rx 36.982K bytes, total 101.875K bytes
AgoraCoreService[21855]: (21855) /var/lib/jenkins/workspace/agora-release-linux-2/ServerSDK-Video/src/video_recorder/event_handler.cpp:1341: level 1: INFO    (12: 2:51:471 |    0)  21870; stopLocalRender
AgoraCoreService[21855]: (21855) /var/lib/jenkins/workspace/agora-release-linux-2/ServerSDK-Video/src/video_recorder/event_handler.cpp:1341: level 1: INFO    (12: 2:51:471 |    0)  21870; stopLocalRender success
AgoraCoreService[21855]: (21855) /var/lib/jenkins/workspace/agora-release-linux-2/ServerSDK-Video/src/video_recorder/event_handler.cpp:1341: level 1: INFO    (12: 2:51:471 |    0)  21870; AgoraVideoInput::Stop
AgoraCoreService[21855]: (21855) /var/lib/jenkins/workspace/agora-release-linux-2/ServerSDK-Video/src/video_recorder/event_handler.cpp:1341: level 1: INFO    (12: 2:51:471 |    0)  21881; Thread with name:WebRtc_event_timer_thread stopped
AgoraCoreService[21855]: (21855) /var/lib/jenkins/workspace/agora-release-linux-2/ServerSDK-Video/src/video_recorder/event_handler.cpp:1341: level 1: INFO    (12: 2:51:472 |    1)  21870; AgoraVideoInput::Destroy
AgoraCoreService[21855]: (21855) /var/lib/jenkins/workspace/agora-release-linux-2/ServerSDK-Video/src/video_recorder/event_handler.cpp:1341: level 1: INFO    (12: 2:51:472 |    0)  21880; Thread with name:ExternalCaptureThread stopped
AgoraCoreService[21855]: (21855) /var/lib/jenkins/workspace/agora-release-linux-2/ServerSDK-Video/src/video_recorder/event_handler.cpp:1341: level 1: INFO    (12: 2:51:535 |   63)  21879; Thread with name:AgoraInputThread stopped
AgoraCoreService[21855]: (21855) /var/lib/jenkins/workspace/agora-release-linux-2/ServerSDK-Video/src/video_recorder/event_handler.cpp:1341: level 1: INFO    (12: 2:51:542 |    7)  21870; stopCapture: stopCapture success
AgoraCoreService[21855]: (21855) /var/lib/jenkins/workspace/agora-release-linux-2/ServerSDK-Video/src/video_recorder/event_handler.cpp:1341: level 1: INFO    (12: 2:51:543 |    1)  21870; stopRemoteRender
AgoraCoreService[21855]: (21855) /var/lib/jenkins/workspace/agora-release-linux-2/ServerSDK-Video/src/video_recorder/event_handler.cpp:1341: level 1: INFO    (12: 2:51:543 |    0)  21870; [che] stopCall begins
AgoraCoreService[21855]: (21855) /var/lib/jenkins/workspace/agora-release-linux-2/ServerSDK-Video/src/video_recorder/event_handler.cpp:1341: level 1: INFO    (12: 2:51:543 |    0)  21870; StopRecording complete
AgoraCoreService[21855]: (21855) /var/lib/jenkins/workspace/agora-release-linux-2/ServerSDK-Video/src/video_recorder/event_handler.cpp:1341: level 1: INFO    (12: 2:51:543 |    0)  21870; StopPlayout complete
AgoraCoreService[21855]: (21855) /var/lib/jenkins/workspace/agora-release-linux-2/ServerSDK-Video/src/video_recorder/event_handler.cpp:1341: level 1: INFO    (12: 2:51:543 |    0)  21870; [che] stop call returns 0, elapsed 1
AgoraCoreService[21855]: (21855) /var/lib/jenkins/workspace/agora-release-linux-2/ServerSDK-Video/src/video_recorder/event_handler.cpp:1341: level 1: INFO    (12: 2:51:543 |    0)  21870; [rs] **report stats: seq: 106, report list size 25, tx/rx: 24698/4896, cache size: 0, report success rate: 100
AgoraCoreService[21855]: (21855) /var/lib/jenkins/workspace/agora-release-linux-2/ServerSDK-Video/src/video_recorder/event_handler.cpp:1341: level 1: INFO    (12: 2:51:543 |    0)  21870; CacheManager: save cache to storage elapsed 0
AgoraCoreService[21855]: (21855) /var/lib/jenkins/workspace/agora-release-linux-2/ServerSDK-Video/src/video_recorder/event_handler.cpp:1341: level 1: INFO    (12: 2:51:544 |    1)  21870; [ch0] vos destroyed
AgoraCoreService[21855]: (21855) /var/lib/jenkins/workspace/agora-release-linux-2/ServerSDK-Video/src/video_recorder/event_handler.cpp:1341: level 1: INFO    (12: 2:51:544 |    0)  21870; delRef of media engine, ref=0
AgoraCoreService[21855]: (21855) /var/lib/jenkins/workspace/agora-release-linux-2/ServerSDK-Video/src/video_recorder/event_handler.cpp:1341: level 1: INFO    (12: 2:51:544 |    0)  21870; [che] chat engine destroying
AgoraCoreService[21855]: (21855) /var/lib/jenkins/workspace/agora-release-linux-2/ServerSDK-Video/src/video_recorder/event_handler.cpp:1341: level 1: INFO    (12: 2:51:544 |    0)  21870; stopLocalRender
AgoraCoreService[21855]: (21855) /var/lib/jenkins/workspace/agora-release-linux-2/ServerSDK-Video/src/video_recorder/event_handler.cpp:1341: level 1: INFO    (12: 2:51:544 |    0)  21870; stopLocalRender success
AgoraCoreService[21855]: (21855) /var/lib/jenkins/workspace/agora-release-linux-2/ServerSDK-Video/src/video_recorder/event_handler.cpp:1341: level 2: WARN    (12: 2:51:544 |    0)  21870; stopCapture: VideoEngine haven't startCapture
AgoraCoreService[21855]: (21855) /var/lib/jenkins/workspace/agora-release-linux-2/ServerSDK-Video/src/video_recorder/event_handler.cpp:1341: level 1: INFO    (12: 2:51:544 |    0)  21870; stopRemoteRender
AgoraCoreService[21855]: (21855) /var/lib/jenkins/workspace/agora-release-linux-2/ServerSDK-Video/src/video_recorder/event_handler.cpp:1341: level 1: INFO    (12: 2:51:544 |    0)  21870; [che] stopCall begins
AgoraCoreService[21855]: (21855) /var/lib/jenkins/workspace/agora-release-linux-2/ServerSDK-Video/src/video_recorder/event_handler.cpp:1341: level 1: INFO    (12: 2:51:544 |    0)  21870; [che] stop call returns -1, elapsed 0
AgoraCoreService[21855]: (21855) /var/lib/jenkins/workspace/agora-release-linux-2/ServerSDK-Video/src/video_recorder/event_handler.cpp:1341: level 1: INFO    (12: 2:51:544 |    0)  21870; stopLocalRender
AgoraCoreService[21855]: (21855) /var/lib/jenkins/workspace/agora-release-linux-2/ServerSDK-Video/src/video_recorder/event_handler.cpp:1341: level 1: INFO    (12: 2:51:544 |    0)  21870; stopLocalRender success
AgoraCoreService[21855]: (21855) /var/lib/jenkins/workspace/agora-release-linux-2/ServerSDK-Video/src/video_recorder/event_handler.cpp:1341: level 1: INFO    (12: 2:51:544 |    0)  21870; stopRemoteRender
AgoraCoreService[21855]: (21855) /var/lib/jenkins/workspace/agora-release-linux-2/ServerSDK-Video/src/video_recorder/event_handler.cpp:1341: level 2: WARN    (12: 2:51:544 |    0)  21870; stopCapture: VideoEngine haven't startCapture
AgoraCoreService[21855]: (21855) /var/lib/jenkins/workspace/agora-release-linux-2/ServerSDK-Video/src/video_recorder/event_handler.cpp:1341: level 1: INFO    (12: 2:51:545 |    1)  21876; Thread with name:VideoProcessThread stopped
AgoraCoreService[21855]: (21855) /var/lib/jenkins/workspace/agora-release-linux-2/ServerSDK-Video/src/video_recorder/event_handler.cpp:1341: level 2: WARN    (12: 2:51:545 |    0)  21870; terminate: VideoEngine haven't init
AgoraCoreService[21855]: (21855) /var/lib/jenkins/workspace/agora-release-linux-2/ServerSDK-Video/src/video_recorder/event_handler.cpp:1341: level 1: INFO    (12: 2:51:545 |    0)  21870; [DEBUGG] ViERenderManager Destructor, engine_id: 0
AgoraCoreService[21855]: (21855) /var/lib/jenkins/workspace/agora-release-linux-2/ServerSDK-Video/src/video_recorder/event_handler.cpp:1341: level 1: INFO    (12: 2:51:549 |    4)  21875; Thread with name:VideoEncodeThread stopped
AgoraCoreService[21855]: (21855) /var/lib/jenkins/workspace/agora-release-linux-2/ServerSDK-Video/src/video_recorder/event_handler.cpp:1341: level 1: INFO    (12: 2:51:555 |    6)  21870; VideoSendTrackImpl::UpdateCapturer capturer=(nil)
AgoraCoreService[21855]: (21855) /var/lib/jenkins/workspace/agora-release-linux-2/ServerSDK-Video/src/video_recorder/event_handler.cpp:1341: level 1: INFO    (12: 2:51:555 |    0)  21870; VideoSendTrackImpl::UpdateRenderer, renderer=(nil)
AgoraCoreService[21855]: (21855) /var/lib/jenkins/workspace/agora-release-linux-2/ServerSDK-Video/src/video_recorder/event_handler.cpp:1341: level 1: INFO    (12: 2:51:556 |    1)  21874; Thread with name:EngineMonitorThread stopped
AgoraCoreService[21855]: (21855) /var/lib/jenkins/workspace/agora-release-linux-2/ServerSDK-Video/src/video_recorder/event_handler.cpp:1341: level 1: INFO    (12: 2:51:556 |    0)  21872; Thread with name:external_audio_module_thread stopped
AgoraCoreService[21855]: (21855) /var/lib/jenkins/workspace/agora-release-linux-2/ServerSDK-Video/src/video_recorder/event_handler.cpp:1341: level 1: INFO    (12: 2:51:556 |    0)  21873; Thread with name:WebRtc_event_timer_thread stopped
AgoraCoreService[21855]: (21855) /var/lib/jenkins/workspace/agora-release-linux-2/ServerSDK-Video/src/video_recorder/event_handler.cpp:1341: level 1: INFO    (12: 2:51:556 |    0)  21870; [che] chat engine destroyed
AgoraCoreService[21855]: (21855) /var/lib/jenkins/workspace/agora-release-linux-2/ServerSDK-Video/src/video_recorder/event_handler.cpp:1341: level 1: INFO    (12: 2:51:556 |    0)  21870; ***CALL END
AgoraCoreService[21855]: (21855) /var/lib/jenkins/workspace/agora-release-linux-2/ServerSDK-Video/src/video_recorder/event_handler.cpp:1341: level 1: INFO    (12: 2:51:556 |    0)  21870; onAudioStatusChanged enable audio
AgoraCoreService[21855]: (21855) /var/lib/jenkins/workspace/agora-release-linux-2/ServerSDK-Video/src/video_recorder/event_handler.cpp:1341: level 1: INFO    (12: 2:51:557 |    1)  21870; [MIO] media io controller destroyed
AgoraCoreService[21855]: (21855) /var/lib/jenkins/workspace/agora-release-linux-2/ServerSDK-Video/src/video_recorder/event_handler.cpp:1341: level 1: INFO    (12: 2:51:557 |    0)  21855; async task notify worker thread to exit and return
AgoraCoreService[21855]: (21855) /var/lib/jenkins/workspace/agora-release-linux-2/ServerSDK-Video/src/video_recorder/event_handler.cpp:561: event handler delete timer
recorder_local[21854]: (21854) /var/lib/jenkins/workspace/agora-release-linux-2/ServerSDK-Video/src/base/event_loop.cpp:228: Error fd:4, 16
recorder_local[21854]: (21854) /var/lib/jenkins/workspace/agora-release-linux-2/ServerSDK-Video/src/base/pipe_router.cpp:81: Broken reading pipe! event:16 with error3
recorder_local[21854]: (21854) /var/lib/jenkins/workspace/agora-release-linux-2/ServerSDK-Video/src/rec_engine/RecordingEngineImpl.cpp:542: API call to leave channel
recorder_local[21854]: (21854) /var/lib/jenkins/workspace/agora-release-linux-2/ServerSDK-Video/src/rec_engine/RecordingEngineImpl.cpp:64: Recorder d47790 is ready to be release
recorder_local[21854]: (21854) /var/lib/jenkins/workspace/agora-release-linux-2/ServerSDK-Video/src/rec_engine/RecordingEngineImpl.cpp:87: Recording wrapper delete timer
