recorder_local[31271]: (31271) /var/lib/jenkins/workspace/agora-release-linux-2/ServerSDK-Video/src/rec_engine/RecordingEngineImpl.cpp:831: ERROR:failed to open config file
recorder_local[31271]: (31271) /var/lib/jenkins/workspace/agora-release-linux-2/ServerSDK-Video/src/rec_engine/RecordingEngineImpl.cpp:831: ERROR:failed to open config file
recorder_local[31271]: (31271) /var/lib/jenkins/workspace/agora-release-linux-2/ServerSDK-Video/src/rec_engine/RecordingEngineImpl.cpp:430: [Wrapper version] 5d0b257a42f9514a024cc62c69161d55aa150021
recorder_local[31271]: (31271) /var/lib/jenkins/workspace/agora-release-linux-2/ServerSDK-Video/src/rec_engine/RecordingEngineImpl.cpp:431: =======params ======
recorder_local[31271]: (31271) /var/lib/jenkins/workspace/agora-release-linux-2/ServerSDK-Video/src/rec_engine/RecordingEngineImpl.cpp:433: /var/www/RecordingSDK/bin/AgoraCoreService
recorder_local[31271]: (31271) /var/lib/jenkins/workspace/agora-release-linux-2/ServerSDK-Video/src/rec_engine/RecordingEngineImpl.cpp:433: --app_id
recorder_local[31271]: (31271) /var/lib/jenkins/workspace/agora-release-linux-2/ServerSDK-Video/src/rec_engine/RecordingEngineImpl.cpp:433: c7adb7f97a594d9fac501654c7bf281c
recorder_local[31271]: (31271) /var/lib/jenkins/workspace/agora-release-linux-2/ServerSDK-Video/src/rec_engine/RecordingEngineImpl.cpp:433: --channel_key
recorder_local[31271]: (31271) /var/lib/jenkins/workspace/agora-release-linux-2/ServerSDK-Video/src/rec_engine/RecordingEngineImpl.cpp:433: c7adb7f97a594d9fac501654c7bf281c
recorder_local[31271]: (31271) /var/lib/jenkins/workspace/agora-release-linux-2/ServerSDK-Video/src/rec_engine/RecordingEngineImpl.cpp:433: --channel_id
recorder_local[31271]: (31271) /var/lib/jenkins/workspace/agora-release-linux-2/ServerSDK-Video/src/rec_engine/RecordingEngineImpl.cpp:433: police_8_2
recorder_local[31271]: (31271) /var/lib/jenkins/workspace/agora-release-linux-2/ServerSDK-Video/src/rec_engine/RecordingEngineImpl.cpp:433: --idle
recorder_local[31271]: (31271) /var/lib/jenkins/workspace/agora-release-linux-2/ServerSDK-Video/src/rec_engine/RecordingEngineImpl.cpp:433: 300
recorder_local[31271]: (31271) /var/lib/jenkins/workspace/agora-release-linux-2/ServerSDK-Video/src/rec_engine/RecordingEngineImpl.cpp:433: --decode_audio
recorder_local[31271]: (31271) /var/lib/jenkins/workspace/agora-release-linux-2/ServerSDK-Video/src/rec_engine/RecordingEngineImpl.cpp:433: 0
recorder_local[31271]: (31271) /var/lib/jenkins/workspace/agora-release-linux-2/ServerSDK-Video/src/rec_engine/RecordingEngineImpl.cpp:433: --decode_video
recorder_local[31271]: (31271) /var/lib/jenkins/workspace/agora-release-linux-2/ServerSDK-Video/src/rec_engine/RecordingEngineImpl.cpp:433: 0
recorder_local[31271]: (31271) /var/lib/jenkins/workspace/agora-release-linux-2/ServerSDK-Video/src/rec_engine/RecordingEngineImpl.cpp:433: --capture_interval
recorder_local[31271]: (31271) /var/lib/jenkins/workspace/agora-release-linux-2/ServerSDK-Video/src/rec_engine/RecordingEngineImpl.cpp:433: 5
recorder_local[31271]: (31271) /var/lib/jenkins/workspace/agora-release-linux-2/ServerSDK-Video/src/rec_engine/RecordingEngineImpl.cpp:433: --syslog_fclt
recorder_local[31271]: (31271) /var/lib/jenkins/workspace/agora-release-linux-2/ServerSDK-Video/src/rec_engine/RecordingEngineImpl.cpp:433: 8
recorder_local[31271]: (31271) /var/lib/jenkins/workspace/agora-release-linux-2/ServerSDK-Video/src/rec_engine/RecordingEngineImpl.cpp:433: --streamType
recorder_local[31271]: (31271) /var/lib/jenkins/workspace/agora-release-linux-2/ServerSDK-Video/src/rec_engine/RecordingEngineImpl.cpp:433: 0
recorder_local[31271]: (31271) /var/lib/jenkins/workspace/agora-release-linux-2/ServerSDK-Video/src/rec_engine/RecordingEngineImpl.cpp:433: --serviceMode
recorder_local[31271]: (31271) /var/lib/jenkins/workspace/agora-release-linux-2/ServerSDK-Video/src/rec_engine/RecordingEngineImpl.cpp:433: 0
recorder_local[31271]: (31271) /var/lib/jenkins/workspace/agora-release-linux-2/ServerSDK-Video/src/rec_engine/RecordingEngineImpl.cpp:433: --recording_file_dir
recorder_local[31271]: (31271) /var/lib/jenkins/workspace/agora-release-linux-2/ServerSDK-Video/src/rec_engine/RecordingEngineImpl.cpp:433: /var/www/panic2.greenvoo.us/html/public/Records/20180330/police_8_2_143236/
recorder_local[31271]: (31271) /var/lib/jenkins/workspace/agora-release-linux-2/ServerSDK-Video/src/rec_engine/RecordingEngineImpl.cpp:433: --lang
recorder_local[31271]: (31271) /var/lib/jenkins/workspace/agora-release-linux-2/ServerSDK-Video/src/rec_engine/RecordingEngineImpl.cpp:433: 0
recorder_local[31271]: (31271) /var/lib/jenkins/workspace/agora-release-linux-2/ServerSDK-Video/src/base/pipe_router.cpp:153: The ARS created. Reading pipe: 4, writing pipe: 7, pid: 31272
AgoraCoreService[31272]: (31272) /var/lib/jenkins/workspace/agora-release-linux-2/ServerSDK-Video/src/video_recorder/main.cpp:162: video recording wrapper:8, idle:300 write:5, read:6, live:0,channelid:police_8_2 
AgoraCoreService[31272]: (31272) /var/lib/jenkins/workspace/agora-release-linux-2/ServerSDK-Video/src/video_recorder/main.cpp:183: [ARS version] 5d0b257a42f9514a024cc62c69161d55aa150021
AgoraCoreService[31272]: (31272) /var/lib/jenkins/workspace/agora-release-linux-2/ServerSDK-Video/src/video_recorder/main.cpp:185: uid 0 from vendor c7adb7f97a594d9fac501654c7bf281c is joining channel police_8_2
AgoraCoreService[31272]: (31272) /var/lib/jenkins/workspace/agora-release-linux-2/ServerSDK-Video/src/video_recorder/event_handler.cpp:627: SDK version: 75f0227; chat engine: 03c8e5d966234ba3a0eaedf8a9fe5ef1e7e554a4
AgoraCoreService[31272]: (31272) /var/lib/jenkins/workspace/agora-release-linux-2/ServerSDK-Video/src/video_recorder/event_handler.cpp:634: decode_video:0,decode_audio:0
AgoraCoreService[31272]: (31272) /var/lib/jenkins/workspace/agora-release-linux-2/ServerSDK-Video/src/video_recorder/event_handler.cpp:667: Using random lowUdpPort & highUdpPort
AgoraCoreService[31272]: (31272) /var/lib/jenkins/workspace/agora-release-linux-2/ServerSDK-Video/src/video_recorder/event_handler.cpp:1341: level 1: INFO    (14:32:36:744 |    0)  31272; Using random lowUdpPort & highUdpPort
AgoraCoreService[31272]: (31272) /var/lib/jenkins/workspace/agora-release-linux-2/ServerSDK-Video/src/video_recorder/event_handler.cpp:1341: level 1: INFO    (14:32:36:744 |    0)  31272; API call to setChannelProfile 0
AgoraCoreService[31272]: (31272) /var/lib/jenkins/workspace/agora-release-linux-2/ServerSDK-Video/src/video_recorder/event_handler.cpp:1786: init stream, trigger mode: 0 service mode: 0
AgoraCoreService[31272]: (31272) /var/lib/jenkins/workspace/agora-release-linux-2/ServerSDK-Video/src/video_recorder/event_handler.cpp:1341: level 1: INFO    (14:32:36:744 |    0)  31272; API call to setVideoProfileEx 640x360 15 fps 500 kbps
AgoraCoreService[31272]: (31272) /var/lib/jenkins/workspace/agora-release-linux-2/ServerSDK-Video/src/video_recorder/event_handler.cpp:1341: level 1: INFO    (14:32:36:744 |    0)  31272; API call to enable video
AgoraCoreService[31272]: (31272) /var/lib/jenkins/workspace/agora-release-linux-2/ServerSDK-Video/src/video_recorder/event_handler.cpp:1341: level 1: INFO    (14:32:36:744 |    0)  31272; API call to join channel 'police_8_2' uid 0, SDK ver 2.1.0 build 220, device info 'Linux version 3.13.0-143-generic (buildd@lcy01-amd64-010) (gcc version 4.8.4 (Ubuntu 4.8.4-2ubuntu1~14.04.4) ) #192-Ubuntu SMP Tue F
AgoraCoreService[31272]: (31272) /var/lib/jenkins/workspace/agora-release-linux-2/ServerSDK-Video/src/video_recorder/event_handler.cpp:1341: level 1: INFO    (14:32:36:744 |    0)  31287; Agora Service Worker Thread started: 0x2b42f98
AgoraCoreService[31272]: (31272) /var/lib/jenkins/workspace/agora-release-linux-2/ServerSDK-Video/src/video_recorder/event_handler.cpp:1341: level 1: INFO    (14:32:36:745 |    1)  31287; network: 'NETWORK_UNKOWN' -> 'LAN' ipv4/v6 '139.59.134.76'/'' gw ''/'' subtype 0 level -562263328 ssid '' bssid '' rssi 32548 asu 56
AgoraCoreService[31272]: (31272) /var/lib/jenkins/workspace/agora-release-linux-2/ServerSDK-Video/src/video_recorder/event_handler.cpp:1341: level 1: INFO    (14:32:36:745 |    0)  31287; [MIO] mediaIO controller created
AgoraCoreService[31272]: (31272) /var/lib/jenkins/workspace/agora-release-linux-2/ServerSDK-Video/src/video_recorder/event_handler.cpp:1341: level 1: INFO    (14:32:36:745 |    0)  31287; found 'NULL' device: 'Linux version 3.13.0-143-generic (buildd@lcy01-amd64-010) (gcc version 4.8.4 (Ubuntu 4.8.4-2ubuntu1~14.04.4) ) #192-Ubuntu SMP Tue Feb 27 10:45:36 UTC 2018
'
AgoraCoreService[31272]: (31272) /var/lib/jenkins/workspace/agora-release-linux-2/ServerSDK-Video/src/video_recorder/event_handler.cpp:1341: level 1: INFO    (14:32:36:745 |    0)  31287; [rp] {"rtc.channel_profile":0}
AgoraCoreService[31272]: (31272) /var/lib/jenkins/workspace/agora-release-linux-2/ServerSDK-Video/src/video_recorder/event_handler.cpp:1341: level 1: INFO    (14:32:36:745 |    0)  31287; [rp] {"che.audio.external_device":true}
AgoraCoreService[31272]: (31272) /var/lib/jenkins/workspace/agora-release-linux-2/ServerSDK-Video/src/video_recorder/event_handler.cpp:1341: level 1: INFO    (14:32:36:745 |    0)  31287; [rp] {"che.audio.audioSampleRate":48000}
AgoraCoreService[31272]: (31272) /var/lib/jenkins/workspace/agora-release-linux-2/ServerSDK-Video/src/video_recorder/event_handler.cpp:1341: level 1: INFO    (14:32:36:746 |    1)  31287; [rp] {"che.video.keep_prerotation":false}
AgoraCoreService[31272]: (31272) /var/lib/jenkins/workspace/agora-release-linux-2/ServerSDK-Video/src/video_recorder/event_handler.cpp:1341: level 1: INFO    (14:32:36:746 |    0)  31287; [rp] {"rtc.client_type":3}
AgoraCoreService[31272]: (31272) /var/lib/jenkins/workspace/agora-release-linux-2/ServerSDK-Video/src/video_recorder/event_handler.cpp:1341: level 1: INFO    (14:32:36:746 |    0)  31287; [rp] {"che.audienceMode":true}
AgoraCoreService[31272]: (31272) /var/lib/jenkins/workspace/agora-release-linux-2/ServerSDK-Video/src/video_recorder/event_handler.cpp:1341: level 1: INFO    (14:32:36:746 |    0)  31287; [rp] {"che.video.recording":true}
AgoraCoreService[31272]: (31272) /var/lib/jenkins/workspace/agora-release-linux-2/ServerSDK-Video/src/video_recorder/event_handler.cpp:1341: level 1: INFO    (14:32:36:746 |    0)  31287; [rp] {"che.audio.set_capture_raw_audio_format":{"sampleRate":48000,"channelCnt":1,"mode":1,"samplesPerCall":480}}
AgoraCoreService[31272]: (31272) /var/lib/jenkins/workspace/agora-release-linux-2/ServerSDK-Video/src/video_recorder/event_handler.cpp:1341: level 1: INFO    (14:32:36:746 |    0)  31287; [rp] {"che.audio.set_render_raw_audio_format":{"sampleRate":48000,"channelCnt":1,"mode":0,"samplesPerCall":480}}
AgoraCoreService[31272]: (31272) /var/lib/jenkins/workspace/agora-release-linux-2/ServerSDK-Video/src/video_recorder/event_handler.cpp:1341: level 1: INFO    (14:32:36:746 |    0)  31287; [rp] {"rtc.log_file":"/var/www/panic2.greenvoo.us/html/public/Records/20180330/police_8_2_143236/recording_0.log"}
AgoraCoreService[31272]: (31272) /var/lib/jenkins/workspace/agora-release-linux-2/ServerSDK-Video/src/video_recorder/event_handler.cpp:1341: level 1: INFO    (14:32:36:746 |    0)  31287; [rp] {"rtc.video.mute_me":true,"che.video.local.send":false}
AgoraCoreService[31272]: (31272) /var/lib/jenkins/workspace/agora-release-linux-2/ServerSDK-Video/src/video_recorder/event_handler.cpp:1341: level 1: INFO    (14:32:36:746 |    0)  31287; [rp] {"rtc.audio.mute_me":true,"che.audio.mute_me":true}
AgoraCoreService[31272]: (31272) /var/lib/jenkins/workspace/agora-release-linux-2/ServerSDK-Video/src/video_recorder/event_handler.cpp:1341: level 1: INFO    (14:32:36:747 |    1)  31287; [rp] {"rtc.video.set_remote_default_video_stream_type":0}
AgoraCoreService[31272]: (31272) /var/lib/jenkins/workspace/agora-release-linux-2/ServerSDK-Video/src/video_recorder/event_handler.cpp:1341: level 1: INFO    (14:32:36:747 |    0)  31287; API call to SetRemoteDefaultVideoStreamType: 0
AgoraCoreService[31272]: (31272) /var/lib/jenkins/workspace/agora-release-linux-2/ServerSDK-Video/src/video_recorder/event_handler.cpp:1341: level 1: INFO    (14:32:36:747 |    0)  31287; [rp] {"che.video.local.camera_index":1024}
AgoraCoreService[31272]: (31272) /var/lib/jenkins/workspace/agora-release-linux-2/ServerSDK-Video/src/video_recorder/event_handler.cpp:1341: level 1: INFO    (14:32:36:747 |    0)  31287; [rp] {"rtc.video.enabled":true}
AgoraCoreService[31272]: (31272) /var/lib/jenkins/workspace/agora-release-linux-2/ServerSDK-Video/src/video_recorder/event_handler.cpp:1341: level 1: INFO    (14:32:36:747 |    0)  31287; API call to enable video
AgoraCoreService[31272]: (31272) /var/lib/jenkins/workspace/agora-release-linux-2/ServerSDK-Video/src/video_recorder/event_handler.cpp:1341: level 1: INFO    (14:32:36:747 |    0)  31287; ***CALL BEGIN: appid:'c7****************************1c' cname:'police_8_2' info:'' sid:'C5850B93CB594D92A8DE1E86262DA532'
AgoraCoreService[31272]: (31272) /var/lib/jenkins/workspace/agora-release-linux-2/ServerSDK-Video/src/video_recorder/event_handler.cpp:1341: level 1: INFO    (14:32:36:747 |    0)  31287; addRef of media engine, ref=1
AgoraCoreService[31272]: (31272) /var/lib/jenkins/workspace/agora-release-linux-2/ServerSDK-Video/src/video_recorder/event_handler.cpp:1341: level 1: INFO    (14:32:36:747 |    0)  31287; [che] create chat engine, ctx:(nil)
AgoraCoreService[31272]: (31272) /var/lib/jenkins/workspace/agora-release-linux-2/ServerSDK-Video/src/video_recorder/event_handler.cpp:1341: level 1: INFO    (14:32:36:747 |    0)  31287; [MYDEBUG] large group call false
AgoraCoreService[31272]: (31272) /var/lib/jenkins/workspace/agora-release-linux-2/ServerSDK-Video/src/video_recorder/event_handler.cpp:1341: level 1: INFO    (14:32:36:747 |    0)  31287; ChatEngineParameterHelper::applyMediaEngineMode: 
AgoraCoreService[31272]: (31272) /var/lib/jenkins/workspace/agora-release-linux-2/ServerSDK-Video/src/video_recorder/event_handler.cpp:1341: level 1: INFO    (14:32:36:747 |    0)  31287; applyMediaEngineMode(): Hardware encoding false Hardware decoding false
AgoraCoreService[31272]: (31272) /var/lib/jenkins/workspace/agora-release-linux-2/ServerSDK-Video/src/video_recorder/event_handler.cpp:1341: level 1: INFO    (14:32:36:749 |    2)  31289; Thread with name:external_audio_module_thread started 
AgoraCoreService[31272]: (31272) /var/lib/jenkins/workspace/agora-release-linux-2/ServerSDK-Video/src/video_recorder/event_handler.cpp:1341: level 1: INFO    (14:32:36:749 |    0)  31290; Thread with name:WebRtc_event_timer_thread started 
AgoraCoreService[31272]: (31272) /var/lib/jenkins/workspace/agora-release-linux-2/ServerSDK-Video/src/video_recorder/event_handler.cpp:1341: level 1: INFO    (14:32:36:749 |    0)  31287; StereoPlayoutIsAvailable(), output: available=0
AgoraCoreService[31272]: (31272) /var/lib/jenkins/workspace/agora-release-linux-2/ServerSDK-Video/src/video_recorder/event_handler.cpp:1341: level 1: INFO    (14:32:36:749 |    0)  31287; StereoRecordingIsAvailable(), output: available=0
AgoraCoreService[31272]: (31272) /var/lib/jenkins/workspace/agora-release-linux-2/ServerSDK-Video/src/video_recorder/event_handler.cpp:1341: level 1: INFO    (14:32:36:750 |    1)  31291; Thread with name:EngineMonitorThread started 
AgoraCoreService[31272]: (31272) /var/lib/jenkins/workspace/agora-release-linux-2/ServerSDK-Video/src/video_recorder/event_handler.cpp:1341: level 1: INFO    (14:32:36:750 |    0)  31287; setMuteStatus, muted: On
AgoraCoreService[31272]: (31272) /var/lib/jenkins/workspace/agora-release-linux-2/ServerSDK-Video/src/video_recorder/event_handler.cpp:1341: level 1: INFO    (14:32:36:750 |    0)  31287; setMuteOutput, muted: false
AgoraCoreService[31272]: (31272) /var/lib/jenkins/workspace/agora-release-linux-2/ServerSDK-Video/src/video_recorder/event_handler.cpp:1341: level 2: WARN    (14:32:36:750 |    0)  31287; setMicSensitivity failed, legal values are between [0, 10]
AgoraCoreService[31272]: (31272) /var/lib/jenkins/workspace/agora-release-linux-2/ServerSDK-Video/src/video_recorder/event_handler.cpp:1341: level 1: INFO    (14:32:36:750 |    0)  31287; Audio Engine Init success
AgoraCoreService[31272]: (31272) /var/lib/jenkins/workspace/agora-release-linux-2/ServerSDK-Video/src/video_recorder/event_handler.cpp:1341: level 1: INFO    (14:32:36:750 |    0)  31287; Available number of cores:1
AgoraCoreService[31272]: (31272) /var/lib/jenkins/workspace/agora-release-linux-2/ServerSDK-Video/src/video_recorder/event_handler.cpp:1341: level 1: INFO    (14:32:36:751 |    1)  31287; CreateVideoSendTrack
AgoraCoreService[31272]: (31272) /var/lib/jenkins/workspace/agora-release-linux-2/ServerSDK-Video/src/video_recorder/event_handler.cpp:1341: level 1: INFO    (14:32:36:751 |    0)  31287; init: feature prerotation disabled
AgoraCoreService[31272]: (31272) /var/lib/jenkins/workspace/agora-release-linux-2/ServerSDK-Video/src/video_recorder/event_handler.cpp:1341: level 1: INFO    (14:32:36:751 |    0)  31287; Agora Engine video codec set to custom mode role mode 0
AgoraCoreService[31272]: (31272) /var/lib/jenkins/workspace/agora-release-linux-2/ServerSDK-Video/src/video_recorder/event_handler.cpp:1341: level 1: INFO    (14:32:36:751 |    0)  31287; Agora Engine video codec index 1
AgoraCoreService[31272]: (31272) /var/lib/jenkins/workspace/agora-release-linux-2/ServerSDK-Video/src/video_recorder/event_handler.cpp:1341: level 1: INFO    (14:32:36:751 |    0)  31287; Agora Engine video stream type = 0
AgoraCoreService[31272]: (31272) /var/lib/jenkins/workspace/agora-release-linux-2/ServerSDK-Video/src/video_recorder/event_handler.cpp:1341: level 1: INFO    (14:32:36:751 |    0)  31292; Thread with name:VideoEncodeThread started 
AgoraCoreService[31272]: (31272) /var/lib/jenkins/workspace/agora-release-linux-2/ServerSDK-Video/src/video_recorder/event_handler.cpp:1341: level 1: INFO    (14:32:36:751 |    0)  31287; EncoderWrapper::Create hardware_ = 0, hardware_low_ = 0
AgoraCoreService[31272]: (31272) /var/lib/jenkins/workspace/agora-release-linux-2/ServerSDK-Video/src/video_recorder/event_handler.cpp:1341: level 1: INFO    (14:32:36:751 |    0)  31293; Thread with name:VideoProcessThread started 
AgoraCoreService[31272]: (31272) /var/lib/jenkins/workspace/agora-release-linux-2/ServerSDK-Video/src/video_recorder/event_handler.cpp:1341: level 1: INFO    (14:32:36:752 |    1)  31287; setCodec: index=1 width=640 height=360 framerate=15
AgoraCoreService[31272]: (31272) /var/lib/jenkins/workspace/agora-release-linux-2/ServerSDK-Video/src/video_recorder/event_handler.cpp:1341: level 1: INFO    (14:32:36:752 |    0)  31287; h264WebInteropEnable: enable 0
AgoraCoreService[31272]: (31272) /var/lib/jenkins/workspace/agora-release-linux-2/ServerSDK-Video/src/video_recorder/event_handler.cpp:1341: level 1: INFO    (14:32:36:752 |    0)  31287; setCaptureDevice: index=1024
AgoraCoreService[31272]: (31272) /var/lib/jenkins/workspace/agora-release-linux-2/ServerSDK-Video/src/video_recorder/event_handler.cpp:1341: level 1: INFO    (14:32:36:752 |    0)  31287; setMaxVideoBitrate: max bitrate=0
AgoraCoreService[31272]: (31272) /var/lib/jenkins/workspace/agora-release-linux-2/ServerSDK-Video/src/video_recorder/event_handler.cpp:1341: level 1: INFO    (14:32:36:752 |    0)  31287; more fec enable 0 curr fec method 0
AgoraCoreService[31272]: (31272) /var/lib/jenkins/workspace/agora-release-linux-2/ServerSDK-Video/src/video_recorder/event_handler.cpp:1341: level 1: INFO    (14:32:36:752 |    0)  31287; video fec method 0
AgoraCoreService[31272]: (31272) /var/lib/jenkins/workspace/agora-release-linux-2/ServerSDK-Video/src/video_recorder/event_handler.cpp:1341: level 4: ERROR   (14:32:36:752 |    0)  31287; videoEngine created and initialize here
AgoraCoreService[31272]: (31272) /var/lib/jenkins/workspace/agora-release-linux-2/ServerSDK-Video/src/video_recorder/event_handler.cpp:1341: level 1: INFO    (14:32:36:752 |    0)  31287; CreateVideoSendTrack
AgoraCoreService[31272]: (31272) /var/lib/jenkins/workspace/agora-release-linux-2/ServerSDK-Video/src/video_recorder/event_handler.cpp:1341: level 1: INFO    (14:32:36:752 |    0)  31287; [MIO] updateCapturer: ((nil)), type:(1)
AgoraCoreService[31272]: (31272) /var/lib/jenkins/workspace/agora-release-linux-2/ServerSDK-Video/src/video_recorder/event_handler.cpp:1341: level 1: INFO    (14:32:36:752 |    0)  31287; CreateAgoraDefaultCapture: type=0
AgoraCoreService[31272]: (31272) /var/lib/jenkins/workspace/agora-release-linux-2/ServerSDK-Video/src/video_recorder/event_handler.cpp:1341: level 1: INFO    (14:32:36:752 |    0)  31287; CreateVideoCapturer: interface=0x7f24d0172af0
AgoraCoreService[31272]: (31272) /var/lib/jenkins/workspace/agora-release-linux-2/ServerSDK-Video/src/video_recorder/event_handler.cpp:1341: level 1: INFO    (14:32:36:752 |    0)  31287; VideoSendTrackImpl::UpdateCapturer capturer=0x7f24d01d4c10
AgoraCoreService[31272]: (31272) /var/lib/jenkins/workspace/agora-release-linux-2/ServerSDK-Video/src/video_recorder/event_handler.cpp:1341: level 1: INFO    (14:32:36:753 |    1)  31287; [MIO] updateLocalRender: ((nil)), type:(1)
AgoraCoreService[31272]: (31272) /var/lib/jenkins/workspace/agora-release-linux-2/ServerSDK-Video/src/video_recorder/event_handler.cpp:1341: level 1: INFO    (14:32:36:753 |    0)  31287; CreateAgoraDefaultRender
AgoraCoreService[31272]: (31272) /var/lib/jenkins/workspace/agora-release-linux-2/ServerSDK-Video/src/video_recorder/event_handler.cpp:1341: level 1: INFO    (14:32:36:753 |    0)  31287; CreateVideoRenderer: interface=0x7f24d01d5090
AgoraCoreService[31272]: (31272) /var/lib/jenkins/workspace/agora-release-linux-2/ServerSDK-Video/src/video_recorder/event_handler.cpp:1341: level 1: INFO    (14:32:36:753 |    0)  31287; VideoSendTrackImpl::UpdateRenderer, renderer=0x7f24d01d50d0
AgoraCoreService[31272]: (31272) /var/lib/jenkins/workspace/agora-release-linux-2/ServerSDK-Video/src/video_recorder/event_handler.cpp:1341: level 1: INFO    (14:32:36:753 |    0)  31287; [MIO] video send track prepared !!
AgoraCoreService[31272]: (31272) /var/lib/jenkins/workspace/agora-release-linux-2/ServerSDK-Video/src/video_recorder/event_handler.cpp:1341: level 1: INFO    (14:32:36:753 |    0)  31287; [che] applyVideoProfile: 640x360 15 fps 500 kbps
AgoraCoreService[31272]: (31272) /var/lib/jenkins/workspace/agora-release-linux-2/ServerSDK-Video/src/video_recorder/event_handler.cpp:1341: level 1: INFO    (14:32:36:753 |    0)  31287; validateVideoParameters: validate video parameters resolution 640x360, fps 15, rate 500000
AgoraCoreService[31272]: (31272) /var/lib/jenkins/workspace/agora-release-linux-2/ServerSDK-Video/src/video_recorder/event_handler.cpp:1341: level 1: INFO    (14:32:36:753 |    0)  31287; setMaxVideoBitrate: max bitrate=500000
AgoraCoreService[31272]: (31272) /var/lib/jenkins/workspace/agora-release-linux-2/ServerSDK-Video/src/video_recorder/event_handler.cpp:1341: level 1: INFO    (14:32:36:753 |    0)  31287; setCodecRates: set frame rate to 15
AgoraCoreService[31272]: (31272) /var/lib/jenkins/workspace/agora-release-linux-2/ServerSDK-Video/src/video_recorder/event_handler.cpp:1341: level 1: INFO    (14:32:36:753 |    0)  31287; setCodec: index=1 width=640 height=360 framerate=15
AgoraCoreService[31272]: (31272) /var/lib/jenkins/workspace/agora-release-linux-2/ServerSDK-Video/src/video_recorder/event_handler.cpp:1341: level 1: INFO    (14:32:36:753 |    0)  31287; setCodecResolution: set to 640 x 360
AgoraCoreService[31272]: (31272) /var/lib/jenkins/workspace/agora-release-linux-2/ServerSDK-Video/src/video_recorder/event_handler.cpp:1341: level 1: INFO    (14:32:36:753 |    0)  31287; [che] chat engine initialized
AgoraCoreService[31272]: (31272) /var/lib/jenkins/workspace/agora-release-linux-2/ServerSDK-Video/src/video_recorder/event_handler.cpp:1341: level 1: INFO    (14:32:36:754 |    1)  31287; [vocs] vocs initialized
AgoraCoreService[31272]: (31272) /var/lib/jenkins/workspace/agora-release-linux-2/ServerSDK-Video/src/video_recorder/event_handler.cpp:1341: level 1: INFO    (14:32:36:754 |    0)  31287; [rs] report server ip: 221.228.78.123:8000
AgoraCoreService[31272]: (31272) /var/lib/jenkins/workspace/agora-release-linux-2/ServerSDK-Video/src/video_recorder/event_handler.cpp:1341: level 1: INFO    (14:32:36:754 |    0)  31287; [rlbs] selected: 221.228.78.123:9700
AgoraCoreService[31272]: (31272) /var/lib/jenkins/workspace/agora-release-linux-2/ServerSDK-Video/src/video_recorder/event_handler.cpp:1341: level 1: INFO    (14:32:36:754 |    0)  31287; [rlbs] request rs list from 221.228.78.123:9700.......
AgoraCoreService[31272]: (31272) /var/lib/jenkins/workspace/agora-release-linux-2/ServerSDK-Video/src/video_recorder/event_handler.cpp:1341: level 1: INFO    (14:32:36:755 |    1)  31287; CacheManager: save cache to storage elapsed 0
AgoraCoreService[31272]: (31272) /var/lib/jenkins/workspace/agora-release-linux-2/ServerSDK-Video/src/video_recorder/event_handler.cpp:1341: level 1: INFO    (14:32:36:755 |    0)  31287; [cm] emit join channel signal, size=2
AgoraCoreService[31272]: (31272) /var/lib/jenkins/workspace/agora-release-linux-2/ServerSDK-Video/src/video_recorder/event_handler.cpp:1341: level 1: INFO    (14:32:36:755 |    0)  31287; CacheManager: save cache to storage elapsed 0
AgoraCoreService[31272]: (31272) /var/lib/jenkins/workspace/agora-release-linux-2/ServerSDK-Video/src/video_recorder/event_handler.cpp:1341: level 1: INFO    (14:32:36:755 |    0)  31287; [vocs] lookup channel...
AgoraCoreService[31272]: (31272) /var/lib/jenkins/workspace/agora-release-linux-2/ServerSDK-Video/src/video_recorder/event_handler.cpp:1341: level 1: INFO    (14:32:36:755 |    0)  31287; [vocs] selected: 69.28.51.138:8000
AgoraCoreService[31272]: (31272) /var/lib/jenkins/workspace/agora-release-linux-2/ServerSDK-Video/src/video_recorder/event_handler.cpp:1341: level 1: INFO    (14:32:36:756 |    1)  31287; connecting to 69.28.51.138:8000 handle d020fdc0, 28
AgoraCoreService[31272]: (31272) /var/lib/jenkins/workspace/agora-release-linux-2/ServerSDK-Video/src/video_recorder/event_handler.cpp:1341: level 1: INFO    (14:32:36:756 |    0)  31287; [vocs] creating channel with 69.28.51.138:8000, ts 1522420356756.......
AgoraCoreService[31272]: (31272) /var/lib/jenkins/workspace/agora-release-linux-2/ServerSDK-Video/src/video_recorder/event_handler.cpp:1341: level 1: INFO    (14:32:36:756 |    0)  31287; [vocs] selected: 119.9.92.49:8000
AgoraCoreService[31272]: (31272) /var/lib/jenkins/workspace/agora-release-linux-2/ServerSDK-Video/src/video_recorder/event_handler.cpp:1341: level 1: INFO    (14:32:36:756 |    0)  31287; [vocs] creating channel with 119.9.92.49:8000, ts 1522420356756.......
AgoraCoreService[31272]: (31272) /var/lib/jenkins/workspace/agora-release-linux-2/ServerSDK-Video/src/video_recorder/event_handler.cpp:1341: level 1: INFO    (14:32:36:756 |    0)  31287; [vocs] selected: 221.228.202.134:8000
AgoraCoreService[31272]: (31272) /var/lib/jenkins/workspace/agora-release-linux-2/ServerSDK-Video/src/video_recorder/event_handler.cpp:1341: level 1: INFO    (14:32:36:756 |    0)  31287; [vocs] creating channel with 221.228.202.134:8000, ts 1522420356756.......
AgoraCoreService[31272]: (31272) /var/lib/jenkins/workspace/agora-release-linux-2/ServerSDK-Video/src/video_recorder/event_handler.cpp:1341: level 1: INFO    (14:32:36:756 |    0)  31287; [rp] {"che.audio.audioSampleRate":48000}
AgoraCoreService[31272]: (31272) /var/lib/jenkins/workspace/agora-release-linux-2/ServerSDK-Video/src/video_recorder/event_handler.cpp:1341: level 1: INFO    (14:32:36:756 |    0)  31287; [dns] parsed ip 199.190.44.35
AgoraCoreService[31272]: (31272) /var/lib/jenkins/workspace/agora-release-linux-2/ServerSDK-Video/src/video_recorder/event_handler.cpp:1341: level 1: INFO    (14:32:36:757 |    1)  31287; [dns] parsed ip 69.28.51.138
AgoraCoreService[31272]: (31272) /var/lib/jenkins/workspace/agora-release-linux-2/ServerSDK-Video/src/video_recorder/event_handler.cpp:1341: level 1: INFO    (14:32:36:757 |    0)  31287; [dns] parsed ip 119.9.92.49
AgoraCoreService[31272]: (31272) /var/lib/jenkins/workspace/agora-release-linux-2/ServerSDK-Video/src/video_recorder/event_handler.cpp:1341: level 1: INFO    (14:32:36:757 |    0)  31287; [dns] parsed ip 128.1.87.146
AgoraCoreService[31272]: (31272) /var/lib/jenkins/workspace/agora-release-linux-2/ServerSDK-Video/src/video_recorder/event_handler.cpp:1341: level 1: INFO    (14:32:36:757 |    0)  31287; [dns] parsed ip 199.190.44.36
AgoraCoreService[31272]: (31272) /var/lib/jenkins/workspace/agora-release-linux-2/ServerSDK-Video/src/video_recorder/event_handler.cpp:1341: level 1: INFO    (14:32:36:757 |    0)  31287; [rs] dns parse result code: 0, servers size: 1
AgoraCoreService[31272]: (31272) /var/lib/jenkins/workspace/agora-release-linux-2/ServerSDK-Video/src/video_recorder/event_handler.cpp:1341: level 1: INFO    (14:32:36:757 |    0)  31287; [rs] dns parse and selected server: 223.111.12.227
AgoraCoreService[31272]: (31272) /var/lib/jenkins/workspace/agora-release-linux-2/ServerSDK-Video/src/video_recorder/event_handler.cpp:1341: level 1: INFO    (14:32:36:911 |  154)  31287; [vocs/u] **responsed from 69.28.51.138:8000, 3 vos, elapsed 167, server ts 1522420356368, wan ip 139.59.134.76
AgoraCoreService[31272]: (31272) /var/lib/jenkins/workspace/agora-release-linux-2/ServerSDK-Video/src/video_recorder/event_handler.cpp:1341: level 1: INFO    (14:32:36:912 |    1)  31287; [vos] added server: 128.1.77.35:4008
AgoraCoreService[31272]: (31272) /var/lib/jenkins/workspace/agora-release-linux-2/ServerSDK-Video/src/video_recorder/event_handler.cpp:1341: level 1: INFO    (14:32:36:912 |    0)  31287; [vos] added server: 128.1.78.92:4004
AgoraCoreService[31272]: (31272) /var/lib/jenkins/workspace/agora-release-linux-2/ServerSDK-Video/src/video_recorder/event_handler.cpp:1341: level 1: INFO    (14:32:36:912 |    0)  31287; [vos] added server: 128.1.78.107:4004
AgoraCoreService[31272]: (31272) /var/lib/jenkins/workspace/agora-release-linux-2/ServerSDK-Video/src/video_recorder/event_handler.cpp:1341: level 1: INFO    (14:32:36:912 |    0)  31287; [ch0] vos initialized
AgoraCoreService[31272]: (31272) /var/lib/jenkins/workspace/agora-release-linux-2/ServerSDK-Video/src/video_recorder/event_handler.cpp:1341: level 1: INFO    (14:32:36:912 |    0)  31287; [vos] selected: 128.1.78.107:4004
AgoraCoreService[31272]: (31272) /var/lib/jenkins/workspace/agora-release-linux-2/ServerSDK-Video/src/video_recorder/event_handler.cpp:1341: level 4: ERROR   (14:32:36:912 |    0)  31287; [ch0] login strategy=2
AgoraCoreService[31272]: (31272) /var/lib/jenkins/workspace/agora-release-linux-2/ServerSDK-Video/src/video_recorder/event_handler.cpp:1341: level 1: INFO    (14:32:36:913 |    1)  31287; [ds]: ver 1 ds '{"streamType":5}'
AgoraCoreService[31272]: (31272) /var/lib/jenkins/workspace/agora-release-linux-2/ServerSDK-Video/src/video_recorder/event_handler.cpp:1341: level 1: INFO    (14:32:36:913 |    0)  31287; [ch0] Login VOS (proto:10, cid:3978809899, uid:3529327379, ts:1522420356912, ticket size:84 ds:1 stream:+A+VH) 2: 128.1.78.107:4004
AgoraCoreService[31272]: (31272) /var/lib/jenkins/workspace/agora-release-linux-2/ServerSDK-Video/src/video_recorder/event_handler.cpp:1341: level 1: INFO    (14:32:36:913 |    0)  31287; add ping address 139.59.134.76
AgoraCoreService[31272]: (31272) /var/lib/jenkins/workspace/agora-release-linux-2/ServerSDK-Video/src/video_recorder/event_handler.cpp:1341: level 1: INFO    (14:32:36:913 |    0)  31287; PING 139.59.134.76:0 16(44) bytes of data
AgoraCoreService[31272]: (31272) /var/lib/jenkins/workspace/agora-release-linux-2/ServerSDK-Video/src/video_recorder/event_handler.cpp:1341: level 1: INFO    (14:32:36:921 |    8)  31287; [ch0] **VOS response to login request (res 0 elapsed 176, server ts 1522420356450, s-c:-471) from 128.1.78.107:4004, and current dest server 128.1.78.107:4004
AgoraCoreService[31272]: (31272) /var/lib/jenkins/workspace/agora-release-linux-2/ServerSDK-Video/src/video_recorder/event_handler.cpp:1341: level 1: INFO    (14:32:36:921 |    0)  31287; updateActiveVosList: ["128.1.78.107:4004"]
AgoraCoreService[31272]: (31272) /var/lib/jenkins/workspace/agora-release-linux-2/ServerSDK-Video/src/video_recorder/event_handler.cpp:1341: level 1: INFO    (14:32:36:921 |    0)  31287; [che] start call begins
AgoraCoreService[31272]: (31272) /var/lib/jenkins/workspace/agora-release-linux-2/ServerSDK-Video/src/video_recorder/event_handler.cpp:1341: level 1: INFO    (14:32:36:921 |    0)  31287; Set Application Mode in RTC Engine to No. 0
AgoraCoreService[31272]: (31272) /var/lib/jenkins/workspace/agora-release-linux-2/ServerSDK-Video/src/video_recorder/event_handler.cpp:1341: level 4: ERROR   (14:32:36:921 |    0)  31287; GetCodec() invalid index (error=8004)
AgoraCoreService[31272]: (31272) /var/lib/jenkins/workspace/agora-release-linux-2/ServerSDK-Video/src/video_recorder/event_handler.cpp:1341: level 1: INFO    (14:32:36:921 |    0)  31287; SetCodec by type : No. 85
AgoraCoreService[31272]: (31272) /var/lib/jenkins/workspace/agora-release-linux-2/ServerSDK-Video/src/video_recorder/event_handler.cpp:1341: level 1: INFO    (14:32:36:930 |    9)  31287; StartPlayout complete
AgoraCoreService[31272]: (31272) /var/lib/jenkins/workspace/agora-release-linux-2/ServerSDK-Video/src/video_recorder/event_handler.cpp:1341: level 1: INFO    (14:32:36:930 |    0)  31287; output: kDummyAudio
AgoraCoreService[31272]: (31272) /var/lib/jenkins/workspace/agora-release-linux-2/ServerSDK-Video/src/video_recorder/event_handler.cpp:1341: level 1: INFO    (14:32:36:939 |    9)  31287; StartRecording complete
AgoraCoreService[31272]: (31272) /var/lib/jenkins/workspace/agora-release-linux-2/ServerSDK-Video/src/video_recorder/event_handler.cpp:1341: level 4: ERROR   (14:32:36:940 |    1)  31287; SetAgcConfig() failed to set the range in |gain| the digital compression stage may apply (error=8097)
AgoraCoreService[31272]: (31272) /var/lib/jenkins/workspace/agora-release-linux-2/ServerSDK-Video/src/video_recorder/event_handler.cpp:1341: level 1: INFO    (14:32:36:940 |    0)  31287; SetHowlingControl enable = 0
AgoraCoreService[31272]: (31272) /var/lib/jenkins/workspace/agora-release-linux-2/ServerSDK-Video/src/video_recorder/event_handler.cpp:1341: level 1: INFO    (14:32:36:940 |    0)  31287; Application Config module:  Route 0, NS on, AEC N, AGC on, BSS off, HC on
AgoraCoreService[31272]: (31272) /var/lib/jenkins/workspace/agora-release-linux-2/ServerSDK-Video/src/video_recorder/event_handler.cpp:1341: level 1: INFO    (14:32:36:940 |    0)  31287; MID = 0, Routing = 0
AgoraCoreService[31272]: (31272) /var/lib/jenkins/workspace/agora-release-linux-2/ServerSDK-Video/src/video_recorder/event_handler.cpp:1341: level 1: INFO    (14:32:36:940 |    0)  31287; [che] applyVideoProfile: 640x360 15 fps 500 kbps
AgoraCoreService[31272]: (31272) /var/lib/jenkins/workspace/agora-release-linux-2/ServerSDK-Video/src/video_recorder/event_handler.cpp:1341: level 1: INFO    (14:32:36:940 |    0)  31287; validateVideoParameters: validate video parameters resolution 640x360, fps 15, rate 500000
AgoraCoreService[31272]: (31272) /var/lib/jenkins/workspace/agora-release-linux-2/ServerSDK-Video/src/video_recorder/event_handler.cpp:1341: level 1: INFO    (14:32:36:940 |    0)  31287; setMaxVideoBitrate: max bitrate=500000
AgoraCoreService[31272]: (31272) /var/lib/jenkins/workspace/agora-release-linux-2/ServerSDK-Video/src/video_recorder/event_handler.cpp:1341: level 1: INFO    (14:32:36:940 |    0)  31287; setCodecRates: set frame rate to 15
AgoraCoreService[31272]: (31272) /var/lib/jenkins/workspace/agora-release-linux-2/ServerSDK-Video/src/video_recorder/event_handler.cpp:1341: level 1: INFO    (14:32:36:940 |    0)  31287; setCodec: index=1 width=640 height=360 framerate=15
AgoraCoreService[31272]: (31272) /var/lib/jenkins/workspace/agora-release-linux-2/ServerSDK-Video/src/video_recorder/event_handler.cpp:1341: level 1: INFO    (14:32:36:940 |    0)  31287; setCodecResolution: set to 640 x 360
AgoraCoreService[31272]: (31272) /var/lib/jenkins/workspace/agora-release-linux-2/ServerSDK-Video/src/video_recorder/event_handler.cpp:1341: level 1: INFO    (14:32:36:941 |    1)  31287; CreateVideoCapturer: interface=0x7f24d0172c90
AgoraCoreService[31272]: (31272) /var/lib/jenkins/workspace/agora-release-linux-2/ServerSDK-Video/src/video_recorder/event_handler.cpp:1341: level 1: INFO    (14:32:36:941 |    0)  31287; VideoSendTrackImpl::UpdateCapturer capturer=0x7f24d021f9c0
AgoraCoreService[31272]: (31272) /var/lib/jenkins/workspace/agora-release-linux-2/ServerSDK-Video/src/video_recorder/event_handler.cpp:1341: level 1: INFO    (14:32:36:941 |    0)  31287; Create participant 0
AgoraCoreService[31272]: (31272) /var/lib/jenkins/workspace/agora-release-linux-2/ServerSDK-Video/src/video_recorder/event_handler.cpp:1341: level 1: INFO    (14:32:36:941 |    0)  31287; startCapture: device? 1024 init? 1 local enabled? 1 capturing? 0 rendering? 0
AgoraCoreService[31272]: (31272) /var/lib/jenkins/workspace/agora-release-linux-2/ServerSDK-Video/src/video_recorder/event_handler.cpp:1341: level 1: INFO    (14:32:36:941 |    0)  31287; startCapture: Receive Only Mode, capture still on. Encode will be turned off
AgoraCoreService[31272]: (31272) /var/lib/jenkins/workspace/agora-release-linux-2/ServerSDK-Video/src/video_recorder/event_handler.cpp:1341: level 1: INFO    (14:32:36:941 |    0)  31287; AgoraVideoInput::Init thread=1, type=100, device=External Device
AgoraCoreService[31272]: (31272) /var/lib/jenkins/workspace/agora-release-linux-2/ServerSDK-Video/src/video_recorder/event_handler.cpp:1341: level 1: INFO    (14:32:36:941 |    0)  31294; Thread with name:AgoraInputThread started 
AgoraCoreService[31272]: (31272) /var/lib/jenkins/workspace/agora-release-linux-2/ServerSDK-Video/src/video_recorder/event_handler.cpp:1341: level 1: INFO    (14:32:36:941 |    0)  31295; Thread with name:ExternalCaptureThread started 
AgoraCoreService[31272]: (31272) /var/lib/jenkins/workspace/agora-release-linux-2/ServerSDK-Video/src/video_recorder/event_handler.cpp:1341: level 1: INFO    (14:32:36:941 |    0)  31287; setCodec: index=1 width=640 height=360 framerate=15
AgoraCoreService[31272]: (31272) /var/lib/jenkins/workspace/agora-release-linux-2/ServerSDK-Video/src/video_recorder/event_handler.cpp:1341: level 1: INFO    (14:32:36:941 |    0)  31287; setMaxVideoBitrate: max bitrate=500000
AgoraCoreService[31272]: (31272) /var/lib/jenkins/workspace/agora-release-linux-2/ServerSDK-Video/src/video_recorder/event_handler.cpp:1341: level 1: INFO    (14:32:36:942 |    1)  31287; AgoraVideoInput::Start width=640, height=360, fps=15
AgoraCoreService[31272]: (31272) /var/lib/jenkins/workspace/agora-release-linux-2/ServerSDK-Video/src/video_recorder/event_handler.cpp:1341: level 1: INFO    (14:32:36:942 |    0)  31296; Thread with name:WebRtc_event_timer_thread started 
AgoraCoreService[31272]: (31272) /var/lib/jenkins/workspace/agora-release-linux-2/ServerSDK-Video/src/video_recorder/event_handler.cpp:1341: level 1: INFO    (14:32:36:942 |    0)  31287; startCapture: startCapture success
AgoraCoreService[31272]: (31272) /var/lib/jenkins/workspace/agora-release-linux-2/ServerSDK-Video/src/video_recorder/event_handler.cpp:1341: level 1: INFO    (14:32:36:942 |    0)  31287; RequestEncodeKeyFrame
AgoraCoreService[31272]: (31272) /var/lib/jenkins/workspace/agora-release-linux-2/ServerSDK-Video/src/video_recorder/event_handler.cpp:1341: level 1: INFO    (14:32:36:942 |    0)  31287; doStartLocalRender: init? 1 capture id -1 device 1024 capturing? 1 rendering? 0
AgoraCoreService[31272]: (31272) /var/lib/jenkins/workspace/agora-release-linux-2/ServerSDK-Video/src/video_recorder/event_handler.cpp:1341: level 1: INFO    (14:32:36:942 |    0)  31287; doStartLocalRender: Receive Only Mode, local renderer still on.
AgoraCoreService[31272]: (31272) /var/lib/jenkins/workspace/agora-release-linux-2/ServerSDK-Video/src/video_recorder/event_handler.cpp:1341: level 1: INFO    (14:32:36:942 |    0)  31287; doStartLocalRender: init? 1 capture id -1 device 1024 capturing? 1 rendering? 0
AgoraCoreService[31272]: (31272) /var/lib/jenkins/workspace/agora-release-linux-2/ServerSDK-Video/src/video_recorder/event_handler.cpp:1341: level 1: INFO    (14:32:36:942 |    0)  31287; doStartLocalRender: Receive Only Mode, local renderer still on.
AgoraCoreService[31272]: (31272) /var/lib/jenkins/workspace/agora-release-linux-2/ServerSDK-Video/src/video_recorder/event_handler.cpp:1341: level 1: INFO    (14:32:36:942 |    0)  31287; [che] start call returns 0, elapsed 21
AgoraCoreService[31272]: (31272) /var/lib/jenkins/workspace/agora-release-linux-2/ServerSDK-Video/src/video_recorder/event_handler.cpp:1341: level 1: INFO    (14:32:36:942 |    0)  31287; Setting dtx mode to 2
AgoraCoreService[31272]: (31272) /var/lib/jenkins/workspace/agora-release-linux-2/ServerSDK-Video/src/video_recorder/event_handler.cpp:1341: level 1: INFO    (14:32:36:943 |    1)  31287; setNetEQMinimumPlayoutDelay delay(100)
AgoraCoreService[31272]: (31272) /var/lib/jenkins/workspace/agora-release-linux-2/ServerSDK-Video/src/video_recorder/event_handler.cpp:1341: level 1: INFO    (14:32:36:943 |    0)  31287; join channel success: cname 'police_8_2' uid 3529327379 elapsed 198
AgoraCoreService[31272]: (31272) /var/lib/jenkins/workspace/agora-release-linux-2/ServerSDK-Video/src/video_recorder/event_handler.cpp:1054: Channel counters: mix mode:0 , min port:-1 , max port:-1 ,decode audio:0 , decode_video:0 , is live:0 , idle:300 , is audio only:0 ,syslog facility:8 , mix mode height:360 , mix mode width:640 , mix mode fps:15 , mix mode kbps:500 , mix av:0, streamType:0, triggerMode:0, lang:0
AgoraCoreService[31272]: (31272) /var/lib/jenkins/workspace/agora-release-linux-2/ServerSDK-Video/src/video_recorder/event_handler.cpp:1341: level 1: INFO    (14:32:36:943 |    0)  31287; CacheManager: save cache to storage elapsed 0
AgoraCoreService[31272]: (31272) /var/lib/jenkins/workspace/agora-release-linux-2/ServerSDK-Video/src/video_recorder/event_handler.cpp:1341: level 1: INFO    (14:32:36:943 |    0)  31288; Channel counters: mix mode:0 , min port:-1 , max port:-1 ,decode audio:0 , decode_video:0 , is live:0 , idle:300 , is audio only:0 ,syslog facility:8 , mix mode height:360 , mix mode width:640 , mix mode fps:15 , mi
AgoraCoreService[31272]: (31272) /var/lib/jenkins/workspace/agora-release-linux-2/ServerSDK-Video/src/video_recorder/event_handler.cpp:1128: User 3529327379 join channel police_8_2 success, elapsed: 198 ms
AgoraCoreService[31272]: (31272) /var/lib/jenkins/workspace/agora-release-linux-2/ServerSDK-Video/src/video_recorder/event_handler.cpp:1341: level 1: INFO    (14:32:36:943 |    0)  31288; User 3529327379 join channel police_8_2 success, elapsed: 198 ms
AgoraCoreService[31272]: (31272) /var/lib/jenkins/workspace/agora-release-linux-2/ServerSDK-Video/src/video_recorder/event_handler.cpp:1341: level 1: INFO    (14:32:36:950 |    7)  31287; [ch0] rtt: 7
AgoraCoreService[31272]: (31272) /var/lib/jenkins/workspace/agora-release-linux-2/ServerSDK-Video/src/video_recorder/event_handler.cpp:1341: level 1: INFO    (14:32:36:968 |   18)  31287; [vocs/u] **responsed from 119.9.92.49:8000, 3 vos, elapsed 224, server ts 1522420356392, wan ip 139.59.134.76
AgoraCoreService[31272]: (31272) /var/lib/jenkins/workspace/agora-release-linux-2/ServerSDK-Video/src/video_recorder/event_handler.cpp:1341: level 1: INFO    (14:32:37:  8 |    0)  31294; [che] onVideoSizeChanged: uid 0 640x360 rotate 0
AgoraCoreService[31272]: (31272) /var/lib/jenkins/workspace/agora-release-linux-2/ServerSDK-Video/src/video_recorder/event_handler.cpp:1341: level 1: INFO    (14:32:38:921 |  913)  31287; notifyPeerCount: cnt 0
AgoraCoreService[31272]: (31272) /var/lib/jenkins/workspace/agora-release-linux-2/ServerSDK-Video/src/video_recorder/event_handler.cpp:1341: level 1: INFO    (14:32:41:745 |    0)  31287; [rlbs] selected: 199.190.44.35:9700
AgoraCoreService[31272]: (31272) /var/lib/jenkins/workspace/agora-release-linux-2/ServerSDK-Video/src/video_recorder/event_handler.cpp:1341: level 1: INFO    (14:32:41:745 |    0)  31287; [rlbs] request rs list from 199.190.44.35:9700.......
AgoraCoreService[31272]: (31272) /var/lib/jenkins/workspace/agora-release-linux-2/ServerSDK-Video/src/video_recorder/event_handler.cpp:1341: level 1: INFO    (14:32:41:745 |    0)  31287; [rs] **report stats: seq: 11, report list size 11, tx/rx: 2202/288, cache size: 0, report success rate: -1
AgoraCoreService[31272]: (31272) /var/lib/jenkins/workspace/agora-release-linux-2/ServerSDK-Video/src/video_recorder/event_handler.cpp:1341: level 1: INFO    (14:32:41:946 |  201)  31287; [rlbs/u] responsed from 199.190.44.35:9700 with servers 128.1.78.91:8000
AgoraCoreService[31272]: (31272) /var/lib/jenkins/workspace/agora-release-linux-2/ServerSDK-Video/src/video_recorder/event_handler.cpp:1341: level 1: INFO    (14:32:42:939 |    0)  31289; Audio statistics - play count: playout count = 200  signal level: far_in = 0
recorder_local[31271]: (31271) /var/lib/jenkins/workspace/agora-release-linux-2/ServerSDK-Video/src/rec_engine/RecordingEngineImpl.cpp:502: [Wrapper] channel id: police_8_2 packet stats, total: 0, callback_->AudioFrameReceived: pcmPackets: 0, pcmTotalPackets: 0, aacPackets: 0, yuvF2Packets: 0, h264F2Packets: 0, errPackets: 0, otherPackets: 0
AgoraCoreService[31272]: (31272) /var/lib/jenkins/workspace/agora-release-linux-2/ServerSDK-Video/src/video_recorder/event_handler.cpp:907: [ARS/15s]event cnts:0, audio pkts:0, mix audio pkts:0, yuv video pkts:0, h264 video pkts:0
AgoraCoreService[31272]: (31272) /var/lib/jenkins/workspace/agora-release-linux-2/ServerSDK-Video/src/video_recorder/event_handler.cpp:1341: level 1: INFO    (14:32:51:758 |    0)  31272; [ARS/15s]event cnts:0, audio pkts:0, mix audio pkts:0, yuv video pkts:0, h264 video pkts:0
recorder_local[31271]: (31271) /var/lib/jenkins/workspace/agora-release-linux-2/ServerSDK-Video/src/rec_engine/RecordingEngineImpl.cpp:502: [Wrapper] channel id: police_8_2 packet stats, total: 0, callback_->AudioFrameReceived: pcmPackets: 0, pcmTotalPackets: 0, aacPackets: 0, yuvF2Packets: 0, h264F2Packets: 0, errPackets: 0, otherPackets: 0
AgoraCoreService[31272]: (31272) /var/lib/jenkins/workspace/agora-release-linux-2/ServerSDK-Video/src/video_recorder/event_handler.cpp:1341: level 1: INFO    (14:32:56:939 |  181)  31289; Audio statistics - play count: playout count = 600  signal level: far_in = 0
recorder_local[31271]: (31271) /var/lib/jenkins/workspace/agora-release-linux-2/ServerSDK-Video/src/rec_engine/RecordingEngineImpl.cpp:502: [Wrapper] channel id: police_8_2 packet stats, total: 0, callback_->AudioFrameReceived: pcmPackets: 0, pcmTotalPackets: 0, aacPackets: 0, yuvF2Packets: 0, h264F2Packets: 0, errPackets: 0, otherPackets: 0
AgoraCoreService[31272]: (31272) /var/lib/jenkins/workspace/agora-release-linux-2/ServerSDK-Video/src/video_recorder/event_handler.cpp:907: [ARS/15s]event cnts:0, audio pkts:0, mix audio pkts:0, yuv video pkts:0, h264 video pkts:0
AgoraCoreService[31272]: (31272) /var/lib/jenkins/workspace/agora-release-linux-2/ServerSDK-Video/src/video_recorder/event_handler.cpp:1341: level 1: INFO    (14:33: 6:770 |    0)  31272; [ARS/15s]event cnts:0, audio pkts:0, mix audio pkts:0, yuv video pkts:0, h264 video pkts:0
AgoraCoreService[31272]: (31272) /var/lib/jenkins/workspace/agora-release-linux-2/ServerSDK-Video/src/video_recorder/event_handler.cpp:1341: level 1: INFO    (14:33:10:746 |    0)  31287; **CALL STATS: duraton 31s cpu app/total 1.54/14.81 battery 255 tx/rx: 2/1 kbps 10.409K/5.410K bytes
AgoraCoreService[31272]: (31272) /var/lib/jenkins/workspace/agora-release-linux-2/ServerSDK-Video/src/video_recorder/event_handler.cpp:1341: level 1: INFO    (14:33:14:939 |  193)  31289; Audio statistics - play count: playout count = 600  signal level: far_in = 0
AgoraCoreService[31272]: (31272) /var/lib/jenkins/workspace/agora-release-linux-2/ServerSDK-Video/src/video_recorder/event_handler.cpp:1341: level 1: INFO    (14:33:16:745 |    0)  31287; [rs] **report stats: seq: 24, report list size 24, tx/rx: 6170/1152, cache size: 0, report success rate: 100
recorder_local[31271]: (31271) /var/lib/jenkins/workspace/agora-release-linux-2/ServerSDK-Video/src/rec_engine/RecordingEngineImpl.cpp:502: [Wrapper] channel id: police_8_2 packet stats, total: 0, callback_->AudioFrameReceived: pcmPackets: 0, pcmTotalPackets: 0, aacPackets: 0, yuvF2Packets: 0, h264F2Packets: 0, errPackets: 0, otherPackets: 0
AgoraCoreService[31272]: (31272) /var/lib/jenkins/workspace/agora-release-linux-2/ServerSDK-Video/src/video_recorder/event_handler.cpp:907: [ARS/15s]event cnts:0, audio pkts:0, mix audio pkts:0, yuv video pkts:0, h264 video pkts:0
AgoraCoreService[31272]: (31272) /var/lib/jenkins/workspace/agora-release-linux-2/ServerSDK-Video/src/video_recorder/event_handler.cpp:1341: level 1: INFO    (14:33:21:786 |   41)  31272; [ARS/15s]event cnts:0, audio pkts:0, mix audio pkts:0, yuv video pkts:0, h264 video pkts:0
recorder_local[31271]: (31271) /var/lib/jenkins/workspace/agora-release-linux-2/ServerSDK-Video/src/rec_engine/RecordingEngineImpl.cpp:502: [Wrapper] channel id: police_8_2 packet stats, total: 0, callback_->AudioFrameReceived: pcmPackets: 0, pcmTotalPackets: 0, aacPackets: 0, yuvF2Packets: 0, h264F2Packets: 0, errPackets: 0, otherPackets: 0
AgoraCoreService[31272]: (31272) /var/lib/jenkins/workspace/agora-release-linux-2/ServerSDK-Video/src/video_recorder/event_handler.cpp:1341: level 1: INFO    (14:33:32:939 |  153)  31289; Audio statistics - play count: playout count = 600  signal level: far_in = 0
recorder_local[31271]: (31271) /var/lib/jenkins/workspace/agora-release-linux-2/ServerSDK-Video/src/rec_engine/RecordingEngineImpl.cpp:502: [Wrapper] channel id: police_8_2 packet stats, total: 0, callback_->AudioFrameReceived: pcmPackets: 0, pcmTotalPackets: 0, aacPackets: 0, yuvF2Packets: 0, h264F2Packets: 0, errPackets: 0, otherPackets: 0
AgoraCoreService[31272]: (31272) /var/lib/jenkins/workspace/agora-release-linux-2/ServerSDK-Video/src/video_recorder/event_handler.cpp:907: [ARS/15s]event cnts:0, audio pkts:0, mix audio pkts:0, yuv video pkts:0, h264 video pkts:0
AgoraCoreService[31272]: (31272) /var/lib/jenkins/workspace/agora-release-linux-2/ServerSDK-Video/src/video_recorder/event_handler.cpp:1341: level 1: INFO    (14:33:36:798 |    0)  31272; [ARS/15s]event cnts:0, audio pkts:0, mix audio pkts:0, yuv video pkts:0, h264 video pkts:0
AgoraCoreService[31272]: (31272) /var/lib/jenkins/workspace/agora-release-linux-2/ServerSDK-Video/src/video_recorder/event_handler.cpp:1341: level 1: INFO    (14:33:42:745 |    0)  31287; **CALL STATS: duraton 1m3s cpu app/total 1.91/12.84 battery 255 tx/rx: 2/1 kbps 16.801K/9.148K bytes
recorder_local[31271]: (31271) /var/lib/jenkins/workspace/agora-release-linux-2/ServerSDK-Video/src/rec_engine/RecordingEngineImpl.cpp:502: [Wrapper] channel id: police_8_2 packet stats, total: 0, callback_->AudioFrameReceived: pcmPackets: 0, pcmTotalPackets: 0, aacPackets: 0, yuvF2Packets: 0, h264F2Packets: 0, errPackets: 0, otherPackets: 0
AgoraCoreService[31272]: (31272) /var/lib/jenkins/workspace/agora-release-linux-2/ServerSDK-Video/src/video_recorder/event_handler.cpp:1341: level 1: INFO    (14:33:50:939 |  194)  31289; Audio statistics - play count: playout count = 600  signal level: far_in = 0
AgoraCoreService[31272]: (31272) /var/lib/jenkins/workspace/agora-release-linux-2/ServerSDK-Video/src/video_recorder/event_handler.cpp:1341: level 1: INFO    (14:33:51:745 |    0)  31287; [rs] **report stats: seq: 35, report list size 35, tx/rx: 8683/1680, cache size: 0, report success rate: 100
AgoraCoreService[31272]: (31272) /var/lib/jenkins/workspace/agora-release-linux-2/ServerSDK-Video/src/video_recorder/event_handler.cpp:907: [ARS/15s]event cnts:0, audio pkts:0, mix audio pkts:0, yuv video pkts:0, h264 video pkts:0
AgoraCoreService[31272]: (31272) /var/lib/jenkins/workspace/agora-release-linux-2/ServerSDK-Video/src/video_recorder/event_handler.cpp:1341: level 1: INFO    (14:33:51:814 |   69)  31272; [ARS/15s]event cnts:0, audio pkts:0, mix audio pkts:0, yuv video pkts:0, h264 video pkts:0
recorder_local[31271]: (31271) /var/lib/jenkins/workspace/agora-release-linux-2/ServerSDK-Video/src/rec_engine/RecordingEngineImpl.cpp:502: [Wrapper] channel id: police_8_2 packet stats, total: 0, callback_->AudioFrameReceived: pcmPackets: 0, pcmTotalPackets: 0, aacPackets: 0, yuvF2Packets: 0, h264F2Packets: 0, errPackets: 0, otherPackets: 0
recorder_local[31271]: (31271) /var/lib/jenkins/workspace/agora-release-linux-2/ServerSDK-Video/src/rec_engine/RecordingEngineImpl.cpp:502: [Wrapper] channel id: police_8_2 packet stats, total: 0, callback_->AudioFrameReceived: pcmPackets: 0, pcmTotalPackets: 0, aacPackets: 0, yuvF2Packets: 0, h264F2Packets: 0, errPackets: 0, otherPackets: 0
AgoraCoreService[31272]: (31272) /var/lib/jenkins/workspace/agora-release-linux-2/ServerSDK-Video/src/video_recorder/event_handler.cpp:907: [ARS/15s]event cnts:0, audio pkts:0, mix audio pkts:0, yuv video pkts:0, h264 video pkts:0
AgoraCoreService[31272]: (31272) /var/lib/jenkins/workspace/agora-release-linux-2/ServerSDK-Video/src/video_recorder/event_handler.cpp:1341: level 1: INFO    (14:34: 6:828 |   14)  31272; [ARS/15s]event cnts:0, audio pkts:0, mix audio pkts:0, yuv video pkts:0, h264 video pkts:0
AgoraCoreService[31272]: (31272) /var/lib/jenkins/workspace/agora-release-linux-2/ServerSDK-Video/src/video_recorder/event_handler.cpp:1341: level 1: INFO    (14:34: 8:939 |  111)  31289; Audio statistics - play count: playout count = 600  signal level: far_in = 0
AgoraCoreService[31272]: (31272) /var/lib/jenkins/workspace/agora-release-linux-2/ServerSDK-Video/src/video_recorder/event_handler.cpp:1341: level 1: INFO    (14:34:14:746 |    0)  31287; **CALL STATS: duraton 1m35s cpu app/total 1.43/14.1 battery 255 tx/rx: 1/0 kbps 23.182K/12.880K bytes
recorder_local[31271]: (31271) /var/lib/jenkins/workspace/agora-release-linux-2/ServerSDK-Video/src/rec_engine/RecordingEngineImpl.cpp:502: [Wrapper] channel id: police_8_2 packet stats, total: 0, callback_->AudioFrameReceived: pcmPackets: 0, pcmTotalPackets: 0, aacPackets: 0, yuvF2Packets: 0, h264F2Packets: 0, errPackets: 0, otherPackets: 0
AgoraCoreService[31272]: (31272) /var/lib/jenkins/workspace/agora-release-linux-2/ServerSDK-Video/src/video_recorder/event_handler.cpp:1341: level 1: INFO    (14:34:21:745 |    0)  31287; [rs] **report stats: seq: 44, report list size 22, tx/rx: 10737/2112, cache size: 0, report success rate: 100
AgoraCoreService[31272]: (31272) /var/lib/jenkins/workspace/agora-release-linux-2/ServerSDK-Video/src/video_recorder/event_handler.cpp:907: [ARS/15s]event cnts:0, audio pkts:0, mix audio pkts:0, yuv video pkts:0, h264 video pkts:0
AgoraCoreService[31272]: (31272) /var/lib/jenkins/workspace/agora-release-linux-2/ServerSDK-Video/src/video_recorder/event_handler.cpp:1341: level 1: INFO    (14:34:21:842 |   97)  31272; [ARS/15s]event cnts:0, audio pkts:0, mix audio pkts:0, yuv video pkts:0, h264 video pkts:0
recorder_local[31271]: (31271) /var/lib/jenkins/workspace/agora-release-linux-2/ServerSDK-Video/src/rec_engine/RecordingEngineImpl.cpp:502: [Wrapper] channel id: police_8_2 packet stats, total: 0, callback_->AudioFrameReceived: pcmPackets: 0, pcmTotalPackets: 0, aacPackets: 0, yuvF2Packets: 0, h264F2Packets: 0, errPackets: 0, otherPackets: 0
AgoraCoreService[31272]: (31272) /var/lib/jenkins/workspace/agora-release-linux-2/ServerSDK-Video/src/video_recorder/event_handler.cpp:1341: level 1: INFO    (14:34:26:939 |   97)  31289; Audio statistics - play count: playout count = 600  signal level: far_in = 0
recorder_local[31271]: (31271) /var/lib/jenkins/workspace/agora-release-linux-2/ServerSDK-Video/src/rec_engine/RecordingEngineImpl.cpp:502: [Wrapper] channel id: police_8_2 packet stats, total: 0, callback_->AudioFrameReceived: pcmPackets: 0, pcmTotalPackets: 0, aacPackets: 0, yuvF2Packets: 0, h264F2Packets: 0, errPackets: 0, otherPackets: 0
AgoraCoreService[31272]: (31272) /var/lib/jenkins/workspace/agora-release-linux-2/ServerSDK-Video/src/video_recorder/event_handler.cpp:907: [ARS/15s]event cnts:0, audio pkts:0, mix audio pkts:0, yuv video pkts:0, h264 video pkts:0
AgoraCoreService[31272]: (31272) /var/lib/jenkins/workspace/agora-release-linux-2/ServerSDK-Video/src/video_recorder/event_handler.cpp:1341: level 1: INFO    (14:34:36:857 |    0)  31272; [ARS/15s]event cnts:0, audio pkts:0, mix audio pkts:0, yuv video pkts:0, h264 video pkts:0
AgoraCoreService[31272]: (31272) /var/lib/jenkins/workspace/agora-release-linux-2/ServerSDK-Video/src/video_recorder/event_handler.cpp:1341: level 1: INFO    (14:34:44:939 |   82)  31289; Audio statistics - play count: playout count = 600  signal level: far_in = 0
AgoraCoreService[31272]: (31272) /var/lib/jenkins/workspace/agora-release-linux-2/ServerSDK-Video/src/video_recorder/event_handler.cpp:1341: level 1: INFO    (14:34:46:745 |    0)  31287; **CALL STATS: duraton 2m7s cpu app/total 1.43/13.51 battery 255 tx/rx: 1/1 kbps 29.566K/16.618K bytes
recorder_local[31271]: (31271) /var/lib/jenkins/workspace/agora-release-linux-2/ServerSDK-Video/src/rec_engine/RecordingEngineImpl.cpp:502: [Wrapper] channel id: police_8_2 packet stats, total: 0, callback_->AudioFrameReceived: pcmPackets: 0, pcmTotalPackets: 0, aacPackets: 0, yuvF2Packets: 0, h264F2Packets: 0, errPackets: 0, otherPackets: 0
AgoraCoreService[31272]: (31272) /var/lib/jenkins/workspace/agora-release-linux-2/ServerSDK-Video/src/video_recorder/event_handler.cpp:907: [ARS/15s]event cnts:0, audio pkts:0, mix audio pkts:0, yuv video pkts:0, h264 video pkts:0
AgoraCoreService[31272]: (31272) /var/lib/jenkins/workspace/agora-release-linux-2/ServerSDK-Video/src/video_recorder/event_handler.cpp:1341: level 1: INFO    (14:34:51:871 |  126)  31272; [ARS/15s]event cnts:0, audio pkts:0, mix audio pkts:0, yuv video pkts:0, h264 video pkts:0
AgoraCoreService[31272]: (31272) /var/lib/jenkins/workspace/agora-release-linux-2/ServerSDK-Video/src/video_recorder/event_handler.cpp:1341: level 1: INFO    (14:34:56:745 |    0)  31287; [rs] **report stats: seq: 54, report list size 21, tx/rx: 13021/2592, cache size: 0, report success rate: 100
recorder_local[31271]: (31271) /var/lib/jenkins/workspace/agora-release-linux-2/ServerSDK-Video/src/rec_engine/RecordingEngineImpl.cpp:502: [Wrapper] channel id: police_8_2 packet stats, total: 0, callback_->AudioFrameReceived: pcmPackets: 0, pcmTotalPackets: 0, aacPackets: 0, yuvF2Packets: 0, h264F2Packets: 0, errPackets: 0, otherPackets: 0
AgoraCoreService[31272]: (31272) /var/lib/jenkins/workspace/agora-release-linux-2/ServerSDK-Video/src/video_recorder/event_handler.cpp:1341: level 1: INFO    (14:35: 2:939 |  194)  31289; Audio statistics - play count: playout count = 600  signal level: far_in = 0
recorder_local[31271]: (31271) /var/lib/jenkins/workspace/agora-release-linux-2/ServerSDK-Video/src/rec_engine/RecordingEngineImpl.cpp:502: [Wrapper] channel id: police_8_2 packet stats, total: 0, callback_->AudioFrameReceived: pcmPackets: 0, pcmTotalPackets: 0, aacPackets: 0, yuvF2Packets: 0, h264F2Packets: 0, errPackets: 0, otherPackets: 0
AgoraCoreService[31272]: (31272) /var/lib/jenkins/workspace/agora-release-linux-2/ServerSDK-Video/src/video_recorder/event_handler.cpp:907: [ARS/15s]event cnts:0, audio pkts:0, mix audio pkts:0, yuv video pkts:0, h264 video pkts:0
AgoraCoreService[31272]: (31272) /var/lib/jenkins/workspace/agora-release-linux-2/ServerSDK-Video/src/video_recorder/event_handler.cpp:1341: level 1: INFO    (14:35: 6:886 |    0)  31272; [ARS/15s]event cnts:0, audio pkts:0, mix audio pkts:0, yuv video pkts:0, h264 video pkts:0
recorder_local[31271]: (31271) /var/lib/jenkins/workspace/agora-release-linux-2/ServerSDK-Video/src/rec_engine/RecordingEngineImpl.cpp:502: [Wrapper] channel id: police_8_2 packet stats, total: 0, callback_->AudioFrameReceived: pcmPackets: 0, pcmTotalPackets: 0, aacPackets: 0, yuvF2Packets: 0, h264F2Packets: 0, errPackets: 0, otherPackets: 0
AgoraCoreService[31272]: (31272) /var/lib/jenkins/workspace/agora-release-linux-2/ServerSDK-Video/src/video_recorder/event_handler.cpp:1341: level 1: INFO    (14:35:18:745 |    0)  31287; **CALL STATS: duraton 2m39s cpu app/total 1.95/23.22 battery 255 tx/rx: 2/1 kbps 36.165K/20.356K bytes
AgoraCoreService[31272]: (31272) /var/lib/jenkins/workspace/agora-release-linux-2/ServerSDK-Video/src/video_recorder/event_handler.cpp:1341: level 1: INFO    (14:35:20:939 |  194)  31289; Audio statistics - play count: playout count = 600  signal level: far_in = 0
AgoraCoreService[31272]: (31272) /var/lib/jenkins/workspace/agora-release-linux-2/ServerSDK-Video/src/video_recorder/event_handler.cpp:907: [ARS/15s]event cnts:0, audio pkts:0, mix audio pkts:0, yuv video pkts:0, h264 video pkts:0
AgoraCoreService[31272]: (31272) /var/lib/jenkins/workspace/agora-release-linux-2/ServerSDK-Video/src/video_recorder/event_handler.cpp:1341: level 1: INFO    (14:35:21:901 |    0)  31272; [ARS/15s]event cnts:0, audio pkts:0, mix audio pkts:0, yuv video pkts:0, h264 video pkts:0
AgoraCoreService[31272]: (31272) /var/lib/jenkins/workspace/agora-release-linux-2/ServerSDK-Video/src/video_recorder/event_handler.cpp:1341: level 1: INFO    (14:35:26:745 |    0)  31287; [rs] **report stats: seq: 64, report list size 22, tx/rx: 15311/3072, cache size: 0, report success rate: 100
recorder_local[31271]: (31271) /var/lib/jenkins/workspace/agora-release-linux-2/ServerSDK-Video/src/rec_engine/RecordingEngineImpl.cpp:502: [Wrapper] channel id: police_8_2 packet stats, total: 0, callback_->AudioFrameReceived: pcmPackets: 0, pcmTotalPackets: 0, aacPackets: 0, yuvF2Packets: 0, h264F2Packets: 0, errPackets: 0, otherPackets: 0
recorder_local[31271]: (31271) /var/lib/jenkins/workspace/agora-release-linux-2/ServerSDK-Video/src/rec_engine/RecordingEngineImpl.cpp:502: [Wrapper] channel id: police_8_2 packet stats, total: 0, callback_->AudioFrameReceived: pcmPackets: 0, pcmTotalPackets: 0, aacPackets: 0, yuvF2Packets: 0, h264F2Packets: 0, errPackets: 0, otherPackets: 0
AgoraCoreService[31272]: (31272) /var/lib/jenkins/workspace/agora-release-linux-2/ServerSDK-Video/src/video_recorder/event_handler.cpp:907: [ARS/15s]event cnts:0, audio pkts:0, mix audio pkts:0, yuv video pkts:0, h264 video pkts:0
AgoraCoreService[31272]: (31272) /var/lib/jenkins/workspace/agora-release-linux-2/ServerSDK-Video/src/video_recorder/event_handler.cpp:1341: level 1: INFO    (14:35:36:916 |  171)  31272; [ARS/15s]event cnts:0, audio pkts:0, mix audio pkts:0, yuv video pkts:0, h264 video pkts:0
AgoraCoreService[31272]: (31272) /var/lib/jenkins/workspace/agora-release-linux-2/ServerSDK-Video/src/video_recorder/event_handler.cpp:1341: level 1: INFO    (14:35:38:939 |   23)  31289; Audio statistics - play count: playout count = 600  signal level: far_in = 0
recorder_local[31271]: (31271) /var/lib/jenkins/workspace/agora-release-linux-2/ServerSDK-Video/src/rec_engine/RecordingEngineImpl.cpp:502: [Wrapper] channel id: police_8_2 packet stats, total: 0, callback_->AudioFrameReceived: pcmPackets: 0, pcmTotalPackets: 0, aacPackets: 0, yuvF2Packets: 0, h264F2Packets: 0, errPackets: 0, otherPackets: 0
AgoraCoreService[31272]: (31272) /var/lib/jenkins/workspace/agora-release-linux-2/ServerSDK-Video/src/video_recorder/event_handler.cpp:1341: level 1: INFO    (14:35:48:746 |    0)  31287; **CALL STATS: duraton 3m9s cpu app/total 1.43/11.79 battery 255 tx/rx: 1/1 kbps 41.992K/23.866K bytes
AgoraCoreService[31272]: (31272) /var/lib/jenkins/workspace/agora-release-linux-2/ServerSDK-Video/src/video_recorder/event_handler.cpp:907: [ARS/15s]event cnts:0, audio pkts:0, mix audio pkts:0, yuv video pkts:0, h264 video pkts:0
AgoraCoreService[31272]: (31272) /var/lib/jenkins/workspace/agora-release-linux-2/ServerSDK-Video/src/video_recorder/event_handler.cpp:1341: level 1: INFO    (14:35:51:930 |  184)  31272; [ARS/15s]event cnts:0, audio pkts:0, mix audio pkts:0, yuv video pkts:0, h264 video pkts:0
recorder_local[31271]: (31271) /var/lib/jenkins/workspace/agora-release-linux-2/ServerSDK-Video/src/rec_engine/RecordingEngineImpl.cpp:502: [Wrapper] channel id: police_8_2 packet stats, total: 0, callback_->AudioFrameReceived: pcmPackets: 0, pcmTotalPackets: 0, aacPackets: 0, yuvF2Packets: 0, h264F2Packets: 0, errPackets: 0, otherPackets: 0
AgoraCoreService[31272]: (31272) /var/lib/jenkins/workspace/agora-release-linux-2/ServerSDK-Video/src/video_recorder/event_handler.cpp:1341: level 1: INFO    (14:35:56:939 |    9)  31289; Audio statistics - play count: playout count = 600  signal level: far_in = 0
AgoraCoreService[31272]: (31272) /var/lib/jenkins/workspace/agora-release-linux-2/ServerSDK-Video/src/video_recorder/event_handler.cpp:1341: level 1: INFO    (14:36: 1:745 |    0)  31287; [rs] **report stats: seq: 74, report list size 23, tx/rx: 17613/3552, cache size: 0, report success rate: 100
recorder_local[31271]: (31271) /var/lib/jenkins/workspace/agora-release-linux-2/ServerSDK-Video/src/rec_engine/RecordingEngineImpl.cpp:502: [Wrapper] channel id: police_8_2 packet stats, total: 0, callback_->AudioFrameReceived: pcmPackets: 0, pcmTotalPackets: 0, aacPackets: 0, yuvF2Packets: 0, h264F2Packets: 0, errPackets: 0, otherPackets: 0
AgoraCoreService[31272]: (31272) /var/lib/jenkins/workspace/agora-release-linux-2/ServerSDK-Video/src/video_recorder/event_handler.cpp:907: [ARS/15s]event cnts:0, audio pkts:0, mix audio pkts:0, yuv video pkts:0, h264 video pkts:0
AgoraCoreService[31272]: (31272) /var/lib/jenkins/workspace/agora-release-linux-2/ServerSDK-Video/src/video_recorder/event_handler.cpp:1341: level 1: INFO    (14:36: 6:943 |  198)  31272; [ARS/15s]event cnts:0, audio pkts:0, mix audio pkts:0, yuv video pkts:0, h264 video pkts:0
AgoraCoreService[31272]: (31272) /var/lib/jenkins/workspace/agora-release-linux-2/ServerSDK-Video/src/video_recorder/event_handler.cpp:1341: level 1: INFO    (14:36:14:939 |    0)  31289; Audio statistics - play count: playout count = 600  signal level: far_in = 0
recorder_local[31271]: (31271) /var/lib/jenkins/workspace/agora-release-linux-2/ServerSDK-Video/src/rec_engine/RecordingEngineImpl.cpp:502: [Wrapper] channel id: police_8_2 packet stats, total: 0, callback_->AudioFrameReceived: pcmPackets: 0, pcmTotalPackets: 0, aacPackets: 0, yuvF2Packets: 0, h264F2Packets: 0, errPackets: 0, otherPackets: 0
AgoraCoreService[31272]: (31272) /var/lib/jenkins/workspace/agora-release-linux-2/ServerSDK-Video/src/video_recorder/event_handler.cpp:1341: level 1: INFO    (14:36:20:746 |    0)  31287; **CALL STATS: duraton 3m41s cpu app/total 1.44/11.21 battery 255 tx/rx: 1/0 kbps 48.435K/27.526K bytes
AgoraCoreService[31272]: (31272) /var/lib/jenkins/workspace/agora-release-linux-2/ServerSDK-Video/src/video_recorder/event_handler.cpp:907: [ARS/15s]event cnts:0, audio pkts:0, mix audio pkts:0, yuv video pkts:0, h264 video pkts:0
AgoraCoreService[31272]: (31272) /var/lib/jenkins/workspace/agora-release-linux-2/ServerSDK-Video/src/video_recorder/event_handler.cpp:1341: level 1: INFO    (14:36:21:957 |  211)  31272; [ARS/15s]event cnts:0, audio pkts:0, mix audio pkts:0, yuv video pkts:0, h264 video pkts:0
recorder_local[31271]: (31271) /var/lib/jenkins/workspace/agora-release-linux-2/ServerSDK-Video/src/rec_engine/RecordingEngineImpl.cpp:502: [Wrapper] channel id: police_8_2 packet stats, total: 0, callback_->AudioFrameReceived: pcmPackets: 0, pcmTotalPackets: 0, aacPackets: 0, yuvF2Packets: 0, h264F2Packets: 0, errPackets: 0, otherPackets: 0
AgoraCoreService[31272]: (31272) /var/lib/jenkins/workspace/agora-release-linux-2/ServerSDK-Video/src/video_recorder/event_handler.cpp:1341: level 1: INFO    (14:36:32:939 |    0)  31289; Audio statistics - play count: playout count = 600  signal level: far_in = 0
AgoraCoreService[31272]: (31272) /var/lib/jenkins/workspace/agora-release-linux-2/ServerSDK-Video/src/video_recorder/event_handler.cpp:1341: level 1: INFO    (14:36:36:745 |    0)  31287; [rs] **report stats: seq: 84, report list size 22, tx/rx: 19900/4032, cache size: 0, report success rate: 100
recorder_local[31271]: (31271) /var/lib/jenkins/workspace/agora-release-linux-2/ServerSDK-Video/src/rec_engine/RecordingEngineImpl.cpp:502: [Wrapper] channel id: police_8_2 packet stats, total: 0, callback_->AudioFrameReceived: pcmPackets: 0, pcmTotalPackets: 0, aacPackets: 0, yuvF2Packets: 0, h264F2Packets: 0, errPackets: 0, otherPackets: 0
AgoraCoreService[31272]: (31272) /var/lib/jenkins/workspace/agora-release-linux-2/ServerSDK-Video/src/video_recorder/event_handler.cpp:907: [ARS/15s]event cnts:0, audio pkts:0, mix audio pkts:0, yuv video pkts:0, h264 video pkts:0
AgoraCoreService[31272]: (31272) /var/lib/jenkins/workspace/agora-release-linux-2/ServerSDK-Video/src/video_recorder/event_handler.cpp:1341: level 1: INFO    (14:36:36:972 |  227)  31272; [ARS/15s]event cnts:0, audio pkts:0, mix audio pkts:0, yuv video pkts:0, h264 video pkts:0
recorder_local[31271]: (31271) /var/lib/jenkins/workspace/agora-release-linux-2/ServerSDK-Video/src/rec_engine/RecordingEngineImpl.cpp:502: [Wrapper] channel id: police_8_2 packet stats, total: 0, callback_->AudioFrameReceived: pcmPackets: 0, pcmTotalPackets: 0, aacPackets: 0, yuvF2Packets: 0, h264F2Packets: 0, errPackets: 0, otherPackets: 0
AgoraCoreService[31272]: (31272) /var/lib/jenkins/workspace/agora-release-linux-2/ServerSDK-Video/src/video_recorder/event_handler.cpp:1341: level 1: INFO    (14:36:50:939 |    0)  31289; Audio statistics - play count: playout count = 600  signal level: far_in = 0
AgoraCoreService[31272]: (31272) /var/lib/jenkins/workspace/agora-release-linux-2/ServerSDK-Video/src/video_recorder/event_handler.cpp:907: [ARS/15s]event cnts:0, audio pkts:0, mix audio pkts:0, yuv video pkts:0, h264 video pkts:0
AgoraCoreService[31272]: (31272) /var/lib/jenkins/workspace/agora-release-linux-2/ServerSDK-Video/src/video_recorder/event_handler.cpp:1341: level 1: INFO    (14:36:51:986 |   47)  31272; [ARS/15s]event cnts:0, audio pkts:0, mix audio pkts:0, yuv video pkts:0, h264 video pkts:0
AgoraCoreService[31272]: (31272) /var/lib/jenkins/workspace/agora-release-linux-2/ServerSDK-Video/src/video_recorder/event_handler.cpp:1341: level 1: INFO    (14:36:52:745 |    0)  31287; **CALL STATS: duraton 4m13s cpu app/total 1.44/23.55 battery 255 tx/rx: 2/1 kbps 54.976K/31.264K bytes
recorder_local[31271]: (31271) /var/lib/jenkins/workspace/agora-release-linux-2/ServerSDK-Video/src/rec_engine/RecordingEngineImpl.cpp:502: [Wrapper] channel id: police_8_2 packet stats, total: 0, callback_->AudioFrameReceived: pcmPackets: 0, pcmTotalPackets: 0, aacPackets: 0, yuvF2Packets: 0, h264F2Packets: 0, errPackets: 0, otherPackets: 0
AgoraCoreService[31272]: (31272) /var/lib/jenkins/workspace/agora-release-linux-2/ServerSDK-Video/src/video_recorder/event_handler.cpp:1341: level 1: INFO    (14:37: 6:746 |    1)  31287; [rs] **report stats: seq: 93, report list size 22, tx/rx: 21964/4464, cache size: 0, report success rate: 100
recorder_local[31271]: (31271) /var/lib/jenkins/workspace/agora-release-linux-2/ServerSDK-Video/src/rec_engine/RecordingEngineImpl.cpp:502: [Wrapper] channel id: police_8_2 packet stats, total: 0, callback_->AudioFrameReceived: pcmPackets: 0, pcmTotalPackets: 0, aacPackets: 0, yuvF2Packets: 0, h264F2Packets: 0, errPackets: 0, otherPackets: 0
AgoraCoreService[31272]: (31272) /var/lib/jenkins/workspace/agora-release-linux-2/ServerSDK-Video/src/video_recorder/event_handler.cpp:907: [ARS/15s]event cnts:0, audio pkts:0, mix audio pkts:0, yuv video pkts:0, h264 video pkts:0
AgoraCoreService[31272]: (31272) /var/lib/jenkins/workspace/agora-release-linux-2/ServerSDK-Video/src/video_recorder/event_handler.cpp:1341: level 1: INFO    (14:37: 7:  0 |    0)  31272; [ARS/15s]event cnts:0, audio pkts:0, mix audio pkts:0, yuv video pkts:0, h264 video pkts:0
AgoraCoreService[31272]: (31272) /var/lib/jenkins/workspace/agora-release-linux-2/ServerSDK-Video/src/video_recorder/event_handler.cpp:1341: level 1: INFO    (14:37: 8:939 |    0)  31289; Audio statistics - play count: playout count = 600  signal level: far_in = 0
recorder_local[31271]: (31271) /var/lib/jenkins/workspace/agora-release-linux-2/ServerSDK-Video/src/rec_engine/RecordingEngineImpl.cpp:502: [Wrapper] channel id: police_8_2 packet stats, total: 0, callback_->AudioFrameReceived: pcmPackets: 0, pcmTotalPackets: 0, aacPackets: 0, yuvF2Packets: 0, h264F2Packets: 0, errPackets: 0, otherPackets: 0
AgoraCoreService[31272]: (31272) /var/lib/jenkins/workspace/agora-release-linux-2/ServerSDK-Video/src/video_recorder/event_handler.cpp:907: [ARS/15s]event cnts:0, audio pkts:0, mix audio pkts:0, yuv video pkts:0, h264 video pkts:0
AgoraCoreService[31272]: (31272) /var/lib/jenkins/workspace/agora-release-linux-2/ServerSDK-Video/src/video_recorder/event_handler.cpp:1341: level 1: INFO    (14:37:22: 14 |    0)  31272; [ARS/15s]event cnts:0, audio pkts:0, mix audio pkts:0, yuv video pkts:0, h264 video pkts:0
AgoraCoreService[31272]: (31272) /var/lib/jenkins/workspace/agora-release-linux-2/ServerSDK-Video/src/video_recorder/event_handler.cpp:1341: level 1: INFO    (14:37:24:746 |  732)  31287; **CALL STATS: duraton 4m45s cpu app/total 1.40/13.96 battery 255 tx/rx: 2/1 kbps 61.349K/35.2K bytes
AgoraCoreService[31272]: (31272) /var/lib/jenkins/workspace/agora-release-linux-2/ServerSDK-Video/src/video_recorder/event_handler.cpp:1341: level 1: INFO    (14:37:26:939 |  193)  31289; Audio statistics - play count: playout count = 600  signal level: far_in = 0
recorder_local[31271]: (31271) /var/lib/jenkins/workspace/agora-release-linux-2/ServerSDK-Video/src/rec_engine/RecordingEngineImpl.cpp:502: [Wrapper] channel id: police_8_2 packet stats, total: 0, callback_->AudioFrameReceived: pcmPackets: 0, pcmTotalPackets: 0, aacPackets: 0, yuvF2Packets: 0, h264F2Packets: 0, errPackets: 0, otherPackets: 0
recorder_local[31271]: (31271) /var/lib/jenkins/workspace/agora-release-linux-2/ServerSDK-Video/src/rec_engine/RecordingEngineImpl.cpp:502: [Wrapper] channel id: police_8_2 packet stats, total: 0, callback_->AudioFrameReceived: pcmPackets: 0, pcmTotalPackets: 0, aacPackets: 0, yuvF2Packets: 0, h264F2Packets: 0, errPackets: 0, otherPackets: 0
AgoraCoreService[31272]: (31272) /var/lib/jenkins/workspace/agora-release-linux-2/ServerSDK-Video/src/video_recorder/event_handler.cpp:907: [ARS/15s]event cnts:0, audio pkts:0, mix audio pkts:0, yuv video pkts:0, h264 video pkts:0
AgoraCoreService[31272]: (31272) /var/lib/jenkins/workspace/agora-release-linux-2/ServerSDK-Video/src/video_recorder/event_handler.cpp:1341: level 1: INFO    (14:37:37: 28 |    0)  31272; [ARS/15s]event cnts:0, audio pkts:0, mix audio pkts:0, yuv video pkts:0, h264 video pkts:0
AgoraCoreService[31272]: (31272) /var/lib/jenkins/workspace/agora-release-linux-2/ServerSDK-Video/src/video_recorder/event_handler.cpp:1334: No users in channel for 300 seconds, aborting, leave_code:4.
AgoraCoreService[31272]: (31272) /var/lib/jenkins/workspace/agora-release-linux-2/ServerSDK-Video/src/video_recorder/event_handler.cpp:1341: level 2: WARN    (14:37:38:746 |  718)  31288; No users in channel for 300 seconds, aborting, leave_code:4.
AgoraCoreService[31272]: (31272) /var/lib/jenkins/workspace/agora-release-linux-2/ServerSDK-Video/src/video_recorder/event_handler.cpp:888: ARS push leave pkt to queue inform wrapper
AgoraCoreService[31272]: (31272) /var/lib/jenkins/workspace/agora-release-linux-2/ServerSDK-Video/src/video_recorder/event_handler.cpp:1341: level 1: INFO    (14:37:39: 30 |    0)  31272; ARS push leave pkt to queue inform wrapper
AgoraCoreService[31272]: (31272) /var/lib/jenkins/workspace/agora-release-linux-2/ServerSDK-Video/src/video_recorder/event_handler.cpp:858: Before cleanup cnt 0, errno 2 4, joined_ 1, term_sig 1, leave path code 12
AgoraCoreService[31272]: (31272) /var/lib/jenkins/workspace/agora-release-linux-2/ServerSDK-Video/src/video_recorder/event_handler.cpp:1341: level 2: WARN    (14:37:39:530 |  500)  31272; Before cleanup cnt 0, errno 2 4, joined_ 1, term_sig 1, leave path code 12
AgoraCoreService[31272]: (31272) /var/lib/jenkins/workspace/agora-release-linux-2/ServerSDK-Video/src/video_recorder/event_handler.cpp:582: Leaving channel and ready to cleanup
AgoraCoreService[31272]: (31272) /var/lib/jenkins/workspace/agora-release-linux-2/ServerSDK-Video/src/video_recorder/event_handler.cpp:1341: level 1: INFO    (14:37:39:530 |    0)  31272; Leaving channel and ready to cleanup
AgoraCoreService[31272]: (31272) /var/lib/jenkins/workspace/agora-release-linux-2/ServerSDK-Video/src/video_recorder/event_handler.cpp:1341: level 1: INFO    (14:37:39:530 |    0)  31272; API call to leave channel
AgoraCoreService[31272]: (31272) /var/lib/jenkins/workspace/agora-release-linux-2/ServerSDK-Video/src/video_recorder/event_handler.cpp:1341: level 1: INFO    (14:37:39:531 |    1)  31287; [cm] emit leave channel signal
AgoraCoreService[31272]: (31272) /var/lib/jenkins/workspace/agora-release-linux-2/ServerSDK-Video/src/video_recorder/event_handler.cpp:1334: No users in channel for 300 seconds, aborting, leave_code:12.
AgoraCoreService[31272]: (31272) /var/lib/jenkins/workspace/agora-release-linux-2/ServerSDK-Video/src/video_recorder/event_handler.cpp:1341: level 2: WARN    (14:37:39:531 |    0)  31288; No users in channel for 300 seconds, aborting, leave_code:12.
AgoraCoreService[31272]: (31272) /var/lib/jenkins/workspace/agora-release-linux-2/ServerSDK-Video/src/video_recorder/event_handler.cpp:1341: level 1: INFO    (14:37:39:531 |    0)  31287; **CALL STATS: duration 5m2s, tx 64.823K bytes, rx 37.6K bytes, total 101.829K bytes
AgoraCoreService[31272]: (31272) /var/lib/jenkins/workspace/agora-release-linux-2/ServerSDK-Video/src/video_recorder/event_handler.cpp:1341: level 1: INFO    (14:37:39:531 |    0)  31287; stopLocalRender
AgoraCoreService[31272]: (31272) /var/lib/jenkins/workspace/agora-release-linux-2/ServerSDK-Video/src/video_recorder/event_handler.cpp:1341: level 1: INFO    (14:37:39:531 |    0)  31287; stopLocalRender success
AgoraCoreService[31272]: (31272) /var/lib/jenkins/workspace/agora-release-linux-2/ServerSDK-Video/src/video_recorder/event_handler.cpp:1341: level 1: INFO    (14:37:39:531 |    0)  31287; AgoraVideoInput::Stop
AgoraCoreService[31272]: (31272) /var/lib/jenkins/workspace/agora-release-linux-2/ServerSDK-Video/src/video_recorder/event_handler.cpp:1341: level 1: INFO    (14:37:39:531 |    0)  31296; Thread with name:WebRtc_event_timer_thread stopped
AgoraCoreService[31272]: (31272) /var/lib/jenkins/workspace/agora-release-linux-2/ServerSDK-Video/src/video_recorder/event_handler.cpp:1341: level 1: INFO    (14:37:39:531 |    0)  31287; AgoraVideoInput::Destroy
AgoraCoreService[31272]: (31272) /var/lib/jenkins/workspace/agora-release-linux-2/ServerSDK-Video/src/video_recorder/event_handler.cpp:1341: level 1: INFO    (14:37:39:532 |    1)  31295; Thread with name:ExternalCaptureThread stopped
AgoraCoreService[31272]: (31272) /var/lib/jenkins/workspace/agora-release-linux-2/ServerSDK-Video/src/video_recorder/event_handler.cpp:1341: level 1: INFO    (14:37:39:586 |   54)  31294; Thread with name:AgoraInputThread stopped
AgoraCoreService[31272]: (31272) /var/lib/jenkins/workspace/agora-release-linux-2/ServerSDK-Video/src/video_recorder/event_handler.cpp:1341: level 1: INFO    (14:37:39:592 |    6)  31287; stopCapture: stopCapture success
AgoraCoreService[31272]: (31272) /var/lib/jenkins/workspace/agora-release-linux-2/ServerSDK-Video/src/video_recorder/event_handler.cpp:1341: level 1: INFO    (14:37:39:592 |    0)  31287; stopRemoteRender
AgoraCoreService[31272]: (31272) /var/lib/jenkins/workspace/agora-release-linux-2/ServerSDK-Video/src/video_recorder/event_handler.cpp:1341: level 1: INFO    (14:37:39:592 |    0)  31287; [che] stopCall begins
AgoraCoreService[31272]: (31272) /var/lib/jenkins/workspace/agora-release-linux-2/ServerSDK-Video/src/video_recorder/event_handler.cpp:1341: level 1: INFO    (14:37:39:592 |    0)  31287; StopRecording complete
AgoraCoreService[31272]: (31272) /var/lib/jenkins/workspace/agora-release-linux-2/ServerSDK-Video/src/video_recorder/event_handler.cpp:1341: level 1: INFO    (14:37:39:593 |    1)  31287; StopPlayout complete
AgoraCoreService[31272]: (31272) /var/lib/jenkins/workspace/agora-release-linux-2/ServerSDK-Video/src/video_recorder/event_handler.cpp:1341: level 1: INFO    (14:37:39:593 |    0)  31287; [che] stop call returns 0, elapsed 0
AgoraCoreService[31272]: (31272) /var/lib/jenkins/workspace/agora-release-linux-2/ServerSDK-Video/src/video_recorder/event_handler.cpp:1341: level 1: INFO    (14:37:39:593 |    0)  31287; [rs] **report stats: seq: 106, report list size 25, tx/rx: 24713/4944, cache size: 0, report success rate: 100
AgoraCoreService[31272]: (31272) /var/lib/jenkins/workspace/agora-release-linux-2/ServerSDK-Video/src/video_recorder/event_handler.cpp:1341: level 1: INFO    (14:37:39:593 |    0)  31287; CacheManager: save cache to storage elapsed 1
AgoraCoreService[31272]: (31272) /var/lib/jenkins/workspace/agora-release-linux-2/ServerSDK-Video/src/video_recorder/event_handler.cpp:1341: level 1: INFO    (14:37:39:593 |    0)  31287; [ch0] vos destroyed
AgoraCoreService[31272]: (31272) /var/lib/jenkins/workspace/agora-release-linux-2/ServerSDK-Video/src/video_recorder/event_handler.cpp:1341: level 1: INFO    (14:37:39:593 |    0)  31287; delRef of media engine, ref=0
AgoraCoreService[31272]: (31272) /var/lib/jenkins/workspace/agora-release-linux-2/ServerSDK-Video/src/video_recorder/event_handler.cpp:1341: level 1: INFO    (14:37:39:593 |    0)  31287; [che] chat engine destroying
AgoraCoreService[31272]: (31272) /var/lib/jenkins/workspace/agora-release-linux-2/ServerSDK-Video/src/video_recorder/event_handler.cpp:1341: level 1: INFO    (14:37:39:594 |    1)  31287; stopLocalRender
AgoraCoreService[31272]: (31272) /var/lib/jenkins/workspace/agora-release-linux-2/ServerSDK-Video/src/video_recorder/event_handler.cpp:1341: level 1: INFO    (14:37:39:594 |    0)  31287; stopLocalRender success
AgoraCoreService[31272]: (31272) /var/lib/jenkins/workspace/agora-release-linux-2/ServerSDK-Video/src/video_recorder/event_handler.cpp:1341: level 2: WARN    (14:37:39:594 |    0)  31287; stopCapture: VideoEngine haven't startCapture
AgoraCoreService[31272]: (31272) /var/lib/jenkins/workspace/agora-release-linux-2/ServerSDK-Video/src/video_recorder/event_handler.cpp:1341: level 1: INFO    (14:37:39:594 |    0)  31287; stopRemoteRender
AgoraCoreService[31272]: (31272) /var/lib/jenkins/workspace/agora-release-linux-2/ServerSDK-Video/src/video_recorder/event_handler.cpp:1341: level 1: INFO    (14:37:39:594 |    0)  31287; [che] stopCall begins
AgoraCoreService[31272]: (31272) /var/lib/jenkins/workspace/agora-release-linux-2/ServerSDK-Video/src/video_recorder/event_handler.cpp:1341: level 1: INFO    (14:37:39:594 |    0)  31287; [che] stop call returns -1, elapsed 0
AgoraCoreService[31272]: (31272) /var/lib/jenkins/workspace/agora-release-linux-2/ServerSDK-Video/src/video_recorder/event_handler.cpp:1341: level 1: INFO    (14:37:39:594 |    0)  31287; stopLocalRender
AgoraCoreService[31272]: (31272) /var/lib/jenkins/workspace/agora-release-linux-2/ServerSDK-Video/src/video_recorder/event_handler.cpp:1341: level 1: INFO    (14:37:39:594 |    0)  31287; stopLocalRender success
AgoraCoreService[31272]: (31272) /var/lib/jenkins/workspace/agora-release-linux-2/ServerSDK-Video/src/video_recorder/event_handler.cpp:1341: level 1: INFO    (14:37:39:594 |    0)  31287; stopRemoteRender
AgoraCoreService[31272]: (31272) /var/lib/jenkins/workspace/agora-release-linux-2/ServerSDK-Video/src/video_recorder/event_handler.cpp:1341: level 2: WARN    (14:37:39:594 |    0)  31287; stopCapture: VideoEngine haven't startCapture
AgoraCoreService[31272]: (31272) /var/lib/jenkins/workspace/agora-release-linux-2/ServerSDK-Video/src/video_recorder/event_handler.cpp:1341: level 1: INFO    (14:37:39:594 |    0)  31293; Thread with name:VideoProcessThread stopped
AgoraCoreService[31272]: (31272) /var/lib/jenkins/workspace/agora-release-linux-2/ServerSDK-Video/src/video_recorder/event_handler.cpp:1341: level 2: WARN    (14:37:39:594 |    0)  31287; terminate: VideoEngine haven't init
AgoraCoreService[31272]: (31272) /var/lib/jenkins/workspace/agora-release-linux-2/ServerSDK-Video/src/video_recorder/event_handler.cpp:1341: level 1: INFO    (14:37:39:594 |    0)  31287; [DEBUGG] ViERenderManager Destructor, engine_id: 0
AgoraCoreService[31272]: (31272) /var/lib/jenkins/workspace/agora-release-linux-2/ServerSDK-Video/src/video_recorder/event_handler.cpp:1341: level 1: INFO    (14:37:39:598 |    4)  31292; Thread with name:VideoEncodeThread stopped
AgoraCoreService[31272]: (31272) /var/lib/jenkins/workspace/agora-release-linux-2/ServerSDK-Video/src/video_recorder/event_handler.cpp:1341: level 1: INFO    (14:37:39:605 |    7)  31287; VideoSendTrackImpl::UpdateCapturer capturer=(nil)
AgoraCoreService[31272]: (31272) /var/lib/jenkins/workspace/agora-release-linux-2/ServerSDK-Video/src/video_recorder/event_handler.cpp:1341: level 1: INFO    (14:37:39:605 |    0)  31287; VideoSendTrackImpl::UpdateRenderer, renderer=(nil)
AgoraCoreService[31272]: (31272) /var/lib/jenkins/workspace/agora-release-linux-2/ServerSDK-Video/src/video_recorder/event_handler.cpp:1341: level 1: INFO    (14:37:39:605 |    0)  31291; Thread with name:EngineMonitorThread stopped
AgoraCoreService[31272]: (31272) /var/lib/jenkins/workspace/agora-release-linux-2/ServerSDK-Video/src/video_recorder/event_handler.cpp:1341: level 1: INFO    (14:37:39:605 |    0)  31289; Thread with name:external_audio_module_thread stopped
AgoraCoreService[31272]: (31272) /var/lib/jenkins/workspace/agora-release-linux-2/ServerSDK-Video/src/video_recorder/event_handler.cpp:1341: level 1: INFO    (14:37:39:605 |    0)  31290; Thread with name:WebRtc_event_timer_thread stopped
AgoraCoreService[31272]: (31272) /var/lib/jenkins/workspace/agora-release-linux-2/ServerSDK-Video/src/video_recorder/event_handler.cpp:1341: level 1: INFO    (14:37:39:606 |    1)  31287; [che] chat engine destroyed
AgoraCoreService[31272]: (31272) /var/lib/jenkins/workspace/agora-release-linux-2/ServerSDK-Video/src/video_recorder/event_handler.cpp:1341: level 1: INFO    (14:37:39:606 |    0)  31287; ***CALL END
AgoraCoreService[31272]: (31272) /var/lib/jenkins/workspace/agora-release-linux-2/ServerSDK-Video/src/video_recorder/event_handler.cpp:1341: level 1: INFO    (14:37:39:606 |    0)  31287; onAudioStatusChanged enable audio
AgoraCoreService[31272]: (31272) /var/lib/jenkins/workspace/agora-release-linux-2/ServerSDK-Video/src/video_recorder/event_handler.cpp:1341: level 1: INFO    (14:37:39:606 |    0)  31287; [MIO] media io controller destroyed
AgoraCoreService[31272]: (31272) /var/lib/jenkins/workspace/agora-release-linux-2/ServerSDK-Video/src/video_recorder/event_handler.cpp:1341: level 1: INFO    (14:37:39:606 |    0)  31272; async task notify worker thread to exit and return
AgoraCoreService[31272]: (31272) /var/lib/jenkins/workspace/agora-release-linux-2/ServerSDK-Video/src/video_recorder/event_handler.cpp:561: event handler delete timer
recorder_local[31271]: (31271) /var/lib/jenkins/workspace/agora-release-linux-2/ServerSDK-Video/src/base/event_loop.cpp:228: Error fd:4, 16
recorder_local[31271]: (31271) /var/lib/jenkins/workspace/agora-release-linux-2/ServerSDK-Video/src/base/pipe_router.cpp:81: Broken reading pipe! event:16 with error3
recorder_local[31271]: (31271) /var/lib/jenkins/workspace/agora-release-linux-2/ServerSDK-Video/src/rec_engine/RecordingEngineImpl.cpp:542: API call to leave channel
recorder_local[31271]: (31271) /var/lib/jenkins/workspace/agora-release-linux-2/ServerSDK-Video/src/rec_engine/RecordingEngineImpl.cpp:64: Recorder 106a790 is ready to be release
recorder_local[31271]: (31271) /var/lib/jenkins/workspace/agora-release-linux-2/ServerSDK-Video/src/rec_engine/RecordingEngineImpl.cpp:87: Recording wrapper delete timer
