Local Date: Fri Mar 30 15:42:10 2018
Build info: Feb  1 2018 02:13:47 ?

INFO    (15:42:10:509 |    1)   2350; [rp] {"rtc.video.mute_me":true,"che.video.local.send":false}
INFO    (15:42:10:509 |    0)   2350; [rp] {"rtc.audio.mute_me":true,"che.audio.mute_me":true}
INFO    (15:42:10:509 |    0)   2350; [rp] {"rtc.video.set_remote_default_video_stream_type":0}
INFO    (15:42:10:509 |    0)   2350; API call to SetRemoteDefaultVideoStreamType: 0
INFO    (15:42:10:509 |    0)   2350; [rp] {"che.video.local.camera_index":1024}
INFO    (15:42:10:509 |    0)   2350; [rp] {"rtc.video.enabled":true}
INFO    (15:42:10:509 |    0)   2350; API call to enable video
INFO    (15:42:10:509 |    0)   2350; ***CALL BEGIN: appid:'c7****************************1c' cname:'police_12_3' info:'' sid:'A645900CD4FE4F3FA220073639DF58B5'
INFO    (15:42:10:509 |    0)   2350; addRef of media engine, ref=1
INFO    (15:42:10:509 |    0)   2350; [che] create chat engine, ctx:(nil)
INFO    (15:42:10:510 |    1)   2350; [MYDEBUG] large group call false
INFO    (15:42:10:510 |    0)   2350; ChatEngineParameterHelper::applyMediaEngineMode: 
INFO    (15:42:10:510 |    0)   2350; applyMediaEngineMode(): Hardware encoding false Hardware decoding false
INFO    (15:42:10:511 |    1)   2352; Thread with name:external_audio_module_thread started 
INFO    (15:42:10:511 |    0)   2353; Thread with name:WebRtc_event_timer_thread started 
INFO    (15:42:10:511 |    0)   2350; StereoPlayoutIsAvailable(), output: available=0
INFO    (15:42:10:512 |    1)   2350; StereoRecordingIsAvailable(), output: available=0
INFO    (15:42:10:512 |    0)   2354; Thread with name:EngineMonitorThread started 
INFO    (15:42:10:512 |    0)   2350; setMuteStatus, muted: On
INFO    (15:42:10:512 |    0)   2350; setMuteOutput, muted: false
WARN    (15:42:10:512 |    0)   2350; setMicSensitivity failed, legal values are between [0, 10]
INFO    (15:42:10:512 |    0)   2350; Audio Engine Init success
INFO    (15:42:10:512 |    0)   2350; Available number of cores:1
INFO    (15:42:10:513 |    1)   2350; CreateVideoSendTrack
INFO    (15:42:10:513 |    0)   2350; init: feature prerotation disabled
INFO    (15:42:10:513 |    0)   2350; Agora Engine video codec set to custom mode role mode 0
INFO    (15:42:10:513 |    0)   2350; Agora Engine video codec index 1
INFO    (15:42:10:513 |    0)   2350; Agora Engine video stream type = 0
INFO    (15:42:10:513 |    0)   2355; Thread with name:VideoEncodeThread started 
INFO    (15:42:10:513 |    0)   2350; EncoderWrapper::Create hardware_ = 0, hardware_low_ = 0
INFO    (15:42:10:514 |    1)   2356; Thread with name:VideoProcessThread started 
INFO    (15:42:10:514 |    0)   2350; setCodec: index=1 width=640 height=360 framerate=15
INFO    (15:42:10:514 |    0)   2350; h264WebInteropEnable: enable 0
INFO    (15:42:10:514 |    0)   2350; setCaptureDevice: index=1024
INFO    (15:42:10:514 |    0)   2350; setMaxVideoBitrate: max bitrate=0
INFO    (15:42:10:514 |    0)   2350; more fec enable 0 curr fec method 0
INFO    (15:42:10:514 |    0)   2350; video fec method 0
ERROR   (15:42:10:514 |    0)   2350; videoEngine created and initialize here
INFO    (15:42:10:514 |    0)   2350; CreateVideoSendTrack
INFO    (15:42:10:514 |    0)   2350; [MIO] updateCapturer: ((nil)), type:(1)
INFO    (15:42:10:514 |    0)   2350; CreateAgoraDefaultCapture: type=0
INFO    (15:42:10:515 |    1)   2350; CreateVideoCapturer: interface=0x7f2e4c172af0
INFO    (15:42:10:515 |    0)   2350; VideoSendTrackImpl::UpdateCapturer capturer=0x7f2e4c1d4c10
INFO    (15:42:10:515 |    0)   2350; [MIO] updateLocalRender: ((nil)), type:(1)
INFO    (15:42:10:515 |    0)   2350; CreateAgoraDefaultRender
INFO    (15:42:10:515 |    0)   2350; CreateVideoRenderer: interface=0x7f2e4c1d5090
INFO    (15:42:10:515 |    0)   2350; VideoSendTrackImpl::UpdateRenderer, renderer=0x7f2e4c1d50d0
INFO    (15:42:10:515 |    0)   2350; [MIO] video send track prepared !!
INFO    (15:42:10:515 |    0)   2350; [che] applyVideoProfile: 640x360 15 fps 500 kbps
INFO    (15:42:10:515 |    0)   2350; validateVideoParameters: validate video parameters resolution 640x360, fps 15, rate 500000
INFO    (15:42:10:515 |    0)   2350; setMaxVideoBitrate: max bitrate=500000
INFO    (15:42:10:515 |    0)   2350; setCodecRates: set frame rate to 15
INFO    (15:42:10:515 |    0)   2350; setCodec: index=1 width=640 height=360 framerate=15
INFO    (15:42:10:515 |    0)   2350; setCodecResolution: set to 640 x 360
INFO    (15:42:10:516 |    1)   2350; [che] chat engine initialized
INFO    (15:42:10:516 |    0)   2350; [vocs] vocs initialized
INFO    (15:42:10:516 |    0)   2350; [rs] report server ip: 223.111.12.227:8000
INFO    (15:42:10:516 |    0)   2350; [rlbs] selected: 221.228.78.123:9700
INFO    (15:42:10:517 |    1)   2350; [rlbs] request rs list from 221.228.78.123:9700.......
INFO    (15:42:10:517 |    0)   2350; CacheManager: save cache to storage elapsed 0
INFO    (15:42:10:517 |    0)   2350; [cm] emit join channel signal, size=2
INFO    (15:42:10:518 |    1)   2350; CacheManager: save cache to storage elapsed 0
INFO    (15:42:10:518 |    0)   2350; [vocs] lookup channel...
INFO    (15:42:10:518 |    0)   2350; [vocs] selected: 221.228.202.134:8000
INFO    (15:42:10:518 |    0)   2350; connecting to 221.228.202.134:8000 handle 4c20fdc0, 28
INFO    (15:42:10:518 |    0)   2350; [vocs] creating channel with 221.228.202.134:8000, ts 1522424530518.......
INFO    (15:42:10:518 |    0)   2350; [vocs] selected: 183.236.26.162:8000
INFO    (15:42:10:518 |    0)   2350; [vocs] creating channel with 183.236.26.162:8000, ts 1522424530518.......
INFO    (15:42:10:518 |    0)   2350; [vocs] selected: 69.28.51.138:8000
INFO    (15:42:10:518 |    0)   2350; [vocs] creating channel with 69.28.51.138:8000, ts 1522424530518.......
INFO    (15:42:10:518 |    0)   2350; [rp] {"che.audio.audioSampleRate":48000}
INFO    (15:42:10:519 |    1)   2350; [dns] parsed ip 199.190.44.35
INFO    (15:42:10:519 |    0)   2350; [dns] parsed ip 199.190.44.36
INFO    (15:42:10:519 |    0)   2350; [rs] dns parse result code: 0, servers size: 1
INFO    (15:42:10:519 |    0)   2350; [rs] dns parse and selected server: 223.111.12.227
INFO    (15:42:10:519 |    0)   2350; [dns] parsed ip 69.28.51.138
INFO    (15:42:10:519 |    0)   2350; [dns] parsed ip 119.9.92.49
INFO    (15:42:10:519 |    0)   2350; [dns] parsed ip 128.1.87.146
INFO    (15:42:10:679 |  160)   2350; [vocs/u] **responsed from 69.28.51.138:8000, 3 vos, elapsed 173, server ts 1522424530124, wan ip 139.59.134.76
INFO    (15:42:10:681 |    2)   2350; [vos] added server: 23.236.96.141:4005
INFO    (15:42:10:681 |    0)   2350; [vos] added server: 128.1.77.35:4004
INFO    (15:42:10:681 |    0)   2350; [vos] added server: 128.1.78.93:4001
INFO    (15:42:10:681 |    0)   2350; [ch0] vos initialized
INFO    (15:42:10:681 |    0)   2350; [vos] selected: 128.1.78.93:4001
ERROR   (15:42:10:681 |    0)   2350; [ch0] login strategy=2
INFO    (15:42:10:681 |    0)   2350; [ds]: ver 1 ds '{"streamType":5}'
INFO    (15:42:10:681 |    0)   2350; [ch0] Login VOS (proto:10, cid:854396968, uid:2012396594, ts:1522424530681, ticket size:84 ds:1 stream:+A+VH) 2: 128.1.78.93:4001
INFO    (15:42:10:682 |    1)   2350; add ping address 139.59.134.76
INFO    (15:42:10:682 |    0)   2350; PING 139.59.134.76:0 16(44) bytes of data
INFO    (15:42:10:690 |    8)   2350; [ch0] **VOS response to login request (res 0 elapsed 183, server ts 1522424530209, s-c:-481) from 128.1.78.93:4001, and current dest server 128.1.78.93:4001
INFO    (15:42:10:690 |    0)   2350; updateActiveVosList: ["128.1.78.93:4001"]
INFO    (15:42:10:690 |    0)   2350; [che] start call begins
INFO    (15:42:10:690 |    0)   2350; Set Application Mode in RTC Engine to No. 0
ERROR   (15:42:10:690 |    0)   2350; GetCodec() invalid index (error=8004)
INFO    (15:42:10:690 |    0)   2350; SetCodec by type : No. 85
INFO    (15:42:10:692 |    2)   2350; StartPlayout complete
INFO    (15:42:10:692 |    0)   2350; output: kDummyAudio
INFO    (15:42:10:701 |    9)   2350; StartRecording complete
ERROR   (15:42:10:702 |    1)   2350; SetAgcConfig() failed to set the range in |gain| the digital compression stage may apply (error=8097)
INFO    (15:42:10:702 |    0)   2350; SetHowlingControl enable = 0
INFO    (15:42:10:702 |    0)   2350; Application Config module:  Route 0, NS on, AEC N, AGC on, BSS off, HC on
INFO    (15:42:10:702 |    0)   2350; MID = 0, Routing = 0
INFO    (15:42:10:702 |    0)   2350; [che] applyVideoProfile: 640x360 15 fps 500 kbps
INFO    (15:42:10:702 |    0)   2350; validateVideoParameters: validate video parameters resolution 640x360, fps 15, rate 500000
INFO    (15:42:10:702 |    0)   2350; setMaxVideoBitrate: max bitrate=500000
INFO    (15:42:10:702 |    0)   2350; setCodecRates: set frame rate to 15
INFO    (15:42:10:702 |    0)   2350; setCodec: index=1 width=640 height=360 framerate=15
INFO    (15:42:10:702 |    0)   2350; setCodecResolution: set to 640 x 360
INFO    (15:42:10:702 |    0)   2350; CreateVideoCapturer: interface=0x7f2e4c172c90
INFO    (15:42:10:702 |    0)   2350; VideoSendTrackImpl::UpdateCapturer capturer=0x7f2e4c21f9c0
INFO    (15:42:10:702 |    0)   2350; Create participant 0
INFO    (15:42:10:703 |    1)   2350; startCapture: device? 1024 init? 1 local enabled? 1 capturing? 0 rendering? 0
INFO    (15:42:10:703 |    0)   2350; startCapture: Receive Only Mode, capture still on. Encode will be turned off
INFO    (15:42:10:703 |    0)   2350; AgoraVideoInput::Init thread=1, type=100, device=External Device
INFO    (15:42:10:703 |    0)   2357; Thread with name:AgoraInputThread started 
INFO    (15:42:10:703 |    0)   2358; Thread with name:ExternalCaptureThread started 
INFO    (15:42:10:703 |    0)   2350; setCodec: index=1 width=640 height=360 framerate=15
INFO    (15:42:10:703 |    0)   2350; setMaxVideoBitrate: max bitrate=500000
INFO    (15:42:10:703 |    0)   2350; AgoraVideoInput::Start width=640, height=360, fps=15
INFO    (15:42:10:703 |    0)   2359; Thread with name:WebRtc_event_timer_thread started 
INFO    (15:42:10:703 |    0)   2350; startCapture: startCapture success
INFO    (15:42:10:703 |    0)   2350; RequestEncodeKeyFrame
INFO    (15:42:10:703 |    0)   2350; doStartLocalRender: init? 1 capture id -1 device 1024 capturing? 1 rendering? 0
INFO    (15:42:10:703 |    0)   2350; doStartLocalRender: Receive Only Mode, local renderer still on.
INFO    (15:42:10:703 |    0)   2350; doStartLocalRender: init? 1 capture id -1 device 1024 capturing? 1 rendering? 0
INFO    (15:42:10:704 |    1)   2350; doStartLocalRender: Receive Only Mode, local renderer still on.
INFO    (15:42:10:704 |    0)   2350; [che] start call returns 0, elapsed 13
INFO    (15:42:10:704 |    0)   2350; Setting dtx mode to 2
INFO    (15:42:10:704 |    0)   2350; setNetEQMinimumPlayoutDelay delay(100)
INFO    (15:42:10:704 |    0)   2350; join channel success: cname 'police_12_3' uid 2012396594 elapsed 197
INFO    (15:42:10:704 |    0)   2350; CacheManager: save cache to storage elapsed 0
INFO    (15:42:10:704 |    0)   2351; Channel counters: mix mode:0 , min port:-1 , max port:-1 ,decode audio:0 , decode_video:0 , is live:0 , idle:300 , is audio only:0 ,syslog facility:8 , mix mode height:360 , mix mode width:640 , mix mode fps:15 , mi 
INFO    (15:42:10:704 |    0)   2351; User 2012396594 join channel police_12_3 success, elapsed: 197 ms
INFO    (15:42:10:711 |    7)   2350; [ch0] rtt: 7
INFO    (15:42:10:770 |   59)   2357; [che] onVideoSizeChanged: uid 0 640x360 rotate 0
INFO    (15:42:12:691 |    0)   2350; notifyPeerCount: cnt 0
INFO    (15:42:15:507 |    0)   2350; [rlbs] selected: 199.190.44.35:9700
INFO    (15:42:15:508 |    1)   2350; [rlbs] request rs list from 199.190.44.35:9700.......
INFO    (15:42:15:508 |    0)   2350; [rs] **report stats: seq: 10, report list size 10, tx/rx: 2036/240, cache size: 0, report success rate: -1
INFO    (15:42:15:716 |  208)   2350; [rlbs/u] responsed from 199.190.44.35:9700 with servers 128.1.78.91:8000
INFO    (15:42:16:711 |    0)   2352; Audio statistics - play count: playout count = 200  signal level: far_in = 0
INFO    (15:42:25:521 |    0)   2335; [ARS/15s]event cnts:0, audio pkts:0, mix audio pkts:0, yuv video pkts:0, h264 video pkts:0
INFO    (15:42:30:712 |  191)   2352; Audio statistics - play count: playout count = 600  signal level: far_in = 0
INFO    (15:42:40:534 |    0)   2335; [ARS/15s]event cnts:0, audio pkts:0, mix audio pkts:0, yuv video pkts:0, h264 video pkts:0
INFO    (15:42:44:507 |    0)   2350; **CALL STATS: duraton 31s cpu app/total 1.57/8.67 battery 255 tx/rx: 1/1 kbps 9.1016K/4.935K bytes
INFO    (15:42:48:721 |  214)   2352; Audio statistics - play count: playout count = 600  signal level: far_in = 0
INFO    (15:42:50:508 |    0)   2350; [rs] **report stats: seq: 23, report list size 23, tx/rx: 5969/1104, cache size: 0, report success rate: 100
INFO    (15:42:55:548 |   40)   2335; [ARS/15s]event cnts:0, audio pkts:0, mix audio pkts:0, yuv video pkts:0, h264 video pkts:0
INFO    (15:43: 6:731 |  183)   2352; Audio statistics - play count: playout count = 600  signal level: far_in = 0
INFO    (15:43:10:561 |    0)   2335; [ARS/15s]event cnts:0, audio pkts:0, mix audio pkts:0, yuv video pkts:0, h264 video pkts:0
INFO    (15:43:16:508 |    0)   2350; **CALL STATS: duraton 1m3s cpu app/total 2.6/8.37 battery 255 tx/rx: 1/1 kbps 16.369K/8.673K bytes
INFO    (15:43:24:731 |  223)   2352; Audio statistics - play count: playout count = 600  signal level: far_in = 0
INFO    (15:43:25:508 |    0)   2350; [rs] **report stats: seq: 34, report list size 34, tx/rx: 8457/1632, cache size: 0, report success rate: 100
INFO    (15:43:25:574 |   66)   2335; [ARS/15s]event cnts:0, audio pkts:0, mix audio pkts:0, yuv video pkts:0, h264 video pkts:0
INFO    (15:43:40:588 |   14)   2335; [ARS/15s]event cnts:0, audio pkts:0, mix audio pkts:0, yuv video pkts:0, h264 video pkts:0
INFO    (15:43:42:742 |  154)   2352; Audio statistics - play count: playout count = 601  signal level: far_in = 0
INFO    (15:43:48:508 |    0)   2350; **CALL STATS: duraton 1m35s cpu app/total 1.57/5.12 battery 255 tx/rx: 1/0 kbps 22.995K/12.381K bytes
INFO    (15:43:55:603 |   95)   2335; [ARS/15s]event cnts:0, audio pkts:0, mix audio pkts:0, yuv video pkts:0, h264 video pkts:0
INFO    (15:44: 0:508 |    0)   2350; [rs] **report stats: seq: 44, report list size 21, tx/rx: 10764/2112, cache size: 0, report success rate: 100
INFO    (15:44: 0:741 |  233)   2352; Audio statistics - play count: playout count = 600  signal level: far_in = 0
INFO    (15:44:10:617 |    0)   2335; [ARS/15s]event cnts:0, audio pkts:0, mix audio pkts:0, yuv video pkts:0, h264 video pkts:0
INFO    (15:44:18:741 |  124)   2352; Audio statistics - play count: playout count = 600  signal level: far_in = 0
INFO    (15:44:20:507 |    0)   2350; **CALL STATS: duraton 2m7s cpu app/total 1.57/6.59 battery 255 tx/rx: 1/1 kbps 29.368K/16.119K bytes
INFO    (15:44:25:631 |  124)   2335; [ARS/15s]event cnts:0, audio pkts:0, mix audio pkts:0, yuv video pkts:0, h264 video pkts:0
INFO    (15:44:35:508 |    0)   2350; [rs] **report stats: seq: 55, report list size 23, tx/rx: 13272/2640, cache size: 0, report success rate: 100
INFO    (15:44:36:741 |  233)   2352; Audio statistics - play count: playout count = 600  signal level: far_in = 0
INFO    (15:44:40:645 |    0)   2335; [ARS/15s]event cnts:0, audio pkts:0, mix audio pkts:0, yuv video pkts:0, h264 video pkts:0
INFO    (15:44:50:508 |    0)   2350; **CALL STATS: duraton 2m37s cpu app/total 1.54/5.58 battery 255 tx/rx: 2/1 kbps 35.362K/19.581K bytes
INFO    (15:44:54:741 |  233)   2352; Audio statistics - play count: playout count = 600  signal level: far_in = 0
INFO    (15:44:55:658 |    0)   2335; [ARS/15s]event cnts:0, audio pkts:0, mix audio pkts:0, yuv video pkts:0, h264 video pkts:0
INFO    (15:45:10:508 |    0)   2350; [rs] **report stats: seq: 65, report list size 22, tx/rx: 15549/3120, cache size: 0, report success rate: 100
INFO    (15:45:10:673 |  165)   2335; [ARS/15s]event cnts:0, audio pkts:0, mix audio pkts:0, yuv video pkts:0, h264 video pkts:0
INFO    (15:45:12:742 |   69)   2352; Audio statistics - play count: playout count = 600  signal level: far_in = 0
INFO    (15:45:22:508 |    0)   2350; **CALL STATS: duraton 3m9s cpu app/total 1.53/4.50 battery 255 tx/rx: 1/1 kbps 41.754K/23.367K bytes
INFO    (15:45:25:688 |  180)   2335; [ARS/15s]event cnts:0, audio pkts:0, mix audio pkts:0, yuv video pkts:0, h264 video pkts:0
INFO    (15:45:30:751 |   63)   2352; Audio statistics - play count: playout count = 600  signal level: far_in = 0
INFO    (15:45:40:701 |    0)   2335; [ARS/15s]event cnts:0, audio pkts:0, mix audio pkts:0, yuv video pkts:0, h264 video pkts:0
INFO    (15:45:45:508 |    0)   2350; [rs] **report stats: seq: 76, report list size 23, tx/rx: 18062/3648, cache size: 0, report success rate: 100
INFO    (15:45:48:751 |  243)   2352; Audio statistics - play count: playout count = 600  signal level: far_in = 0
INFO    (15:45:54:507 |    0)   2350; **CALL STATS: duraton 3m41s cpu app/total 1.53/5.5 battery 255 tx/rx: 1/0 kbps 48.192K/27.27K bytes
INFO    (15:45:55:715 |  208)   2335; [ARS/15s]event cnts:0, audio pkts:0, mix audio pkts:0, yuv video pkts:0, h264 video pkts:0
INFO    (15:46: 6:751 |   36)   2352; Audio statistics - play count: playout count = 600  signal level: far_in = 0
INFO    (15:46:10:730 |    0)   2335; [ARS/15s]event cnts:0, audio pkts:0, mix audio pkts:0, yuv video pkts:0, h264 video pkts:0
INFO    (15:46:20:507 |    0)   2350; [rs] **report stats: seq: 85, report list size 21, tx/rx: 20096/4080, cache size: 0, report success rate: 100
INFO    (15:46:24:751 |  244)   2352; Audio statistics - play count: playout count = 600  signal level: far_in = 0
INFO    (15:46:25:743 |    0)   2335; [ARS/15s]event cnts:0, audio pkts:0, mix audio pkts:0, yuv video pkts:0, h264 video pkts:0
INFO    (15:46:26:508 |    0)   2350; **CALL STATS: duraton 4m13s cpu app/total 2.4/5.58 battery 255 tx/rx: 1/1 kbps 54.492K/30.789K bytes
INFO    (15:46:40:758 |  250)   2335; [ARS/15s]event cnts:0, audio pkts:0, mix audio pkts:0, yuv video pkts:0, h264 video pkts:0
INFO    (15:46:42:751 |    0)   2352; Audio statistics - play count: playout count = 600  signal level: far_in = 0
INFO    (15:46:55:507 |    0)   2350; [rs] **report stats: seq: 96, report list size 22, tx/rx: 22589/4608, cache size: 0, report success rate: 100
INFO    (15:46:55:773 |  266)   2335; [ARS/15s]event cnts:0, audio pkts:0, mix audio pkts:0, yuv video pkts:0, h264 video pkts:0
INFO    (15:46:58:507 |    0)   2350; **CALL STATS: duraton 4m45s cpu app/total 1.53/3.53 battery 255 tx/rx: 1/1 kbps 60.874K/34.527K bytes
INFO    (15:47: 0:751 |  244)   2352; Audio statistics - play count: playout count = 600  signal level: far_in = 0
INFO    (15:47:10:787 |   36)   2335; [ARS/15s]event cnts:0, audio pkts:0, mix audio pkts:0, yuv video pkts:0, h264 video pkts:0
WARN    (15:47:12:508 |    0)   2351; No users in channel for 300 seconds, aborting, leave_code:4.
INFO    (15:47:12:789 |  281)   2335; ARS push leave pkt to queue inform wrapper
WARN    (15:47:13:290 |    0)   2335; Before cleanup cnt 0, errno 2 4, joined_ 1, term_sig 1, leave path code 12
INFO    (15:47:13:290 |    0)   2335; Leaving channel and ready to cleanup
INFO    (15:47:13:290 |    0)   2335; API call to leave channel
INFO    (15:47:13:290 |    0)   2350; [cm] emit leave channel signal
WARN    (15:47:13:291 |    1)   2351; No users in channel for 300 seconds, aborting, leave_code:12.
INFO    (15:47:13:291 |    0)   2350; **CALL STATS: duration 5m2s, tx 64.319K bytes, rx 36.483K bytes, total 100.802K bytes
INFO    (15:47:13:291 |    0)   2350; stopLocalRender
INFO    (15:47:13:291 |    0)   2350; stopLocalRender success
INFO    (15:47:13:291 |    0)   2350; AgoraVideoInput::Stop
INFO    (15:47:13:291 |    0)   2359; Thread with name:WebRtc_event_timer_thread stopped
INFO    (15:47:13:291 |    0)   2350; AgoraVideoInput::Destroy
INFO    (15:47:13:291 |    0)   2358; Thread with name:ExternalCaptureThread stopped
INFO    (15:47:13:348 |   57)   2357; Thread with name:AgoraInputThread stopped
INFO    (15:47:13:352 |    4)   2350; stopCapture: stopCapture success
INFO    (15:47:13:352 |    0)   2350; stopRemoteRender
INFO    (15:47:13:352 |    0)   2350; [che] stopCall begins
INFO    (15:47:13:352 |    0)   2350; StopRecording complete
INFO    (15:47:13:352 |    0)   2350; StopPlayout complete
INFO    (15:47:13:353 |    1)   2350; [che] stop call returns 0, elapsed 0
INFO    (15:47:13:353 |    0)   2350; [rs] **report stats: seq: 104, report list size 24, tx/rx: 24210/4848, cache size: 0, report success rate: 100
INFO    (15:47:13:353 |    0)   2350; CacheManager: save cache to storage elapsed 0
INFO    (15:47:13:353 |    0)   2350; [ch0] vos destroyed
INFO    (15:47:13:353 |    0)   2350; delRef of media engine, ref=0
INFO    (15:47:13:353 |    0)   2350; [che] chat engine destroying
INFO    (15:47:13:353 |    0)   2350; stopLocalRender
INFO    (15:47:13:353 |    0)   2350; stopLocalRender success
WARN    (15:47:13:353 |    0)   2350; stopCapture: VideoEngine haven't startCapture
INFO    (15:47:13:354 |    1)   2350; stopRemoteRender
INFO    (15:47:13:354 |    0)   2350; [che] stopCall begins
INFO    (15:47:13:354 |    0)   2350; [che] stop call returns -1, elapsed 0
INFO    (15:47:13:354 |    0)   2350; stopLocalRender
INFO    (15:47:13:354 |    0)   2350; stopLocalRender success
INFO    (15:47:13:354 |    0)   2350; stopRemoteRender
WARN    (15:47:13:354 |    0)   2350; stopCapture: VideoEngine haven't startCapture
INFO    (15:47:13:354 |    0)   2356; Thread with name:VideoProcessThread stopped
WARN    (15:47:13:354 |    0)   2350; terminate: VideoEngine haven't init
INFO    (15:47:13:354 |    0)   2350; [DEBUGG] ViERenderManager Destructor, engine_id: 0
INFO    (15:47:13:355 |    1)   2355; Thread with name:VideoEncodeThread stopped
INFO    (15:47:13:365 |   10)   2350; VideoSendTrackImpl::UpdateCapturer capturer=(nil)
INFO    (15:47:13:365 |    0)   2350; VideoSendTrackImpl::UpdateRenderer, renderer=(nil)
INFO    (15:47:13:365 |    0)   2354; Thread with name:EngineMonitorThread stopped
INFO    (15:47:13:365 |    0)   2352; Thread with name:external_audio_module_thread stopped
INFO    (15:47:13:365 |    0)   2353; Thread with name:WebRtc_event_timer_thread stopped
INFO    (15:47:13:366 |    1)   2350; [che] chat engine destroyed
INFO    (15:47:13:366 |    0)   2350; ***CALL END
INFO    (15:47:13:366 |    0)   2350; onAudioStatusChanged enable audio
INFO    (15:47:13:366 |    0)   2350; [MIO] media io controller destroyed
INFO    (15:47:13:366 |    0)   2335; async task notify worker thread to exit and return
