Local Date: Fri Mar 30 15:39:03 2018
Build info: Feb  1 2018 02:13:47 ?

INFO    (15:39: 3:424 |    1)   1977; [rp] {"rtc.video.mute_me":true,"che.video.local.send":false}
INFO    (15:39: 3:424 |    0)   1977; [rp] {"rtc.audio.mute_me":true,"che.audio.mute_me":true}
INFO    (15:39: 3:424 |    0)   1977; [rp] {"rtc.video.set_remote_default_video_stream_type":0}
INFO    (15:39: 3:424 |    0)   1977; API call to SetRemoteDefaultVideoStreamType: 0
INFO    (15:39: 3:424 |    0)   1977; [rp] {"che.video.local.camera_index":1024}
INFO    (15:39: 3:424 |    0)   1977; [rp] {"rtc.video.enabled":true}
INFO    (15:39: 3:424 |    0)   1977; API call to enable video
INFO    (15:39: 3:425 |    1)   1977; ***CALL BEGIN: appid:'c7****************************1c' cname:'police_4_3' info:'' sid:'C39E31505AEE485AA2711CA4132FBD38'
INFO    (15:39: 3:425 |    0)   1977; addRef of media engine, ref=1
INFO    (15:39: 3:425 |    0)   1977; [che] create chat engine, ctx:(nil)
INFO    (15:39: 3:425 |    0)   1977; [MYDEBUG] large group call false
INFO    (15:39: 3:425 |    0)   1977; ChatEngineParameterHelper::applyMediaEngineMode: 
INFO    (15:39: 3:425 |    0)   1977; applyMediaEngineMode(): Hardware encoding false Hardware decoding false
INFO    (15:39: 3:427 |    2)   1979; Thread with name:external_audio_module_thread started 
INFO    (15:39: 3:427 |    0)   1980; Thread with name:WebRtc_event_timer_thread started 
INFO    (15:39: 3:427 |    0)   1977; StereoPlayoutIsAvailable(), output: available=0
INFO    (15:39: 3:427 |    0)   1977; StereoRecordingIsAvailable(), output: available=0
INFO    (15:39: 3:428 |    1)   1981; Thread with name:EngineMonitorThread started 
INFO    (15:39: 3:428 |    0)   1977; setMuteStatus, muted: On
INFO    (15:39: 3:428 |    0)   1977; setMuteOutput, muted: false
WARN    (15:39: 3:428 |    0)   1977; setMicSensitivity failed, legal values are between [0, 10]
INFO    (15:39: 3:428 |    0)   1977; Audio Engine Init success
INFO    (15:39: 3:429 |    1)   1977; Available number of cores:1
INFO    (15:39: 3:429 |    0)   1977; CreateVideoSendTrack
INFO    (15:39: 3:429 |    0)   1977; init: feature prerotation disabled
INFO    (15:39: 3:429 |    0)   1977; Agora Engine video codec set to custom mode role mode 0
INFO    (15:39: 3:429 |    0)   1977; Agora Engine video codec index 1
INFO    (15:39: 3:429 |    0)   1977; Agora Engine video stream type = 0
INFO    (15:39: 3:430 |    1)   1982; Thread with name:VideoEncodeThread started 
INFO    (15:39: 3:430 |    0)   1977; EncoderWrapper::Create hardware_ = 0, hardware_low_ = 0
INFO    (15:39: 3:430 |    0)   1983; Thread with name:VideoProcessThread started 
INFO    (15:39: 3:430 |    0)   1977; setCodec: index=1 width=640 height=360 framerate=15
INFO    (15:39: 3:431 |    1)   1977; h264WebInteropEnable: enable 0
INFO    (15:39: 3:431 |    0)   1977; setCaptureDevice: index=1024
INFO    (15:39: 3:431 |    0)   1977; setMaxVideoBitrate: max bitrate=0
INFO    (15:39: 3:431 |    0)   1977; more fec enable 0 curr fec method 0
INFO    (15:39: 3:431 |    0)   1977; video fec method 0
ERROR   (15:39: 3:431 |    0)   1977; videoEngine created and initialize here
INFO    (15:39: 3:431 |    0)   1977; CreateVideoSendTrack
INFO    (15:39: 3:431 |    0)   1977; [MIO] updateCapturer: ((nil)), type:(1)
INFO    (15:39: 3:431 |    0)   1977; CreateAgoraDefaultCapture: type=0
INFO    (15:39: 3:431 |    0)   1977; CreateVideoCapturer: interface=0x7f1260172af0
INFO    (15:39: 3:432 |    1)   1977; VideoSendTrackImpl::UpdateCapturer capturer=0x7f12601d4c10
INFO    (15:39: 3:432 |    0)   1977; [MIO] updateLocalRender: ((nil)), type:(1)
INFO    (15:39: 3:432 |    0)   1977; CreateAgoraDefaultRender
INFO    (15:39: 3:432 |    0)   1977; CreateVideoRenderer: interface=0x7f12601d5090
INFO    (15:39: 3:432 |    0)   1977; VideoSendTrackImpl::UpdateRenderer, renderer=0x7f12601d50d0
INFO    (15:39: 3:432 |    0)   1977; [MIO] video send track prepared !!
INFO    (15:39: 3:432 |    0)   1977; [che] applyVideoProfile: 640x360 15 fps 500 kbps
INFO    (15:39: 3:432 |    0)   1977; validateVideoParameters: validate video parameters resolution 640x360, fps 15, rate 500000
INFO    (15:39: 3:432 |    0)   1977; setMaxVideoBitrate: max bitrate=500000
INFO    (15:39: 3:432 |    0)   1977; setCodecRates: set frame rate to 15
INFO    (15:39: 3:433 |    1)   1977; setCodec: index=1 width=640 height=360 framerate=15
INFO    (15:39: 3:433 |    0)   1977; setCodecResolution: set to 640 x 360
INFO    (15:39: 3:433 |    0)   1977; [che] chat engine initialized
INFO    (15:39: 3:433 |    0)   1977; [vocs] vocs initialized
INFO    (15:39: 3:434 |    1)   1977; [rs] report server ip: 221.6.115.123:8000
INFO    (15:39: 3:434 |    0)   1977; [rlbs] selected: 221.228.78.123:9700
INFO    (15:39: 3:434 |    0)   1977; [rlbs] request rs list from 221.228.78.123:9700.......
INFO    (15:39: 3:435 |    1)   1977; CacheManager: save cache to storage elapsed 0
INFO    (15:39: 3:435 |    0)   1977; [cm] emit join channel signal, size=2
INFO    (15:39: 3:435 |    0)   1977; CacheManager: save cache to storage elapsed 0
INFO    (15:39: 3:435 |    0)   1977; [vocs] lookup channel...
INFO    (15:39: 3:435 |    0)   1977; [vocs] selected: 221.228.202.134:8000
INFO    (15:39: 3:435 |    0)   1977; connecting to 221.228.202.134:8000 handle 6020fdc0, 28
INFO    (15:39: 3:435 |    0)   1977; [vocs] creating channel with 221.228.202.134:8000, ts 1522424343435.......
INFO    (15:39: 3:436 |    1)   1977; [vocs] selected: 119.9.92.49:8000
INFO    (15:39: 3:436 |    0)   1977; [vocs] creating channel with 119.9.92.49:8000, ts 1522424343436.......
INFO    (15:39: 3:436 |    0)   1977; [vocs] selected: 69.28.51.138:8000
INFO    (15:39: 3:436 |    0)   1977; [vocs] creating channel with 69.28.51.138:8000, ts 1522424343436.......
INFO    (15:39: 3:436 |    0)   1977; [rp] {"che.audio.audioSampleRate":48000}
INFO    (15:39: 3:436 |    0)   1977; [dns] parsed ip 199.190.44.35
INFO    (15:39: 3:445 |    9)   1977; [dns] parsed ip 199.190.44.36
INFO    (15:39: 3:445 |    0)   1977; [rs] dns parse result code: 0, servers size: 1
INFO    (15:39: 3:445 |    0)   1977; [rs] dns parse and selected server: 223.111.12.227
INFO    (15:39: 3:596 |  151)   1977; [vocs/u] **responsed from 69.28.51.138:8000, 3 vos, elapsed 176, server ts 1522424343042, wan ip 139.59.134.76
INFO    (15:39: 3:597 |    1)   1977; [vos] added server: 128.1.77.37:4007
INFO    (15:39: 3:597 |    0)   1977; [vos] added server: 128.1.78.92:4008
INFO    (15:39: 3:597 |    0)   1977; [vos] added server: 128.1.78.114:4007
INFO    (15:39: 3:597 |    0)   1977; [ch0] vos initialized
INFO    (15:39: 3:597 |    0)   1977; [vos] selected: 128.1.78.114:4007
ERROR   (15:39: 3:597 |    0)   1977; [ch0] login strategy=2
INFO    (15:39: 3:597 |    0)   1977; [ds]: ver 1 ds '{"streamType":5}'
INFO    (15:39: 3:598 |    1)   1977; [ch0] Login VOS (proto:10, cid:1213065555, uid:3172788543, ts:1522424343597, ticket size:84 ds:1 stream:+A+VH) 2: 128.1.78.114:4007
INFO    (15:39: 3:598 |    0)   1977; add ping address 139.59.134.76
INFO    (15:39: 3:598 |    0)   1977; PING 139.59.134.76:0 16(44) bytes of data
INFO    (15:39: 3:604 |    6)   1977; [ch0] **VOS response to login request (res 0 elapsed 184, server ts 1522424343126, s-c:-478) from 128.1.78.114:4007, and current dest server 128.1.78.114:4007
INFO    (15:39: 3:604 |    0)   1977; updateActiveVosList: ["128.1.78.114:4007"]
INFO    (15:39: 3:604 |    0)   1977; [che] start call begins
INFO    (15:39: 3:604 |    0)   1977; Set Application Mode in RTC Engine to No. 0
ERROR   (15:39: 3:605 |    1)   1977; GetCodec() invalid index (error=8004)
INFO    (15:39: 3:605 |    0)   1977; SetCodec by type : No. 85
INFO    (15:39: 3:608 |    3)   1977; StartPlayout complete
INFO    (15:39: 3:608 |    0)   1977; output: kDummyAudio
INFO    (15:39: 3:618 |   10)   1977; StartRecording complete
ERROR   (15:39: 3:618 |    0)   1977; SetAgcConfig() failed to set the range in |gain| the digital compression stage may apply (error=8097)
INFO    (15:39: 3:618 |    0)   1977; SetHowlingControl enable = 0
INFO    (15:39: 3:618 |    0)   1977; Application Config module:  Route 0, NS on, AEC N, AGC on, BSS off, HC on
INFO    (15:39: 3:618 |    0)   1977; MID = 0, Routing = 0
INFO    (15:39: 3:618 |    0)   1977; [che] applyVideoProfile: 640x360 15 fps 500 kbps
INFO    (15:39: 3:618 |    0)   1977; validateVideoParameters: validate video parameters resolution 640x360, fps 15, rate 500000
INFO    (15:39: 3:618 |    0)   1977; setMaxVideoBitrate: max bitrate=500000
INFO    (15:39: 3:619 |    1)   1977; setCodecRates: set frame rate to 15
INFO    (15:39: 3:619 |    0)   1977; setCodec: index=1 width=640 height=360 framerate=15
INFO    (15:39: 3:619 |    0)   1977; setCodecResolution: set to 640 x 360
INFO    (15:39: 3:619 |    0)   1977; CreateVideoCapturer: interface=0x7f1260172c90
INFO    (15:39: 3:619 |    0)   1977; VideoSendTrackImpl::UpdateCapturer capturer=0x7f126021f9c0
INFO    (15:39: 3:619 |    0)   1977; Create participant 0
INFO    (15:39: 3:619 |    0)   1977; startCapture: device? 1024 init? 1 local enabled? 1 capturing? 0 rendering? 0
INFO    (15:39: 3:619 |    0)   1977; startCapture: Receive Only Mode, capture still on. Encode will be turned off
INFO    (15:39: 3:619 |    0)   1977; AgoraVideoInput::Init thread=1, type=100, device=External Device
INFO    (15:39: 3:619 |    0)   1984; Thread with name:AgoraInputThread started 
INFO    (15:39: 3:620 |    1)   1985; Thread with name:ExternalCaptureThread started 
INFO    (15:39: 3:620 |    0)   1977; setCodec: index=1 width=640 height=360 framerate=15
INFO    (15:39: 3:620 |    0)   1977; setMaxVideoBitrate: max bitrate=500000
INFO    (15:39: 3:620 |    0)   1977; AgoraVideoInput::Start width=640, height=360, fps=15
INFO    (15:39: 3:620 |    0)   1986; Thread with name:WebRtc_event_timer_thread started 
INFO    (15:39: 3:620 |    0)   1977; startCapture: startCapture success
INFO    (15:39: 3:620 |    0)   1977; RequestEncodeKeyFrame
INFO    (15:39: 3:620 |    0)   1977; doStartLocalRender: init? 1 capture id -1 device 1024 capturing? 1 rendering? 0
INFO    (15:39: 3:620 |    0)   1977; doStartLocalRender: Receive Only Mode, local renderer still on.
INFO    (15:39: 3:620 |    0)   1977; doStartLocalRender: init? 1 capture id -1 device 1024 capturing? 1 rendering? 0
INFO    (15:39: 3:620 |    0)   1977; doStartLocalRender: Receive Only Mode, local renderer still on.
INFO    (15:39: 3:620 |    0)   1977; [che] start call returns 0, elapsed 16
INFO    (15:39: 3:620 |    0)   1977; Setting dtx mode to 2
INFO    (15:39: 3:621 |    1)   1977; setNetEQMinimumPlayoutDelay delay(100)
INFO    (15:39: 3:621 |    0)   1977; join channel success: cname 'police_4_3' uid 3172788543 elapsed 200
INFO    (15:39: 3:621 |    0)   1977; CacheManager: save cache to storage elapsed 0
INFO    (15:39: 3:621 |    0)   1978; Channel counters: mix mode:0 , min port:-1 , max port:-1 ,decode audio:0 , decode_video:0 , is live:0 , idle:300 , is audio only:0 ,syslog facility:8 , mix mode height:360 , mix mode width:640 , mix mode fps:15 , mi 
INFO    (15:39: 3:621 |    0)   1978; User 3172788543 join channel police_4_3 success, elapsed: 200 ms
INFO    (15:39: 3:621 |    0)   1977; [dns] parsed ip 119.9.92.49
INFO    (15:39: 3:622 |    1)   1977; [dns] parsed ip 69.28.51.138
INFO    (15:39: 3:622 |    0)   1977; [dns] parsed ip 128.1.87.146
INFO    (15:39: 3:624 |    2)   1977; [ch0] rtt: 2
INFO    (15:39: 3:639 |   15)   1977; [vocs/u] **responsed from 119.9.92.49:8000, 3 vos, elapsed 219, server ts 1522424343060, wan ip 139.59.134.76
INFO    (15:39: 3:686 |   47)   1984; [che] onVideoSizeChanged: uid 0 640x360 rotate 0
INFO    (15:39: 5:605 |    0)   1977; notifyPeerCount: cnt 0
INFO    (15:39: 8:422 |    0)   1977; [rs] **report stats: seq: 11, report list size 11, tx/rx: 2202/288, cache size: 0, report success rate: -1
INFO    (15:39: 8:423 |    1)   1977; [rlbs] selected: 199.190.44.35:9700
INFO    (15:39: 8:423 |    0)   1977; [rlbs] request rs list from 199.190.44.35:9700.......
INFO    (15:39: 8:630 |  207)   1977; [rlbs/u] responsed from 199.190.44.35:9700 with servers 128.1.78.91:8000
INFO    (15:39: 9:617 |    0)   1979; Audio statistics - play count: playout count = 200  signal level: far_in = 0
INFO    (15:39:18:436 |    0)   1962; [ARS/15s]event cnts:0, audio pkts:0, mix audio pkts:0, yuv video pkts:0, h264 video pkts:0
INFO    (15:39:23:617 |  181)   1979; Audio statistics - play count: playout count = 600  signal level: far_in = 0
INFO    (15:39:33:451 |    0)   1962; [ARS/15s]event cnts:0, audio pkts:0, mix audio pkts:0, yuv video pkts:0, h264 video pkts:0
INFO    (15:39:37:422 |    0)   1977; **CALL STATS: duraton 31s cpu app/total 2.5/18.68 battery 255 tx/rx: 1/1 kbps 10.168K/5.410K bytes
INFO    (15:39:41:617 |  195)   1979; Audio statistics - play count: playout count = 600  signal level: far_in = 0
INFO    (15:39:43:422 |    0)   1977; [rs] **report stats: seq: 24, report list size 24, tx/rx: 6150/1152, cache size: 0, report success rate: 100
INFO    (15:39:48:467 |   45)   1962; [ARS/15s]event cnts:0, audio pkts:0, mix audio pkts:0, yuv video pkts:0, h264 video pkts:0
INFO    (15:39:59:618 |  151)   1979; Audio statistics - play count: playout count = 600  signal level: far_in = 0
INFO    (15:40: 3:480 |    0)   1962; [ARS/15s]event cnts:0, audio pkts:0, mix audio pkts:0, yuv video pkts:0, h264 video pkts:0
INFO    (15:40: 9:422 |    0)   1977; **CALL STATS: duraton 1m3s cpu app/total 2.7/3.6 battery 255 tx/rx: 1/1 kbps 16.570K/9.148K bytes
INFO    (15:40:17:627 |  205)   1979; Audio statistics - play count: playout count = 600  signal level: far_in = 0
INFO    (15:40:18:421 |    0)   1977; [rs] **report stats: seq: 35, report list size 35, tx/rx: 8668/1680, cache size: 0, report success rate: 100
INFO    (15:40:18:494 |   73)   1962; [ARS/15s]event cnts:0, audio pkts:0, mix audio pkts:0, yuv video pkts:0, h264 video pkts:0
INFO    (15:40:33:507 |   13)   1962; [ARS/15s]event cnts:0, audio pkts:0, mix audio pkts:0, yuv video pkts:0, h264 video pkts:0
INFO    (15:40:35:627 |  120)   1979; Audio statistics - play count: playout count = 600  signal level: far_in = 0
INFO    (15:40:41:422 |    0)   1977; **CALL STATS: duraton 1m35s cpu app/total 2.6/2.55 battery 255 tx/rx: 2/0 kbps 23.164K/12.832K bytes
INFO    (15:40:48:521 |   99)   1962; [ARS/15s]event cnts:0, audio pkts:0, mix audio pkts:0, yuv video pkts:0, h264 video pkts:0
INFO    (15:40:53:422 |    0)   1977; [rs] **report stats: seq: 45, report list size 21, tx/rx: 10962/2160, cache size: 0, report success rate: 100
INFO    (15:40:53:627 |  205)   1979; Audio statistics - play count: playout count = 600  signal level: far_in = 0
INFO    (15:41: 3:535 |    0)   1962; [ARS/15s]event cnts:0, audio pkts:0, mix audio pkts:0, yuv video pkts:0, h264 video pkts:0
INFO    (15:41:11:628 |   93)   1979; Audio statistics - play count: playout count = 600  signal level: far_in = 0
INFO    (15:41:13:422 |    0)   1977; **CALL STATS: duraton 2m7s cpu app/total 1.54/15.46 battery 255 tx/rx: 1/1 kbps 29.568K/16.618K bytes
INFO    (15:41:18:550 |  128)   1962; [ARS/15s]event cnts:0, audio pkts:0, mix audio pkts:0, yuv video pkts:0, h264 video pkts:0
INFO    (15:41:28:422 |    0)   1977; [rs] **report stats: seq: 56, report list size 23, tx/rx: 13487/2688, cache size: 0, report success rate: 100
INFO    (15:41:29:637 |  215)   1979; Audio statistics - play count: playout count = 600  signal level: far_in = 0
INFO    (15:41:33:564 |    0)   1962; [ARS/15s]event cnts:0, audio pkts:0, mix audio pkts:0, yuv video pkts:0, h264 video pkts:0
INFO    (15:41:43:422 |    0)   1977; **CALL STATS: duraton 2m37s cpu app/total 2.6/3.7 battery 255 tx/rx: 2/1 kbps 35.587K/20.56K bytes
INFO    (15:41:47:637 |  215)   1979; Audio statistics - play count: playout count = 600  signal level: far_in = 0
INFO    (15:41:48:574 |    0)   1962; [ARS/15s]event cnts:0, audio pkts:0, mix audio pkts:0, yuv video pkts:0, h264 video pkts:0
INFO    (15:41:58:422 |    0)   1977; [rs] **report stats: seq: 65, report list size 23, tx/rx: 15556/3120, cache size: 0, report success rate: 100
INFO    (15:42: 3:588 |  166)   1962; [ARS/15s]event cnts:0, audio pkts:0, mix audio pkts:0, yuv video pkts:0, h264 video pkts:0
INFO    (15:42: 5:647 |   59)   1979; Audio statistics - play count: playout count = 600  signal level: far_in = 0
INFO    (15:42:15:422 |    0)   1977; **CALL STATS: duraton 3m9s cpu app/total 2.8/27.41 battery 255 tx/rx: 1/1 kbps 41.999K/23.866K bytes
INFO    (15:42:18:601 |  179)   1962; [ARS/15s]event cnts:0, audio pkts:0, mix audio pkts:0, yuv video pkts:0, h264 video pkts:0
INFO    (15:42:23:647 |   46)   1979; Audio statistics - play count: playout count = 600  signal level: far_in = 0
INFO    (15:42:33:422 |    0)   1977; [rs] **report stats: seq: 76, report list size 23, tx/rx: 18079/3648, cache size: 0, report success rate: 100
INFO    (15:42:33:615 |  193)   1962; [ARS/15s]event cnts:0, audio pkts:0, mix audio pkts:0, yuv video pkts:0, h264 video pkts:0
INFO    (15:42:41:657 |   42)   1979; Audio statistics - play count: playout count = 601  signal level: far_in = 0
INFO    (15:42:45:423 |    0)   1977; **CALL STATS: duraton 3m39s cpu app/total 2.7/6.70 battery 255 tx/rx: 1/1 kbps 48.56K/27.352K bytes
INFO    (15:42:48:630 |  207)   1962; [ARS/15s]event cnts:0, audio pkts:0, mix audio pkts:0, yuv video pkts:0, h264 video pkts:0
INFO    (15:42:59:667 |   37)   1979; Audio statistics - play count: playout count = 600  signal level: far_in = 0
INFO    (15:43: 3:644 |    0)   1962; [ARS/15s]event cnts:0, audio pkts:0, mix audio pkts:0, yuv video pkts:0, h264 video pkts:0
INFO    (15:43: 8:422 |    0)   1977; [rs] **report stats: seq: 87, report list size 24, tx/rx: 20589/4176, cache size: 0, report success rate: 100
INFO    (15:43:17:422 |    0)   1977; **CALL STATS: duraton 4m11s cpu app/total 1.56/8.85 battery 255 tx/rx: 2/0 kbps 54.679K/31.12K bytes
INFO    (15:43:17:667 |  245)   1979; Audio statistics - play count: playout count = 600  signal level: far_in = 0
INFO    (15:43:18:657 |    0)   1962; [ARS/15s]event cnts:0, audio pkts:0, mix audio pkts:0, yuv video pkts:0, h264 video pkts:0
INFO    (15:43:33:672 |   15)   1962; [ARS/15s]event cnts:0, audio pkts:0, mix audio pkts:0, yuv video pkts:0, h264 video pkts:0
INFO    (15:43:35:677 |    5)   1979; Audio statistics - play count: playout count = 601  signal level: far_in = 0
INFO    (15:43:43:422 |    0)   1977; [rs] **report stats: seq: 96, report list size 22, tx/rx: 22653/4608, cache size: 0, report success rate: 100
INFO    (15:43:47:423 |    1)   1977; **CALL STATS: duraton 4m41s cpu app/total 2.7/6.6 battery 255 tx/rx: 1/0 kbps 60.544K/34.522K bytes
INFO    (15:43:48:685 |  262)   1962; [ARS/15s]event cnts:0, audio pkts:0, mix audio pkts:0, yuv video pkts:0, h264 video pkts:0
INFO    (15:43:53:678 |    0)   1979; Audio statistics - play count: playout count = 600  signal level: far_in = 0
INFO    (15:44: 3:699 |   21)   1962; [ARS/15s]event cnts:0, audio pkts:0, mix audio pkts:0, yuv video pkts:0, h264 video pkts:0
WARN    (15:44: 5:423 |    0)   1978; No users in channel for 300 seconds, aborting, leave_code:4.
INFO    (15:44: 5:701 |  278)   1962; ARS push leave pkt to queue inform wrapper
WARN    (15:44: 6:202 |    0)   1962; Before cleanup cnt 0, errno 2 4, joined_ 1, term_sig 1, leave path code 12
INFO    (15:44: 6:202 |    0)   1962; Leaving channel and ready to cleanup
INFO    (15:44: 6:202 |    0)   1962; API call to leave channel
INFO    (15:44: 6:202 |    0)   1977; [cm] emit leave channel signal
WARN    (15:44: 6:203 |    1)   1978; No users in channel for 300 seconds, aborting, leave_code:12.
INFO    (15:44: 6:203 |    0)   1977; **CALL STATS: duration 5m2s, tx 64.852K bytes, rx 37.6K bytes, total 101.858K bytes
INFO    (15:44: 6:203 |    0)   1977; stopLocalRender
INFO    (15:44: 6:203 |    0)   1977; stopLocalRender success
INFO    (15:44: 6:203 |    0)   1977; AgoraVideoInput::Stop
INFO    (15:44: 6:203 |    0)   1986; Thread with name:WebRtc_event_timer_thread stopped
INFO    (15:44: 6:203 |    0)   1977; AgoraVideoInput::Destroy
INFO    (15:44: 6:203 |    0)   1985; Thread with name:ExternalCaptureThread stopped
INFO    (15:44: 6:264 |   61)   1984; Thread with name:AgoraInputThread stopped
INFO    (15:44: 6:274 |   10)   1977; stopCapture: stopCapture success
INFO    (15:44: 6:274 |    0)   1977; stopRemoteRender
INFO    (15:44: 6:274 |    0)   1977; [che] stopCall begins
INFO    (15:44: 6:274 |    0)   1977; StopRecording complete
INFO    (15:44: 6:274 |    0)   1977; StopPlayout complete
INFO    (15:44: 6:275 |    1)   1977; [che] stop call returns 0, elapsed 0
INFO    (15:44: 6:275 |    0)   1977; [rs] **report stats: seq: 106, report list size 25, tx/rx: 24742/4944, cache size: 0, report success rate: 100
INFO    (15:44: 6:275 |    0)   1977; CacheManager: save cache to storage elapsed 0
INFO    (15:44: 6:275 |    0)   1977; [ch0] vos destroyed
INFO    (15:44: 6:275 |    0)   1977; delRef of media engine, ref=0
INFO    (15:44: 6:275 |    0)   1977; [che] chat engine destroying
INFO    (15:44: 6:276 |    1)   1977; stopLocalRender
INFO    (15:44: 6:276 |    0)   1977; stopLocalRender success
WARN    (15:44: 6:276 |    0)   1977; stopCapture: VideoEngine haven't startCapture
INFO    (15:44: 6:276 |    0)   1977; stopRemoteRender
INFO    (15:44: 6:276 |    0)   1977; [che] stopCall begins
INFO    (15:44: 6:276 |    0)   1977; [che] stop call returns -1, elapsed 0
INFO    (15:44: 6:276 |    0)   1977; stopLocalRender
INFO    (15:44: 6:276 |    0)   1977; stopLocalRender success
INFO    (15:44: 6:276 |    0)   1977; stopRemoteRender
WARN    (15:44: 6:276 |    0)   1977; stopCapture: VideoEngine haven't startCapture
INFO    (15:44: 6:276 |    0)   1983; Thread with name:VideoProcessThread stopped
WARN    (15:44: 6:276 |    0)   1977; terminate: VideoEngine haven't init
INFO    (15:44: 6:276 |    0)   1977; [DEBUGG] ViERenderManager Destructor, engine_id: 0
INFO    (15:44: 6:281 |    5)   1982; Thread with name:VideoEncodeThread stopped
INFO    (15:44: 6:287 |    6)   1977; VideoSendTrackImpl::UpdateCapturer capturer=(nil)
INFO    (15:44: 6:287 |    0)   1977; VideoSendTrackImpl::UpdateRenderer, renderer=(nil)
INFO    (15:44: 6:287 |    0)   1981; Thread with name:EngineMonitorThread stopped
INFO    (15:44: 6:288 |    1)   1979; Thread with name:external_audio_module_thread stopped
INFO    (15:44: 6:288 |    0)   1980; Thread with name:WebRtc_event_timer_thread stopped
INFO    (15:44: 6:288 |    0)   1977; [che] chat engine destroyed
INFO    (15:44: 6:288 |    0)   1977; ***CALL END
INFO    (15:44: 6:288 |    0)   1977; onAudioStatusChanged enable audio
INFO    (15:44: 6:288 |    0)   1977; [MIO] media io controller destroyed
INFO    (15:44: 6:289 |    1)   1962; async task notify worker thread to exit and return
