recorder_local[22185]: (22185) /var/lib/jenkins/workspace/agora-release-linux-2/ServerSDK-Video/src/rec_engine/RecordingEngineImpl.cpp:831: ERROR:failed to open config file
recorder_local[22185]: (22185) /var/lib/jenkins/workspace/agora-release-linux-2/ServerSDK-Video/src/rec_engine/RecordingEngineImpl.cpp:831: ERROR:failed to open config file
recorder_local[22185]: (22185) /var/lib/jenkins/workspace/agora-release-linux-2/ServerSDK-Video/src/rec_engine/RecordingEngineImpl.cpp:430: [Wrapper version] 5d0b257a42f9514a024cc62c69161d55aa150021
recorder_local[22185]: (22185) /var/lib/jenkins/workspace/agora-release-linux-2/ServerSDK-Video/src/rec_engine/RecordingEngineImpl.cpp:431: =======params ======
recorder_local[22185]: (22185) /var/lib/jenkins/workspace/agora-release-linux-2/ServerSDK-Video/src/rec_engine/RecordingEngineImpl.cpp:433: /var/www/RecordingSDK/bin/AgoraCoreService
recorder_local[22185]: (22185) /var/lib/jenkins/workspace/agora-release-linux-2/ServerSDK-Video/src/rec_engine/RecordingEngineImpl.cpp:433: --app_id
recorder_local[22185]: (22185) /var/lib/jenkins/workspace/agora-release-linux-2/ServerSDK-Video/src/rec_engine/RecordingEngineImpl.cpp:433: c7adb7f97a594d9fac501654c7bf281c
recorder_local[22185]: (22185) /var/lib/jenkins/workspace/agora-release-linux-2/ServerSDK-Video/src/rec_engine/RecordingEngineImpl.cpp:433: --channel_key
recorder_local[22185]: (22185) /var/lib/jenkins/workspace/agora-release-linux-2/ServerSDK-Video/src/rec_engine/RecordingEngineImpl.cpp:433: c7adb7f97a594d9fac501654c7bf281c
recorder_local[22185]: (22185) /var/lib/jenkins/workspace/agora-release-linux-2/ServerSDK-Video/src/rec_engine/RecordingEngineImpl.cpp:433: --channel_id
recorder_local[22185]: (22185) /var/lib/jenkins/workspace/agora-release-linux-2/ServerSDK-Video/src/rec_engine/RecordingEngineImpl.cpp:433: police_4_3
recorder_local[22185]: (22185) /var/lib/jenkins/workspace/agora-release-linux-2/ServerSDK-Video/src/rec_engine/RecordingEngineImpl.cpp:433: --idle
recorder_local[22185]: (22185) /var/lib/jenkins/workspace/agora-release-linux-2/ServerSDK-Video/src/rec_engine/RecordingEngineImpl.cpp:433: 300
recorder_local[22185]: (22185) /var/lib/jenkins/workspace/agora-release-linux-2/ServerSDK-Video/src/rec_engine/RecordingEngineImpl.cpp:433: --decode_audio
recorder_local[22185]: (22185) /var/lib/jenkins/workspace/agora-release-linux-2/ServerSDK-Video/src/rec_engine/RecordingEngineImpl.cpp:433: 0
recorder_local[22185]: (22185) /var/lib/jenkins/workspace/agora-release-linux-2/ServerSDK-Video/src/rec_engine/RecordingEngineImpl.cpp:433: --decode_video
recorder_local[22185]: (22185) /var/lib/jenkins/workspace/agora-release-linux-2/ServerSDK-Video/src/rec_engine/RecordingEngineImpl.cpp:433: 0
recorder_local[22185]: (22185) /var/lib/jenkins/workspace/agora-release-linux-2/ServerSDK-Video/src/rec_engine/RecordingEngineImpl.cpp:433: --capture_interval
recorder_local[22185]: (22185) /var/lib/jenkins/workspace/agora-release-linux-2/ServerSDK-Video/src/rec_engine/RecordingEngineImpl.cpp:433: 5
recorder_local[22185]: (22185) /var/lib/jenkins/workspace/agora-release-linux-2/ServerSDK-Video/src/rec_engine/RecordingEngineImpl.cpp:433: --syslog_fclt
recorder_local[22185]: (22185) /var/lib/jenkins/workspace/agora-release-linux-2/ServerSDK-Video/src/rec_engine/RecordingEngineImpl.cpp:433: 8
recorder_local[22185]: (22185) /var/lib/jenkins/workspace/agora-release-linux-2/ServerSDK-Video/src/rec_engine/RecordingEngineImpl.cpp:433: --streamType
recorder_local[22185]: (22185) /var/lib/jenkins/workspace/agora-release-linux-2/ServerSDK-Video/src/rec_engine/RecordingEngineImpl.cpp:433: 0
recorder_local[22185]: (22185) /var/lib/jenkins/workspace/agora-release-linux-2/ServerSDK-Video/src/rec_engine/RecordingEngineImpl.cpp:433: --serviceMode
recorder_local[22185]: (22185) /var/lib/jenkins/workspace/agora-release-linux-2/ServerSDK-Video/src/rec_engine/RecordingEngineImpl.cpp:433: 0
recorder_local[22185]: (22185) /var/lib/jenkins/workspace/agora-release-linux-2/ServerSDK-Video/src/rec_engine/RecordingEngineImpl.cpp:433: --recording_file_dir
recorder_local[22185]: (22185) /var/lib/jenkins/workspace/agora-release-linux-2/ServerSDK-Video/src/rec_engine/RecordingEngineImpl.cpp:433: /var/www/panic2.greenvoo.us/html/public/Records/20180330/police_4_3_120105/
recorder_local[22185]: (22185) /var/lib/jenkins/workspace/agora-release-linux-2/ServerSDK-Video/src/rec_engine/RecordingEngineImpl.cpp:433: --lang
recorder_local[22185]: (22185) /var/lib/jenkins/workspace/agora-release-linux-2/ServerSDK-Video/src/rec_engine/RecordingEngineImpl.cpp:433: 0
recorder_local[22185]: (22185) /var/lib/jenkins/workspace/agora-release-linux-2/ServerSDK-Video/src/base/pipe_router.cpp:153: The ARS created. Reading pipe: 4, writing pipe: 7, pid: 22186
AgoraCoreService[22186]: (22186) /var/lib/jenkins/workspace/agora-release-linux-2/ServerSDK-Video/src/video_recorder/main.cpp:162: video recording wrapper:8, idle:300 write:5, read:6, live:0,channelid:police_4_3 
AgoraCoreService[22186]: (22186) /var/lib/jenkins/workspace/agora-release-linux-2/ServerSDK-Video/src/video_recorder/main.cpp:183: [ARS version] 5d0b257a42f9514a024cc62c69161d55aa150021
AgoraCoreService[22186]: (22186) /var/lib/jenkins/workspace/agora-release-linux-2/ServerSDK-Video/src/video_recorder/main.cpp:185: uid 0 from vendor c7adb7f97a594d9fac501654c7bf281c is joining channel police_4_3
AgoraCoreService[22186]: (22186) /var/lib/jenkins/workspace/agora-release-linux-2/ServerSDK-Video/src/video_recorder/event_handler.cpp:627: SDK version: 75f0227; chat engine: 03c8e5d966234ba3a0eaedf8a9fe5ef1e7e554a4
AgoraCoreService[22186]: (22186) /var/lib/jenkins/workspace/agora-release-linux-2/ServerSDK-Video/src/video_recorder/event_handler.cpp:634: decode_video:0,decode_audio:0
AgoraCoreService[22186]: (22186) /var/lib/jenkins/workspace/agora-release-linux-2/ServerSDK-Video/src/video_recorder/event_handler.cpp:667: Using random lowUdpPort & highUdpPort
AgoraCoreService[22186]: (22186) /var/lib/jenkins/workspace/agora-release-linux-2/ServerSDK-Video/src/video_recorder/event_handler.cpp:1341: level 1: INFO    (12: 1: 5:223 |    1)  22186; Using random lowUdpPort & highUdpPort
AgoraCoreService[22186]: (22186) /var/lib/jenkins/workspace/agora-release-linux-2/ServerSDK-Video/src/video_recorder/event_handler.cpp:1341: level 1: INFO    (12: 1: 5:223 |    0)  22186; API call to setChannelProfile 0
AgoraCoreService[22186]: (22186) /var/lib/jenkins/workspace/agora-release-linux-2/ServerSDK-Video/src/video_recorder/event_handler.cpp:1786: init stream, trigger mode: 0 service mode: 0
AgoraCoreService[22186]: (22186) /var/lib/jenkins/workspace/agora-release-linux-2/ServerSDK-Video/src/video_recorder/event_handler.cpp:1341: level 1: INFO    (12: 1: 5:223 |    0)  22186; API call to setVideoProfileEx 640x360 15 fps 500 kbps
AgoraCoreService[22186]: (22186) /var/lib/jenkins/workspace/agora-release-linux-2/ServerSDK-Video/src/video_recorder/event_handler.cpp:1341: level 1: INFO    (12: 1: 5:223 |    0)  22186; API call to enable video
AgoraCoreService[22186]: (22186) /var/lib/jenkins/workspace/agora-release-linux-2/ServerSDK-Video/src/video_recorder/event_handler.cpp:1341: level 1: INFO    (12: 1: 5:223 |    0)  22186; API call to join channel 'police_4_3' uid 0, SDK ver 2.1.0 build 220, device info 'Linux version 3.13.0-143-generic (buildd@lcy01-amd64-010) (gcc version 4.8.4 (Ubuntu 4.8.4-2ubuntu1~14.04.4) ) #192-Ubuntu SMP Tue F
AgoraCoreService[22186]: (22186) /var/lib/jenkins/workspace/agora-release-linux-2/ServerSDK-Video/src/video_recorder/event_handler.cpp:1341: level 1: INFO    (12: 1: 5:223 |    0)  22201; Agora Service Worker Thread started: 0x32aef98
AgoraCoreService[22186]: (22186) /var/lib/jenkins/workspace/agora-release-linux-2/ServerSDK-Video/src/video_recorder/event_handler.cpp:1341: level 1: INFO    (12: 1: 5:224 |    1)  22201; network: 'NETWORK_UNKOWN' -> 'LAN' ipv4/v6 '139.59.134.76'/'' gw ''/'' subtype 0 level -744248608 ssid '' bssid '' rssi 32684 asu 56
AgoraCoreService[22186]: (22186) /var/lib/jenkins/workspace/agora-release-linux-2/ServerSDK-Video/src/video_recorder/event_handler.cpp:1341: level 1: INFO    (12: 1: 5:224 |    0)  22201; [MIO] mediaIO controller created
AgoraCoreService[22186]: (22186) /var/lib/jenkins/workspace/agora-release-linux-2/ServerSDK-Video/src/video_recorder/event_handler.cpp:1341: level 1: INFO    (12: 1: 5:224 |    0)  22201; found 'NULL' device: 'Linux version 3.13.0-143-generic (buildd@lcy01-amd64-010) (gcc version 4.8.4 (Ubuntu 4.8.4-2ubuntu1~14.04.4) ) #192-Ubuntu SMP Tue Feb 27 10:45:36 UTC 2018
'
AgoraCoreService[22186]: (22186) /var/lib/jenkins/workspace/agora-release-linux-2/ServerSDK-Video/src/video_recorder/event_handler.cpp:1341: level 1: INFO    (12: 1: 5:224 |    0)  22201; [rp] {"rtc.channel_profile":0}
AgoraCoreService[22186]: (22186) /var/lib/jenkins/workspace/agora-release-linux-2/ServerSDK-Video/src/video_recorder/event_handler.cpp:1341: level 1: INFO    (12: 1: 5:224 |    0)  22201; [rp] {"che.audio.external_device":true}
AgoraCoreService[22186]: (22186) /var/lib/jenkins/workspace/agora-release-linux-2/ServerSDK-Video/src/video_recorder/event_handler.cpp:1341: level 1: INFO    (12: 1: 5:224 |    0)  22201; [rp] {"che.audio.audioSampleRate":48000}
AgoraCoreService[22186]: (22186) /var/lib/jenkins/workspace/agora-release-linux-2/ServerSDK-Video/src/video_recorder/event_handler.cpp:1341: level 1: INFO    (12: 1: 5:225 |    1)  22201; [rp] {"che.video.keep_prerotation":false}
AgoraCoreService[22186]: (22186) /var/lib/jenkins/workspace/agora-release-linux-2/ServerSDK-Video/src/video_recorder/event_handler.cpp:1341: level 1: INFO    (12: 1: 5:225 |    0)  22201; [rp] {"rtc.client_type":3}
AgoraCoreService[22186]: (22186) /var/lib/jenkins/workspace/agora-release-linux-2/ServerSDK-Video/src/video_recorder/event_handler.cpp:1341: level 1: INFO    (12: 1: 5:225 |    0)  22201; [rp] {"che.audienceMode":true}
AgoraCoreService[22186]: (22186) /var/lib/jenkins/workspace/agora-release-linux-2/ServerSDK-Video/src/video_recorder/event_handler.cpp:1341: level 1: INFO    (12: 1: 5:225 |    0)  22201; [rp] {"che.video.recording":true}
AgoraCoreService[22186]: (22186) /var/lib/jenkins/workspace/agora-release-linux-2/ServerSDK-Video/src/video_recorder/event_handler.cpp:1341: level 1: INFO    (12: 1: 5:225 |    0)  22201; [rp] {"che.audio.set_capture_raw_audio_format":{"sampleRate":48000,"channelCnt":1,"mode":1,"samplesPerCall":480}}
AgoraCoreService[22186]: (22186) /var/lib/jenkins/workspace/agora-release-linux-2/ServerSDK-Video/src/video_recorder/event_handler.cpp:1341: level 1: INFO    (12: 1: 5:225 |    0)  22201; [rp] {"che.audio.set_render_raw_audio_format":{"sampleRate":48000,"channelCnt":1,"mode":0,"samplesPerCall":480}}
AgoraCoreService[22186]: (22186) /var/lib/jenkins/workspace/agora-release-linux-2/ServerSDK-Video/src/video_recorder/event_handler.cpp:1341: level 1: INFO    (12: 1: 5:225 |    0)  22201; [rp] {"rtc.log_file":"/var/www/panic2.greenvoo.us/html/public/Records/20180330/police_4_3_120105/recording_0.log"}
AgoraCoreService[22186]: (22186) /var/lib/jenkins/workspace/agora-release-linux-2/ServerSDK-Video/src/video_recorder/event_handler.cpp:1341: level 1: INFO    (12: 1: 5:225 |    0)  22201; [rp] {"rtc.video.mute_me":true,"che.video.local.send":false}
AgoraCoreService[22186]: (22186) /var/lib/jenkins/workspace/agora-release-linux-2/ServerSDK-Video/src/video_recorder/event_handler.cpp:1341: level 1: INFO    (12: 1: 5:225 |    0)  22201; [rp] {"rtc.audio.mute_me":true,"che.audio.mute_me":true}
AgoraCoreService[22186]: (22186) /var/lib/jenkins/workspace/agora-release-linux-2/ServerSDK-Video/src/video_recorder/event_handler.cpp:1341: level 1: INFO    (12: 1: 5:226 |    1)  22201; [rp] {"rtc.video.set_remote_default_video_stream_type":0}
AgoraCoreService[22186]: (22186) /var/lib/jenkins/workspace/agora-release-linux-2/ServerSDK-Video/src/video_recorder/event_handler.cpp:1341: level 1: INFO    (12: 1: 5:226 |    0)  22201; API call to SetRemoteDefaultVideoStreamType: 0
AgoraCoreService[22186]: (22186) /var/lib/jenkins/workspace/agora-release-linux-2/ServerSDK-Video/src/video_recorder/event_handler.cpp:1341: level 1: INFO    (12: 1: 5:226 |    0)  22201; [rp] {"che.video.local.camera_index":1024}
AgoraCoreService[22186]: (22186) /var/lib/jenkins/workspace/agora-release-linux-2/ServerSDK-Video/src/video_recorder/event_handler.cpp:1341: level 1: INFO    (12: 1: 5:226 |    0)  22201; [rp] {"rtc.video.enabled":true}
AgoraCoreService[22186]: (22186) /var/lib/jenkins/workspace/agora-release-linux-2/ServerSDK-Video/src/video_recorder/event_handler.cpp:1341: level 1: INFO    (12: 1: 5:226 |    0)  22201; API call to enable video
AgoraCoreService[22186]: (22186) /var/lib/jenkins/workspace/agora-release-linux-2/ServerSDK-Video/src/video_recorder/event_handler.cpp:1341: level 1: INFO    (12: 1: 5:226 |    0)  22201; ***CALL BEGIN: appid:'c7****************************1c' cname:'police_4_3' info:'' sid:'632F635B9858476487D47AFEDB0A5D32'
AgoraCoreService[22186]: (22186) /var/lib/jenkins/workspace/agora-release-linux-2/ServerSDK-Video/src/video_recorder/event_handler.cpp:1341: level 1: INFO    (12: 1: 5:226 |    0)  22201; addRef of media engine, ref=1
AgoraCoreService[22186]: (22186) /var/lib/jenkins/workspace/agora-release-linux-2/ServerSDK-Video/src/video_recorder/event_handler.cpp:1341: level 1: INFO    (12: 1: 5:226 |    0)  22201; [che] create chat engine, ctx:(nil)
AgoraCoreService[22186]: (22186) /var/lib/jenkins/workspace/agora-release-linux-2/ServerSDK-Video/src/video_recorder/event_handler.cpp:1341: level 1: INFO    (12: 1: 5:226 |    0)  22201; [MYDEBUG] large group call false
AgoraCoreService[22186]: (22186) /var/lib/jenkins/workspace/agora-release-linux-2/ServerSDK-Video/src/video_recorder/event_handler.cpp:1341: level 1: INFO    (12: 1: 5:227 |    1)  22201; ChatEngineParameterHelper::applyMediaEngineMode: 
AgoraCoreService[22186]: (22186) /var/lib/jenkins/workspace/agora-release-linux-2/ServerSDK-Video/src/video_recorder/event_handler.cpp:1341: level 1: INFO    (12: 1: 5:227 |    0)  22201; applyMediaEngineMode(): Hardware encoding false Hardware decoding false
AgoraCoreService[22186]: (22186) /var/lib/jenkins/workspace/agora-release-linux-2/ServerSDK-Video/src/video_recorder/event_handler.cpp:1341: level 1: INFO    (12: 1: 5:229 |    2)  22203; Thread with name:external_audio_module_thread started 
AgoraCoreService[22186]: (22186) /var/lib/jenkins/workspace/agora-release-linux-2/ServerSDK-Video/src/video_recorder/event_handler.cpp:1341: level 1: INFO    (12: 1: 5:229 |    0)  22204; Thread with name:WebRtc_event_timer_thread started 
AgoraCoreService[22186]: (22186) /var/lib/jenkins/workspace/agora-release-linux-2/ServerSDK-Video/src/video_recorder/event_handler.cpp:1341: level 1: INFO    (12: 1: 5:229 |    0)  22201; StereoPlayoutIsAvailable(), output: available=0
AgoraCoreService[22186]: (22186) /var/lib/jenkins/workspace/agora-release-linux-2/ServerSDK-Video/src/video_recorder/event_handler.cpp:1341: level 1: INFO    (12: 1: 5:229 |    0)  22201; StereoRecordingIsAvailable(), output: available=0
AgoraCoreService[22186]: (22186) /var/lib/jenkins/workspace/agora-release-linux-2/ServerSDK-Video/src/video_recorder/event_handler.cpp:1341: level 1: INFO    (12: 1: 5:229 |    0)  22205; Thread with name:EngineMonitorThread started 
AgoraCoreService[22186]: (22186) /var/lib/jenkins/workspace/agora-release-linux-2/ServerSDK-Video/src/video_recorder/event_handler.cpp:1341: level 1: INFO    (12: 1: 5:229 |    0)  22201; setMuteStatus, muted: On
AgoraCoreService[22186]: (22186) /var/lib/jenkins/workspace/agora-release-linux-2/ServerSDK-Video/src/video_recorder/event_handler.cpp:1341: level 1: INFO    (12: 1: 5:230 |    1)  22201; setMuteOutput, muted: false
AgoraCoreService[22186]: (22186) /var/lib/jenkins/workspace/agora-release-linux-2/ServerSDK-Video/src/video_recorder/event_handler.cpp:1341: level 2: WARN    (12: 1: 5:230 |    0)  22201; setMicSensitivity failed, legal values are between [0, 10]
AgoraCoreService[22186]: (22186) /var/lib/jenkins/workspace/agora-release-linux-2/ServerSDK-Video/src/video_recorder/event_handler.cpp:1341: level 1: INFO    (12: 1: 5:230 |    0)  22201; Audio Engine Init success
AgoraCoreService[22186]: (22186) /var/lib/jenkins/workspace/agora-release-linux-2/ServerSDK-Video/src/video_recorder/event_handler.cpp:1341: level 1: INFO    (12: 1: 5:230 |    0)  22201; Available number of cores:1
AgoraCoreService[22186]: (22186) /var/lib/jenkins/workspace/agora-release-linux-2/ServerSDK-Video/src/video_recorder/event_handler.cpp:1341: level 1: INFO    (12: 1: 5:230 |    0)  22201; CreateVideoSendTrack
AgoraCoreService[22186]: (22186) /var/lib/jenkins/workspace/agora-release-linux-2/ServerSDK-Video/src/video_recorder/event_handler.cpp:1341: level 1: INFO    (12: 1: 5:230 |    0)  22201; init: feature prerotation disabled
AgoraCoreService[22186]: (22186) /var/lib/jenkins/workspace/agora-release-linux-2/ServerSDK-Video/src/video_recorder/event_handler.cpp:1341: level 1: INFO    (12: 1: 5:230 |    0)  22201; Agora Engine video codec set to custom mode role mode 0
AgoraCoreService[22186]: (22186) /var/lib/jenkins/workspace/agora-release-linux-2/ServerSDK-Video/src/video_recorder/event_handler.cpp:1341: level 1: INFO    (12: 1: 5:231 |    1)  22201; Agora Engine video codec index 1
AgoraCoreService[22186]: (22186) /var/lib/jenkins/workspace/agora-release-linux-2/ServerSDK-Video/src/video_recorder/event_handler.cpp:1341: level 1: INFO    (12: 1: 5:231 |    0)  22201; Agora Engine video stream type = 0
AgoraCoreService[22186]: (22186) /var/lib/jenkins/workspace/agora-release-linux-2/ServerSDK-Video/src/video_recorder/event_handler.cpp:1341: level 1: INFO    (12: 1: 5:231 |    0)  22206; Thread with name:VideoEncodeThread started 
AgoraCoreService[22186]: (22186) /var/lib/jenkins/workspace/agora-release-linux-2/ServerSDK-Video/src/video_recorder/event_handler.cpp:1341: level 1: INFO    (12: 1: 5:231 |    0)  22201; EncoderWrapper::Create hardware_ = 0, hardware_low_ = 0
AgoraCoreService[22186]: (22186) /var/lib/jenkins/workspace/agora-release-linux-2/ServerSDK-Video/src/video_recorder/event_handler.cpp:1341: level 1: INFO    (12: 1: 5:231 |    0)  22207; Thread with name:VideoProcessThread started 
AgoraCoreService[22186]: (22186) /var/lib/jenkins/workspace/agora-release-linux-2/ServerSDK-Video/src/video_recorder/event_handler.cpp:1341: level 1: INFO    (12: 1: 5:231 |    0)  22201; setCodec: index=1 width=640 height=360 framerate=15
AgoraCoreService[22186]: (22186) /var/lib/jenkins/workspace/agora-release-linux-2/ServerSDK-Video/src/video_recorder/event_handler.cpp:1341: level 1: INFO    (12: 1: 5:231 |    0)  22201; h264WebInteropEnable: enable 0
AgoraCoreService[22186]: (22186) /var/lib/jenkins/workspace/agora-release-linux-2/ServerSDK-Video/src/video_recorder/event_handler.cpp:1341: level 1: INFO    (12: 1: 5:232 |    1)  22201; setCaptureDevice: index=1024
AgoraCoreService[22186]: (22186) /var/lib/jenkins/workspace/agora-release-linux-2/ServerSDK-Video/src/video_recorder/event_handler.cpp:1341: level 1: INFO    (12: 1: 5:232 |    0)  22201; setMaxVideoBitrate: max bitrate=0
AgoraCoreService[22186]: (22186) /var/lib/jenkins/workspace/agora-release-linux-2/ServerSDK-Video/src/video_recorder/event_handler.cpp:1341: level 1: INFO    (12: 1: 5:232 |    0)  22201; more fec enable 0 curr fec method 0
AgoraCoreService[22186]: (22186) /var/lib/jenkins/workspace/agora-release-linux-2/ServerSDK-Video/src/video_recorder/event_handler.cpp:1341: level 1: INFO    (12: 1: 5:232 |    0)  22201; video fec method 0
AgoraCoreService[22186]: (22186) /var/lib/jenkins/workspace/agora-release-linux-2/ServerSDK-Video/src/video_recorder/event_handler.cpp:1341: level 4: ERROR   (12: 1: 5:232 |    0)  22201; videoEngine created and initialize here
AgoraCoreService[22186]: (22186) /var/lib/jenkins/workspace/agora-release-linux-2/ServerSDK-Video/src/video_recorder/event_handler.cpp:1341: level 1: INFO    (12: 1: 5:232 |    0)  22201; CreateVideoSendTrack
AgoraCoreService[22186]: (22186) /var/lib/jenkins/workspace/agora-release-linux-2/ServerSDK-Video/src/video_recorder/event_handler.cpp:1341: level 1: INFO    (12: 1: 5:232 |    0)  22201; [MIO] updateCapturer: ((nil)), type:(1)
AgoraCoreService[22186]: (22186) /var/lib/jenkins/workspace/agora-release-linux-2/ServerSDK-Video/src/video_recorder/event_handler.cpp:1341: level 1: INFO    (12: 1: 5:232 |    0)  22201; CreateAgoraDefaultCapture: type=0
AgoraCoreService[22186]: (22186) /var/lib/jenkins/workspace/agora-release-linux-2/ServerSDK-Video/src/video_recorder/event_handler.cpp:1341: level 1: INFO    (12: 1: 5:232 |    0)  22201; CreateVideoCapturer: interface=0x7facc4172af0
AgoraCoreService[22186]: (22186) /var/lib/jenkins/workspace/agora-release-linux-2/ServerSDK-Video/src/video_recorder/event_handler.cpp:1341: level 1: INFO    (12: 1: 5:232 |    0)  22201; VideoSendTrackImpl::UpdateCapturer capturer=0x7facc41d4c10
AgoraCoreService[22186]: (22186) /var/lib/jenkins/workspace/agora-release-linux-2/ServerSDK-Video/src/video_recorder/event_handler.cpp:1341: level 1: INFO    (12: 1: 5:232 |    0)  22201; [MIO] updateLocalRender: ((nil)), type:(1)
AgoraCoreService[22186]: (22186) /var/lib/jenkins/workspace/agora-release-linux-2/ServerSDK-Video/src/video_recorder/event_handler.cpp:1341: level 1: INFO    (12: 1: 5:232 |    0)  22201; CreateAgoraDefaultRender
AgoraCoreService[22186]: (22186) /var/lib/jenkins/workspace/agora-release-linux-2/ServerSDK-Video/src/video_recorder/event_handler.cpp:1341: level 1: INFO    (12: 1: 5:232 |    0)  22201; CreateVideoRenderer: interface=0x7facc41d5090
AgoraCoreService[22186]: (22186) /var/lib/jenkins/workspace/agora-release-linux-2/ServerSDK-Video/src/video_recorder/event_handler.cpp:1341: level 1: INFO    (12: 1: 5:233 |    1)  22201; VideoSendTrackImpl::UpdateRenderer, renderer=0x7facc41d50d0
AgoraCoreService[22186]: (22186) /var/lib/jenkins/workspace/agora-release-linux-2/ServerSDK-Video/src/video_recorder/event_handler.cpp:1341: level 1: INFO    (12: 1: 5:233 |    0)  22201; [MIO] video send track prepared !!
AgoraCoreService[22186]: (22186) /var/lib/jenkins/workspace/agora-release-linux-2/ServerSDK-Video/src/video_recorder/event_handler.cpp:1341: level 1: INFO    (12: 1: 5:233 |    0)  22201; [che] applyVideoProfile: 640x360 15 fps 500 kbps
AgoraCoreService[22186]: (22186) /var/lib/jenkins/workspace/agora-release-linux-2/ServerSDK-Video/src/video_recorder/event_handler.cpp:1341: level 1: INFO    (12: 1: 5:233 |    0)  22201; validateVideoParameters: validate video parameters resolution 640x360, fps 15, rate 500000
AgoraCoreService[22186]: (22186) /var/lib/jenkins/workspace/agora-release-linux-2/ServerSDK-Video/src/video_recorder/event_handler.cpp:1341: level 1: INFO    (12: 1: 5:233 |    0)  22201; setMaxVideoBitrate: max bitrate=500000
AgoraCoreService[22186]: (22186) /var/lib/jenkins/workspace/agora-release-linux-2/ServerSDK-Video/src/video_recorder/event_handler.cpp:1341: level 1: INFO    (12: 1: 5:233 |    0)  22201; setCodecRates: set frame rate to 15
AgoraCoreService[22186]: (22186) /var/lib/jenkins/workspace/agora-release-linux-2/ServerSDK-Video/src/video_recorder/event_handler.cpp:1341: level 1: INFO    (12: 1: 5:233 |    0)  22201; setCodec: index=1 width=640 height=360 framerate=15
AgoraCoreService[22186]: (22186) /var/lib/jenkins/workspace/agora-release-linux-2/ServerSDK-Video/src/video_recorder/event_handler.cpp:1341: level 1: INFO    (12: 1: 5:233 |    0)  22201; setCodecResolution: set to 640 x 360
AgoraCoreService[22186]: (22186) /var/lib/jenkins/workspace/agora-release-linux-2/ServerSDK-Video/src/video_recorder/event_handler.cpp:1341: level 1: INFO    (12: 1: 5:233 |    0)  22201; [che] chat engine initialized
AgoraCoreService[22186]: (22186) /var/lib/jenkins/workspace/agora-release-linux-2/ServerSDK-Video/src/video_recorder/event_handler.cpp:1341: level 1: INFO    (12: 1: 5:234 |    1)  22201; [vocs] vocs initialized
AgoraCoreService[22186]: (22186) /var/lib/jenkins/workspace/agora-release-linux-2/ServerSDK-Video/src/video_recorder/event_handler.cpp:1341: level 1: INFO    (12: 1: 5:234 |    0)  22201; [rs] report server ip: 221.6.115.123:8000
AgoraCoreService[22186]: (22186) /var/lib/jenkins/workspace/agora-release-linux-2/ServerSDK-Video/src/video_recorder/event_handler.cpp:1341: level 1: INFO    (12: 1: 5:234 |    0)  22201; [rlbs] selected: 221.228.78.123:9700
AgoraCoreService[22186]: (22186) /var/lib/jenkins/workspace/agora-release-linux-2/ServerSDK-Video/src/video_recorder/event_handler.cpp:1341: level 1: INFO    (12: 1: 5:235 |    1)  22201; [rlbs] request rs list from 221.228.78.123:9700.......
AgoraCoreService[22186]: (22186) /var/lib/jenkins/workspace/agora-release-linux-2/ServerSDK-Video/src/video_recorder/event_handler.cpp:1341: level 1: INFO    (12: 1: 5:235 |    0)  22201; CacheManager: save cache to storage elapsed 0
AgoraCoreService[22186]: (22186) /var/lib/jenkins/workspace/agora-release-linux-2/ServerSDK-Video/src/video_recorder/event_handler.cpp:1341: level 1: INFO    (12: 1: 5:235 |    0)  22201; [cm] emit join channel signal, size=2
AgoraCoreService[22186]: (22186) /var/lib/jenkins/workspace/agora-release-linux-2/ServerSDK-Video/src/video_recorder/event_handler.cpp:1341: level 1: INFO    (12: 1: 5:235 |    0)  22201; CacheManager: save cache to storage elapsed 0
AgoraCoreService[22186]: (22186) /var/lib/jenkins/workspace/agora-release-linux-2/ServerSDK-Video/src/video_recorder/event_handler.cpp:1341: level 1: INFO    (12: 1: 5:236 |    1)  22201; [vocs] lookup channel...
AgoraCoreService[22186]: (22186) /var/lib/jenkins/workspace/agora-release-linux-2/ServerSDK-Video/src/video_recorder/event_handler.cpp:1341: level 1: INFO    (12: 1: 5:236 |    0)  22201; [vocs] selected: 123.155.153.69:8000
AgoraCoreService[22186]: (22186) /var/lib/jenkins/workspace/agora-release-linux-2/ServerSDK-Video/src/video_recorder/event_handler.cpp:1341: level 1: INFO    (12: 1: 5:236 |    0)  22201; connecting to 123.155.153.69:8000 handle c420fdc0, 28
AgoraCoreService[22186]: (22186) /var/lib/jenkins/workspace/agora-release-linux-2/ServerSDK-Video/src/video_recorder/event_handler.cpp:1341: level 1: INFO    (12: 1: 5:236 |    0)  22201; [vocs] creating channel with 123.155.153.69:8000, ts 1522411265236.......
AgoraCoreService[22186]: (22186) /var/lib/jenkins/workspace/agora-release-linux-2/ServerSDK-Video/src/video_recorder/event_handler.cpp:1341: level 1: INFO    (12: 1: 5:236 |    0)  22201; [vocs] selected: 69.28.51.138:8000
AgoraCoreService[22186]: (22186) /var/lib/jenkins/workspace/agora-release-linux-2/ServerSDK-Video/src/video_recorder/event_handler.cpp:1341: level 1: INFO    (12: 1: 5:236 |    0)  22201; [vocs] creating channel with 69.28.51.138:8000, ts 1522411265236.......
AgoraCoreService[22186]: (22186) /var/lib/jenkins/workspace/agora-release-linux-2/ServerSDK-Video/src/video_recorder/event_handler.cpp:1341: level 1: INFO    (12: 1: 5:236 |    0)  22201; [vocs] selected: 221.228.202.134:8000
AgoraCoreService[22186]: (22186) /var/lib/jenkins/workspace/agora-release-linux-2/ServerSDK-Video/src/video_recorder/event_handler.cpp:1341: level 1: INFO    (12: 1: 5:236 |    0)  22201; [vocs] creating channel with 221.228.202.134:8000, ts 1522411265236.......
AgoraCoreService[22186]: (22186) /var/lib/jenkins/workspace/agora-release-linux-2/ServerSDK-Video/src/video_recorder/event_handler.cpp:1341: level 1: INFO    (12: 1: 5:236 |    0)  22201; [rp] {"che.audio.audioSampleRate":48000}
AgoraCoreService[22186]: (22186) /var/lib/jenkins/workspace/agora-release-linux-2/ServerSDK-Video/src/video_recorder/event_handler.cpp:1341: level 1: INFO    (12: 1: 5:237 |    1)  22201; [dns] parsed ip 128.1.87.146
AgoraCoreService[22186]: (22186) /var/lib/jenkins/workspace/agora-release-linux-2/ServerSDK-Video/src/video_recorder/event_handler.cpp:1341: level 1: INFO    (12: 1: 5:237 |    0)  22201; [dns] parsed ip 69.28.51.138
AgoraCoreService[22186]: (22186) /var/lib/jenkins/workspace/agora-release-linux-2/ServerSDK-Video/src/video_recorder/event_handler.cpp:1341: level 1: INFO    (12: 1: 5:237 |    0)  22201; [dns] parsed ip 119.9.92.49
AgoraCoreService[22186]: (22186) /var/lib/jenkins/workspace/agora-release-linux-2/ServerSDK-Video/src/video_recorder/event_handler.cpp:1341: level 1: INFO    (12: 1: 5:237 |    0)  22201; [dns] parsed ip 199.190.44.36
AgoraCoreService[22186]: (22186) /var/lib/jenkins/workspace/agora-release-linux-2/ServerSDK-Video/src/video_recorder/event_handler.cpp:1341: level 1: INFO    (12: 1: 5:237 |    0)  22201; [rs] dns parse result code: 0, servers size: 1
AgoraCoreService[22186]: (22186) /var/lib/jenkins/workspace/agora-release-linux-2/ServerSDK-Video/src/video_recorder/event_handler.cpp:1341: level 1: INFO    (12: 1: 5:237 |    0)  22201; [rs] dns parse and selected server: 223.111.12.227
AgoraCoreService[22186]: (22186) /var/lib/jenkins/workspace/agora-release-linux-2/ServerSDK-Video/src/video_recorder/event_handler.cpp:1341: level 1: INFO    (12: 1: 5:238 |    1)  22201; [dns] parsed ip 199.190.44.35
AgoraCoreService[22186]: (22186) /var/lib/jenkins/workspace/agora-release-linux-2/ServerSDK-Video/src/video_recorder/event_handler.cpp:1341: level 1: INFO    (12: 1: 5:391 |  153)  22201; [vocs/u] **responsed from 69.28.51.138:8000, 3 vos, elapsed 168, server ts 1522411264866, wan ip 139.59.134.76
AgoraCoreService[22186]: (22186) /var/lib/jenkins/workspace/agora-release-linux-2/ServerSDK-Video/src/video_recorder/event_handler.cpp:1341: level 1: INFO    (12: 1: 5:392 |    1)  22201; [vos] added server: 128.1.77.36:4004
AgoraCoreService[22186]: (22186) /var/lib/jenkins/workspace/agora-release-linux-2/ServerSDK-Video/src/video_recorder/event_handler.cpp:1341: level 1: INFO    (12: 1: 5:392 |    0)  22201; [vos] added server: 128.1.78.91:4010
AgoraCoreService[22186]: (22186) /var/lib/jenkins/workspace/agora-release-linux-2/ServerSDK-Video/src/video_recorder/event_handler.cpp:1341: level 1: INFO    (12: 1: 5:392 |    0)  22201; [vos] added server: 128.1.78.107:4007
AgoraCoreService[22186]: (22186) /var/lib/jenkins/workspace/agora-release-linux-2/ServerSDK-Video/src/video_recorder/event_handler.cpp:1341: level 1: INFO    (12: 1: 5:392 |    0)  22201; [ch0] vos initialized
AgoraCoreService[22186]: (22186) /var/lib/jenkins/workspace/agora-release-linux-2/ServerSDK-Video/src/video_recorder/event_handler.cpp:1341: level 1: INFO    (12: 1: 5:392 |    0)  22201; [vos] selected: 128.1.78.107:4007
AgoraCoreService[22186]: (22186) /var/lib/jenkins/workspace/agora-release-linux-2/ServerSDK-Video/src/video_recorder/event_handler.cpp:1341: level 4: ERROR   (12: 1: 5:393 |    1)  22201; [ch0] login strategy=2
AgoraCoreService[22186]: (22186) /var/lib/jenkins/workspace/agora-release-linux-2/ServerSDK-Video/src/video_recorder/event_handler.cpp:1341: level 1: INFO    (12: 1: 5:393 |    0)  22201; [ds]: ver 1 ds '{"streamType":5}'
AgoraCoreService[22186]: (22186) /var/lib/jenkins/workspace/agora-release-linux-2/ServerSDK-Video/src/video_recorder/event_handler.cpp:1341: level 1: INFO    (12: 1: 5:393 |    0)  22201; [ch0] Login VOS (proto:10, cid:1213065555, uid:662877573, ts:1522411265393, ticket size:84 ds:1 stream:+A+VH) 2: 128.1.78.107:4007
AgoraCoreService[22186]: (22186) /var/lib/jenkins/workspace/agora-release-linux-2/ServerSDK-Video/src/video_recorder/event_handler.cpp:1341: level 1: INFO    (12: 1: 5:393 |    0)  22201; add ping address 139.59.134.76
AgoraCoreService[22186]: (22186) /var/lib/jenkins/workspace/agora-release-linux-2/ServerSDK-Video/src/video_recorder/event_handler.cpp:1341: level 1: INFO    (12: 1: 5:393 |    0)  22201; PING 139.59.134.76:0 16(44) bytes of data
AgoraCoreService[22186]: (22186) /var/lib/jenkins/workspace/agora-release-linux-2/ServerSDK-Video/src/video_recorder/event_handler.cpp:1341: level 1: INFO    (12: 1: 5:404 |   11)  22201; [ch0] **VOS response to login request (res 0 elapsed 180, server ts 1522411264948, s-c:-456) from 128.1.78.107:4007, and current dest server 128.1.78.107:4007
AgoraCoreService[22186]: (22186) /var/lib/jenkins/workspace/agora-release-linux-2/ServerSDK-Video/src/video_recorder/event_handler.cpp:1341: level 1: INFO    (12: 1: 5:404 |    0)  22201; updateActiveVosList: ["128.1.78.107:4007"]
AgoraCoreService[22186]: (22186) /var/lib/jenkins/workspace/agora-release-linux-2/ServerSDK-Video/src/video_recorder/event_handler.cpp:1341: level 1: INFO    (12: 1: 5:404 |    0)  22201; [che] start call begins
AgoraCoreService[22186]: (22186) /var/lib/jenkins/workspace/agora-release-linux-2/ServerSDK-Video/src/video_recorder/event_handler.cpp:1341: level 1: INFO    (12: 1: 5:404 |    0)  22201; Set Application Mode in RTC Engine to No. 0
AgoraCoreService[22186]: (22186) /var/lib/jenkins/workspace/agora-release-linux-2/ServerSDK-Video/src/video_recorder/event_handler.cpp:1341: level 4: ERROR   (12: 1: 5:404 |    0)  22201; GetCodec() invalid index (error=8004)
AgoraCoreService[22186]: (22186) /var/lib/jenkins/workspace/agora-release-linux-2/ServerSDK-Video/src/video_recorder/event_handler.cpp:1341: level 1: INFO    (12: 1: 5:404 |    0)  22201; SetCodec by type : No. 85
AgoraCoreService[22186]: (22186) /var/lib/jenkins/workspace/agora-release-linux-2/ServerSDK-Video/src/video_recorder/event_handler.cpp:1341: level 1: INFO    (12: 1: 5:409 |    5)  22201; StartPlayout complete
AgoraCoreService[22186]: (22186) /var/lib/jenkins/workspace/agora-release-linux-2/ServerSDK-Video/src/video_recorder/event_handler.cpp:1341: level 1: INFO    (12: 1: 5:410 |    1)  22201; output: kDummyAudio
AgoraCoreService[22186]: (22186) /var/lib/jenkins/workspace/agora-release-linux-2/ServerSDK-Video/src/video_recorder/event_handler.cpp:1341: level 1: INFO    (12: 1: 5:419 |    9)  22201; StartRecording complete
AgoraCoreService[22186]: (22186) /var/lib/jenkins/workspace/agora-release-linux-2/ServerSDK-Video/src/video_recorder/event_handler.cpp:1341: level 4: ERROR   (12: 1: 5:419 |    0)  22201; SetAgcConfig() failed to set the range in |gain| the digital compression stage may apply (error=8097)
AgoraCoreService[22186]: (22186) /var/lib/jenkins/workspace/agora-release-linux-2/ServerSDK-Video/src/video_recorder/event_handler.cpp:1341: level 1: INFO    (12: 1: 5:419 |    0)  22201; SetHowlingControl enable = 0
AgoraCoreService[22186]: (22186) /var/lib/jenkins/workspace/agora-release-linux-2/ServerSDK-Video/src/video_recorder/event_handler.cpp:1341: level 1: INFO    (12: 1: 5:420 |    1)  22201; Application Config module:  Route 0, NS on, AEC N, AGC on, BSS off, HC on
AgoraCoreService[22186]: (22186) /var/lib/jenkins/workspace/agora-release-linux-2/ServerSDK-Video/src/video_recorder/event_handler.cpp:1341: level 1: INFO    (12: 1: 5:420 |    0)  22201; MID = 0, Routing = 0
AgoraCoreService[22186]: (22186) /var/lib/jenkins/workspace/agora-release-linux-2/ServerSDK-Video/src/video_recorder/event_handler.cpp:1341: level 1: INFO    (12: 1: 5:420 |    0)  22201; [che] applyVideoProfile: 640x360 15 fps 500 kbps
AgoraCoreService[22186]: (22186) /var/lib/jenkins/workspace/agora-release-linux-2/ServerSDK-Video/src/video_recorder/event_handler.cpp:1341: level 1: INFO    (12: 1: 5:420 |    0)  22201; validateVideoParameters: validate video parameters resolution 640x360, fps 15, rate 500000
AgoraCoreService[22186]: (22186) /var/lib/jenkins/workspace/agora-release-linux-2/ServerSDK-Video/src/video_recorder/event_handler.cpp:1341: level 1: INFO    (12: 1: 5:420 |    0)  22201; setMaxVideoBitrate: max bitrate=500000
AgoraCoreService[22186]: (22186) /var/lib/jenkins/workspace/agora-release-linux-2/ServerSDK-Video/src/video_recorder/event_handler.cpp:1341: level 1: INFO    (12: 1: 5:420 |    0)  22201; setCodecRates: set frame rate to 15
AgoraCoreService[22186]: (22186) /var/lib/jenkins/workspace/agora-release-linux-2/ServerSDK-Video/src/video_recorder/event_handler.cpp:1341: level 1: INFO    (12: 1: 5:420 |    0)  22201; setCodec: index=1 width=640 height=360 framerate=15
AgoraCoreService[22186]: (22186) /var/lib/jenkins/workspace/agora-release-linux-2/ServerSDK-Video/src/video_recorder/event_handler.cpp:1341: level 1: INFO    (12: 1: 5:420 |    0)  22201; setCodecResolution: set to 640 x 360
AgoraCoreService[22186]: (22186) /var/lib/jenkins/workspace/agora-release-linux-2/ServerSDK-Video/src/video_recorder/event_handler.cpp:1341: level 1: INFO    (12: 1: 5:420 |    0)  22201; CreateVideoCapturer: interface=0x7facc4172c90
AgoraCoreService[22186]: (22186) /var/lib/jenkins/workspace/agora-release-linux-2/ServerSDK-Video/src/video_recorder/event_handler.cpp:1341: level 1: INFO    (12: 1: 5:420 |    0)  22201; VideoSendTrackImpl::UpdateCapturer capturer=0x7facc421f9c0
AgoraCoreService[22186]: (22186) /var/lib/jenkins/workspace/agora-release-linux-2/ServerSDK-Video/src/video_recorder/event_handler.cpp:1341: level 1: INFO    (12: 1: 5:421 |    1)  22201; Create participant 0
AgoraCoreService[22186]: (22186) /var/lib/jenkins/workspace/agora-release-linux-2/ServerSDK-Video/src/video_recorder/event_handler.cpp:1341: level 1: INFO    (12: 1: 5:421 |    0)  22201; startCapture: device? 1024 init? 1 local enabled? 1 capturing? 0 rendering? 0
AgoraCoreService[22186]: (22186) /var/lib/jenkins/workspace/agora-release-linux-2/ServerSDK-Video/src/video_recorder/event_handler.cpp:1341: level 1: INFO    (12: 1: 5:421 |    0)  22201; startCapture: Receive Only Mode, capture still on. Encode will be turned off
AgoraCoreService[22186]: (22186) /var/lib/jenkins/workspace/agora-release-linux-2/ServerSDK-Video/src/video_recorder/event_handler.cpp:1341: level 1: INFO    (12: 1: 5:421 |    0)  22201; AgoraVideoInput::Init thread=1, type=100, device=External Device
AgoraCoreService[22186]: (22186) /var/lib/jenkins/workspace/agora-release-linux-2/ServerSDK-Video/src/video_recorder/event_handler.cpp:1341: level 1: INFO    (12: 1: 5:421 |    0)  22208; Thread with name:AgoraInputThread started 
AgoraCoreService[22186]: (22186) /var/lib/jenkins/workspace/agora-release-linux-2/ServerSDK-Video/src/video_recorder/event_handler.cpp:1341: level 1: INFO    (12: 1: 5:421 |    0)  22209; Thread with name:ExternalCaptureThread started 
AgoraCoreService[22186]: (22186) /var/lib/jenkins/workspace/agora-release-linux-2/ServerSDK-Video/src/video_recorder/event_handler.cpp:1341: level 1: INFO    (12: 1: 5:422 |    1)  22201; setCodec: index=1 width=640 height=360 framerate=15
AgoraCoreService[22186]: (22186) /var/lib/jenkins/workspace/agora-release-linux-2/ServerSDK-Video/src/video_recorder/event_handler.cpp:1341: level 1: INFO    (12: 1: 5:422 |    0)  22201; setMaxVideoBitrate: max bitrate=500000
AgoraCoreService[22186]: (22186) /var/lib/jenkins/workspace/agora-release-linux-2/ServerSDK-Video/src/video_recorder/event_handler.cpp:1341: level 1: INFO    (12: 1: 5:422 |    0)  22201; AgoraVideoInput::Start width=640, height=360, fps=15
AgoraCoreService[22186]: (22186) /var/lib/jenkins/workspace/agora-release-linux-2/ServerSDK-Video/src/video_recorder/event_handler.cpp:1341: level 1: INFO    (12: 1: 5:422 |    0)  22210; Thread with name:WebRtc_event_timer_thread started 
AgoraCoreService[22186]: (22186) /var/lib/jenkins/workspace/agora-release-linux-2/ServerSDK-Video/src/video_recorder/event_handler.cpp:1341: level 1: INFO    (12: 1: 5:422 |    0)  22201; startCapture: startCapture success
AgoraCoreService[22186]: (22186) /var/lib/jenkins/workspace/agora-release-linux-2/ServerSDK-Video/src/video_recorder/event_handler.cpp:1341: level 1: INFO    (12: 1: 5:422 |    0)  22201; RequestEncodeKeyFrame
AgoraCoreService[22186]: (22186) /var/lib/jenkins/workspace/agora-release-linux-2/ServerSDK-Video/src/video_recorder/event_handler.cpp:1341: level 1: INFO    (12: 1: 5:422 |    0)  22201; doStartLocalRender: init? 1 capture id -1 device 1024 capturing? 1 rendering? 0
AgoraCoreService[22186]: (22186) /var/lib/jenkins/workspace/agora-release-linux-2/ServerSDK-Video/src/video_recorder/event_handler.cpp:1341: level 1: INFO    (12: 1: 5:422 |    0)  22201; doStartLocalRender: Receive Only Mode, local renderer still on.
AgoraCoreService[22186]: (22186) /var/lib/jenkins/workspace/agora-release-linux-2/ServerSDK-Video/src/video_recorder/event_handler.cpp:1341: level 1: INFO    (12: 1: 5:422 |    0)  22201; doStartLocalRender: init? 1 capture id -1 device 1024 capturing? 1 rendering? 0
AgoraCoreService[22186]: (22186) /var/lib/jenkins/workspace/agora-release-linux-2/ServerSDK-Video/src/video_recorder/event_handler.cpp:1341: level 1: INFO    (12: 1: 5:423 |    1)  22201; doStartLocalRender: Receive Only Mode, local renderer still on.
AgoraCoreService[22186]: (22186) /var/lib/jenkins/workspace/agora-release-linux-2/ServerSDK-Video/src/video_recorder/event_handler.cpp:1341: level 1: INFO    (12: 1: 5:423 |    0)  22201; [che] start call returns 0, elapsed 18
AgoraCoreService[22186]: (22186) /var/lib/jenkins/workspace/agora-release-linux-2/ServerSDK-Video/src/video_recorder/event_handler.cpp:1341: level 1: INFO    (12: 1: 5:423 |    0)  22201; Setting dtx mode to 2
AgoraCoreService[22186]: (22186) /var/lib/jenkins/workspace/agora-release-linux-2/ServerSDK-Video/src/video_recorder/event_handler.cpp:1341: level 1: INFO    (12: 1: 5:423 |    0)  22201; setNetEQMinimumPlayoutDelay delay(100)
AgoraCoreService[22186]: (22186) /var/lib/jenkins/workspace/agora-release-linux-2/ServerSDK-Video/src/video_recorder/event_handler.cpp:1341: level 1: INFO    (12: 1: 5:423 |    0)  22201; join channel success: cname 'police_4_3' uid 662877573 elapsed 200
AgoraCoreService[22186]: (22186) /var/lib/jenkins/workspace/agora-release-linux-2/ServerSDK-Video/src/video_recorder/event_handler.cpp:1054: Channel counters: mix mode:0 , min port:-1 , max port:-1 ,decode audio:0 , decode_video:0 , is live:0 , idle:300 , is audio only:0 ,syslog facility:8 , mix mode height:360 , mix mode width:640 , mix mode fps:15 , mix mode kbps:500 , mix av:0, streamType:0, triggerMode:0, lang:0
AgoraCoreService[22186]: (22186) /var/lib/jenkins/workspace/agora-release-linux-2/ServerSDK-Video/src/video_recorder/event_handler.cpp:1341: level 1: INFO    (12: 1: 5:423 |    0)  22201; CacheManager: save cache to storage elapsed 0
AgoraCoreService[22186]: (22186) /var/lib/jenkins/workspace/agora-release-linux-2/ServerSDK-Video/src/video_recorder/event_handler.cpp:1341: level 1: INFO    (12: 1: 5:424 |    1)  22202; Channel counters: mix mode:0 , min port:-1 , max port:-1 ,decode audio:0 , decode_video:0 , is live:0 , idle:300 , is audio only:0 ,syslog facility:8 , mix mode height:360 , mix mode width:640 , mix mode fps:15 , mi
AgoraCoreService[22186]: (22186) /var/lib/jenkins/workspace/agora-release-linux-2/ServerSDK-Video/src/video_recorder/event_handler.cpp:1128: User 662877573 join channel police_4_3 success, elapsed: 200 ms
AgoraCoreService[22186]: (22186) /var/lib/jenkins/workspace/agora-release-linux-2/ServerSDK-Video/src/video_recorder/event_handler.cpp:1341: level 1: INFO    (12: 1: 5:424 |    0)  22202; User 662877573 join channel police_4_3 success, elapsed: 200 ms
AgoraCoreService[22186]: (22186) /var/lib/jenkins/workspace/agora-release-linux-2/ServerSDK-Video/src/video_recorder/event_handler.cpp:1341: level 1: INFO    (12: 1: 5:431 |    7)  22201; [ch0] rtt: 8
AgoraCoreService[22186]: (22186) /var/lib/jenkins/workspace/agora-release-linux-2/ServerSDK-Video/src/video_recorder/event_handler.cpp:1341: level 1: INFO    (12: 1: 5:488 |   57)  22208; [che] onVideoSizeChanged: uid 0 640x360 rotate 0
AgoraCoreService[22186]: (22186) /var/lib/jenkins/workspace/agora-release-linux-2/ServerSDK-Video/src/video_recorder/event_handler.cpp:1341: level 1: INFO    (12: 1: 7:405 |    0)  22201; notifyPeerCount: cnt 0
AgoraCoreService[22186]: (22186) /var/lib/jenkins/workspace/agora-release-linux-2/ServerSDK-Video/src/video_recorder/event_handler.cpp:1341: level 1: INFO    (12: 1:10:224 |    0)  22201; [rlbs] selected: 199.190.44.35:9700
AgoraCoreService[22186]: (22186) /var/lib/jenkins/workspace/agora-release-linux-2/ServerSDK-Video/src/video_recorder/event_handler.cpp:1341: level 1: INFO    (12: 1:10:224 |    0)  22201; [rlbs] request rs list from 199.190.44.35:9700.......
AgoraCoreService[22186]: (22186) /var/lib/jenkins/workspace/agora-release-linux-2/ServerSDK-Video/src/video_recorder/event_handler.cpp:1341: level 1: INFO    (12: 1:10:224 |    0)  22201; [rs] **report stats: seq: 10, report list size 10, tx/rx: 2031/240, cache size: 0, report success rate: -1
AgoraCoreService[22186]: (22186) /var/lib/jenkins/workspace/agora-release-linux-2/ServerSDK-Video/src/video_recorder/event_handler.cpp:1341: level 1: INFO    (12: 1:10:433 |  209)  22201; [rlbs/u] responsed from 199.190.44.35:9700 with servers 128.1.78.91:8000
AgoraCoreService[22186]: (22186) /var/lib/jenkins/workspace/agora-release-linux-2/ServerSDK-Video/src/video_recorder/event_handler.cpp:1341: level 1: INFO    (12: 1:11:409 |    0)  22203; Audio statistics - play count: playout count = 200  signal level: far_in = 0
recorder_local[22185]: (22185) /var/lib/jenkins/workspace/agora-release-linux-2/ServerSDK-Video/src/rec_engine/RecordingEngineImpl.cpp:502: [Wrapper] channel id: police_4_3 packet stats, total: 0, callback_->AudioFrameReceived: pcmPackets: 0, pcmTotalPackets: 0, aacPackets: 0, yuvF2Packets: 0, h264F2Packets: 0, errPackets: 0, otherPackets: 0
AgoraCoreService[22186]: (22186) /var/lib/jenkins/workspace/agora-release-linux-2/ServerSDK-Video/src/video_recorder/event_handler.cpp:907: [ARS/15s]event cnts:0, audio pkts:0, mix audio pkts:0, yuv video pkts:0, h264 video pkts:0
AgoraCoreService[22186]: (22186) /var/lib/jenkins/workspace/agora-release-linux-2/ServerSDK-Video/src/video_recorder/event_handler.cpp:1341: level 1: INFO    (12: 1:20:236 |    0)  22186; [ARS/15s]event cnts:0, audio pkts:0, mix audio pkts:0, yuv video pkts:0, h264 video pkts:0
recorder_local[22185]: (22185) /var/lib/jenkins/workspace/agora-release-linux-2/ServerSDK-Video/src/rec_engine/RecordingEngineImpl.cpp:502: [Wrapper] channel id: police_4_3 packet stats, total: 0, callback_->AudioFrameReceived: pcmPackets: 0, pcmTotalPackets: 0, aacPackets: 0, yuvF2Packets: 0, h264F2Packets: 0, errPackets: 0, otherPackets: 0
AgoraCoreService[22186]: (22186) /var/lib/jenkins/workspace/agora-release-linux-2/ServerSDK-Video/src/video_recorder/event_handler.cpp:1341: level 1: INFO    (12: 1:25:409 |  173)  22203; Audio statistics - play count: playout count = 600  signal level: far_in = 0
recorder_local[22185]: (22185) /var/lib/jenkins/workspace/agora-release-linux-2/ServerSDK-Video/src/rec_engine/RecordingEngineImpl.cpp:502: [Wrapper] channel id: police_4_3 packet stats, total: 0, callback_->AudioFrameReceived: pcmPackets: 0, pcmTotalPackets: 0, aacPackets: 0, yuvF2Packets: 0, h264F2Packets: 0, errPackets: 0, otherPackets: 0
AgoraCoreService[22186]: (22186) /var/lib/jenkins/workspace/agora-release-linux-2/ServerSDK-Video/src/video_recorder/event_handler.cpp:907: [ARS/15s]event cnts:0, audio pkts:0, mix audio pkts:0, yuv video pkts:0, h264 video pkts:0
AgoraCoreService[22186]: (22186) /var/lib/jenkins/workspace/agora-release-linux-2/ServerSDK-Video/src/video_recorder/event_handler.cpp:1341: level 1: INFO    (12: 1:35:247 |    0)  22186; [ARS/15s]event cnts:0, audio pkts:0, mix audio pkts:0, yuv video pkts:0, h264 video pkts:0
AgoraCoreService[22186]: (22186) /var/lib/jenkins/workspace/agora-release-linux-2/ServerSDK-Video/src/video_recorder/event_handler.cpp:1341: level 1: INFO    (12: 1:39:224 |    0)  22201; **CALL STATS: duraton 31s cpu app/total 1.46/20.18 battery 255 tx/rx: 1/1 kbps 9.1016K/4.934K bytes
AgoraCoreService[22186]: (22186) /var/lib/jenkins/workspace/agora-release-linux-2/ServerSDK-Video/src/video_recorder/event_handler.cpp:1341: level 1: INFO    (12: 1:43:409 |  185)  22203; Audio statistics - play count: playout count = 600  signal level: far_in = 0
AgoraCoreService[22186]: (22186) /var/lib/jenkins/workspace/agora-release-linux-2/ServerSDK-Video/src/video_recorder/event_handler.cpp:1341: level 1: INFO    (12: 1:45:224 |    0)  22201; [rs] **report stats: seq: 23, report list size 23, tx/rx: 5969/1104, cache size: 0, report success rate: 100
recorder_local[22185]: (22185) /var/lib/jenkins/workspace/agora-release-linux-2/ServerSDK-Video/src/rec_engine/RecordingEngineImpl.cpp:502: [Wrapper] channel id: police_4_3 packet stats, total: 0, callback_->AudioFrameReceived: pcmPackets: 0, pcmTotalPackets: 0, aacPackets: 0, yuvF2Packets: 0, h264F2Packets: 0, errPackets: 0, otherPackets: 0
AgoraCoreService[22186]: (22186) /var/lib/jenkins/workspace/agora-release-linux-2/ServerSDK-Video/src/video_recorder/event_handler.cpp:907: [ARS/15s]event cnts:0, audio pkts:0, mix audio pkts:0, yuv video pkts:0, h264 video pkts:0
AgoraCoreService[22186]: (22186) /var/lib/jenkins/workspace/agora-release-linux-2/ServerSDK-Video/src/video_recorder/event_handler.cpp:1341: level 1: INFO    (12: 1:50:261 |   37)  22186; [ARS/15s]event cnts:0, audio pkts:0, mix audio pkts:0, yuv video pkts:0, h264 video pkts:0
recorder_local[22185]: (22185) /var/lib/jenkins/workspace/agora-release-linux-2/ServerSDK-Video/src/rec_engine/RecordingEngineImpl.cpp:502: [Wrapper] channel id: police_4_3 packet stats, total: 0, callback_->AudioFrameReceived: pcmPackets: 0, pcmTotalPackets: 0, aacPackets: 0, yuvF2Packets: 0, h264F2Packets: 0, errPackets: 0, otherPackets: 0
AgoraCoreService[22186]: (22186) /var/lib/jenkins/workspace/agora-release-linux-2/ServerSDK-Video/src/video_recorder/event_handler.cpp:1341: level 1: INFO    (12: 2: 1:409 |  148)  22203; Audio statistics - play count: playout count = 600  signal level: far_in = 0
recorder_local[22185]: (22185) /var/lib/jenkins/workspace/agora-release-linux-2/ServerSDK-Video/src/rec_engine/RecordingEngineImpl.cpp:502: [Wrapper] channel id: police_4_3 packet stats, total: 0, callback_->AudioFrameReceived: pcmPackets: 0, pcmTotalPackets: 0, aacPackets: 0, yuvF2Packets: 0, h264F2Packets: 0, errPackets: 0, otherPackets: 0
AgoraCoreService[22186]: (22186) /var/lib/jenkins/workspace/agora-release-linux-2/ServerSDK-Video/src/video_recorder/event_handler.cpp:907: [ARS/15s]event cnts:0, audio pkts:0, mix audio pkts:0, yuv video pkts:0, h264 video pkts:0
AgoraCoreService[22186]: (22186) /var/lib/jenkins/workspace/agora-release-linux-2/ServerSDK-Video/src/video_recorder/event_handler.cpp:1341: level 1: INFO    (12: 2: 5:276 |    0)  22186; [ARS/15s]event cnts:0, audio pkts:0, mix audio pkts:0, yuv video pkts:0, h264 video pkts:0
AgoraCoreService[22186]: (22186) /var/lib/jenkins/workspace/agora-release-linux-2/ServerSDK-Video/src/video_recorder/event_handler.cpp:1341: level 1: INFO    (12: 2:11:225 |    0)  22201; **CALL STATS: duraton 1m3s cpu app/total 1.48/19.9 battery 255 tx/rx: 1/1 kbps 16.394K/8.672K bytes
AgoraCoreService[22186]: (22186) /var/lib/jenkins/workspace/agora-release-linux-2/ServerSDK-Video/src/video_recorder/event_handler.cpp:1341: level 1: INFO    (12: 2:15:224 |    0)  22201; [rs] **report stats: seq: 32, report list size 32, tx/rx: 8038/1536, cache size: 0, report success rate: 100
recorder_local[22185]: (22185) /var/lib/jenkins/workspace/agora-release-linux-2/ServerSDK-Video/src/rec_engine/RecordingEngineImpl.cpp:502: [Wrapper] channel id: police_4_3 packet stats, total: 0, callback_->AudioFrameReceived: pcmPackets: 0, pcmTotalPackets: 0, aacPackets: 0, yuvF2Packets: 0, h264F2Packets: 0, errPackets: 0, otherPackets: 0
AgoraCoreService[22186]: (22186) /var/lib/jenkins/workspace/agora-release-linux-2/ServerSDK-Video/src/video_recorder/event_handler.cpp:1341: level 1: INFO    (12: 2:19:409 |  185)  22203; Audio statistics - play count: playout count = 600  signal level: far_in = 0
AgoraCoreService[22186]: (22186) /var/lib/jenkins/workspace/agora-release-linux-2/ServerSDK-Video/src/video_recorder/event_handler.cpp:907: [ARS/15s]event cnts:0, audio pkts:0, mix audio pkts:0, yuv video pkts:0, h264 video pkts:0
AgoraCoreService[22186]: (22186) /var/lib/jenkins/workspace/agora-release-linux-2/ServerSDK-Video/src/video_recorder/event_handler.cpp:1341: level 1: INFO    (12: 2:20:290 |    0)  22186; [ARS/15s]event cnts:0, audio pkts:0, mix audio pkts:0, yuv video pkts:0, h264 video pkts:0
recorder_local[22185]: (22185) /var/lib/jenkins/workspace/agora-release-linux-2/ServerSDK-Video/src/rec_engine/RecordingEngineImpl.cpp:502: [Wrapper] channel id: police_4_3 packet stats, total: 0, callback_->AudioFrameReceived: pcmPackets: 0, pcmTotalPackets: 0, aacPackets: 0, yuvF2Packets: 0, h264F2Packets: 0, errPackets: 0, otherPackets: 0
recorder_local[22185]: (22185) /var/lib/jenkins/workspace/agora-release-linux-2/ServerSDK-Video/src/rec_engine/RecordingEngineImpl.cpp:502: [Wrapper] channel id: police_4_3 packet stats, total: 0, callback_->AudioFrameReceived: pcmPackets: 0, pcmTotalPackets: 0, aacPackets: 0, yuvF2Packets: 0, h264F2Packets: 0, errPackets: 0, otherPackets: 0
AgoraCoreService[22186]: (22186) /var/lib/jenkins/workspace/agora-release-linux-2/ServerSDK-Video/src/video_recorder/event_handler.cpp:907: [ARS/15s]event cnts:0, audio pkts:0, mix audio pkts:0, yuv video pkts:0, h264 video pkts:0
AgoraCoreService[22186]: (22186) /var/lib/jenkins/workspace/agora-release-linux-2/ServerSDK-Video/src/video_recorder/event_handler.cpp:1341: level 1: INFO    (12: 2:35:303 |   13)  22186; [ARS/15s]event cnts:0, audio pkts:0, mix audio pkts:0, yuv video pkts:0, h264 video pkts:0
AgoraCoreService[22186]: (22186) /var/lib/jenkins/workspace/agora-release-linux-2/ServerSDK-Video/src/video_recorder/event_handler.cpp:1341: level 1: INFO    (12: 2:37:409 |  106)  22203; Audio statistics - play count: playout count = 600  signal level: far_in = 0
AgoraCoreService[22186]: (22186) /var/lib/jenkins/workspace/agora-release-linux-2/ServerSDK-Video/src/video_recorder/event_handler.cpp:1341: level 1: INFO    (12: 2:43:224 |    0)  22201; **CALL STATS: duraton 1m35s cpu app/total 1.48/18.0 battery 255 tx/rx: 2/0 kbps 22.1020K/12.332K bytes
recorder_local[22185]: (22185) /var/lib/jenkins/workspace/agora-release-linux-2/ServerSDK-Video/src/rec_engine/RecordingEngineImpl.cpp:502: [Wrapper] channel id: police_4_3 packet stats, total: 0, callback_->AudioFrameReceived: pcmPackets: 0, pcmTotalPackets: 0, aacPackets: 0, yuvF2Packets: 0, h264F2Packets: 0, errPackets: 0, otherPackets: 0
AgoraCoreService[22186]: (22186) /var/lib/jenkins/workspace/agora-release-linux-2/ServerSDK-Video/src/video_recorder/event_handler.cpp:1341: level 1: INFO    (12: 2:50:224 |    0)  22201; [rs] **report stats: seq: 43, report list size 22, tx/rx: 10551/2064, cache size: 0, report success rate: 100
AgoraCoreService[22186]: (22186) /var/lib/jenkins/workspace/agora-release-linux-2/ServerSDK-Video/src/video_recorder/event_handler.cpp:907: [ARS/15s]event cnts:0, audio pkts:0, mix audio pkts:0, yuv video pkts:0, h264 video pkts:0
AgoraCoreService[22186]: (22186) /var/lib/jenkins/workspace/agora-release-linux-2/ServerSDK-Video/src/video_recorder/event_handler.cpp:1341: level 1: INFO    (12: 2:50:316 |   92)  22186; [ARS/15s]event cnts:0, audio pkts:0, mix audio pkts:0, yuv video pkts:0, h264 video pkts:0
recorder_local[22185]: (22185) /var/lib/jenkins/workspace/agora-release-linux-2/ServerSDK-Video/src/rec_engine/RecordingEngineImpl.cpp:502: [Wrapper] channel id: police_4_3 packet stats, total: 0, callback_->AudioFrameReceived: pcmPackets: 0, pcmTotalPackets: 0, aacPackets: 0, yuvF2Packets: 0, h264F2Packets: 0, errPackets: 0, otherPackets: 0
AgoraCoreService[22186]: (22186) /var/lib/jenkins/workspace/agora-release-linux-2/ServerSDK-Video/src/video_recorder/event_handler.cpp:1341: level 1: INFO    (12: 2:55:409 |   93)  22203; Audio statistics - play count: playout count = 600  signal level: far_in = 0
recorder_local[22185]: (22185) /var/lib/jenkins/workspace/agora-release-linux-2/ServerSDK-Video/src/rec_engine/RecordingEngineImpl.cpp:502: [Wrapper] channel id: police_4_3 packet stats, total: 0, callback_->AudioFrameReceived: pcmPackets: 0, pcmTotalPackets: 0, aacPackets: 0, yuvF2Packets: 0, h264F2Packets: 0, errPackets: 0, otherPackets: 0
AgoraCoreService[22186]: (22186) /var/lib/jenkins/workspace/agora-release-linux-2/ServerSDK-Video/src/video_recorder/event_handler.cpp:907: [ARS/15s]event cnts:0, audio pkts:0, mix audio pkts:0, yuv video pkts:0, h264 video pkts:0
AgoraCoreService[22186]: (22186) /var/lib/jenkins/workspace/agora-release-linux-2/ServerSDK-Video/src/video_recorder/event_handler.cpp:1341: level 1: INFO    (12: 3: 5:329 |    0)  22186; [ARS/15s]event cnts:0, audio pkts:0, mix audio pkts:0, yuv video pkts:0, h264 video pkts:0
AgoraCoreService[22186]: (22186) /var/lib/jenkins/workspace/agora-release-linux-2/ServerSDK-Video/src/video_recorder/event_handler.cpp:1341: level 1: INFO    (12: 3:13:224 |    0)  22201; **CALL STATS: duraton 2m5s cpu app/total 1.73/19.48 battery 255 tx/rx: 2/0 kbps 29.72K/15.842K bytes
AgoraCoreService[22186]: (22186) /var/lib/jenkins/workspace/agora-release-linux-2/ServerSDK-Video/src/video_recorder/event_handler.cpp:1341: level 1: INFO    (12: 3:13:409 |  185)  22203; Audio statistics - play count: playout count = 600  signal level: far_in = 0
recorder_local[22185]: (22185) /var/lib/jenkins/workspace/agora-release-linux-2/ServerSDK-Video/src/rec_engine/RecordingEngineImpl.cpp:502: [Wrapper] channel id: police_4_3 packet stats, total: 0, callback_->AudioFrameReceived: pcmPackets: 0, pcmTotalPackets: 0, aacPackets: 0, yuvF2Packets: 0, h264F2Packets: 0, errPackets: 0, otherPackets: 0
AgoraCoreService[22186]: (22186) /var/lib/jenkins/workspace/agora-release-linux-2/ServerSDK-Video/src/video_recorder/event_handler.cpp:1341: level 1: INFO    (12: 3:20:224 |    0)  22201; [rs] **report stats: seq: 52, report list size 22, tx/rx: 12610/2496, cache size: 0, report success rate: 100
AgoraCoreService[22186]: (22186) /var/lib/jenkins/workspace/agora-release-linux-2/ServerSDK-Video/src/video_recorder/event_handler.cpp:907: [ARS/15s]event cnts:0, audio pkts:0, mix audio pkts:0, yuv video pkts:0, h264 video pkts:0
AgoraCoreService[22186]: (22186) /var/lib/jenkins/workspace/agora-release-linux-2/ServerSDK-Video/src/video_recorder/event_handler.cpp:1341: level 1: INFO    (12: 3:20:345 |  121)  22186; [ARS/15s]event cnts:0, audio pkts:0, mix audio pkts:0, yuv video pkts:0, h264 video pkts:0
recorder_local[22185]: (22185) /var/lib/jenkins/workspace/agora-release-linux-2/ServerSDK-Video/src/rec_engine/RecordingEngineImpl.cpp:502: [Wrapper] channel id: police_4_3 packet stats, total: 0, callback_->AudioFrameReceived: pcmPackets: 0, pcmTotalPackets: 0, aacPackets: 0, yuvF2Packets: 0, h264F2Packets: 0, errPackets: 0, otherPackets: 0
AgoraCoreService[22186]: (22186) /var/lib/jenkins/workspace/agora-release-linux-2/ServerSDK-Video/src/video_recorder/event_handler.cpp:1341: level 1: INFO    (12: 3:31:409 |   64)  22203; Audio statistics - play count: playout count = 600  signal level: far_in = 0
recorder_local[22185]: (22185) /var/lib/jenkins/workspace/agora-release-linux-2/ServerSDK-Video/src/rec_engine/RecordingEngineImpl.cpp:502: [Wrapper] channel id: police_4_3 packet stats, total: 0, callback_->AudioFrameReceived: pcmPackets: 0, pcmTotalPackets: 0, aacPackets: 0, yuvF2Packets: 0, h264F2Packets: 0, errPackets: 0, otherPackets: 0
AgoraCoreService[22186]: (22186) /var/lib/jenkins/workspace/agora-release-linux-2/ServerSDK-Video/src/video_recorder/event_handler.cpp:907: [ARS/15s]event cnts:0, audio pkts:0, mix audio pkts:0, yuv video pkts:0, h264 video pkts:0
AgoraCoreService[22186]: (22186) /var/lib/jenkins/workspace/agora-release-linux-2/ServerSDK-Video/src/video_recorder/event_handler.cpp:1341: level 1: INFO    (12: 3:35:360 |    0)  22186; [ARS/15s]event cnts:0, audio pkts:0, mix audio pkts:0, yuv video pkts:0, h264 video pkts:0
AgoraCoreService[22186]: (22186) /var/lib/jenkins/workspace/agora-release-linux-2/ServerSDK-Video/src/video_recorder/event_handler.cpp:1341: level 1: INFO    (12: 3:45:225 |    0)  22201; **CALL STATS: duraton 2m37s cpu app/total 1.33/25.0 battery 255 tx/rx: 2/1 kbps 35.412K/19.580K bytes
recorder_local[22185]: (22185) /var/lib/jenkins/workspace/agora-release-linux-2/ServerSDK-Video/src/rec_engine/RecordingEngineImpl.cpp:502: [Wrapper] channel id: police_4_3 packet stats, total: 0, callback_->AudioFrameReceived: pcmPackets: 0, pcmTotalPackets: 0, aacPackets: 0, yuvF2Packets: 0, h264F2Packets: 0, errPackets: 0, otherPackets: 0
AgoraCoreService[22186]: (22186) /var/lib/jenkins/workspace/agora-release-linux-2/ServerSDK-Video/src/video_recorder/event_handler.cpp:1341: level 1: INFO    (12: 3:49:409 |  184)  22203; Audio statistics - play count: playout count = 600  signal level: far_in = 0
AgoraCoreService[22186]: (22186) /var/lib/jenkins/workspace/agora-release-linux-2/ServerSDK-Video/src/video_recorder/event_handler.cpp:907: [ARS/15s]event cnts:0, audio pkts:0, mix audio pkts:0, yuv video pkts:0, h264 video pkts:0
AgoraCoreService[22186]: (22186) /var/lib/jenkins/workspace/agora-release-linux-2/ServerSDK-Video/src/video_recorder/event_handler.cpp:1341: level 1: INFO    (12: 3:50:373 |    0)  22186; [ARS/15s]event cnts:0, audio pkts:0, mix audio pkts:0, yuv video pkts:0, h264 video pkts:0
AgoraCoreService[22186]: (22186) /var/lib/jenkins/workspace/agora-release-linux-2/ServerSDK-Video/src/video_recorder/event_handler.cpp:1341: level 1: INFO    (12: 3:55:224 |    0)  22201; [rs] **report stats: seq: 62, report list size 22, tx/rx: 14922/2976, cache size: 0, report success rate: 100
recorder_local[22185]: (22185) /var/lib/jenkins/workspace/agora-release-linux-2/ServerSDK-Video/src/rec_engine/RecordingEngineImpl.cpp:502: [Wrapper] channel id: police_4_3 packet stats, total: 0, callback_->AudioFrameReceived: pcmPackets: 0, pcmTotalPackets: 0, aacPackets: 0, yuvF2Packets: 0, h264F2Packets: 0, errPackets: 0, otherPackets: 0
recorder_local[22185]: (22185) /var/lib/jenkins/workspace/agora-release-linux-2/ServerSDK-Video/src/rec_engine/RecordingEngineImpl.cpp:502: [Wrapper] channel id: police_4_3 packet stats, total: 0, callback_->AudioFrameReceived: pcmPackets: 0, pcmTotalPackets: 0, aacPackets: 0, yuvF2Packets: 0, h264F2Packets: 0, errPackets: 0, otherPackets: 0
AgoraCoreService[22186]: (22186) /var/lib/jenkins/workspace/agora-release-linux-2/ServerSDK-Video/src/video_recorder/event_handler.cpp:907: [ARS/15s]event cnts:0, audio pkts:0, mix audio pkts:0, yuv video pkts:0, h264 video pkts:0
AgoraCoreService[22186]: (22186) /var/lib/jenkins/workspace/agora-release-linux-2/ServerSDK-Video/src/video_recorder/event_handler.cpp:1341: level 1: INFO    (12: 4: 5:388 |  164)  22186; [ARS/15s]event cnts:0, audio pkts:0, mix audio pkts:0, yuv video pkts:0, h264 video pkts:0
AgoraCoreService[22186]: (22186) /var/lib/jenkins/workspace/agora-release-linux-2/ServerSDK-Video/src/video_recorder/event_handler.cpp:1341: level 1: INFO    (12: 4: 7:409 |   21)  22203; Audio statistics - play count: playout count = 600  signal level: far_in = 0
recorder_local[22185]: (22185) /var/lib/jenkins/workspace/agora-release-linux-2/ServerSDK-Video/src/rec_engine/RecordingEngineImpl.cpp:502: [Wrapper] channel id: police_4_3 packet stats, total: 0, callback_->AudioFrameReceived: pcmPackets: 0, pcmTotalPackets: 0, aacPackets: 0, yuvF2Packets: 0, h264F2Packets: 0, errPackets: 0, otherPackets: 0
AgoraCoreService[22186]: (22186) /var/lib/jenkins/workspace/agora-release-linux-2/ServerSDK-Video/src/video_recorder/event_handler.cpp:1341: level 1: INFO    (12: 4:17:224 |    0)  22201; **CALL STATS: duraton 3m9s cpu app/total 1.77/20.53 battery 255 tx/rx: 1/1 kbps 41.819K/23.366K bytes
AgoraCoreService[22186]: (22186) /var/lib/jenkins/workspace/agora-release-linux-2/ServerSDK-Video/src/video_recorder/event_handler.cpp:907: [ARS/15s]event cnts:0, audio pkts:0, mix audio pkts:0, yuv video pkts:0, h264 video pkts:0
AgoraCoreService[22186]: (22186) /var/lib/jenkins/workspace/agora-release-linux-2/ServerSDK-Video/src/video_recorder/event_handler.cpp:1341: level 1: INFO    (12: 4:20:402 |  178)  22186; [ARS/15s]event cnts:0, audio pkts:0, mix audio pkts:0, yuv video pkts:0, h264 video pkts:0
recorder_local[22185]: (22185) /var/lib/jenkins/workspace/agora-release-linux-2/ServerSDK-Video/src/rec_engine/RecordingEngineImpl.cpp:502: [Wrapper] channel id: police_4_3 packet stats, total: 0, callback_->AudioFrameReceived: pcmPackets: 0, pcmTotalPackets: 0, aacPackets: 0, yuvF2Packets: 0, h264F2Packets: 0, errPackets: 0, otherPackets: 0
AgoraCoreService[22186]: (22186) /var/lib/jenkins/workspace/agora-release-linux-2/ServerSDK-Video/src/video_recorder/event_handler.cpp:1341: level 1: INFO    (12: 4:25:409 |    7)  22203; Audio statistics - play count: playout count = 600  signal level: far_in = 0
AgoraCoreService[22186]: (22186) /var/lib/jenkins/workspace/agora-release-linux-2/ServerSDK-Video/src/video_recorder/event_handler.cpp:1341: level 1: INFO    (12: 4:30:224 |    0)  22201; [rs] **report stats: seq: 73, report list size 23, tx/rx: 17440/3504, cache size: 0, report success rate: 100
recorder_local[22185]: (22185) /var/lib/jenkins/workspace/agora-release-linux-2/ServerSDK-Video/src/rec_engine/RecordingEngineImpl.cpp:502: [Wrapper] channel id: police_4_3 packet stats, total: 0, callback_->AudioFrameReceived: pcmPackets: 0, pcmTotalPackets: 0, aacPackets: 0, yuvF2Packets: 0, h264F2Packets: 0, errPackets: 0, otherPackets: 0
AgoraCoreService[22186]: (22186) /var/lib/jenkins/workspace/agora-release-linux-2/ServerSDK-Video/src/video_recorder/event_handler.cpp:907: [ARS/15s]event cnts:0, audio pkts:0, mix audio pkts:0, yuv video pkts:0, h264 video pkts:0
AgoraCoreService[22186]: (22186) /var/lib/jenkins/workspace/agora-release-linux-2/ServerSDK-Video/src/video_recorder/event_handler.cpp:1341: level 1: INFO    (12: 4:35:416 |  192)  22186; [ARS/15s]event cnts:0, audio pkts:0, mix audio pkts:0, yuv video pkts:0, h264 video pkts:0
AgoraCoreService[22186]: (22186) /var/lib/jenkins/workspace/agora-release-linux-2/ServerSDK-Video/src/video_recorder/event_handler.cpp:1341: level 1: INFO    (12: 4:43:409 |    0)  22203; Audio statistics - play count: playout count = 600  signal level: far_in = 0
recorder_local[22185]: (22185) /var/lib/jenkins/workspace/agora-release-linux-2/ServerSDK-Video/src/rec_engine/RecordingEngineImpl.cpp:502: [Wrapper] channel id: police_4_3 packet stats, total: 0, callback_->AudioFrameReceived: pcmPackets: 0, pcmTotalPackets: 0, aacPackets: 0, yuvF2Packets: 0, h264F2Packets: 0, errPackets: 0, otherPackets: 0
AgoraCoreService[22186]: (22186) /var/lib/jenkins/workspace/agora-release-linux-2/ServerSDK-Video/src/video_recorder/event_handler.cpp:1341: level 1: INFO    (12: 4:49:225 |    0)  22201; **CALL STATS: duraton 3m41s cpu app/total 1.35/18.58 battery 255 tx/rx: 1/0 kbps 48.272K/27.26K bytes
AgoraCoreService[22186]: (22186) /var/lib/jenkins/workspace/agora-release-linux-2/ServerSDK-Video/src/video_recorder/event_handler.cpp:907: [ARS/15s]event cnts:0, audio pkts:0, mix audio pkts:0, yuv video pkts:0, h264 video pkts:0
AgoraCoreService[22186]: (22186) /var/lib/jenkins/workspace/agora-release-linux-2/ServerSDK-Video/src/video_recorder/event_handler.cpp:1341: level 1: INFO    (12: 4:50:429 |  204)  22186; [ARS/15s]event cnts:0, audio pkts:0, mix audio pkts:0, yuv video pkts:0, h264 video pkts:0
recorder_local[22185]: (22185) /var/lib/jenkins/workspace/agora-release-linux-2/ServerSDK-Video/src/rec_engine/RecordingEngineImpl.cpp:502: [Wrapper] channel id: police_4_3 packet stats, total: 0, callback_->AudioFrameReceived: pcmPackets: 0, pcmTotalPackets: 0, aacPackets: 0, yuvF2Packets: 0, h264F2Packets: 0, errPackets: 0, otherPackets: 0
AgoraCoreService[22186]: (22186) /var/lib/jenkins/workspace/agora-release-linux-2/ServerSDK-Video/src/video_recorder/event_handler.cpp:1341: level 1: INFO    (12: 5: 1:409 |    0)  22203; Audio statistics - play count: playout count = 600  signal level: far_in = 0
AgoraCoreService[22186]: (22186) /var/lib/jenkins/workspace/agora-release-linux-2/ServerSDK-Video/src/video_recorder/event_handler.cpp:1341: level 1: INFO    (12: 5: 5:224 |    0)  22201; [rs] **report stats: seq: 83, report list size 23, tx/rx: 19747/3984, cache size: 0, report success rate: 100
recorder_local[22185]: (22185) /var/lib/jenkins/workspace/agora-release-linux-2/ServerSDK-Video/src/rec_engine/RecordingEngineImpl.cpp:502: [Wrapper] channel id: police_4_3 packet stats, total: 0, callback_->AudioFrameReceived: pcmPackets: 0, pcmTotalPackets: 0, aacPackets: 0, yuvF2Packets: 0, h264F2Packets: 0, errPackets: 0, otherPackets: 0
AgoraCoreService[22186]: (22186) /var/lib/jenkins/workspace/agora-release-linux-2/ServerSDK-Video/src/video_recorder/event_handler.cpp:907: [ARS/15s]event cnts:0, audio pkts:0, mix audio pkts:0, yuv video pkts:0, h264 video pkts:0
AgoraCoreService[22186]: (22186) /var/lib/jenkins/workspace/agora-release-linux-2/ServerSDK-Video/src/video_recorder/event_handler.cpp:1341: level 1: INFO    (12: 5: 5:441 |  217)  22186; [ARS/15s]event cnts:0, audio pkts:0, mix audio pkts:0, yuv video pkts:0, h264 video pkts:0
recorder_local[22185]: (22185) /var/lib/jenkins/workspace/agora-release-linux-2/ServerSDK-Video/src/rec_engine/RecordingEngineImpl.cpp:502: [Wrapper] channel id: police_4_3 packet stats, total: 0, callback_->AudioFrameReceived: pcmPackets: 0, pcmTotalPackets: 0, aacPackets: 0, yuvF2Packets: 0, h264F2Packets: 0, errPackets: 0, otherPackets: 0
AgoraCoreService[22186]: (22186) /var/lib/jenkins/workspace/agora-release-linux-2/ServerSDK-Video/src/video_recorder/event_handler.cpp:1341: level 1: INFO    (12: 5:19:409 |    0)  22203; Audio statistics - play count: playout count = 600  signal level: far_in = 0
AgoraCoreService[22186]: (22186) /var/lib/jenkins/workspace/agora-release-linux-2/ServerSDK-Video/src/video_recorder/event_handler.cpp:907: [ARS/15s]event cnts:0, audio pkts:0, mix audio pkts:0, yuv video pkts:0, h264 video pkts:0
AgoraCoreService[22186]: (22186) /var/lib/jenkins/workspace/agora-release-linux-2/ServerSDK-Video/src/video_recorder/event_handler.cpp:1341: level 1: INFO    (12: 5:20:455 |   46)  22186; [ARS/15s]event cnts:0, audio pkts:0, mix audio pkts:0, yuv video pkts:0, h264 video pkts:0
AgoraCoreService[22186]: (22186) /var/lib/jenkins/workspace/agora-release-linux-2/ServerSDK-Video/src/video_recorder/event_handler.cpp:1341: level 1: INFO    (12: 5:21:224 |    0)  22201; **CALL STATS: duraton 4m13s cpu app/total 1.33/19.65 battery 255 tx/rx: 1/1 kbps 54.607K/30.788K bytes
recorder_local[22185]: (22185) /var/lib/jenkins/workspace/agora-release-linux-2/ServerSDK-Video/src/rec_engine/RecordingEngineImpl.cpp:502: [Wrapper] channel id: police_4_3 packet stats, total: 0, callback_->AudioFrameReceived: pcmPackets: 0, pcmTotalPackets: 0, aacPackets: 0, yuvF2Packets: 0, h264F2Packets: 0, errPackets: 0, otherPackets: 0
recorder_local[22185]: (22185) /var/lib/jenkins/workspace/agora-release-linux-2/ServerSDK-Video/src/rec_engine/RecordingEngineImpl.cpp:502: [Wrapper] channel id: police_4_3 packet stats, total: 0, callback_->AudioFrameReceived: pcmPackets: 0, pcmTotalPackets: 0, aacPackets: 0, yuvF2Packets: 0, h264F2Packets: 0, errPackets: 0, otherPackets: 0
AgoraCoreService[22186]: (22186) /var/lib/jenkins/workspace/agora-release-linux-2/ServerSDK-Video/src/video_recorder/event_handler.cpp:907: [ARS/15s]event cnts:0, audio pkts:0, mix audio pkts:0, yuv video pkts:0, h264 video pkts:0
AgoraCoreService[22186]: (22186) /var/lib/jenkins/workspace/agora-release-linux-2/ServerSDK-Video/src/video_recorder/event_handler.cpp:1341: level 1: INFO    (12: 5:35:469 |  245)  22186; [ARS/15s]event cnts:0, audio pkts:0, mix audio pkts:0, yuv video pkts:0, h264 video pkts:0
AgoraCoreService[22186]: (22186) /var/lib/jenkins/workspace/agora-release-linux-2/ServerSDK-Video/src/video_recorder/event_handler.cpp:1341: level 1: INFO    (12: 5:37:409 |    0)  22203; Audio statistics - play count: playout count = 600  signal level: far_in = 0
AgoraCoreService[22186]: (22186) /var/lib/jenkins/workspace/agora-release-linux-2/ServerSDK-Video/src/video_recorder/event_handler.cpp:1341: level 1: INFO    (12: 5:40:224 |    0)  22201; [rs] **report stats: seq: 94, report list size 23, tx/rx: 22265/4512, cache size: 0, report success rate: 100
recorder_local[22185]: (22185) /var/lib/jenkins/workspace/agora-release-linux-2/ServerSDK-Video/src/rec_engine/RecordingEngineImpl.cpp:502: [Wrapper] channel id: police_4_3 packet stats, total: 0, callback_->AudioFrameReceived: pcmPackets: 0, pcmTotalPackets: 0, aacPackets: 0, yuvF2Packets: 0, h264F2Packets: 0, errPackets: 0, otherPackets: 0
AgoraCoreService[22186]: (22186) /var/lib/jenkins/workspace/agora-release-linux-2/ServerSDK-Video/src/video_recorder/event_handler.cpp:907: [ARS/15s]event cnts:0, audio pkts:0, mix audio pkts:0, yuv video pkts:0, h264 video pkts:0
AgoraCoreService[22186]: (22186) /var/lib/jenkins/workspace/agora-release-linux-2/ServerSDK-Video/src/video_recorder/event_handler.cpp:1341: level 1: INFO    (12: 5:50:484 |  260)  22186; [ARS/15s]event cnts:0, audio pkts:0, mix audio pkts:0, yuv video pkts:0, h264 video pkts:0
AgoraCoreService[22186]: (22186) /var/lib/jenkins/workspace/agora-release-linux-2/ServerSDK-Video/src/video_recorder/event_handler.cpp:1341: level 1: INFO    (12: 5:53:224 |    0)  22201; **CALL STATS: duraton 4m45s cpu app/total 1.37/22.22 battery 255 tx/rx: 1/1 kbps 60.1009K/34.526K bytes
AgoraCoreService[22186]: (22186) /var/lib/jenkins/workspace/agora-release-linux-2/ServerSDK-Video/src/video_recorder/event_handler.cpp:1341: level 1: INFO    (12: 5:55:409 |  185)  22203; Audio statistics - play count: playout count = 600  signal level: far_in = 0
recorder_local[22185]: (22185) /var/lib/jenkins/workspace/agora-release-linux-2/ServerSDK-Video/src/rec_engine/RecordingEngineImpl.cpp:502: [Wrapper] channel id: police_4_3 packet stats, total: 0, callback_->AudioFrameReceived: pcmPackets: 0, pcmTotalPackets: 0, aacPackets: 0, yuvF2Packets: 0, h264F2Packets: 0, errPackets: 0, otherPackets: 0
recorder_local[22185]: (22185) /var/lib/jenkins/workspace/agora-release-linux-2/ServerSDK-Video/src/rec_engine/RecordingEngineImpl.cpp:502: [Wrapper] channel id: police_4_3 packet stats, total: 0, callback_->AudioFrameReceived: pcmPackets: 0, pcmTotalPackets: 0, aacPackets: 0, yuvF2Packets: 0, h264F2Packets: 0, errPackets: 0, otherPackets: 0
AgoraCoreService[22186]: (22186) /var/lib/jenkins/workspace/agora-release-linux-2/ServerSDK-Video/src/video_recorder/event_handler.cpp:907: [ARS/15s]event cnts:0, audio pkts:0, mix audio pkts:0, yuv video pkts:0, h264 video pkts:0
AgoraCoreService[22186]: (22186) /var/lib/jenkins/workspace/agora-release-linux-2/ServerSDK-Video/src/video_recorder/event_handler.cpp:1341: level 1: INFO    (12: 6: 5:499 |   90)  22186; [ARS/15s]event cnts:0, audio pkts:0, mix audio pkts:0, yuv video pkts:0, h264 video pkts:0
AgoraCoreService[22186]: (22186) /var/lib/jenkins/workspace/agora-release-linux-2/ServerSDK-Video/src/video_recorder/event_handler.cpp:1334: No users in channel for 300 seconds, aborting, leave_code:4.
AgoraCoreService[22186]: (22186) /var/lib/jenkins/workspace/agora-release-linux-2/ServerSDK-Video/src/video_recorder/event_handler.cpp:1341: level 2: WARN    (12: 6: 7:224 |    0)  22202; No users in channel for 300 seconds, aborting, leave_code:4.
AgoraCoreService[22186]: (22186) /var/lib/jenkins/workspace/agora-release-linux-2/ServerSDK-Video/src/video_recorder/event_handler.cpp:888: ARS push leave pkt to queue inform wrapper
AgoraCoreService[22186]: (22186) /var/lib/jenkins/workspace/agora-release-linux-2/ServerSDK-Video/src/video_recorder/event_handler.cpp:1341: level 1: INFO    (12: 6: 7:501 |  277)  22186; ARS push leave pkt to queue inform wrapper
AgoraCoreService[22186]: (22186) /var/lib/jenkins/workspace/agora-release-linux-2/ServerSDK-Video/src/video_recorder/event_handler.cpp:858: Before cleanup cnt 0, errno 2 4, joined_ 1, term_sig 1, leave path code 12
AgoraCoreService[22186]: (22186) /var/lib/jenkins/workspace/agora-release-linux-2/ServerSDK-Video/src/video_recorder/event_handler.cpp:1341: level 2: WARN    (12: 6: 8:  2 |    0)  22186; Before cleanup cnt 0, errno 2 4, joined_ 1, term_sig 1, leave path code 12
AgoraCoreService[22186]: (22186) /var/lib/jenkins/workspace/agora-release-linux-2/ServerSDK-Video/src/video_recorder/event_handler.cpp:582: Leaving channel and ready to cleanup
AgoraCoreService[22186]: (22186) /var/lib/jenkins/workspace/agora-release-linux-2/ServerSDK-Video/src/video_recorder/event_handler.cpp:1341: level 1: INFO    (12: 6: 8:  2 |    0)  22186; Leaving channel and ready to cleanup
AgoraCoreService[22186]: (22186) /var/lib/jenkins/workspace/agora-release-linux-2/ServerSDK-Video/src/video_recorder/event_handler.cpp:1341: level 1: INFO    (12: 6: 8:  2 |    0)  22186; API call to leave channel
AgoraCoreService[22186]: (22186) /var/lib/jenkins/workspace/agora-release-linux-2/ServerSDK-Video/src/video_recorder/event_handler.cpp:1341: level 1: INFO    (12: 6: 8:  3 |    1)  22201; [cm] emit leave channel signal
AgoraCoreService[22186]: (22186) /var/lib/jenkins/workspace/agora-release-linux-2/ServerSDK-Video/src/video_recorder/event_handler.cpp:1334: No users in channel for 300 seconds, aborting, leave_code:12.
AgoraCoreService[22186]: (22186) /var/lib/jenkins/workspace/agora-release-linux-2/ServerSDK-Video/src/video_recorder/event_handler.cpp:1341: level 2: WARN    (12: 6: 8:  3 |    0)  22202; No users in channel for 300 seconds, aborting, leave_code:12.
AgoraCoreService[22186]: (22186) /var/lib/jenkins/workspace/agora-release-linux-2/ServerSDK-Video/src/video_recorder/event_handler.cpp:1341: level 1: INFO    (12: 6: 8:  3 |    0)  22201; **CALL STATS: duration 5m2s, tx 64.671K bytes, rx 36.482K bytes, total 101.129K bytes
AgoraCoreService[22186]: (22186) /var/lib/jenkins/workspace/agora-release-linux-2/ServerSDK-Video/src/video_recorder/event_handler.cpp:1341: level 1: INFO    (12: 6: 8:  3 |    0)  22201; stopLocalRender
AgoraCoreService[22186]: (22186) /var/lib/jenkins/workspace/agora-release-linux-2/ServerSDK-Video/src/video_recorder/event_handler.cpp:1341: level 1: INFO    (12: 6: 8:  3 |    0)  22201; stopLocalRender success
AgoraCoreService[22186]: (22186) /var/lib/jenkins/workspace/agora-release-linux-2/ServerSDK-Video/src/video_recorder/event_handler.cpp:1341: level 1: INFO    (12: 6: 8:  3 |    0)  22201; AgoraVideoInput::Stop
AgoraCoreService[22186]: (22186) /var/lib/jenkins/workspace/agora-release-linux-2/ServerSDK-Video/src/video_recorder/event_handler.cpp:1341: level 1: INFO    (12: 6: 8:  3 |    0)  22210; Thread with name:WebRtc_event_timer_thread stopped
AgoraCoreService[22186]: (22186) /var/lib/jenkins/workspace/agora-release-linux-2/ServerSDK-Video/src/video_recorder/event_handler.cpp:1341: level 1: INFO    (12: 6: 8:  3 |    0)  22201; AgoraVideoInput::Destroy
AgoraCoreService[22186]: (22186) /var/lib/jenkins/workspace/agora-release-linux-2/ServerSDK-Video/src/video_recorder/event_handler.cpp:1341: level 1: INFO    (12: 6: 8:  4 |    1)  22209; Thread with name:ExternalCaptureThread stopped
AgoraCoreService[22186]: (22186) /var/lib/jenkins/workspace/agora-release-linux-2/ServerSDK-Video/src/video_recorder/event_handler.cpp:1341: level 1: INFO    (12: 6: 8: 66 |   62)  22208; Thread with name:AgoraInputThread stopped
AgoraCoreService[22186]: (22186) /var/lib/jenkins/workspace/agora-release-linux-2/ServerSDK-Video/src/video_recorder/event_handler.cpp:1341: level 1: INFO    (12: 6: 8: 74 |    8)  22201; stopCapture: stopCapture success
AgoraCoreService[22186]: (22186) /var/lib/jenkins/workspace/agora-release-linux-2/ServerSDK-Video/src/video_recorder/event_handler.cpp:1341: level 1: INFO    (12: 6: 8: 74 |    0)  22201; stopRemoteRender
AgoraCoreService[22186]: (22186) /var/lib/jenkins/workspace/agora-release-linux-2/ServerSDK-Video/src/video_recorder/event_handler.cpp:1341: level 1: INFO    (12: 6: 8: 74 |    0)  22201; [che] stopCall begins
AgoraCoreService[22186]: (22186) /var/lib/jenkins/workspace/agora-release-linux-2/ServerSDK-Video/src/video_recorder/event_handler.cpp:1341: level 1: INFO    (12: 6: 8: 75 |    1)  22201; StopRecording complete
AgoraCoreService[22186]: (22186) /var/lib/jenkins/workspace/agora-release-linux-2/ServerSDK-Video/src/video_recorder/event_handler.cpp:1341: level 1: INFO    (12: 6: 8: 75 |    0)  22201; StopPlayout complete
AgoraCoreService[22186]: (22186) /var/lib/jenkins/workspace/agora-release-linux-2/ServerSDK-Video/src/video_recorder/event_handler.cpp:1341: level 1: INFO    (12: 6: 8: 75 |    0)  22201; [che] stop call returns 0, elapsed 0
AgoraCoreService[22186]: (22186) /var/lib/jenkins/workspace/agora-release-linux-2/ServerSDK-Video/src/video_recorder/event_handler.cpp:1341: level 1: INFO    (12: 6: 8: 75 |    0)  22201; [rs] **report stats: seq: 105, report list size 25, tx/rx: 24561/4848, cache size: 0, report success rate: 100
AgoraCoreService[22186]: (22186) /var/lib/jenkins/workspace/agora-release-linux-2/ServerSDK-Video/src/video_recorder/event_handler.cpp:1341: level 1: INFO    (12: 6: 8: 75 |    0)  22201; CacheManager: save cache to storage elapsed 0
AgoraCoreService[22186]: (22186) /var/lib/jenkins/workspace/agora-release-linux-2/ServerSDK-Video/src/video_recorder/event_handler.cpp:1341: level 1: INFO    (12: 6: 8: 75 |    0)  22201; [ch0] vos destroyed
AgoraCoreService[22186]: (22186) /var/lib/jenkins/workspace/agora-release-linux-2/ServerSDK-Video/src/video_recorder/event_handler.cpp:1341: level 1: INFO    (12: 6: 8: 75 |    0)  22201; delRef of media engine, ref=0
AgoraCoreService[22186]: (22186) /var/lib/jenkins/workspace/agora-release-linux-2/ServerSDK-Video/src/video_recorder/event_handler.cpp:1341: level 1: INFO    (12: 6: 8: 75 |    0)  22201; [che] chat engine destroying
AgoraCoreService[22186]: (22186) /var/lib/jenkins/workspace/agora-release-linux-2/ServerSDK-Video/src/video_recorder/event_handler.cpp:1341: level 1: INFO    (12: 6: 8: 76 |    1)  22201; stopLocalRender
AgoraCoreService[22186]: (22186) /var/lib/jenkins/workspace/agora-release-linux-2/ServerSDK-Video/src/video_recorder/event_handler.cpp:1341: level 1: INFO    (12: 6: 8: 76 |    0)  22201; stopLocalRender success
AgoraCoreService[22186]: (22186) /var/lib/jenkins/workspace/agora-release-linux-2/ServerSDK-Video/src/video_recorder/event_handler.cpp:1341: level 2: WARN    (12: 6: 8: 76 |    0)  22201; stopCapture: VideoEngine haven't startCapture
AgoraCoreService[22186]: (22186) /var/lib/jenkins/workspace/agora-release-linux-2/ServerSDK-Video/src/video_recorder/event_handler.cpp:1341: level 1: INFO    (12: 6: 8: 76 |    0)  22201; stopRemoteRender
AgoraCoreService[22186]: (22186) /var/lib/jenkins/workspace/agora-release-linux-2/ServerSDK-Video/src/video_recorder/event_handler.cpp:1341: level 1: INFO    (12: 6: 8: 76 |    0)  22201; [che] stopCall begins
AgoraCoreService[22186]: (22186) /var/lib/jenkins/workspace/agora-release-linux-2/ServerSDK-Video/src/video_recorder/event_handler.cpp:1341: level 1: INFO    (12: 6: 8: 76 |    0)  22201; [che] stop call returns -1, elapsed 0
AgoraCoreService[22186]: (22186) /var/lib/jenkins/workspace/agora-release-linux-2/ServerSDK-Video/src/video_recorder/event_handler.cpp:1341: level 1: INFO    (12: 6: 8: 76 |    0)  22201; stopLocalRender
AgoraCoreService[22186]: (22186) /var/lib/jenkins/workspace/agora-release-linux-2/ServerSDK-Video/src/video_recorder/event_handler.cpp:1341: level 1: INFO    (12: 6: 8: 76 |    0)  22201; stopLocalRender success
AgoraCoreService[22186]: (22186) /var/lib/jenkins/workspace/agora-release-linux-2/ServerSDK-Video/src/video_recorder/event_handler.cpp:1341: level 1: INFO    (12: 6: 8: 76 |    0)  22201; stopRemoteRender
AgoraCoreService[22186]: (22186) /var/lib/jenkins/workspace/agora-release-linux-2/ServerSDK-Video/src/video_recorder/event_handler.cpp:1341: level 2: WARN    (12: 6: 8: 76 |    0)  22201; stopCapture: VideoEngine haven't startCapture
AgoraCoreService[22186]: (22186) /var/lib/jenkins/workspace/agora-release-linux-2/ServerSDK-Video/src/video_recorder/event_handler.cpp:1341: level 1: INFO    (12: 6: 8: 76 |    0)  22207; Thread with name:VideoProcessThread stopped
AgoraCoreService[22186]: (22186) /var/lib/jenkins/workspace/agora-release-linux-2/ServerSDK-Video/src/video_recorder/event_handler.cpp:1341: level 2: WARN    (12: 6: 8: 76 |    0)  22201; terminate: VideoEngine haven't init
AgoraCoreService[22186]: (22186) /var/lib/jenkins/workspace/agora-release-linux-2/ServerSDK-Video/src/video_recorder/event_handler.cpp:1341: level 1: INFO    (12: 6: 8: 76 |    0)  22201; [DEBUGG] ViERenderManager Destructor, engine_id: 0
AgoraCoreService[22186]: (22186) /var/lib/jenkins/workspace/agora-release-linux-2/ServerSDK-Video/src/video_recorder/event_handler.cpp:1341: level 1: INFO    (12: 6: 8: 77 |    1)  22206; Thread with name:VideoEncodeThread stopped
AgoraCoreService[22186]: (22186) /var/lib/jenkins/workspace/agora-release-linux-2/ServerSDK-Video/src/video_recorder/event_handler.cpp:1341: level 1: INFO    (12: 6: 8: 87 |   10)  22201; VideoSendTrackImpl::UpdateCapturer capturer=(nil)
AgoraCoreService[22186]: (22186) /var/lib/jenkins/workspace/agora-release-linux-2/ServerSDK-Video/src/video_recorder/event_handler.cpp:1341: level 1: INFO    (12: 6: 8: 87 |    0)  22201; VideoSendTrackImpl::UpdateRenderer, renderer=(nil)
AgoraCoreService[22186]: (22186) /var/lib/jenkins/workspace/agora-release-linux-2/ServerSDK-Video/src/video_recorder/event_handler.cpp:1341: level 1: INFO    (12: 6: 8: 87 |    0)  22205; Thread with name:EngineMonitorThread stopped
AgoraCoreService[22186]: (22186) /var/lib/jenkins/workspace/agora-release-linux-2/ServerSDK-Video/src/video_recorder/event_handler.cpp:1341: level 1: INFO    (12: 6: 8: 87 |    0)  22203; Thread with name:external_audio_module_thread stopped
AgoraCoreService[22186]: (22186) /var/lib/jenkins/workspace/agora-release-linux-2/ServerSDK-Video/src/video_recorder/event_handler.cpp:1341: level 1: INFO    (12: 6: 8: 88 |    1)  22204; Thread with name:WebRtc_event_timer_thread stopped
AgoraCoreService[22186]: (22186) /var/lib/jenkins/workspace/agora-release-linux-2/ServerSDK-Video/src/video_recorder/event_handler.cpp:1341: level 1: INFO    (12: 6: 8: 88 |    0)  22201; [che] chat engine destroyed
AgoraCoreService[22186]: (22186) /var/lib/jenkins/workspace/agora-release-linux-2/ServerSDK-Video/src/video_recorder/event_handler.cpp:1341: level 1: INFO    (12: 6: 8: 88 |    0)  22201; ***CALL END
AgoraCoreService[22186]: (22186) /var/lib/jenkins/workspace/agora-release-linux-2/ServerSDK-Video/src/video_recorder/event_handler.cpp:1341: level 1: INFO    (12: 6: 8: 88 |    0)  22201; onAudioStatusChanged enable audio
AgoraCoreService[22186]: (22186) /var/lib/jenkins/workspace/agora-release-linux-2/ServerSDK-Video/src/video_recorder/event_handler.cpp:1341: level 1: INFO    (12: 6: 8: 88 |    0)  22201; [MIO] media io controller destroyed
AgoraCoreService[22186]: (22186) /var/lib/jenkins/workspace/agora-release-linux-2/ServerSDK-Video/src/video_recorder/event_handler.cpp:1341: level 1: INFO    (12: 6: 8: 88 |    0)  22186; async task notify worker thread to exit and return
AgoraCoreService[22186]: (22186) /var/lib/jenkins/workspace/agora-release-linux-2/ServerSDK-Video/src/video_recorder/event_handler.cpp:561: event handler delete timer
recorder_local[22185]: (22185) /var/lib/jenkins/workspace/agora-release-linux-2/ServerSDK-Video/src/base/event_loop.cpp:228: Error fd:4, 16
recorder_local[22185]: (22185) /var/lib/jenkins/workspace/agora-release-linux-2/ServerSDK-Video/src/base/pipe_router.cpp:81: Broken reading pipe! event:16 with error3
recorder_local[22185]: (22185) /var/lib/jenkins/workspace/agora-release-linux-2/ServerSDK-Video/src/rec_engine/RecordingEngineImpl.cpp:542: API call to leave channel
recorder_local[22185]: (22185) /var/lib/jenkins/workspace/agora-release-linux-2/ServerSDK-Video/src/rec_engine/RecordingEngineImpl.cpp:64: Recorder d1e790 is ready to be release
recorder_local[22185]: (22185) /var/lib/jenkins/workspace/agora-release-linux-2/ServerSDK-Video/src/rec_engine/RecordingEngineImpl.cpp:87: Recording wrapper delete timer
