Local Date: Fri Mar 30 22:20:56 2018
Build info: Feb  1 2018 02:13:47 ?

INFO    (22:20:56:664 |    0)   4058; [rp] {"rtc.video.mute_me":true,"che.video.local.send":false}
INFO    (22:20:56:664 |    0)   4058; [rp] {"rtc.audio.mute_me":true,"che.audio.mute_me":true}
INFO    (22:20:56:664 |    0)   4058; [rp] {"rtc.video.set_remote_default_video_stream_type":0}
INFO    (22:20:56:664 |    0)   4058; API call to SetRemoteDefaultVideoStreamType: 0
INFO    (22:20:56:664 |    0)   4058; [rp] {"che.video.local.camera_index":1024}
INFO    (22:20:56:664 |    0)   4058; [rp] {"rtc.video.enabled":true}
INFO    (22:20:56:664 |    0)   4058; API call to enable video
INFO    (22:20:56:665 |    1)   4058; ***CALL BEGIN: appid:'c7****************************1c' cname:'police_14_1' info:'' sid:'F974BDC4854E41FCA5CE5894F66DE7A2'
INFO    (22:20:56:665 |    0)   4058; addRef of media engine, ref=1
INFO    (22:20:56:665 |    0)   4058; [che] create chat engine, ctx:(nil)
INFO    (22:20:56:665 |    0)   4058; [MYDEBUG] large group call false
INFO    (22:20:56:665 |    0)   4058; ChatEngineParameterHelper::applyMediaEngineMode: 
INFO    (22:20:56:665 |    0)   4058; applyMediaEngineMode(): Hardware encoding false Hardware decoding false
INFO    (22:20:56:666 |    1)   4060; Thread with name:external_audio_module_thread started 
INFO    (22:20:56:667 |    1)   4061; Thread with name:WebRtc_event_timer_thread started 
INFO    (22:20:56:667 |    0)   4058; StereoPlayoutIsAvailable(), output: available=0
INFO    (22:20:56:667 |    0)   4058; StereoRecordingIsAvailable(), output: available=0
INFO    (22:20:56:667 |    0)   4062; Thread with name:EngineMonitorThread started 
INFO    (22:20:56:667 |    0)   4058; setMuteStatus, muted: On
INFO    (22:20:56:667 |    0)   4058; setMuteOutput, muted: false
WARN    (22:20:56:667 |    0)   4058; setMicSensitivity failed, legal values are between [0, 10]
INFO    (22:20:56:667 |    0)   4058; Audio Engine Init success
INFO    (22:20:56:668 |    1)   4058; Available number of cores:1
INFO    (22:20:56:668 |    0)   4058; CreateVideoSendTrack
INFO    (22:20:56:668 |    0)   4058; init: feature prerotation disabled
INFO    (22:20:56:668 |    0)   4058; Agora Engine video codec set to custom mode role mode 0
INFO    (22:20:56:668 |    0)   4058; Agora Engine video codec index 1
INFO    (22:20:56:668 |    0)   4058; Agora Engine video stream type = 0
INFO    (22:20:56:669 |    1)   4063; Thread with name:VideoEncodeThread started 
INFO    (22:20:56:669 |    0)   4058; EncoderWrapper::Create hardware_ = 0, hardware_low_ = 0
INFO    (22:20:56:669 |    0)   4064; Thread with name:VideoProcessThread started 
INFO    (22:20:56:669 |    0)   4058; setCodec: index=1 width=640 height=360 framerate=15
INFO    (22:20:56:669 |    0)   4058; h264WebInteropEnable: enable 0
INFO    (22:20:56:669 |    0)   4058; setCaptureDevice: index=1024
INFO    (22:20:56:669 |    0)   4058; setMaxVideoBitrate: max bitrate=0
INFO    (22:20:56:669 |    0)   4058; more fec enable 0 curr fec method 0
INFO    (22:20:56:669 |    0)   4058; video fec method 0
ERROR   (22:20:56:669 |    0)   4058; videoEngine created and initialize here
INFO    (22:20:56:670 |    1)   4058; CreateVideoSendTrack
INFO    (22:20:56:670 |    0)   4058; [MIO] updateCapturer: ((nil)), type:(1)
INFO    (22:20:56:670 |    0)   4058; CreateAgoraDefaultCapture: type=0
INFO    (22:20:56:670 |    0)   4058; CreateVideoCapturer: interface=0x7f0224172af0
INFO    (22:20:56:670 |    0)   4058; VideoSendTrackImpl::UpdateCapturer capturer=0x7f02241d4c10
INFO    (22:20:56:670 |    0)   4058; [MIO] updateLocalRender: ((nil)), type:(1)
INFO    (22:20:56:670 |    0)   4058; CreateAgoraDefaultRender
INFO    (22:20:56:670 |    0)   4058; CreateVideoRenderer: interface=0x7f02241d5090
INFO    (22:20:56:670 |    0)   4058; VideoSendTrackImpl::UpdateRenderer, renderer=0x7f02241d50d0
INFO    (22:20:56:670 |    0)   4058; [MIO] video send track prepared !!
INFO    (22:20:56:670 |    0)   4058; [che] applyVideoProfile: 640x360 15 fps 500 kbps
INFO    (22:20:56:670 |    0)   4058; validateVideoParameters: validate video parameters resolution 640x360, fps 15, rate 500000
INFO    (22:20:56:670 |    0)   4058; setMaxVideoBitrate: max bitrate=500000
INFO    (22:20:56:670 |    0)   4058; setCodecRates: set frame rate to 15
INFO    (22:20:56:671 |    1)   4058; setCodec: index=1 width=640 height=360 framerate=15
INFO    (22:20:56:671 |    0)   4058; setCodecResolution: set to 640 x 360
INFO    (22:20:56:671 |    0)   4058; [che] chat engine initialized
INFO    (22:20:56:671 |    0)   4058; [vocs] vocs initialized
INFO    (22:20:56:671 |    0)   4058; [rs] report server ip: 223.111.12.227:8000
INFO    (22:20:56:672 |    1)   4058; [rlbs] selected: 221.228.78.123:9700
INFO    (22:20:56:672 |    0)   4058; [rlbs] request rs list from 221.228.78.123:9700.......
INFO    (22:20:56:672 |    0)   4058; CacheManager: save cache to storage elapsed 0
INFO    (22:20:56:672 |    0)   4058; [cm] emit join channel signal, size=2
INFO    (22:20:56:672 |    0)   4058; CacheManager: save cache to storage elapsed 0
INFO    (22:20:56:673 |    1)   4058; [vocs] lookup channel...
INFO    (22:20:56:673 |    0)   4058; [vocs] selected: 119.9.92.49:8000
INFO    (22:20:56:673 |    0)   4058; connecting to 119.9.92.49:8000 handle 2420fdc0, 28
INFO    (22:20:56:673 |    0)   4058; [vocs] creating channel with 119.9.92.49:8000, ts 1522448456673.......
INFO    (22:20:56:673 |    0)   4058; [vocs] selected: 69.28.51.138:8000
INFO    (22:20:56:673 |    0)   4058; [vocs] creating channel with 69.28.51.138:8000, ts 1522448456673.......
INFO    (22:20:56:673 |    0)   4058; [vocs] selected: 123.155.153.69:8000
INFO    (22:20:56:673 |    0)   4058; [vocs] creating channel with 123.155.153.69:8000, ts 1522448456673.......
INFO    (22:20:56:673 |    0)   4058; [rp] {"che.audio.audioSampleRate":48000}
INFO    (22:20:56:674 |    1)   4058; [dns] parsed ip 69.28.51.138
INFO    (22:20:56:674 |    0)   4058; [dns] parsed ip 119.9.92.49
INFO    (22:20:56:674 |    0)   4058; [dns] parsed ip 128.1.87.146
INFO    (22:20:56:683 |    9)   4058; [dns] parsed ip 199.190.44.35
INFO    (22:20:56:690 |    7)   4058; [dns] parsed ip 199.190.44.36
INFO    (22:20:56:690 |    0)   4058; [rs] dns parse result code: 0, servers size: 1
INFO    (22:20:56:690 |    0)   4058; [rs] dns parse and selected server: 223.111.12.227
INFO    (22:20:56:831 |  141)   4058; [vocs/u] **responsed from 69.28.51.138:8000, 3 vos, elapsed 168, server ts 1522448456231, wan ip 139.59.134.76
INFO    (22:20:56:831 |    0)   4058; [vos] added server: 107.155.14.138:4010
INFO    (22:20:56:831 |    0)   4058; [vos] added server: 23.236.96.140:4002
INFO    (22:20:56:831 |    0)   4058; [vos] added server: 128.1.77.35:4001
INFO    (22:20:56:832 |    1)   4058; [ch0] vos initialized
INFO    (22:20:56:832 |    0)   4058; [vos] selected: 128.1.77.35:4001
ERROR   (22:20:56:832 |    0)   4058; [ch0] login strategy=2
INFO    (22:20:56:832 |    0)   4058; [ds]: ver 1 ds '{"streamType":5}'
INFO    (22:20:56:832 |    0)   4058; [ch0] Login VOS (proto:10, cid:320149613, uid:1468262942, ts:1522448456832, ticket size:84 ds:1 stream:+A+VH) 2: 128.1.77.35:4001
INFO    (22:20:56:832 |    0)   4058; add ping address 139.59.134.76
INFO    (22:20:56:832 |    0)   4058; PING 139.59.134.76:0 16(44) bytes of data
INFO    (22:20:56:857 |   25)   4058; [ch0] **VOS response to login request (res 0 elapsed 195, server ts 1522448456314, s-c:-543) from 128.1.77.35:4001, and current dest server 128.1.77.35:4001
INFO    (22:20:56:858 |    1)   4058; updateActiveVosList: ["128.1.77.35:4001"]
INFO    (22:20:56:858 |    0)   4058; [che] start call begins
INFO    (22:20:56:858 |    0)   4058; Set Application Mode in RTC Engine to No. 0
ERROR   (22:20:56:858 |    0)   4058; GetCodec() invalid index (error=8004)
INFO    (22:20:56:858 |    0)   4058; SetCodec by type : No. 85
INFO    (22:20:56:867 |    9)   4058; StartPlayout complete
INFO    (22:20:56:868 |    1)   4058; output: kDummyAudio
INFO    (22:20:56:877 |    9)   4058; StartRecording complete
ERROR   (22:20:56:877 |    0)   4058; SetAgcConfig() failed to set the range in |gain| the digital compression stage may apply (error=8097)
INFO    (22:20:56:877 |    0)   4058; SetHowlingControl enable = 0
INFO    (22:20:56:877 |    0)   4058; Application Config module:  Route 0, NS on, AEC N, AGC on, BSS off, HC on
INFO    (22:20:56:877 |    0)   4058; MID = 0, Routing = 0
INFO    (22:20:56:878 |    1)   4058; [che] applyVideoProfile: 640x360 15 fps 500 kbps
INFO    (22:20:56:878 |    0)   4058; validateVideoParameters: validate video parameters resolution 640x360, fps 15, rate 500000
INFO    (22:20:56:878 |    0)   4058; setMaxVideoBitrate: max bitrate=500000
INFO    (22:20:56:878 |    0)   4058; setCodecRates: set frame rate to 15
INFO    (22:20:56:878 |    0)   4058; setCodec: index=1 width=640 height=360 framerate=15
INFO    (22:20:56:878 |    0)   4058; setCodecResolution: set to 640 x 360
INFO    (22:20:56:878 |    0)   4058; CreateVideoCapturer: interface=0x7f0224172c90
INFO    (22:20:56:878 |    0)   4058; VideoSendTrackImpl::UpdateCapturer capturer=0x7f022421f9c0
INFO    (22:20:56:878 |    0)   4058; Create participant 0
INFO    (22:20:56:878 |    0)   4058; startCapture: device? 1024 init? 1 local enabled? 1 capturing? 0 rendering? 0
INFO    (22:20:56:878 |    0)   4058; startCapture: Receive Only Mode, capture still on. Encode will be turned off
INFO    (22:20:56:878 |    0)   4058; AgoraVideoInput::Init thread=1, type=100, device=External Device
INFO    (22:20:56:879 |    1)   4065; Thread with name:AgoraInputThread started 
INFO    (22:20:56:879 |    0)   4066; Thread with name:ExternalCaptureThread started 
INFO    (22:20:56:879 |    0)   4058; setCodec: index=1 width=640 height=360 framerate=15
INFO    (22:20:56:879 |    0)   4058; setMaxVideoBitrate: max bitrate=500000
INFO    (22:20:56:879 |    0)   4058; AgoraVideoInput::Start width=640, height=360, fps=15
INFO    (22:20:56:879 |    0)   4067; Thread with name:WebRtc_event_timer_thread started 
INFO    (22:20:56:879 |    0)   4058; startCapture: startCapture success
INFO    (22:20:56:879 |    0)   4058; RequestEncodeKeyFrame
INFO    (22:20:56:879 |    0)   4058; doStartLocalRender: init? 1 capture id -1 device 1024 capturing? 1 rendering? 0
INFO    (22:20:56:879 |    0)   4058; doStartLocalRender: Receive Only Mode, local renderer still on.
INFO    (22:20:56:880 |    1)   4058; doStartLocalRender: init? 1 capture id -1 device 1024 capturing? 1 rendering? 0
INFO    (22:20:56:880 |    0)   4058; doStartLocalRender: Receive Only Mode, local renderer still on.
INFO    (22:20:56:880 |    0)   4058; [che] start call returns 0, elapsed 22
INFO    (22:20:56:880 |    0)   4058; Setting dtx mode to 2
INFO    (22:20:56:880 |    0)   4058; setNetEQMinimumPlayoutDelay delay(100)
INFO    (22:20:56:880 |    0)   4058; join channel success: cname 'police_14_1' uid 1468262942 elapsed 217
INFO    (22:20:56:880 |    0)   4059; Channel counters: mix mode:0 , min port:-1 , max port:-1 ,decode audio:0 , decode_video:0 , is live:0 , idle:300 , is audio only:0 ,syslog facility:8 , mix mode height:360 , mix mode width:640 , mix mode fps:15 , mi 
INFO    (22:20:56:880 |    0)   4059; User 1468262942 join channel police_14_1 success, elapsed: 217 ms
INFO    (22:20:56:881 |    1)   4058; CacheManager: save cache to storage elapsed 0
INFO    (22:20:56:881 |    0)   4058; [vocs/u] **responsed from 119.9.92.49:8000, 3 vos, elapsed 218, server ts 1522448456246, wan ip 139.59.134.76
INFO    (22:20:56:894 |   13)   4058; [rlbs/u] responsed from 221.228.78.123:9700 with servers 128.1.78.91:8000
INFO    (22:20:56:907 |   13)   4058; [ch0] rtt: 26
INFO    (22:20:56:946 |   39)   4065; [che] onVideoSizeChanged: uid 0 640x360 rotate 0
INFO    (22:20:58:858 |    0)   4058; notifyPeerCount: cnt 0
INFO    (22:21: 1:663 |    0)   4058; [rs] **report stats: seq: 11, report list size 11, tx/rx: 2208/288, cache size: 0, report success rate: -1
INFO    (22:21: 2:867 |  204)   4060; Audio statistics - play count: playout count = 200  signal level: far_in = 0
INFO    (22:21:11:675 |    0)   4043; [ARS/15s]event cnts:0, audio pkts:0, mix audio pkts:0, yuv video pkts:0, h264 video pkts:0
INFO    (22:21:16:867 |  192)   4060; Audio statistics - play count: playout count = 600  signal level: far_in = 0
INFO    (22:21:26:687 |    0)   4043; [ARS/15s]event cnts:0, audio pkts:0, mix audio pkts:0, yuv video pkts:0, h264 video pkts:0
INFO    (22:21:30:663 |    0)   4058; **CALL STATS: duraton 31s cpu app/total 2.6/7.3 battery 255 tx/rx: 1/1 kbps 10.117K/5.412K bytes
INFO    (22:21:34:867 |  204)   4060; Audio statistics - play count: playout count = 600  signal level: far_in = 0
INFO    (22:21:36:663 |    0)   4058; [rs] **report stats: seq: 24, report list size 24, tx/rx: 6131/1152, cache size: 0, report success rate: 100
INFO    (22:21:41:701 |   38)   4043; [ARS/15s]event cnts:0, audio pkts:0, mix audio pkts:0, yuv video pkts:0, h264 video pkts:0
INFO    (22:21:52:867 |  166)   4060; Audio statistics - play count: playout count = 600  signal level: far_in = 0
INFO    (22:21:56:715 |    0)   4043; [ARS/15s]event cnts:0, audio pkts:0, mix audio pkts:0, yuv video pkts:0, h264 video pkts:0
INFO    (22:22: 0:663 |    0)   4058; **CALL STATS: duraton 1m1s cpu app/total 1.50/7.57 battery 255 tx/rx: 1/1 kbps 16.111K/8.922K bytes
INFO    (22:22: 6:663 |    0)   4058; [rs] **report stats: seq: 33, report list size 33, tx/rx: 8185/1584, cache size: 0, report success rate: 100
INFO    (22:22:10:867 |  204)   4060; Audio statistics - play count: playout count = 600  signal level: far_in = 0
INFO    (22:22:11:728 |    0)   4043; [ARS/15s]event cnts:0, audio pkts:0, mix audio pkts:0, yuv video pkts:0, h264 video pkts:0
INFO    (22:22:26:741 |   13)   4043; [ARS/15s]event cnts:0, audio pkts:0, mix audio pkts:0, yuv video pkts:0, h264 video pkts:0
INFO    (22:22:28:867 |  126)   4060; Audio statistics - play count: playout count = 600  signal level: far_in = 0
INFO    (22:22:32:664 |    0)   4058; **CALL STATS: duraton 1m33s cpu app/total 1.51/9.54 battery 255 tx/rx: 2/1 kbps 22.739K/12.660K bytes
INFO    (22:22:41:663 |    0)   4058; [rs] **report stats: seq: 44, report list size 22, tx/rx: 10708/2112, cache size: 0, report success rate: 100
INFO    (22:22:41:757 |   94)   4043; [ARS/15s]event cnts:0, audio pkts:0, mix audio pkts:0, yuv video pkts:0, h264 video pkts:0
INFO    (22:22:46:867 |  110)   4060; Audio statistics - play count: playout count = 600  signal level: far_in = 0
INFO    (22:22:56:772 |    0)   4043; [ARS/15s]event cnts:0, audio pkts:0, mix audio pkts:0, yuv video pkts:0, h264 video pkts:0
INFO    (22:23: 4:663 |    0)   4058; **CALL STATS: duraton 2m5s cpu app/total 1.52/8.50 battery 255 tx/rx: 2/0 kbps 29.182K/16.320K bytes
INFO    (22:23: 4:867 |  204)   4060; Audio statistics - play count: playout count = 600  signal level: far_in = 0
INFO    (22:23:11:787 |    0)   4043; [ARS/15s]event cnts:0, audio pkts:0, mix audio pkts:0, yuv video pkts:0, h264 video pkts:0
INFO    (22:23:16:663 |    0)   4058; [rs] **report stats: seq: 55, report list size 22, tx/rx: 13221/2592, cache size: 0, report success rate: 100
INFO    (22:23:22:867 |  204)   4060; Audio statistics - play count: playout count = 600  signal level: far_in = 0
INFO    (22:23:26:801 |    0)   4043; [ARS/15s]event cnts:0, audio pkts:0, mix audio pkts:0, yuv video pkts:0, h264 video pkts:0
INFO    (22:23:36:663 |    0)   4058; **CALL STATS: duraton 2m37s cpu app/total 1.51/6.6 battery 255 tx/rx: 1/1 kbps 35.512K/20.106K bytes
INFO    (22:23:40:867 |  204)   4060; Audio statistics - play count: playout count = 600  signal level: far_in = 0
INFO    (22:23:41:816 |    0)   4043; [ARS/15s]event cnts:0, audio pkts:0, mix audio pkts:0, yuv video pkts:0, h264 video pkts:0
INFO    (22:23:46:663 |    0)   4058; [rs] **report stats: seq: 64, report list size 22, tx/rx: 15275/3024, cache size: 0, report success rate: 100
INFO    (22:23:56:831 |  168)   4043; [ARS/15s]event cnts:0, audio pkts:0, mix audio pkts:0, yuv video pkts:0, h264 video pkts:0
INFO    (22:23:58:867 |   36)   4060; Audio statistics - play count: playout count = 600  signal level: far_in = 0
INFO    (22:24: 8:663 |    0)   4058; **CALL STATS: duraton 3m9s cpu app/total 2.2/6.56 battery 255 tx/rx: 1/1 kbps 41.914K/23.868K bytes
INFO    (22:24:11:846 |  183)   4043; [ARS/15s]event cnts:0, audio pkts:0, mix audio pkts:0, yuv video pkts:0, h264 video pkts:0
INFO    (22:24:16:867 |   21)   4060; Audio statistics - play count: playout count = 600  signal level: far_in = 0
INFO    (22:24:21:663 |    0)   4058; [rs] **report stats: seq: 74, report list size 23, tx/rx: 17577/3552, cache size: 0, report success rate: 100
INFO    (22:24:26:861 |  198)   4043; [ARS/15s]event cnts:0, audio pkts:0, mix audio pkts:0, yuv video pkts:0, h264 video pkts:0
INFO    (22:24:34:867 |    6)   4060; Audio statistics - play count: playout count = 600  signal level: far_in = 0
INFO    (22:24:40:663 |    0)   4058; **CALL STATS: duraton 3m41s cpu app/total 3.1/4.47 battery 255 tx/rx: 1/0 kbps 48.357K/27.528K bytes
INFO    (22:24:41:876 |  213)   4043; [ARS/15s]event cnts:0, audio pkts:0, mix audio pkts:0, yuv video pkts:0, h264 video pkts:0
INFO    (22:24:51:663 |    0)   4058; [rs] **report stats: seq: 83, report list size 23, tx/rx: 19621/3984, cache size: 0, report success rate: 100
INFO    (22:24:52:867 |  204)   4060; Audio statistics - play count: playout count = 600  signal level: far_in = 0
INFO    (22:24:56:889 |   22)   4043; [ARS/15s]event cnts:0, audio pkts:0, mix audio pkts:0, yuv video pkts:0, h264 video pkts:0
INFO    (22:25:10:664 |    0)   4058; **CALL STATS: duraton 4m11s cpu app/total 2.1/5.0 battery 255 tx/rx: 1/0 kbps 54.351K/31.14K bytes
INFO    (22:25:10:867 |  203)   4060; Audio statistics - play count: playout count = 600  signal level: far_in = 0
INFO    (22:25:11:904 |   37)   4043; [ARS/15s]event cnts:0, audio pkts:0, mix audio pkts:0, yuv video pkts:0, h264 video pkts:0
INFO    (22:25:26:663 |    0)   4058; [rs] **report stats: seq: 93, report list size 22, tx/rx: 21918/4464, cache size: 0, report success rate: 100
INFO    (22:25:26:918 |  255)   4043; [ARS/15s]event cnts:0, audio pkts:0, mix audio pkts:0, yuv video pkts:0, h264 video pkts:0
INFO    (22:25:28:867 |    0)   4060; Audio statistics - play count: playout count = 600  signal level: far_in = 0
INFO    (22:25:41:932 |   65)   4043; [ARS/15s]event cnts:0, audio pkts:0, mix audio pkts:0, yuv video pkts:0, h264 video pkts:0
INFO    (22:25:42:663 |    0)   4058; **CALL STATS: duraton 4m43s cpu app/total 2.1/7.57 battery 255 tx/rx: 2/1 kbps 60.984K/34.776K bytes
INFO    (22:25:46:867 |  204)   4060; Audio statistics - play count: playout count = 600  signal level: far_in = 0
INFO    (22:25:56:945 |   78)   4043; [ARS/15s]event cnts:0, audio pkts:0, mix audio pkts:0, yuv video pkts:0, h264 video pkts:0
WARN    (22:25:58:663 |    0)   4059; No users in channel for 300 seconds, aborting, leave_code:4.
INFO    (22:25:58:947 |  284)   4043; ARS push leave pkt to queue inform wrapper
WARN    (22:25:59:447 |    0)   4043; Before cleanup cnt 0, errno 2 4, joined_ 1, term_sig 1, leave path code 12
INFO    (22:25:59:448 |    1)   4043; Leaving channel and ready to cleanup
INFO    (22:25:59:448 |    0)   4043; API call to leave channel
INFO    (22:25:59:448 |    0)   4058; [cm] emit leave channel signal
WARN    (22:25:59:448 |    0)   4059; No users in channel for 300 seconds, aborting, leave_code:12.
INFO    (22:25:59:448 |    0)   4058; **CALL STATS: duration 5m2s, tx 64.750K bytes, rx 37.8K bytes, total 101.758K bytes
INFO    (22:25:59:448 |    0)   4058; stopLocalRender
INFO    (22:25:59:448 |    0)   4058; stopLocalRender success
INFO    (22:25:59:448 |    0)   4058; AgoraVideoInput::Stop
INFO    (22:25:59:449 |    1)   4067; Thread with name:WebRtc_event_timer_thread stopped
INFO    (22:25:59:449 |    0)   4058; AgoraVideoInput::Destroy
INFO    (22:25:59:449 |    0)   4066; Thread with name:ExternalCaptureThread stopped
INFO    (22:25:59:524 |   75)   4065; Thread with name:AgoraInputThread stopped
INFO    (22:25:59:530 |    6)   4058; stopCapture: stopCapture success
INFO    (22:25:59:530 |    0)   4058; stopRemoteRender
INFO    (22:25:59:530 |    0)   4058; [che] stopCall begins
INFO    (22:25:59:530 |    0)   4058; StopRecording complete
INFO    (22:25:59:530 |    0)   4058; StopPlayout complete
INFO    (22:25:59:530 |    0)   4058; [che] stop call returns 0, elapsed 1
INFO    (22:25:59:530 |    0)   4058; [rs] **report stats: seq: 106, report list size 25, tx/rx: 24683/4944, cache size: 0, report success rate: 100
INFO    (22:25:59:531 |    1)   4058; CacheManager: save cache to storage elapsed 0
INFO    (22:25:59:531 |    0)   4058; [ch0] vos destroyed
INFO    (22:25:59:531 |    0)   4058; delRef of media engine, ref=0
INFO    (22:25:59:531 |    0)   4058; [che] chat engine destroying
INFO    (22:25:59:531 |    0)   4058; stopLocalRender
INFO    (22:25:59:531 |    0)   4058; stopLocalRender success
WARN    (22:25:59:531 |    0)   4058; stopCapture: VideoEngine haven't startCapture
INFO    (22:25:59:531 |    0)   4058; stopRemoteRender
INFO    (22:25:59:531 |    0)   4058; [che] stopCall begins
INFO    (22:25:59:531 |    0)   4058; [che] stop call returns -1, elapsed 0
INFO    (22:25:59:532 |    1)   4058; stopLocalRender
INFO    (22:25:59:532 |    0)   4058; stopLocalRender success
INFO    (22:25:59:532 |    0)   4058; stopRemoteRender
WARN    (22:25:59:532 |    0)   4058; stopCapture: VideoEngine haven't startCapture
INFO    (22:25:59:532 |    0)   4064; Thread with name:VideoProcessThread stopped
WARN    (22:25:59:532 |    0)   4058; terminate: VideoEngine haven't init
INFO    (22:25:59:532 |    0)   4058; [DEBUGG] ViERenderManager Destructor, engine_id: 0
INFO    (22:25:59:537 |    5)   4063; Thread with name:VideoEncodeThread stopped
INFO    (22:25:59:543 |    6)   4058; VideoSendTrackImpl::UpdateCapturer capturer=(nil)
INFO    (22:25:59:543 |    0)   4058; VideoSendTrackImpl::UpdateRenderer, renderer=(nil)
INFO    (22:25:59:543 |    0)   4062; Thread with name:EngineMonitorThread stopped
INFO    (22:25:59:543 |    0)   4060; Thread with name:external_audio_module_thread stopped
INFO    (22:25:59:543 |    0)   4061; Thread with name:WebRtc_event_timer_thread stopped
INFO    (22:25:59:544 |    1)   4058; [che] chat engine destroyed
INFO    (22:25:59:544 |    0)   4058; ***CALL END
INFO    (22:25:59:544 |    0)   4058; onAudioStatusChanged enable audio
INFO    (22:25:59:544 |    0)   4058; [MIO] media io controller destroyed
INFO    (22:25:59:544 |    0)   4043; async task notify worker thread to exit and return
