recorder_local[4042]: (4042) /var/lib/jenkins/workspace/agora-release-linux-2/ServerSDK-Video/src/rec_engine/RecordingEngineImpl.cpp:831: ERROR:failed to open config file
recorder_local[4042]: (4042) /var/lib/jenkins/workspace/agora-release-linux-2/ServerSDK-Video/src/rec_engine/RecordingEngineImpl.cpp:831: ERROR:failed to open config file
recorder_local[4042]: (4042) /var/lib/jenkins/workspace/agora-release-linux-2/ServerSDK-Video/src/rec_engine/RecordingEngineImpl.cpp:430: [Wrapper version] 5d0b257a42f9514a024cc62c69161d55aa150021
recorder_local[4042]: (4042) /var/lib/jenkins/workspace/agora-release-linux-2/ServerSDK-Video/src/rec_engine/RecordingEngineImpl.cpp:431: =======params ======
recorder_local[4042]: (4042) /var/lib/jenkins/workspace/agora-release-linux-2/ServerSDK-Video/src/rec_engine/RecordingEngineImpl.cpp:433: /var/www/RecordingSDK/bin/AgoraCoreService
recorder_local[4042]: (4042) /var/lib/jenkins/workspace/agora-release-linux-2/ServerSDK-Video/src/rec_engine/RecordingEngineImpl.cpp:433: --app_id
recorder_local[4042]: (4042) /var/lib/jenkins/workspace/agora-release-linux-2/ServerSDK-Video/src/rec_engine/RecordingEngineImpl.cpp:433: c7adb7f97a594d9fac501654c7bf281c
recorder_local[4042]: (4042) /var/lib/jenkins/workspace/agora-release-linux-2/ServerSDK-Video/src/rec_engine/RecordingEngineImpl.cpp:433: --channel_key
recorder_local[4042]: (4042) /var/lib/jenkins/workspace/agora-release-linux-2/ServerSDK-Video/src/rec_engine/RecordingEngineImpl.cpp:433: c7adb7f97a594d9fac501654c7bf281c
recorder_local[4042]: (4042) /var/lib/jenkins/workspace/agora-release-linux-2/ServerSDK-Video/src/rec_engine/RecordingEngineImpl.cpp:433: --channel_id
recorder_local[4042]: (4042) /var/lib/jenkins/workspace/agora-release-linux-2/ServerSDK-Video/src/rec_engine/RecordingEngineImpl.cpp:433: police_14_1
recorder_local[4042]: (4042) /var/lib/jenkins/workspace/agora-release-linux-2/ServerSDK-Video/src/rec_engine/RecordingEngineImpl.cpp:433: --idle
recorder_local[4042]: (4042) /var/lib/jenkins/workspace/agora-release-linux-2/ServerSDK-Video/src/rec_engine/RecordingEngineImpl.cpp:433: 300
recorder_local[4042]: (4042) /var/lib/jenkins/workspace/agora-release-linux-2/ServerSDK-Video/src/rec_engine/RecordingEngineImpl.cpp:433: --decode_audio
recorder_local[4042]: (4042) /var/lib/jenkins/workspace/agora-release-linux-2/ServerSDK-Video/src/rec_engine/RecordingEngineImpl.cpp:433: 0
recorder_local[4042]: (4042) /var/lib/jenkins/workspace/agora-release-linux-2/ServerSDK-Video/src/rec_engine/RecordingEngineImpl.cpp:433: --decode_video
recorder_local[4042]: (4042) /var/lib/jenkins/workspace/agora-release-linux-2/ServerSDK-Video/src/rec_engine/RecordingEngineImpl.cpp:433: 0
recorder_local[4042]: (4042) /var/lib/jenkins/workspace/agora-release-linux-2/ServerSDK-Video/src/rec_engine/RecordingEngineImpl.cpp:433: --capture_interval
recorder_local[4042]: (4042) /var/lib/jenkins/workspace/agora-release-linux-2/ServerSDK-Video/src/rec_engine/RecordingEngineImpl.cpp:433: 5
recorder_local[4042]: (4042) /var/lib/jenkins/workspace/agora-release-linux-2/ServerSDK-Video/src/rec_engine/RecordingEngineImpl.cpp:433: --syslog_fclt
recorder_local[4042]: (4042) /var/lib/jenkins/workspace/agora-release-linux-2/ServerSDK-Video/src/rec_engine/RecordingEngineImpl.cpp:433: 8
recorder_local[4042]: (4042) /var/lib/jenkins/workspace/agora-release-linux-2/ServerSDK-Video/src/rec_engine/RecordingEngineImpl.cpp:433: --streamType
recorder_local[4042]: (4042) /var/lib/jenkins/workspace/agora-release-linux-2/ServerSDK-Video/src/rec_engine/RecordingEngineImpl.cpp:433: 0
recorder_local[4042]: (4042) /var/lib/jenkins/workspace/agora-release-linux-2/ServerSDK-Video/src/rec_engine/RecordingEngineImpl.cpp:433: --serviceMode
recorder_local[4042]: (4042) /var/lib/jenkins/workspace/agora-release-linux-2/ServerSDK-Video/src/rec_engine/RecordingEngineImpl.cpp:433: 0
recorder_local[4042]: (4042) /var/lib/jenkins/workspace/agora-release-linux-2/ServerSDK-Video/src/rec_engine/RecordingEngineImpl.cpp:433: --recording_file_dir
recorder_local[4042]: (4042) /var/lib/jenkins/workspace/agora-release-linux-2/ServerSDK-Video/src/rec_engine/RecordingEngineImpl.cpp:433: /var/www/panic2.greenvoo.us/html/public/Records/20180330/police_14_1_222056/
recorder_local[4042]: (4042) /var/lib/jenkins/workspace/agora-release-linux-2/ServerSDK-Video/src/rec_engine/RecordingEngineImpl.cpp:433: --lang
recorder_local[4042]: (4042) /var/lib/jenkins/workspace/agora-release-linux-2/ServerSDK-Video/src/rec_engine/RecordingEngineImpl.cpp:433: 0
recorder_local[4042]: (4042) /var/lib/jenkins/workspace/agora-release-linux-2/ServerSDK-Video/src/base/pipe_router.cpp:153: The ARS created. Reading pipe: 4, writing pipe: 7, pid: 4043
AgoraCoreService[4043]: (4043) /var/lib/jenkins/workspace/agora-release-linux-2/ServerSDK-Video/src/video_recorder/main.cpp:162: video recording wrapper:8, idle:300 write:5, read:6, live:0,channelid:police_14_1 
AgoraCoreService[4043]: (4043) /var/lib/jenkins/workspace/agora-release-linux-2/ServerSDK-Video/src/video_recorder/main.cpp:183: [ARS version] 5d0b257a42f9514a024cc62c69161d55aa150021
AgoraCoreService[4043]: (4043) /var/lib/jenkins/workspace/agora-release-linux-2/ServerSDK-Video/src/video_recorder/main.cpp:185: uid 0 from vendor c7adb7f97a594d9fac501654c7bf281c is joining channel police_14_1
AgoraCoreService[4043]: (4043) /var/lib/jenkins/workspace/agora-release-linux-2/ServerSDK-Video/src/video_recorder/event_handler.cpp:627: SDK version: 75f0227; chat engine: 03c8e5d966234ba3a0eaedf8a9fe5ef1e7e554a4
AgoraCoreService[4043]: (4043) /var/lib/jenkins/workspace/agora-release-linux-2/ServerSDK-Video/src/video_recorder/event_handler.cpp:634: decode_video:0,decode_audio:0
AgoraCoreService[4043]: (4043) /var/lib/jenkins/workspace/agora-release-linux-2/ServerSDK-Video/src/video_recorder/event_handler.cpp:667: Using random lowUdpPort & highUdpPort
AgoraCoreService[4043]: (4043) /var/lib/jenkins/workspace/agora-release-linux-2/ServerSDK-Video/src/video_recorder/event_handler.cpp:1341: level 1: INFO    (22:20:56:662 |    1)   4043; Using random lowUdpPort & highUdpPort
AgoraCoreService[4043]: (4043) /var/lib/jenkins/workspace/agora-release-linux-2/ServerSDK-Video/src/video_recorder/event_handler.cpp:1341: level 1: INFO    (22:20:56:662 |    0)   4043; API call to setChannelProfile 0
AgoraCoreService[4043]: (4043) /var/lib/jenkins/workspace/agora-release-linux-2/ServerSDK-Video/src/video_recorder/event_handler.cpp:1786: init stream, trigger mode: 0 service mode: 0
AgoraCoreService[4043]: (4043) /var/lib/jenkins/workspace/agora-release-linux-2/ServerSDK-Video/src/video_recorder/event_handler.cpp:1341: level 1: INFO    (22:20:56:662 |    0)   4043; API call to setVideoProfileEx 640x360 15 fps 500 kbps
AgoraCoreService[4043]: (4043) /var/lib/jenkins/workspace/agora-release-linux-2/ServerSDK-Video/src/video_recorder/event_handler.cpp:1341: level 1: INFO    (22:20:56:662 |    0)   4043; API call to enable video
AgoraCoreService[4043]: (4043) /var/lib/jenkins/workspace/agora-release-linux-2/ServerSDK-Video/src/video_recorder/event_handler.cpp:1341: level 1: INFO    (22:20:56:662 |    0)   4043; API call to join channel 'police_14_1' uid 0, SDK ver 2.1.0 build 220, device info 'Linux version 3.13.0-143-generic (buildd@lcy01-amd64-010) (gcc version 4.8.4 (Ubuntu 4.8.4-2ubuntu1~14.04.4) ) #192-Ubuntu SMP Tue 
AgoraCoreService[4043]: (4043) /var/lib/jenkins/workspace/agora-release-linux-2/ServerSDK-Video/src/video_recorder/event_handler.cpp:1341: level 1: INFO    (22:20:56:662 |    0)   4058; Agora Service Worker Thread started: 0x3fb1f98
AgoraCoreService[4043]: (4043) /var/lib/jenkins/workspace/agora-release-linux-2/ServerSDK-Video/src/video_recorder/event_handler.cpp:1341: level 1: INFO    (22:20:56:662 |    0)   4058; network: 'NETWORK_UNKOWN' -> 'LAN' ipv4/v6 '139.59.134.76'/'' gw ''/'' subtype 0 level 846998240 ssid '' bssid '' rssi 32514 asu 56
AgoraCoreService[4043]: (4043) /var/lib/jenkins/workspace/agora-release-linux-2/ServerSDK-Video/src/video_recorder/event_handler.cpp:1341: level 1: INFO    (22:20:56:663 |    1)   4058; [MIO] mediaIO controller created
AgoraCoreService[4043]: (4043) /var/lib/jenkins/workspace/agora-release-linux-2/ServerSDK-Video/src/video_recorder/event_handler.cpp:1341: level 1: INFO    (22:20:56:663 |    0)   4058; found 'NULL' device: 'Linux version 3.13.0-143-generic (buildd@lcy01-amd64-010) (gcc version 4.8.4 (Ubuntu 4.8.4-2ubuntu1~14.04.4) ) #192-Ubuntu SMP Tue Feb 27 10:45:36 UTC 2018
'
AgoraCoreService[4043]: (4043) /var/lib/jenkins/workspace/agora-release-linux-2/ServerSDK-Video/src/video_recorder/event_handler.cpp:1341: level 1: INFO    (22:20:56:663 |    0)   4058; [rp] {"rtc.channel_profile":0}
AgoraCoreService[4043]: (4043) /var/lib/jenkins/workspace/agora-release-linux-2/ServerSDK-Video/src/video_recorder/event_handler.cpp:1341: level 1: INFO    (22:20:56:663 |    0)   4058; [rp] {"che.audio.external_device":true}
AgoraCoreService[4043]: (4043) /var/lib/jenkins/workspace/agora-release-linux-2/ServerSDK-Video/src/video_recorder/event_handler.cpp:1341: level 1: INFO    (22:20:56:663 |    0)   4058; [rp] {"che.audio.audioSampleRate":48000}
AgoraCoreService[4043]: (4043) /var/lib/jenkins/workspace/agora-release-linux-2/ServerSDK-Video/src/video_recorder/event_handler.cpp:1341: level 1: INFO    (22:20:56:663 |    0)   4058; [rp] {"che.video.keep_prerotation":false}
AgoraCoreService[4043]: (4043) /var/lib/jenkins/workspace/agora-release-linux-2/ServerSDK-Video/src/video_recorder/event_handler.cpp:1341: level 1: INFO    (22:20:56:663 |    0)   4058; [rp] {"rtc.client_type":3}
AgoraCoreService[4043]: (4043) /var/lib/jenkins/workspace/agora-release-linux-2/ServerSDK-Video/src/video_recorder/event_handler.cpp:1341: level 1: INFO    (22:20:56:663 |    0)   4058; [rp] {"che.audienceMode":true}
AgoraCoreService[4043]: (4043) /var/lib/jenkins/workspace/agora-release-linux-2/ServerSDK-Video/src/video_recorder/event_handler.cpp:1341: level 1: INFO    (22:20:56:663 |    0)   4058; [rp] {"che.video.recording":true}
AgoraCoreService[4043]: (4043) /var/lib/jenkins/workspace/agora-release-linux-2/ServerSDK-Video/src/video_recorder/event_handler.cpp:1341: level 1: INFO    (22:20:56:664 |    1)   4058; [rp] {"che.audio.set_capture_raw_audio_format":{"sampleRate":48000,"channelCnt":1,"mode":1,"samplesPerCall":480}}
AgoraCoreService[4043]: (4043) /var/lib/jenkins/workspace/agora-release-linux-2/ServerSDK-Video/src/video_recorder/event_handler.cpp:1341: level 1: INFO    (22:20:56:664 |    0)   4058; [rp] {"che.audio.set_render_raw_audio_format":{"sampleRate":48000,"channelCnt":1,"mode":0,"samplesPerCall":480}}
AgoraCoreService[4043]: (4043) /var/lib/jenkins/workspace/agora-release-linux-2/ServerSDK-Video/src/video_recorder/event_handler.cpp:1341: level 1: INFO    (22:20:56:664 |    0)   4058; [rp] {"rtc.log_file":"/var/www/panic2.greenvoo.us/html/public/Records/20180330/police_14_1_222056/recording_0.log"}
AgoraCoreService[4043]: (4043) /var/lib/jenkins/workspace/agora-release-linux-2/ServerSDK-Video/src/video_recorder/event_handler.cpp:1341: level 1: INFO    (22:20:56:664 |    0)   4058; [rp] {"rtc.video.mute_me":true,"che.video.local.send":false}
AgoraCoreService[4043]: (4043) /var/lib/jenkins/workspace/agora-release-linux-2/ServerSDK-Video/src/video_recorder/event_handler.cpp:1341: level 1: INFO    (22:20:56:664 |    0)   4058; [rp] {"rtc.audio.mute_me":true,"che.audio.mute_me":true}
AgoraCoreService[4043]: (4043) /var/lib/jenkins/workspace/agora-release-linux-2/ServerSDK-Video/src/video_recorder/event_handler.cpp:1341: level 1: INFO    (22:20:56:664 |    0)   4058; [rp] {"rtc.video.set_remote_default_video_stream_type":0}
AgoraCoreService[4043]: (4043) /var/lib/jenkins/workspace/agora-release-linux-2/ServerSDK-Video/src/video_recorder/event_handler.cpp:1341: level 1: INFO    (22:20:56:664 |    0)   4058; API call to SetRemoteDefaultVideoStreamType: 0
AgoraCoreService[4043]: (4043) /var/lib/jenkins/workspace/agora-release-linux-2/ServerSDK-Video/src/video_recorder/event_handler.cpp:1341: level 1: INFO    (22:20:56:664 |    0)   4058; [rp] {"che.video.local.camera_index":1024}
AgoraCoreService[4043]: (4043) /var/lib/jenkins/workspace/agora-release-linux-2/ServerSDK-Video/src/video_recorder/event_handler.cpp:1341: level 1: INFO    (22:20:56:664 |    0)   4058; [rp] {"rtc.video.enabled":true}
AgoraCoreService[4043]: (4043) /var/lib/jenkins/workspace/agora-release-linux-2/ServerSDK-Video/src/video_recorder/event_handler.cpp:1341: level 1: INFO    (22:20:56:664 |    0)   4058; API call to enable video
AgoraCoreService[4043]: (4043) /var/lib/jenkins/workspace/agora-release-linux-2/ServerSDK-Video/src/video_recorder/event_handler.cpp:1341: level 1: INFO    (22:20:56:665 |    1)   4058; ***CALL BEGIN: appid:'c7****************************1c' cname:'police_14_1' info:'' sid:'F974BDC4854E41FCA5CE5894F66DE7A2'
AgoraCoreService[4043]: (4043) /var/lib/jenkins/workspace/agora-release-linux-2/ServerSDK-Video/src/video_recorder/event_handler.cpp:1341: level 1: INFO    (22:20:56:665 |    0)   4058; addRef of media engine, ref=1
AgoraCoreService[4043]: (4043) /var/lib/jenkins/workspace/agora-release-linux-2/ServerSDK-Video/src/video_recorder/event_handler.cpp:1341: level 1: INFO    (22:20:56:665 |    0)   4058; [che] create chat engine, ctx:(nil)
AgoraCoreService[4043]: (4043) /var/lib/jenkins/workspace/agora-release-linux-2/ServerSDK-Video/src/video_recorder/event_handler.cpp:1341: level 1: INFO    (22:20:56:665 |    0)   4058; [MYDEBUG] large group call false
AgoraCoreService[4043]: (4043) /var/lib/jenkins/workspace/agora-release-linux-2/ServerSDK-Video/src/video_recorder/event_handler.cpp:1341: level 1: INFO    (22:20:56:665 |    0)   4058; ChatEngineParameterHelper::applyMediaEngineMode: 
AgoraCoreService[4043]: (4043) /var/lib/jenkins/workspace/agora-release-linux-2/ServerSDK-Video/src/video_recorder/event_handler.cpp:1341: level 1: INFO    (22:20:56:665 |    0)   4058; applyMediaEngineMode(): Hardware encoding false Hardware decoding false
AgoraCoreService[4043]: (4043) /var/lib/jenkins/workspace/agora-release-linux-2/ServerSDK-Video/src/video_recorder/event_handler.cpp:1341: level 1: INFO    (22:20:56:666 |    1)   4060; Thread with name:external_audio_module_thread started 
AgoraCoreService[4043]: (4043) /var/lib/jenkins/workspace/agora-release-linux-2/ServerSDK-Video/src/video_recorder/event_handler.cpp:1341: level 1: INFO    (22:20:56:667 |    1)   4061; Thread with name:WebRtc_event_timer_thread started 
AgoraCoreService[4043]: (4043) /var/lib/jenkins/workspace/agora-release-linux-2/ServerSDK-Video/src/video_recorder/event_handler.cpp:1341: level 1: INFO    (22:20:56:667 |    0)   4058; StereoPlayoutIsAvailable(), output: available=0
AgoraCoreService[4043]: (4043) /var/lib/jenkins/workspace/agora-release-linux-2/ServerSDK-Video/src/video_recorder/event_handler.cpp:1341: level 1: INFO    (22:20:56:667 |    0)   4058; StereoRecordingIsAvailable(), output: available=0
AgoraCoreService[4043]: (4043) /var/lib/jenkins/workspace/agora-release-linux-2/ServerSDK-Video/src/video_recorder/event_handler.cpp:1341: level 1: INFO    (22:20:56:667 |    0)   4062; Thread with name:EngineMonitorThread started 
AgoraCoreService[4043]: (4043) /var/lib/jenkins/workspace/agora-release-linux-2/ServerSDK-Video/src/video_recorder/event_handler.cpp:1341: level 1: INFO    (22:20:56:667 |    0)   4058; setMuteStatus, muted: On
AgoraCoreService[4043]: (4043) /var/lib/jenkins/workspace/agora-release-linux-2/ServerSDK-Video/src/video_recorder/event_handler.cpp:1341: level 1: INFO    (22:20:56:667 |    0)   4058; setMuteOutput, muted: false
AgoraCoreService[4043]: (4043) /var/lib/jenkins/workspace/agora-release-linux-2/ServerSDK-Video/src/video_recorder/event_handler.cpp:1341: level 2: WARN    (22:20:56:667 |    0)   4058; setMicSensitivity failed, legal values are between [0, 10]
AgoraCoreService[4043]: (4043) /var/lib/jenkins/workspace/agora-release-linux-2/ServerSDK-Video/src/video_recorder/event_handler.cpp:1341: level 1: INFO    (22:20:56:667 |    0)   4058; Audio Engine Init success
AgoraCoreService[4043]: (4043) /var/lib/jenkins/workspace/agora-release-linux-2/ServerSDK-Video/src/video_recorder/event_handler.cpp:1341: level 1: INFO    (22:20:56:668 |    1)   4058; Available number of cores:1
AgoraCoreService[4043]: (4043) /var/lib/jenkins/workspace/agora-release-linux-2/ServerSDK-Video/src/video_recorder/event_handler.cpp:1341: level 1: INFO    (22:20:56:668 |    0)   4058; CreateVideoSendTrack
AgoraCoreService[4043]: (4043) /var/lib/jenkins/workspace/agora-release-linux-2/ServerSDK-Video/src/video_recorder/event_handler.cpp:1341: level 1: INFO    (22:20:56:668 |    0)   4058; init: feature prerotation disabled
AgoraCoreService[4043]: (4043) /var/lib/jenkins/workspace/agora-release-linux-2/ServerSDK-Video/src/video_recorder/event_handler.cpp:1341: level 1: INFO    (22:20:56:668 |    0)   4058; Agora Engine video codec set to custom mode role mode 0
AgoraCoreService[4043]: (4043) /var/lib/jenkins/workspace/agora-release-linux-2/ServerSDK-Video/src/video_recorder/event_handler.cpp:1341: level 1: INFO    (22:20:56:668 |    0)   4058; Agora Engine video codec index 1
AgoraCoreService[4043]: (4043) /var/lib/jenkins/workspace/agora-release-linux-2/ServerSDK-Video/src/video_recorder/event_handler.cpp:1341: level 1: INFO    (22:20:56:668 |    0)   4058; Agora Engine video stream type = 0
AgoraCoreService[4043]: (4043) /var/lib/jenkins/workspace/agora-release-linux-2/ServerSDK-Video/src/video_recorder/event_handler.cpp:1341: level 1: INFO    (22:20:56:669 |    1)   4063; Thread with name:VideoEncodeThread started 
AgoraCoreService[4043]: (4043) /var/lib/jenkins/workspace/agora-release-linux-2/ServerSDK-Video/src/video_recorder/event_handler.cpp:1341: level 1: INFO    (22:20:56:669 |    0)   4058; EncoderWrapper::Create hardware_ = 0, hardware_low_ = 0
AgoraCoreService[4043]: (4043) /var/lib/jenkins/workspace/agora-release-linux-2/ServerSDK-Video/src/video_recorder/event_handler.cpp:1341: level 1: INFO    (22:20:56:669 |    0)   4064; Thread with name:VideoProcessThread started 
AgoraCoreService[4043]: (4043) /var/lib/jenkins/workspace/agora-release-linux-2/ServerSDK-Video/src/video_recorder/event_handler.cpp:1341: level 1: INFO    (22:20:56:669 |    0)   4058; setCodec: index=1 width=640 height=360 framerate=15
AgoraCoreService[4043]: (4043) /var/lib/jenkins/workspace/agora-release-linux-2/ServerSDK-Video/src/video_recorder/event_handler.cpp:1341: level 1: INFO    (22:20:56:669 |    0)   4058; h264WebInteropEnable: enable 0
AgoraCoreService[4043]: (4043) /var/lib/jenkins/workspace/agora-release-linux-2/ServerSDK-Video/src/video_recorder/event_handler.cpp:1341: level 1: INFO    (22:20:56:669 |    0)   4058; setCaptureDevice: index=1024
AgoraCoreService[4043]: (4043) /var/lib/jenkins/workspace/agora-release-linux-2/ServerSDK-Video/src/video_recorder/event_handler.cpp:1341: level 1: INFO    (22:20:56:669 |    0)   4058; setMaxVideoBitrate: max bitrate=0
AgoraCoreService[4043]: (4043) /var/lib/jenkins/workspace/agora-release-linux-2/ServerSDK-Video/src/video_recorder/event_handler.cpp:1341: level 1: INFO    (22:20:56:669 |    0)   4058; more fec enable 0 curr fec method 0
AgoraCoreService[4043]: (4043) /var/lib/jenkins/workspace/agora-release-linux-2/ServerSDK-Video/src/video_recorder/event_handler.cpp:1341: level 1: INFO    (22:20:56:669 |    0)   4058; video fec method 0
AgoraCoreService[4043]: (4043) /var/lib/jenkins/workspace/agora-release-linux-2/ServerSDK-Video/src/video_recorder/event_handler.cpp:1341: level 4: ERROR   (22:20:56:669 |    0)   4058; videoEngine created and initialize here
AgoraCoreService[4043]: (4043) /var/lib/jenkins/workspace/agora-release-linux-2/ServerSDK-Video/src/video_recorder/event_handler.cpp:1341: level 1: INFO    (22:20:56:670 |    1)   4058; CreateVideoSendTrack
AgoraCoreService[4043]: (4043) /var/lib/jenkins/workspace/agora-release-linux-2/ServerSDK-Video/src/video_recorder/event_handler.cpp:1341: level 1: INFO    (22:20:56:670 |    0)   4058; [MIO] updateCapturer: ((nil)), type:(1)
AgoraCoreService[4043]: (4043) /var/lib/jenkins/workspace/agora-release-linux-2/ServerSDK-Video/src/video_recorder/event_handler.cpp:1341: level 1: INFO    (22:20:56:670 |    0)   4058; CreateAgoraDefaultCapture: type=0
AgoraCoreService[4043]: (4043) /var/lib/jenkins/workspace/agora-release-linux-2/ServerSDK-Video/src/video_recorder/event_handler.cpp:1341: level 1: INFO    (22:20:56:670 |    0)   4058; CreateVideoCapturer: interface=0x7f0224172af0
AgoraCoreService[4043]: (4043) /var/lib/jenkins/workspace/agora-release-linux-2/ServerSDK-Video/src/video_recorder/event_handler.cpp:1341: level 1: INFO    (22:20:56:670 |    0)   4058; VideoSendTrackImpl::UpdateCapturer capturer=0x7f02241d4c10
AgoraCoreService[4043]: (4043) /var/lib/jenkins/workspace/agora-release-linux-2/ServerSDK-Video/src/video_recorder/event_handler.cpp:1341: level 1: INFO    (22:20:56:670 |    0)   4058; [MIO] updateLocalRender: ((nil)), type:(1)
AgoraCoreService[4043]: (4043) /var/lib/jenkins/workspace/agora-release-linux-2/ServerSDK-Video/src/video_recorder/event_handler.cpp:1341: level 1: INFO    (22:20:56:670 |    0)   4058; CreateAgoraDefaultRender
AgoraCoreService[4043]: (4043) /var/lib/jenkins/workspace/agora-release-linux-2/ServerSDK-Video/src/video_recorder/event_handler.cpp:1341: level 1: INFO    (22:20:56:670 |    0)   4058; CreateVideoRenderer: interface=0x7f02241d5090
AgoraCoreService[4043]: (4043) /var/lib/jenkins/workspace/agora-release-linux-2/ServerSDK-Video/src/video_recorder/event_handler.cpp:1341: level 1: INFO    (22:20:56:670 |    0)   4058; VideoSendTrackImpl::UpdateRenderer, renderer=0x7f02241d50d0
AgoraCoreService[4043]: (4043) /var/lib/jenkins/workspace/agora-release-linux-2/ServerSDK-Video/src/video_recorder/event_handler.cpp:1341: level 1: INFO    (22:20:56:670 |    0)   4058; [MIO] video send track prepared !!
AgoraCoreService[4043]: (4043) /var/lib/jenkins/workspace/agora-release-linux-2/ServerSDK-Video/src/video_recorder/event_handler.cpp:1341: level 1: INFO    (22:20:56:670 |    0)   4058; [che] applyVideoProfile: 640x360 15 fps 500 kbps
AgoraCoreService[4043]: (4043) /var/lib/jenkins/workspace/agora-release-linux-2/ServerSDK-Video/src/video_recorder/event_handler.cpp:1341: level 1: INFO    (22:20:56:670 |    0)   4058; validateVideoParameters: validate video parameters resolution 640x360, fps 15, rate 500000
AgoraCoreService[4043]: (4043) /var/lib/jenkins/workspace/agora-release-linux-2/ServerSDK-Video/src/video_recorder/event_handler.cpp:1341: level 1: INFO    (22:20:56:670 |    0)   4058; setMaxVideoBitrate: max bitrate=500000
AgoraCoreService[4043]: (4043) /var/lib/jenkins/workspace/agora-release-linux-2/ServerSDK-Video/src/video_recorder/event_handler.cpp:1341: level 1: INFO    (22:20:56:670 |    0)   4058; setCodecRates: set frame rate to 15
AgoraCoreService[4043]: (4043) /var/lib/jenkins/workspace/agora-release-linux-2/ServerSDK-Video/src/video_recorder/event_handler.cpp:1341: level 1: INFO    (22:20:56:671 |    1)   4058; setCodec: index=1 width=640 height=360 framerate=15
AgoraCoreService[4043]: (4043) /var/lib/jenkins/workspace/agora-release-linux-2/ServerSDK-Video/src/video_recorder/event_handler.cpp:1341: level 1: INFO    (22:20:56:671 |    0)   4058; setCodecResolution: set to 640 x 360
AgoraCoreService[4043]: (4043) /var/lib/jenkins/workspace/agora-release-linux-2/ServerSDK-Video/src/video_recorder/event_handler.cpp:1341: level 1: INFO    (22:20:56:671 |    0)   4058; [che] chat engine initialized
AgoraCoreService[4043]: (4043) /var/lib/jenkins/workspace/agora-release-linux-2/ServerSDK-Video/src/video_recorder/event_handler.cpp:1341: level 1: INFO    (22:20:56:671 |    0)   4058; [vocs] vocs initialized
AgoraCoreService[4043]: (4043) /var/lib/jenkins/workspace/agora-release-linux-2/ServerSDK-Video/src/video_recorder/event_handler.cpp:1341: level 1: INFO    (22:20:56:671 |    0)   4058; [rs] report server ip: 223.111.12.227:8000
AgoraCoreService[4043]: (4043) /var/lib/jenkins/workspace/agora-release-linux-2/ServerSDK-Video/src/video_recorder/event_handler.cpp:1341: level 1: INFO    (22:20:56:672 |    1)   4058; [rlbs] selected: 221.228.78.123:9700
AgoraCoreService[4043]: (4043) /var/lib/jenkins/workspace/agora-release-linux-2/ServerSDK-Video/src/video_recorder/event_handler.cpp:1341: level 1: INFO    (22:20:56:672 |    0)   4058; [rlbs] request rs list from 221.228.78.123:9700.......
AgoraCoreService[4043]: (4043) /var/lib/jenkins/workspace/agora-release-linux-2/ServerSDK-Video/src/video_recorder/event_handler.cpp:1341: level 1: INFO    (22:20:56:672 |    0)   4058; CacheManager: save cache to storage elapsed 0
AgoraCoreService[4043]: (4043) /var/lib/jenkins/workspace/agora-release-linux-2/ServerSDK-Video/src/video_recorder/event_handler.cpp:1341: level 1: INFO    (22:20:56:672 |    0)   4058; [cm] emit join channel signal, size=2
AgoraCoreService[4043]: (4043) /var/lib/jenkins/workspace/agora-release-linux-2/ServerSDK-Video/src/video_recorder/event_handler.cpp:1341: level 1: INFO    (22:20:56:672 |    0)   4058; CacheManager: save cache to storage elapsed 0
AgoraCoreService[4043]: (4043) /var/lib/jenkins/workspace/agora-release-linux-2/ServerSDK-Video/src/video_recorder/event_handler.cpp:1341: level 1: INFO    (22:20:56:673 |    1)   4058; [vocs] lookup channel...
AgoraCoreService[4043]: (4043) /var/lib/jenkins/workspace/agora-release-linux-2/ServerSDK-Video/src/video_recorder/event_handler.cpp:1341: level 1: INFO    (22:20:56:673 |    0)   4058; [vocs] selected: 119.9.92.49:8000
AgoraCoreService[4043]: (4043) /var/lib/jenkins/workspace/agora-release-linux-2/ServerSDK-Video/src/video_recorder/event_handler.cpp:1341: level 1: INFO    (22:20:56:673 |    0)   4058; connecting to 119.9.92.49:8000 handle 2420fdc0, 28
AgoraCoreService[4043]: (4043) /var/lib/jenkins/workspace/agora-release-linux-2/ServerSDK-Video/src/video_recorder/event_handler.cpp:1341: level 1: INFO    (22:20:56:673 |    0)   4058; [vocs] creating channel with 119.9.92.49:8000, ts 1522448456673.......
AgoraCoreService[4043]: (4043) /var/lib/jenkins/workspace/agora-release-linux-2/ServerSDK-Video/src/video_recorder/event_handler.cpp:1341: level 1: INFO    (22:20:56:673 |    0)   4058; [vocs] selected: 69.28.51.138:8000
AgoraCoreService[4043]: (4043) /var/lib/jenkins/workspace/agora-release-linux-2/ServerSDK-Video/src/video_recorder/event_handler.cpp:1341: level 1: INFO    (22:20:56:673 |    0)   4058; [vocs] creating channel with 69.28.51.138:8000, ts 1522448456673.......
AgoraCoreService[4043]: (4043) /var/lib/jenkins/workspace/agora-release-linux-2/ServerSDK-Video/src/video_recorder/event_handler.cpp:1341: level 1: INFO    (22:20:56:673 |    0)   4058; [vocs] selected: 123.155.153.69:8000
AgoraCoreService[4043]: (4043) /var/lib/jenkins/workspace/agora-release-linux-2/ServerSDK-Video/src/video_recorder/event_handler.cpp:1341: level 1: INFO    (22:20:56:673 |    0)   4058; [vocs] creating channel with 123.155.153.69:8000, ts 1522448456673.......
AgoraCoreService[4043]: (4043) /var/lib/jenkins/workspace/agora-release-linux-2/ServerSDK-Video/src/video_recorder/event_handler.cpp:1341: level 1: INFO    (22:20:56:673 |    0)   4058; [rp] {"che.audio.audioSampleRate":48000}
AgoraCoreService[4043]: (4043) /var/lib/jenkins/workspace/agora-release-linux-2/ServerSDK-Video/src/video_recorder/event_handler.cpp:1341: level 1: INFO    (22:20:56:674 |    1)   4058; [dns] parsed ip 69.28.51.138
AgoraCoreService[4043]: (4043) /var/lib/jenkins/workspace/agora-release-linux-2/ServerSDK-Video/src/video_recorder/event_handler.cpp:1341: level 1: INFO    (22:20:56:674 |    0)   4058; [dns] parsed ip 119.9.92.49
AgoraCoreService[4043]: (4043) /var/lib/jenkins/workspace/agora-release-linux-2/ServerSDK-Video/src/video_recorder/event_handler.cpp:1341: level 1: INFO    (22:20:56:674 |    0)   4058; [dns] parsed ip 128.1.87.146
AgoraCoreService[4043]: (4043) /var/lib/jenkins/workspace/agora-release-linux-2/ServerSDK-Video/src/video_recorder/event_handler.cpp:1341: level 1: INFO    (22:20:56:683 |    9)   4058; [dns] parsed ip 199.190.44.35
AgoraCoreService[4043]: (4043) /var/lib/jenkins/workspace/agora-release-linux-2/ServerSDK-Video/src/video_recorder/event_handler.cpp:1341: level 1: INFO    (22:20:56:690 |    7)   4058; [dns] parsed ip 199.190.44.36
AgoraCoreService[4043]: (4043) /var/lib/jenkins/workspace/agora-release-linux-2/ServerSDK-Video/src/video_recorder/event_handler.cpp:1341: level 1: INFO    (22:20:56:690 |    0)   4058; [rs] dns parse result code: 0, servers size: 1
AgoraCoreService[4043]: (4043) /var/lib/jenkins/workspace/agora-release-linux-2/ServerSDK-Video/src/video_recorder/event_handler.cpp:1341: level 1: INFO    (22:20:56:690 |    0)   4058; [rs] dns parse and selected server: 223.111.12.227
AgoraCoreService[4043]: (4043) /var/lib/jenkins/workspace/agora-release-linux-2/ServerSDK-Video/src/video_recorder/event_handler.cpp:1341: level 1: INFO    (22:20:56:831 |  141)   4058; [vocs/u] **responsed from 69.28.51.138:8000, 3 vos, elapsed 168, server ts 1522448456231, wan ip 139.59.134.76
AgoraCoreService[4043]: (4043) /var/lib/jenkins/workspace/agora-release-linux-2/ServerSDK-Video/src/video_recorder/event_handler.cpp:1341: level 1: INFO    (22:20:56:831 |    0)   4058; [vos] added server: 107.155.14.138:4010
AgoraCoreService[4043]: (4043) /var/lib/jenkins/workspace/agora-release-linux-2/ServerSDK-Video/src/video_recorder/event_handler.cpp:1341: level 1: INFO    (22:20:56:831 |    0)   4058; [vos] added server: 23.236.96.140:4002
AgoraCoreService[4043]: (4043) /var/lib/jenkins/workspace/agora-release-linux-2/ServerSDK-Video/src/video_recorder/event_handler.cpp:1341: level 1: INFO    (22:20:56:831 |    0)   4058; [vos] added server: 128.1.77.35:4001
AgoraCoreService[4043]: (4043) /var/lib/jenkins/workspace/agora-release-linux-2/ServerSDK-Video/src/video_recorder/event_handler.cpp:1341: level 1: INFO    (22:20:56:832 |    1)   4058; [ch0] vos initialized
AgoraCoreService[4043]: (4043) /var/lib/jenkins/workspace/agora-release-linux-2/ServerSDK-Video/src/video_recorder/event_handler.cpp:1341: level 1: INFO    (22:20:56:832 |    0)   4058; [vos] selected: 128.1.77.35:4001
AgoraCoreService[4043]: (4043) /var/lib/jenkins/workspace/agora-release-linux-2/ServerSDK-Video/src/video_recorder/event_handler.cpp:1341: level 4: ERROR   (22:20:56:832 |    0)   4058; [ch0] login strategy=2
AgoraCoreService[4043]: (4043) /var/lib/jenkins/workspace/agora-release-linux-2/ServerSDK-Video/src/video_recorder/event_handler.cpp:1341: level 1: INFO    (22:20:56:832 |    0)   4058; [ds]: ver 1 ds '{"streamType":5}'
AgoraCoreService[4043]: (4043) /var/lib/jenkins/workspace/agora-release-linux-2/ServerSDK-Video/src/video_recorder/event_handler.cpp:1341: level 1: INFO    (22:20:56:832 |    0)   4058; [ch0] Login VOS (proto:10, cid:320149613, uid:1468262942, ts:1522448456832, ticket size:84 ds:1 stream:+A+VH) 2: 128.1.77.35:4001
AgoraCoreService[4043]: (4043) /var/lib/jenkins/workspace/agora-release-linux-2/ServerSDK-Video/src/video_recorder/event_handler.cpp:1341: level 1: INFO    (22:20:56:832 |    0)   4058; add ping address 139.59.134.76
AgoraCoreService[4043]: (4043) /var/lib/jenkins/workspace/agora-release-linux-2/ServerSDK-Video/src/video_recorder/event_handler.cpp:1341: level 1: INFO    (22:20:56:832 |    0)   4058; PING 139.59.134.76:0 16(44) bytes of data
AgoraCoreService[4043]: (4043) /var/lib/jenkins/workspace/agora-release-linux-2/ServerSDK-Video/src/video_recorder/event_handler.cpp:1341: level 1: INFO    (22:20:56:857 |   25)   4058; [ch0] **VOS response to login request (res 0 elapsed 195, server ts 1522448456314, s-c:-543) from 128.1.77.35:4001, and current dest server 128.1.77.35:4001
AgoraCoreService[4043]: (4043) /var/lib/jenkins/workspace/agora-release-linux-2/ServerSDK-Video/src/video_recorder/event_handler.cpp:1341: level 1: INFO    (22:20:56:858 |    1)   4058; updateActiveVosList: ["128.1.77.35:4001"]
AgoraCoreService[4043]: (4043) /var/lib/jenkins/workspace/agora-release-linux-2/ServerSDK-Video/src/video_recorder/event_handler.cpp:1341: level 1: INFO    (22:20:56:858 |    0)   4058; [che] start call begins
AgoraCoreService[4043]: (4043) /var/lib/jenkins/workspace/agora-release-linux-2/ServerSDK-Video/src/video_recorder/event_handler.cpp:1341: level 1: INFO    (22:20:56:858 |    0)   4058; Set Application Mode in RTC Engine to No. 0
AgoraCoreService[4043]: (4043) /var/lib/jenkins/workspace/agora-release-linux-2/ServerSDK-Video/src/video_recorder/event_handler.cpp:1341: level 4: ERROR   (22:20:56:858 |    0)   4058; GetCodec() invalid index (error=8004)
AgoraCoreService[4043]: (4043) /var/lib/jenkins/workspace/agora-release-linux-2/ServerSDK-Video/src/video_recorder/event_handler.cpp:1341: level 1: INFO    (22:20:56:858 |    0)   4058; SetCodec by type : No. 85
AgoraCoreService[4043]: (4043) /var/lib/jenkins/workspace/agora-release-linux-2/ServerSDK-Video/src/video_recorder/event_handler.cpp:1341: level 1: INFO    (22:20:56:867 |    9)   4058; StartPlayout complete
AgoraCoreService[4043]: (4043) /var/lib/jenkins/workspace/agora-release-linux-2/ServerSDK-Video/src/video_recorder/event_handler.cpp:1341: level 1: INFO    (22:20:56:868 |    1)   4058; output: kDummyAudio
AgoraCoreService[4043]: (4043) /var/lib/jenkins/workspace/agora-release-linux-2/ServerSDK-Video/src/video_recorder/event_handler.cpp:1341: level 1: INFO    (22:20:56:877 |    9)   4058; StartRecording complete
AgoraCoreService[4043]: (4043) /var/lib/jenkins/workspace/agora-release-linux-2/ServerSDK-Video/src/video_recorder/event_handler.cpp:1341: level 4: ERROR   (22:20:56:877 |    0)   4058; SetAgcConfig() failed to set the range in |gain| the digital compression stage may apply (error=8097)
AgoraCoreService[4043]: (4043) /var/lib/jenkins/workspace/agora-release-linux-2/ServerSDK-Video/src/video_recorder/event_handler.cpp:1341: level 1: INFO    (22:20:56:877 |    0)   4058; SetHowlingControl enable = 0
AgoraCoreService[4043]: (4043) /var/lib/jenkins/workspace/agora-release-linux-2/ServerSDK-Video/src/video_recorder/event_handler.cpp:1341: level 1: INFO    (22:20:56:877 |    0)   4058; Application Config module:  Route 0, NS on, AEC N, AGC on, BSS off, HC on
AgoraCoreService[4043]: (4043) /var/lib/jenkins/workspace/agora-release-linux-2/ServerSDK-Video/src/video_recorder/event_handler.cpp:1341: level 1: INFO    (22:20:56:877 |    0)   4058; MID = 0, Routing = 0
AgoraCoreService[4043]: (4043) /var/lib/jenkins/workspace/agora-release-linux-2/ServerSDK-Video/src/video_recorder/event_handler.cpp:1341: level 1: INFO    (22:20:56:878 |    1)   4058; [che] applyVideoProfile: 640x360 15 fps 500 kbps
AgoraCoreService[4043]: (4043) /var/lib/jenkins/workspace/agora-release-linux-2/ServerSDK-Video/src/video_recorder/event_handler.cpp:1341: level 1: INFO    (22:20:56:878 |    0)   4058; validateVideoParameters: validate video parameters resolution 640x360, fps 15, rate 500000
AgoraCoreService[4043]: (4043) /var/lib/jenkins/workspace/agora-release-linux-2/ServerSDK-Video/src/video_recorder/event_handler.cpp:1341: level 1: INFO    (22:20:56:878 |    0)   4058; setMaxVideoBitrate: max bitrate=500000
AgoraCoreService[4043]: (4043) /var/lib/jenkins/workspace/agora-release-linux-2/ServerSDK-Video/src/video_recorder/event_handler.cpp:1341: level 1: INFO    (22:20:56:878 |    0)   4058; setCodecRates: set frame rate to 15
AgoraCoreService[4043]: (4043) /var/lib/jenkins/workspace/agora-release-linux-2/ServerSDK-Video/src/video_recorder/event_handler.cpp:1341: level 1: INFO    (22:20:56:878 |    0)   4058; setCodec: index=1 width=640 height=360 framerate=15
AgoraCoreService[4043]: (4043) /var/lib/jenkins/workspace/agora-release-linux-2/ServerSDK-Video/src/video_recorder/event_handler.cpp:1341: level 1: INFO    (22:20:56:878 |    0)   4058; setCodecResolution: set to 640 x 360
AgoraCoreService[4043]: (4043) /var/lib/jenkins/workspace/agora-release-linux-2/ServerSDK-Video/src/video_recorder/event_handler.cpp:1341: level 1: INFO    (22:20:56:878 |    0)   4058; CreateVideoCapturer: interface=0x7f0224172c90
AgoraCoreService[4043]: (4043) /var/lib/jenkins/workspace/agora-release-linux-2/ServerSDK-Video/src/video_recorder/event_handler.cpp:1341: level 1: INFO    (22:20:56:878 |    0)   4058; VideoSendTrackImpl::UpdateCapturer capturer=0x7f022421f9c0
AgoraCoreService[4043]: (4043) /var/lib/jenkins/workspace/agora-release-linux-2/ServerSDK-Video/src/video_recorder/event_handler.cpp:1341: level 1: INFO    (22:20:56:878 |    0)   4058; Create participant 0
AgoraCoreService[4043]: (4043) /var/lib/jenkins/workspace/agora-release-linux-2/ServerSDK-Video/src/video_recorder/event_handler.cpp:1341: level 1: INFO    (22:20:56:878 |    0)   4058; startCapture: device? 1024 init? 1 local enabled? 1 capturing? 0 rendering? 0
AgoraCoreService[4043]: (4043) /var/lib/jenkins/workspace/agora-release-linux-2/ServerSDK-Video/src/video_recorder/event_handler.cpp:1341: level 1: INFO    (22:20:56:878 |    0)   4058; startCapture: Receive Only Mode, capture still on. Encode will be turned off
AgoraCoreService[4043]: (4043) /var/lib/jenkins/workspace/agora-release-linux-2/ServerSDK-Video/src/video_recorder/event_handler.cpp:1341: level 1: INFO    (22:20:56:878 |    0)   4058; AgoraVideoInput::Init thread=1, type=100, device=External Device
AgoraCoreService[4043]: (4043) /var/lib/jenkins/workspace/agora-release-linux-2/ServerSDK-Video/src/video_recorder/event_handler.cpp:1341: level 1: INFO    (22:20:56:879 |    1)   4065; Thread with name:AgoraInputThread started 
AgoraCoreService[4043]: (4043) /var/lib/jenkins/workspace/agora-release-linux-2/ServerSDK-Video/src/video_recorder/event_handler.cpp:1341: level 1: INFO    (22:20:56:879 |    0)   4066; Thread with name:ExternalCaptureThread started 
AgoraCoreService[4043]: (4043) /var/lib/jenkins/workspace/agora-release-linux-2/ServerSDK-Video/src/video_recorder/event_handler.cpp:1341: level 1: INFO    (22:20:56:879 |    0)   4058; setCodec: index=1 width=640 height=360 framerate=15
AgoraCoreService[4043]: (4043) /var/lib/jenkins/workspace/agora-release-linux-2/ServerSDK-Video/src/video_recorder/event_handler.cpp:1341: level 1: INFO    (22:20:56:879 |    0)   4058; setMaxVideoBitrate: max bitrate=500000
AgoraCoreService[4043]: (4043) /var/lib/jenkins/workspace/agora-release-linux-2/ServerSDK-Video/src/video_recorder/event_handler.cpp:1341: level 1: INFO    (22:20:56:879 |    0)   4058; AgoraVideoInput::Start width=640, height=360, fps=15
AgoraCoreService[4043]: (4043) /var/lib/jenkins/workspace/agora-release-linux-2/ServerSDK-Video/src/video_recorder/event_handler.cpp:1341: level 1: INFO    (22:20:56:879 |    0)   4067; Thread with name:WebRtc_event_timer_thread started 
AgoraCoreService[4043]: (4043) /var/lib/jenkins/workspace/agora-release-linux-2/ServerSDK-Video/src/video_recorder/event_handler.cpp:1341: level 1: INFO    (22:20:56:879 |    0)   4058; startCapture: startCapture success
AgoraCoreService[4043]: (4043) /var/lib/jenkins/workspace/agora-release-linux-2/ServerSDK-Video/src/video_recorder/event_handler.cpp:1341: level 1: INFO    (22:20:56:879 |    0)   4058; RequestEncodeKeyFrame
AgoraCoreService[4043]: (4043) /var/lib/jenkins/workspace/agora-release-linux-2/ServerSDK-Video/src/video_recorder/event_handler.cpp:1341: level 1: INFO    (22:20:56:879 |    0)   4058; doStartLocalRender: init? 1 capture id -1 device 1024 capturing? 1 rendering? 0
AgoraCoreService[4043]: (4043) /var/lib/jenkins/workspace/agora-release-linux-2/ServerSDK-Video/src/video_recorder/event_handler.cpp:1341: level 1: INFO    (22:20:56:879 |    0)   4058; doStartLocalRender: Receive Only Mode, local renderer still on.
AgoraCoreService[4043]: (4043) /var/lib/jenkins/workspace/agora-release-linux-2/ServerSDK-Video/src/video_recorder/event_handler.cpp:1341: level 1: INFO    (22:20:56:880 |    1)   4058; doStartLocalRender: init? 1 capture id -1 device 1024 capturing? 1 rendering? 0
AgoraCoreService[4043]: (4043) /var/lib/jenkins/workspace/agora-release-linux-2/ServerSDK-Video/src/video_recorder/event_handler.cpp:1341: level 1: INFO    (22:20:56:880 |    0)   4058; doStartLocalRender: Receive Only Mode, local renderer still on.
AgoraCoreService[4043]: (4043) /var/lib/jenkins/workspace/agora-release-linux-2/ServerSDK-Video/src/video_recorder/event_handler.cpp:1341: level 1: INFO    (22:20:56:880 |    0)   4058; [che] start call returns 0, elapsed 22
AgoraCoreService[4043]: (4043) /var/lib/jenkins/workspace/agora-release-linux-2/ServerSDK-Video/src/video_recorder/event_handler.cpp:1341: level 1: INFO    (22:20:56:880 |    0)   4058; Setting dtx mode to 2
AgoraCoreService[4043]: (4043) /var/lib/jenkins/workspace/agora-release-linux-2/ServerSDK-Video/src/video_recorder/event_handler.cpp:1341: level 1: INFO    (22:20:56:880 |    0)   4058; setNetEQMinimumPlayoutDelay delay(100)
AgoraCoreService[4043]: (4043) /var/lib/jenkins/workspace/agora-release-linux-2/ServerSDK-Video/src/video_recorder/event_handler.cpp:1341: level 1: INFO    (22:20:56:880 |    0)   4058; join channel success: cname 'police_14_1' uid 1468262942 elapsed 217
AgoraCoreService[4043]: (4043) /var/lib/jenkins/workspace/agora-release-linux-2/ServerSDK-Video/src/video_recorder/event_handler.cpp:1054: Channel counters: mix mode:0 , min port:-1 , max port:-1 ,decode audio:0 , decode_video:0 , is live:0 , idle:300 , is audio only:0 ,syslog facility:8 , mix mode height:360 , mix mode width:640 , mix mode fps:15 , mix mode kbps:500 , mix av:0, streamType:0, triggerMode:0, lang:0
AgoraCoreService[4043]: (4043) /var/lib/jenkins/workspace/agora-release-linux-2/ServerSDK-Video/src/video_recorder/event_handler.cpp:1341: level 1: INFO    (22:20:56:880 |    0)   4059; Channel counters: mix mode:0 , min port:-1 , max port:-1 ,decode audio:0 , decode_video:0 , is live:0 , idle:300 , is audio only:0 ,syslog facility:8 , mix mode height:360 , mix mode width:640 , mix mode fps:15 , mi
AgoraCoreService[4043]: (4043) /var/lib/jenkins/workspace/agora-release-linux-2/ServerSDK-Video/src/video_recorder/event_handler.cpp:1128: User 1468262942 join channel police_14_1 success, elapsed: 217 ms
AgoraCoreService[4043]: (4043) /var/lib/jenkins/workspace/agora-release-linux-2/ServerSDK-Video/src/video_recorder/event_handler.cpp:1341: level 1: INFO    (22:20:56:880 |    0)   4059; User 1468262942 join channel police_14_1 success, elapsed: 217 ms
AgoraCoreService[4043]: (4043) /var/lib/jenkins/workspace/agora-release-linux-2/ServerSDK-Video/src/video_recorder/event_handler.cpp:1341: level 1: INFO    (22:20:56:881 |    1)   4058; CacheManager: save cache to storage elapsed 0
AgoraCoreService[4043]: (4043) /var/lib/jenkins/workspace/agora-release-linux-2/ServerSDK-Video/src/video_recorder/event_handler.cpp:1341: level 1: INFO    (22:20:56:881 |    0)   4058; [vocs/u] **responsed from 119.9.92.49:8000, 3 vos, elapsed 218, server ts 1522448456246, wan ip 139.59.134.76
AgoraCoreService[4043]: (4043) /var/lib/jenkins/workspace/agora-release-linux-2/ServerSDK-Video/src/video_recorder/event_handler.cpp:1341: level 1: INFO    (22:20:56:894 |   13)   4058; [rlbs/u] responsed from 221.228.78.123:9700 with servers 128.1.78.91:8000
AgoraCoreService[4043]: (4043) /var/lib/jenkins/workspace/agora-release-linux-2/ServerSDK-Video/src/video_recorder/event_handler.cpp:1341: level 1: INFO    (22:20:56:907 |   13)   4058; [ch0] rtt: 26
AgoraCoreService[4043]: (4043) /var/lib/jenkins/workspace/agora-release-linux-2/ServerSDK-Video/src/video_recorder/event_handler.cpp:1341: level 1: INFO    (22:20:56:946 |   39)   4065; [che] onVideoSizeChanged: uid 0 640x360 rotate 0
AgoraCoreService[4043]: (4043) /var/lib/jenkins/workspace/agora-release-linux-2/ServerSDK-Video/src/video_recorder/event_handler.cpp:1341: level 1: INFO    (22:20:58:858 |    0)   4058; notifyPeerCount: cnt 0
AgoraCoreService[4043]: (4043) /var/lib/jenkins/workspace/agora-release-linux-2/ServerSDK-Video/src/video_recorder/event_handler.cpp:1341: level 1: INFO    (22:21: 1:663 |    0)   4058; [rs] **report stats: seq: 11, report list size 11, tx/rx: 2208/288, cache size: 0, report success rate: -1
AgoraCoreService[4043]: (4043) /var/lib/jenkins/workspace/agora-release-linux-2/ServerSDK-Video/src/video_recorder/event_handler.cpp:1341: level 1: INFO    (22:21: 2:867 |  204)   4060; Audio statistics - play count: playout count = 200  signal level: far_in = 0
recorder_local[4042]: (4042) /var/lib/jenkins/workspace/agora-release-linux-2/ServerSDK-Video/src/rec_engine/RecordingEngineImpl.cpp:502: [Wrapper] channel id: police_14_1 packet stats, total: 0, callback_->AudioFrameReceived: pcmPackets: 0, pcmTotalPackets: 0, aacPackets: 0, yuvF2Packets: 0, h264F2Packets: 0, errPackets: 0, otherPackets: 0
AgoraCoreService[4043]: (4043) /var/lib/jenkins/workspace/agora-release-linux-2/ServerSDK-Video/src/video_recorder/event_handler.cpp:907: [ARS/15s]event cnts:0, audio pkts:0, mix audio pkts:0, yuv video pkts:0, h264 video pkts:0
AgoraCoreService[4043]: (4043) /var/lib/jenkins/workspace/agora-release-linux-2/ServerSDK-Video/src/video_recorder/event_handler.cpp:1341: level 1: INFO    (22:21:11:675 |    0)   4043; [ARS/15s]event cnts:0, audio pkts:0, mix audio pkts:0, yuv video pkts:0, h264 video pkts:0
recorder_local[4042]: (4042) /var/lib/jenkins/workspace/agora-release-linux-2/ServerSDK-Video/src/rec_engine/RecordingEngineImpl.cpp:502: [Wrapper] channel id: police_14_1 packet stats, total: 0, callback_->AudioFrameReceived: pcmPackets: 0, pcmTotalPackets: 0, aacPackets: 0, yuvF2Packets: 0, h264F2Packets: 0, errPackets: 0, otherPackets: 0
AgoraCoreService[4043]: (4043) /var/lib/jenkins/workspace/agora-release-linux-2/ServerSDK-Video/src/video_recorder/event_handler.cpp:1341: level 1: INFO    (22:21:16:867 |  192)   4060; Audio statistics - play count: playout count = 600  signal level: far_in = 0
recorder_local[4042]: (4042) /var/lib/jenkins/workspace/agora-release-linux-2/ServerSDK-Video/src/rec_engine/RecordingEngineImpl.cpp:502: [Wrapper] channel id: police_14_1 packet stats, total: 0, callback_->AudioFrameReceived: pcmPackets: 0, pcmTotalPackets: 0, aacPackets: 0, yuvF2Packets: 0, h264F2Packets: 0, errPackets: 0, otherPackets: 0
AgoraCoreService[4043]: (4043) /var/lib/jenkins/workspace/agora-release-linux-2/ServerSDK-Video/src/video_recorder/event_handler.cpp:907: [ARS/15s]event cnts:0, audio pkts:0, mix audio pkts:0, yuv video pkts:0, h264 video pkts:0
AgoraCoreService[4043]: (4043) /var/lib/jenkins/workspace/agora-release-linux-2/ServerSDK-Video/src/video_recorder/event_handler.cpp:1341: level 1: INFO    (22:21:26:687 |    0)   4043; [ARS/15s]event cnts:0, audio pkts:0, mix audio pkts:0, yuv video pkts:0, h264 video pkts:0
AgoraCoreService[4043]: (4043) /var/lib/jenkins/workspace/agora-release-linux-2/ServerSDK-Video/src/video_recorder/event_handler.cpp:1341: level 1: INFO    (22:21:30:663 |    0)   4058; **CALL STATS: duraton 31s cpu app/total 2.6/7.3 battery 255 tx/rx: 1/1 kbps 10.117K/5.412K bytes
AgoraCoreService[4043]: (4043) /var/lib/jenkins/workspace/agora-release-linux-2/ServerSDK-Video/src/video_recorder/event_handler.cpp:1341: level 1: INFO    (22:21:34:867 |  204)   4060; Audio statistics - play count: playout count = 600  signal level: far_in = 0
AgoraCoreService[4043]: (4043) /var/lib/jenkins/workspace/agora-release-linux-2/ServerSDK-Video/src/video_recorder/event_handler.cpp:1341: level 1: INFO    (22:21:36:663 |    0)   4058; [rs] **report stats: seq: 24, report list size 24, tx/rx: 6131/1152, cache size: 0, report success rate: 100
recorder_local[4042]: (4042) /var/lib/jenkins/workspace/agora-release-linux-2/ServerSDK-Video/src/rec_engine/RecordingEngineImpl.cpp:502: [Wrapper] channel id: police_14_1 packet stats, total: 0, callback_->AudioFrameReceived: pcmPackets: 0, pcmTotalPackets: 0, aacPackets: 0, yuvF2Packets: 0, h264F2Packets: 0, errPackets: 0, otherPackets: 0
AgoraCoreService[4043]: (4043) /var/lib/jenkins/workspace/agora-release-linux-2/ServerSDK-Video/src/video_recorder/event_handler.cpp:907: [ARS/15s]event cnts:0, audio pkts:0, mix audio pkts:0, yuv video pkts:0, h264 video pkts:0
AgoraCoreService[4043]: (4043) /var/lib/jenkins/workspace/agora-release-linux-2/ServerSDK-Video/src/video_recorder/event_handler.cpp:1341: level 1: INFO    (22:21:41:701 |   38)   4043; [ARS/15s]event cnts:0, audio pkts:0, mix audio pkts:0, yuv video pkts:0, h264 video pkts:0
recorder_local[4042]: (4042) /var/lib/jenkins/workspace/agora-release-linux-2/ServerSDK-Video/src/rec_engine/RecordingEngineImpl.cpp:502: [Wrapper] channel id: police_14_1 packet stats, total: 0, callback_->AudioFrameReceived: pcmPackets: 0, pcmTotalPackets: 0, aacPackets: 0, yuvF2Packets: 0, h264F2Packets: 0, errPackets: 0, otherPackets: 0
AgoraCoreService[4043]: (4043) /var/lib/jenkins/workspace/agora-release-linux-2/ServerSDK-Video/src/video_recorder/event_handler.cpp:1341: level 1: INFO    (22:21:52:867 |  166)   4060; Audio statistics - play count: playout count = 600  signal level: far_in = 0
recorder_local[4042]: (4042) /var/lib/jenkins/workspace/agora-release-linux-2/ServerSDK-Video/src/rec_engine/RecordingEngineImpl.cpp:502: [Wrapper] channel id: police_14_1 packet stats, total: 0, callback_->AudioFrameReceived: pcmPackets: 0, pcmTotalPackets: 0, aacPackets: 0, yuvF2Packets: 0, h264F2Packets: 0, errPackets: 0, otherPackets: 0
AgoraCoreService[4043]: (4043) /var/lib/jenkins/workspace/agora-release-linux-2/ServerSDK-Video/src/video_recorder/event_handler.cpp:907: [ARS/15s]event cnts:0, audio pkts:0, mix audio pkts:0, yuv video pkts:0, h264 video pkts:0
AgoraCoreService[4043]: (4043) /var/lib/jenkins/workspace/agora-release-linux-2/ServerSDK-Video/src/video_recorder/event_handler.cpp:1341: level 1: INFO    (22:21:56:715 |    0)   4043; [ARS/15s]event cnts:0, audio pkts:0, mix audio pkts:0, yuv video pkts:0, h264 video pkts:0
AgoraCoreService[4043]: (4043) /var/lib/jenkins/workspace/agora-release-linux-2/ServerSDK-Video/src/video_recorder/event_handler.cpp:1341: level 1: INFO    (22:22: 0:663 |    0)   4058; **CALL STATS: duraton 1m1s cpu app/total 1.50/7.57 battery 255 tx/rx: 1/1 kbps 16.111K/8.922K bytes
AgoraCoreService[4043]: (4043) /var/lib/jenkins/workspace/agora-release-linux-2/ServerSDK-Video/src/video_recorder/event_handler.cpp:1341: level 1: INFO    (22:22: 6:663 |    0)   4058; [rs] **report stats: seq: 33, report list size 33, tx/rx: 8185/1584, cache size: 0, report success rate: 100
recorder_local[4042]: (4042) /var/lib/jenkins/workspace/agora-release-linux-2/ServerSDK-Video/src/rec_engine/RecordingEngineImpl.cpp:502: [Wrapper] channel id: police_14_1 packet stats, total: 0, callback_->AudioFrameReceived: pcmPackets: 0, pcmTotalPackets: 0, aacPackets: 0, yuvF2Packets: 0, h264F2Packets: 0, errPackets: 0, otherPackets: 0
AgoraCoreService[4043]: (4043) /var/lib/jenkins/workspace/agora-release-linux-2/ServerSDK-Video/src/video_recorder/event_handler.cpp:1341: level 1: INFO    (22:22:10:867 |  204)   4060; Audio statistics - play count: playout count = 600  signal level: far_in = 0
AgoraCoreService[4043]: (4043) /var/lib/jenkins/workspace/agora-release-linux-2/ServerSDK-Video/src/video_recorder/event_handler.cpp:907: [ARS/15s]event cnts:0, audio pkts:0, mix audio pkts:0, yuv video pkts:0, h264 video pkts:0
AgoraCoreService[4043]: (4043) /var/lib/jenkins/workspace/agora-release-linux-2/ServerSDK-Video/src/video_recorder/event_handler.cpp:1341: level 1: INFO    (22:22:11:728 |    0)   4043; [ARS/15s]event cnts:0, audio pkts:0, mix audio pkts:0, yuv video pkts:0, h264 video pkts:0
recorder_local[4042]: (4042) /var/lib/jenkins/workspace/agora-release-linux-2/ServerSDK-Video/src/rec_engine/RecordingEngineImpl.cpp:502: [Wrapper] channel id: police_14_1 packet stats, total: 0, callback_->AudioFrameReceived: pcmPackets: 0, pcmTotalPackets: 0, aacPackets: 0, yuvF2Packets: 0, h264F2Packets: 0, errPackets: 0, otherPackets: 0
recorder_local[4042]: (4042) /var/lib/jenkins/workspace/agora-release-linux-2/ServerSDK-Video/src/rec_engine/RecordingEngineImpl.cpp:502: [Wrapper] channel id: police_14_1 packet stats, total: 0, callback_->AudioFrameReceived: pcmPackets: 0, pcmTotalPackets: 0, aacPackets: 0, yuvF2Packets: 0, h264F2Packets: 0, errPackets: 0, otherPackets: 0
AgoraCoreService[4043]: (4043) /var/lib/jenkins/workspace/agora-release-linux-2/ServerSDK-Video/src/video_recorder/event_handler.cpp:907: [ARS/15s]event cnts:0, audio pkts:0, mix audio pkts:0, yuv video pkts:0, h264 video pkts:0
AgoraCoreService[4043]: (4043) /var/lib/jenkins/workspace/agora-release-linux-2/ServerSDK-Video/src/video_recorder/event_handler.cpp:1341: level 1: INFO    (22:22:26:741 |   13)   4043; [ARS/15s]event cnts:0, audio pkts:0, mix audio pkts:0, yuv video pkts:0, h264 video pkts:0
AgoraCoreService[4043]: (4043) /var/lib/jenkins/workspace/agora-release-linux-2/ServerSDK-Video/src/video_recorder/event_handler.cpp:1341: level 1: INFO    (22:22:28:867 |  126)   4060; Audio statistics - play count: playout count = 600  signal level: far_in = 0
AgoraCoreService[4043]: (4043) /var/lib/jenkins/workspace/agora-release-linux-2/ServerSDK-Video/src/video_recorder/event_handler.cpp:1341: level 1: INFO    (22:22:32:664 |    0)   4058; **CALL STATS: duraton 1m33s cpu app/total 1.51/9.54 battery 255 tx/rx: 2/1 kbps 22.739K/12.660K bytes
recorder_local[4042]: (4042) /var/lib/jenkins/workspace/agora-release-linux-2/ServerSDK-Video/src/rec_engine/RecordingEngineImpl.cpp:502: [Wrapper] channel id: police_14_1 packet stats, total: 0, callback_->AudioFrameReceived: pcmPackets: 0, pcmTotalPackets: 0, aacPackets: 0, yuvF2Packets: 0, h264F2Packets: 0, errPackets: 0, otherPackets: 0
AgoraCoreService[4043]: (4043) /var/lib/jenkins/workspace/agora-release-linux-2/ServerSDK-Video/src/video_recorder/event_handler.cpp:1341: level 1: INFO    (22:22:41:663 |    0)   4058; [rs] **report stats: seq: 44, report list size 22, tx/rx: 10708/2112, cache size: 0, report success rate: 100
AgoraCoreService[4043]: (4043) /var/lib/jenkins/workspace/agora-release-linux-2/ServerSDK-Video/src/video_recorder/event_handler.cpp:907: [ARS/15s]event cnts:0, audio pkts:0, mix audio pkts:0, yuv video pkts:0, h264 video pkts:0
AgoraCoreService[4043]: (4043) /var/lib/jenkins/workspace/agora-release-linux-2/ServerSDK-Video/src/video_recorder/event_handler.cpp:1341: level 1: INFO    (22:22:41:757 |   94)   4043; [ARS/15s]event cnts:0, audio pkts:0, mix audio pkts:0, yuv video pkts:0, h264 video pkts:0
recorder_local[4042]: (4042) /var/lib/jenkins/workspace/agora-release-linux-2/ServerSDK-Video/src/rec_engine/RecordingEngineImpl.cpp:502: [Wrapper] channel id: police_14_1 packet stats, total: 0, callback_->AudioFrameReceived: pcmPackets: 0, pcmTotalPackets: 0, aacPackets: 0, yuvF2Packets: 0, h264F2Packets: 0, errPackets: 0, otherPackets: 0
AgoraCoreService[4043]: (4043) /var/lib/jenkins/workspace/agora-release-linux-2/ServerSDK-Video/src/video_recorder/event_handler.cpp:1341: level 1: INFO    (22:22:46:867 |  110)   4060; Audio statistics - play count: playout count = 600  signal level: far_in = 0
AgoraCoreService[4043]: (4043) /var/lib/jenkins/workspace/agora-release-linux-2/ServerSDK-Video/src/video_recorder/event_handler.cpp:907: [ARS/15s]event cnts:0, audio pkts:0, mix audio pkts:0, yuv video pkts:0, h264 video pkts:0
recorder_local[4042]: (4042) /var/lib/jenkins/workspace/agora-release-linux-2/ServerSDK-Video/src/rec_engine/RecordingEngineImpl.cpp:502: [Wrapper] channel id: police_14_1 packet stats, total: 0, callback_->AudioFrameReceived: pcmPackets: 0, pcmTotalPackets: 0, aacPackets: 0, yuvF2Packets: 0, h264F2Packets: 0, errPackets: 0, otherPackets: 0
AgoraCoreService[4043]: (4043) /var/lib/jenkins/workspace/agora-release-linux-2/ServerSDK-Video/src/video_recorder/event_handler.cpp:1341: level 1: INFO    (22:22:56:772 |    0)   4043; [ARS/15s]event cnts:0, audio pkts:0, mix audio pkts:0, yuv video pkts:0, h264 video pkts:0
AgoraCoreService[4043]: (4043) /var/lib/jenkins/workspace/agora-release-linux-2/ServerSDK-Video/src/video_recorder/event_handler.cpp:1341: level 1: INFO    (22:23: 4:663 |    0)   4058; **CALL STATS: duraton 2m5s cpu app/total 1.52/8.50 battery 255 tx/rx: 2/0 kbps 29.182K/16.320K bytes
AgoraCoreService[4043]: (4043) /var/lib/jenkins/workspace/agora-release-linux-2/ServerSDK-Video/src/video_recorder/event_handler.cpp:1341: level 1: INFO    (22:23: 4:867 |  204)   4060; Audio statistics - play count: playout count = 600  signal level: far_in = 0
recorder_local[4042]: (4042) /var/lib/jenkins/workspace/agora-release-linux-2/ServerSDK-Video/src/rec_engine/RecordingEngineImpl.cpp:502: [Wrapper] channel id: police_14_1 packet stats, total: 0, callback_->AudioFrameReceived: pcmPackets: 0, pcmTotalPackets: 0, aacPackets: 0, yuvF2Packets: 0, h264F2Packets: 0, errPackets: 0, otherPackets: 0
AgoraCoreService[4043]: (4043) /var/lib/jenkins/workspace/agora-release-linux-2/ServerSDK-Video/src/video_recorder/event_handler.cpp:907: [ARS/15s]event cnts:0, audio pkts:0, mix audio pkts:0, yuv video pkts:0, h264 video pkts:0
AgoraCoreService[4043]: (4043) /var/lib/jenkins/workspace/agora-release-linux-2/ServerSDK-Video/src/video_recorder/event_handler.cpp:1341: level 1: INFO    (22:23:11:787 |    0)   4043; [ARS/15s]event cnts:0, audio pkts:0, mix audio pkts:0, yuv video pkts:0, h264 video pkts:0
AgoraCoreService[4043]: (4043) /var/lib/jenkins/workspace/agora-release-linux-2/ServerSDK-Video/src/video_recorder/event_handler.cpp:1341: level 1: INFO    (22:23:16:663 |    0)   4058; [rs] **report stats: seq: 55, report list size 22, tx/rx: 13221/2592, cache size: 0, report success rate: 100
recorder_local[4042]: (4042) /var/lib/jenkins/workspace/agora-release-linux-2/ServerSDK-Video/src/rec_engine/RecordingEngineImpl.cpp:502: [Wrapper] channel id: police_14_1 packet stats, total: 0, callback_->AudioFrameReceived: pcmPackets: 0, pcmTotalPackets: 0, aacPackets: 0, yuvF2Packets: 0, h264F2Packets: 0, errPackets: 0, otherPackets: 0
AgoraCoreService[4043]: (4043) /var/lib/jenkins/workspace/agora-release-linux-2/ServerSDK-Video/src/video_recorder/event_handler.cpp:1341: level 1: INFO    (22:23:22:867 |  204)   4060; Audio statistics - play count: playout count = 600  signal level: far_in = 0
AgoraCoreService[4043]: (4043) /var/lib/jenkins/workspace/agora-release-linux-2/ServerSDK-Video/src/video_recorder/event_handler.cpp:907: [ARS/15s]event cnts:0, audio pkts:0, mix audio pkts:0, yuv video pkts:0, h264 video pkts:0
recorder_local[4042]: (4042) /var/lib/jenkins/workspace/agora-release-linux-2/ServerSDK-Video/src/rec_engine/RecordingEngineImpl.cpp:502: [Wrapper] channel id: police_14_1 packet stats, total: 0, callback_->AudioFrameReceived: pcmPackets: 0, pcmTotalPackets: 0, aacPackets: 0, yuvF2Packets: 0, h264F2Packets: 0, errPackets: 0, otherPackets: 0
AgoraCoreService[4043]: (4043) /var/lib/jenkins/workspace/agora-release-linux-2/ServerSDK-Video/src/video_recorder/event_handler.cpp:1341: level 1: INFO    (22:23:26:801 |    0)   4043; [ARS/15s]event cnts:0, audio pkts:0, mix audio pkts:0, yuv video pkts:0, h264 video pkts:0
AgoraCoreService[4043]: (4043) /var/lib/jenkins/workspace/agora-release-linux-2/ServerSDK-Video/src/video_recorder/event_handler.cpp:1341: level 1: INFO    (22:23:36:663 |    0)   4058; **CALL STATS: duraton 2m37s cpu app/total 1.51/6.6 battery 255 tx/rx: 1/1 kbps 35.512K/20.106K bytes
recorder_local[4042]: (4042) /var/lib/jenkins/workspace/agora-release-linux-2/ServerSDK-Video/src/rec_engine/RecordingEngineImpl.cpp:502: [Wrapper] channel id: police_14_1 packet stats, total: 0, callback_->AudioFrameReceived: pcmPackets: 0, pcmTotalPackets: 0, aacPackets: 0, yuvF2Packets: 0, h264F2Packets: 0, errPackets: 0, otherPackets: 0
AgoraCoreService[4043]: (4043) /var/lib/jenkins/workspace/agora-release-linux-2/ServerSDK-Video/src/video_recorder/event_handler.cpp:1341: level 1: INFO    (22:23:40:867 |  204)   4060; Audio statistics - play count: playout count = 600  signal level: far_in = 0
AgoraCoreService[4043]: (4043) /var/lib/jenkins/workspace/agora-release-linux-2/ServerSDK-Video/src/video_recorder/event_handler.cpp:907: [ARS/15s]event cnts:0, audio pkts:0, mix audio pkts:0, yuv video pkts:0, h264 video pkts:0
AgoraCoreService[4043]: (4043) /var/lib/jenkins/workspace/agora-release-linux-2/ServerSDK-Video/src/video_recorder/event_handler.cpp:1341: level 1: INFO    (22:23:41:816 |    0)   4043; [ARS/15s]event cnts:0, audio pkts:0, mix audio pkts:0, yuv video pkts:0, h264 video pkts:0
AgoraCoreService[4043]: (4043) /var/lib/jenkins/workspace/agora-release-linux-2/ServerSDK-Video/src/video_recorder/event_handler.cpp:1341: level 1: INFO    (22:23:46:663 |    0)   4058; [rs] **report stats: seq: 64, report list size 22, tx/rx: 15275/3024, cache size: 0, report success rate: 100
recorder_local[4042]: (4042) /var/lib/jenkins/workspace/agora-release-linux-2/ServerSDK-Video/src/rec_engine/RecordingEngineImpl.cpp:502: [Wrapper] channel id: police_14_1 packet stats, total: 0, callback_->AudioFrameReceived: pcmPackets: 0, pcmTotalPackets: 0, aacPackets: 0, yuvF2Packets: 0, h264F2Packets: 0, errPackets: 0, otherPackets: 0
AgoraCoreService[4043]: (4043) /var/lib/jenkins/workspace/agora-release-linux-2/ServerSDK-Video/src/video_recorder/event_handler.cpp:907: [ARS/15s]event cnts:0, audio pkts:0, mix audio pkts:0, yuv video pkts:0, h264 video pkts:0
recorder_local[4042]: (4042) /var/lib/jenkins/workspace/agora-release-linux-2/ServerSDK-Video/src/rec_engine/RecordingEngineImpl.cpp:502: [Wrapper] channel id: police_14_1 packet stats, total: 0, callback_->AudioFrameReceived: pcmPackets: 0, pcmTotalPackets: 0, aacPackets: 0, yuvF2Packets: 0, h264F2Packets: 0, errPackets: 0, otherPackets: 0
AgoraCoreService[4043]: (4043) /var/lib/jenkins/workspace/agora-release-linux-2/ServerSDK-Video/src/video_recorder/event_handler.cpp:1341: level 1: INFO    (22:23:56:831 |  168)   4043; [ARS/15s]event cnts:0, audio pkts:0, mix audio pkts:0, yuv video pkts:0, h264 video pkts:0
AgoraCoreService[4043]: (4043) /var/lib/jenkins/workspace/agora-release-linux-2/ServerSDK-Video/src/video_recorder/event_handler.cpp:1341: level 1: INFO    (22:23:58:867 |   36)   4060; Audio statistics - play count: playout count = 600  signal level: far_in = 0
recorder_local[4042]: (4042) /var/lib/jenkins/workspace/agora-release-linux-2/ServerSDK-Video/src/rec_engine/RecordingEngineImpl.cpp:502: [Wrapper] channel id: police_14_1 packet stats, total: 0, callback_->AudioFrameReceived: pcmPackets: 0, pcmTotalPackets: 0, aacPackets: 0, yuvF2Packets: 0, h264F2Packets: 0, errPackets: 0, otherPackets: 0
AgoraCoreService[4043]: (4043) /var/lib/jenkins/workspace/agora-release-linux-2/ServerSDK-Video/src/video_recorder/event_handler.cpp:1341: level 1: INFO    (22:24: 8:663 |    0)   4058; **CALL STATS: duraton 3m9s cpu app/total 2.2/6.56 battery 255 tx/rx: 1/1 kbps 41.914K/23.868K bytes
AgoraCoreService[4043]: (4043) /var/lib/jenkins/workspace/agora-release-linux-2/ServerSDK-Video/src/video_recorder/event_handler.cpp:907: [ARS/15s]event cnts:0, audio pkts:0, mix audio pkts:0, yuv video pkts:0, h264 video pkts:0
AgoraCoreService[4043]: (4043) /var/lib/jenkins/workspace/agora-release-linux-2/ServerSDK-Video/src/video_recorder/event_handler.cpp:1341: level 1: INFO    (22:24:11:846 |  183)   4043; [ARS/15s]event cnts:0, audio pkts:0, mix audio pkts:0, yuv video pkts:0, h264 video pkts:0
recorder_local[4042]: (4042) /var/lib/jenkins/workspace/agora-release-linux-2/ServerSDK-Video/src/rec_engine/RecordingEngineImpl.cpp:502: [Wrapper] channel id: police_14_1 packet stats, total: 0, callback_->AudioFrameReceived: pcmPackets: 0, pcmTotalPackets: 0, aacPackets: 0, yuvF2Packets: 0, h264F2Packets: 0, errPackets: 0, otherPackets: 0
AgoraCoreService[4043]: (4043) /var/lib/jenkins/workspace/agora-release-linux-2/ServerSDK-Video/src/video_recorder/event_handler.cpp:1341: level 1: INFO    (22:24:16:867 |   21)   4060; Audio statistics - play count: playout count = 600  signal level: far_in = 0
AgoraCoreService[4043]: (4043) /var/lib/jenkins/workspace/agora-release-linux-2/ServerSDK-Video/src/video_recorder/event_handler.cpp:1341: level 1: INFO    (22:24:21:663 |    0)   4058; [rs] **report stats: seq: 74, report list size 23, tx/rx: 17577/3552, cache size: 0, report success rate: 100
AgoraCoreService[4043]: (4043) /var/lib/jenkins/workspace/agora-release-linux-2/ServerSDK-Video/src/video_recorder/event_handler.cpp:907: [ARS/15s]event cnts:0, audio pkts:0, mix audio pkts:0, yuv video pkts:0, h264 video pkts:0
recorder_local[4042]: (4042) /var/lib/jenkins/workspace/agora-release-linux-2/ServerSDK-Video/src/rec_engine/RecordingEngineImpl.cpp:502: [Wrapper] channel id: police_14_1 packet stats, total: 0, callback_->AudioFrameReceived: pcmPackets: 0, pcmTotalPackets: 0, aacPackets: 0, yuvF2Packets: 0, h264F2Packets: 0, errPackets: 0, otherPackets: 0
AgoraCoreService[4043]: (4043) /var/lib/jenkins/workspace/agora-release-linux-2/ServerSDK-Video/src/video_recorder/event_handler.cpp:1341: level 1: INFO    (22:24:26:861 |  198)   4043; [ARS/15s]event cnts:0, audio pkts:0, mix audio pkts:0, yuv video pkts:0, h264 video pkts:0
AgoraCoreService[4043]: (4043) /var/lib/jenkins/workspace/agora-release-linux-2/ServerSDK-Video/src/video_recorder/event_handler.cpp:1341: level 1: INFO    (22:24:34:867 |    6)   4060; Audio statistics - play count: playout count = 600  signal level: far_in = 0
recorder_local[4042]: (4042) /var/lib/jenkins/workspace/agora-release-linux-2/ServerSDK-Video/src/rec_engine/RecordingEngineImpl.cpp:502: [Wrapper] channel id: police_14_1 packet stats, total: 0, callback_->AudioFrameReceived: pcmPackets: 0, pcmTotalPackets: 0, aacPackets: 0, yuvF2Packets: 0, h264F2Packets: 0, errPackets: 0, otherPackets: 0
AgoraCoreService[4043]: (4043) /var/lib/jenkins/workspace/agora-release-linux-2/ServerSDK-Video/src/video_recorder/event_handler.cpp:1341: level 1: INFO    (22:24:40:663 |    0)   4058; **CALL STATS: duraton 3m41s cpu app/total 3.1/4.47 battery 255 tx/rx: 1/0 kbps 48.357K/27.528K bytes
AgoraCoreService[4043]: (4043) /var/lib/jenkins/workspace/agora-release-linux-2/ServerSDK-Video/src/video_recorder/event_handler.cpp:907: [ARS/15s]event cnts:0, audio pkts:0, mix audio pkts:0, yuv video pkts:0, h264 video pkts:0
AgoraCoreService[4043]: (4043) /var/lib/jenkins/workspace/agora-release-linux-2/ServerSDK-Video/src/video_recorder/event_handler.cpp:1341: level 1: INFO    (22:24:41:876 |  213)   4043; [ARS/15s]event cnts:0, audio pkts:0, mix audio pkts:0, yuv video pkts:0, h264 video pkts:0
recorder_local[4042]: (4042) /var/lib/jenkins/workspace/agora-release-linux-2/ServerSDK-Video/src/rec_engine/RecordingEngineImpl.cpp:502: [Wrapper] channel id: police_14_1 packet stats, total: 0, callback_->AudioFrameReceived: pcmPackets: 0, pcmTotalPackets: 0, aacPackets: 0, yuvF2Packets: 0, h264F2Packets: 0, errPackets: 0, otherPackets: 0
AgoraCoreService[4043]: (4043) /var/lib/jenkins/workspace/agora-release-linux-2/ServerSDK-Video/src/video_recorder/event_handler.cpp:1341: level 1: INFO    (22:24:51:663 |    0)   4058; [rs] **report stats: seq: 83, report list size 23, tx/rx: 19621/3984, cache size: 0, report success rate: 100
AgoraCoreService[4043]: (4043) /var/lib/jenkins/workspace/agora-release-linux-2/ServerSDK-Video/src/video_recorder/event_handler.cpp:1341: level 1: INFO    (22:24:52:867 |  204)   4060; Audio statistics - play count: playout count = 600  signal level: far_in = 0
recorder_local[4042]: (4042) /var/lib/jenkins/workspace/agora-release-linux-2/ServerSDK-Video/src/rec_engine/RecordingEngineImpl.cpp:502: [Wrapper] channel id: police_14_1 packet stats, total: 0, callback_->AudioFrameReceived: pcmPackets: 0, pcmTotalPackets: 0, aacPackets: 0, yuvF2Packets: 0, h264F2Packets: 0, errPackets: 0, otherPackets: 0
AgoraCoreService[4043]: (4043) /var/lib/jenkins/workspace/agora-release-linux-2/ServerSDK-Video/src/video_recorder/event_handler.cpp:907: [ARS/15s]event cnts:0, audio pkts:0, mix audio pkts:0, yuv video pkts:0, h264 video pkts:0
AgoraCoreService[4043]: (4043) /var/lib/jenkins/workspace/agora-release-linux-2/ServerSDK-Video/src/video_recorder/event_handler.cpp:1341: level 1: INFO    (22:24:56:889 |   22)   4043; [ARS/15s]event cnts:0, audio pkts:0, mix audio pkts:0, yuv video pkts:0, h264 video pkts:0
recorder_local[4042]: (4042) /var/lib/jenkins/workspace/agora-release-linux-2/ServerSDK-Video/src/rec_engine/RecordingEngineImpl.cpp:502: [Wrapper] channel id: police_14_1 packet stats, total: 0, callback_->AudioFrameReceived: pcmPackets: 0, pcmTotalPackets: 0, aacPackets: 0, yuvF2Packets: 0, h264F2Packets: 0, errPackets: 0, otherPackets: 0
AgoraCoreService[4043]: (4043) /var/lib/jenkins/workspace/agora-release-linux-2/ServerSDK-Video/src/video_recorder/event_handler.cpp:1341: level 1: INFO    (22:25:10:664 |    0)   4058; **CALL STATS: duraton 4m11s cpu app/total 2.1/5.0 battery 255 tx/rx: 1/0 kbps 54.351K/31.14K bytes
AgoraCoreService[4043]: (4043) /var/lib/jenkins/workspace/agora-release-linux-2/ServerSDK-Video/src/video_recorder/event_handler.cpp:1341: level 1: INFO    (22:25:10:867 |  203)   4060; Audio statistics - play count: playout count = 600  signal level: far_in = 0
AgoraCoreService[4043]: (4043) /var/lib/jenkins/workspace/agora-release-linux-2/ServerSDK-Video/src/video_recorder/event_handler.cpp:907: [ARS/15s]event cnts:0, audio pkts:0, mix audio pkts:0, yuv video pkts:0, h264 video pkts:0
AgoraCoreService[4043]: (4043) /var/lib/jenkins/workspace/agora-release-linux-2/ServerSDK-Video/src/video_recorder/event_handler.cpp:1341: level 1: INFO    (22:25:11:904 |   37)   4043; [ARS/15s]event cnts:0, audio pkts:0, mix audio pkts:0, yuv video pkts:0, h264 video pkts:0
recorder_local[4042]: (4042) /var/lib/jenkins/workspace/agora-release-linux-2/ServerSDK-Video/src/rec_engine/RecordingEngineImpl.cpp:502: [Wrapper] channel id: police_14_1 packet stats, total: 0, callback_->AudioFrameReceived: pcmPackets: 0, pcmTotalPackets: 0, aacPackets: 0, yuvF2Packets: 0, h264F2Packets: 0, errPackets: 0, otherPackets: 0
AgoraCoreService[4043]: (4043) /var/lib/jenkins/workspace/agora-release-linux-2/ServerSDK-Video/src/video_recorder/event_handler.cpp:1341: level 1: INFO    (22:25:26:663 |    0)   4058; [rs] **report stats: seq: 93, report list size 22, tx/rx: 21918/4464, cache size: 0, report success rate: 100
AgoraCoreService[4043]: (4043) /var/lib/jenkins/workspace/agora-release-linux-2/ServerSDK-Video/src/video_recorder/event_handler.cpp:907: [ARS/15s]event cnts:0, audio pkts:0, mix audio pkts:0, yuv video pkts:0, h264 video pkts:0
recorder_local[4042]: (4042) /var/lib/jenkins/workspace/agora-release-linux-2/ServerSDK-Video/src/rec_engine/RecordingEngineImpl.cpp:502: [Wrapper] channel id: police_14_1 packet stats, total: 0, callback_->AudioFrameReceived: pcmPackets: 0, pcmTotalPackets: 0, aacPackets: 0, yuvF2Packets: 0, h264F2Packets: 0, errPackets: 0, otherPackets: 0
AgoraCoreService[4043]: (4043) /var/lib/jenkins/workspace/agora-release-linux-2/ServerSDK-Video/src/video_recorder/event_handler.cpp:1341: level 1: INFO    (22:25:26:918 |  255)   4043; [ARS/15s]event cnts:0, audio pkts:0, mix audio pkts:0, yuv video pkts:0, h264 video pkts:0
AgoraCoreService[4043]: (4043) /var/lib/jenkins/workspace/agora-release-linux-2/ServerSDK-Video/src/video_recorder/event_handler.cpp:1341: level 1: INFO    (22:25:28:867 |    0)   4060; Audio statistics - play count: playout count = 600  signal level: far_in = 0
recorder_local[4042]: (4042) /var/lib/jenkins/workspace/agora-release-linux-2/ServerSDK-Video/src/rec_engine/RecordingEngineImpl.cpp:502: [Wrapper] channel id: police_14_1 packet stats, total: 0, callback_->AudioFrameReceived: pcmPackets: 0, pcmTotalPackets: 0, aacPackets: 0, yuvF2Packets: 0, h264F2Packets: 0, errPackets: 0, otherPackets: 0
AgoraCoreService[4043]: (4043) /var/lib/jenkins/workspace/agora-release-linux-2/ServerSDK-Video/src/video_recorder/event_handler.cpp:907: [ARS/15s]event cnts:0, audio pkts:0, mix audio pkts:0, yuv video pkts:0, h264 video pkts:0
AgoraCoreService[4043]: (4043) /var/lib/jenkins/workspace/agora-release-linux-2/ServerSDK-Video/src/video_recorder/event_handler.cpp:1341: level 1: INFO    (22:25:41:932 |   65)   4043; [ARS/15s]event cnts:0, audio pkts:0, mix audio pkts:0, yuv video pkts:0, h264 video pkts:0
AgoraCoreService[4043]: (4043) /var/lib/jenkins/workspace/agora-release-linux-2/ServerSDK-Video/src/video_recorder/event_handler.cpp:1341: level 1: INFO    (22:25:42:663 |    0)   4058; **CALL STATS: duraton 4m43s cpu app/total 2.1/7.57 battery 255 tx/rx: 2/1 kbps 60.984K/34.776K bytes
AgoraCoreService[4043]: (4043) /var/lib/jenkins/workspace/agora-release-linux-2/ServerSDK-Video/src/video_recorder/event_handler.cpp:1341: level 1: INFO    (22:25:46:867 |  204)   4060; Audio statistics - play count: playout count = 600  signal level: far_in = 0
recorder_local[4042]: (4042) /var/lib/jenkins/workspace/agora-release-linux-2/ServerSDK-Video/src/rec_engine/RecordingEngineImpl.cpp:502: [Wrapper] channel id: police_14_1 packet stats, total: 0, callback_->AudioFrameReceived: pcmPackets: 0, pcmTotalPackets: 0, aacPackets: 0, yuvF2Packets: 0, h264F2Packets: 0, errPackets: 0, otherPackets: 0
AgoraCoreService[4043]: (4043) /var/lib/jenkins/workspace/agora-release-linux-2/ServerSDK-Video/src/video_recorder/event_handler.cpp:907: [ARS/15s]event cnts:0, audio pkts:0, mix audio pkts:0, yuv video pkts:0, h264 video pkts:0
AgoraCoreService[4043]: (4043) /var/lib/jenkins/workspace/agora-release-linux-2/ServerSDK-Video/src/video_recorder/event_handler.cpp:1341: level 1: INFO    (22:25:56:945 |   78)   4043; [ARS/15s]event cnts:0, audio pkts:0, mix audio pkts:0, yuv video pkts:0, h264 video pkts:0
recorder_local[4042]: (4042) /var/lib/jenkins/workspace/agora-release-linux-2/ServerSDK-Video/src/rec_engine/RecordingEngineImpl.cpp:502: [Wrapper] channel id: police_14_1 packet stats, total: 0, callback_->AudioFrameReceived: pcmPackets: 0, pcmTotalPackets: 0, aacPackets: 0, yuvF2Packets: 0, h264F2Packets: 0, errPackets: 0, otherPackets: 0
AgoraCoreService[4043]: (4043) /var/lib/jenkins/workspace/agora-release-linux-2/ServerSDK-Video/src/video_recorder/event_handler.cpp:1334: No users in channel for 300 seconds, aborting, leave_code:4.
AgoraCoreService[4043]: (4043) /var/lib/jenkins/workspace/agora-release-linux-2/ServerSDK-Video/src/video_recorder/event_handler.cpp:1341: level 2: WARN    (22:25:58:663 |    0)   4059; No users in channel for 300 seconds, aborting, leave_code:4.
AgoraCoreService[4043]: (4043) /var/lib/jenkins/workspace/agora-release-linux-2/ServerSDK-Video/src/video_recorder/event_handler.cpp:888: ARS push leave pkt to queue inform wrapper
AgoraCoreService[4043]: (4043) /var/lib/jenkins/workspace/agora-release-linux-2/ServerSDK-Video/src/video_recorder/event_handler.cpp:1341: level 1: INFO    (22:25:58:947 |  284)   4043; ARS push leave pkt to queue inform wrapper
AgoraCoreService[4043]: (4043) /var/lib/jenkins/workspace/agora-release-linux-2/ServerSDK-Video/src/video_recorder/event_handler.cpp:858: Before cleanup cnt 0, errno 2 4, joined_ 1, term_sig 1, leave path code 12
AgoraCoreService[4043]: (4043) /var/lib/jenkins/workspace/agora-release-linux-2/ServerSDK-Video/src/video_recorder/event_handler.cpp:1341: level 2: WARN    (22:25:59:447 |    0)   4043; Before cleanup cnt 0, errno 2 4, joined_ 1, term_sig 1, leave path code 12
AgoraCoreService[4043]: (4043) /var/lib/jenkins/workspace/agora-release-linux-2/ServerSDK-Video/src/video_recorder/event_handler.cpp:582: Leaving channel and ready to cleanup
AgoraCoreService[4043]: (4043) /var/lib/jenkins/workspace/agora-release-linux-2/ServerSDK-Video/src/video_recorder/event_handler.cpp:1341: level 1: INFO    (22:25:59:448 |    1)   4043; Leaving channel and ready to cleanup
AgoraCoreService[4043]: (4043) /var/lib/jenkins/workspace/agora-release-linux-2/ServerSDK-Video/src/video_recorder/event_handler.cpp:1341: level 1: INFO    (22:25:59:448 |    0)   4043; API call to leave channel
AgoraCoreService[4043]: (4043) /var/lib/jenkins/workspace/agora-release-linux-2/ServerSDK-Video/src/video_recorder/event_handler.cpp:1341: level 1: INFO    (22:25:59:448 |    0)   4058; [cm] emit leave channel signal
AgoraCoreService[4043]: (4043) /var/lib/jenkins/workspace/agora-release-linux-2/ServerSDK-Video/src/video_recorder/event_handler.cpp:1334: No users in channel for 300 seconds, aborting, leave_code:12.
AgoraCoreService[4043]: (4043) /var/lib/jenkins/workspace/agora-release-linux-2/ServerSDK-Video/src/video_recorder/event_handler.cpp:1341: level 2: WARN    (22:25:59:448 |    0)   4059; No users in channel for 300 seconds, aborting, leave_code:12.
AgoraCoreService[4043]: (4043) /var/lib/jenkins/workspace/agora-release-linux-2/ServerSDK-Video/src/video_recorder/event_handler.cpp:1341: level 1: INFO    (22:25:59:448 |    0)   4058; **CALL STATS: duration 5m2s, tx 64.750K bytes, rx 37.8K bytes, total 101.758K bytes
AgoraCoreService[4043]: (4043) /var/lib/jenkins/workspace/agora-release-linux-2/ServerSDK-Video/src/video_recorder/event_handler.cpp:1341: level 1: INFO    (22:25:59:448 |    0)   4058; stopLocalRender
AgoraCoreService[4043]: (4043) /var/lib/jenkins/workspace/agora-release-linux-2/ServerSDK-Video/src/video_recorder/event_handler.cpp:1341: level 1: INFO    (22:25:59:448 |    0)   4058; stopLocalRender success
AgoraCoreService[4043]: (4043) /var/lib/jenkins/workspace/agora-release-linux-2/ServerSDK-Video/src/video_recorder/event_handler.cpp:1341: level 1: INFO    (22:25:59:448 |    0)   4058; AgoraVideoInput::Stop
AgoraCoreService[4043]: (4043) /var/lib/jenkins/workspace/agora-release-linux-2/ServerSDK-Video/src/video_recorder/event_handler.cpp:1341: level 1: INFO    (22:25:59:449 |    1)   4067; Thread with name:WebRtc_event_timer_thread stopped
AgoraCoreService[4043]: (4043) /var/lib/jenkins/workspace/agora-release-linux-2/ServerSDK-Video/src/video_recorder/event_handler.cpp:1341: level 1: INFO    (22:25:59:449 |    0)   4058; AgoraVideoInput::Destroy
AgoraCoreService[4043]: (4043) /var/lib/jenkins/workspace/agora-release-linux-2/ServerSDK-Video/src/video_recorder/event_handler.cpp:1341: level 1: INFO    (22:25:59:449 |    0)   4066; Thread with name:ExternalCaptureThread stopped
AgoraCoreService[4043]: (4043) /var/lib/jenkins/workspace/agora-release-linux-2/ServerSDK-Video/src/video_recorder/event_handler.cpp:1341: level 1: INFO    (22:25:59:524 |   75)   4065; Thread with name:AgoraInputThread stopped
AgoraCoreService[4043]: (4043) /var/lib/jenkins/workspace/agora-release-linux-2/ServerSDK-Video/src/video_recorder/event_handler.cpp:1341: level 1: INFO    (22:25:59:530 |    6)   4058; stopCapture: stopCapture success
AgoraCoreService[4043]: (4043) /var/lib/jenkins/workspace/agora-release-linux-2/ServerSDK-Video/src/video_recorder/event_handler.cpp:1341: level 1: INFO    (22:25:59:530 |    0)   4058; stopRemoteRender
AgoraCoreService[4043]: (4043) /var/lib/jenkins/workspace/agora-release-linux-2/ServerSDK-Video/src/video_recorder/event_handler.cpp:1341: level 1: INFO    (22:25:59:530 |    0)   4058; [che] stopCall begins
AgoraCoreService[4043]: (4043) /var/lib/jenkins/workspace/agora-release-linux-2/ServerSDK-Video/src/video_recorder/event_handler.cpp:1341: level 1: INFO    (22:25:59:530 |    0)   4058; StopRecording complete
AgoraCoreService[4043]: (4043) /var/lib/jenkins/workspace/agora-release-linux-2/ServerSDK-Video/src/video_recorder/event_handler.cpp:1341: level 1: INFO    (22:25:59:530 |    0)   4058; StopPlayout complete
AgoraCoreService[4043]: (4043) /var/lib/jenkins/workspace/agora-release-linux-2/ServerSDK-Video/src/video_recorder/event_handler.cpp:1341: level 1: INFO    (22:25:59:530 |    0)   4058; [che] stop call returns 0, elapsed 1
AgoraCoreService[4043]: (4043) /var/lib/jenkins/workspace/agora-release-linux-2/ServerSDK-Video/src/video_recorder/event_handler.cpp:1341: level 1: INFO    (22:25:59:530 |    0)   4058; [rs] **report stats: seq: 106, report list size 25, tx/rx: 24683/4944, cache size: 0, report success rate: 100
AgoraCoreService[4043]: (4043) /var/lib/jenkins/workspace/agora-release-linux-2/ServerSDK-Video/src/video_recorder/event_handler.cpp:1341: level 1: INFO    (22:25:59:531 |    1)   4058; CacheManager: save cache to storage elapsed 0
AgoraCoreService[4043]: (4043) /var/lib/jenkins/workspace/agora-release-linux-2/ServerSDK-Video/src/video_recorder/event_handler.cpp:1341: level 1: INFO    (22:25:59:531 |    0)   4058; [ch0] vos destroyed
AgoraCoreService[4043]: (4043) /var/lib/jenkins/workspace/agora-release-linux-2/ServerSDK-Video/src/video_recorder/event_handler.cpp:1341: level 1: INFO    (22:25:59:531 |    0)   4058; delRef of media engine, ref=0
AgoraCoreService[4043]: (4043) /var/lib/jenkins/workspace/agora-release-linux-2/ServerSDK-Video/src/video_recorder/event_handler.cpp:1341: level 1: INFO    (22:25:59:531 |    0)   4058; [che] chat engine destroying
AgoraCoreService[4043]: (4043) /var/lib/jenkins/workspace/agora-release-linux-2/ServerSDK-Video/src/video_recorder/event_handler.cpp:1341: level 1: INFO    (22:25:59:531 |    0)   4058; stopLocalRender
AgoraCoreService[4043]: (4043) /var/lib/jenkins/workspace/agora-release-linux-2/ServerSDK-Video/src/video_recorder/event_handler.cpp:1341: level 1: INFO    (22:25:59:531 |    0)   4058; stopLocalRender success
AgoraCoreService[4043]: (4043) /var/lib/jenkins/workspace/agora-release-linux-2/ServerSDK-Video/src/video_recorder/event_handler.cpp:1341: level 2: WARN    (22:25:59:531 |    0)   4058; stopCapture: VideoEngine haven't startCapture
AgoraCoreService[4043]: (4043) /var/lib/jenkins/workspace/agora-release-linux-2/ServerSDK-Video/src/video_recorder/event_handler.cpp:1341: level 1: INFO    (22:25:59:531 |    0)   4058; stopRemoteRender
AgoraCoreService[4043]: (4043) /var/lib/jenkins/workspace/agora-release-linux-2/ServerSDK-Video/src/video_recorder/event_handler.cpp:1341: level 1: INFO    (22:25:59:531 |    0)   4058; [che] stopCall begins
AgoraCoreService[4043]: (4043) /var/lib/jenkins/workspace/agora-release-linux-2/ServerSDK-Video/src/video_recorder/event_handler.cpp:1341: level 1: INFO    (22:25:59:531 |    0)   4058; [che] stop call returns -1, elapsed 0
AgoraCoreService[4043]: (4043) /var/lib/jenkins/workspace/agora-release-linux-2/ServerSDK-Video/src/video_recorder/event_handler.cpp:1341: level 1: INFO    (22:25:59:532 |    1)   4058; stopLocalRender
AgoraCoreService[4043]: (4043) /var/lib/jenkins/workspace/agora-release-linux-2/ServerSDK-Video/src/video_recorder/event_handler.cpp:1341: level 1: INFO    (22:25:59:532 |    0)   4058; stopLocalRender success
AgoraCoreService[4043]: (4043) /var/lib/jenkins/workspace/agora-release-linux-2/ServerSDK-Video/src/video_recorder/event_handler.cpp:1341: level 1: INFO    (22:25:59:532 |    0)   4058; stopRemoteRender
AgoraCoreService[4043]: (4043) /var/lib/jenkins/workspace/agora-release-linux-2/ServerSDK-Video/src/video_recorder/event_handler.cpp:1341: level 2: WARN    (22:25:59:532 |    0)   4058; stopCapture: VideoEngine haven't startCapture
AgoraCoreService[4043]: (4043) /var/lib/jenkins/workspace/agora-release-linux-2/ServerSDK-Video/src/video_recorder/event_handler.cpp:1341: level 1: INFO    (22:25:59:532 |    0)   4064; Thread with name:VideoProcessThread stopped
AgoraCoreService[4043]: (4043) /var/lib/jenkins/workspace/agora-release-linux-2/ServerSDK-Video/src/video_recorder/event_handler.cpp:1341: level 2: WARN    (22:25:59:532 |    0)   4058; terminate: VideoEngine haven't init
AgoraCoreService[4043]: (4043) /var/lib/jenkins/workspace/agora-release-linux-2/ServerSDK-Video/src/video_recorder/event_handler.cpp:1341: level 1: INFO    (22:25:59:532 |    0)   4058; [DEBUGG] ViERenderManager Destructor, engine_id: 0
AgoraCoreService[4043]: (4043) /var/lib/jenkins/workspace/agora-release-linux-2/ServerSDK-Video/src/video_recorder/event_handler.cpp:1341: level 1: INFO    (22:25:59:537 |    5)   4063; Thread with name:VideoEncodeThread stopped
AgoraCoreService[4043]: (4043) /var/lib/jenkins/workspace/agora-release-linux-2/ServerSDK-Video/src/video_recorder/event_handler.cpp:1341: level 1: INFO    (22:25:59:543 |    6)   4058; VideoSendTrackImpl::UpdateCapturer capturer=(nil)
AgoraCoreService[4043]: (4043) /var/lib/jenkins/workspace/agora-release-linux-2/ServerSDK-Video/src/video_recorder/event_handler.cpp:1341: level 1: INFO    (22:25:59:543 |    0)   4058; VideoSendTrackImpl::UpdateRenderer, renderer=(nil)
AgoraCoreService[4043]: (4043) /var/lib/jenkins/workspace/agora-release-linux-2/ServerSDK-Video/src/video_recorder/event_handler.cpp:1341: level 1: INFO    (22:25:59:543 |    0)   4062; Thread with name:EngineMonitorThread stopped
AgoraCoreService[4043]: (4043) /var/lib/jenkins/workspace/agora-release-linux-2/ServerSDK-Video/src/video_recorder/event_handler.cpp:1341: level 1: INFO    (22:25:59:543 |    0)   4060; Thread with name:external_audio_module_thread stopped
AgoraCoreService[4043]: (4043) /var/lib/jenkins/workspace/agora-release-linux-2/ServerSDK-Video/src/video_recorder/event_handler.cpp:1341: level 1: INFO    (22:25:59:543 |    0)   4061; Thread with name:WebRtc_event_timer_thread stopped
AgoraCoreService[4043]: (4043) /var/lib/jenkins/workspace/agora-release-linux-2/ServerSDK-Video/src/video_recorder/event_handler.cpp:1341: level 1: INFO    (22:25:59:544 |    1)   4058; [che] chat engine destroyed
AgoraCoreService[4043]: (4043) /var/lib/jenkins/workspace/agora-release-linux-2/ServerSDK-Video/src/video_recorder/event_handler.cpp:1341: level 1: INFO    (22:25:59:544 |    0)   4058; ***CALL END
AgoraCoreService[4043]: (4043) /var/lib/jenkins/workspace/agora-release-linux-2/ServerSDK-Video/src/video_recorder/event_handler.cpp:1341: level 1: INFO    (22:25:59:544 |    0)   4058; onAudioStatusChanged enable audio
AgoraCoreService[4043]: (4043) /var/lib/jenkins/workspace/agora-release-linux-2/ServerSDK-Video/src/video_recorder/event_handler.cpp:1341: level 1: INFO    (22:25:59:544 |    0)   4058; [MIO] media io controller destroyed
AgoraCoreService[4043]: (4043) /var/lib/jenkins/workspace/agora-release-linux-2/ServerSDK-Video/src/video_recorder/event_handler.cpp:1341: level 1: INFO    (22:25:59:544 |    0)   4043; async task notify worker thread to exit and return
AgoraCoreService[4043]: (4043) /var/lib/jenkins/workspace/agora-release-linux-2/ServerSDK-Video/src/video_recorder/event_handler.cpp:561: event handler delete timer
recorder_local[4042]: (4042) /var/lib/jenkins/workspace/agora-release-linux-2/ServerSDK-Video/src/base/event_loop.cpp:228: Error fd:4, 16
recorder_local[4042]: (4042) /var/lib/jenkins/workspace/agora-release-linux-2/ServerSDK-Video/src/base/pipe_router.cpp:81: Broken reading pipe! event:16 with error3
recorder_local[4042]: (4042) /var/lib/jenkins/workspace/agora-release-linux-2/ServerSDK-Video/src/rec_engine/RecordingEngineImpl.cpp:542: API call to leave channel
recorder_local[4042]: (4042) /var/lib/jenkins/workspace/agora-release-linux-2/ServerSDK-Video/src/rec_engine/RecordingEngineImpl.cpp:64: Recorder 1376790 is ready to be release
recorder_local[4042]: (4042) /var/lib/jenkins/workspace/agora-release-linux-2/ServerSDK-Video/src/rec_engine/RecordingEngineImpl.cpp:87: Recording wrapper delete timer
