recorder_local[22147]: (22147) /var/lib/jenkins/workspace/agora-release-linux-2/ServerSDK-Video/src/rec_engine/RecordingEngineImpl.cpp:831: ERROR:failed to open config file
recorder_local[22147]: (22147) /var/lib/jenkins/workspace/agora-release-linux-2/ServerSDK-Video/src/rec_engine/RecordingEngineImpl.cpp:831: ERROR:failed to open config file
recorder_local[22147]: (22147) /var/lib/jenkins/workspace/agora-release-linux-2/ServerSDK-Video/src/rec_engine/RecordingEngineImpl.cpp:430: [Wrapper version] 5d0b257a42f9514a024cc62c69161d55aa150021
recorder_local[22147]: (22147) /var/lib/jenkins/workspace/agora-release-linux-2/ServerSDK-Video/src/rec_engine/RecordingEngineImpl.cpp:431: =======params ======
recorder_local[22147]: (22147) /var/lib/jenkins/workspace/agora-release-linux-2/ServerSDK-Video/src/rec_engine/RecordingEngineImpl.cpp:433: /var/www/RecordingSDK/bin/AgoraCoreService
recorder_local[22147]: (22147) /var/lib/jenkins/workspace/agora-release-linux-2/ServerSDK-Video/src/rec_engine/RecordingEngineImpl.cpp:433: --app_id
recorder_local[22147]: (22147) /var/lib/jenkins/workspace/agora-release-linux-2/ServerSDK-Video/src/rec_engine/RecordingEngineImpl.cpp:433: c7adb7f97a594d9fac501654c7bf281c
recorder_local[22147]: (22147) /var/lib/jenkins/workspace/agora-release-linux-2/ServerSDK-Video/src/rec_engine/RecordingEngineImpl.cpp:433: --channel_key
recorder_local[22147]: (22147) /var/lib/jenkins/workspace/agora-release-linux-2/ServerSDK-Video/src/rec_engine/RecordingEngineImpl.cpp:433: c7adb7f97a594d9fac501654c7bf281c
recorder_local[22147]: (22147) /var/lib/jenkins/workspace/agora-release-linux-2/ServerSDK-Video/src/rec_engine/RecordingEngineImpl.cpp:433: --channel_id
recorder_local[22147]: (22147) /var/lib/jenkins/workspace/agora-release-linux-2/ServerSDK-Video/src/rec_engine/RecordingEngineImpl.cpp:433: police_4_2
recorder_local[22147]: (22147) /var/lib/jenkins/workspace/agora-release-linux-2/ServerSDK-Video/src/rec_engine/RecordingEngineImpl.cpp:433: --idle
recorder_local[22147]: (22147) /var/lib/jenkins/workspace/agora-release-linux-2/ServerSDK-Video/src/rec_engine/RecordingEngineImpl.cpp:433: 300
recorder_local[22147]: (22147) /var/lib/jenkins/workspace/agora-release-linux-2/ServerSDK-Video/src/rec_engine/RecordingEngineImpl.cpp:433: --decode_audio
recorder_local[22147]: (22147) /var/lib/jenkins/workspace/agora-release-linux-2/ServerSDK-Video/src/rec_engine/RecordingEngineImpl.cpp:433: 0
recorder_local[22147]: (22147) /var/lib/jenkins/workspace/agora-release-linux-2/ServerSDK-Video/src/rec_engine/RecordingEngineImpl.cpp:433: --decode_video
recorder_local[22147]: (22147) /var/lib/jenkins/workspace/agora-release-linux-2/ServerSDK-Video/src/rec_engine/RecordingEngineImpl.cpp:433: 0
recorder_local[22147]: (22147) /var/lib/jenkins/workspace/agora-release-linux-2/ServerSDK-Video/src/rec_engine/RecordingEngineImpl.cpp:433: --capture_interval
recorder_local[22147]: (22147) /var/lib/jenkins/workspace/agora-release-linux-2/ServerSDK-Video/src/rec_engine/RecordingEngineImpl.cpp:433: 5
recorder_local[22147]: (22147) /var/lib/jenkins/workspace/agora-release-linux-2/ServerSDK-Video/src/rec_engine/RecordingEngineImpl.cpp:433: --syslog_fclt
recorder_local[22147]: (22147) /var/lib/jenkins/workspace/agora-release-linux-2/ServerSDK-Video/src/rec_engine/RecordingEngineImpl.cpp:433: 8
recorder_local[22147]: (22147) /var/lib/jenkins/workspace/agora-release-linux-2/ServerSDK-Video/src/rec_engine/RecordingEngineImpl.cpp:433: --streamType
recorder_local[22147]: (22147) /var/lib/jenkins/workspace/agora-release-linux-2/ServerSDK-Video/src/rec_engine/RecordingEngineImpl.cpp:433: 0
recorder_local[22147]: (22147) /var/lib/jenkins/workspace/agora-release-linux-2/ServerSDK-Video/src/rec_engine/RecordingEngineImpl.cpp:433: --serviceMode
recorder_local[22147]: (22147) /var/lib/jenkins/workspace/agora-release-linux-2/ServerSDK-Video/src/rec_engine/RecordingEngineImpl.cpp:433: 0
recorder_local[22147]: (22147) /var/lib/jenkins/workspace/agora-release-linux-2/ServerSDK-Video/src/rec_engine/RecordingEngineImpl.cpp:433: --recording_file_dir
recorder_local[22147]: (22147) /var/lib/jenkins/workspace/agora-release-linux-2/ServerSDK-Video/src/rec_engine/RecordingEngineImpl.cpp:433: /var/www/panic2.greenvoo.us/html/public/Records/20180330/police_4_2_120055/
recorder_local[22147]: (22147) /var/lib/jenkins/workspace/agora-release-linux-2/ServerSDK-Video/src/rec_engine/RecordingEngineImpl.cpp:433: --lang
recorder_local[22147]: (22147) /var/lib/jenkins/workspace/agora-release-linux-2/ServerSDK-Video/src/rec_engine/RecordingEngineImpl.cpp:433: 0
recorder_local[22147]: (22147) /var/lib/jenkins/workspace/agora-release-linux-2/ServerSDK-Video/src/base/pipe_router.cpp:153: The ARS created. Reading pipe: 4, writing pipe: 7, pid: 22148
AgoraCoreService[22148]: (22148) /var/lib/jenkins/workspace/agora-release-linux-2/ServerSDK-Video/src/video_recorder/main.cpp:162: video recording wrapper:8, idle:300 write:5, read:6, live:0,channelid:police_4_2 
AgoraCoreService[22148]: (22148) /var/lib/jenkins/workspace/agora-release-linux-2/ServerSDK-Video/src/video_recorder/main.cpp:183: [ARS version] 5d0b257a42f9514a024cc62c69161d55aa150021
AgoraCoreService[22148]: (22148) /var/lib/jenkins/workspace/agora-release-linux-2/ServerSDK-Video/src/video_recorder/main.cpp:185: uid 0 from vendor c7adb7f97a594d9fac501654c7bf281c is joining channel police_4_2
AgoraCoreService[22148]: (22148) /var/lib/jenkins/workspace/agora-release-linux-2/ServerSDK-Video/src/video_recorder/event_handler.cpp:627: SDK version: 75f0227; chat engine: 03c8e5d966234ba3a0eaedf8a9fe5ef1e7e554a4
AgoraCoreService[22148]: (22148) /var/lib/jenkins/workspace/agora-release-linux-2/ServerSDK-Video/src/video_recorder/event_handler.cpp:634: decode_video:0,decode_audio:0
AgoraCoreService[22148]: (22148) /var/lib/jenkins/workspace/agora-release-linux-2/ServerSDK-Video/src/video_recorder/event_handler.cpp:667: Using random lowUdpPort & highUdpPort
AgoraCoreService[22148]: (22148) /var/lib/jenkins/workspace/agora-release-linux-2/ServerSDK-Video/src/video_recorder/event_handler.cpp:1341: level 1: INFO    (12: 0:55:211 |    0)  22148; Using random lowUdpPort & highUdpPort
AgoraCoreService[22148]: (22148) /var/lib/jenkins/workspace/agora-release-linux-2/ServerSDK-Video/src/video_recorder/event_handler.cpp:1341: level 1: INFO    (12: 0:55:211 |    0)  22148; API call to setChannelProfile 0
AgoraCoreService[22148]: (22148) /var/lib/jenkins/workspace/agora-release-linux-2/ServerSDK-Video/src/video_recorder/event_handler.cpp:1786: init stream, trigger mode: 0 service mode: 0
AgoraCoreService[22148]: (22148) /var/lib/jenkins/workspace/agora-release-linux-2/ServerSDK-Video/src/video_recorder/event_handler.cpp:1341: level 1: INFO    (12: 0:55:212 |    1)  22148; API call to setVideoProfileEx 640x360 15 fps 500 kbps
AgoraCoreService[22148]: (22148) /var/lib/jenkins/workspace/agora-release-linux-2/ServerSDK-Video/src/video_recorder/event_handler.cpp:1341: level 1: INFO    (12: 0:55:212 |    0)  22148; API call to enable video
AgoraCoreService[22148]: (22148) /var/lib/jenkins/workspace/agora-release-linux-2/ServerSDK-Video/src/video_recorder/event_handler.cpp:1341: level 1: INFO    (12: 0:55:212 |    0)  22148; API call to join channel 'police_4_2' uid 0, SDK ver 2.1.0 build 220, device info 'Linux version 3.13.0-143-generic (buildd@lcy01-amd64-010) (gcc version 4.8.4 (Ubuntu 4.8.4-2ubuntu1~14.04.4) ) #192-Ubuntu SMP Tue F
AgoraCoreService[22148]: (22148) /var/lib/jenkins/workspace/agora-release-linux-2/ServerSDK-Video/src/video_recorder/event_handler.cpp:1341: level 1: INFO    (12: 0:55:212 |    0)  22163; Agora Service Worker Thread started: 0x3723f98
AgoraCoreService[22148]: (22148) /var/lib/jenkins/workspace/agora-release-linux-2/ServerSDK-Video/src/video_recorder/event_handler.cpp:1341: level 1: INFO    (12: 0:55:212 |    0)  22163; network: 'NETWORK_UNKOWN' -> 'LAN' ipv4/v6 '139.59.134.76'/'' gw ''/'' subtype 0 level 686758624 ssid '' bssid '' rssi 32513 asu 56
AgoraCoreService[22148]: (22148) /var/lib/jenkins/workspace/agora-release-linux-2/ServerSDK-Video/src/video_recorder/event_handler.cpp:1341: level 1: INFO    (12: 0:55:213 |    1)  22163; [MIO] mediaIO controller created
AgoraCoreService[22148]: (22148) /var/lib/jenkins/workspace/agora-release-linux-2/ServerSDK-Video/src/video_recorder/event_handler.cpp:1341: level 1: INFO    (12: 0:55:213 |    0)  22163; found 'NULL' device: 'Linux version 3.13.0-143-generic (buildd@lcy01-amd64-010) (gcc version 4.8.4 (Ubuntu 4.8.4-2ubuntu1~14.04.4) ) #192-Ubuntu SMP Tue Feb 27 10:45:36 UTC 2018
'
AgoraCoreService[22148]: (22148) /var/lib/jenkins/workspace/agora-release-linux-2/ServerSDK-Video/src/video_recorder/event_handler.cpp:1341: level 1: INFO    (12: 0:55:213 |    0)  22163; [rp] {"rtc.channel_profile":0}
AgoraCoreService[22148]: (22148) /var/lib/jenkins/workspace/agora-release-linux-2/ServerSDK-Video/src/video_recorder/event_handler.cpp:1341: level 1: INFO    (12: 0:55:213 |    0)  22163; [rp] {"che.audio.external_device":true}
AgoraCoreService[22148]: (22148) /var/lib/jenkins/workspace/agora-release-linux-2/ServerSDK-Video/src/video_recorder/event_handler.cpp:1341: level 1: INFO    (12: 0:55:214 |    1)  22163; [rp] {"che.audio.audioSampleRate":48000}
AgoraCoreService[22148]: (22148) /var/lib/jenkins/workspace/agora-release-linux-2/ServerSDK-Video/src/video_recorder/event_handler.cpp:1341: level 1: INFO    (12: 0:55:214 |    0)  22163; [rp] {"che.video.keep_prerotation":false}
AgoraCoreService[22148]: (22148) /var/lib/jenkins/workspace/agora-release-linux-2/ServerSDK-Video/src/video_recorder/event_handler.cpp:1341: level 1: INFO    (12: 0:55:214 |    0)  22163; [rp] {"rtc.client_type":3}
AgoraCoreService[22148]: (22148) /var/lib/jenkins/workspace/agora-release-linux-2/ServerSDK-Video/src/video_recorder/event_handler.cpp:1341: level 1: INFO    (12: 0:55:214 |    0)  22163; [rp] {"che.audienceMode":true}
AgoraCoreService[22148]: (22148) /var/lib/jenkins/workspace/agora-release-linux-2/ServerSDK-Video/src/video_recorder/event_handler.cpp:1341: level 1: INFO    (12: 0:55:214 |    0)  22163; [rp] {"che.video.recording":true}
AgoraCoreService[22148]: (22148) /var/lib/jenkins/workspace/agora-release-linux-2/ServerSDK-Video/src/video_recorder/event_handler.cpp:1341: level 1: INFO    (12: 0:55:214 |    0)  22163; [rp] {"che.audio.set_capture_raw_audio_format":{"sampleRate":48000,"channelCnt":1,"mode":1,"samplesPerCall":480}}
AgoraCoreService[22148]: (22148) /var/lib/jenkins/workspace/agora-release-linux-2/ServerSDK-Video/src/video_recorder/event_handler.cpp:1341: level 1: INFO    (12: 0:55:214 |    0)  22163; [rp] {"che.audio.set_render_raw_audio_format":{"sampleRate":48000,"channelCnt":1,"mode":0,"samplesPerCall":480}}
AgoraCoreService[22148]: (22148) /var/lib/jenkins/workspace/agora-release-linux-2/ServerSDK-Video/src/video_recorder/event_handler.cpp:1341: level 1: INFO    (12: 0:55:214 |    0)  22163; [rp] {"rtc.log_file":"/var/www/panic2.greenvoo.us/html/public/Records/20180330/police_4_2_120055/recording_0.log"}
AgoraCoreService[22148]: (22148) /var/lib/jenkins/workspace/agora-release-linux-2/ServerSDK-Video/src/video_recorder/event_handler.cpp:1341: level 1: INFO    (12: 0:55:215 |    1)  22163; [rp] {"rtc.video.mute_me":true,"che.video.local.send":false}
AgoraCoreService[22148]: (22148) /var/lib/jenkins/workspace/agora-release-linux-2/ServerSDK-Video/src/video_recorder/event_handler.cpp:1341: level 1: INFO    (12: 0:55:215 |    0)  22163; [rp] {"rtc.audio.mute_me":true,"che.audio.mute_me":true}
AgoraCoreService[22148]: (22148) /var/lib/jenkins/workspace/agora-release-linux-2/ServerSDK-Video/src/video_recorder/event_handler.cpp:1341: level 1: INFO    (12: 0:55:215 |    0)  22163; [rp] {"rtc.video.set_remote_default_video_stream_type":0}
AgoraCoreService[22148]: (22148) /var/lib/jenkins/workspace/agora-release-linux-2/ServerSDK-Video/src/video_recorder/event_handler.cpp:1341: level 1: INFO    (12: 0:55:215 |    0)  22163; API call to SetRemoteDefaultVideoStreamType: 0
AgoraCoreService[22148]: (22148) /var/lib/jenkins/workspace/agora-release-linux-2/ServerSDK-Video/src/video_recorder/event_handler.cpp:1341: level 1: INFO    (12: 0:55:215 |    0)  22163; [rp] {"che.video.local.camera_index":1024}
AgoraCoreService[22148]: (22148) /var/lib/jenkins/workspace/agora-release-linux-2/ServerSDK-Video/src/video_recorder/event_handler.cpp:1341: level 1: INFO    (12: 0:55:215 |    0)  22163; [rp] {"rtc.video.enabled":true}
AgoraCoreService[22148]: (22148) /var/lib/jenkins/workspace/agora-release-linux-2/ServerSDK-Video/src/video_recorder/event_handler.cpp:1341: level 1: INFO    (12: 0:55:215 |    0)  22163; API call to enable video
AgoraCoreService[22148]: (22148) /var/lib/jenkins/workspace/agora-release-linux-2/ServerSDK-Video/src/video_recorder/event_handler.cpp:1341: level 1: INFO    (12: 0:55:216 |    1)  22163; ***CALL BEGIN: appid:'c7****************************1c' cname:'police_4_2' info:'' sid:'ED4870FCE20F49918E29CDD221A4E5BC'
AgoraCoreService[22148]: (22148) /var/lib/jenkins/workspace/agora-release-linux-2/ServerSDK-Video/src/video_recorder/event_handler.cpp:1341: level 1: INFO    (12: 0:55:216 |    0)  22163; addRef of media engine, ref=1
AgoraCoreService[22148]: (22148) /var/lib/jenkins/workspace/agora-release-linux-2/ServerSDK-Video/src/video_recorder/event_handler.cpp:1341: level 1: INFO    (12: 0:55:216 |    0)  22163; [che] create chat engine, ctx:(nil)
AgoraCoreService[22148]: (22148) /var/lib/jenkins/workspace/agora-release-linux-2/ServerSDK-Video/src/video_recorder/event_handler.cpp:1341: level 1: INFO    (12: 0:55:216 |    0)  22163; [MYDEBUG] large group call false
AgoraCoreService[22148]: (22148) /var/lib/jenkins/workspace/agora-release-linux-2/ServerSDK-Video/src/video_recorder/event_handler.cpp:1341: level 1: INFO    (12: 0:55:216 |    0)  22163; ChatEngineParameterHelper::applyMediaEngineMode: 
AgoraCoreService[22148]: (22148) /var/lib/jenkins/workspace/agora-release-linux-2/ServerSDK-Video/src/video_recorder/event_handler.cpp:1341: level 1: INFO    (12: 0:55:216 |    0)  22163; applyMediaEngineMode(): Hardware encoding false Hardware decoding false
AgoraCoreService[22148]: (22148) /var/lib/jenkins/workspace/agora-release-linux-2/ServerSDK-Video/src/video_recorder/event_handler.cpp:1341: level 1: INFO    (12: 0:55:222 |    6)  22165; Thread with name:external_audio_module_thread started 
AgoraCoreService[22148]: (22148) /var/lib/jenkins/workspace/agora-release-linux-2/ServerSDK-Video/src/video_recorder/event_handler.cpp:1341: level 1: INFO    (12: 0:55:223 |    1)  22166; Thread with name:WebRtc_event_timer_thread started 
AgoraCoreService[22148]: (22148) /var/lib/jenkins/workspace/agora-release-linux-2/ServerSDK-Video/src/video_recorder/event_handler.cpp:1341: level 1: INFO    (12: 0:55:223 |    0)  22163; StereoPlayoutIsAvailable(), output: available=0
AgoraCoreService[22148]: (22148) /var/lib/jenkins/workspace/agora-release-linux-2/ServerSDK-Video/src/video_recorder/event_handler.cpp:1341: level 1: INFO    (12: 0:55:223 |    0)  22163; StereoRecordingIsAvailable(), output: available=0
AgoraCoreService[22148]: (22148) /var/lib/jenkins/workspace/agora-release-linux-2/ServerSDK-Video/src/video_recorder/event_handler.cpp:1341: level 1: INFO    (12: 0:55:223 |    0)  22167; Thread with name:EngineMonitorThread started 
AgoraCoreService[22148]: (22148) /var/lib/jenkins/workspace/agora-release-linux-2/ServerSDK-Video/src/video_recorder/event_handler.cpp:1341: level 1: INFO    (12: 0:55:225 |    2)  22163; setMuteStatus, muted: On
AgoraCoreService[22148]: (22148) /var/lib/jenkins/workspace/agora-release-linux-2/ServerSDK-Video/src/video_recorder/event_handler.cpp:1341: level 1: INFO    (12: 0:55:225 |    0)  22163; setMuteOutput, muted: false
AgoraCoreService[22148]: (22148) /var/lib/jenkins/workspace/agora-release-linux-2/ServerSDK-Video/src/video_recorder/event_handler.cpp:1341: level 2: WARN    (12: 0:55:225 |    0)  22163; setMicSensitivity failed, legal values are between [0, 10]
AgoraCoreService[22148]: (22148) /var/lib/jenkins/workspace/agora-release-linux-2/ServerSDK-Video/src/video_recorder/event_handler.cpp:1341: level 1: INFO    (12: 0:55:225 |    0)  22163; Audio Engine Init success
AgoraCoreService[22148]: (22148) /var/lib/jenkins/workspace/agora-release-linux-2/ServerSDK-Video/src/video_recorder/event_handler.cpp:1341: level 1: INFO    (12: 0:55:225 |    0)  22163; Available number of cores:1
AgoraCoreService[22148]: (22148) /var/lib/jenkins/workspace/agora-release-linux-2/ServerSDK-Video/src/video_recorder/event_handler.cpp:1341: level 1: INFO    (12: 0:55:226 |    1)  22163; CreateVideoSendTrack
AgoraCoreService[22148]: (22148) /var/lib/jenkins/workspace/agora-release-linux-2/ServerSDK-Video/src/video_recorder/event_handler.cpp:1341: level 1: INFO    (12: 0:55:226 |    0)  22163; init: feature prerotation disabled
AgoraCoreService[22148]: (22148) /var/lib/jenkins/workspace/agora-release-linux-2/ServerSDK-Video/src/video_recorder/event_handler.cpp:1341: level 1: INFO    (12: 0:55:226 |    0)  22163; Agora Engine video codec set to custom mode role mode 0
AgoraCoreService[22148]: (22148) /var/lib/jenkins/workspace/agora-release-linux-2/ServerSDK-Video/src/video_recorder/event_handler.cpp:1341: level 1: INFO    (12: 0:55:226 |    0)  22163; Agora Engine video codec index 1
AgoraCoreService[22148]: (22148) /var/lib/jenkins/workspace/agora-release-linux-2/ServerSDK-Video/src/video_recorder/event_handler.cpp:1341: level 1: INFO    (12: 0:55:226 |    0)  22163; Agora Engine video stream type = 0
AgoraCoreService[22148]: (22148) /var/lib/jenkins/workspace/agora-release-linux-2/ServerSDK-Video/src/video_recorder/event_handler.cpp:1341: level 1: INFO    (12: 0:55:227 |    1)  22168; Thread with name:VideoEncodeThread started 
AgoraCoreService[22148]: (22148) /var/lib/jenkins/workspace/agora-release-linux-2/ServerSDK-Video/src/video_recorder/event_handler.cpp:1341: level 1: INFO    (12: 0:55:228 |    1)  22163; EncoderWrapper::Create hardware_ = 0, hardware_low_ = 0
AgoraCoreService[22148]: (22148) /var/lib/jenkins/workspace/agora-release-linux-2/ServerSDK-Video/src/video_recorder/event_handler.cpp:1341: level 1: INFO    (12: 0:55:228 |    0)  22169; Thread with name:VideoProcessThread started 
AgoraCoreService[22148]: (22148) /var/lib/jenkins/workspace/agora-release-linux-2/ServerSDK-Video/src/video_recorder/event_handler.cpp:1341: level 1: INFO    (12: 0:55:228 |    0)  22163; setCodec: index=1 width=640 height=360 framerate=15
AgoraCoreService[22148]: (22148) /var/lib/jenkins/workspace/agora-release-linux-2/ServerSDK-Video/src/video_recorder/event_handler.cpp:1341: level 1: INFO    (12: 0:55:228 |    0)  22163; h264WebInteropEnable: enable 0
AgoraCoreService[22148]: (22148) /var/lib/jenkins/workspace/agora-release-linux-2/ServerSDK-Video/src/video_recorder/event_handler.cpp:1341: level 1: INFO    (12: 0:55:228 |    0)  22163; setCaptureDevice: index=1024
AgoraCoreService[22148]: (22148) /var/lib/jenkins/workspace/agora-release-linux-2/ServerSDK-Video/src/video_recorder/event_handler.cpp:1341: level 1: INFO    (12: 0:55:229 |    1)  22163; setMaxVideoBitrate: max bitrate=0
AgoraCoreService[22148]: (22148) /var/lib/jenkins/workspace/agora-release-linux-2/ServerSDK-Video/src/video_recorder/event_handler.cpp:1341: level 1: INFO    (12: 0:55:229 |    0)  22163; more fec enable 0 curr fec method 0
AgoraCoreService[22148]: (22148) /var/lib/jenkins/workspace/agora-release-linux-2/ServerSDK-Video/src/video_recorder/event_handler.cpp:1341: level 1: INFO    (12: 0:55:229 |    0)  22163; video fec method 0
AgoraCoreService[22148]: (22148) /var/lib/jenkins/workspace/agora-release-linux-2/ServerSDK-Video/src/video_recorder/event_handler.cpp:1341: level 4: ERROR   (12: 0:55:229 |    0)  22163; videoEngine created and initialize here
AgoraCoreService[22148]: (22148) /var/lib/jenkins/workspace/agora-release-linux-2/ServerSDK-Video/src/video_recorder/event_handler.cpp:1341: level 1: INFO    (12: 0:55:229 |    0)  22163; CreateVideoSendTrack
AgoraCoreService[22148]: (22148) /var/lib/jenkins/workspace/agora-release-linux-2/ServerSDK-Video/src/video_recorder/event_handler.cpp:1341: level 1: INFO    (12: 0:55:229 |    0)  22163; [MIO] updateCapturer: ((nil)), type:(1)
AgoraCoreService[22148]: (22148) /var/lib/jenkins/workspace/agora-release-linux-2/ServerSDK-Video/src/video_recorder/event_handler.cpp:1341: level 1: INFO    (12: 0:55:229 |    0)  22163; CreateAgoraDefaultCapture: type=0
AgoraCoreService[22148]: (22148) /var/lib/jenkins/workspace/agora-release-linux-2/ServerSDK-Video/src/video_recorder/event_handler.cpp:1341: level 1: INFO    (12: 0:55:229 |    0)  22163; CreateVideoCapturer: interface=0x7f0118172af0
AgoraCoreService[22148]: (22148) /var/lib/jenkins/workspace/agora-release-linux-2/ServerSDK-Video/src/video_recorder/event_handler.cpp:1341: level 1: INFO    (12: 0:55:229 |    0)  22163; VideoSendTrackImpl::UpdateCapturer capturer=0x7f01181d4c10
AgoraCoreService[22148]: (22148) /var/lib/jenkins/workspace/agora-release-linux-2/ServerSDK-Video/src/video_recorder/event_handler.cpp:1341: level 1: INFO    (12: 0:55:230 |    1)  22163; [MIO] updateLocalRender: ((nil)), type:(1)
AgoraCoreService[22148]: (22148) /var/lib/jenkins/workspace/agora-release-linux-2/ServerSDK-Video/src/video_recorder/event_handler.cpp:1341: level 1: INFO    (12: 0:55:230 |    0)  22163; CreateAgoraDefaultRender
AgoraCoreService[22148]: (22148) /var/lib/jenkins/workspace/agora-release-linux-2/ServerSDK-Video/src/video_recorder/event_handler.cpp:1341: level 1: INFO    (12: 0:55:230 |    0)  22163; CreateVideoRenderer: interface=0x7f01181d5090
AgoraCoreService[22148]: (22148) /var/lib/jenkins/workspace/agora-release-linux-2/ServerSDK-Video/src/video_recorder/event_handler.cpp:1341: level 1: INFO    (12: 0:55:230 |    0)  22163; VideoSendTrackImpl::UpdateRenderer, renderer=0x7f01181d50d0
AgoraCoreService[22148]: (22148) /var/lib/jenkins/workspace/agora-release-linux-2/ServerSDK-Video/src/video_recorder/event_handler.cpp:1341: level 1: INFO    (12: 0:55:230 |    0)  22163; [MIO] video send track prepared !!
AgoraCoreService[22148]: (22148) /var/lib/jenkins/workspace/agora-release-linux-2/ServerSDK-Video/src/video_recorder/event_handler.cpp:1341: level 1: INFO    (12: 0:55:230 |    0)  22163; [che] applyVideoProfile: 640x360 15 fps 500 kbps
AgoraCoreService[22148]: (22148) /var/lib/jenkins/workspace/agora-release-linux-2/ServerSDK-Video/src/video_recorder/event_handler.cpp:1341: level 1: INFO    (12: 0:55:231 |    1)  22163; validateVideoParameters: validate video parameters resolution 640x360, fps 15, rate 500000
AgoraCoreService[22148]: (22148) /var/lib/jenkins/workspace/agora-release-linux-2/ServerSDK-Video/src/video_recorder/event_handler.cpp:1341: level 1: INFO    (12: 0:55:231 |    0)  22163; setMaxVideoBitrate: max bitrate=500000
AgoraCoreService[22148]: (22148) /var/lib/jenkins/workspace/agora-release-linux-2/ServerSDK-Video/src/video_recorder/event_handler.cpp:1341: level 1: INFO    (12: 0:55:231 |    0)  22163; setCodecRates: set frame rate to 15
AgoraCoreService[22148]: (22148) /var/lib/jenkins/workspace/agora-release-linux-2/ServerSDK-Video/src/video_recorder/event_handler.cpp:1341: level 1: INFO    (12: 0:55:232 |    1)  22163; setCodec: index=1 width=640 height=360 framerate=15
AgoraCoreService[22148]: (22148) /var/lib/jenkins/workspace/agora-release-linux-2/ServerSDK-Video/src/video_recorder/event_handler.cpp:1341: level 1: INFO    (12: 0:55:232 |    0)  22163; setCodecResolution: set to 640 x 360
AgoraCoreService[22148]: (22148) /var/lib/jenkins/workspace/agora-release-linux-2/ServerSDK-Video/src/video_recorder/event_handler.cpp:1341: level 1: INFO    (12: 0:55:232 |    0)  22163; [che] chat engine initialized
AgoraCoreService[22148]: (22148) /var/lib/jenkins/workspace/agora-release-linux-2/ServerSDK-Video/src/video_recorder/event_handler.cpp:1341: level 1: INFO    (12: 0:55:232 |    0)  22163; [vocs] vocs initialized
AgoraCoreService[22148]: (22148) /var/lib/jenkins/workspace/agora-release-linux-2/ServerSDK-Video/src/video_recorder/event_handler.cpp:1341: level 1: INFO    (12: 0:55:233 |    1)  22163; [rs] report server ip: 221.228.78.123:8000
AgoraCoreService[22148]: (22148) /var/lib/jenkins/workspace/agora-release-linux-2/ServerSDK-Video/src/video_recorder/event_handler.cpp:1341: level 1: INFO    (12: 0:55:234 |    1)  22163; [rlbs] selected: 221.228.78.123:9700
AgoraCoreService[22148]: (22148) /var/lib/jenkins/workspace/agora-release-linux-2/ServerSDK-Video/src/video_recorder/event_handler.cpp:1341: level 1: INFO    (12: 0:55:234 |    0)  22163; [rlbs] request rs list from 221.228.78.123:9700.......
AgoraCoreService[22148]: (22148) /var/lib/jenkins/workspace/agora-release-linux-2/ServerSDK-Video/src/video_recorder/event_handler.cpp:1341: level 1: INFO    (12: 0:55:235 |    1)  22163; CacheManager: save cache to storage elapsed 1
AgoraCoreService[22148]: (22148) /var/lib/jenkins/workspace/agora-release-linux-2/ServerSDK-Video/src/video_recorder/event_handler.cpp:1341: level 1: INFO    (12: 0:55:236 |    1)  22163; [cm] emit join channel signal, size=2
AgoraCoreService[22148]: (22148) /var/lib/jenkins/workspace/agora-release-linux-2/ServerSDK-Video/src/video_recorder/event_handler.cpp:1341: level 1: INFO    (12: 0:55:236 |    0)  22163; CacheManager: save cache to storage elapsed 1
AgoraCoreService[22148]: (22148) /var/lib/jenkins/workspace/agora-release-linux-2/ServerSDK-Video/src/video_recorder/event_handler.cpp:1341: level 1: INFO    (12: 0:55:236 |    0)  22163; [vocs] lookup channel...
AgoraCoreService[22148]: (22148) /var/lib/jenkins/workspace/agora-release-linux-2/ServerSDK-Video/src/video_recorder/event_handler.cpp:1341: level 1: INFO    (12: 0:55:236 |    0)  22163; [vocs] selected: 119.9.92.49:8000
AgoraCoreService[22148]: (22148) /var/lib/jenkins/workspace/agora-release-linux-2/ServerSDK-Video/src/video_recorder/event_handler.cpp:1341: level 1: INFO    (12: 0:55:237 |    1)  22163; connecting to 119.9.92.49:8000 handle 1820fdc0, 28
AgoraCoreService[22148]: (22148) /var/lib/jenkins/workspace/agora-release-linux-2/ServerSDK-Video/src/video_recorder/event_handler.cpp:1341: level 1: INFO    (12: 0:55:237 |    0)  22163; [vocs] creating channel with 119.9.92.49:8000, ts 1522411255237.......
AgoraCoreService[22148]: (22148) /var/lib/jenkins/workspace/agora-release-linux-2/ServerSDK-Video/src/video_recorder/event_handler.cpp:1341: level 1: INFO    (12: 0:55:237 |    0)  22163; [vocs] selected: 69.28.51.138:8000
AgoraCoreService[22148]: (22148) /var/lib/jenkins/workspace/agora-release-linux-2/ServerSDK-Video/src/video_recorder/event_handler.cpp:1341: level 1: INFO    (12: 0:55:237 |    0)  22163; [vocs] creating channel with 69.28.51.138:8000, ts 1522411255237.......
AgoraCoreService[22148]: (22148) /var/lib/jenkins/workspace/agora-release-linux-2/ServerSDK-Video/src/video_recorder/event_handler.cpp:1341: level 1: INFO    (12: 0:55:237 |    0)  22163; [vocs] selected: 123.155.153.69:8000
AgoraCoreService[22148]: (22148) /var/lib/jenkins/workspace/agora-release-linux-2/ServerSDK-Video/src/video_recorder/event_handler.cpp:1341: level 1: INFO    (12: 0:55:237 |    0)  22163; [vocs] creating channel with 123.155.153.69:8000, ts 1522411255237.......
AgoraCoreService[22148]: (22148) /var/lib/jenkins/workspace/agora-release-linux-2/ServerSDK-Video/src/video_recorder/event_handler.cpp:1341: level 1: INFO    (12: 0:55:238 |    1)  22163; [rp] {"che.audio.audioSampleRate":48000}
AgoraCoreService[22148]: (22148) /var/lib/jenkins/workspace/agora-release-linux-2/ServerSDK-Video/src/video_recorder/event_handler.cpp:1341: level 1: INFO    (12: 0:55:238 |    0)  22163; [dns] parsed ip 128.1.87.146
AgoraCoreService[22148]: (22148) /var/lib/jenkins/workspace/agora-release-linux-2/ServerSDK-Video/src/video_recorder/event_handler.cpp:1341: level 1: INFO    (12: 0:55:238 |    0)  22163; [dns] parsed ip 69.28.51.138
AgoraCoreService[22148]: (22148) /var/lib/jenkins/workspace/agora-release-linux-2/ServerSDK-Video/src/video_recorder/event_handler.cpp:1341: level 1: INFO    (12: 0:55:238 |    0)  22163; [dns] parsed ip 119.9.92.49
AgoraCoreService[22148]: (22148) /var/lib/jenkins/workspace/agora-release-linux-2/ServerSDK-Video/src/video_recorder/event_handler.cpp:1341: level 1: INFO    (12: 0:55:238 |    0)  22163; [dns] parsed ip 199.190.44.35
AgoraCoreService[22148]: (22148) /var/lib/jenkins/workspace/agora-release-linux-2/ServerSDK-Video/src/video_recorder/event_handler.cpp:1341: level 1: INFO    (12: 0:55:238 |    0)  22163; [dns] parsed ip 199.190.44.36
AgoraCoreService[22148]: (22148) /var/lib/jenkins/workspace/agora-release-linux-2/ServerSDK-Video/src/video_recorder/event_handler.cpp:1341: level 1: INFO    (12: 0:55:238 |    0)  22163; [rs] dns parse result code: 0, servers size: 1
AgoraCoreService[22148]: (22148) /var/lib/jenkins/workspace/agora-release-linux-2/ServerSDK-Video/src/video_recorder/event_handler.cpp:1341: level 1: INFO    (12: 0:55:238 |    0)  22163; [rs] dns parse and selected server: 223.111.12.227
AgoraCoreService[22148]: (22148) /var/lib/jenkins/workspace/agora-release-linux-2/ServerSDK-Video/src/video_recorder/event_handler.cpp:1341: level 1: INFO    (12: 0:55:395 |  157)  22163; [vocs/u] **responsed from 69.28.51.138:8000, 3 vos, elapsed 183, server ts 1522411254869, wan ip 139.59.134.76
AgoraCoreService[22148]: (22148) /var/lib/jenkins/workspace/agora-release-linux-2/ServerSDK-Video/src/video_recorder/event_handler.cpp:1341: level 1: INFO    (12: 0:55:395 |    0)  22163; [vos] added server: 23.236.96.139:4008
AgoraCoreService[22148]: (22148) /var/lib/jenkins/workspace/agora-release-linux-2/ServerSDK-Video/src/video_recorder/event_handler.cpp:1341: level 1: INFO    (12: 0:55:395 |    0)  22163; [vos] added server: 128.1.77.35:4001
AgoraCoreService[22148]: (22148) /var/lib/jenkins/workspace/agora-release-linux-2/ServerSDK-Video/src/video_recorder/event_handler.cpp:1341: level 1: INFO    (12: 0:55:395 |    0)  22163; [vos] added server: 128.1.78.92:4001
AgoraCoreService[22148]: (22148) /var/lib/jenkins/workspace/agora-release-linux-2/ServerSDK-Video/src/video_recorder/event_handler.cpp:1341: level 1: INFO    (12: 0:55:395 |    0)  22163; [ch0] vos initialized
AgoraCoreService[22148]: (22148) /var/lib/jenkins/workspace/agora-release-linux-2/ServerSDK-Video/src/video_recorder/event_handler.cpp:1341: level 1: INFO    (12: 0:55:396 |    1)  22163; [vos] selected: 128.1.78.92:4001
AgoraCoreService[22148]: (22148) /var/lib/jenkins/workspace/agora-release-linux-2/ServerSDK-Video/src/video_recorder/event_handler.cpp:1341: level 4: ERROR   (12: 0:55:396 |    0)  22163; [ch0] login strategy=2
AgoraCoreService[22148]: (22148) /var/lib/jenkins/workspace/agora-release-linux-2/ServerSDK-Video/src/video_recorder/event_handler.cpp:1341: level 1: INFO    (12: 0:55:396 |    0)  22163; [ds]: ver 1 ds '{"streamType":5}'
AgoraCoreService[22148]: (22148) /var/lib/jenkins/workspace/agora-release-linux-2/ServerSDK-Video/src/video_recorder/event_handler.cpp:1341: level 1: INFO    (12: 0:55:396 |    0)  22163; [ch0] Login VOS (proto:10, cid:1939896403, uid:2769105476, ts:1522411255396, ticket size:84 ds:1 stream:+A+VH) 2: 128.1.78.92:4001
AgoraCoreService[22148]: (22148) /var/lib/jenkins/workspace/agora-release-linux-2/ServerSDK-Video/src/video_recorder/event_handler.cpp:1341: level 1: INFO    (12: 0:55:396 |    0)  22163; add ping address 139.59.134.76
AgoraCoreService[22148]: (22148) /var/lib/jenkins/workspace/agora-release-linux-2/ServerSDK-Video/src/video_recorder/event_handler.cpp:1341: level 1: INFO    (12: 0:55:396 |    0)  22163; PING 139.59.134.76:0 16(44) bytes of data
AgoraCoreService[22148]: (22148) /var/lib/jenkins/workspace/agora-release-linux-2/ServerSDK-Video/src/video_recorder/event_handler.cpp:1341: level 1: INFO    (12: 0:55:406 |   10)  22163; [ch0] **VOS response to login request (res 0 elapsed 194, server ts 1522411254949, s-c:-457) from 128.1.78.92:4001, and current dest server 128.1.78.92:4001
AgoraCoreService[22148]: (22148) /var/lib/jenkins/workspace/agora-release-linux-2/ServerSDK-Video/src/video_recorder/event_handler.cpp:1341: level 1: INFO    (12: 0:55:406 |    0)  22163; updateActiveVosList: ["128.1.78.92:4001"]
AgoraCoreService[22148]: (22148) /var/lib/jenkins/workspace/agora-release-linux-2/ServerSDK-Video/src/video_recorder/event_handler.cpp:1341: level 1: INFO    (12: 0:55:406 |    0)  22163; [che] start call begins
AgoraCoreService[22148]: (22148) /var/lib/jenkins/workspace/agora-release-linux-2/ServerSDK-Video/src/video_recorder/event_handler.cpp:1341: level 1: INFO    (12: 0:55:406 |    0)  22163; Set Application Mode in RTC Engine to No. 0
AgoraCoreService[22148]: (22148) /var/lib/jenkins/workspace/agora-release-linux-2/ServerSDK-Video/src/video_recorder/event_handler.cpp:1341: level 4: ERROR   (12: 0:55:406 |    0)  22163; GetCodec() invalid index (error=8004)
AgoraCoreService[22148]: (22148) /var/lib/jenkins/workspace/agora-release-linux-2/ServerSDK-Video/src/video_recorder/event_handler.cpp:1341: level 1: INFO    (12: 0:55:406 |    0)  22163; SetCodec by type : No. 85
AgoraCoreService[22148]: (22148) /var/lib/jenkins/workspace/agora-release-linux-2/ServerSDK-Video/src/video_recorder/event_handler.cpp:1341: level 1: INFO    (12: 0:55:414 |    8)  22163; StartPlayout complete
AgoraCoreService[22148]: (22148) /var/lib/jenkins/workspace/agora-release-linux-2/ServerSDK-Video/src/video_recorder/event_handler.cpp:1341: level 1: INFO    (12: 0:55:414 |    0)  22163; output: kDummyAudio
AgoraCoreService[22148]: (22148) /var/lib/jenkins/workspace/agora-release-linux-2/ServerSDK-Video/src/video_recorder/event_handler.cpp:1341: level 1: INFO    (12: 0:55:423 |    9)  22163; StartRecording complete
AgoraCoreService[22148]: (22148) /var/lib/jenkins/workspace/agora-release-linux-2/ServerSDK-Video/src/video_recorder/event_handler.cpp:1341: level 4: ERROR   (12: 0:55:423 |    0)  22163; SetAgcConfig() failed to set the range in |gain| the digital compression stage may apply (error=8097)
AgoraCoreService[22148]: (22148) /var/lib/jenkins/workspace/agora-release-linux-2/ServerSDK-Video/src/video_recorder/event_handler.cpp:1341: level 1: INFO    (12: 0:55:423 |    0)  22163; SetHowlingControl enable = 0
AgoraCoreService[22148]: (22148) /var/lib/jenkins/workspace/agora-release-linux-2/ServerSDK-Video/src/video_recorder/event_handler.cpp:1341: level 1: INFO    (12: 0:55:424 |    1)  22163; Application Config module:  Route 0, NS on, AEC N, AGC on, BSS off, HC on
AgoraCoreService[22148]: (22148) /var/lib/jenkins/workspace/agora-release-linux-2/ServerSDK-Video/src/video_recorder/event_handler.cpp:1341: level 1: INFO    (12: 0:55:424 |    0)  22163; MID = 0, Routing = 0
AgoraCoreService[22148]: (22148) /var/lib/jenkins/workspace/agora-release-linux-2/ServerSDK-Video/src/video_recorder/event_handler.cpp:1341: level 1: INFO    (12: 0:55:424 |    0)  22163; [che] applyVideoProfile: 640x360 15 fps 500 kbps
AgoraCoreService[22148]: (22148) /var/lib/jenkins/workspace/agora-release-linux-2/ServerSDK-Video/src/video_recorder/event_handler.cpp:1341: level 1: INFO    (12: 0:55:424 |    0)  22163; validateVideoParameters: validate video parameters resolution 640x360, fps 15, rate 500000
AgoraCoreService[22148]: (22148) /var/lib/jenkins/workspace/agora-release-linux-2/ServerSDK-Video/src/video_recorder/event_handler.cpp:1341: level 1: INFO    (12: 0:55:424 |    0)  22163; setMaxVideoBitrate: max bitrate=500000
AgoraCoreService[22148]: (22148) /var/lib/jenkins/workspace/agora-release-linux-2/ServerSDK-Video/src/video_recorder/event_handler.cpp:1341: level 1: INFO    (12: 0:55:424 |    0)  22163; setCodecRates: set frame rate to 15
AgoraCoreService[22148]: (22148) /var/lib/jenkins/workspace/agora-release-linux-2/ServerSDK-Video/src/video_recorder/event_handler.cpp:1341: level 1: INFO    (12: 0:55:424 |    0)  22163; setCodec: index=1 width=640 height=360 framerate=15
AgoraCoreService[22148]: (22148) /var/lib/jenkins/workspace/agora-release-linux-2/ServerSDK-Video/src/video_recorder/event_handler.cpp:1341: level 1: INFO    (12: 0:55:424 |    0)  22163; setCodecResolution: set to 640 x 360
AgoraCoreService[22148]: (22148) /var/lib/jenkins/workspace/agora-release-linux-2/ServerSDK-Video/src/video_recorder/event_handler.cpp:1341: level 1: INFO    (12: 0:55:424 |    0)  22163; CreateVideoCapturer: interface=0x7f0118172c90
AgoraCoreService[22148]: (22148) /var/lib/jenkins/workspace/agora-release-linux-2/ServerSDK-Video/src/video_recorder/event_handler.cpp:1341: level 1: INFO    (12: 0:55:424 |    0)  22163; VideoSendTrackImpl::UpdateCapturer capturer=0x7f011821f9c0
AgoraCoreService[22148]: (22148) /var/lib/jenkins/workspace/agora-release-linux-2/ServerSDK-Video/src/video_recorder/event_handler.cpp:1341: level 1: INFO    (12: 0:55:424 |    0)  22163; Create participant 0
AgoraCoreService[22148]: (22148) /var/lib/jenkins/workspace/agora-release-linux-2/ServerSDK-Video/src/video_recorder/event_handler.cpp:1341: level 1: INFO    (12: 0:55:424 |    0)  22163; startCapture: device? 1024 init? 1 local enabled? 1 capturing? 0 rendering? 0
AgoraCoreService[22148]: (22148) /var/lib/jenkins/workspace/agora-release-linux-2/ServerSDK-Video/src/video_recorder/event_handler.cpp:1341: level 1: INFO    (12: 0:55:425 |    1)  22163; startCapture: Receive Only Mode, capture still on. Encode will be turned off
AgoraCoreService[22148]: (22148) /var/lib/jenkins/workspace/agora-release-linux-2/ServerSDK-Video/src/video_recorder/event_handler.cpp:1341: level 1: INFO    (12: 0:55:425 |    0)  22163; AgoraVideoInput::Init thread=1, type=100, device=External Device
AgoraCoreService[22148]: (22148) /var/lib/jenkins/workspace/agora-release-linux-2/ServerSDK-Video/src/video_recorder/event_handler.cpp:1341: level 1: INFO    (12: 0:55:425 |    0)  22170; Thread with name:AgoraInputThread started 
AgoraCoreService[22148]: (22148) /var/lib/jenkins/workspace/agora-release-linux-2/ServerSDK-Video/src/video_recorder/event_handler.cpp:1341: level 1: INFO    (12: 0:55:425 |    0)  22171; Thread with name:ExternalCaptureThread started 
AgoraCoreService[22148]: (22148) /var/lib/jenkins/workspace/agora-release-linux-2/ServerSDK-Video/src/video_recorder/event_handler.cpp:1341: level 1: INFO    (12: 0:55:425 |    0)  22163; setCodec: index=1 width=640 height=360 framerate=15
AgoraCoreService[22148]: (22148) /var/lib/jenkins/workspace/agora-release-linux-2/ServerSDK-Video/src/video_recorder/event_handler.cpp:1341: level 1: INFO    (12: 0:55:425 |    0)  22163; setMaxVideoBitrate: max bitrate=500000
AgoraCoreService[22148]: (22148) /var/lib/jenkins/workspace/agora-release-linux-2/ServerSDK-Video/src/video_recorder/event_handler.cpp:1341: level 1: INFO    (12: 0:55:425 |    0)  22163; AgoraVideoInput::Start width=640, height=360, fps=15
AgoraCoreService[22148]: (22148) /var/lib/jenkins/workspace/agora-release-linux-2/ServerSDK-Video/src/video_recorder/event_handler.cpp:1341: level 1: INFO    (12: 0:55:425 |    0)  22172; Thread with name:WebRtc_event_timer_thread started 
AgoraCoreService[22148]: (22148) /var/lib/jenkins/workspace/agora-release-linux-2/ServerSDK-Video/src/video_recorder/event_handler.cpp:1341: level 1: INFO    (12: 0:55:425 |    0)  22163; startCapture: startCapture success
AgoraCoreService[22148]: (22148) /var/lib/jenkins/workspace/agora-release-linux-2/ServerSDK-Video/src/video_recorder/event_handler.cpp:1341: level 1: INFO    (12: 0:55:426 |    1)  22163; RequestEncodeKeyFrame
AgoraCoreService[22148]: (22148) /var/lib/jenkins/workspace/agora-release-linux-2/ServerSDK-Video/src/video_recorder/event_handler.cpp:1341: level 1: INFO    (12: 0:55:426 |    0)  22163; doStartLocalRender: init? 1 capture id -1 device 1024 capturing? 1 rendering? 0
AgoraCoreService[22148]: (22148) /var/lib/jenkins/workspace/agora-release-linux-2/ServerSDK-Video/src/video_recorder/event_handler.cpp:1341: level 1: INFO    (12: 0:55:426 |    0)  22163; doStartLocalRender: Receive Only Mode, local renderer still on.
AgoraCoreService[22148]: (22148) /var/lib/jenkins/workspace/agora-release-linux-2/ServerSDK-Video/src/video_recorder/event_handler.cpp:1341: level 1: INFO    (12: 0:55:426 |    0)  22163; doStartLocalRender: init? 1 capture id -1 device 1024 capturing? 1 rendering? 0
AgoraCoreService[22148]: (22148) /var/lib/jenkins/workspace/agora-release-linux-2/ServerSDK-Video/src/video_recorder/event_handler.cpp:1341: level 1: INFO    (12: 0:55:426 |    0)  22163; doStartLocalRender: Receive Only Mode, local renderer still on.
AgoraCoreService[22148]: (22148) /var/lib/jenkins/workspace/agora-release-linux-2/ServerSDK-Video/src/video_recorder/event_handler.cpp:1341: level 1: INFO    (12: 0:55:426 |    0)  22163; [che] start call returns 0, elapsed 20
AgoraCoreService[22148]: (22148) /var/lib/jenkins/workspace/agora-release-linux-2/ServerSDK-Video/src/video_recorder/event_handler.cpp:1341: level 1: INFO    (12: 0:55:426 |    0)  22163; Setting dtx mode to 2
AgoraCoreService[22148]: (22148) /var/lib/jenkins/workspace/agora-release-linux-2/ServerSDK-Video/src/video_recorder/event_handler.cpp:1341: level 1: INFO    (12: 0:55:426 |    0)  22163; setNetEQMinimumPlayoutDelay delay(100)
AgoraCoreService[22148]: (22148) /var/lib/jenkins/workspace/agora-release-linux-2/ServerSDK-Video/src/video_recorder/event_handler.cpp:1341: level 1: INFO    (12: 0:55:426 |    0)  22163; join channel success: cname 'police_4_2' uid 2769105476 elapsed 215
AgoraCoreService[22148]: (22148) /var/lib/jenkins/workspace/agora-release-linux-2/ServerSDK-Video/src/video_recorder/event_handler.cpp:1054: Channel counters: mix mode:0 , min port:-1 , max port:-1 ,decode audio:0 , decode_video:0 , is live:0 , idle:300 , is audio only:0 ,syslog facility:8 , mix mode height:360 , mix mode width:640 , mix mode fps:15 , mix mode kbps:500 , mix av:0, streamType:0, triggerMode:0, lang:0
AgoraCoreService[22148]: (22148) /var/lib/jenkins/workspace/agora-release-linux-2/ServerSDK-Video/src/video_recorder/event_handler.cpp:1341: level 1: INFO    (12: 0:55:426 |    0)  22163; CacheManager: save cache to storage elapsed 0
AgoraCoreService[22148]: (22148) /var/lib/jenkins/workspace/agora-release-linux-2/ServerSDK-Video/src/video_recorder/event_handler.cpp:1341: level 1: INFO    (12: 0:55:426 |    0)  22164; Channel counters: mix mode:0 , min port:-1 , max port:-1 ,decode audio:0 , decode_video:0 , is live:0 , idle:300 , is audio only:0 ,syslog facility:8 , mix mode height:360 , mix mode width:640 , mix mode fps:15 , mi
AgoraCoreService[22148]: (22148) /var/lib/jenkins/workspace/agora-release-linux-2/ServerSDK-Video/src/video_recorder/event_handler.cpp:1128: User 2769105476 join channel police_4_2 success, elapsed: 215 ms
AgoraCoreService[22148]: (22148) /var/lib/jenkins/workspace/agora-release-linux-2/ServerSDK-Video/src/video_recorder/event_handler.cpp:1341: level 1: INFO    (12: 0:55:427 |    1)  22164; User 2769105476 join channel police_4_2 success, elapsed: 215 ms
AgoraCoreService[22148]: (22148) /var/lib/jenkins/workspace/agora-release-linux-2/ServerSDK-Video/src/video_recorder/event_handler.cpp:1341: level 1: INFO    (12: 0:55:434 |    7)  22163; [ch0] rtt: 8
AgoraCoreService[22148]: (22148) /var/lib/jenkins/workspace/agora-release-linux-2/ServerSDK-Video/src/video_recorder/event_handler.cpp:1341: level 1: INFO    (12: 0:55:449 |   15)  22163; [vocs/u] **responsed from 119.9.92.49:8000, 3 vos, elapsed 238, server ts 1522411254886, wan ip 139.59.134.76
AgoraCoreService[22148]: (22148) /var/lib/jenkins/workspace/agora-release-linux-2/ServerSDK-Video/src/video_recorder/event_handler.cpp:1341: level 1: INFO    (12: 0:55:492 |   43)  22170; [che] onVideoSizeChanged: uid 0 640x360 rotate 0
AgoraCoreService[22148]: (22148) /var/lib/jenkins/workspace/agora-release-linux-2/ServerSDK-Video/src/video_recorder/event_handler.cpp:1341: level 1: INFO    (12: 0:57:406 |    0)  22163; notifyPeerCount: cnt 0
AgoraCoreService[22148]: (22148) /var/lib/jenkins/workspace/agora-release-linux-2/ServerSDK-Video/src/video_recorder/event_handler.cpp:1341: level 1: INFO    (12: 1: 0:213 |    0)  22163; [rlbs] selected: 199.190.44.35:9700
AgoraCoreService[22148]: (22148) /var/lib/jenkins/workspace/agora-release-linux-2/ServerSDK-Video/src/video_recorder/event_handler.cpp:1341: level 1: INFO    (12: 1: 0:213 |    0)  22163; [rlbs] request rs list from 199.190.44.35:9700.......
AgoraCoreService[22148]: (22148) /var/lib/jenkins/workspace/agora-release-linux-2/ServerSDK-Video/src/video_recorder/event_handler.cpp:1341: level 1: INFO    (12: 1: 0:213 |    0)  22163; [rs] **report stats: seq: 11, report list size 11, tx/rx: 2200/288, cache size: 0, report success rate: -1
AgoraCoreService[22148]: (22148) /var/lib/jenkins/workspace/agora-release-linux-2/ServerSDK-Video/src/video_recorder/event_handler.cpp:1341: level 1: INFO    (12: 1: 0:421 |  208)  22163; [rlbs/u] responsed from 199.190.44.35:9700 with servers 128.1.78.91:8000
AgoraCoreService[22148]: (22148) /var/lib/jenkins/workspace/agora-release-linux-2/ServerSDK-Video/src/video_recorder/event_handler.cpp:1341: level 1: INFO    (12: 1: 1:423 |    2)  22165; Audio statistics - play count: playout count = 200  signal level: far_in = 0
recorder_local[22147]: (22147) /var/lib/jenkins/workspace/agora-release-linux-2/ServerSDK-Video/src/rec_engine/RecordingEngineImpl.cpp:502: [Wrapper] channel id: police_4_2 packet stats, total: 0, callback_->AudioFrameReceived: pcmPackets: 0, pcmTotalPackets: 0, aacPackets: 0, yuvF2Packets: 0, h264F2Packets: 0, errPackets: 0, otherPackets: 0
AgoraCoreService[22148]: (22148) /var/lib/jenkins/workspace/agora-release-linux-2/ServerSDK-Video/src/video_recorder/event_handler.cpp:907: [ARS/15s]event cnts:0, audio pkts:0, mix audio pkts:0, yuv video pkts:0, h264 video pkts:0
AgoraCoreService[22148]: (22148) /var/lib/jenkins/workspace/agora-release-linux-2/ServerSDK-Video/src/video_recorder/event_handler.cpp:1341: level 1: INFO    (12: 1:10:224 |    0)  22148; [ARS/15s]event cnts:0, audio pkts:0, mix audio pkts:0, yuv video pkts:0, h264 video pkts:0
recorder_local[22147]: (22147) /var/lib/jenkins/workspace/agora-release-linux-2/ServerSDK-Video/src/rec_engine/RecordingEngineImpl.cpp:502: [Wrapper] channel id: police_4_2 packet stats, total: 0, callback_->AudioFrameReceived: pcmPackets: 0, pcmTotalPackets: 0, aacPackets: 0, yuvF2Packets: 0, h264F2Packets: 0, errPackets: 0, otherPackets: 0
AgoraCoreService[22148]: (22148) /var/lib/jenkins/workspace/agora-release-linux-2/ServerSDK-Video/src/video_recorder/event_handler.cpp:1341: level 1: INFO    (12: 1:15:423 |  199)  22165; Audio statistics - play count: playout count = 600  signal level: far_in = 0
recorder_local[22147]: (22147) /var/lib/jenkins/workspace/agora-release-linux-2/ServerSDK-Video/src/rec_engine/RecordingEngineImpl.cpp:502: [Wrapper] channel id: police_4_2 packet stats, total: 0, callback_->AudioFrameReceived: pcmPackets: 0, pcmTotalPackets: 0, aacPackets: 0, yuvF2Packets: 0, h264F2Packets: 0, errPackets: 0, otherPackets: 0
AgoraCoreService[22148]: (22148) /var/lib/jenkins/workspace/agora-release-linux-2/ServerSDK-Video/src/video_recorder/event_handler.cpp:907: [ARS/15s]event cnts:0, audio pkts:0, mix audio pkts:0, yuv video pkts:0, h264 video pkts:0
AgoraCoreService[22148]: (22148) /var/lib/jenkins/workspace/agora-release-linux-2/ServerSDK-Video/src/video_recorder/event_handler.cpp:1341: level 1: INFO    (12: 1:25:238 |    0)  22148; [ARS/15s]event cnts:0, audio pkts:0, mix audio pkts:0, yuv video pkts:0, h264 video pkts:0
AgoraCoreService[22148]: (22148) /var/lib/jenkins/workspace/agora-release-linux-2/ServerSDK-Video/src/video_recorder/event_handler.cpp:1341: level 1: INFO    (12: 1:29:213 |    0)  22163; **CALL STATS: duraton 31s cpu app/total 1.92/20.18 battery 255 tx/rx: 1/1 kbps 10.161K/5.410K bytes
AgoraCoreService[22148]: (22148) /var/lib/jenkins/workspace/agora-release-linux-2/ServerSDK-Video/src/video_recorder/event_handler.cpp:1341: level 1: INFO    (12: 1:33:423 |  210)  22165; Audio statistics - play count: playout count = 600  signal level: far_in = 0
AgoraCoreService[22148]: (22148) /var/lib/jenkins/workspace/agora-release-linux-2/ServerSDK-Video/src/video_recorder/event_handler.cpp:1341: level 1: INFO    (12: 1:35:213 |    0)  22163; [rs] **report stats: seq: 24, report list size 24, tx/rx: 6138/1152, cache size: 0, report success rate: 100
recorder_local[22147]: (22147) /var/lib/jenkins/workspace/agora-release-linux-2/ServerSDK-Video/src/rec_engine/RecordingEngineImpl.cpp:502: [Wrapper] channel id: police_4_2 packet stats, total: 0, callback_->AudioFrameReceived: pcmPackets: 0, pcmTotalPackets: 0, aacPackets: 0, yuvF2Packets: 0, h264F2Packets: 0, errPackets: 0, otherPackets: 0
AgoraCoreService[22148]: (22148) /var/lib/jenkins/workspace/agora-release-linux-2/ServerSDK-Video/src/video_recorder/event_handler.cpp:907: [ARS/15s]event cnts:0, audio pkts:0, mix audio pkts:0, yuv video pkts:0, h264 video pkts:0
AgoraCoreService[22148]: (22148) /var/lib/jenkins/workspace/agora-release-linux-2/ServerSDK-Video/src/video_recorder/event_handler.cpp:1341: level 1: INFO    (12: 1:40:251 |   38)  22148; [ARS/15s]event cnts:0, audio pkts:0, mix audio pkts:0, yuv video pkts:0, h264 video pkts:0
recorder_local[22147]: (22147) /var/lib/jenkins/workspace/agora-release-linux-2/ServerSDK-Video/src/rec_engine/RecordingEngineImpl.cpp:502: [Wrapper] channel id: police_4_2 packet stats, total: 0, callback_->AudioFrameReceived: pcmPackets: 0, pcmTotalPackets: 0, aacPackets: 0, yuvF2Packets: 0, h264F2Packets: 0, errPackets: 0, otherPackets: 0
AgoraCoreService[22148]: (22148) /var/lib/jenkins/workspace/agora-release-linux-2/ServerSDK-Video/src/video_recorder/event_handler.cpp:1341: level 1: INFO    (12: 1:51:423 |  172)  22165; Audio statistics - play count: playout count = 600  signal level: far_in = 0
recorder_local[22147]: (22147) /var/lib/jenkins/workspace/agora-release-linux-2/ServerSDK-Video/src/rec_engine/RecordingEngineImpl.cpp:502: [Wrapper] channel id: police_4_2 packet stats, total: 0, callback_->AudioFrameReceived: pcmPackets: 0, pcmTotalPackets: 0, aacPackets: 0, yuvF2Packets: 0, h264F2Packets: 0, errPackets: 0, otherPackets: 0
AgoraCoreService[22148]: (22148) /var/lib/jenkins/workspace/agora-release-linux-2/ServerSDK-Video/src/video_recorder/event_handler.cpp:907: [ARS/15s]event cnts:0, audio pkts:0, mix audio pkts:0, yuv video pkts:0, h264 video pkts:0
AgoraCoreService[22148]: (22148) /var/lib/jenkins/workspace/agora-release-linux-2/ServerSDK-Video/src/video_recorder/event_handler.cpp:1341: level 1: INFO    (12: 1:55:267 |    0)  22148; [ARS/15s]event cnts:0, audio pkts:0, mix audio pkts:0, yuv video pkts:0, h264 video pkts:0
AgoraCoreService[22148]: (22148) /var/lib/jenkins/workspace/agora-release-linux-2/ServerSDK-Video/src/video_recorder/event_handler.cpp:1341: level 1: INFO    (12: 2: 1:213 |    0)  22163; **CALL STATS: duraton 1m3s cpu app/total 1.47/18.18 battery 255 tx/rx: 2/1 kbps 16.766K/9.148K bytes
recorder_local[22147]: (22147) /var/lib/jenkins/workspace/agora-release-linux-2/ServerSDK-Video/src/rec_engine/RecordingEngineImpl.cpp:502: [Wrapper] channel id: police_4_2 packet stats, total: 0, callback_->AudioFrameReceived: pcmPackets: 0, pcmTotalPackets: 0, aacPackets: 0, yuvF2Packets: 0, h264F2Packets: 0, errPackets: 0, otherPackets: 0
AgoraCoreService[22148]: (22148) /var/lib/jenkins/workspace/agora-release-linux-2/ServerSDK-Video/src/video_recorder/event_handler.cpp:1341: level 1: INFO    (12: 2: 9:423 |  210)  22165; Audio statistics - play count: playout count = 600  signal level: far_in = 0
AgoraCoreService[22148]: (22148) /var/lib/jenkins/workspace/agora-release-linux-2/ServerSDK-Video/src/video_recorder/event_handler.cpp:1341: level 1: INFO    (12: 2:10:213 |    0)  22163; [rs] **report stats: seq: 35, report list size 35, tx/rx: 8648/1680, cache size: 0, report success rate: 100
AgoraCoreService[22148]: (22148) /var/lib/jenkins/workspace/agora-release-linux-2/ServerSDK-Video/src/video_recorder/event_handler.cpp:907: [ARS/15s]event cnts:0, audio pkts:0, mix audio pkts:0, yuv video pkts:0, h264 video pkts:0
AgoraCoreService[22148]: (22148) /var/lib/jenkins/workspace/agora-release-linux-2/ServerSDK-Video/src/video_recorder/event_handler.cpp:1341: level 1: INFO    (12: 2:10:281 |   68)  22148; [ARS/15s]event cnts:0, audio pkts:0, mix audio pkts:0, yuv video pkts:0, h264 video pkts:0
recorder_local[22147]: (22147) /var/lib/jenkins/workspace/agora-release-linux-2/ServerSDK-Video/src/rec_engine/RecordingEngineImpl.cpp:502: [Wrapper] channel id: police_4_2 packet stats, total: 0, callback_->AudioFrameReceived: pcmPackets: 0, pcmTotalPackets: 0, aacPackets: 0, yuvF2Packets: 0, h264F2Packets: 0, errPackets: 0, otherPackets: 0
recorder_local[22147]: (22147) /var/lib/jenkins/workspace/agora-release-linux-2/ServerSDK-Video/src/rec_engine/RecordingEngineImpl.cpp:502: [Wrapper] channel id: police_4_2 packet stats, total: 0, callback_->AudioFrameReceived: pcmPackets: 0, pcmTotalPackets: 0, aacPackets: 0, yuvF2Packets: 0, h264F2Packets: 0, errPackets: 0, otherPackets: 0
AgoraCoreService[22148]: (22148) /var/lib/jenkins/workspace/agora-release-linux-2/ServerSDK-Video/src/video_recorder/event_handler.cpp:907: [ARS/15s]event cnts:0, audio pkts:0, mix audio pkts:0, yuv video pkts:0, h264 video pkts:0
AgoraCoreService[22148]: (22148) /var/lib/jenkins/workspace/agora-release-linux-2/ServerSDK-Video/src/video_recorder/event_handler.cpp:1341: level 1: INFO    (12: 2:25:294 |   13)  22148; [ARS/15s]event cnts:0, audio pkts:0, mix audio pkts:0, yuv video pkts:0, h264 video pkts:0
AgoraCoreService[22148]: (22148) /var/lib/jenkins/workspace/agora-release-linux-2/ServerSDK-Video/src/video_recorder/event_handler.cpp:1341: level 1: INFO    (12: 2:27:423 |  129)  22165; Audio statistics - play count: playout count = 600  signal level: far_in = 0
AgoraCoreService[22148]: (22148) /var/lib/jenkins/workspace/agora-release-linux-2/ServerSDK-Video/src/video_recorder/event_handler.cpp:1341: level 1: INFO    (12: 2:33:213 |    0)  22163; **CALL STATS: duraton 1m35s cpu app/total 1.47/19.9 battery 255 tx/rx: 1/0 kbps 23.142K/12.880K bytes
recorder_local[22147]: (22147) /var/lib/jenkins/workspace/agora-release-linux-2/ServerSDK-Video/src/rec_engine/RecordingEngineImpl.cpp:502: [Wrapper] channel id: police_4_2 packet stats, total: 0, callback_->AudioFrameReceived: pcmPackets: 0, pcmTotalPackets: 0, aacPackets: 0, yuvF2Packets: 0, h264F2Packets: 0, errPackets: 0, otherPackets: 0
AgoraCoreService[22148]: (22148) /var/lib/jenkins/workspace/agora-release-linux-2/ServerSDK-Video/src/video_recorder/event_handler.cpp:1341: level 1: INFO    (12: 2:40:213 |    0)  22163; [rs] **report stats: seq: 44, report list size 22, tx/rx: 10702/2112, cache size: 0, report success rate: 100
AgoraCoreService[22148]: (22148) /var/lib/jenkins/workspace/agora-release-linux-2/ServerSDK-Video/src/video_recorder/event_handler.cpp:907: [ARS/15s]event cnts:0, audio pkts:0, mix audio pkts:0, yuv video pkts:0, h264 video pkts:0
AgoraCoreService[22148]: (22148) /var/lib/jenkins/workspace/agora-release-linux-2/ServerSDK-Video/src/video_recorder/event_handler.cpp:1341: level 1: INFO    (12: 2:40:307 |   94)  22148; [ARS/15s]event cnts:0, audio pkts:0, mix audio pkts:0, yuv video pkts:0, h264 video pkts:0
recorder_local[22147]: (22147) /var/lib/jenkins/workspace/agora-release-linux-2/ServerSDK-Video/src/rec_engine/RecordingEngineImpl.cpp:502: [Wrapper] channel id: police_4_2 packet stats, total: 0, callback_->AudioFrameReceived: pcmPackets: 0, pcmTotalPackets: 0, aacPackets: 0, yuvF2Packets: 0, h264F2Packets: 0, errPackets: 0, otherPackets: 0
AgoraCoreService[22148]: (22148) /var/lib/jenkins/workspace/agora-release-linux-2/ServerSDK-Video/src/video_recorder/event_handler.cpp:1341: level 1: INFO    (12: 2:45:423 |  116)  22165; Audio statistics - play count: playout count = 600  signal level: far_in = 0
recorder_local[22147]: (22147) /var/lib/jenkins/workspace/agora-release-linux-2/ServerSDK-Video/src/rec_engine/RecordingEngineImpl.cpp:502: [Wrapper] channel id: police_4_2 packet stats, total: 0, callback_->AudioFrameReceived: pcmPackets: 0, pcmTotalPackets: 0, aacPackets: 0, yuvF2Packets: 0, h264F2Packets: 0, errPackets: 0, otherPackets: 0
AgoraCoreService[22148]: (22148) /var/lib/jenkins/workspace/agora-release-linux-2/ServerSDK-Video/src/video_recorder/event_handler.cpp:907: [ARS/15s]event cnts:0, audio pkts:0, mix audio pkts:0, yuv video pkts:0, h264 video pkts:0
AgoraCoreService[22148]: (22148) /var/lib/jenkins/workspace/agora-release-linux-2/ServerSDK-Video/src/video_recorder/event_handler.cpp:1341: level 1: INFO    (12: 2:55:321 |    0)  22148; [ARS/15s]event cnts:0, audio pkts:0, mix audio pkts:0, yuv video pkts:0, h264 video pkts:0
AgoraCoreService[22148]: (22148) /var/lib/jenkins/workspace/agora-release-linux-2/ServerSDK-Video/src/video_recorder/event_handler.cpp:1341: level 1: INFO    (12: 3: 3:423 |  102)  22165; Audio statistics - play count: playout count = 600  signal level: far_in = 0
AgoraCoreService[22148]: (22148) /var/lib/jenkins/workspace/agora-release-linux-2/ServerSDK-Video/src/video_recorder/event_handler.cpp:1341: level 1: INFO    (12: 3: 5:213 |    0)  22163; **CALL STATS: duraton 2m7s cpu app/total 1.73/19.13 battery 255 tx/rx: 1/1 kbps 29.544K/16.618K bytes
recorder_local[22147]: (22147) /var/lib/jenkins/workspace/agora-release-linux-2/ServerSDK-Video/src/rec_engine/RecordingEngineImpl.cpp:502: [Wrapper] channel id: police_4_2 packet stats, total: 0, callback_->AudioFrameReceived: pcmPackets: 0, pcmTotalPackets: 0, aacPackets: 0, yuvF2Packets: 0, h264F2Packets: 0, errPackets: 0, otherPackets: 0
AgoraCoreService[22148]: (22148) /var/lib/jenkins/workspace/agora-release-linux-2/ServerSDK-Video/src/video_recorder/event_handler.cpp:907: [ARS/15s]event cnts:0, audio pkts:0, mix audio pkts:0, yuv video pkts:0, h264 video pkts:0
AgoraCoreService[22148]: (22148) /var/lib/jenkins/workspace/agora-release-linux-2/ServerSDK-Video/src/video_recorder/event_handler.cpp:1341: level 1: INFO    (12: 3:10:335 |  122)  22148; [ARS/15s]event cnts:0, audio pkts:0, mix audio pkts:0, yuv video pkts:0, h264 video pkts:0
AgoraCoreService[22148]: (22148) /var/lib/jenkins/workspace/agora-release-linux-2/ServerSDK-Video/src/video_recorder/event_handler.cpp:1341: level 1: INFO    (12: 3:15:213 |    0)  22163; [rs] **report stats: seq: 55, report list size 22, tx/rx: 13220/2640, cache size: 0, report success rate: 100
recorder_local[22147]: (22147) /var/lib/jenkins/workspace/agora-release-linux-2/ServerSDK-Video/src/rec_engine/RecordingEngineImpl.cpp:502: [Wrapper] channel id: police_4_2 packet stats, total: 0, callback_->AudioFrameReceived: pcmPackets: 0, pcmTotalPackets: 0, aacPackets: 0, yuvF2Packets: 0, h264F2Packets: 0, errPackets: 0, otherPackets: 0
AgoraCoreService[22148]: (22148) /var/lib/jenkins/workspace/agora-release-linux-2/ServerSDK-Video/src/video_recorder/event_handler.cpp:1341: level 1: INFO    (12: 3:21:423 |  210)  22165; Audio statistics - play count: playout count = 600  signal level: far_in = 0
recorder_local[22147]: (22147) /var/lib/jenkins/workspace/agora-release-linux-2/ServerSDK-Video/src/rec_engine/RecordingEngineImpl.cpp:502: [Wrapper] channel id: police_4_2 packet stats, total: 0, callback_->AudioFrameReceived: pcmPackets: 0, pcmTotalPackets: 0, aacPackets: 0, yuvF2Packets: 0, h264F2Packets: 0, errPackets: 0, otherPackets: 0
AgoraCoreService[22148]: (22148) /var/lib/jenkins/workspace/agora-release-linux-2/ServerSDK-Video/src/video_recorder/event_handler.cpp:907: [ARS/15s]event cnts:0, audio pkts:0, mix audio pkts:0, yuv video pkts:0, h264 video pkts:0
AgoraCoreService[22148]: (22148) /var/lib/jenkins/workspace/agora-release-linux-2/ServerSDK-Video/src/video_recorder/event_handler.cpp:1341: level 1: INFO    (12: 3:25:350 |    0)  22148; [ARS/15s]event cnts:0, audio pkts:0, mix audio pkts:0, yuv video pkts:0, h264 video pkts:0
recorder_local[22147]: (22147) /var/lib/jenkins/workspace/agora-release-linux-2/ServerSDK-Video/src/rec_engine/RecordingEngineImpl.cpp:502: [Wrapper] channel id: police_4_2 packet stats, total: 0, callback_->AudioFrameReceived: pcmPackets: 0, pcmTotalPackets: 0, aacPackets: 0, yuvF2Packets: 0, h264F2Packets: 0, errPackets: 0, otherPackets: 0
AgoraCoreService[22148]: (22148) /var/lib/jenkins/workspace/agora-release-linux-2/ServerSDK-Video/src/video_recorder/event_handler.cpp:1341: level 1: INFO    (12: 3:37:213 |    0)  22163; **CALL STATS: duraton 2m39s cpu app/total 1.36/25.44 battery 255 tx/rx: 1/1 kbps 35.941K/20.356K bytes
AgoraCoreService[22148]: (22148) /var/lib/jenkins/workspace/agora-release-linux-2/ServerSDK-Video/src/video_recorder/event_handler.cpp:1341: level 1: INFO    (12: 3:39:423 |  210)  22165; Audio statistics - play count: playout count = 600  signal level: far_in = 0
AgoraCoreService[22148]: (22148) /var/lib/jenkins/workspace/agora-release-linux-2/ServerSDK-Video/src/video_recorder/event_handler.cpp:907: [ARS/15s]event cnts:0, audio pkts:0, mix audio pkts:0, yuv video pkts:0, h264 video pkts:0
AgoraCoreService[22148]: (22148) /var/lib/jenkins/workspace/agora-release-linux-2/ServerSDK-Video/src/video_recorder/event_handler.cpp:1341: level 1: INFO    (12: 3:40:365 |    0)  22148; [ARS/15s]event cnts:0, audio pkts:0, mix audio pkts:0, yuv video pkts:0, h264 video pkts:0
recorder_local[22147]: (22147) /var/lib/jenkins/workspace/agora-release-linux-2/ServerSDK-Video/src/rec_engine/RecordingEngineImpl.cpp:502: [Wrapper] channel id: police_4_2 packet stats, total: 0, callback_->AudioFrameReceived: pcmPackets: 0, pcmTotalPackets: 0, aacPackets: 0, yuvF2Packets: 0, h264F2Packets: 0, errPackets: 0, otherPackets: 0
AgoraCoreService[22148]: (22148) /var/lib/jenkins/workspace/agora-release-linux-2/ServerSDK-Video/src/video_recorder/event_handler.cpp:1341: level 1: INFO    (12: 3:50:212 |    0)  22163; [rs] **report stats: seq: 65, report list size 23, tx/rx: 15507/3120, cache size: 0, report success rate: 100
recorder_local[22147]: (22147) /var/lib/jenkins/workspace/agora-release-linux-2/ServerSDK-Video/src/rec_engine/RecordingEngineImpl.cpp:502: [Wrapper] channel id: police_4_2 packet stats, total: 0, callback_->AudioFrameReceived: pcmPackets: 0, pcmTotalPackets: 0, aacPackets: 0, yuvF2Packets: 0, h264F2Packets: 0, errPackets: 0, otherPackets: 0
AgoraCoreService[22148]: (22148) /var/lib/jenkins/workspace/agora-release-linux-2/ServerSDK-Video/src/video_recorder/event_handler.cpp:907: [ARS/15s]event cnts:0, audio pkts:0, mix audio pkts:0, yuv video pkts:0, h264 video pkts:0
AgoraCoreService[22148]: (22148) /var/lib/jenkins/workspace/agora-release-linux-2/ServerSDK-Video/src/video_recorder/event_handler.cpp:1341: level 1: INFO    (12: 3:55:378 |  166)  22148; [ARS/15s]event cnts:0, audio pkts:0, mix audio pkts:0, yuv video pkts:0, h264 video pkts:0
AgoraCoreService[22148]: (22148) /var/lib/jenkins/workspace/agora-release-linux-2/ServerSDK-Video/src/video_recorder/event_handler.cpp:1341: level 1: INFO    (12: 3:57:423 |   45)  22165; Audio statistics - play count: playout count = 600  signal level: far_in = 0
recorder_local[22147]: (22147) /var/lib/jenkins/workspace/agora-release-linux-2/ServerSDK-Video/src/rec_engine/RecordingEngineImpl.cpp:502: [Wrapper] channel id: police_4_2 packet stats, total: 0, callback_->AudioFrameReceived: pcmPackets: 0, pcmTotalPackets: 0, aacPackets: 0, yuvF2Packets: 0, h264F2Packets: 0, errPackets: 0, otherPackets: 0
AgoraCoreService[22148]: (22148) /var/lib/jenkins/workspace/agora-release-linux-2/ServerSDK-Video/src/video_recorder/event_handler.cpp:1341: level 1: INFO    (12: 4: 9:212 |    0)  22163; **CALL STATS: duraton 3m11s cpu app/total 1.74/20.53 battery 255 tx/rx: 1/0 kbps 42.322K/24.16K bytes
AgoraCoreService[22148]: (22148) /var/lib/jenkins/workspace/agora-release-linux-2/ServerSDK-Video/src/video_recorder/event_handler.cpp:907: [ARS/15s]event cnts:0, audio pkts:0, mix audio pkts:0, yuv video pkts:0, h264 video pkts:0
AgoraCoreService[22148]: (22148) /var/lib/jenkins/workspace/agora-release-linux-2/ServerSDK-Video/src/video_recorder/event_handler.cpp:1341: level 1: INFO    (12: 4:10:392 |  180)  22148; [ARS/15s]event cnts:0, audio pkts:0, mix audio pkts:0, yuv video pkts:0, h264 video pkts:0
recorder_local[22147]: (22147) /var/lib/jenkins/workspace/agora-release-linux-2/ServerSDK-Video/src/rec_engine/RecordingEngineImpl.cpp:502: [Wrapper] channel id: police_4_2 packet stats, total: 0, callback_->AudioFrameReceived: pcmPackets: 0, pcmTotalPackets: 0, aacPackets: 0, yuvF2Packets: 0, h264F2Packets: 0, errPackets: 0, otherPackets: 0
AgoraCoreService[22148]: (22148) /var/lib/jenkins/workspace/agora-release-linux-2/ServerSDK-Video/src/video_recorder/event_handler.cpp:1341: level 1: INFO    (12: 4:15:423 |   31)  22165; Audio statistics - play count: playout count = 600  signal level: far_in = 0
AgoraCoreService[22148]: (22148) /var/lib/jenkins/workspace/agora-release-linux-2/ServerSDK-Video/src/video_recorder/event_handler.cpp:1341: level 1: INFO    (12: 4:25:212 |    0)  22163; [rs] **report stats: seq: 75, report list size 22, tx/rx: 17804/3600, cache size: 0, report success rate: 100
recorder_local[22147]: (22147) /var/lib/jenkins/workspace/agora-release-linux-2/ServerSDK-Video/src/rec_engine/RecordingEngineImpl.cpp:502: [Wrapper] channel id: police_4_2 packet stats, total: 0, callback_->AudioFrameReceived: pcmPackets: 0, pcmTotalPackets: 0, aacPackets: 0, yuvF2Packets: 0, h264F2Packets: 0, errPackets: 0, otherPackets: 0
AgoraCoreService[22148]: (22148) /var/lib/jenkins/workspace/agora-release-linux-2/ServerSDK-Video/src/video_recorder/event_handler.cpp:907: [ARS/15s]event cnts:0, audio pkts:0, mix audio pkts:0, yuv video pkts:0, h264 video pkts:0
AgoraCoreService[22148]: (22148) /var/lib/jenkins/workspace/agora-release-linux-2/ServerSDK-Video/src/video_recorder/event_handler.cpp:1341: level 1: INFO    (12: 4:25:406 |  194)  22148; [ARS/15s]event cnts:0, audio pkts:0, mix audio pkts:0, yuv video pkts:0, h264 video pkts:0
AgoraCoreService[22148]: (22148) /var/lib/jenkins/workspace/agora-release-linux-2/ServerSDK-Video/src/video_recorder/event_handler.cpp:1341: level 1: INFO    (12: 4:33:423 |   17)  22165; Audio statistics - play count: playout count = 600  signal level: far_in = 0
recorder_local[22147]: (22147) /var/lib/jenkins/workspace/agora-release-linux-2/ServerSDK-Video/src/rec_engine/RecordingEngineImpl.cpp:502: [Wrapper] channel id: police_4_2 packet stats, total: 0, callback_->AudioFrameReceived: pcmPackets: 0, pcmTotalPackets: 0, aacPackets: 0, yuvF2Packets: 0, h264F2Packets: 0, errPackets: 0, otherPackets: 0
AgoraCoreService[22148]: (22148) /var/lib/jenkins/workspace/agora-release-linux-2/ServerSDK-Video/src/video_recorder/event_handler.cpp:907: [ARS/15s]event cnts:0, audio pkts:0, mix audio pkts:0, yuv video pkts:0, h264 video pkts:0
AgoraCoreService[22148]: (22148) /var/lib/jenkins/workspace/agora-release-linux-2/ServerSDK-Video/src/video_recorder/event_handler.cpp:1341: level 1: INFO    (12: 4:40:419 |    0)  22148; [ARS/15s]event cnts:0, audio pkts:0, mix audio pkts:0, yuv video pkts:0, h264 video pkts:0
AgoraCoreService[22148]: (22148) /var/lib/jenkins/workspace/agora-release-linux-2/ServerSDK-Video/src/video_recorder/event_handler.cpp:1341: level 1: INFO    (12: 4:41:212 |    0)  22163; **CALL STATS: duraton 3m43s cpu app/total 1.75/18.14 battery 255 tx/rx: 1/1 kbps 48.699K/27.778K bytes
recorder_local[22147]: (22147) /var/lib/jenkins/workspace/agora-release-linux-2/ServerSDK-Video/src/rec_engine/RecordingEngineImpl.cpp:502: [Wrapper] channel id: police_4_2 packet stats, total: 0, callback_->AudioFrameReceived: pcmPackets: 0, pcmTotalPackets: 0, aacPackets: 0, yuvF2Packets: 0, h264F2Packets: 0, errPackets: 0, otherPackets: 0
AgoraCoreService[22148]: (22148) /var/lib/jenkins/workspace/agora-release-linux-2/ServerSDK-Video/src/video_recorder/event_handler.cpp:1341: level 1: INFO    (12: 4:51:423 |  211)  22165; Audio statistics - play count: playout count = 600  signal level: far_in = 0
recorder_local[22147]: (22147) /var/lib/jenkins/workspace/agora-release-linux-2/ServerSDK-Video/src/rec_engine/RecordingEngineImpl.cpp:502: [Wrapper] channel id: police_4_2 packet stats, total: 0, callback_->AudioFrameReceived: pcmPackets: 0, pcmTotalPackets: 0, aacPackets: 0, yuvF2Packets: 0, h264F2Packets: 0, errPackets: 0, otherPackets: 0
AgoraCoreService[22148]: (22148) /var/lib/jenkins/workspace/agora-release-linux-2/ServerSDK-Video/src/video_recorder/event_handler.cpp:907: [ARS/15s]event cnts:0, audio pkts:0, mix audio pkts:0, yuv video pkts:0, h264 video pkts:0
AgoraCoreService[22148]: (22148) /var/lib/jenkins/workspace/agora-release-linux-2/ServerSDK-Video/src/video_recorder/event_handler.cpp:1341: level 1: INFO    (12: 4:55:434 |   11)  22148; [ARS/15s]event cnts:0, audio pkts:0, mix audio pkts:0, yuv video pkts:0, h264 video pkts:0
AgoraCoreService[22148]: (22148) /var/lib/jenkins/workspace/agora-release-linux-2/ServerSDK-Video/src/video_recorder/event_handler.cpp:1341: level 1: INFO    (12: 5: 0:212 |    0)  22163; [rs] **report stats: seq: 86, report list size 23, tx/rx: 20297/4128, cache size: 0, report success rate: 100
recorder_local[22147]: (22147) /var/lib/jenkins/workspace/agora-release-linux-2/ServerSDK-Video/src/rec_engine/RecordingEngineImpl.cpp:502: [Wrapper] channel id: police_4_2 packet stats, total: 0, callback_->AudioFrameReceived: pcmPackets: 0, pcmTotalPackets: 0, aacPackets: 0, yuvF2Packets: 0, h264F2Packets: 0, errPackets: 0, otherPackets: 0
AgoraCoreService[22148]: (22148) /var/lib/jenkins/workspace/agora-release-linux-2/ServerSDK-Video/src/video_recorder/event_handler.cpp:1341: level 1: INFO    (12: 5: 9:423 |  211)  22165; Audio statistics - play count: playout count = 600  signal level: far_in = 0
AgoraCoreService[22148]: (22148) /var/lib/jenkins/workspace/agora-release-linux-2/ServerSDK-Video/src/video_recorder/event_handler.cpp:907: [ARS/15s]event cnts:0, audio pkts:0, mix audio pkts:0, yuv video pkts:0, h264 video pkts:0
AgoraCoreService[22148]: (22148) /var/lib/jenkins/workspace/agora-release-linux-2/ServerSDK-Video/src/video_recorder/event_handler.cpp:1341: level 1: INFO    (12: 5:10:449 |   26)  22148; [ARS/15s]event cnts:0, audio pkts:0, mix audio pkts:0, yuv video pkts:0, h264 video pkts:0
AgoraCoreService[22148]: (22148) /var/lib/jenkins/workspace/agora-release-linux-2/ServerSDK-Video/src/video_recorder/event_handler.cpp:1341: level 1: INFO    (12: 5:13:213 |    0)  22163; **CALL STATS: duraton 4m15s cpu app/total 1.77/19.65 battery 255 tx/rx: 1/1 kbps 55.288K/31.564K bytes
recorder_local[22147]: (22147) /var/lib/jenkins/workspace/agora-release-linux-2/ServerSDK-Video/src/rec_engine/RecordingEngineImpl.cpp:502: [Wrapper] channel id: police_4_2 packet stats, total: 0, callback_->AudioFrameReceived: pcmPackets: 0, pcmTotalPackets: 0, aacPackets: 0, yuvF2Packets: 0, h264F2Packets: 0, errPackets: 0, otherPackets: 0
recorder_local[22147]: (22147) /var/lib/jenkins/workspace/agora-release-linux-2/ServerSDK-Video/src/rec_engine/RecordingEngineImpl.cpp:502: [Wrapper] channel id: police_4_2 packet stats, total: 0, callback_->AudioFrameReceived: pcmPackets: 0, pcmTotalPackets: 0, aacPackets: 0, yuvF2Packets: 0, h264F2Packets: 0, errPackets: 0, otherPackets: 0
AgoraCoreService[22148]: (22148) /var/lib/jenkins/workspace/agora-release-linux-2/ServerSDK-Video/src/video_recorder/event_handler.cpp:907: [ARS/15s]event cnts:0, audio pkts:0, mix audio pkts:0, yuv video pkts:0, h264 video pkts:0
AgoraCoreService[22148]: (22148) /var/lib/jenkins/workspace/agora-release-linux-2/ServerSDK-Video/src/video_recorder/event_handler.cpp:1341: level 1: INFO    (12: 5:25:462 |  249)  22148; [ARS/15s]event cnts:0, audio pkts:0, mix audio pkts:0, yuv video pkts:0, h264 video pkts:0
AgoraCoreService[22148]: (22148) /var/lib/jenkins/workspace/agora-release-linux-2/ServerSDK-Video/src/video_recorder/event_handler.cpp:1341: level 1: INFO    (12: 5:27:423 |    0)  22165; Audio statistics - play count: playout count = 600  signal level: far_in = 0
AgoraCoreService[22148]: (22148) /var/lib/jenkins/workspace/agora-release-linux-2/ServerSDK-Video/src/video_recorder/event_handler.cpp:1341: level 1: INFO    (12: 5:35:213 |    0)  22163; [rs] **report stats: seq: 96, report list size 22, tx/rx: 22582/4608, cache size: 0, report success rate: 100
recorder_local[22147]: (22147) /var/lib/jenkins/workspace/agora-release-linux-2/ServerSDK-Video/src/rec_engine/RecordingEngineImpl.cpp:502: [Wrapper] channel id: police_4_2 packet stats, total: 0, callback_->AudioFrameReceived: pcmPackets: 0, pcmTotalPackets: 0, aacPackets: 0, yuvF2Packets: 0, h264F2Packets: 0, errPackets: 0, otherPackets: 0
AgoraCoreService[22148]: (22148) /var/lib/jenkins/workspace/agora-release-linux-2/ServerSDK-Video/src/video_recorder/event_handler.cpp:907: [ARS/15s]event cnts:0, audio pkts:0, mix audio pkts:0, yuv video pkts:0, h264 video pkts:0
AgoraCoreService[22148]: (22148) /var/lib/jenkins/workspace/agora-release-linux-2/ServerSDK-Video/src/video_recorder/event_handler.cpp:1341: level 1: INFO    (12: 5:40:477 |  264)  22148; [ARS/15s]event cnts:0, audio pkts:0, mix audio pkts:0, yuv video pkts:0, h264 video pkts:0
AgoraCoreService[22148]: (22148) /var/lib/jenkins/workspace/agora-release-linux-2/ServerSDK-Video/src/video_recorder/event_handler.cpp:1341: level 1: INFO    (12: 5:43:213 |    0)  22163; **CALL STATS: duraton 4m45s cpu app/total 1.76/22.27 battery 255 tx/rx: 1/1 kbps 61.297K/35.50K bytes
AgoraCoreService[22148]: (22148) /var/lib/jenkins/workspace/agora-release-linux-2/ServerSDK-Video/src/video_recorder/event_handler.cpp:1341: level 1: INFO    (12: 5:45:423 |  210)  22165; Audio statistics - play count: playout count = 600  signal level: far_in = 0
recorder_local[22147]: (22147) /var/lib/jenkins/workspace/agora-release-linux-2/ServerSDK-Video/src/rec_engine/RecordingEngineImpl.cpp:502: [Wrapper] channel id: police_4_2 packet stats, total: 0, callback_->AudioFrameReceived: pcmPackets: 0, pcmTotalPackets: 0, aacPackets: 0, yuvF2Packets: 0, h264F2Packets: 0, errPackets: 0, otherPackets: 0
recorder_local[22147]: (22147) /var/lib/jenkins/workspace/agora-release-linux-2/ServerSDK-Video/src/rec_engine/RecordingEngineImpl.cpp:502: [Wrapper] channel id: police_4_2 packet stats, total: 0, callback_->AudioFrameReceived: pcmPackets: 0, pcmTotalPackets: 0, aacPackets: 0, yuvF2Packets: 0, h264F2Packets: 0, errPackets: 0, otherPackets: 0
AgoraCoreService[22148]: (22148) /var/lib/jenkins/workspace/agora-release-linux-2/ServerSDK-Video/src/video_recorder/event_handler.cpp:907: [ARS/15s]event cnts:0, audio pkts:0, mix audio pkts:0, yuv video pkts:0, h264 video pkts:0
AgoraCoreService[22148]: (22148) /var/lib/jenkins/workspace/agora-release-linux-2/ServerSDK-Video/src/video_recorder/event_handler.cpp:1341: level 1: INFO    (12: 5:55:492 |   69)  22148; [ARS/15s]event cnts:0, audio pkts:0, mix audio pkts:0, yuv video pkts:0, h264 video pkts:0
AgoraCoreService[22148]: (22148) /var/lib/jenkins/workspace/agora-release-linux-2/ServerSDK-Video/src/video_recorder/event_handler.cpp:1334: No users in channel for 300 seconds, aborting, leave_code:4.
AgoraCoreService[22148]: (22148) /var/lib/jenkins/workspace/agora-release-linux-2/ServerSDK-Video/src/video_recorder/event_handler.cpp:1341: level 2: WARN    (12: 5:57:213 |    0)  22164; No users in channel for 300 seconds, aborting, leave_code:4.
AgoraCoreService[22148]: (22148) /var/lib/jenkins/workspace/agora-release-linux-2/ServerSDK-Video/src/video_recorder/event_handler.cpp:888: ARS push leave pkt to queue inform wrapper
AgoraCoreService[22148]: (22148) /var/lib/jenkins/workspace/agora-release-linux-2/ServerSDK-Video/src/video_recorder/event_handler.cpp:1341: level 1: INFO    (12: 5:57:494 |  281)  22148; ARS push leave pkt to queue inform wrapper
AgoraCoreService[22148]: (22148) /var/lib/jenkins/workspace/agora-release-linux-2/ServerSDK-Video/src/video_recorder/event_handler.cpp:858: Before cleanup cnt 0, errno 2 4, joined_ 1, term_sig 1, leave path code 12
AgoraCoreService[22148]: (22148) /var/lib/jenkins/workspace/agora-release-linux-2/ServerSDK-Video/src/video_recorder/event_handler.cpp:1341: level 2: WARN    (12: 5:57:994 |  500)  22148; Before cleanup cnt 0, errno 2 4, joined_ 1, term_sig 1, leave path code 12
AgoraCoreService[22148]: (22148) /var/lib/jenkins/workspace/agora-release-linux-2/ServerSDK-Video/src/video_recorder/event_handler.cpp:582: Leaving channel and ready to cleanup
AgoraCoreService[22148]: (22148) /var/lib/jenkins/workspace/agora-release-linux-2/ServerSDK-Video/src/video_recorder/event_handler.cpp:1341: level 1: INFO    (12: 5:57:994 |    0)  22148; Leaving channel and ready to cleanup
AgoraCoreService[22148]: (22148) /var/lib/jenkins/workspace/agora-release-linux-2/ServerSDK-Video/src/video_recorder/event_handler.cpp:1341: level 1: INFO    (12: 5:57:994 |    0)  22148; API call to leave channel
AgoraCoreService[22148]: (22148) /var/lib/jenkins/workspace/agora-release-linux-2/ServerSDK-Video/src/video_recorder/event_handler.cpp:1341: level 1: INFO    (12: 5:57:995 |    1)  22163; [cm] emit leave channel signal
AgoraCoreService[22148]: (22148) /var/lib/jenkins/workspace/agora-release-linux-2/ServerSDK-Video/src/video_recorder/event_handler.cpp:1334: No users in channel for 300 seconds, aborting, leave_code:12.
AgoraCoreService[22148]: (22148) /var/lib/jenkins/workspace/agora-release-linux-2/ServerSDK-Video/src/video_recorder/event_handler.cpp:1341: level 2: WARN    (12: 5:57:995 |    0)  22164; No users in channel for 300 seconds, aborting, leave_code:12.
AgoraCoreService[22148]: (22148) /var/lib/jenkins/workspace/agora-release-linux-2/ServerSDK-Video/src/video_recorder/event_handler.cpp:1341: level 1: INFO    (12: 5:57:995 |    0)  22163; **CALL STATS: duration 5m2s, tx 64.771K bytes, rx 37.6K bytes, total 101.777K bytes
AgoraCoreService[22148]: (22148) /var/lib/jenkins/workspace/agora-release-linux-2/ServerSDK-Video/src/video_recorder/event_handler.cpp:1341: level 1: INFO    (12: 5:57:995 |    0)  22163; stopLocalRender
AgoraCoreService[22148]: (22148) /var/lib/jenkins/workspace/agora-release-linux-2/ServerSDK-Video/src/video_recorder/event_handler.cpp:1341: level 1: INFO    (12: 5:57:995 |    0)  22163; stopLocalRender success
AgoraCoreService[22148]: (22148) /var/lib/jenkins/workspace/agora-release-linux-2/ServerSDK-Video/src/video_recorder/event_handler.cpp:1341: level 1: INFO    (12: 5:57:995 |    0)  22163; AgoraVideoInput::Stop
AgoraCoreService[22148]: (22148) /var/lib/jenkins/workspace/agora-release-linux-2/ServerSDK-Video/src/video_recorder/event_handler.cpp:1341: level 1: INFO    (12: 5:57:995 |    0)  22172; Thread with name:WebRtc_event_timer_thread stopped
AgoraCoreService[22148]: (22148) /var/lib/jenkins/workspace/agora-release-linux-2/ServerSDK-Video/src/video_recorder/event_handler.cpp:1341: level 1: INFO    (12: 5:57:995 |    0)  22163; AgoraVideoInput::Destroy
AgoraCoreService[22148]: (22148) /var/lib/jenkins/workspace/agora-release-linux-2/ServerSDK-Video/src/video_recorder/event_handler.cpp:1341: level 1: INFO    (12: 5:57:996 |    1)  22171; Thread with name:ExternalCaptureThread stopped
AgoraCoreService[22148]: (22148) /var/lib/jenkins/workspace/agora-release-linux-2/ServerSDK-Video/src/video_recorder/event_handler.cpp:1341: level 1: INFO    (12: 5:58: 70 |    0)  22170; Thread with name:AgoraInputThread stopped
AgoraCoreService[22148]: (22148) /var/lib/jenkins/workspace/agora-release-linux-2/ServerSDK-Video/src/video_recorder/event_handler.cpp:1341: level 1: INFO    (12: 5:58: 76 |    6)  22163; stopCapture: stopCapture success
AgoraCoreService[22148]: (22148) /var/lib/jenkins/workspace/agora-release-linux-2/ServerSDK-Video/src/video_recorder/event_handler.cpp:1341: level 1: INFO    (12: 5:58: 77 |    1)  22163; stopRemoteRender
AgoraCoreService[22148]: (22148) /var/lib/jenkins/workspace/agora-release-linux-2/ServerSDK-Video/src/video_recorder/event_handler.cpp:1341: level 1: INFO    (12: 5:58: 77 |    0)  22163; [che] stopCall begins
AgoraCoreService[22148]: (22148) /var/lib/jenkins/workspace/agora-release-linux-2/ServerSDK-Video/src/video_recorder/event_handler.cpp:1341: level 1: INFO    (12: 5:58: 77 |    0)  22163; StopRecording complete
AgoraCoreService[22148]: (22148) /var/lib/jenkins/workspace/agora-release-linux-2/ServerSDK-Video/src/video_recorder/event_handler.cpp:1341: level 1: INFO    (12: 5:58: 77 |    0)  22163; StopPlayout complete
AgoraCoreService[22148]: (22148) /var/lib/jenkins/workspace/agora-release-linux-2/ServerSDK-Video/src/video_recorder/event_handler.cpp:1341: level 1: INFO    (12: 5:58: 77 |    0)  22163; [che] stop call returns 0, elapsed 0
AgoraCoreService[22148]: (22148) /var/lib/jenkins/workspace/agora-release-linux-2/ServerSDK-Video/src/video_recorder/event_handler.cpp:1341: level 1: INFO    (12: 5:58: 77 |    0)  22163; [rs] **report stats: seq: 106, report list size 25, tx/rx: 24661/4944, cache size: 0, report success rate: 100
AgoraCoreService[22148]: (22148) /var/lib/jenkins/workspace/agora-release-linux-2/ServerSDK-Video/src/video_recorder/event_handler.cpp:1341: level 1: INFO    (12: 5:58: 77 |    0)  22163; CacheManager: save cache to storage elapsed 0
AgoraCoreService[22148]: (22148) /var/lib/jenkins/workspace/agora-release-linux-2/ServerSDK-Video/src/video_recorder/event_handler.cpp:1341: level 1: INFO    (12: 5:58: 78 |    1)  22163; [ch0] vos destroyed
AgoraCoreService[22148]: (22148) /var/lib/jenkins/workspace/agora-release-linux-2/ServerSDK-Video/src/video_recorder/event_handler.cpp:1341: level 1: INFO    (12: 5:58: 78 |    0)  22163; delRef of media engine, ref=0
AgoraCoreService[22148]: (22148) /var/lib/jenkins/workspace/agora-release-linux-2/ServerSDK-Video/src/video_recorder/event_handler.cpp:1341: level 1: INFO    (12: 5:58: 78 |    0)  22163; [che] chat engine destroying
AgoraCoreService[22148]: (22148) /var/lib/jenkins/workspace/agora-release-linux-2/ServerSDK-Video/src/video_recorder/event_handler.cpp:1341: level 1: INFO    (12: 5:58: 78 |    0)  22163; stopLocalRender
AgoraCoreService[22148]: (22148) /var/lib/jenkins/workspace/agora-release-linux-2/ServerSDK-Video/src/video_recorder/event_handler.cpp:1341: level 1: INFO    (12: 5:58: 78 |    0)  22163; stopLocalRender success
AgoraCoreService[22148]: (22148) /var/lib/jenkins/workspace/agora-release-linux-2/ServerSDK-Video/src/video_recorder/event_handler.cpp:1341: level 2: WARN    (12: 5:58: 78 |    0)  22163; stopCapture: VideoEngine haven't startCapture
AgoraCoreService[22148]: (22148) /var/lib/jenkins/workspace/agora-release-linux-2/ServerSDK-Video/src/video_recorder/event_handler.cpp:1341: level 1: INFO    (12: 5:58: 78 |    0)  22163; stopRemoteRender
AgoraCoreService[22148]: (22148) /var/lib/jenkins/workspace/agora-release-linux-2/ServerSDK-Video/src/video_recorder/event_handler.cpp:1341: level 1: INFO    (12: 5:58: 78 |    0)  22163; [che] stopCall begins
AgoraCoreService[22148]: (22148) /var/lib/jenkins/workspace/agora-release-linux-2/ServerSDK-Video/src/video_recorder/event_handler.cpp:1341: level 1: INFO    (12: 5:58: 78 |    0)  22163; [che] stop call returns -1, elapsed 0
AgoraCoreService[22148]: (22148) /var/lib/jenkins/workspace/agora-release-linux-2/ServerSDK-Video/src/video_recorder/event_handler.cpp:1341: level 1: INFO    (12: 5:58: 78 |    0)  22163; stopLocalRender
AgoraCoreService[22148]: (22148) /var/lib/jenkins/workspace/agora-release-linux-2/ServerSDK-Video/src/video_recorder/event_handler.cpp:1341: level 1: INFO    (12: 5:58: 78 |    0)  22163; stopLocalRender success
AgoraCoreService[22148]: (22148) /var/lib/jenkins/workspace/agora-release-linux-2/ServerSDK-Video/src/video_recorder/event_handler.cpp:1341: level 1: INFO    (12: 5:58: 78 |    0)  22163; stopRemoteRender
AgoraCoreService[22148]: (22148) /var/lib/jenkins/workspace/agora-release-linux-2/ServerSDK-Video/src/video_recorder/event_handler.cpp:1341: level 2: WARN    (12: 5:58: 78 |    0)  22163; stopCapture: VideoEngine haven't startCapture
AgoraCoreService[22148]: (22148) /var/lib/jenkins/workspace/agora-release-linux-2/ServerSDK-Video/src/video_recorder/event_handler.cpp:1341: level 1: INFO    (12: 5:58: 79 |    1)  22169; Thread with name:VideoProcessThread stopped
AgoraCoreService[22148]: (22148) /var/lib/jenkins/workspace/agora-release-linux-2/ServerSDK-Video/src/video_recorder/event_handler.cpp:1341: level 2: WARN    (12: 5:58: 79 |    0)  22163; terminate: VideoEngine haven't init
AgoraCoreService[22148]: (22148) /var/lib/jenkins/workspace/agora-release-linux-2/ServerSDK-Video/src/video_recorder/event_handler.cpp:1341: level 1: INFO    (12: 5:58: 79 |    0)  22163; [DEBUGG] ViERenderManager Destructor, engine_id: 0
AgoraCoreService[22148]: (22148) /var/lib/jenkins/workspace/agora-release-linux-2/ServerSDK-Video/src/video_recorder/event_handler.cpp:1341: level 1: INFO    (12: 5:58: 83 |    4)  22168; Thread with name:VideoEncodeThread stopped
AgoraCoreService[22148]: (22148) /var/lib/jenkins/workspace/agora-release-linux-2/ServerSDK-Video/src/video_recorder/event_handler.cpp:1341: level 1: INFO    (12: 5:58: 89 |    6)  22163; VideoSendTrackImpl::UpdateCapturer capturer=(nil)
AgoraCoreService[22148]: (22148) /var/lib/jenkins/workspace/agora-release-linux-2/ServerSDK-Video/src/video_recorder/event_handler.cpp:1341: level 1: INFO    (12: 5:58: 89 |    0)  22163; VideoSendTrackImpl::UpdateRenderer, renderer=(nil)
AgoraCoreService[22148]: (22148) /var/lib/jenkins/workspace/agora-release-linux-2/ServerSDK-Video/src/video_recorder/event_handler.cpp:1341: level 1: INFO    (12: 5:58: 90 |    1)  22167; Thread with name:EngineMonitorThread stopped
AgoraCoreService[22148]: (22148) /var/lib/jenkins/workspace/agora-release-linux-2/ServerSDK-Video/src/video_recorder/event_handler.cpp:1341: level 1: INFO    (12: 5:58: 90 |    0)  22165; Thread with name:external_audio_module_thread stopped
AgoraCoreService[22148]: (22148) /var/lib/jenkins/workspace/agora-release-linux-2/ServerSDK-Video/src/video_recorder/event_handler.cpp:1341: level 1: INFO    (12: 5:58: 90 |    0)  22166; Thread with name:WebRtc_event_timer_thread stopped
AgoraCoreService[22148]: (22148) /var/lib/jenkins/workspace/agora-release-linux-2/ServerSDK-Video/src/video_recorder/event_handler.cpp:1341: level 1: INFO    (12: 5:58: 90 |    0)  22163; [che] chat engine destroyed
AgoraCoreService[22148]: (22148) /var/lib/jenkins/workspace/agora-release-linux-2/ServerSDK-Video/src/video_recorder/event_handler.cpp:1341: level 1: INFO    (12: 5:58: 90 |    0)  22163; ***CALL END
AgoraCoreService[22148]: (22148) /var/lib/jenkins/workspace/agora-release-linux-2/ServerSDK-Video/src/video_recorder/event_handler.cpp:1341: level 1: INFO    (12: 5:58: 90 |    0)  22163; onAudioStatusChanged enable audio
AgoraCoreService[22148]: (22148) /var/lib/jenkins/workspace/agora-release-linux-2/ServerSDK-Video/src/video_recorder/event_handler.cpp:1341: level 1: INFO    (12: 5:58: 91 |    1)  22163; [MIO] media io controller destroyed
AgoraCoreService[22148]: (22148) /var/lib/jenkins/workspace/agora-release-linux-2/ServerSDK-Video/src/video_recorder/event_handler.cpp:1341: level 1: INFO    (12: 5:58: 91 |    0)  22148; async task notify worker thread to exit and return
AgoraCoreService[22148]: (22148) /var/lib/jenkins/workspace/agora-release-linux-2/ServerSDK-Video/src/video_recorder/event_handler.cpp:561: event handler delete timer
recorder_local[22147]: (22147) /var/lib/jenkins/workspace/agora-release-linux-2/ServerSDK-Video/src/base/event_loop.cpp:228: Error fd:4, 16
recorder_local[22147]: (22147) /var/lib/jenkins/workspace/agora-release-linux-2/ServerSDK-Video/src/base/pipe_router.cpp:81: Broken reading pipe! event:16 with error3
recorder_local[22147]: (22147) /var/lib/jenkins/workspace/agora-release-linux-2/ServerSDK-Video/src/rec_engine/RecordingEngineImpl.cpp:542: API call to leave channel
recorder_local[22147]: (22147) /var/lib/jenkins/workspace/agora-release-linux-2/ServerSDK-Video/src/rec_engine/RecordingEngineImpl.cpp:64: Recorder 1d47790 is ready to be release
recorder_local[22147]: (22147) /var/lib/jenkins/workspace/agora-release-linux-2/ServerSDK-Video/src/rec_engine/RecordingEngineImpl.cpp:87: Recording wrapper delete timer
