recorder_local[2084]: (2084) /var/lib/jenkins/workspace/agora-release-linux-2/ServerSDK-Video/src/rec_engine/RecordingEngineImpl.cpp:831: ERROR:failed to open config file
recorder_local[2084]: (2084) /var/lib/jenkins/workspace/agora-release-linux-2/ServerSDK-Video/src/rec_engine/RecordingEngineImpl.cpp:831: ERROR:failed to open config file
recorder_local[2084]: (2084) /var/lib/jenkins/workspace/agora-release-linux-2/ServerSDK-Video/src/rec_engine/RecordingEngineImpl.cpp:430: [Wrapper version] 5d0b257a42f9514a024cc62c69161d55aa150021
recorder_local[2084]: (2084) /var/lib/jenkins/workspace/agora-release-linux-2/ServerSDK-Video/src/rec_engine/RecordingEngineImpl.cpp:431: =======params ======
recorder_local[2084]: (2084) /var/lib/jenkins/workspace/agora-release-linux-2/ServerSDK-Video/src/rec_engine/RecordingEngineImpl.cpp:433: /var/www/RecordingSDK/bin/AgoraCoreService
recorder_local[2084]: (2084) /var/lib/jenkins/workspace/agora-release-linux-2/ServerSDK-Video/src/rec_engine/RecordingEngineImpl.cpp:433: --app_id
recorder_local[2084]: (2084) /var/lib/jenkins/workspace/agora-release-linux-2/ServerSDK-Video/src/rec_engine/RecordingEngineImpl.cpp:433: c7adb7f97a594d9fac501654c7bf281c
recorder_local[2084]: (2084) /var/lib/jenkins/workspace/agora-release-linux-2/ServerSDK-Video/src/rec_engine/RecordingEngineImpl.cpp:433: --channel_key
recorder_local[2084]: (2084) /var/lib/jenkins/workspace/agora-release-linux-2/ServerSDK-Video/src/rec_engine/RecordingEngineImpl.cpp:433: c7adb7f97a594d9fac501654c7bf281c
recorder_local[2084]: (2084) /var/lib/jenkins/workspace/agora-release-linux-2/ServerSDK-Video/src/rec_engine/RecordingEngineImpl.cpp:433: --channel_id
recorder_local[2084]: (2084) /var/lib/jenkins/workspace/agora-release-linux-2/ServerSDK-Video/src/rec_engine/RecordingEngineImpl.cpp:433: police_4_3
recorder_local[2084]: (2084) /var/lib/jenkins/workspace/agora-release-linux-2/ServerSDK-Video/src/rec_engine/RecordingEngineImpl.cpp:433: --idle
recorder_local[2084]: (2084) /var/lib/jenkins/workspace/agora-release-linux-2/ServerSDK-Video/src/rec_engine/RecordingEngineImpl.cpp:433: 300
recorder_local[2084]: (2084) /var/lib/jenkins/workspace/agora-release-linux-2/ServerSDK-Video/src/rec_engine/RecordingEngineImpl.cpp:433: --decode_audio
recorder_local[2084]: (2084) /var/lib/jenkins/workspace/agora-release-linux-2/ServerSDK-Video/src/rec_engine/RecordingEngineImpl.cpp:433: 0
recorder_local[2084]: (2084) /var/lib/jenkins/workspace/agora-release-linux-2/ServerSDK-Video/src/rec_engine/RecordingEngineImpl.cpp:433: --decode_video
recorder_local[2084]: (2084) /var/lib/jenkins/workspace/agora-release-linux-2/ServerSDK-Video/src/rec_engine/RecordingEngineImpl.cpp:433: 0
recorder_local[2084]: (2084) /var/lib/jenkins/workspace/agora-release-linux-2/ServerSDK-Video/src/rec_engine/RecordingEngineImpl.cpp:433: --capture_interval
recorder_local[2084]: (2084) /var/lib/jenkins/workspace/agora-release-linux-2/ServerSDK-Video/src/rec_engine/RecordingEngineImpl.cpp:433: 5
recorder_local[2084]: (2084) /var/lib/jenkins/workspace/agora-release-linux-2/ServerSDK-Video/src/rec_engine/RecordingEngineImpl.cpp:433: --syslog_fclt
recorder_local[2084]: (2084) /var/lib/jenkins/workspace/agora-release-linux-2/ServerSDK-Video/src/rec_engine/RecordingEngineImpl.cpp:433: 8
recorder_local[2084]: (2084) /var/lib/jenkins/workspace/agora-release-linux-2/ServerSDK-Video/src/rec_engine/RecordingEngineImpl.cpp:433: --streamType
recorder_local[2084]: (2084) /var/lib/jenkins/workspace/agora-release-linux-2/ServerSDK-Video/src/rec_engine/RecordingEngineImpl.cpp:433: 0
recorder_local[2084]: (2084) /var/lib/jenkins/workspace/agora-release-linux-2/ServerSDK-Video/src/rec_engine/RecordingEngineImpl.cpp:433: --serviceMode
recorder_local[2084]: (2084) /var/lib/jenkins/workspace/agora-release-linux-2/ServerSDK-Video/src/rec_engine/RecordingEngineImpl.cpp:433: 0
recorder_local[2084]: (2084) /var/lib/jenkins/workspace/agora-release-linux-2/ServerSDK-Video/src/rec_engine/RecordingEngineImpl.cpp:433: --recording_file_dir
recorder_local[2084]: (2084) /var/lib/jenkins/workspace/agora-release-linux-2/ServerSDK-Video/src/rec_engine/RecordingEngineImpl.cpp:433: /var/www/panic2.greenvoo.us/html/public/Records/20180330/police_4_3_153952/
recorder_local[2084]: (2084) /var/lib/jenkins/workspace/agora-release-linux-2/ServerSDK-Video/src/rec_engine/RecordingEngineImpl.cpp:433: --lang
recorder_local[2084]: (2084) /var/lib/jenkins/workspace/agora-release-linux-2/ServerSDK-Video/src/rec_engine/RecordingEngineImpl.cpp:433: 0
recorder_local[2084]: (2084) /var/lib/jenkins/workspace/agora-release-linux-2/ServerSDK-Video/src/base/pipe_router.cpp:153: The ARS created. Reading pipe: 4, writing pipe: 7, pid: 2085
AgoraCoreService[2085]: (2085) /var/lib/jenkins/workspace/agora-release-linux-2/ServerSDK-Video/src/video_recorder/main.cpp:162: video recording wrapper:8, idle:300 write:5, read:6, live:0,channelid:police_4_3 
AgoraCoreService[2085]: (2085) /var/lib/jenkins/workspace/agora-release-linux-2/ServerSDK-Video/src/video_recorder/main.cpp:183: [ARS version] 5d0b257a42f9514a024cc62c69161d55aa150021
AgoraCoreService[2085]: (2085) /var/lib/jenkins/workspace/agora-release-linux-2/ServerSDK-Video/src/video_recorder/main.cpp:185: uid 0 from vendor c7adb7f97a594d9fac501654c7bf281c is joining channel police_4_3
AgoraCoreService[2085]: (2085) /var/lib/jenkins/workspace/agora-release-linux-2/ServerSDK-Video/src/video_recorder/event_handler.cpp:627: SDK version: 75f0227; chat engine: 03c8e5d966234ba3a0eaedf8a9fe5ef1e7e554a4
AgoraCoreService[2085]: (2085) /var/lib/jenkins/workspace/agora-release-linux-2/ServerSDK-Video/src/video_recorder/event_handler.cpp:634: decode_video:0,decode_audio:0
AgoraCoreService[2085]: (2085) /var/lib/jenkins/workspace/agora-release-linux-2/ServerSDK-Video/src/video_recorder/event_handler.cpp:667: Using random lowUdpPort & highUdpPort
AgoraCoreService[2085]: (2085) /var/lib/jenkins/workspace/agora-release-linux-2/ServerSDK-Video/src/video_recorder/event_handler.cpp:1341: level 1: INFO    (15:39:52:718 |    1)   2085; Using random lowUdpPort & highUdpPort
AgoraCoreService[2085]: (2085) /var/lib/jenkins/workspace/agora-release-linux-2/ServerSDK-Video/src/video_recorder/event_handler.cpp:1341: level 1: INFO    (15:39:52:718 |    0)   2085; API call to setChannelProfile 0
AgoraCoreService[2085]: (2085) /var/lib/jenkins/workspace/agora-release-linux-2/ServerSDK-Video/src/video_recorder/event_handler.cpp:1786: init stream, trigger mode: 0 service mode: 0
AgoraCoreService[2085]: (2085) /var/lib/jenkins/workspace/agora-release-linux-2/ServerSDK-Video/src/video_recorder/event_handler.cpp:1341: level 1: INFO    (15:39:52:718 |    0)   2085; API call to setVideoProfileEx 640x360 15 fps 500 kbps
AgoraCoreService[2085]: (2085) /var/lib/jenkins/workspace/agora-release-linux-2/ServerSDK-Video/src/video_recorder/event_handler.cpp:1341: level 1: INFO    (15:39:52:718 |    0)   2085; API call to enable video
AgoraCoreService[2085]: (2085) /var/lib/jenkins/workspace/agora-release-linux-2/ServerSDK-Video/src/video_recorder/event_handler.cpp:1341: level 1: INFO    (15:39:52:718 |    0)   2085; API call to join channel 'police_4_3' uid 0, SDK ver 2.1.0 build 220, device info 'Linux version 3.13.0-143-generic (buildd@lcy01-amd64-010) (gcc version 4.8.4 (Ubuntu 4.8.4-2ubuntu1~14.04.4) ) #192-Ubuntu SMP Tue F
AgoraCoreService[2085]: (2085) /var/lib/jenkins/workspace/agora-release-linux-2/ServerSDK-Video/src/video_recorder/event_handler.cpp:1341: level 1: INFO    (15:39:52:718 |    0)   2100; Agora Service Worker Thread started: 0x375bf98
AgoraCoreService[2085]: (2085) /var/lib/jenkins/workspace/agora-release-linux-2/ServerSDK-Video/src/video_recorder/event_handler.cpp:1341: level 1: INFO    (15:39:52:719 |    1)   2100; network: 'NETWORK_UNKOWN' -> 'LAN' ipv4/v6 '139.59.134.76'/'' gw ''/'' subtype 0 level 674310880 ssid '' bssid '' rssi 32596 asu 56
AgoraCoreService[2085]: (2085) /var/lib/jenkins/workspace/agora-release-linux-2/ServerSDK-Video/src/video_recorder/event_handler.cpp:1341: level 1: INFO    (15:39:52:719 |    0)   2100; [MIO] mediaIO controller created
AgoraCoreService[2085]: (2085) /var/lib/jenkins/workspace/agora-release-linux-2/ServerSDK-Video/src/video_recorder/event_handler.cpp:1341: level 1: INFO    (15:39:52:719 |    0)   2100; found 'NULL' device: 'Linux version 3.13.0-143-generic (buildd@lcy01-amd64-010) (gcc version 4.8.4 (Ubuntu 4.8.4-2ubuntu1~14.04.4) ) #192-Ubuntu SMP Tue Feb 27 10:45:36 UTC 2018
'
AgoraCoreService[2085]: (2085) /var/lib/jenkins/workspace/agora-release-linux-2/ServerSDK-Video/src/video_recorder/event_handler.cpp:1341: level 1: INFO    (15:39:52:719 |    0)   2100; [rp] {"rtc.channel_profile":0}
AgoraCoreService[2085]: (2085) /var/lib/jenkins/workspace/agora-release-linux-2/ServerSDK-Video/src/video_recorder/event_handler.cpp:1341: level 1: INFO    (15:39:52:719 |    0)   2100; [rp] {"che.audio.external_device":true}
AgoraCoreService[2085]: (2085) /var/lib/jenkins/workspace/agora-release-linux-2/ServerSDK-Video/src/video_recorder/event_handler.cpp:1341: level 1: INFO    (15:39:52:719 |    0)   2100; [rp] {"che.audio.audioSampleRate":48000}
AgoraCoreService[2085]: (2085) /var/lib/jenkins/workspace/agora-release-linux-2/ServerSDK-Video/src/video_recorder/event_handler.cpp:1341: level 1: INFO    (15:39:52:719 |    0)   2100; [rp] {"che.video.keep_prerotation":false}
AgoraCoreService[2085]: (2085) /var/lib/jenkins/workspace/agora-release-linux-2/ServerSDK-Video/src/video_recorder/event_handler.cpp:1341: level 1: INFO    (15:39:52:720 |    1)   2100; [rp] {"rtc.client_type":3}
AgoraCoreService[2085]: (2085) /var/lib/jenkins/workspace/agora-release-linux-2/ServerSDK-Video/src/video_recorder/event_handler.cpp:1341: level 1: INFO    (15:39:52:720 |    0)   2100; [rp] {"che.audienceMode":true}
AgoraCoreService[2085]: (2085) /var/lib/jenkins/workspace/agora-release-linux-2/ServerSDK-Video/src/video_recorder/event_handler.cpp:1341: level 1: INFO    (15:39:52:720 |    0)   2100; [rp] {"che.video.recording":true}
AgoraCoreService[2085]: (2085) /var/lib/jenkins/workspace/agora-release-linux-2/ServerSDK-Video/src/video_recorder/event_handler.cpp:1341: level 1: INFO    (15:39:52:720 |    0)   2100; [rp] {"che.audio.set_capture_raw_audio_format":{"sampleRate":48000,"channelCnt":1,"mode":1,"samplesPerCall":480}}
AgoraCoreService[2085]: (2085) /var/lib/jenkins/workspace/agora-release-linux-2/ServerSDK-Video/src/video_recorder/event_handler.cpp:1341: level 1: INFO    (15:39:52:720 |    0)   2100; [rp] {"che.audio.set_render_raw_audio_format":{"sampleRate":48000,"channelCnt":1,"mode":0,"samplesPerCall":480}}
AgoraCoreService[2085]: (2085) /var/lib/jenkins/workspace/agora-release-linux-2/ServerSDK-Video/src/video_recorder/event_handler.cpp:1341: level 1: INFO    (15:39:52:720 |    0)   2100; [rp] {"rtc.log_file":"/var/www/panic2.greenvoo.us/html/public/Records/20180330/police_4_3_153952/recording_0.log"}
AgoraCoreService[2085]: (2085) /var/lib/jenkins/workspace/agora-release-linux-2/ServerSDK-Video/src/video_recorder/event_handler.cpp:1341: level 1: INFO    (15:39:52:721 |    1)   2100; [rp] {"rtc.video.mute_me":true,"che.video.local.send":false}
AgoraCoreService[2085]: (2085) /var/lib/jenkins/workspace/agora-release-linux-2/ServerSDK-Video/src/video_recorder/event_handler.cpp:1341: level 1: INFO    (15:39:52:721 |    0)   2100; [rp] {"rtc.audio.mute_me":true,"che.audio.mute_me":true}
AgoraCoreService[2085]: (2085) /var/lib/jenkins/workspace/agora-release-linux-2/ServerSDK-Video/src/video_recorder/event_handler.cpp:1341: level 1: INFO    (15:39:52:721 |    0)   2100; [rp] {"rtc.video.set_remote_default_video_stream_type":0}
AgoraCoreService[2085]: (2085) /var/lib/jenkins/workspace/agora-release-linux-2/ServerSDK-Video/src/video_recorder/event_handler.cpp:1341: level 1: INFO    (15:39:52:721 |    0)   2100; API call to SetRemoteDefaultVideoStreamType: 0
AgoraCoreService[2085]: (2085) /var/lib/jenkins/workspace/agora-release-linux-2/ServerSDK-Video/src/video_recorder/event_handler.cpp:1341: level 1: INFO    (15:39:52:721 |    0)   2100; [rp] {"che.video.local.camera_index":1024}
AgoraCoreService[2085]: (2085) /var/lib/jenkins/workspace/agora-release-linux-2/ServerSDK-Video/src/video_recorder/event_handler.cpp:1341: level 1: INFO    (15:39:52:721 |    0)   2100; [rp] {"rtc.video.enabled":true}
AgoraCoreService[2085]: (2085) /var/lib/jenkins/workspace/agora-release-linux-2/ServerSDK-Video/src/video_recorder/event_handler.cpp:1341: level 1: INFO    (15:39:52:721 |    0)   2100; API call to enable video
AgoraCoreService[2085]: (2085) /var/lib/jenkins/workspace/agora-release-linux-2/ServerSDK-Video/src/video_recorder/event_handler.cpp:1341: level 1: INFO    (15:39:52:721 |    0)   2100; ***CALL BEGIN: appid:'c7****************************1c' cname:'police_4_3' info:'' sid:'0AC993DDCA6741B796634C186785B6CF'
AgoraCoreService[2085]: (2085) /var/lib/jenkins/workspace/agora-release-linux-2/ServerSDK-Video/src/video_recorder/event_handler.cpp:1341: level 1: INFO    (15:39:52:721 |    0)   2100; addRef of media engine, ref=1
AgoraCoreService[2085]: (2085) /var/lib/jenkins/workspace/agora-release-linux-2/ServerSDK-Video/src/video_recorder/event_handler.cpp:1341: level 1: INFO    (15:39:52:721 |    0)   2100; [che] create chat engine, ctx:(nil)
AgoraCoreService[2085]: (2085) /var/lib/jenkins/workspace/agora-release-linux-2/ServerSDK-Video/src/video_recorder/event_handler.cpp:1341: level 1: INFO    (15:39:52:722 |    1)   2100; [MYDEBUG] large group call false
AgoraCoreService[2085]: (2085) /var/lib/jenkins/workspace/agora-release-linux-2/ServerSDK-Video/src/video_recorder/event_handler.cpp:1341: level 1: INFO    (15:39:52:722 |    0)   2100; ChatEngineParameterHelper::applyMediaEngineMode: 
AgoraCoreService[2085]: (2085) /var/lib/jenkins/workspace/agora-release-linux-2/ServerSDK-Video/src/video_recorder/event_handler.cpp:1341: level 1: INFO    (15:39:52:722 |    0)   2100; applyMediaEngineMode(): Hardware encoding false Hardware decoding false
AgoraCoreService[2085]: (2085) /var/lib/jenkins/workspace/agora-release-linux-2/ServerSDK-Video/src/video_recorder/event_handler.cpp:1341: level 1: INFO    (15:39:52:723 |    1)   2102; Thread with name:external_audio_module_thread started 
AgoraCoreService[2085]: (2085) /var/lib/jenkins/workspace/agora-release-linux-2/ServerSDK-Video/src/video_recorder/event_handler.cpp:1341: level 1: INFO    (15:39:52:723 |    0)   2103; Thread with name:WebRtc_event_timer_thread started 
AgoraCoreService[2085]: (2085) /var/lib/jenkins/workspace/agora-release-linux-2/ServerSDK-Video/src/video_recorder/event_handler.cpp:1341: level 1: INFO    (15:39:52:723 |    0)   2100; StereoPlayoutIsAvailable(), output: available=0
AgoraCoreService[2085]: (2085) /var/lib/jenkins/workspace/agora-release-linux-2/ServerSDK-Video/src/video_recorder/event_handler.cpp:1341: level 1: INFO    (15:39:52:724 |    1)   2100; StereoRecordingIsAvailable(), output: available=0
AgoraCoreService[2085]: (2085) /var/lib/jenkins/workspace/agora-release-linux-2/ServerSDK-Video/src/video_recorder/event_handler.cpp:1341: level 1: INFO    (15:39:52:724 |    0)   2104; Thread with name:EngineMonitorThread started 
AgoraCoreService[2085]: (2085) /var/lib/jenkins/workspace/agora-release-linux-2/ServerSDK-Video/src/video_recorder/event_handler.cpp:1341: level 1: INFO    (15:39:52:724 |    0)   2100; setMuteStatus, muted: On
AgoraCoreService[2085]: (2085) /var/lib/jenkins/workspace/agora-release-linux-2/ServerSDK-Video/src/video_recorder/event_handler.cpp:1341: level 1: INFO    (15:39:52:724 |    0)   2100; setMuteOutput, muted: false
AgoraCoreService[2085]: (2085) /var/lib/jenkins/workspace/agora-release-linux-2/ServerSDK-Video/src/video_recorder/event_handler.cpp:1341: level 2: WARN    (15:39:52:724 |    0)   2100; setMicSensitivity failed, legal values are between [0, 10]
AgoraCoreService[2085]: (2085) /var/lib/jenkins/workspace/agora-release-linux-2/ServerSDK-Video/src/video_recorder/event_handler.cpp:1341: level 1: INFO    (15:39:52:724 |    0)   2100; Audio Engine Init success
AgoraCoreService[2085]: (2085) /var/lib/jenkins/workspace/agora-release-linux-2/ServerSDK-Video/src/video_recorder/event_handler.cpp:1341: level 1: INFO    (15:39:52:724 |    0)   2100; Available number of cores:1
AgoraCoreService[2085]: (2085) /var/lib/jenkins/workspace/agora-release-linux-2/ServerSDK-Video/src/video_recorder/event_handler.cpp:1341: level 1: INFO    (15:39:52:725 |    1)   2100; CreateVideoSendTrack
AgoraCoreService[2085]: (2085) /var/lib/jenkins/workspace/agora-release-linux-2/ServerSDK-Video/src/video_recorder/event_handler.cpp:1341: level 1: INFO    (15:39:52:725 |    0)   2100; init: feature prerotation disabled
AgoraCoreService[2085]: (2085) /var/lib/jenkins/workspace/agora-release-linux-2/ServerSDK-Video/src/video_recorder/event_handler.cpp:1341: level 1: INFO    (15:39:52:725 |    0)   2100; Agora Engine video codec set to custom mode role mode 0
AgoraCoreService[2085]: (2085) /var/lib/jenkins/workspace/agora-release-linux-2/ServerSDK-Video/src/video_recorder/event_handler.cpp:1341: level 1: INFO    (15:39:52:725 |    0)   2100; Agora Engine video codec index 1
AgoraCoreService[2085]: (2085) /var/lib/jenkins/workspace/agora-release-linux-2/ServerSDK-Video/src/video_recorder/event_handler.cpp:1341: level 1: INFO    (15:39:52:725 |    0)   2100; Agora Engine video stream type = 0
AgoraCoreService[2085]: (2085) /var/lib/jenkins/workspace/agora-release-linux-2/ServerSDK-Video/src/video_recorder/event_handler.cpp:1341: level 1: INFO    (15:39:52:725 |    0)   2105; Thread with name:VideoEncodeThread started 
AgoraCoreService[2085]: (2085) /var/lib/jenkins/workspace/agora-release-linux-2/ServerSDK-Video/src/video_recorder/event_handler.cpp:1341: level 1: INFO    (15:39:52:726 |    1)   2100; EncoderWrapper::Create hardware_ = 0, hardware_low_ = 0
AgoraCoreService[2085]: (2085) /var/lib/jenkins/workspace/agora-release-linux-2/ServerSDK-Video/src/video_recorder/event_handler.cpp:1341: level 1: INFO    (15:39:52:726 |    0)   2106; Thread with name:VideoProcessThread started 
AgoraCoreService[2085]: (2085) /var/lib/jenkins/workspace/agora-release-linux-2/ServerSDK-Video/src/video_recorder/event_handler.cpp:1341: level 1: INFO    (15:39:52:726 |    0)   2100; setCodec: index=1 width=640 height=360 framerate=15
AgoraCoreService[2085]: (2085) /var/lib/jenkins/workspace/agora-release-linux-2/ServerSDK-Video/src/video_recorder/event_handler.cpp:1341: level 1: INFO    (15:39:52:726 |    0)   2100; h264WebInteropEnable: enable 0
AgoraCoreService[2085]: (2085) /var/lib/jenkins/workspace/agora-release-linux-2/ServerSDK-Video/src/video_recorder/event_handler.cpp:1341: level 1: INFO    (15:39:52:726 |    0)   2100; setCaptureDevice: index=1024
AgoraCoreService[2085]: (2085) /var/lib/jenkins/workspace/agora-release-linux-2/ServerSDK-Video/src/video_recorder/event_handler.cpp:1341: level 1: INFO    (15:39:52:726 |    0)   2100; setMaxVideoBitrate: max bitrate=0
AgoraCoreService[2085]: (2085) /var/lib/jenkins/workspace/agora-release-linux-2/ServerSDK-Video/src/video_recorder/event_handler.cpp:1341: level 1: INFO    (15:39:52:726 |    0)   2100; more fec enable 0 curr fec method 0
AgoraCoreService[2085]: (2085) /var/lib/jenkins/workspace/agora-release-linux-2/ServerSDK-Video/src/video_recorder/event_handler.cpp:1341: level 1: INFO    (15:39:52:726 |    0)   2100; video fec method 0
AgoraCoreService[2085]: (2085) /var/lib/jenkins/workspace/agora-release-linux-2/ServerSDK-Video/src/video_recorder/event_handler.cpp:1341: level 4: ERROR   (15:39:52:726 |    0)   2100; videoEngine created and initialize here
AgoraCoreService[2085]: (2085) /var/lib/jenkins/workspace/agora-release-linux-2/ServerSDK-Video/src/video_recorder/event_handler.cpp:1341: level 1: INFO    (15:39:52:726 |    0)   2100; CreateVideoSendTrack
AgoraCoreService[2085]: (2085) /var/lib/jenkins/workspace/agora-release-linux-2/ServerSDK-Video/src/video_recorder/event_handler.cpp:1341: level 1: INFO    (15:39:52:726 |    0)   2100; [MIO] updateCapturer: ((nil)), type:(1)
AgoraCoreService[2085]: (2085) /var/lib/jenkins/workspace/agora-release-linux-2/ServerSDK-Video/src/video_recorder/event_handler.cpp:1341: level 1: INFO    (15:39:52:727 |    1)   2100; CreateAgoraDefaultCapture: type=0
AgoraCoreService[2085]: (2085) /var/lib/jenkins/workspace/agora-release-linux-2/ServerSDK-Video/src/video_recorder/event_handler.cpp:1341: level 1: INFO    (15:39:52:727 |    0)   2100; CreateVideoCapturer: interface=0x7f5418172af0
AgoraCoreService[2085]: (2085) /var/lib/jenkins/workspace/agora-release-linux-2/ServerSDK-Video/src/video_recorder/event_handler.cpp:1341: level 1: INFO    (15:39:52:727 |    0)   2100; VideoSendTrackImpl::UpdateCapturer capturer=0x7f54181d4c10
AgoraCoreService[2085]: (2085) /var/lib/jenkins/workspace/agora-release-linux-2/ServerSDK-Video/src/video_recorder/event_handler.cpp:1341: level 1: INFO    (15:39:52:727 |    0)   2100; [MIO] updateLocalRender: ((nil)), type:(1)
AgoraCoreService[2085]: (2085) /var/lib/jenkins/workspace/agora-release-linux-2/ServerSDK-Video/src/video_recorder/event_handler.cpp:1341: level 1: INFO    (15:39:52:727 |    0)   2100; CreateAgoraDefaultRender
AgoraCoreService[2085]: (2085) /var/lib/jenkins/workspace/agora-release-linux-2/ServerSDK-Video/src/video_recorder/event_handler.cpp:1341: level 1: INFO    (15:39:52:727 |    0)   2100; CreateVideoRenderer: interface=0x7f54181d5090
AgoraCoreService[2085]: (2085) /var/lib/jenkins/workspace/agora-release-linux-2/ServerSDK-Video/src/video_recorder/event_handler.cpp:1341: level 1: INFO    (15:39:52:727 |    0)   2100; VideoSendTrackImpl::UpdateRenderer, renderer=0x7f54181d50d0
AgoraCoreService[2085]: (2085) /var/lib/jenkins/workspace/agora-release-linux-2/ServerSDK-Video/src/video_recorder/event_handler.cpp:1341: level 1: INFO    (15:39:52:727 |    0)   2100; [MIO] video send track prepared !!
AgoraCoreService[2085]: (2085) /var/lib/jenkins/workspace/agora-release-linux-2/ServerSDK-Video/src/video_recorder/event_handler.cpp:1341: level 1: INFO    (15:39:52:727 |    0)   2100; [che] applyVideoProfile: 640x360 15 fps 500 kbps
AgoraCoreService[2085]: (2085) /var/lib/jenkins/workspace/agora-release-linux-2/ServerSDK-Video/src/video_recorder/event_handler.cpp:1341: level 1: INFO    (15:39:52:727 |    0)   2100; validateVideoParameters: validate video parameters resolution 640x360, fps 15, rate 500000
AgoraCoreService[2085]: (2085) /var/lib/jenkins/workspace/agora-release-linux-2/ServerSDK-Video/src/video_recorder/event_handler.cpp:1341: level 1: INFO    (15:39:52:727 |    0)   2100; setMaxVideoBitrate: max bitrate=500000
AgoraCoreService[2085]: (2085) /var/lib/jenkins/workspace/agora-release-linux-2/ServerSDK-Video/src/video_recorder/event_handler.cpp:1341: level 1: INFO    (15:39:52:727 |    0)   2100; setCodecRates: set frame rate to 15
AgoraCoreService[2085]: (2085) /var/lib/jenkins/workspace/agora-release-linux-2/ServerSDK-Video/src/video_recorder/event_handler.cpp:1341: level 1: INFO    (15:39:52:727 |    0)   2100; setCodec: index=1 width=640 height=360 framerate=15
AgoraCoreService[2085]: (2085) /var/lib/jenkins/workspace/agora-release-linux-2/ServerSDK-Video/src/video_recorder/event_handler.cpp:1341: level 1: INFO    (15:39:52:727 |    0)   2100; setCodecResolution: set to 640 x 360
AgoraCoreService[2085]: (2085) /var/lib/jenkins/workspace/agora-release-linux-2/ServerSDK-Video/src/video_recorder/event_handler.cpp:1341: level 1: INFO    (15:39:52:727 |    0)   2100; [che] chat engine initialized
AgoraCoreService[2085]: (2085) /var/lib/jenkins/workspace/agora-release-linux-2/ServerSDK-Video/src/video_recorder/event_handler.cpp:1341: level 1: INFO    (15:39:52:728 |    1)   2100; [vocs] vocs initialized
AgoraCoreService[2085]: (2085) /var/lib/jenkins/workspace/agora-release-linux-2/ServerSDK-Video/src/video_recorder/event_handler.cpp:1341: level 1: INFO    (15:39:52:728 |    0)   2100; [rs] report server ip: 221.6.115.123:8000
AgoraCoreService[2085]: (2085) /var/lib/jenkins/workspace/agora-release-linux-2/ServerSDK-Video/src/video_recorder/event_handler.cpp:1341: level 1: INFO    (15:39:52:729 |    1)   2100; [rlbs] selected: 221.228.78.123:9700
AgoraCoreService[2085]: (2085) /var/lib/jenkins/workspace/agora-release-linux-2/ServerSDK-Video/src/video_recorder/event_handler.cpp:1341: level 1: INFO    (15:39:52:729 |    0)   2100; [rlbs] request rs list from 221.228.78.123:9700.......
AgoraCoreService[2085]: (2085) /var/lib/jenkins/workspace/agora-release-linux-2/ServerSDK-Video/src/video_recorder/event_handler.cpp:1341: level 1: INFO    (15:39:52:729 |    0)   2100; CacheManager: save cache to storage elapsed 0
AgoraCoreService[2085]: (2085) /var/lib/jenkins/workspace/agora-release-linux-2/ServerSDK-Video/src/video_recorder/event_handler.cpp:1341: level 1: INFO    (15:39:52:729 |    0)   2100; [cm] emit join channel signal, size=2
AgoraCoreService[2085]: (2085) /var/lib/jenkins/workspace/agora-release-linux-2/ServerSDK-Video/src/video_recorder/event_handler.cpp:1341: level 1: INFO    (15:39:52:729 |    0)   2100; CacheManager: save cache to storage elapsed 0
AgoraCoreService[2085]: (2085) /var/lib/jenkins/workspace/agora-release-linux-2/ServerSDK-Video/src/video_recorder/event_handler.cpp:1341: level 1: INFO    (15:39:52:730 |    1)   2100; [vocs] lookup channel...
AgoraCoreService[2085]: (2085) /var/lib/jenkins/workspace/agora-release-linux-2/ServerSDK-Video/src/video_recorder/event_handler.cpp:1341: level 1: INFO    (15:39:52:730 |    0)   2100; [vocs] selected: 119.9.92.49:8000
AgoraCoreService[2085]: (2085) /var/lib/jenkins/workspace/agora-release-linux-2/ServerSDK-Video/src/video_recorder/event_handler.cpp:1341: level 1: INFO    (15:39:52:730 |    0)   2100; connecting to 119.9.92.49:8000 handle 1820fdd0, 28
AgoraCoreService[2085]: (2085) /var/lib/jenkins/workspace/agora-release-linux-2/ServerSDK-Video/src/video_recorder/event_handler.cpp:1341: level 1: INFO    (15:39:52:730 |    0)   2100; [vocs] creating channel with 119.9.92.49:8000, ts 1522424392730.......
AgoraCoreService[2085]: (2085) /var/lib/jenkins/workspace/agora-release-linux-2/ServerSDK-Video/src/video_recorder/event_handler.cpp:1341: level 1: INFO    (15:39:52:730 |    0)   2100; [vocs] selected: 69.28.51.138:8000
AgoraCoreService[2085]: (2085) /var/lib/jenkins/workspace/agora-release-linux-2/ServerSDK-Video/src/video_recorder/event_handler.cpp:1341: level 1: INFO    (15:39:52:730 |    0)   2100; [vocs] creating channel with 69.28.51.138:8000, ts 1522424392730.......
AgoraCoreService[2085]: (2085) /var/lib/jenkins/workspace/agora-release-linux-2/ServerSDK-Video/src/video_recorder/event_handler.cpp:1341: level 1: INFO    (15:39:52:730 |    0)   2100; [vocs] selected: 221.228.202.134:8000
AgoraCoreService[2085]: (2085) /var/lib/jenkins/workspace/agora-release-linux-2/ServerSDK-Video/src/video_recorder/event_handler.cpp:1341: level 1: INFO    (15:39:52:730 |    0)   2100; [vocs] creating channel with 221.228.202.134:8000, ts 1522424392730.......
AgoraCoreService[2085]: (2085) /var/lib/jenkins/workspace/agora-release-linux-2/ServerSDK-Video/src/video_recorder/event_handler.cpp:1341: level 1: INFO    (15:39:52:731 |    1)   2100; [rp] {"che.audio.audioSampleRate":48000}
AgoraCoreService[2085]: (2085) /var/lib/jenkins/workspace/agora-release-linux-2/ServerSDK-Video/src/video_recorder/event_handler.cpp:1341: level 1: INFO    (15:39:52:731 |    0)   2100; [dns] parsed ip 199.190.44.35
AgoraCoreService[2085]: (2085) /var/lib/jenkins/workspace/agora-release-linux-2/ServerSDK-Video/src/video_recorder/event_handler.cpp:1341: level 1: INFO    (15:39:52:731 |    0)   2100; [dns] parsed ip 69.28.51.138
AgoraCoreService[2085]: (2085) /var/lib/jenkins/workspace/agora-release-linux-2/ServerSDK-Video/src/video_recorder/event_handler.cpp:1341: level 1: INFO    (15:39:52:731 |    0)   2100; [dns] parsed ip 119.9.92.49
AgoraCoreService[2085]: (2085) /var/lib/jenkins/workspace/agora-release-linux-2/ServerSDK-Video/src/video_recorder/event_handler.cpp:1341: level 1: INFO    (15:39:52:731 |    0)   2100; [dns] parsed ip 128.1.87.146
AgoraCoreService[2085]: (2085) /var/lib/jenkins/workspace/agora-release-linux-2/ServerSDK-Video/src/video_recorder/event_handler.cpp:1341: level 1: INFO    (15:39:52:731 |    0)   2100; [dns] parsed ip 199.190.44.36
AgoraCoreService[2085]: (2085) /var/lib/jenkins/workspace/agora-release-linux-2/ServerSDK-Video/src/video_recorder/event_handler.cpp:1341: level 1: INFO    (15:39:52:731 |    0)   2100; [rs] dns parse result code: 0, servers size: 1
AgoraCoreService[2085]: (2085) /var/lib/jenkins/workspace/agora-release-linux-2/ServerSDK-Video/src/video_recorder/event_handler.cpp:1341: level 1: INFO    (15:39:52:731 |    0)   2100; [rs] dns parse and selected server: 223.111.12.227
AgoraCoreService[2085]: (2085) /var/lib/jenkins/workspace/agora-release-linux-2/ServerSDK-Video/src/video_recorder/event_handler.cpp:1341: level 1: INFO    (15:39:52:888 |  157)   2100; [vocs/u] **responsed from 69.28.51.138:8000, 3 vos, elapsed 170, server ts 1522424392336, wan ip 139.59.134.76
AgoraCoreService[2085]: (2085) /var/lib/jenkins/workspace/agora-release-linux-2/ServerSDK-Video/src/video_recorder/event_handler.cpp:1341: level 1: INFO    (15:39:52:888 |    0)   2100; [vos] added server: 23.236.96.138:4008
AgoraCoreService[2085]: (2085) /var/lib/jenkins/workspace/agora-release-linux-2/ServerSDK-Video/src/video_recorder/event_handler.cpp:1341: level 1: INFO    (15:39:52:888 |    0)   2100; [vos] added server: 128.1.77.35:4004
AgoraCoreService[2085]: (2085) /var/lib/jenkins/workspace/agora-release-linux-2/ServerSDK-Video/src/video_recorder/event_handler.cpp:1341: level 1: INFO    (15:39:52:889 |    1)   2100; [vos] added server: 128.1.78.93:4007
AgoraCoreService[2085]: (2085) /var/lib/jenkins/workspace/agora-release-linux-2/ServerSDK-Video/src/video_recorder/event_handler.cpp:1341: level 1: INFO    (15:39:52:889 |    0)   2100; [ch0] vos initialized
AgoraCoreService[2085]: (2085) /var/lib/jenkins/workspace/agora-release-linux-2/ServerSDK-Video/src/video_recorder/event_handler.cpp:1341: level 1: INFO    (15:39:52:889 |    0)   2100; [vos] selected: 128.1.78.93:4007
AgoraCoreService[2085]: (2085) /var/lib/jenkins/workspace/agora-release-linux-2/ServerSDK-Video/src/video_recorder/event_handler.cpp:1341: level 4: ERROR   (15:39:52:889 |    0)   2100; [ch0] login strategy=2
AgoraCoreService[2085]: (2085) /var/lib/jenkins/workspace/agora-release-linux-2/ServerSDK-Video/src/video_recorder/event_handler.cpp:1341: level 1: INFO    (15:39:52:889 |    0)   2100; [ds]: ver 1 ds '{"streamType":5}'
AgoraCoreService[2085]: (2085) /var/lib/jenkins/workspace/agora-release-linux-2/ServerSDK-Video/src/video_recorder/event_handler.cpp:1341: level 1: INFO    (15:39:52:889 |    0)   2100; [ch0] Login VOS (proto:10, cid:1213065555, uid:3584311414, ts:1522424392889, ticket size:84 ds:1 stream:+A+VH) 2: 128.1.78.93:4007
AgoraCoreService[2085]: (2085) /var/lib/jenkins/workspace/agora-release-linux-2/ServerSDK-Video/src/video_recorder/event_handler.cpp:1341: level 1: INFO    (15:39:52:889 |    0)   2100; add ping address 139.59.134.76
AgoraCoreService[2085]: (2085) /var/lib/jenkins/workspace/agora-release-linux-2/ServerSDK-Video/src/video_recorder/event_handler.cpp:1341: level 1: INFO    (15:39:52:890 |    1)   2100; PING 139.59.134.76:0 16(44) bytes of data
AgoraCoreService[2085]: (2085) /var/lib/jenkins/workspace/agora-release-linux-2/ServerSDK-Video/src/video_recorder/event_handler.cpp:1341: level 1: INFO    (15:39:52:894 |    4)   2100; [ch0] **VOS response to login request (res 0 elapsed 175, server ts 1522424392417, s-c:-477) from 128.1.78.93:4007, and current dest server 128.1.78.93:4007
AgoraCoreService[2085]: (2085) /var/lib/jenkins/workspace/agora-release-linux-2/ServerSDK-Video/src/video_recorder/event_handler.cpp:1341: level 1: INFO    (15:39:52:894 |    0)   2100; updateActiveVosList: ["128.1.78.93:4007"]
AgoraCoreService[2085]: (2085) /var/lib/jenkins/workspace/agora-release-linux-2/ServerSDK-Video/src/video_recorder/event_handler.cpp:1341: level 1: INFO    (15:39:52:894 |    0)   2100; [che] start call begins
AgoraCoreService[2085]: (2085) /var/lib/jenkins/workspace/agora-release-linux-2/ServerSDK-Video/src/video_recorder/event_handler.cpp:1341: level 1: INFO    (15:39:52:894 |    0)   2100; Set Application Mode in RTC Engine to No. 0
AgoraCoreService[2085]: (2085) /var/lib/jenkins/workspace/agora-release-linux-2/ServerSDK-Video/src/video_recorder/event_handler.cpp:1341: level 4: ERROR   (15:39:52:894 |    0)   2100; GetCodec() invalid index (error=8004)
AgoraCoreService[2085]: (2085) /var/lib/jenkins/workspace/agora-release-linux-2/ServerSDK-Video/src/video_recorder/event_handler.cpp:1341: level 1: INFO    (15:39:52:894 |    0)   2100; SetCodec by type : No. 85
AgoraCoreService[2085]: (2085) /var/lib/jenkins/workspace/agora-release-linux-2/ServerSDK-Video/src/video_recorder/event_handler.cpp:1341: level 1: INFO    (15:39:52:904 |   10)   2100; StartPlayout complete
AgoraCoreService[2085]: (2085) /var/lib/jenkins/workspace/agora-release-linux-2/ServerSDK-Video/src/video_recorder/event_handler.cpp:1341: level 1: INFO    (15:39:52:904 |    0)   2100; output: kDummyAudio
AgoraCoreService[2085]: (2085) /var/lib/jenkins/workspace/agora-release-linux-2/ServerSDK-Video/src/video_recorder/event_handler.cpp:1341: level 1: INFO    (15:39:52:914 |   10)   2100; StartRecording complete
AgoraCoreService[2085]: (2085) /var/lib/jenkins/workspace/agora-release-linux-2/ServerSDK-Video/src/video_recorder/event_handler.cpp:1341: level 4: ERROR   (15:39:52:914 |    0)   2100; SetAgcConfig() failed to set the range in |gain| the digital compression stage may apply (error=8097)
AgoraCoreService[2085]: (2085) /var/lib/jenkins/workspace/agora-release-linux-2/ServerSDK-Video/src/video_recorder/event_handler.cpp:1341: level 1: INFO    (15:39:52:914 |    0)   2100; SetHowlingControl enable = 0
AgoraCoreService[2085]: (2085) /var/lib/jenkins/workspace/agora-release-linux-2/ServerSDK-Video/src/video_recorder/event_handler.cpp:1341: level 1: INFO    (15:39:52:914 |    0)   2100; Application Config module:  Route 0, NS on, AEC N, AGC on, BSS off, HC on
AgoraCoreService[2085]: (2085) /var/lib/jenkins/workspace/agora-release-linux-2/ServerSDK-Video/src/video_recorder/event_handler.cpp:1341: level 1: INFO    (15:39:52:914 |    0)   2100; MID = 0, Routing = 0
AgoraCoreService[2085]: (2085) /var/lib/jenkins/workspace/agora-release-linux-2/ServerSDK-Video/src/video_recorder/event_handler.cpp:1341: level 1: INFO    (15:39:52:914 |    0)   2100; [che] applyVideoProfile: 640x360 15 fps 500 kbps
AgoraCoreService[2085]: (2085) /var/lib/jenkins/workspace/agora-release-linux-2/ServerSDK-Video/src/video_recorder/event_handler.cpp:1341: level 1: INFO    (15:39:52:914 |    0)   2100; validateVideoParameters: validate video parameters resolution 640x360, fps 15, rate 500000
AgoraCoreService[2085]: (2085) /var/lib/jenkins/workspace/agora-release-linux-2/ServerSDK-Video/src/video_recorder/event_handler.cpp:1341: level 1: INFO    (15:39:52:914 |    0)   2100; setMaxVideoBitrate: max bitrate=500000
AgoraCoreService[2085]: (2085) /var/lib/jenkins/workspace/agora-release-linux-2/ServerSDK-Video/src/video_recorder/event_handler.cpp:1341: level 1: INFO    (15:39:52:914 |    0)   2100; setCodecRates: set frame rate to 15
AgoraCoreService[2085]: (2085) /var/lib/jenkins/workspace/agora-release-linux-2/ServerSDK-Video/src/video_recorder/event_handler.cpp:1341: level 1: INFO    (15:39:52:914 |    0)   2100; setCodec: index=1 width=640 height=360 framerate=15
AgoraCoreService[2085]: (2085) /var/lib/jenkins/workspace/agora-release-linux-2/ServerSDK-Video/src/video_recorder/event_handler.cpp:1341: level 1: INFO    (15:39:52:915 |    1)   2100; setCodecResolution: set to 640 x 360
AgoraCoreService[2085]: (2085) /var/lib/jenkins/workspace/agora-release-linux-2/ServerSDK-Video/src/video_recorder/event_handler.cpp:1341: level 1: INFO    (15:39:52:915 |    0)   2100; CreateVideoCapturer: interface=0x7f5418172c90
AgoraCoreService[2085]: (2085) /var/lib/jenkins/workspace/agora-release-linux-2/ServerSDK-Video/src/video_recorder/event_handler.cpp:1341: level 1: INFO    (15:39:52:915 |    0)   2100; VideoSendTrackImpl::UpdateCapturer capturer=0x7f541821f9d0
AgoraCoreService[2085]: (2085) /var/lib/jenkins/workspace/agora-release-linux-2/ServerSDK-Video/src/video_recorder/event_handler.cpp:1341: level 1: INFO    (15:39:52:915 |    0)   2100; Create participant 0
AgoraCoreService[2085]: (2085) /var/lib/jenkins/workspace/agora-release-linux-2/ServerSDK-Video/src/video_recorder/event_handler.cpp:1341: level 1: INFO    (15:39:52:915 |    0)   2100; startCapture: device? 1024 init? 1 local enabled? 1 capturing? 0 rendering? 0
AgoraCoreService[2085]: (2085) /var/lib/jenkins/workspace/agora-release-linux-2/ServerSDK-Video/src/video_recorder/event_handler.cpp:1341: level 1: INFO    (15:39:52:915 |    0)   2100; startCapture: Receive Only Mode, capture still on. Encode will be turned off
AgoraCoreService[2085]: (2085) /var/lib/jenkins/workspace/agora-release-linux-2/ServerSDK-Video/src/video_recorder/event_handler.cpp:1341: level 1: INFO    (15:39:52:915 |    0)   2100; AgoraVideoInput::Init thread=1, type=100, device=External Device
AgoraCoreService[2085]: (2085) /var/lib/jenkins/workspace/agora-release-linux-2/ServerSDK-Video/src/video_recorder/event_handler.cpp:1341: level 1: INFO    (15:39:52:915 |    0)   2107; Thread with name:AgoraInputThread started 
AgoraCoreService[2085]: (2085) /var/lib/jenkins/workspace/agora-release-linux-2/ServerSDK-Video/src/video_recorder/event_handler.cpp:1341: level 1: INFO    (15:39:52:915 |    0)   2108; Thread with name:ExternalCaptureThread started 
AgoraCoreService[2085]: (2085) /var/lib/jenkins/workspace/agora-release-linux-2/ServerSDK-Video/src/video_recorder/event_handler.cpp:1341: level 1: INFO    (15:39:52:915 |    0)   2100; setCodec: index=1 width=640 height=360 framerate=15
AgoraCoreService[2085]: (2085) /var/lib/jenkins/workspace/agora-release-linux-2/ServerSDK-Video/src/video_recorder/event_handler.cpp:1341: level 1: INFO    (15:39:52:915 |    0)   2100; setMaxVideoBitrate: max bitrate=500000
AgoraCoreService[2085]: (2085) /var/lib/jenkins/workspace/agora-release-linux-2/ServerSDK-Video/src/video_recorder/event_handler.cpp:1341: level 1: INFO    (15:39:52:916 |    1)   2100; AgoraVideoInput::Start width=640, height=360, fps=15
AgoraCoreService[2085]: (2085) /var/lib/jenkins/workspace/agora-release-linux-2/ServerSDK-Video/src/video_recorder/event_handler.cpp:1341: level 1: INFO    (15:39:52:916 |    0)   2109; Thread with name:WebRtc_event_timer_thread started 
AgoraCoreService[2085]: (2085) /var/lib/jenkins/workspace/agora-release-linux-2/ServerSDK-Video/src/video_recorder/event_handler.cpp:1341: level 1: INFO    (15:39:52:916 |    0)   2100; startCapture: startCapture success
AgoraCoreService[2085]: (2085) /var/lib/jenkins/workspace/agora-release-linux-2/ServerSDK-Video/src/video_recorder/event_handler.cpp:1341: level 1: INFO    (15:39:52:916 |    0)   2100; RequestEncodeKeyFrame
AgoraCoreService[2085]: (2085) /var/lib/jenkins/workspace/agora-release-linux-2/ServerSDK-Video/src/video_recorder/event_handler.cpp:1341: level 1: INFO    (15:39:52:916 |    0)   2100; doStartLocalRender: init? 1 capture id -1 device 1024 capturing? 1 rendering? 0
AgoraCoreService[2085]: (2085) /var/lib/jenkins/workspace/agora-release-linux-2/ServerSDK-Video/src/video_recorder/event_handler.cpp:1341: level 1: INFO    (15:39:52:916 |    0)   2100; doStartLocalRender: Receive Only Mode, local renderer still on.
AgoraCoreService[2085]: (2085) /var/lib/jenkins/workspace/agora-release-linux-2/ServerSDK-Video/src/video_recorder/event_handler.cpp:1341: level 1: INFO    (15:39:52:916 |    0)   2100; doStartLocalRender: init? 1 capture id -1 device 1024 capturing? 1 rendering? 0
AgoraCoreService[2085]: (2085) /var/lib/jenkins/workspace/agora-release-linux-2/ServerSDK-Video/src/video_recorder/event_handler.cpp:1341: level 1: INFO    (15:39:52:916 |    0)   2100; doStartLocalRender: Receive Only Mode, local renderer still on.
AgoraCoreService[2085]: (2085) /var/lib/jenkins/workspace/agora-release-linux-2/ServerSDK-Video/src/video_recorder/event_handler.cpp:1341: level 1: INFO    (15:39:52:916 |    0)   2100; [che] start call returns 0, elapsed 23
AgoraCoreService[2085]: (2085) /var/lib/jenkins/workspace/agora-release-linux-2/ServerSDK-Video/src/video_recorder/event_handler.cpp:1341: level 1: INFO    (15:39:52:916 |    0)   2100; Setting dtx mode to 2
AgoraCoreService[2085]: (2085) /var/lib/jenkins/workspace/agora-release-linux-2/ServerSDK-Video/src/video_recorder/event_handler.cpp:1341: level 1: INFO    (15:39:52:916 |    0)   2100; setNetEQMinimumPlayoutDelay delay(100)
AgoraCoreService[2085]: (2085) /var/lib/jenkins/workspace/agora-release-linux-2/ServerSDK-Video/src/video_recorder/event_handler.cpp:1341: level 1: INFO    (15:39:52:916 |    0)   2100; join channel success: cname 'police_4_3' uid 3584311414 elapsed 198
AgoraCoreService[2085]: (2085) /var/lib/jenkins/workspace/agora-release-linux-2/ServerSDK-Video/src/video_recorder/event_handler.cpp:1054: Channel counters: mix mode:0 , min port:-1 , max port:-1 ,decode audio:0 , decode_video:0 , is live:0 , idle:300 , is audio only:0 ,syslog facility:8 , mix mode height:360 , mix mode width:640 , mix mode fps:15 , mix mode kbps:500 , mix av:0, streamType:0, triggerMode:0, lang:0
AgoraCoreService[2085]: (2085) /var/lib/jenkins/workspace/agora-release-linux-2/ServerSDK-Video/src/video_recorder/event_handler.cpp:1341: level 1: INFO    (15:39:52:917 |    1)   2100; CacheManager: save cache to storage elapsed 0
AgoraCoreService[2085]: (2085) /var/lib/jenkins/workspace/agora-release-linux-2/ServerSDK-Video/src/video_recorder/event_handler.cpp:1341: level 1: INFO    (15:39:52:917 |    0)   2101; Channel counters: mix mode:0 , min port:-1 , max port:-1 ,decode audio:0 , decode_video:0 , is live:0 , idle:300 , is audio only:0 ,syslog facility:8 , mix mode height:360 , mix mode width:640 , mix mode fps:15 , mi
AgoraCoreService[2085]: (2085) /var/lib/jenkins/workspace/agora-release-linux-2/ServerSDK-Video/src/video_recorder/event_handler.cpp:1128: User 3584311414 join channel police_4_3 success, elapsed: 198 ms
AgoraCoreService[2085]: (2085) /var/lib/jenkins/workspace/agora-release-linux-2/ServerSDK-Video/src/video_recorder/event_handler.cpp:1341: level 1: INFO    (15:39:52:917 |    0)   2101; User 3584311414 join channel police_4_3 success, elapsed: 198 ms
AgoraCoreService[2085]: (2085) /var/lib/jenkins/workspace/agora-release-linux-2/ServerSDK-Video/src/video_recorder/event_handler.cpp:1341: level 1: INFO    (15:39:52:924 |    7)   2100; [ch0] rtt: 7
AgoraCoreService[2085]: (2085) /var/lib/jenkins/workspace/agora-release-linux-2/ServerSDK-Video/src/video_recorder/event_handler.cpp:1341: level 1: INFO    (15:39:52:935 |   11)   2100; [vocs/u] **responsed from 119.9.92.49:8000, 3 vos, elapsed 216, server ts 1522424392354, wan ip 139.59.134.76
AgoraCoreService[2085]: (2085) /var/lib/jenkins/workspace/agora-release-linux-2/ServerSDK-Video/src/video_recorder/event_handler.cpp:1341: level 1: INFO    (15:39:52:982 |   47)   2107; [che] onVideoSizeChanged: uid 0 640x360 rotate 0
AgoraCoreService[2085]: (2085) /var/lib/jenkins/workspace/agora-release-linux-2/ServerSDK-Video/src/video_recorder/event_handler.cpp:1341: level 1: INFO    (15:39:54:894 |    0)   2100; notifyPeerCount: cnt 0
AgoraCoreService[2085]: (2085) /var/lib/jenkins/workspace/agora-release-linux-2/ServerSDK-Video/src/video_recorder/event_handler.cpp:1341: level 1: INFO    (15:39:57:719 |    0)   2100; [rlbs] selected: 199.190.44.35:9700
AgoraCoreService[2085]: (2085) /var/lib/jenkins/workspace/agora-release-linux-2/ServerSDK-Video/src/video_recorder/event_handler.cpp:1341: level 1: INFO    (15:39:57:719 |    0)   2100; [rlbs] request rs list from 199.190.44.35:9700.......
AgoraCoreService[2085]: (2085) /var/lib/jenkins/workspace/agora-release-linux-2/ServerSDK-Video/src/video_recorder/event_handler.cpp:1341: level 1: INFO    (15:39:57:719 |    0)   2100; [rs] **report stats: seq: 11, report list size 11, tx/rx: 2200/288, cache size: 0, report success rate: -1
AgoraCoreService[2085]: (2085) /var/lib/jenkins/workspace/agora-release-linux-2/ServerSDK-Video/src/video_recorder/event_handler.cpp:1341: level 1: INFO    (15:39:57:923 |  204)   2100; [rlbs/u] responsed from 199.190.44.35:9700 with servers 128.1.78.91:8000
AgoraCoreService[2085]: (2085) /var/lib/jenkins/workspace/agora-release-linux-2/ServerSDK-Video/src/video_recorder/event_handler.cpp:1341: level 1: INFO    (15:39:58:904 |    0)   2102; Audio statistics - play count: playout count = 200  signal level: far_in = 0
recorder_local[2084]: (2084) /var/lib/jenkins/workspace/agora-release-linux-2/ServerSDK-Video/src/rec_engine/RecordingEngineImpl.cpp:502: [Wrapper] channel id: police_4_3 packet stats, total: 0, callback_->AudioFrameReceived: pcmPackets: 0, pcmTotalPackets: 0, aacPackets: 0, yuvF2Packets: 0, h264F2Packets: 0, errPackets: 0, otherPackets: 0
AgoraCoreService[2085]: (2085) /var/lib/jenkins/workspace/agora-release-linux-2/ServerSDK-Video/src/video_recorder/event_handler.cpp:907: [ARS/15s]event cnts:0, audio pkts:0, mix audio pkts:0, yuv video pkts:0, h264 video pkts:0
AgoraCoreService[2085]: (2085) /var/lib/jenkins/workspace/agora-release-linux-2/ServerSDK-Video/src/video_recorder/event_handler.cpp:1341: level 1: INFO    (15:40: 7:732 |    0)   2085; [ARS/15s]event cnts:0, audio pkts:0, mix audio pkts:0, yuv video pkts:0, h264 video pkts:0
recorder_local[2084]: (2084) /var/lib/jenkins/workspace/agora-release-linux-2/ServerSDK-Video/src/rec_engine/RecordingEngineImpl.cpp:502: [Wrapper] channel id: police_4_3 packet stats, total: 0, callback_->AudioFrameReceived: pcmPackets: 0, pcmTotalPackets: 0, aacPackets: 0, yuvF2Packets: 0, h264F2Packets: 0, errPackets: 0, otherPackets: 0
AgoraCoreService[2085]: (2085) /var/lib/jenkins/workspace/agora-release-linux-2/ServerSDK-Video/src/video_recorder/event_handler.cpp:1341: level 1: INFO    (15:40:12:904 |  172)   2102; Audio statistics - play count: playout count = 600  signal level: far_in = 0
recorder_local[2084]: (2084) /var/lib/jenkins/workspace/agora-release-linux-2/ServerSDK-Video/src/rec_engine/RecordingEngineImpl.cpp:502: [Wrapper] channel id: police_4_3 packet stats, total: 0, callback_->AudioFrameReceived: pcmPackets: 0, pcmTotalPackets: 0, aacPackets: 0, yuvF2Packets: 0, h264F2Packets: 0, errPackets: 0, otherPackets: 0
AgoraCoreService[2085]: (2085) /var/lib/jenkins/workspace/agora-release-linux-2/ServerSDK-Video/src/video_recorder/event_handler.cpp:907: [ARS/15s]event cnts:0, audio pkts:0, mix audio pkts:0, yuv video pkts:0, h264 video pkts:0
AgoraCoreService[2085]: (2085) /var/lib/jenkins/workspace/agora-release-linux-2/ServerSDK-Video/src/video_recorder/event_handler.cpp:1341: level 1: INFO    (15:40:22:744 |    0)   2085; [ARS/15s]event cnts:0, audio pkts:0, mix audio pkts:0, yuv video pkts:0, h264 video pkts:0
AgoraCoreService[2085]: (2085) /var/lib/jenkins/workspace/agora-release-linux-2/ServerSDK-Video/src/video_recorder/event_handler.cpp:1341: level 1: INFO    (15:40:26:719 |    0)   2100; **CALL STATS: duraton 31s cpu app/total 1.55/2.3 battery 255 tx/rx: 2/1 kbps 10.392K/5.410K bytes
AgoraCoreService[2085]: (2085) /var/lib/jenkins/workspace/agora-release-linux-2/ServerSDK-Video/src/video_recorder/event_handler.cpp:1341: level 1: INFO    (15:40:30:904 |  185)   2102; Audio statistics - play count: playout count = 600  signal level: far_in = 0
AgoraCoreService[2085]: (2085) /var/lib/jenkins/workspace/agora-release-linux-2/ServerSDK-Video/src/video_recorder/event_handler.cpp:1341: level 1: INFO    (15:40:32:719 |    0)   2100; [rs] **report stats: seq: 24, report list size 24, tx/rx: 6153/1152, cache size: 0, report success rate: 100
recorder_local[2084]: (2084) /var/lib/jenkins/workspace/agora-release-linux-2/ServerSDK-Video/src/rec_engine/RecordingEngineImpl.cpp:502: [Wrapper] channel id: police_4_3 packet stats, total: 0, callback_->AudioFrameReceived: pcmPackets: 0, pcmTotalPackets: 0, aacPackets: 0, yuvF2Packets: 0, h264F2Packets: 0, errPackets: 0, otherPackets: 0
AgoraCoreService[2085]: (2085) /var/lib/jenkins/workspace/agora-release-linux-2/ServerSDK-Video/src/video_recorder/event_handler.cpp:907: [ARS/15s]event cnts:0, audio pkts:0, mix audio pkts:0, yuv video pkts:0, h264 video pkts:0
AgoraCoreService[2085]: (2085) /var/lib/jenkins/workspace/agora-release-linux-2/ServerSDK-Video/src/video_recorder/event_handler.cpp:1341: level 1: INFO    (15:40:37:758 |   39)   2085; [ARS/15s]event cnts:0, audio pkts:0, mix audio pkts:0, yuv video pkts:0, h264 video pkts:0
recorder_local[2084]: (2084) /var/lib/jenkins/workspace/agora-release-linux-2/ServerSDK-Video/src/rec_engine/RecordingEngineImpl.cpp:502: [Wrapper] channel id: police_4_3 packet stats, total: 0, callback_->AudioFrameReceived: pcmPackets: 0, pcmTotalPackets: 0, aacPackets: 0, yuvF2Packets: 0, h264F2Packets: 0, errPackets: 0, otherPackets: 0
AgoraCoreService[2085]: (2085) /var/lib/jenkins/workspace/agora-release-linux-2/ServerSDK-Video/src/video_recorder/event_handler.cpp:1341: level 1: INFO    (15:40:48:904 |  146)   2102; Audio statistics - play count: playout count = 600  signal level: far_in = 0
recorder_local[2084]: (2084) /var/lib/jenkins/workspace/agora-release-linux-2/ServerSDK-Video/src/rec_engine/RecordingEngineImpl.cpp:502: [Wrapper] channel id: police_4_3 packet stats, total: 0, callback_->AudioFrameReceived: pcmPackets: 0, pcmTotalPackets: 0, aacPackets: 0, yuvF2Packets: 0, h264F2Packets: 0, errPackets: 0, otherPackets: 0
AgoraCoreService[2085]: (2085) /var/lib/jenkins/workspace/agora-release-linux-2/ServerSDK-Video/src/video_recorder/event_handler.cpp:907: [ARS/15s]event cnts:0, audio pkts:0, mix audio pkts:0, yuv video pkts:0, h264 video pkts:0
AgoraCoreService[2085]: (2085) /var/lib/jenkins/workspace/agora-release-linux-2/ServerSDK-Video/src/video_recorder/event_handler.cpp:1341: level 1: INFO    (15:40:52:773 |    0)   2085; [ARS/15s]event cnts:0, audio pkts:0, mix audio pkts:0, yuv video pkts:0, h264 video pkts:0
AgoraCoreService[2085]: (2085) /var/lib/jenkins/workspace/agora-release-linux-2/ServerSDK-Video/src/video_recorder/event_handler.cpp:1341: level 1: INFO    (15:40:58:719 |    0)   2100; **CALL STATS: duraton 1m3s cpu app/total 2.7/16.32 battery 255 tx/rx: 1/1 kbps 16.789K/9.196K bytes
AgoraCoreService[2085]: (2085) /var/lib/jenkins/workspace/agora-release-linux-2/ServerSDK-Video/src/video_recorder/event_handler.cpp:1341: level 1: INFO    (15:41: 2:720 |    1)   2100; [rs] **report stats: seq: 33, report list size 33, tx/rx: 8212/1584, cache size: 0, report success rate: 100
recorder_local[2084]: (2084) /var/lib/jenkins/workspace/agora-release-linux-2/ServerSDK-Video/src/rec_engine/RecordingEngineImpl.cpp:502: [Wrapper] channel id: police_4_3 packet stats, total: 0, callback_->AudioFrameReceived: pcmPackets: 0, pcmTotalPackets: 0, aacPackets: 0, yuvF2Packets: 0, h264F2Packets: 0, errPackets: 0, otherPackets: 0
AgoraCoreService[2085]: (2085) /var/lib/jenkins/workspace/agora-release-linux-2/ServerSDK-Video/src/video_recorder/event_handler.cpp:1341: level 1: INFO    (15:41: 6:904 |  184)   2102; Audio statistics - play count: playout count = 600  signal level: far_in = 0
AgoraCoreService[2085]: (2085) /var/lib/jenkins/workspace/agora-release-linux-2/ServerSDK-Video/src/video_recorder/event_handler.cpp:907: [ARS/15s]event cnts:0, audio pkts:0, mix audio pkts:0, yuv video pkts:0, h264 video pkts:0
AgoraCoreService[2085]: (2085) /var/lib/jenkins/workspace/agora-release-linux-2/ServerSDK-Video/src/video_recorder/event_handler.cpp:1341: level 1: INFO    (15:41: 7:788 |    0)   2085; [ARS/15s]event cnts:0, audio pkts:0, mix audio pkts:0, yuv video pkts:0, h264 video pkts:0
recorder_local[2084]: (2084) /var/lib/jenkins/workspace/agora-release-linux-2/ServerSDK-Video/src/rec_engine/RecordingEngineImpl.cpp:502: [Wrapper] channel id: police_4_3 packet stats, total: 0, callback_->AudioFrameReceived: pcmPackets: 0, pcmTotalPackets: 0, aacPackets: 0, yuvF2Packets: 0, h264F2Packets: 0, errPackets: 0, otherPackets: 0
recorder_local[2084]: (2084) /var/lib/jenkins/workspace/agora-release-linux-2/ServerSDK-Video/src/rec_engine/RecordingEngineImpl.cpp:502: [Wrapper] channel id: police_4_3 packet stats, total: 0, callback_->AudioFrameReceived: pcmPackets: 0, pcmTotalPackets: 0, aacPackets: 0, yuvF2Packets: 0, h264F2Packets: 0, errPackets: 0, otherPackets: 0
AgoraCoreService[2085]: (2085) /var/lib/jenkins/workspace/agora-release-linux-2/ServerSDK-Video/src/video_recorder/event_handler.cpp:907: [ARS/15s]event cnts:0, audio pkts:0, mix audio pkts:0, yuv video pkts:0, h264 video pkts:0
AgoraCoreService[2085]: (2085) /var/lib/jenkins/workspace/agora-release-linux-2/ServerSDK-Video/src/video_recorder/event_handler.cpp:1341: level 1: INFO    (15:41:22:803 |   15)   2085; [ARS/15s]event cnts:0, audio pkts:0, mix audio pkts:0, yuv video pkts:0, h264 video pkts:0
AgoraCoreService[2085]: (2085) /var/lib/jenkins/workspace/agora-release-linux-2/ServerSDK-Video/src/video_recorder/event_handler.cpp:1341: level 1: INFO    (15:41:24:904 |  101)   2102; Audio statistics - play count: playout count = 600  signal level: far_in = 0
AgoraCoreService[2085]: (2085) /var/lib/jenkins/workspace/agora-release-linux-2/ServerSDK-Video/src/video_recorder/event_handler.cpp:1341: level 1: INFO    (15:41:30:719 |    0)   2100; **CALL STATS: duraton 1m35s cpu app/total 2.7/2.57 battery 255 tx/rx: 1/0 kbps 23.175K/12.880K bytes
recorder_local[2084]: (2084) /var/lib/jenkins/workspace/agora-release-linux-2/ServerSDK-Video/src/rec_engine/RecordingEngineImpl.cpp:502: [Wrapper] channel id: police_4_3 packet stats, total: 0, callback_->AudioFrameReceived: pcmPackets: 0, pcmTotalPackets: 0, aacPackets: 0, yuvF2Packets: 0, h264F2Packets: 0, errPackets: 0, otherPackets: 0
AgoraCoreService[2085]: (2085) /var/lib/jenkins/workspace/agora-release-linux-2/ServerSDK-Video/src/video_recorder/event_handler.cpp:1341: level 1: INFO    (15:41:37:719 |    0)   2100; [rs] **report stats: seq: 44, report list size 22, tx/rx: 10735/2112, cache size: 0, report success rate: 100
AgoraCoreService[2085]: (2085) /var/lib/jenkins/workspace/agora-release-linux-2/ServerSDK-Video/src/video_recorder/event_handler.cpp:907: [ARS/15s]event cnts:0, audio pkts:0, mix audio pkts:0, yuv video pkts:0, h264 video pkts:0
AgoraCoreService[2085]: (2085) /var/lib/jenkins/workspace/agora-release-linux-2/ServerSDK-Video/src/video_recorder/event_handler.cpp:1341: level 1: INFO    (15:41:37:816 |   97)   2085; [ARS/15s]event cnts:0, audio pkts:0, mix audio pkts:0, yuv video pkts:0, h264 video pkts:0
recorder_local[2084]: (2084) /var/lib/jenkins/workspace/agora-release-linux-2/ServerSDK-Video/src/rec_engine/RecordingEngineImpl.cpp:502: [Wrapper] channel id: police_4_3 packet stats, total: 0, callback_->AudioFrameReceived: pcmPackets: 0, pcmTotalPackets: 0, aacPackets: 0, yuvF2Packets: 0, h264F2Packets: 0, errPackets: 0, otherPackets: 0
AgoraCoreService[2085]: (2085) /var/lib/jenkins/workspace/agora-release-linux-2/ServerSDK-Video/src/video_recorder/event_handler.cpp:1341: level 1: INFO    (15:41:42:904 |   88)   2102; Audio statistics - play count: playout count = 600  signal level: far_in = 0
recorder_local[2084]: (2084) /var/lib/jenkins/workspace/agora-release-linux-2/ServerSDK-Video/src/rec_engine/RecordingEngineImpl.cpp:502: [Wrapper] channel id: police_4_3 packet stats, total: 0, callback_->AudioFrameReceived: pcmPackets: 0, pcmTotalPackets: 0, aacPackets: 0, yuvF2Packets: 0, h264F2Packets: 0, errPackets: 0, otherPackets: 0
AgoraCoreService[2085]: (2085) /var/lib/jenkins/workspace/agora-release-linux-2/ServerSDK-Video/src/video_recorder/event_handler.cpp:907: [ARS/15s]event cnts:0, audio pkts:0, mix audio pkts:0, yuv video pkts:0, h264 video pkts:0
AgoraCoreService[2085]: (2085) /var/lib/jenkins/workspace/agora-release-linux-2/ServerSDK-Video/src/video_recorder/event_handler.cpp:1341: level 1: INFO    (15:41:52:831 |    0)   2085; [ARS/15s]event cnts:0, audio pkts:0, mix audio pkts:0, yuv video pkts:0, h264 video pkts:0
AgoraCoreService[2085]: (2085) /var/lib/jenkins/workspace/agora-release-linux-2/ServerSDK-Video/src/video_recorder/event_handler.cpp:1341: level 1: INFO    (15:42: 0:904 |   73)   2102; Audio statistics - play count: playout count = 600  signal level: far_in = 0
AgoraCoreService[2085]: (2085) /var/lib/jenkins/workspace/agora-release-linux-2/ServerSDK-Video/src/video_recorder/event_handler.cpp:1341: level 1: INFO    (15:42: 2:719 |    0)   2100; **CALL STATS: duraton 2m7s cpu app/total 2.6/20.40 battery 255 tx/rx: 1/1 kbps 29.572K/16.618K bytes
recorder_local[2084]: (2084) /var/lib/jenkins/workspace/agora-release-linux-2/ServerSDK-Video/src/rec_engine/RecordingEngineImpl.cpp:502: [Wrapper] channel id: police_4_3 packet stats, total: 0, callback_->AudioFrameReceived: pcmPackets: 0, pcmTotalPackets: 0, aacPackets: 0, yuvF2Packets: 0, h264F2Packets: 0, errPackets: 0, otherPackets: 0
AgoraCoreService[2085]: (2085) /var/lib/jenkins/workspace/agora-release-linux-2/ServerSDK-Video/src/video_recorder/event_handler.cpp:907: [ARS/15s]event cnts:0, audio pkts:0, mix audio pkts:0, yuv video pkts:0, h264 video pkts:0
AgoraCoreService[2085]: (2085) /var/lib/jenkins/workspace/agora-release-linux-2/ServerSDK-Video/src/video_recorder/event_handler.cpp:1341: level 1: INFO    (15:42: 7:842 |  123)   2085; [ARS/15s]event cnts:0, audio pkts:0, mix audio pkts:0, yuv video pkts:0, h264 video pkts:0
AgoraCoreService[2085]: (2085) /var/lib/jenkins/workspace/agora-release-linux-2/ServerSDK-Video/src/video_recorder/event_handler.cpp:1341: level 1: INFO    (15:42:12:719 |    0)   2100; [rs] **report stats: seq: 55, report list size 22, tx/rx: 13253/2640, cache size: 0, report success rate: 100
recorder_local[2084]: (2084) /var/lib/jenkins/workspace/agora-release-linux-2/ServerSDK-Video/src/rec_engine/RecordingEngineImpl.cpp:502: [Wrapper] channel id: police_4_3 packet stats, total: 0, callback_->AudioFrameReceived: pcmPackets: 0, pcmTotalPackets: 0, aacPackets: 0, yuvF2Packets: 0, h264F2Packets: 0, errPackets: 0, otherPackets: 0
AgoraCoreService[2085]: (2085) /var/lib/jenkins/workspace/agora-release-linux-2/ServerSDK-Video/src/video_recorder/event_handler.cpp:1341: level 1: INFO    (15:42:18:904 |  185)   2102; Audio statistics - play count: playout count = 600  signal level: far_in = 0
recorder_local[2084]: (2084) /var/lib/jenkins/workspace/agora-release-linux-2/ServerSDK-Video/src/rec_engine/RecordingEngineImpl.cpp:502: [Wrapper] channel id: police_4_3 packet stats, total: 0, callback_->AudioFrameReceived: pcmPackets: 0, pcmTotalPackets: 0, aacPackets: 0, yuvF2Packets: 0, h264F2Packets: 0, errPackets: 0, otherPackets: 0
AgoraCoreService[2085]: (2085) /var/lib/jenkins/workspace/agora-release-linux-2/ServerSDK-Video/src/video_recorder/event_handler.cpp:907: [ARS/15s]event cnts:0, audio pkts:0, mix audio pkts:0, yuv video pkts:0, h264 video pkts:0
AgoraCoreService[2085]: (2085) /var/lib/jenkins/workspace/agora-release-linux-2/ServerSDK-Video/src/video_recorder/event_handler.cpp:1341: level 1: INFO    (15:42:22:857 |    0)   2085; [ARS/15s]event cnts:0, audio pkts:0, mix audio pkts:0, yuv video pkts:0, h264 video pkts:0
recorder_local[2084]: (2084) /var/lib/jenkins/workspace/agora-release-linux-2/ServerSDK-Video/src/rec_engine/RecordingEngineImpl.cpp:502: [Wrapper] channel id: police_4_3 packet stats, total: 0, callback_->AudioFrameReceived: pcmPackets: 0, pcmTotalPackets: 0, aacPackets: 0, yuvF2Packets: 0, h264F2Packets: 0, errPackets: 0, otherPackets: 0
AgoraCoreService[2085]: (2085) /var/lib/jenkins/workspace/agora-release-linux-2/ServerSDK-Video/src/video_recorder/event_handler.cpp:1341: level 1: INFO    (15:42:34:719 |    0)   2100; **CALL STATS: duraton 2m39s cpu app/total 1.56/6.15 battery 255 tx/rx: 2/1 kbps 36.168K/20.356K bytes
AgoraCoreService[2085]: (2085) /var/lib/jenkins/workspace/agora-release-linux-2/ServerSDK-Video/src/video_recorder/event_handler.cpp:1341: level 1: INFO    (15:42:36:904 |  185)   2102; Audio statistics - play count: playout count = 600  signal level: far_in = 0
AgoraCoreService[2085]: (2085) /var/lib/jenkins/workspace/agora-release-linux-2/ServerSDK-Video/src/video_recorder/event_handler.cpp:907: [ARS/15s]event cnts:0, audio pkts:0, mix audio pkts:0, yuv video pkts:0, h264 video pkts:0
AgoraCoreService[2085]: (2085) /var/lib/jenkins/workspace/agora-release-linux-2/ServerSDK-Video/src/video_recorder/event_handler.cpp:1341: level 1: INFO    (15:42:37:871 |    0)   2085; [ARS/15s]event cnts:0, audio pkts:0, mix audio pkts:0, yuv video pkts:0, h264 video pkts:0
recorder_local[2084]: (2084) /var/lib/jenkins/workspace/agora-release-linux-2/ServerSDK-Video/src/rec_engine/RecordingEngineImpl.cpp:502: [Wrapper] channel id: police_4_3 packet stats, total: 0, callback_->AudioFrameReceived: pcmPackets: 0, pcmTotalPackets: 0, aacPackets: 0, yuvF2Packets: 0, h264F2Packets: 0, errPackets: 0, otherPackets: 0
AgoraCoreService[2085]: (2085) /var/lib/jenkins/workspace/agora-release-linux-2/ServerSDK-Video/src/video_recorder/event_handler.cpp:1341: level 1: INFO    (15:42:47:719 |    0)   2100; [rs] **report stats: seq: 65, report list size 23, tx/rx: 15552/3120, cache size: 0, report success rate: 100
recorder_local[2084]: (2084) /var/lib/jenkins/workspace/agora-release-linux-2/ServerSDK-Video/src/rec_engine/RecordingEngineImpl.cpp:502: [Wrapper] channel id: police_4_3 packet stats, total: 0, callback_->AudioFrameReceived: pcmPackets: 0, pcmTotalPackets: 0, aacPackets: 0, yuvF2Packets: 0, h264F2Packets: 0, errPackets: 0, otherPackets: 0
AgoraCoreService[2085]: (2085) /var/lib/jenkins/workspace/agora-release-linux-2/ServerSDK-Video/src/video_recorder/event_handler.cpp:907: [ARS/15s]event cnts:0, audio pkts:0, mix audio pkts:0, yuv video pkts:0, h264 video pkts:0
AgoraCoreService[2085]: (2085) /var/lib/jenkins/workspace/agora-release-linux-2/ServerSDK-Video/src/video_recorder/event_handler.cpp:1341: level 1: INFO    (15:42:52:885 |  166)   2085; [ARS/15s]event cnts:0, audio pkts:0, mix audio pkts:0, yuv video pkts:0, h264 video pkts:0
AgoraCoreService[2085]: (2085) /var/lib/jenkins/workspace/agora-release-linux-2/ServerSDK-Video/src/video_recorder/event_handler.cpp:1341: level 1: INFO    (15:42:54:904 |   19)   2102; Audio statistics - play count: playout count = 600  signal level: far_in = 0
recorder_local[2084]: (2084) /var/lib/jenkins/workspace/agora-release-linux-2/ServerSDK-Video/src/rec_engine/RecordingEngineImpl.cpp:502: [Wrapper] channel id: police_4_3 packet stats, total: 0, callback_->AudioFrameReceived: pcmPackets: 0, pcmTotalPackets: 0, aacPackets: 0, yuvF2Packets: 0, h264F2Packets: 0, errPackets: 0, otherPackets: 0
AgoraCoreService[2085]: (2085) /var/lib/jenkins/workspace/agora-release-linux-2/ServerSDK-Video/src/video_recorder/event_handler.cpp:1341: level 1: INFO    (15:43: 6:720 |    0)   2100; **CALL STATS: duraton 3m11s cpu app/total 2.9/8.90 battery 255 tx/rx: 1/0 kbps 42.588K/24.64K bytes
AgoraCoreService[2085]: (2085) /var/lib/jenkins/workspace/agora-release-linux-2/ServerSDK-Video/src/video_recorder/event_handler.cpp:907: [ARS/15s]event cnts:0, audio pkts:0, mix audio pkts:0, yuv video pkts:0, h264 video pkts:0
AgoraCoreService[2085]: (2085) /var/lib/jenkins/workspace/agora-release-linux-2/ServerSDK-Video/src/video_recorder/event_handler.cpp:1341: level 1: INFO    (15:43: 7:898 |  178)   2085; [ARS/15s]event cnts:0, audio pkts:0, mix audio pkts:0, yuv video pkts:0, h264 video pkts:0
recorder_local[2084]: (2084) /var/lib/jenkins/workspace/agora-release-linux-2/ServerSDK-Video/src/rec_engine/RecordingEngineImpl.cpp:502: [Wrapper] channel id: police_4_3 packet stats, total: 0, callback_->AudioFrameReceived: pcmPackets: 0, pcmTotalPackets: 0, aacPackets: 0, yuvF2Packets: 0, h264F2Packets: 0, errPackets: 0, otherPackets: 0
AgoraCoreService[2085]: (2085) /var/lib/jenkins/workspace/agora-release-linux-2/ServerSDK-Video/src/video_recorder/event_handler.cpp:1341: level 1: INFO    (15:43:12:904 |    6)   2102; Audio statistics - play count: playout count = 600  signal level: far_in = 0
AgoraCoreService[2085]: (2085) /var/lib/jenkins/workspace/agora-release-linux-2/ServerSDK-Video/src/video_recorder/event_handler.cpp:1341: level 1: INFO    (15:43:17:719 |    0)   2100; [rs] **report stats: seq: 75, report list size 24, tx/rx: 17847/3600, cache size: 0, report success rate: 100
recorder_local[2084]: (2084) /var/lib/jenkins/workspace/agora-release-linux-2/ServerSDK-Video/src/rec_engine/RecordingEngineImpl.cpp:502: [Wrapper] channel id: police_4_3 packet stats, total: 0, callback_->AudioFrameReceived: pcmPackets: 0, pcmTotalPackets: 0, aacPackets: 0, yuvF2Packets: 0, h264F2Packets: 0, errPackets: 0, otherPackets: 0
AgoraCoreService[2085]: (2085) /var/lib/jenkins/workspace/agora-release-linux-2/ServerSDK-Video/src/video_recorder/event_handler.cpp:907: [ARS/15s]event cnts:0, audio pkts:0, mix audio pkts:0, yuv video pkts:0, h264 video pkts:0
AgoraCoreService[2085]: (2085) /var/lib/jenkins/workspace/agora-release-linux-2/ServerSDK-Video/src/video_recorder/event_handler.cpp:1341: level 1: INFO    (15:43:22:912 |  193)   2085; [ARS/15s]event cnts:0, audio pkts:0, mix audio pkts:0, yuv video pkts:0, h264 video pkts:0
AgoraCoreService[2085]: (2085) /var/lib/jenkins/workspace/agora-release-linux-2/ServerSDK-Video/src/video_recorder/event_handler.cpp:1341: level 1: INFO    (15:43:30:904 |    0)   2102; Audio statistics - play count: playout count = 600  signal level: far_in = 0
recorder_local[2084]: (2084) /var/lib/jenkins/workspace/agora-release-linux-2/ServerSDK-Video/src/rec_engine/RecordingEngineImpl.cpp:502: [Wrapper] channel id: police_4_3 packet stats, total: 0, callback_->AudioFrameReceived: pcmPackets: 0, pcmTotalPackets: 0, aacPackets: 0, yuvF2Packets: 0, h264F2Packets: 0, errPackets: 0, otherPackets: 0
AgoraCoreService[2085]: (2085) /var/lib/jenkins/workspace/agora-release-linux-2/ServerSDK-Video/src/video_recorder/event_handler.cpp:907: [ARS/15s]event cnts:0, audio pkts:0, mix audio pkts:0, yuv video pkts:0, h264 video pkts:0
AgoraCoreService[2085]: (2085) /var/lib/jenkins/workspace/agora-release-linux-2/ServerSDK-Video/src/video_recorder/event_handler.cpp:1341: level 1: INFO    (15:43:37:925 |   21)   2085; [ARS/15s]event cnts:0, audio pkts:0, mix audio pkts:0, yuv video pkts:0, h264 video pkts:0
AgoraCoreService[2085]: (2085) /var/lib/jenkins/workspace/agora-release-linux-2/ServerSDK-Video/src/video_recorder/event_handler.cpp:1341: level 1: INFO    (15:43:38:719 |    0)   2100; **CALL STATS: duraton 3m43s cpu app/total 1.57/6.12 battery 255 tx/rx: 1/1 kbps 48.995K/27.826K bytes
recorder_local[2084]: (2084) /var/lib/jenkins/workspace/agora-release-linux-2/ServerSDK-Video/src/rec_engine/RecordingEngineImpl.cpp:502: [Wrapper] channel id: police_4_3 packet stats, total: 0, callback_->AudioFrameReceived: pcmPackets: 0, pcmTotalPackets: 0, aacPackets: 0, yuvF2Packets: 0, h264F2Packets: 0, errPackets: 0, otherPackets: 0
AgoraCoreService[2085]: (2085) /var/lib/jenkins/workspace/agora-release-linux-2/ServerSDK-Video/src/video_recorder/event_handler.cpp:1341: level 1: INFO    (15:43:48:904 |  185)   2102; Audio statistics - play count: playout count = 600  signal level: far_in = 0
AgoraCoreService[2085]: (2085) /var/lib/jenkins/workspace/agora-release-linux-2/ServerSDK-Video/src/video_recorder/event_handler.cpp:1341: level 1: INFO    (15:43:52:720 |    0)   2100; [rs] **report stats: seq: 85, report list size 23, tx/rx: 20149/4080, cache size: 0, report success rate: 100
recorder_local[2084]: (2084) /var/lib/jenkins/workspace/agora-release-linux-2/ServerSDK-Video/src/rec_engine/RecordingEngineImpl.cpp:502: [Wrapper] channel id: police_4_3 packet stats, total: 0, callback_->AudioFrameReceived: pcmPackets: 0, pcmTotalPackets: 0, aacPackets: 0, yuvF2Packets: 0, h264F2Packets: 0, errPackets: 0, otherPackets: 0
AgoraCoreService[2085]: (2085) /var/lib/jenkins/workspace/agora-release-linux-2/ServerSDK-Video/src/video_recorder/event_handler.cpp:907: [ARS/15s]event cnts:0, audio pkts:0, mix audio pkts:0, yuv video pkts:0, h264 video pkts:0
AgoraCoreService[2085]: (2085) /var/lib/jenkins/workspace/agora-release-linux-2/ServerSDK-Video/src/video_recorder/event_handler.cpp:1341: level 1: INFO    (15:43:52:939 |  219)   2085; [ARS/15s]event cnts:0, audio pkts:0, mix audio pkts:0, yuv video pkts:0, h264 video pkts:0
recorder_local[2084]: (2084) /var/lib/jenkins/workspace/agora-release-linux-2/ServerSDK-Video/src/rec_engine/RecordingEngineImpl.cpp:502: [Wrapper] channel id: police_4_3 packet stats, total: 0, callback_->AudioFrameReceived: pcmPackets: 0, pcmTotalPackets: 0, aacPackets: 0, yuvF2Packets: 0, h264F2Packets: 0, errPackets: 0, otherPackets: 0
AgoraCoreService[2085]: (2085) /var/lib/jenkins/workspace/agora-release-linux-2/ServerSDK-Video/src/video_recorder/event_handler.cpp:1341: level 1: INFO    (15:44: 6:904 |    0)   2102; Audio statistics - play count: playout count = 600  signal level: far_in = 0
AgoraCoreService[2085]: (2085) /var/lib/jenkins/workspace/agora-release-linux-2/ServerSDK-Video/src/video_recorder/event_handler.cpp:907: [ARS/15s]event cnts:0, audio pkts:0, mix audio pkts:0, yuv video pkts:0, h264 video pkts:0
AgoraCoreService[2085]: (2085) /var/lib/jenkins/workspace/agora-release-linux-2/ServerSDK-Video/src/video_recorder/event_handler.cpp:1341: level 1: INFO    (15:44: 7:952 |   48)   2085; [ARS/15s]event cnts:0, audio pkts:0, mix audio pkts:0, yuv video pkts:0, h264 video pkts:0
AgoraCoreService[2085]: (2085) /var/lib/jenkins/workspace/agora-release-linux-2/ServerSDK-Video/src/video_recorder/event_handler.cpp:1341: level 1: INFO    (15:44:10:719 |    0)   2100; **CALL STATS: duraton 4m15s cpu app/total 2.6/6.9 battery 255 tx/rx: 1/1 kbps 55.378K/31.564K bytes
recorder_local[2084]: (2084) /var/lib/jenkins/workspace/agora-release-linux-2/ServerSDK-Video/src/rec_engine/RecordingEngineImpl.cpp:502: [Wrapper] channel id: police_4_3 packet stats, total: 0, callback_->AudioFrameReceived: pcmPackets: 0, pcmTotalPackets: 0, aacPackets: 0, yuvF2Packets: 0, h264F2Packets: 0, errPackets: 0, otherPackets: 0
recorder_local[2084]: (2084) /var/lib/jenkins/workspace/agora-release-linux-2/ServerSDK-Video/src/rec_engine/RecordingEngineImpl.cpp:502: [Wrapper] channel id: police_4_3 packet stats, total: 0, callback_->AudioFrameReceived: pcmPackets: 0, pcmTotalPackets: 0, aacPackets: 0, yuvF2Packets: 0, h264F2Packets: 0, errPackets: 0, otherPackets: 0
AgoraCoreService[2085]: (2085) /var/lib/jenkins/workspace/agora-release-linux-2/ServerSDK-Video/src/video_recorder/event_handler.cpp:907: [ARS/15s]event cnts:0, audio pkts:0, mix audio pkts:0, yuv video pkts:0, h264 video pkts:0
AgoraCoreService[2085]: (2085) /var/lib/jenkins/workspace/agora-release-linux-2/ServerSDK-Video/src/video_recorder/event_handler.cpp:1341: level 1: INFO    (15:44:22:966 |  247)   2085; [ARS/15s]event cnts:0, audio pkts:0, mix audio pkts:0, yuv video pkts:0, h264 video pkts:0
AgoraCoreService[2085]: (2085) /var/lib/jenkins/workspace/agora-release-linux-2/ServerSDK-Video/src/video_recorder/event_handler.cpp:1341: level 1: INFO    (15:44:24:904 |    0)   2102; Audio statistics - play count: playout count = 600  signal level: far_in = 0
AgoraCoreService[2085]: (2085) /var/lib/jenkins/workspace/agora-release-linux-2/ServerSDK-Video/src/base/event_loop.cpp:46: Failed to call poll: Interrupted system call
AgoraCoreService[2085]: (2085) /var/lib/jenkins/workspace/agora-release-linux-2/ServerSDK-Video/src/video_recorder/event_handler.cpp:858: Before cleanup cnt 0, errno 4 4, joined_ 1, term_sig 1, leave path code 2
recorder_local[2084]: (2084) /var/lib/jenkins/workspace/agora-release-linux-2/ServerSDK-Video/src/rec_engine/RecordingEngineImpl.cpp:542: API call to leave channel
AgoraCoreService[2085]: (2085) /var/lib/jenkins/workspace/agora-release-linux-2/ServerSDK-Video/src/video_recorder/event_handler.cpp:1341: level 2: WARN    (15:44:27:683 |    0)   2085; Before cleanup cnt 0, errno 4 4, joined_ 1, term_sig 1, leave path code 2
AgoraCoreService[2085]: (2085) /var/lib/jenkins/workspace/agora-release-linux-2/ServerSDK-Video/src/video_recorder/event_handler.cpp:582: Leaving channel and ready to cleanup
AgoraCoreService[2085]: (2085) /var/lib/jenkins/workspace/agora-release-linux-2/ServerSDK-Video/src/video_recorder/event_handler.cpp:1341: level 1: INFO    (15:44:27:683 |    0)   2085; Leaving channel and ready to cleanup
AgoraCoreService[2085]: (2085) /var/lib/jenkins/workspace/agora-release-linux-2/ServerSDK-Video/src/video_recorder/event_handler.cpp:1341: level 1: INFO    (15:44:27:683 |    0)   2085; API call to leave channel
AgoraCoreService[2085]: (2085) /var/lib/jenkins/workspace/agora-release-linux-2/ServerSDK-Video/src/video_recorder/event_handler.cpp:1341: level 1: INFO    (15:44:27:684 |    1)   2100; [cm] emit leave channel signal
AgoraCoreService[2085]: (2085) /var/lib/jenkins/workspace/agora-release-linux-2/ServerSDK-Video/src/video_recorder/event_handler.cpp:1341: level 1: INFO    (15:44:27:684 |    0)   2100; **CALL STATS: duration 4m34s, tx 59.445K bytes, rx 33.742K bytes, total 93.163K bytes
AgoraCoreService[2085]: (2085) /var/lib/jenkins/workspace/agora-release-linux-2/ServerSDK-Video/src/video_recorder/event_handler.cpp:1341: level 1: INFO    (15:44:27:684 |    0)   2100; stopLocalRender
AgoraCoreService[2085]: (2085) /var/lib/jenkins/workspace/agora-release-linux-2/ServerSDK-Video/src/video_recorder/event_handler.cpp:1341: level 1: INFO    (15:44:27:684 |    0)   2100; stopLocalRender success
AgoraCoreService[2085]: (2085) /var/lib/jenkins/workspace/agora-release-linux-2/ServerSDK-Video/src/video_recorder/event_handler.cpp:1341: level 1: INFO    (15:44:27:684 |    0)   2100; AgoraVideoInput::Stop
AgoraCoreService[2085]: (2085) /var/lib/jenkins/workspace/agora-release-linux-2/ServerSDK-Video/src/video_recorder/event_handler.cpp:1341: level 1: INFO    (15:44:27:684 |    0)   2109; Thread with name:WebRtc_event_timer_thread stopped
AgoraCoreService[2085]: (2085) /var/lib/jenkins/workspace/agora-release-linux-2/ServerSDK-Video/src/video_recorder/event_handler.cpp:1341: level 1: INFO    (15:44:27:684 |    0)   2100; AgoraVideoInput::Destroy
AgoraCoreService[2085]: (2085) /var/lib/jenkins/workspace/agora-release-linux-2/ServerSDK-Video/src/video_recorder/event_handler.cpp:1341: level 1: INFO    (15:44:27:685 |    1)   2108; Thread with name:ExternalCaptureThread stopped
AgoraCoreService[2085]: (2085) /var/lib/jenkins/workspace/agora-release-linux-2/ServerSDK-Video/src/video_recorder/event_handler.cpp:1341: level 1: INFO    (15:44:27:774 |   89)   2107; Thread with name:AgoraInputThread stopped
AgoraCoreService[2085]: (2085) /var/lib/jenkins/workspace/agora-release-linux-2/ServerSDK-Video/src/video_recorder/event_handler.cpp:1341: level 1: INFO    (15:44:27:776 |    2)   2100; stopCapture: stopCapture success
AgoraCoreService[2085]: (2085) /var/lib/jenkins/workspace/agora-release-linux-2/ServerSDK-Video/src/video_recorder/event_handler.cpp:1341: level 1: INFO    (15:44:27:776 |    0)   2100; stopRemoteRender
AgoraCoreService[2085]: (2085) /var/lib/jenkins/workspace/agora-release-linux-2/ServerSDK-Video/src/video_recorder/event_handler.cpp:1341: level 1: INFO    (15:44:27:776 |    0)   2100; [che] stopCall begins
AgoraCoreService[2085]: (2085) /var/lib/jenkins/workspace/agora-release-linux-2/ServerSDK-Video/src/video_recorder/event_handler.cpp:1341: level 1: INFO    (15:44:27:776 |    0)   2100; StopRecording complete
AgoraCoreService[2085]: (2085) /var/lib/jenkins/workspace/agora-release-linux-2/ServerSDK-Video/src/video_recorder/event_handler.cpp:1341: level 1: INFO    (15:44:27:776 |    0)   2100; StopPlayout complete
AgoraCoreService[2085]: (2085) /var/lib/jenkins/workspace/agora-release-linux-2/ServerSDK-Video/src/video_recorder/event_handler.cpp:1341: level 1: INFO    (15:44:27:776 |    0)   2100; [che] stop call returns 0, elapsed 1
AgoraCoreService[2085]: (2085) /var/lib/jenkins/workspace/agora-release-linux-2/ServerSDK-Video/src/video_recorder/event_handler.cpp:1341: level 1: INFO    (15:44:27:776 |    0)   2100; [rs] **report stats: seq: 98, report list size 25, tx/rx: 22913/4608, cache size: 0, report success rate: 100
AgoraCoreService[2085]: (2085) /var/lib/jenkins/workspace/agora-release-linux-2/ServerSDK-Video/src/video_recorder/event_handler.cpp:1341: level 1: INFO    (15:44:27:777 |    1)   2100; CacheManager: save cache to storage elapsed 0
AgoraCoreService[2085]: (2085) /var/lib/jenkins/workspace/agora-release-linux-2/ServerSDK-Video/src/video_recorder/event_handler.cpp:1341: level 1: INFO    (15:44:27:777 |    0)   2100; [ch0] vos destroyed
AgoraCoreService[2085]: (2085) /var/lib/jenkins/workspace/agora-release-linux-2/ServerSDK-Video/src/video_recorder/event_handler.cpp:1341: level 1: INFO    (15:44:27:777 |    0)   2100; delRef of media engine, ref=0
AgoraCoreService[2085]: (2085) /var/lib/jenkins/workspace/agora-release-linux-2/ServerSDK-Video/src/video_recorder/event_handler.cpp:1341: level 1: INFO    (15:44:27:777 |    0)   2100; [che] chat engine destroying
AgoraCoreService[2085]: (2085) /var/lib/jenkins/workspace/agora-release-linux-2/ServerSDK-Video/src/video_recorder/event_handler.cpp:1341: level 1: INFO    (15:44:27:777 |    0)   2100; stopLocalRender
AgoraCoreService[2085]: (2085) /var/lib/jenkins/workspace/agora-release-linux-2/ServerSDK-Video/src/video_recorder/event_handler.cpp:1341: level 1: INFO    (15:44:27:777 |    0)   2100; stopLocalRender success
AgoraCoreService[2085]: (2085) /var/lib/jenkins/workspace/agora-release-linux-2/ServerSDK-Video/src/video_recorder/event_handler.cpp:1341: level 2: WARN    (15:44:27:777 |    0)   2100; stopCapture: VideoEngine haven't startCapture
AgoraCoreService[2085]: (2085) /var/lib/jenkins/workspace/agora-release-linux-2/ServerSDK-Video/src/video_recorder/event_handler.cpp:1341: level 1: INFO    (15:44:27:777 |    0)   2100; stopRemoteRender
AgoraCoreService[2085]: (2085) /var/lib/jenkins/workspace/agora-release-linux-2/ServerSDK-Video/src/video_recorder/event_handler.cpp:1341: level 1: INFO    (15:44:27:777 |    0)   2100; [che] stopCall begins
AgoraCoreService[2085]: (2085) /var/lib/jenkins/workspace/agora-release-linux-2/ServerSDK-Video/src/video_recorder/event_handler.cpp:1341: level 1: INFO    (15:44:27:778 |    1)   2100; [che] stop call returns -1, elapsed 0
AgoraCoreService[2085]: (2085) /var/lib/jenkins/workspace/agora-release-linux-2/ServerSDK-Video/src/video_recorder/event_handler.cpp:1341: level 1: INFO    (15:44:27:778 |    0)   2100; stopLocalRender
AgoraCoreService[2085]: (2085) /var/lib/jenkins/workspace/agora-release-linux-2/ServerSDK-Video/src/video_recorder/event_handler.cpp:1341: level 1: INFO    (15:44:27:778 |    0)   2100; stopLocalRender success
AgoraCoreService[2085]: (2085) /var/lib/jenkins/workspace/agora-release-linux-2/ServerSDK-Video/src/video_recorder/event_handler.cpp:1341: level 1: INFO    (15:44:27:778 |    0)   2100; stopRemoteRender
AgoraCoreService[2085]: (2085) /var/lib/jenkins/workspace/agora-release-linux-2/ServerSDK-Video/src/video_recorder/event_handler.cpp:1341: level 2: WARN    (15:44:27:778 |    0)   2100; stopCapture: VideoEngine haven't startCapture
AgoraCoreService[2085]: (2085) /var/lib/jenkins/workspace/agora-release-linux-2/ServerSDK-Video/src/video_recorder/event_handler.cpp:1341: level 1: INFO    (15:44:27:778 |    0)   2106; Thread with name:VideoProcessThread stopped
AgoraCoreService[2085]: (2085) /var/lib/jenkins/workspace/agora-release-linux-2/ServerSDK-Video/src/video_recorder/event_handler.cpp:1341: level 2: WARN    (15:44:27:778 |    0)   2100; terminate: VideoEngine haven't init
AgoraCoreService[2085]: (2085) /var/lib/jenkins/workspace/agora-release-linux-2/ServerSDK-Video/src/video_recorder/event_handler.cpp:1341: level 1: INFO    (15:44:27:778 |    0)   2100; [DEBUGG] ViERenderManager Destructor, engine_id: 0
AgoraCoreService[2085]: (2085) /var/lib/jenkins/workspace/agora-release-linux-2/ServerSDK-Video/src/video_recorder/event_handler.cpp:1341: level 1: INFO    (15:44:27:781 |    3)   2105; Thread with name:VideoEncodeThread stopped
AgoraCoreService[2085]: (2085) /var/lib/jenkins/workspace/agora-release-linux-2/ServerSDK-Video/src/video_recorder/event_handler.cpp:1341: level 1: INFO    (15:44:27:789 |    8)   2100; VideoSendTrackImpl::UpdateCapturer capturer=(nil)
AgoraCoreService[2085]: (2085) /var/lib/jenkins/workspace/agora-release-linux-2/ServerSDK-Video/src/video_recorder/event_handler.cpp:1341: level 1: INFO    (15:44:27:789 |    0)   2100; VideoSendTrackImpl::UpdateRenderer, renderer=(nil)
AgoraCoreService[2085]: (2085) /var/lib/jenkins/workspace/agora-release-linux-2/ServerSDK-Video/src/video_recorder/event_handler.cpp:1341: level 1: INFO    (15:44:27:789 |    0)   2104; Thread with name:EngineMonitorThread stopped
AgoraCoreService[2085]: (2085) /var/lib/jenkins/workspace/agora-release-linux-2/ServerSDK-Video/src/video_recorder/event_handler.cpp:1341: level 1: INFO    (15:44:27:789 |    0)   2102; Thread with name:external_audio_module_thread stopped
AgoraCoreService[2085]: (2085) /var/lib/jenkins/workspace/agora-release-linux-2/ServerSDK-Video/src/video_recorder/event_handler.cpp:1341: level 1: INFO    (15:44:27:789 |    0)   2103; Thread with name:WebRtc_event_timer_thread stopped
AgoraCoreService[2085]: (2085) /var/lib/jenkins/workspace/agora-release-linux-2/ServerSDK-Video/src/video_recorder/event_handler.cpp:1341: level 1: INFO    (15:44:27:790 |    1)   2100; [che] chat engine destroyed
AgoraCoreService[2085]: (2085) /var/lib/jenkins/workspace/agora-release-linux-2/ServerSDK-Video/src/video_recorder/event_handler.cpp:1341: level 1: INFO    (15:44:27:790 |    0)   2100; ***CALL END
AgoraCoreService[2085]: (2085) /var/lib/jenkins/workspace/agora-release-linux-2/ServerSDK-Video/src/video_recorder/event_handler.cpp:1341: level 1: INFO    (15:44:27:790 |    0)   2100; onAudioStatusChanged enable audio
AgoraCoreService[2085]: (2085) /var/lib/jenkins/workspace/agora-release-linux-2/ServerSDK-Video/src/video_recorder/event_handler.cpp:1341: level 1: INFO    (15:44:27:790 |    0)   2100; [MIO] media io controller destroyed
AgoraCoreService[2085]: (2085) /var/lib/jenkins/workspace/agora-release-linux-2/ServerSDK-Video/src/video_recorder/event_handler.cpp:1341: level 1: INFO    (15:44:27:790 |    0)   2085; async task notify worker thread to exit and return
AgoraCoreService[2085]: (2085) /var/lib/jenkins/workspace/agora-release-linux-2/ServerSDK-Video/src/video_recorder/event_handler.cpp:561: event handler delete timer
recorder_local[2084]: (2084) /var/lib/jenkins/workspace/agora-release-linux-2/ServerSDK-Video/src/base/event_loop.cpp:228: Error fd:4, 16
recorder_local[2084]: (2084) /var/lib/jenkins/workspace/agora-release-linux-2/ServerSDK-Video/src/base/pipe_router.cpp:81: Broken reading pipe! event:16 with error3
recorder_local[2084]: (2084) /var/lib/jenkins/workspace/agora-release-linux-2/ServerSDK-Video/src/rec_engine/RecordingEngineImpl.cpp:542: API call to leave channel
recorder_local[2084]: (2084) /var/lib/jenkins/workspace/agora-release-linux-2/ServerSDK-Video/src/rec_engine/RecordingEngineImpl.cpp:64: Recorder 1eea790 is ready to be release
recorder_local[2084]: (2084) /var/lib/jenkins/workspace/agora-release-linux-2/ServerSDK-Video/src/rec_engine/RecordingEngineImpl.cpp:87: Recording wrapper delete timer
