recorder_local[22107]: (22107) /var/lib/jenkins/workspace/agora-release-linux-2/ServerSDK-Video/src/rec_engine/RecordingEngineImpl.cpp:831: ERROR:failed to open config file
recorder_local[22107]: (22107) /var/lib/jenkins/workspace/agora-release-linux-2/ServerSDK-Video/src/rec_engine/RecordingEngineImpl.cpp:831: ERROR:failed to open config file
recorder_local[22107]: (22107) /var/lib/jenkins/workspace/agora-release-linux-2/ServerSDK-Video/src/rec_engine/RecordingEngineImpl.cpp:430: [Wrapper version] 5d0b257a42f9514a024cc62c69161d55aa150021
recorder_local[22107]: (22107) /var/lib/jenkins/workspace/agora-release-linux-2/ServerSDK-Video/src/rec_engine/RecordingEngineImpl.cpp:431: =======params ======
recorder_local[22107]: (22107) /var/lib/jenkins/workspace/agora-release-linux-2/ServerSDK-Video/src/rec_engine/RecordingEngineImpl.cpp:433: /var/www/RecordingSDK/bin/AgoraCoreService
recorder_local[22107]: (22107) /var/lib/jenkins/workspace/agora-release-linux-2/ServerSDK-Video/src/rec_engine/RecordingEngineImpl.cpp:433: --app_id
recorder_local[22107]: (22107) /var/lib/jenkins/workspace/agora-release-linux-2/ServerSDK-Video/src/rec_engine/RecordingEngineImpl.cpp:433: c7adb7f97a594d9fac501654c7bf281c
recorder_local[22107]: (22107) /var/lib/jenkins/workspace/agora-release-linux-2/ServerSDK-Video/src/rec_engine/RecordingEngineImpl.cpp:433: --channel_key
recorder_local[22107]: (22107) /var/lib/jenkins/workspace/agora-release-linux-2/ServerSDK-Video/src/rec_engine/RecordingEngineImpl.cpp:433: c7adb7f97a594d9fac501654c7bf281c
recorder_local[22107]: (22107) /var/lib/jenkins/workspace/agora-release-linux-2/ServerSDK-Video/src/rec_engine/RecordingEngineImpl.cpp:433: --channel_id
recorder_local[22107]: (22107) /var/lib/jenkins/workspace/agora-release-linux-2/ServerSDK-Video/src/rec_engine/RecordingEngineImpl.cpp:433: police_4_1
recorder_local[22107]: (22107) /var/lib/jenkins/workspace/agora-release-linux-2/ServerSDK-Video/src/rec_engine/RecordingEngineImpl.cpp:433: --idle
recorder_local[22107]: (22107) /var/lib/jenkins/workspace/agora-release-linux-2/ServerSDK-Video/src/rec_engine/RecordingEngineImpl.cpp:433: 300
recorder_local[22107]: (22107) /var/lib/jenkins/workspace/agora-release-linux-2/ServerSDK-Video/src/rec_engine/RecordingEngineImpl.cpp:433: --decode_audio
recorder_local[22107]: (22107) /var/lib/jenkins/workspace/agora-release-linux-2/ServerSDK-Video/src/rec_engine/RecordingEngineImpl.cpp:433: 0
recorder_local[22107]: (22107) /var/lib/jenkins/workspace/agora-release-linux-2/ServerSDK-Video/src/rec_engine/RecordingEngineImpl.cpp:433: --decode_video
recorder_local[22107]: (22107) /var/lib/jenkins/workspace/agora-release-linux-2/ServerSDK-Video/src/rec_engine/RecordingEngineImpl.cpp:433: 0
recorder_local[22107]: (22107) /var/lib/jenkins/workspace/agora-release-linux-2/ServerSDK-Video/src/rec_engine/RecordingEngineImpl.cpp:433: --capture_interval
recorder_local[22107]: (22107) /var/lib/jenkins/workspace/agora-release-linux-2/ServerSDK-Video/src/rec_engine/RecordingEngineImpl.cpp:433: 5
recorder_local[22107]: (22107) /var/lib/jenkins/workspace/agora-release-linux-2/ServerSDK-Video/src/rec_engine/RecordingEngineImpl.cpp:433: --syslog_fclt
recorder_local[22107]: (22107) /var/lib/jenkins/workspace/agora-release-linux-2/ServerSDK-Video/src/rec_engine/RecordingEngineImpl.cpp:433: 8
recorder_local[22107]: (22107) /var/lib/jenkins/workspace/agora-release-linux-2/ServerSDK-Video/src/rec_engine/RecordingEngineImpl.cpp:433: --streamType
recorder_local[22107]: (22107) /var/lib/jenkins/workspace/agora-release-linux-2/ServerSDK-Video/src/rec_engine/RecordingEngineImpl.cpp:433: 0
recorder_local[22107]: (22107) /var/lib/jenkins/workspace/agora-release-linux-2/ServerSDK-Video/src/rec_engine/RecordingEngineImpl.cpp:433: --serviceMode
recorder_local[22107]: (22107) /var/lib/jenkins/workspace/agora-release-linux-2/ServerSDK-Video/src/rec_engine/RecordingEngineImpl.cpp:433: 0
recorder_local[22107]: (22107) /var/lib/jenkins/workspace/agora-release-linux-2/ServerSDK-Video/src/rec_engine/RecordingEngineImpl.cpp:433: --recording_file_dir
recorder_local[22107]: (22107) /var/lib/jenkins/workspace/agora-release-linux-2/ServerSDK-Video/src/rec_engine/RecordingEngineImpl.cpp:433: /var/www/panic2.greenvoo.us/html/public/Records/20180330/police_4_1_120045/
recorder_local[22107]: (22107) /var/lib/jenkins/workspace/agora-release-linux-2/ServerSDK-Video/src/rec_engine/RecordingEngineImpl.cpp:433: --lang
recorder_local[22107]: (22107) /var/lib/jenkins/workspace/agora-release-linux-2/ServerSDK-Video/src/rec_engine/RecordingEngineImpl.cpp:433: 0
recorder_local[22107]: (22107) /var/lib/jenkins/workspace/agora-release-linux-2/ServerSDK-Video/src/base/pipe_router.cpp:153: The ARS created. Reading pipe: 4, writing pipe: 7, pid: 22108
AgoraCoreService[22108]: (22108) /var/lib/jenkins/workspace/agora-release-linux-2/ServerSDK-Video/src/video_recorder/main.cpp:162: video recording wrapper:8, idle:300 write:5, read:6, live:0,channelid:police_4_1 
AgoraCoreService[22108]: (22108) /var/lib/jenkins/workspace/agora-release-linux-2/ServerSDK-Video/src/video_recorder/main.cpp:183: [ARS version] 5d0b257a42f9514a024cc62c69161d55aa150021
AgoraCoreService[22108]: (22108) /var/lib/jenkins/workspace/agora-release-linux-2/ServerSDK-Video/src/video_recorder/main.cpp:185: uid 0 from vendor c7adb7f97a594d9fac501654c7bf281c is joining channel police_4_1
AgoraCoreService[22108]: (22108) /var/lib/jenkins/workspace/agora-release-linux-2/ServerSDK-Video/src/video_recorder/event_handler.cpp:627: SDK version: 75f0227; chat engine: 03c8e5d966234ba3a0eaedf8a9fe5ef1e7e554a4
AgoraCoreService[22108]: (22108) /var/lib/jenkins/workspace/agora-release-linux-2/ServerSDK-Video/src/video_recorder/event_handler.cpp:634: decode_video:0,decode_audio:0
AgoraCoreService[22108]: (22108) /var/lib/jenkins/workspace/agora-release-linux-2/ServerSDK-Video/src/video_recorder/event_handler.cpp:667: Using random lowUdpPort & highUdpPort
AgoraCoreService[22108]: (22108) /var/lib/jenkins/workspace/agora-release-linux-2/ServerSDK-Video/src/video_recorder/event_handler.cpp:1341: level 1: INFO    (12: 0:45:491 |    1)  22108; Using random lowUdpPort & highUdpPort
AgoraCoreService[22108]: (22108) /var/lib/jenkins/workspace/agora-release-linux-2/ServerSDK-Video/src/video_recorder/event_handler.cpp:1341: level 1: INFO    (12: 0:45:491 |    0)  22108; API call to setChannelProfile 0
AgoraCoreService[22108]: (22108) /var/lib/jenkins/workspace/agora-release-linux-2/ServerSDK-Video/src/video_recorder/event_handler.cpp:1786: init stream, trigger mode: 0 service mode: 0
AgoraCoreService[22108]: (22108) /var/lib/jenkins/workspace/agora-release-linux-2/ServerSDK-Video/src/video_recorder/event_handler.cpp:1341: level 1: INFO    (12: 0:45:491 |    0)  22108; API call to setVideoProfileEx 640x360 15 fps 500 kbps
AgoraCoreService[22108]: (22108) /var/lib/jenkins/workspace/agora-release-linux-2/ServerSDK-Video/src/video_recorder/event_handler.cpp:1341: level 1: INFO    (12: 0:45:491 |    0)  22108; API call to enable video
AgoraCoreService[22108]: (22108) /var/lib/jenkins/workspace/agora-release-linux-2/ServerSDK-Video/src/video_recorder/event_handler.cpp:1341: level 1: INFO    (12: 0:45:491 |    0)  22108; API call to join channel 'police_4_1' uid 0, SDK ver 2.1.0 build 220, device info 'Linux version 3.13.0-143-generic (buildd@lcy01-amd64-010) (gcc version 4.8.4 (Ubuntu 4.8.4-2ubuntu1~14.04.4) ) #192-Ubuntu SMP Tue F
AgoraCoreService[22108]: (22108) /var/lib/jenkins/workspace/agora-release-linux-2/ServerSDK-Video/src/video_recorder/event_handler.cpp:1341: level 1: INFO    (12: 0:45:491 |    0)  22123; Agora Service Worker Thread started: 0x2f6af98
AgoraCoreService[22108]: (22108) /var/lib/jenkins/workspace/agora-release-linux-2/ServerSDK-Video/src/video_recorder/event_handler.cpp:1341: level 1: INFO    (12: 0:45:491 |    0)  22123; network: 'NETWORK_UNKOWN' -> 'LAN' ipv4/v6 '139.59.134.76'/'' gw ''/'' subtype 0 level -1658594592 ssid '' bssid '' rssi 32546 asu 56
AgoraCoreService[22108]: (22108) /var/lib/jenkins/workspace/agora-release-linux-2/ServerSDK-Video/src/video_recorder/event_handler.cpp:1341: level 1: INFO    (12: 0:45:492 |    1)  22123; [MIO] mediaIO controller created
AgoraCoreService[22108]: (22108) /var/lib/jenkins/workspace/agora-release-linux-2/ServerSDK-Video/src/video_recorder/event_handler.cpp:1341: level 1: INFO    (12: 0:45:492 |    0)  22123; found 'NULL' device: 'Linux version 3.13.0-143-generic (buildd@lcy01-amd64-010) (gcc version 4.8.4 (Ubuntu 4.8.4-2ubuntu1~14.04.4) ) #192-Ubuntu SMP Tue Feb 27 10:45:36 UTC 2018
'
AgoraCoreService[22108]: (22108) /var/lib/jenkins/workspace/agora-release-linux-2/ServerSDK-Video/src/video_recorder/event_handler.cpp:1341: level 1: INFO    (12: 0:45:492 |    0)  22123; [rp] {"rtc.channel_profile":0}
AgoraCoreService[22108]: (22108) /var/lib/jenkins/workspace/agora-release-linux-2/ServerSDK-Video/src/video_recorder/event_handler.cpp:1341: level 1: INFO    (12: 0:45:492 |    0)  22123; [rp] {"che.audio.external_device":true}
AgoraCoreService[22108]: (22108) /var/lib/jenkins/workspace/agora-release-linux-2/ServerSDK-Video/src/video_recorder/event_handler.cpp:1341: level 1: INFO    (12: 0:45:492 |    0)  22123; [rp] {"che.audio.audioSampleRate":48000}
AgoraCoreService[22108]: (22108) /var/lib/jenkins/workspace/agora-release-linux-2/ServerSDK-Video/src/video_recorder/event_handler.cpp:1341: level 1: INFO    (12: 0:45:492 |    0)  22123; [rp] {"che.video.keep_prerotation":false}
AgoraCoreService[22108]: (22108) /var/lib/jenkins/workspace/agora-release-linux-2/ServerSDK-Video/src/video_recorder/event_handler.cpp:1341: level 1: INFO    (12: 0:45:492 |    0)  22123; [rp] {"rtc.client_type":3}
AgoraCoreService[22108]: (22108) /var/lib/jenkins/workspace/agora-release-linux-2/ServerSDK-Video/src/video_recorder/event_handler.cpp:1341: level 1: INFO    (12: 0:45:492 |    0)  22123; [rp] {"che.audienceMode":true}
AgoraCoreService[22108]: (22108) /var/lib/jenkins/workspace/agora-release-linux-2/ServerSDK-Video/src/video_recorder/event_handler.cpp:1341: level 1: INFO    (12: 0:45:493 |    1)  22123; [rp] {"che.video.recording":true}
AgoraCoreService[22108]: (22108) /var/lib/jenkins/workspace/agora-release-linux-2/ServerSDK-Video/src/video_recorder/event_handler.cpp:1341: level 1: INFO    (12: 0:45:493 |    0)  22123; [rp] {"che.audio.set_capture_raw_audio_format":{"sampleRate":48000,"channelCnt":1,"mode":1,"samplesPerCall":480}}
AgoraCoreService[22108]: (22108) /var/lib/jenkins/workspace/agora-release-linux-2/ServerSDK-Video/src/video_recorder/event_handler.cpp:1341: level 1: INFO    (12: 0:45:493 |    0)  22123; [rp] {"che.audio.set_render_raw_audio_format":{"sampleRate":48000,"channelCnt":1,"mode":0,"samplesPerCall":480}}
AgoraCoreService[22108]: (22108) /var/lib/jenkins/workspace/agora-release-linux-2/ServerSDK-Video/src/video_recorder/event_handler.cpp:1341: level 1: INFO    (12: 0:45:493 |    0)  22123; [rp] {"rtc.log_file":"/var/www/panic2.greenvoo.us/html/public/Records/20180330/police_4_1_120045/recording_0.log"}
AgoraCoreService[22108]: (22108) /var/lib/jenkins/workspace/agora-release-linux-2/ServerSDK-Video/src/video_recorder/event_handler.cpp:1341: level 1: INFO    (12: 0:45:493 |    0)  22123; [rp] {"rtc.video.mute_me":true,"che.video.local.send":false}
AgoraCoreService[22108]: (22108) /var/lib/jenkins/workspace/agora-release-linux-2/ServerSDK-Video/src/video_recorder/event_handler.cpp:1341: level 1: INFO    (12: 0:45:493 |    0)  22123; [rp] {"rtc.audio.mute_me":true,"che.audio.mute_me":true}
AgoraCoreService[22108]: (22108) /var/lib/jenkins/workspace/agora-release-linux-2/ServerSDK-Video/src/video_recorder/event_handler.cpp:1341: level 1: INFO    (12: 0:45:493 |    0)  22123; [rp] {"rtc.video.set_remote_default_video_stream_type":0}
AgoraCoreService[22108]: (22108) /var/lib/jenkins/workspace/agora-release-linux-2/ServerSDK-Video/src/video_recorder/event_handler.cpp:1341: level 1: INFO    (12: 0:45:493 |    0)  22123; API call to SetRemoteDefaultVideoStreamType: 0
AgoraCoreService[22108]: (22108) /var/lib/jenkins/workspace/agora-release-linux-2/ServerSDK-Video/src/video_recorder/event_handler.cpp:1341: level 1: INFO    (12: 0:45:494 |    1)  22123; [rp] {"che.video.local.camera_index":1024}
AgoraCoreService[22108]: (22108) /var/lib/jenkins/workspace/agora-release-linux-2/ServerSDK-Video/src/video_recorder/event_handler.cpp:1341: level 1: INFO    (12: 0:45:494 |    0)  22123; [rp] {"rtc.video.enabled":true}
AgoraCoreService[22108]: (22108) /var/lib/jenkins/workspace/agora-release-linux-2/ServerSDK-Video/src/video_recorder/event_handler.cpp:1341: level 1: INFO    (12: 0:45:494 |    0)  22123; API call to enable video
AgoraCoreService[22108]: (22108) /var/lib/jenkins/workspace/agora-release-linux-2/ServerSDK-Video/src/video_recorder/event_handler.cpp:1341: level 1: INFO    (12: 0:45:494 |    0)  22123; ***CALL BEGIN: appid:'c7****************************1c' cname:'police_4_1' info:'' sid:'828FE82E419148EEBC16E953C911FBD8'
AgoraCoreService[22108]: (22108) /var/lib/jenkins/workspace/agora-release-linux-2/ServerSDK-Video/src/video_recorder/event_handler.cpp:1341: level 1: INFO    (12: 0:45:494 |    0)  22123; addRef of media engine, ref=1
AgoraCoreService[22108]: (22108) /var/lib/jenkins/workspace/agora-release-linux-2/ServerSDK-Video/src/video_recorder/event_handler.cpp:1341: level 1: INFO    (12: 0:45:494 |    0)  22123; [che] create chat engine, ctx:(nil)
AgoraCoreService[22108]: (22108) /var/lib/jenkins/workspace/agora-release-linux-2/ServerSDK-Video/src/video_recorder/event_handler.cpp:1341: level 1: INFO    (12: 0:45:494 |    0)  22123; [MYDEBUG] large group call false
AgoraCoreService[22108]: (22108) /var/lib/jenkins/workspace/agora-release-linux-2/ServerSDK-Video/src/video_recorder/event_handler.cpp:1341: level 1: INFO    (12: 0:45:494 |    0)  22123; ChatEngineParameterHelper::applyMediaEngineMode: 
AgoraCoreService[22108]: (22108) /var/lib/jenkins/workspace/agora-release-linux-2/ServerSDK-Video/src/video_recorder/event_handler.cpp:1341: level 1: INFO    (12: 0:45:494 |    0)  22123; applyMediaEngineMode(): Hardware encoding false Hardware decoding false
AgoraCoreService[22108]: (22108) /var/lib/jenkins/workspace/agora-release-linux-2/ServerSDK-Video/src/video_recorder/event_handler.cpp:1341: level 1: INFO    (12: 0:45:496 |    2)  22125; Thread with name:external_audio_module_thread started 
AgoraCoreService[22108]: (22108) /var/lib/jenkins/workspace/agora-release-linux-2/ServerSDK-Video/src/video_recorder/event_handler.cpp:1341: level 1: INFO    (12: 0:45:496 |    0)  22126; Thread with name:WebRtc_event_timer_thread started 
AgoraCoreService[22108]: (22108) /var/lib/jenkins/workspace/agora-release-linux-2/ServerSDK-Video/src/video_recorder/event_handler.cpp:1341: level 1: INFO    (12: 0:45:496 |    0)  22123; StereoPlayoutIsAvailable(), output: available=0
AgoraCoreService[22108]: (22108) /var/lib/jenkins/workspace/agora-release-linux-2/ServerSDK-Video/src/video_recorder/event_handler.cpp:1341: level 1: INFO    (12: 0:45:496 |    0)  22123; StereoRecordingIsAvailable(), output: available=0
AgoraCoreService[22108]: (22108) /var/lib/jenkins/workspace/agora-release-linux-2/ServerSDK-Video/src/video_recorder/event_handler.cpp:1341: level 1: INFO    (12: 0:45:496 |    0)  22127; Thread with name:EngineMonitorThread started 
AgoraCoreService[22108]: (22108) /var/lib/jenkins/workspace/agora-release-linux-2/ServerSDK-Video/src/video_recorder/event_handler.cpp:1341: level 1: INFO    (12: 0:45:497 |    1)  22123; setMuteStatus, muted: On
AgoraCoreService[22108]: (22108) /var/lib/jenkins/workspace/agora-release-linux-2/ServerSDK-Video/src/video_recorder/event_handler.cpp:1341: level 1: INFO    (12: 0:45:497 |    0)  22123; setMuteOutput, muted: false
AgoraCoreService[22108]: (22108) /var/lib/jenkins/workspace/agora-release-linux-2/ServerSDK-Video/src/video_recorder/event_handler.cpp:1341: level 2: WARN    (12: 0:45:497 |    0)  22123; setMicSensitivity failed, legal values are between [0, 10]
AgoraCoreService[22108]: (22108) /var/lib/jenkins/workspace/agora-release-linux-2/ServerSDK-Video/src/video_recorder/event_handler.cpp:1341: level 1: INFO    (12: 0:45:497 |    0)  22123; Audio Engine Init success
AgoraCoreService[22108]: (22108) /var/lib/jenkins/workspace/agora-release-linux-2/ServerSDK-Video/src/video_recorder/event_handler.cpp:1341: level 1: INFO    (12: 0:45:497 |    0)  22123; Available number of cores:1
AgoraCoreService[22108]: (22108) /var/lib/jenkins/workspace/agora-release-linux-2/ServerSDK-Video/src/video_recorder/event_handler.cpp:1341: level 1: INFO    (12: 0:45:498 |    1)  22123; CreateVideoSendTrack
AgoraCoreService[22108]: (22108) /var/lib/jenkins/workspace/agora-release-linux-2/ServerSDK-Video/src/video_recorder/event_handler.cpp:1341: level 1: INFO    (12: 0:45:498 |    0)  22123; init: feature prerotation disabled
AgoraCoreService[22108]: (22108) /var/lib/jenkins/workspace/agora-release-linux-2/ServerSDK-Video/src/video_recorder/event_handler.cpp:1341: level 1: INFO    (12: 0:45:498 |    0)  22123; Agora Engine video codec set to custom mode role mode 0
AgoraCoreService[22108]: (22108) /var/lib/jenkins/workspace/agora-release-linux-2/ServerSDK-Video/src/video_recorder/event_handler.cpp:1341: level 1: INFO    (12: 0:45:498 |    0)  22123; Agora Engine video codec index 1
AgoraCoreService[22108]: (22108) /var/lib/jenkins/workspace/agora-release-linux-2/ServerSDK-Video/src/video_recorder/event_handler.cpp:1341: level 1: INFO    (12: 0:45:498 |    0)  22123; Agora Engine video stream type = 0
AgoraCoreService[22108]: (22108) /var/lib/jenkins/workspace/agora-release-linux-2/ServerSDK-Video/src/video_recorder/event_handler.cpp:1341: level 1: INFO    (12: 0:45:498 |    0)  22128; Thread with name:VideoEncodeThread started 
AgoraCoreService[22108]: (22108) /var/lib/jenkins/workspace/agora-release-linux-2/ServerSDK-Video/src/video_recorder/event_handler.cpp:1341: level 1: INFO    (12: 0:45:499 |    1)  22123; EncoderWrapper::Create hardware_ = 0, hardware_low_ = 0
AgoraCoreService[22108]: (22108) /var/lib/jenkins/workspace/agora-release-linux-2/ServerSDK-Video/src/video_recorder/event_handler.cpp:1341: level 1: INFO    (12: 0:45:499 |    0)  22129; Thread with name:VideoProcessThread started 
AgoraCoreService[22108]: (22108) /var/lib/jenkins/workspace/agora-release-linux-2/ServerSDK-Video/src/video_recorder/event_handler.cpp:1341: level 1: INFO    (12: 0:45:499 |    0)  22123; setCodec: index=1 width=640 height=360 framerate=15
AgoraCoreService[22108]: (22108) /var/lib/jenkins/workspace/agora-release-linux-2/ServerSDK-Video/src/video_recorder/event_handler.cpp:1341: level 1: INFO    (12: 0:45:499 |    0)  22123; h264WebInteropEnable: enable 0
AgoraCoreService[22108]: (22108) /var/lib/jenkins/workspace/agora-release-linux-2/ServerSDK-Video/src/video_recorder/event_handler.cpp:1341: level 1: INFO    (12: 0:45:499 |    0)  22123; setCaptureDevice: index=1024
AgoraCoreService[22108]: (22108) /var/lib/jenkins/workspace/agora-release-linux-2/ServerSDK-Video/src/video_recorder/event_handler.cpp:1341: level 1: INFO    (12: 0:45:499 |    0)  22123; setMaxVideoBitrate: max bitrate=0
AgoraCoreService[22108]: (22108) /var/lib/jenkins/workspace/agora-release-linux-2/ServerSDK-Video/src/video_recorder/event_handler.cpp:1341: level 1: INFO    (12: 0:45:499 |    0)  22123; more fec enable 0 curr fec method 0
AgoraCoreService[22108]: (22108) /var/lib/jenkins/workspace/agora-release-linux-2/ServerSDK-Video/src/video_recorder/event_handler.cpp:1341: level 1: INFO    (12: 0:45:499 |    0)  22123; video fec method 0
AgoraCoreService[22108]: (22108) /var/lib/jenkins/workspace/agora-release-linux-2/ServerSDK-Video/src/video_recorder/event_handler.cpp:1341: level 4: ERROR   (12: 0:45:499 |    0)  22123; videoEngine created and initialize here
AgoraCoreService[22108]: (22108) /var/lib/jenkins/workspace/agora-release-linux-2/ServerSDK-Video/src/video_recorder/event_handler.cpp:1341: level 1: INFO    (12: 0:45:499 |    0)  22123; CreateVideoSendTrack
AgoraCoreService[22108]: (22108) /var/lib/jenkins/workspace/agora-release-linux-2/ServerSDK-Video/src/video_recorder/event_handler.cpp:1341: level 1: INFO    (12: 0:45:499 |    0)  22123; [MIO] updateCapturer: ((nil)), type:(1)
AgoraCoreService[22108]: (22108) /var/lib/jenkins/workspace/agora-release-linux-2/ServerSDK-Video/src/video_recorder/event_handler.cpp:1341: level 1: INFO    (12: 0:45:500 |    1)  22123; CreateAgoraDefaultCapture: type=0
AgoraCoreService[22108]: (22108) /var/lib/jenkins/workspace/agora-release-linux-2/ServerSDK-Video/src/video_recorder/event_handler.cpp:1341: level 1: INFO    (12: 0:45:500 |    0)  22123; CreateVideoCapturer: interface=0x7f228c172af0
AgoraCoreService[22108]: (22108) /var/lib/jenkins/workspace/agora-release-linux-2/ServerSDK-Video/src/video_recorder/event_handler.cpp:1341: level 1: INFO    (12: 0:45:500 |    0)  22123; VideoSendTrackImpl::UpdateCapturer capturer=0x7f228c1d4c10
AgoraCoreService[22108]: (22108) /var/lib/jenkins/workspace/agora-release-linux-2/ServerSDK-Video/src/video_recorder/event_handler.cpp:1341: level 1: INFO    (12: 0:45:500 |    0)  22123; [MIO] updateLocalRender: ((nil)), type:(1)
AgoraCoreService[22108]: (22108) /var/lib/jenkins/workspace/agora-release-linux-2/ServerSDK-Video/src/video_recorder/event_handler.cpp:1341: level 1: INFO    (12: 0:45:500 |    0)  22123; CreateAgoraDefaultRender
AgoraCoreService[22108]: (22108) /var/lib/jenkins/workspace/agora-release-linux-2/ServerSDK-Video/src/video_recorder/event_handler.cpp:1341: level 1: INFO    (12: 0:45:500 |    0)  22123; CreateVideoRenderer: interface=0x7f228c1d5090
AgoraCoreService[22108]: (22108) /var/lib/jenkins/workspace/agora-release-linux-2/ServerSDK-Video/src/video_recorder/event_handler.cpp:1341: level 1: INFO    (12: 0:45:500 |    0)  22123; VideoSendTrackImpl::UpdateRenderer, renderer=0x7f228c1d50d0
AgoraCoreService[22108]: (22108) /var/lib/jenkins/workspace/agora-release-linux-2/ServerSDK-Video/src/video_recorder/event_handler.cpp:1341: level 1: INFO    (12: 0:45:500 |    0)  22123; [MIO] video send track prepared !!
AgoraCoreService[22108]: (22108) /var/lib/jenkins/workspace/agora-release-linux-2/ServerSDK-Video/src/video_recorder/event_handler.cpp:1341: level 1: INFO    (12: 0:45:500 |    0)  22123; [che] applyVideoProfile: 640x360 15 fps 500 kbps
AgoraCoreService[22108]: (22108) /var/lib/jenkins/workspace/agora-release-linux-2/ServerSDK-Video/src/video_recorder/event_handler.cpp:1341: level 1: INFO    (12: 0:45:500 |    0)  22123; validateVideoParameters: validate video parameters resolution 640x360, fps 15, rate 500000
AgoraCoreService[22108]: (22108) /var/lib/jenkins/workspace/agora-release-linux-2/ServerSDK-Video/src/video_recorder/event_handler.cpp:1341: level 1: INFO    (12: 0:45:500 |    0)  22123; setMaxVideoBitrate: max bitrate=500000
AgoraCoreService[22108]: (22108) /var/lib/jenkins/workspace/agora-release-linux-2/ServerSDK-Video/src/video_recorder/event_handler.cpp:1341: level 1: INFO    (12: 0:45:500 |    0)  22123; setCodecRates: set frame rate to 15
AgoraCoreService[22108]: (22108) /var/lib/jenkins/workspace/agora-release-linux-2/ServerSDK-Video/src/video_recorder/event_handler.cpp:1341: level 1: INFO    (12: 0:45:500 |    0)  22123; setCodec: index=1 width=640 height=360 framerate=15
AgoraCoreService[22108]: (22108) /var/lib/jenkins/workspace/agora-release-linux-2/ServerSDK-Video/src/video_recorder/event_handler.cpp:1341: level 1: INFO    (12: 0:45:500 |    0)  22123; setCodecResolution: set to 640 x 360
AgoraCoreService[22108]: (22108) /var/lib/jenkins/workspace/agora-release-linux-2/ServerSDK-Video/src/video_recorder/event_handler.cpp:1341: level 1: INFO    (12: 0:45:500 |    0)  22123; [che] chat engine initialized
AgoraCoreService[22108]: (22108) /var/lib/jenkins/workspace/agora-release-linux-2/ServerSDK-Video/src/video_recorder/event_handler.cpp:1341: level 1: INFO    (12: 0:45:501 |    1)  22123; [vocs] vocs initialized
AgoraCoreService[22108]: (22108) /var/lib/jenkins/workspace/agora-release-linux-2/ServerSDK-Video/src/video_recorder/event_handler.cpp:1341: level 1: INFO    (12: 0:45:501 |    0)  22123; [rs] report server ip: 221.6.115.123:8000
AgoraCoreService[22108]: (22108) /var/lib/jenkins/workspace/agora-release-linux-2/ServerSDK-Video/src/video_recorder/event_handler.cpp:1341: level 1: INFO    (12: 0:45:501 |    0)  22123; [rlbs] selected: 221.228.78.123:9700
AgoraCoreService[22108]: (22108) /var/lib/jenkins/workspace/agora-release-linux-2/ServerSDK-Video/src/video_recorder/event_handler.cpp:1341: level 1: INFO    (12: 0:45:502 |    1)  22123; [rlbs] request rs list from 221.228.78.123:9700.......
AgoraCoreService[22108]: (22108) /var/lib/jenkins/workspace/agora-release-linux-2/ServerSDK-Video/src/video_recorder/event_handler.cpp:1341: level 1: INFO    (12: 0:45:502 |    0)  22123; CacheManager: save cache to storage elapsed 0
AgoraCoreService[22108]: (22108) /var/lib/jenkins/workspace/agora-release-linux-2/ServerSDK-Video/src/video_recorder/event_handler.cpp:1341: level 1: INFO    (12: 0:45:502 |    0)  22123; [cm] emit join channel signal, size=2
AgoraCoreService[22108]: (22108) /var/lib/jenkins/workspace/agora-release-linux-2/ServerSDK-Video/src/video_recorder/event_handler.cpp:1341: level 1: INFO    (12: 0:45:502 |    0)  22123; CacheManager: save cache to storage elapsed 0
AgoraCoreService[22108]: (22108) /var/lib/jenkins/workspace/agora-release-linux-2/ServerSDK-Video/src/video_recorder/event_handler.cpp:1341: level 1: INFO    (12: 0:45:502 |    0)  22123; [vocs] lookup channel...
AgoraCoreService[22108]: (22108) /var/lib/jenkins/workspace/agora-release-linux-2/ServerSDK-Video/src/video_recorder/event_handler.cpp:1341: level 1: INFO    (12: 0:45:503 |    1)  22123; [vocs] selected: 183.236.26.162:8000
AgoraCoreService[22108]: (22108) /var/lib/jenkins/workspace/agora-release-linux-2/ServerSDK-Video/src/video_recorder/event_handler.cpp:1341: level 1: INFO    (12: 0:45:503 |    0)  22123; connecting to 183.236.26.162:8000 handle 8c20fdd0, 28
AgoraCoreService[22108]: (22108) /var/lib/jenkins/workspace/agora-release-linux-2/ServerSDK-Video/src/video_recorder/event_handler.cpp:1341: level 1: INFO    (12: 0:45:503 |    0)  22123; [vocs] creating channel with 183.236.26.162:8000, ts 1522411245503.......
AgoraCoreService[22108]: (22108) /var/lib/jenkins/workspace/agora-release-linux-2/ServerSDK-Video/src/video_recorder/event_handler.cpp:1341: level 1: INFO    (12: 0:45:503 |    0)  22123; [vocs] selected: 221.228.202.134:8000
AgoraCoreService[22108]: (22108) /var/lib/jenkins/workspace/agora-release-linux-2/ServerSDK-Video/src/video_recorder/event_handler.cpp:1341: level 1: INFO    (12: 0:45:503 |    0)  22123; [vocs] creating channel with 221.228.202.134:8000, ts 1522411245503.......
AgoraCoreService[22108]: (22108) /var/lib/jenkins/workspace/agora-release-linux-2/ServerSDK-Video/src/video_recorder/event_handler.cpp:1341: level 1: INFO    (12: 0:45:503 |    0)  22123; [vocs] selected: 119.9.92.49:8000
AgoraCoreService[22108]: (22108) /var/lib/jenkins/workspace/agora-release-linux-2/ServerSDK-Video/src/video_recorder/event_handler.cpp:1341: level 1: INFO    (12: 0:45:503 |    0)  22123; [vocs] creating channel with 119.9.92.49:8000, ts 1522411245503.......
AgoraCoreService[22108]: (22108) /var/lib/jenkins/workspace/agora-release-linux-2/ServerSDK-Video/src/video_recorder/event_handler.cpp:1341: level 1: INFO    (12: 0:45:503 |    0)  22123; [rp] {"che.audio.audioSampleRate":48000}
AgoraCoreService[22108]: (22108) /var/lib/jenkins/workspace/agora-release-linux-2/ServerSDK-Video/src/video_recorder/event_handler.cpp:1341: level 1: INFO    (12: 0:45:503 |    0)  22123; [dns] parsed ip 199.190.44.35
AgoraCoreService[22108]: (22108) /var/lib/jenkins/workspace/agora-release-linux-2/ServerSDK-Video/src/video_recorder/event_handler.cpp:1341: level 1: INFO    (12: 0:45:504 |    1)  22123; [dns] parsed ip 199.190.44.36
AgoraCoreService[22108]: (22108) /var/lib/jenkins/workspace/agora-release-linux-2/ServerSDK-Video/src/video_recorder/event_handler.cpp:1341: level 1: INFO    (12: 0:45:504 |    0)  22123; [rs] dns parse result code: 0, servers size: 1
AgoraCoreService[22108]: (22108) /var/lib/jenkins/workspace/agora-release-linux-2/ServerSDK-Video/src/video_recorder/event_handler.cpp:1341: level 1: INFO    (12: 0:45:504 |    0)  22123; [rs] dns parse and selected server: 223.111.12.227
AgoraCoreService[22108]: (22108) /var/lib/jenkins/workspace/agora-release-linux-2/ServerSDK-Video/src/video_recorder/event_handler.cpp:1341: level 1: INFO    (12: 0:45:627 |  123)  22123; [dns] parsed ip 69.28.51.138
AgoraCoreService[22108]: (22108) /var/lib/jenkins/workspace/agora-release-linux-2/ServerSDK-Video/src/video_recorder/event_handler.cpp:1341: level 1: INFO    (12: 0:45:627 |    0)  22123; [dns] parsed ip 119.9.92.49
AgoraCoreService[22108]: (22108) /var/lib/jenkins/workspace/agora-release-linux-2/ServerSDK-Video/src/video_recorder/event_handler.cpp:1341: level 1: INFO    (12: 0:45:627 |    0)  22123; [dns] parsed ip 128.1.87.146
AgoraCoreService[22108]: (22108) /var/lib/jenkins/workspace/agora-release-linux-2/ServerSDK-Video/src/video_recorder/event_handler.cpp:1341: level 1: INFO    (12: 0:45:706 |   79)  22123; [vocs/u] **responsed from 119.9.92.49:8000, 3 vos, elapsed 215, server ts 1522411245146, wan ip 139.59.134.76
AgoraCoreService[22108]: (22108) /var/lib/jenkins/workspace/agora-release-linux-2/ServerSDK-Video/src/video_recorder/event_handler.cpp:1341: level 1: INFO    (12: 0:45:707 |    1)  22123; [vos] added server: 128.1.77.36:4010
AgoraCoreService[22108]: (22108) /var/lib/jenkins/workspace/agora-release-linux-2/ServerSDK-Video/src/video_recorder/event_handler.cpp:1341: level 1: INFO    (12: 0:45:707 |    0)  22123; [vos] added server: 128.1.78.92:4006
AgoraCoreService[22108]: (22108) /var/lib/jenkins/workspace/agora-release-linux-2/ServerSDK-Video/src/video_recorder/event_handler.cpp:1341: level 1: INFO    (12: 0:45:707 |    0)  22123; [vos] added server: 128.1.78.114:4007
AgoraCoreService[22108]: (22108) /var/lib/jenkins/workspace/agora-release-linux-2/ServerSDK-Video/src/video_recorder/event_handler.cpp:1341: level 1: INFO    (12: 0:45:707 |    0)  22123; [ch0] vos initialized
AgoraCoreService[22108]: (22108) /var/lib/jenkins/workspace/agora-release-linux-2/ServerSDK-Video/src/video_recorder/event_handler.cpp:1341: level 1: INFO    (12: 0:45:707 |    0)  22123; [vos] selected: 128.1.78.114:4007
AgoraCoreService[22108]: (22108) /var/lib/jenkins/workspace/agora-release-linux-2/ServerSDK-Video/src/video_recorder/event_handler.cpp:1341: level 4: ERROR   (12: 0:45:707 |    0)  22123; [ch0] login strategy=2
AgoraCoreService[22108]: (22108) /var/lib/jenkins/workspace/agora-release-linux-2/ServerSDK-Video/src/video_recorder/event_handler.cpp:1341: level 1: INFO    (12: 0:45:707 |    0)  22123; [ds]: ver 1 ds '{"streamType":5}'
AgoraCoreService[22108]: (22108) /var/lib/jenkins/workspace/agora-release-linux-2/ServerSDK-Video/src/video_recorder/event_handler.cpp:1341: level 1: INFO    (12: 0:45:707 |    0)  22123; [ch0] Login VOS (proto:10, cid:2889900044, uid:177190760, ts:1522411245707, ticket size:84 ds:1 stream:+A+VH) 2: 128.1.78.114:4007
AgoraCoreService[22108]: (22108) /var/lib/jenkins/workspace/agora-release-linux-2/ServerSDK-Video/src/video_recorder/event_handler.cpp:1341: level 1: INFO    (12: 0:45:708 |    1)  22123; add ping address 139.59.134.76
AgoraCoreService[22108]: (22108) /var/lib/jenkins/workspace/agora-release-linux-2/ServerSDK-Video/src/video_recorder/event_handler.cpp:1341: level 1: INFO    (12: 0:45:708 |    0)  22123; PING 139.59.134.76:0 16(44) bytes of data
AgoraCoreService[22108]: (22108) /var/lib/jenkins/workspace/agora-release-linux-2/ServerSDK-Video/src/video_recorder/event_handler.cpp:1341: level 1: INFO    (12: 0:45:718 |   10)  22123; [ch0] **VOS response to login request (res 0 elapsed 227, server ts 1522411245262, s-c:-456) from 128.1.78.114:4007, and current dest server 128.1.78.114:4007
AgoraCoreService[22108]: (22108) /var/lib/jenkins/workspace/agora-release-linux-2/ServerSDK-Video/src/video_recorder/event_handler.cpp:1341: level 1: INFO    (12: 0:45:719 |    1)  22123; updateActiveVosList: ["128.1.78.114:4007"]
AgoraCoreService[22108]: (22108) /var/lib/jenkins/workspace/agora-release-linux-2/ServerSDK-Video/src/video_recorder/event_handler.cpp:1341: level 1: INFO    (12: 0:45:719 |    0)  22123; [che] start call begins
AgoraCoreService[22108]: (22108) /var/lib/jenkins/workspace/agora-release-linux-2/ServerSDK-Video/src/video_recorder/event_handler.cpp:1341: level 1: INFO    (12: 0:45:719 |    0)  22123; Set Application Mode in RTC Engine to No. 0
AgoraCoreService[22108]: (22108) /var/lib/jenkins/workspace/agora-release-linux-2/ServerSDK-Video/src/video_recorder/event_handler.cpp:1341: level 4: ERROR   (12: 0:45:719 |    0)  22123; GetCodec() invalid index (error=8004)
AgoraCoreService[22108]: (22108) /var/lib/jenkins/workspace/agora-release-linux-2/ServerSDK-Video/src/video_recorder/event_handler.cpp:1341: level 1: INFO    (12: 0:45:719 |    0)  22123; SetCodec by type : No. 85
AgoraCoreService[22108]: (22108) /var/lib/jenkins/workspace/agora-release-linux-2/ServerSDK-Video/src/video_recorder/event_handler.cpp:1341: level 1: INFO    (12: 0:45:727 |    8)  22123; StartPlayout complete
AgoraCoreService[22108]: (22108) /var/lib/jenkins/workspace/agora-release-linux-2/ServerSDK-Video/src/video_recorder/event_handler.cpp:1341: level 1: INFO    (12: 0:45:727 |    0)  22123; output: kDummyAudio
AgoraCoreService[22108]: (22108) /var/lib/jenkins/workspace/agora-release-linux-2/ServerSDK-Video/src/video_recorder/event_handler.cpp:1341: level 1: INFO    (12: 0:45:736 |    9)  22123; StartRecording complete
AgoraCoreService[22108]: (22108) /var/lib/jenkins/workspace/agora-release-linux-2/ServerSDK-Video/src/video_recorder/event_handler.cpp:1341: level 4: ERROR   (12: 0:45:736 |    0)  22123; SetAgcConfig() failed to set the range in |gain| the digital compression stage may apply (error=8097)
AgoraCoreService[22108]: (22108) /var/lib/jenkins/workspace/agora-release-linux-2/ServerSDK-Video/src/video_recorder/event_handler.cpp:1341: level 1: INFO    (12: 0:45:736 |    0)  22123; SetHowlingControl enable = 0
AgoraCoreService[22108]: (22108) /var/lib/jenkins/workspace/agora-release-linux-2/ServerSDK-Video/src/video_recorder/event_handler.cpp:1341: level 1: INFO    (12: 0:45:737 |    1)  22123; Application Config module:  Route 0, NS on, AEC N, AGC on, BSS off, HC on
AgoraCoreService[22108]: (22108) /var/lib/jenkins/workspace/agora-release-linux-2/ServerSDK-Video/src/video_recorder/event_handler.cpp:1341: level 1: INFO    (12: 0:45:737 |    0)  22123; MID = 0, Routing = 0
AgoraCoreService[22108]: (22108) /var/lib/jenkins/workspace/agora-release-linux-2/ServerSDK-Video/src/video_recorder/event_handler.cpp:1341: level 1: INFO    (12: 0:45:737 |    0)  22123; [che] applyVideoProfile: 640x360 15 fps 500 kbps
AgoraCoreService[22108]: (22108) /var/lib/jenkins/workspace/agora-release-linux-2/ServerSDK-Video/src/video_recorder/event_handler.cpp:1341: level 1: INFO    (12: 0:45:737 |    0)  22123; validateVideoParameters: validate video parameters resolution 640x360, fps 15, rate 500000
AgoraCoreService[22108]: (22108) /var/lib/jenkins/workspace/agora-release-linux-2/ServerSDK-Video/src/video_recorder/event_handler.cpp:1341: level 1: INFO    (12: 0:45:737 |    0)  22123; setMaxVideoBitrate: max bitrate=500000
AgoraCoreService[22108]: (22108) /var/lib/jenkins/workspace/agora-release-linux-2/ServerSDK-Video/src/video_recorder/event_handler.cpp:1341: level 1: INFO    (12: 0:45:737 |    0)  22123; setCodecRates: set frame rate to 15
AgoraCoreService[22108]: (22108) /var/lib/jenkins/workspace/agora-release-linux-2/ServerSDK-Video/src/video_recorder/event_handler.cpp:1341: level 1: INFO    (12: 0:45:737 |    0)  22123; setCodec: index=1 width=640 height=360 framerate=15
AgoraCoreService[22108]: (22108) /var/lib/jenkins/workspace/agora-release-linux-2/ServerSDK-Video/src/video_recorder/event_handler.cpp:1341: level 1: INFO    (12: 0:45:737 |    0)  22123; setCodecResolution: set to 640 x 360
AgoraCoreService[22108]: (22108) /var/lib/jenkins/workspace/agora-release-linux-2/ServerSDK-Video/src/video_recorder/event_handler.cpp:1341: level 1: INFO    (12: 0:45:737 |    0)  22123; CreateVideoCapturer: interface=0x7f228c172c90
AgoraCoreService[22108]: (22108) /var/lib/jenkins/workspace/agora-release-linux-2/ServerSDK-Video/src/video_recorder/event_handler.cpp:1341: level 1: INFO    (12: 0:45:737 |    0)  22123; VideoSendTrackImpl::UpdateCapturer capturer=0x7f228c21f9d0
AgoraCoreService[22108]: (22108) /var/lib/jenkins/workspace/agora-release-linux-2/ServerSDK-Video/src/video_recorder/event_handler.cpp:1341: level 1: INFO    (12: 0:45:737 |    0)  22123; Create participant 0
AgoraCoreService[22108]: (22108) /var/lib/jenkins/workspace/agora-release-linux-2/ServerSDK-Video/src/video_recorder/event_handler.cpp:1341: level 1: INFO    (12: 0:45:738 |    1)  22123; startCapture: device? 1024 init? 1 local enabled? 1 capturing? 0 rendering? 0
AgoraCoreService[22108]: (22108) /var/lib/jenkins/workspace/agora-release-linux-2/ServerSDK-Video/src/video_recorder/event_handler.cpp:1341: level 1: INFO    (12: 0:45:738 |    0)  22123; startCapture: Receive Only Mode, capture still on. Encode will be turned off
AgoraCoreService[22108]: (22108) /var/lib/jenkins/workspace/agora-release-linux-2/ServerSDK-Video/src/video_recorder/event_handler.cpp:1341: level 1: INFO    (12: 0:45:738 |    0)  22123; AgoraVideoInput::Init thread=1, type=100, device=External Device
AgoraCoreService[22108]: (22108) /var/lib/jenkins/workspace/agora-release-linux-2/ServerSDK-Video/src/video_recorder/event_handler.cpp:1341: level 1: INFO    (12: 0:45:738 |    0)  22130; Thread with name:AgoraInputThread started 
AgoraCoreService[22108]: (22108) /var/lib/jenkins/workspace/agora-release-linux-2/ServerSDK-Video/src/video_recorder/event_handler.cpp:1341: level 1: INFO    (12: 0:45:738 |    0)  22131; Thread with name:ExternalCaptureThread started 
AgoraCoreService[22108]: (22108) /var/lib/jenkins/workspace/agora-release-linux-2/ServerSDK-Video/src/video_recorder/event_handler.cpp:1341: level 1: INFO    (12: 0:45:738 |    0)  22123; setCodec: index=1 width=640 height=360 framerate=15
AgoraCoreService[22108]: (22108) /var/lib/jenkins/workspace/agora-release-linux-2/ServerSDK-Video/src/video_recorder/event_handler.cpp:1341: level 1: INFO    (12: 0:45:738 |    0)  22123; setMaxVideoBitrate: max bitrate=500000
AgoraCoreService[22108]: (22108) /var/lib/jenkins/workspace/agora-release-linux-2/ServerSDK-Video/src/video_recorder/event_handler.cpp:1341: level 1: INFO    (12: 0:45:738 |    0)  22123; AgoraVideoInput::Start width=640, height=360, fps=15
AgoraCoreService[22108]: (22108) /var/lib/jenkins/workspace/agora-release-linux-2/ServerSDK-Video/src/video_recorder/event_handler.cpp:1341: level 1: INFO    (12: 0:45:738 |    0)  22132; Thread with name:WebRtc_event_timer_thread started 
AgoraCoreService[22108]: (22108) /var/lib/jenkins/workspace/agora-release-linux-2/ServerSDK-Video/src/video_recorder/event_handler.cpp:1341: level 1: INFO    (12: 0:45:738 |    0)  22123; startCapture: startCapture success
AgoraCoreService[22108]: (22108) /var/lib/jenkins/workspace/agora-release-linux-2/ServerSDK-Video/src/video_recorder/event_handler.cpp:1341: level 1: INFO    (12: 0:45:739 |    1)  22123; RequestEncodeKeyFrame
AgoraCoreService[22108]: (22108) /var/lib/jenkins/workspace/agora-release-linux-2/ServerSDK-Video/src/video_recorder/event_handler.cpp:1341: level 1: INFO    (12: 0:45:739 |    0)  22123; doStartLocalRender: init? 1 capture id -1 device 1024 capturing? 1 rendering? 0
AgoraCoreService[22108]: (22108) /var/lib/jenkins/workspace/agora-release-linux-2/ServerSDK-Video/src/video_recorder/event_handler.cpp:1341: level 1: INFO    (12: 0:45:739 |    0)  22123; doStartLocalRender: Receive Only Mode, local renderer still on.
AgoraCoreService[22108]: (22108) /var/lib/jenkins/workspace/agora-release-linux-2/ServerSDK-Video/src/video_recorder/event_handler.cpp:1341: level 1: INFO    (12: 0:45:739 |    0)  22123; doStartLocalRender: init? 1 capture id -1 device 1024 capturing? 1 rendering? 0
AgoraCoreService[22108]: (22108) /var/lib/jenkins/workspace/agora-release-linux-2/ServerSDK-Video/src/video_recorder/event_handler.cpp:1341: level 1: INFO    (12: 0:45:739 |    0)  22123; doStartLocalRender: Receive Only Mode, local renderer still on.
AgoraCoreService[22108]: (22108) /var/lib/jenkins/workspace/agora-release-linux-2/ServerSDK-Video/src/video_recorder/event_handler.cpp:1341: level 1: INFO    (12: 0:45:739 |    0)  22123; [che] start call returns 0, elapsed 20
AgoraCoreService[22108]: (22108) /var/lib/jenkins/workspace/agora-release-linux-2/ServerSDK-Video/src/video_recorder/event_handler.cpp:1341: level 1: INFO    (12: 0:45:739 |    0)  22123; Setting dtx mode to 2
AgoraCoreService[22108]: (22108) /var/lib/jenkins/workspace/agora-release-linux-2/ServerSDK-Video/src/video_recorder/event_handler.cpp:1341: level 1: INFO    (12: 0:45:739 |    0)  22123; setNetEQMinimumPlayoutDelay delay(100)
AgoraCoreService[22108]: (22108) /var/lib/jenkins/workspace/agora-release-linux-2/ServerSDK-Video/src/video_recorder/event_handler.cpp:1341: level 1: INFO    (12: 0:45:739 |    0)  22123; join channel success: cname 'police_4_1' uid 177190760 elapsed 248
AgoraCoreService[22108]: (22108) /var/lib/jenkins/workspace/agora-release-linux-2/ServerSDK-Video/src/video_recorder/event_handler.cpp:1054: Channel counters: mix mode:0 , min port:-1 , max port:-1 ,decode audio:0 , decode_video:0 , is live:0 , idle:300 , is audio only:0 ,syslog facility:8 , mix mode height:360 , mix mode width:640 , mix mode fps:15 , mix mode kbps:500 , mix av:0, streamType:0, triggerMode:0, lang:0
AgoraCoreService[22108]: (22108) /var/lib/jenkins/workspace/agora-release-linux-2/ServerSDK-Video/src/video_recorder/event_handler.cpp:1341: level 1: INFO    (12: 0:45:739 |    0)  22123; CacheManager: save cache to storage elapsed 0
AgoraCoreService[22108]: (22108) /var/lib/jenkins/workspace/agora-release-linux-2/ServerSDK-Video/src/video_recorder/event_handler.cpp:1341: level 1: INFO    (12: 0:45:739 |    0)  22124; Channel counters: mix mode:0 , min port:-1 , max port:-1 ,decode audio:0 , decode_video:0 , is live:0 , idle:300 , is audio only:0 ,syslog facility:8 , mix mode height:360 , mix mode width:640 , mix mode fps:15 , mi
AgoraCoreService[22108]: (22108) /var/lib/jenkins/workspace/agora-release-linux-2/ServerSDK-Video/src/video_recorder/event_handler.cpp:1128: User 177190760 join channel police_4_1 success, elapsed: 248 ms
AgoraCoreService[22108]: (22108) /var/lib/jenkins/workspace/agora-release-linux-2/ServerSDK-Video/src/video_recorder/event_handler.cpp:1341: level 1: INFO    (12: 0:45:739 |    0)  22124; User 177190760 join channel police_4_1 success, elapsed: 248 ms
AgoraCoreService[22108]: (22108) /var/lib/jenkins/workspace/agora-release-linux-2/ServerSDK-Video/src/video_recorder/event_handler.cpp:1341: level 1: INFO    (12: 0:45:748 |    9)  22123; [ch0] rtt: 9
AgoraCoreService[22108]: (22108) /var/lib/jenkins/workspace/agora-release-linux-2/ServerSDK-Video/src/video_recorder/event_handler.cpp:1341: level 1: INFO    (12: 0:45:805 |   57)  22130; [che] onVideoSizeChanged: uid 0 640x360 rotate 0
AgoraCoreService[22108]: (22108) /var/lib/jenkins/workspace/agora-release-linux-2/ServerSDK-Video/src/video_recorder/event_handler.cpp:1341: level 1: INFO    (12: 0:47:718 |    0)  22123; notifyPeerCount: cnt 0
AgoraCoreService[22108]: (22108) /var/lib/jenkins/workspace/agora-release-linux-2/ServerSDK-Video/src/video_recorder/event_handler.cpp:1341: level 1: INFO    (12: 0:50:491 |    0)  22123; [rlbs] selected: 199.190.44.35:9700
AgoraCoreService[22108]: (22108) /var/lib/jenkins/workspace/agora-release-linux-2/ServerSDK-Video/src/video_recorder/event_handler.cpp:1341: level 1: INFO    (12: 0:50:492 |    1)  22123; [rlbs] request rs list from 199.190.44.35:9700.......
AgoraCoreService[22108]: (22108) /var/lib/jenkins/workspace/agora-release-linux-2/ServerSDK-Video/src/video_recorder/event_handler.cpp:1341: level 1: INFO    (12: 0:50:492 |    0)  22123; [rs] **report stats: seq: 10, report list size 10, tx/rx: 2030/240, cache size: 0, report success rate: -1
AgoraCoreService[22108]: (22108) /var/lib/jenkins/workspace/agora-release-linux-2/ServerSDK-Video/src/video_recorder/event_handler.cpp:1341: level 1: INFO    (12: 0:50:688 |  196)  22123; [rlbs/u] responsed from 199.190.44.35:9700 with servers 128.1.78.91:8000
AgoraCoreService[22108]: (22108) /var/lib/jenkins/workspace/agora-release-linux-2/ServerSDK-Video/src/video_recorder/event_handler.cpp:1341: level 1: INFO    (12: 0:51:736 |   48)  22125; Audio statistics - play count: playout count = 200  signal level: far_in = 0
recorder_local[22107]: (22107) /var/lib/jenkins/workspace/agora-release-linux-2/ServerSDK-Video/src/rec_engine/RecordingEngineImpl.cpp:502: [Wrapper] channel id: police_4_1 packet stats, total: 0, callback_->AudioFrameReceived: pcmPackets: 0, pcmTotalPackets: 0, aacPackets: 0, yuvF2Packets: 0, h264F2Packets: 0, errPackets: 0, otherPackets: 0
AgoraCoreService[22108]: (22108) /var/lib/jenkins/workspace/agora-release-linux-2/ServerSDK-Video/src/video_recorder/event_handler.cpp:907: [ARS/15s]event cnts:0, audio pkts:0, mix audio pkts:0, yuv video pkts:0, h264 video pkts:0
AgoraCoreService[22108]: (22108) /var/lib/jenkins/workspace/agora-release-linux-2/ServerSDK-Video/src/video_recorder/event_handler.cpp:1341: level 1: INFO    (12: 1: 0:503 |    0)  22108; [ARS/15s]event cnts:0, audio pkts:0, mix audio pkts:0, yuv video pkts:0, h264 video pkts:0
recorder_local[22107]: (22107) /var/lib/jenkins/workspace/agora-release-linux-2/ServerSDK-Video/src/rec_engine/RecordingEngineImpl.cpp:502: [Wrapper] channel id: police_4_1 packet stats, total: 0, callback_->AudioFrameReceived: pcmPackets: 0, pcmTotalPackets: 0, aacPackets: 0, yuvF2Packets: 0, h264F2Packets: 0, errPackets: 0, otherPackets: 0
AgoraCoreService[22108]: (22108) /var/lib/jenkins/workspace/agora-release-linux-2/ServerSDK-Video/src/video_recorder/event_handler.cpp:1341: level 1: INFO    (12: 1: 5:736 |  233)  22125; Audio statistics - play count: playout count = 600  signal level: far_in = 0
recorder_local[22107]: (22107) /var/lib/jenkins/workspace/agora-release-linux-2/ServerSDK-Video/src/rec_engine/RecordingEngineImpl.cpp:502: [Wrapper] channel id: police_4_1 packet stats, total: 0, callback_->AudioFrameReceived: pcmPackets: 0, pcmTotalPackets: 0, aacPackets: 0, yuvF2Packets: 0, h264F2Packets: 0, errPackets: 0, otherPackets: 0
AgoraCoreService[22108]: (22108) /var/lib/jenkins/workspace/agora-release-linux-2/ServerSDK-Video/src/video_recorder/event_handler.cpp:907: [ARS/15s]event cnts:0, audio pkts:0, mix audio pkts:0, yuv video pkts:0, h264 video pkts:0
AgoraCoreService[22108]: (22108) /var/lib/jenkins/workspace/agora-release-linux-2/ServerSDK-Video/src/video_recorder/event_handler.cpp:1341: level 1: INFO    (12: 1:15:515 |    0)  22108; [ARS/15s]event cnts:0, audio pkts:0, mix audio pkts:0, yuv video pkts:0, h264 video pkts:0
AgoraCoreService[22108]: (22108) /var/lib/jenkins/workspace/agora-release-linux-2/ServerSDK-Video/src/video_recorder/event_handler.cpp:1341: level 1: INFO    (12: 1:17:493 |    0)  22123; **CALL STATS: duraton 29s cpu app/total 1.88/20.98 battery 255 tx/rx: 1/0 kbps 9.719K/4.682K bytes
AgoraCoreService[22108]: (22108) /var/lib/jenkins/workspace/agora-release-linux-2/ServerSDK-Video/src/video_recorder/event_handler.cpp:1341: level 1: INFO    (12: 1:20:492 |    0)  22123; [rs] **report stats: seq: 23, report list size 23, tx/rx: 5993/1104, cache size: 0, report success rate: 100
AgoraCoreService[22108]: (22108) /var/lib/jenkins/workspace/agora-release-linux-2/ServerSDK-Video/src/video_recorder/event_handler.cpp:1341: level 1: INFO    (12: 1:23:736 |  244)  22125; Audio statistics - play count: playout count = 600  signal level: far_in = 0
recorder_local[22107]: (22107) /var/lib/jenkins/workspace/agora-release-linux-2/ServerSDK-Video/src/rec_engine/RecordingEngineImpl.cpp:502: [Wrapper] channel id: police_4_1 packet stats, total: 0, callback_->AudioFrameReceived: pcmPackets: 0, pcmTotalPackets: 0, aacPackets: 0, yuvF2Packets: 0, h264F2Packets: 0, errPackets: 0, otherPackets: 0
AgoraCoreService[22108]: (22108) /var/lib/jenkins/workspace/agora-release-linux-2/ServerSDK-Video/src/video_recorder/event_handler.cpp:907: [ARS/15s]event cnts:0, audio pkts:0, mix audio pkts:0, yuv video pkts:0, h264 video pkts:0
AgoraCoreService[22108]: (22108) /var/lib/jenkins/workspace/agora-release-linux-2/ServerSDK-Video/src/video_recorder/event_handler.cpp:1341: level 1: INFO    (12: 1:30:525 |    0)  22108; [ARS/15s]event cnts:0, audio pkts:0, mix audio pkts:0, yuv video pkts:0, h264 video pkts:0
recorder_local[22107]: (22107) /var/lib/jenkins/workspace/agora-release-linux-2/ServerSDK-Video/src/rec_engine/RecordingEngineImpl.cpp:502: [Wrapper] channel id: police_4_1 packet stats, total: 0, callback_->AudioFrameReceived: pcmPackets: 0, pcmTotalPackets: 0, aacPackets: 0, yuvF2Packets: 0, h264F2Packets: 0, errPackets: 0, otherPackets: 0
AgoraCoreService[22108]: (22108) /var/lib/jenkins/workspace/agora-release-linux-2/ServerSDK-Video/src/video_recorder/event_handler.cpp:1341: level 1: INFO    (12: 1:41:736 |  211)  22125; Audio statistics - play count: playout count = 600  signal level: far_in = 0
recorder_local[22107]: (22107) /var/lib/jenkins/workspace/agora-release-linux-2/ServerSDK-Video/src/rec_engine/RecordingEngineImpl.cpp:502: [Wrapper] channel id: police_4_1 packet stats, total: 0, callback_->AudioFrameReceived: pcmPackets: 0, pcmTotalPackets: 0, aacPackets: 0, yuvF2Packets: 0, h264F2Packets: 0, errPackets: 0, otherPackets: 0
AgoraCoreService[22108]: (22108) /var/lib/jenkins/workspace/agora-release-linux-2/ServerSDK-Video/src/video_recorder/event_handler.cpp:907: [ARS/15s]event cnts:0, audio pkts:0, mix audio pkts:0, yuv video pkts:0, h264 video pkts:0
AgoraCoreService[22108]: (22108) /var/lib/jenkins/workspace/agora-release-linux-2/ServerSDK-Video/src/video_recorder/event_handler.cpp:1341: level 1: INFO    (12: 1:45:539 |    0)  22108; [ARS/15s]event cnts:0, audio pkts:0, mix audio pkts:0, yuv video pkts:0, h264 video pkts:0
AgoraCoreService[22108]: (22108) /var/lib/jenkins/workspace/agora-release-linux-2/ServerSDK-Video/src/video_recorder/event_handler.cpp:1341: level 1: INFO    (12: 1:49:492 |    0)  22123; **CALL STATS: duraton 1m1s cpu app/total 1.48/19.71 battery 255 tx/rx: 1/1 kbps 16.30K/8.420K bytes
AgoraCoreService[22108]: (22108) /var/lib/jenkins/workspace/agora-release-linux-2/ServerSDK-Video/src/video_recorder/event_handler.cpp:1341: level 1: INFO    (12: 1:55:492 |    0)  22123; [rs] **report stats: seq: 32, report list size 32, tx/rx: 8062/1536, cache size: 0, report success rate: 100
recorder_local[22107]: (22107) /var/lib/jenkins/workspace/agora-release-linux-2/ServerSDK-Video/src/rec_engine/RecordingEngineImpl.cpp:502: [Wrapper] channel id: police_4_1 packet stats, total: 0, callback_->AudioFrameReceived: pcmPackets: 0, pcmTotalPackets: 0, aacPackets: 0, yuvF2Packets: 0, h264F2Packets: 0, errPackets: 0, otherPackets: 0
AgoraCoreService[22108]: (22108) /var/lib/jenkins/workspace/agora-release-linux-2/ServerSDK-Video/src/video_recorder/event_handler.cpp:1341: level 1: INFO    (12: 1:59:736 |  244)  22125; Audio statistics - play count: playout count = 600  signal level: far_in = 0
AgoraCoreService[22108]: (22108) /var/lib/jenkins/workspace/agora-release-linux-2/ServerSDK-Video/src/video_recorder/event_handler.cpp:907: [ARS/15s]event cnts:0, audio pkts:0, mix audio pkts:0, yuv video pkts:0, h264 video pkts:0
AgoraCoreService[22108]: (22108) /var/lib/jenkins/workspace/agora-release-linux-2/ServerSDK-Video/src/video_recorder/event_handler.cpp:1341: level 1: INFO    (12: 2: 0:553 |    0)  22108; [ARS/15s]event cnts:0, audio pkts:0, mix audio pkts:0, yuv video pkts:0, h264 video pkts:0
recorder_local[22107]: (22107) /var/lib/jenkins/workspace/agora-release-linux-2/ServerSDK-Video/src/rec_engine/RecordingEngineImpl.cpp:502: [Wrapper] channel id: police_4_1 packet stats, total: 0, callback_->AudioFrameReceived: pcmPackets: 0, pcmTotalPackets: 0, aacPackets: 0, yuvF2Packets: 0, h264F2Packets: 0, errPackets: 0, otherPackets: 0
recorder_local[22107]: (22107) /var/lib/jenkins/workspace/agora-release-linux-2/ServerSDK-Video/src/rec_engine/RecordingEngineImpl.cpp:502: [Wrapper] channel id: police_4_1 packet stats, total: 0, callback_->AudioFrameReceived: pcmPackets: 0, pcmTotalPackets: 0, aacPackets: 0, yuvF2Packets: 0, h264F2Packets: 0, errPackets: 0, otherPackets: 0
AgoraCoreService[22108]: (22108) /var/lib/jenkins/workspace/agora-release-linux-2/ServerSDK-Video/src/video_recorder/event_handler.cpp:907: [ARS/15s]event cnts:0, audio pkts:0, mix audio pkts:0, yuv video pkts:0, h264 video pkts:0
AgoraCoreService[22108]: (22108) /var/lib/jenkins/workspace/agora-release-linux-2/ServerSDK-Video/src/video_recorder/event_handler.cpp:1341: level 1: INFO    (12: 2:15:567 |   14)  22108; [ARS/15s]event cnts:0, audio pkts:0, mix audio pkts:0, yuv video pkts:0, h264 video pkts:0
AgoraCoreService[22108]: (22108) /var/lib/jenkins/workspace/agora-release-linux-2/ServerSDK-Video/src/video_recorder/event_handler.cpp:1341: level 1: INFO    (12: 2:17:736 |  169)  22125; Audio statistics - play count: playout count = 600  signal level: far_in = 0
AgoraCoreService[22108]: (22108) /var/lib/jenkins/workspace/agora-release-linux-2/ServerSDK-Video/src/video_recorder/event_handler.cpp:1341: level 1: INFO    (12: 2:21:492 |    0)  22123; **CALL STATS: duraton 1m33s cpu app/total 1.46/18.5 battery 255 tx/rx: 1/1 kbps 22.442K/12.158K bytes
AgoraCoreService[22108]: (22108) /var/lib/jenkins/workspace/agora-release-linux-2/ServerSDK-Video/src/video_recorder/event_handler.cpp:1341: level 1: INFO    (12: 2:25:492 |    0)  22123; [rs] **report stats: seq: 41, report list size 22, tx/rx: 10128/1968, cache size: 0, report success rate: 100
recorder_local[22107]: (22107) /var/lib/jenkins/workspace/agora-release-linux-2/ServerSDK-Video/src/rec_engine/RecordingEngineImpl.cpp:502: [Wrapper] channel id: police_4_1 packet stats, total: 0, callback_->AudioFrameReceived: pcmPackets: 0, pcmTotalPackets: 0, aacPackets: 0, yuvF2Packets: 0, h264F2Packets: 0, errPackets: 0, otherPackets: 0
AgoraCoreService[22108]: (22108) /var/lib/jenkins/workspace/agora-release-linux-2/ServerSDK-Video/src/video_recorder/event_handler.cpp:907: [ARS/15s]event cnts:0, audio pkts:0, mix audio pkts:0, yuv video pkts:0, h264 video pkts:0
AgoraCoreService[22108]: (22108) /var/lib/jenkins/workspace/agora-release-linux-2/ServerSDK-Video/src/video_recorder/event_handler.cpp:1341: level 1: INFO    (12: 2:30:582 |   90)  22108; [ARS/15s]event cnts:0, audio pkts:0, mix audio pkts:0, yuv video pkts:0, h264 video pkts:0
recorder_local[22107]: (22107) /var/lib/jenkins/workspace/agora-release-linux-2/ServerSDK-Video/src/rec_engine/RecordingEngineImpl.cpp:502: [Wrapper] channel id: police_4_1 packet stats, total: 0, callback_->AudioFrameReceived: pcmPackets: 0, pcmTotalPackets: 0, aacPackets: 0, yuvF2Packets: 0, h264F2Packets: 0, errPackets: 0, otherPackets: 0
AgoraCoreService[22108]: (22108) /var/lib/jenkins/workspace/agora-release-linux-2/ServerSDK-Video/src/video_recorder/event_handler.cpp:1341: level 1: INFO    (12: 2:35:736 |  154)  22125; Audio statistics - play count: playout count = 600  signal level: far_in = 0
recorder_local[22107]: (22107) /var/lib/jenkins/workspace/agora-release-linux-2/ServerSDK-Video/src/rec_engine/RecordingEngineImpl.cpp:502: [Wrapper] channel id: police_4_1 packet stats, total: 0, callback_->AudioFrameReceived: pcmPackets: 0, pcmTotalPackets: 0, aacPackets: 0, yuvF2Packets: 0, h264F2Packets: 0, errPackets: 0, otherPackets: 0
AgoraCoreService[22108]: (22108) /var/lib/jenkins/workspace/agora-release-linux-2/ServerSDK-Video/src/video_recorder/event_handler.cpp:907: [ARS/15s]event cnts:0, audio pkts:0, mix audio pkts:0, yuv video pkts:0, h264 video pkts:0
AgoraCoreService[22108]: (22108) /var/lib/jenkins/workspace/agora-release-linux-2/ServerSDK-Video/src/video_recorder/event_handler.cpp:1341: level 1: INFO    (12: 2:45:596 |    0)  22108; [ARS/15s]event cnts:0, audio pkts:0, mix audio pkts:0, yuv video pkts:0, h264 video pkts:0
AgoraCoreService[22108]: (22108) /var/lib/jenkins/workspace/agora-release-linux-2/ServerSDK-Video/src/video_recorder/event_handler.cpp:1341: level 1: INFO    (12: 2:53:492 |    0)  22123; **CALL STATS: duraton 2m5s cpu app/total 1.44/18.30 battery 255 tx/rx: 1/0 kbps 28.911K/15.842K bytes
AgoraCoreService[22108]: (22108) /var/lib/jenkins/workspace/agora-release-linux-2/ServerSDK-Video/src/video_recorder/event_handler.cpp:1341: level 1: INFO    (12: 2:53:736 |  244)  22125; Audio statistics - play count: playout count = 600  signal level: far_in = 0
recorder_local[22107]: (22107) /var/lib/jenkins/workspace/agora-release-linux-2/ServerSDK-Video/src/rec_engine/RecordingEngineImpl.cpp:502: [Wrapper] channel id: police_4_1 packet stats, total: 0, callback_->AudioFrameReceived: pcmPackets: 0, pcmTotalPackets: 0, aacPackets: 0, yuvF2Packets: 0, h264F2Packets: 0, errPackets: 0, otherPackets: 0
AgoraCoreService[22108]: (22108) /var/lib/jenkins/workspace/agora-release-linux-2/ServerSDK-Video/src/video_recorder/event_handler.cpp:1341: level 1: INFO    (12: 3: 0:492 |    0)  22123; [rs] **report stats: seq: 51, report list size 21, tx/rx: 12420/2448, cache size: 0, report success rate: 100
AgoraCoreService[22108]: (22108) /var/lib/jenkins/workspace/agora-release-linux-2/ServerSDK-Video/src/video_recorder/event_handler.cpp:907: [ARS/15s]event cnts:0, audio pkts:0, mix audio pkts:0, yuv video pkts:0, h264 video pkts:0
AgoraCoreService[22108]: (22108) /var/lib/jenkins/workspace/agora-release-linux-2/ServerSDK-Video/src/video_recorder/event_handler.cpp:1341: level 1: INFO    (12: 3: 0:610 |  118)  22108; [ARS/15s]event cnts:0, audio pkts:0, mix audio pkts:0, yuv video pkts:0, h264 video pkts:0
recorder_local[22107]: (22107) /var/lib/jenkins/workspace/agora-release-linux-2/ServerSDK-Video/src/rec_engine/RecordingEngineImpl.cpp:502: [Wrapper] channel id: police_4_1 packet stats, total: 0, callback_->AudioFrameReceived: pcmPackets: 0, pcmTotalPackets: 0, aacPackets: 0, yuvF2Packets: 0, h264F2Packets: 0, errPackets: 0, otherPackets: 0
AgoraCoreService[22108]: (22108) /var/lib/jenkins/workspace/agora-release-linux-2/ServerSDK-Video/src/video_recorder/event_handler.cpp:1341: level 1: INFO    (12: 3:11:736 |  126)  22125; Audio statistics - play count: playout count = 600  signal level: far_in = 0
recorder_local[22107]: (22107) /var/lib/jenkins/workspace/agora-release-linux-2/ServerSDK-Video/src/rec_engine/RecordingEngineImpl.cpp:502: [Wrapper] channel id: police_4_1 packet stats, total: 0, callback_->AudioFrameReceived: pcmPackets: 0, pcmTotalPackets: 0, aacPackets: 0, yuvF2Packets: 0, h264F2Packets: 0, errPackets: 0, otherPackets: 0
AgoraCoreService[22108]: (22108) /var/lib/jenkins/workspace/agora-release-linux-2/ServerSDK-Video/src/video_recorder/event_handler.cpp:907: [ARS/15s]event cnts:0, audio pkts:0, mix audio pkts:0, yuv video pkts:0, h264 video pkts:0
AgoraCoreService[22108]: (22108) /var/lib/jenkins/workspace/agora-release-linux-2/ServerSDK-Video/src/video_recorder/event_handler.cpp:1341: level 1: INFO    (12: 3:15:624 |    0)  22108; [ARS/15s]event cnts:0, audio pkts:0, mix audio pkts:0, yuv video pkts:0, h264 video pkts:0
AgoraCoreService[22108]: (22108) /var/lib/jenkins/workspace/agora-release-linux-2/ServerSDK-Video/src/video_recorder/event_handler.cpp:1341: level 1: INFO    (12: 3:25:492 |    0)  22123; **CALL STATS: duraton 2m37s cpu app/total 1.34/23.66 battery 255 tx/rx: 2/1 kbps 35.428K/19.580K bytes
recorder_local[22107]: (22107) /var/lib/jenkins/workspace/agora-release-linux-2/ServerSDK-Video/src/rec_engine/RecordingEngineImpl.cpp:502: [Wrapper] channel id: police_4_1 packet stats, total: 0, callback_->AudioFrameReceived: pcmPackets: 0, pcmTotalPackets: 0, aacPackets: 0, yuvF2Packets: 0, h264F2Packets: 0, errPackets: 0, otherPackets: 0
AgoraCoreService[22108]: (22108) /var/lib/jenkins/workspace/agora-release-linux-2/ServerSDK-Video/src/video_recorder/event_handler.cpp:1341: level 1: INFO    (12: 3:29:736 |  244)  22125; Audio statistics - play count: playout count = 600  signal level: far_in = 0
AgoraCoreService[22108]: (22108) /var/lib/jenkins/workspace/agora-release-linux-2/ServerSDK-Video/src/video_recorder/event_handler.cpp:907: [ARS/15s]event cnts:0, audio pkts:0, mix audio pkts:0, yuv video pkts:0, h264 video pkts:0
AgoraCoreService[22108]: (22108) /var/lib/jenkins/workspace/agora-release-linux-2/ServerSDK-Video/src/video_recorder/event_handler.cpp:1341: level 1: INFO    (12: 3:30:637 |    0)  22108; [ARS/15s]event cnts:0, audio pkts:0, mix audio pkts:0, yuv video pkts:0, h264 video pkts:0
AgoraCoreService[22108]: (22108) /var/lib/jenkins/workspace/agora-release-linux-2/ServerSDK-Video/src/video_recorder/event_handler.cpp:1341: level 1: INFO    (12: 3:35:492 |    0)  22123; [rs] **report stats: seq: 62, report list size 22, tx/rx: 14938/2976, cache size: 0, report success rate: 100
recorder_local[22107]: (22107) /var/lib/jenkins/workspace/agora-release-linux-2/ServerSDK-Video/src/rec_engine/RecordingEngineImpl.cpp:502: [Wrapper] channel id: police_4_1 packet stats, total: 0, callback_->AudioFrameReceived: pcmPackets: 0, pcmTotalPackets: 0, aacPackets: 0, yuvF2Packets: 0, h264F2Packets: 0, errPackets: 0, otherPackets: 0
recorder_local[22107]: (22107) /var/lib/jenkins/workspace/agora-release-linux-2/ServerSDK-Video/src/rec_engine/RecordingEngineImpl.cpp:502: [Wrapper] channel id: police_4_1 packet stats, total: 0, callback_->AudioFrameReceived: pcmPackets: 0, pcmTotalPackets: 0, aacPackets: 0, yuvF2Packets: 0, h264F2Packets: 0, errPackets: 0, otherPackets: 0
AgoraCoreService[22108]: (22108) /var/lib/jenkins/workspace/agora-release-linux-2/ServerSDK-Video/src/video_recorder/event_handler.cpp:907: [ARS/15s]event cnts:0, audio pkts:0, mix audio pkts:0, yuv video pkts:0, h264 video pkts:0
AgoraCoreService[22108]: (22108) /var/lib/jenkins/workspace/agora-release-linux-2/ServerSDK-Video/src/video_recorder/event_handler.cpp:1341: level 1: INFO    (12: 3:45:650 |  158)  22108; [ARS/15s]event cnts:0, audio pkts:0, mix audio pkts:0, yuv video pkts:0, h264 video pkts:0
AgoraCoreService[22108]: (22108) /var/lib/jenkins/workspace/agora-release-linux-2/ServerSDK-Video/src/video_recorder/event_handler.cpp:1341: level 1: INFO    (12: 3:47:736 |   86)  22125; Audio statistics - play count: playout count = 600  signal level: far_in = 0
recorder_local[22107]: (22107) /var/lib/jenkins/workspace/agora-release-linux-2/ServerSDK-Video/src/rec_engine/RecordingEngineImpl.cpp:502: [Wrapper] channel id: police_4_1 packet stats, total: 0, callback_->AudioFrameReceived: pcmPackets: 0, pcmTotalPackets: 0, aacPackets: 0, yuvF2Packets: 0, h264F2Packets: 0, errPackets: 0, otherPackets: 0
AgoraCoreService[22108]: (22108) /var/lib/jenkins/workspace/agora-release-linux-2/ServerSDK-Video/src/video_recorder/event_handler.cpp:1341: level 1: INFO    (12: 3:57:492 |    0)  22123; **CALL STATS: duraton 3m9s cpu app/total 1.34/30.49 battery 255 tx/rx: 1/1 kbps 41.832K/23.366K bytes
AgoraCoreService[22108]: (22108) /var/lib/jenkins/workspace/agora-release-linux-2/ServerSDK-Video/src/video_recorder/event_handler.cpp:907: [ARS/15s]event cnts:0, audio pkts:0, mix audio pkts:0, yuv video pkts:0, h264 video pkts:0
AgoraCoreService[22108]: (22108) /var/lib/jenkins/workspace/agora-release-linux-2/ServerSDK-Video/src/video_recorder/event_handler.cpp:1341: level 1: INFO    (12: 4: 0:663 |  171)  22108; [ARS/15s]event cnts:0, audio pkts:0, mix audio pkts:0, yuv video pkts:0, h264 video pkts:0
AgoraCoreService[22108]: (22108) /var/lib/jenkins/workspace/agora-release-linux-2/ServerSDK-Video/src/video_recorder/event_handler.cpp:1341: level 1: INFO    (12: 4: 5:492 |    0)  22123; [rs] **report stats: seq: 71, report list size 22, tx/rx: 16996/3408, cache size: 0, report success rate: 100
recorder_local[22107]: (22107) /var/lib/jenkins/workspace/agora-release-linux-2/ServerSDK-Video/src/rec_engine/RecordingEngineImpl.cpp:502: [Wrapper] channel id: police_4_1 packet stats, total: 0, callback_->AudioFrameReceived: pcmPackets: 0, pcmTotalPackets: 0, aacPackets: 0, yuvF2Packets: 0, h264F2Packets: 0, errPackets: 0, otherPackets: 0
AgoraCoreService[22108]: (22108) /var/lib/jenkins/workspace/agora-release-linux-2/ServerSDK-Video/src/video_recorder/event_handler.cpp:1341: level 1: INFO    (12: 4: 5:736 |  244)  22125; Audio statistics - play count: playout count = 600  signal level: far_in = 0
recorder_local[22107]: (22107) /var/lib/jenkins/workspace/agora-release-linux-2/ServerSDK-Video/src/rec_engine/RecordingEngineImpl.cpp:502: [Wrapper] channel id: police_4_1 packet stats, total: 0, callback_->AudioFrameReceived: pcmPackets: 0, pcmTotalPackets: 0, aacPackets: 0, yuvF2Packets: 0, h264F2Packets: 0, errPackets: 0, otherPackets: 0
AgoraCoreService[22108]: (22108) /var/lib/jenkins/workspace/agora-release-linux-2/ServerSDK-Video/src/video_recorder/event_handler.cpp:907: [ARS/15s]event cnts:0, audio pkts:0, mix audio pkts:0, yuv video pkts:0, h264 video pkts:0
AgoraCoreService[22108]: (22108) /var/lib/jenkins/workspace/agora-release-linux-2/ServerSDK-Video/src/video_recorder/event_handler.cpp:1341: level 1: INFO    (12: 4:15:678 |    0)  22108; [ARS/15s]event cnts:0, audio pkts:0, mix audio pkts:0, yuv video pkts:0, h264 video pkts:0
AgoraCoreService[22108]: (22108) /var/lib/jenkins/workspace/agora-release-linux-2/ServerSDK-Video/src/video_recorder/event_handler.cpp:1341: level 1: INFO    (12: 4:23:736 |   58)  22125; Audio statistics - play count: playout count = 600  signal level: far_in = 0
recorder_local[22107]: (22107) /var/lib/jenkins/workspace/agora-release-linux-2/ServerSDK-Video/src/rec_engine/RecordingEngineImpl.cpp:502: [Wrapper] channel id: police_4_1 packet stats, total: 0, callback_->AudioFrameReceived: pcmPackets: 0, pcmTotalPackets: 0, aacPackets: 0, yuvF2Packets: 0, h264F2Packets: 0, errPackets: 0, otherPackets: 0
AgoraCoreService[22108]: (22108) /var/lib/jenkins/workspace/agora-release-linux-2/ServerSDK-Video/src/video_recorder/event_handler.cpp:1341: level 1: INFO    (12: 4:29:493 |    0)  22123; **CALL STATS: duraton 3m41s cpu app/total 1.73/18.69 battery 255 tx/rx: 1/0 kbps 48.287K/27.26K bytes
AgoraCoreService[22108]: (22108) /var/lib/jenkins/workspace/agora-release-linux-2/ServerSDK-Video/src/video_recorder/event_handler.cpp:907: [ARS/15s]event cnts:0, audio pkts:0, mix audio pkts:0, yuv video pkts:0, h264 video pkts:0
AgoraCoreService[22108]: (22108) /var/lib/jenkins/workspace/agora-release-linux-2/ServerSDK-Video/src/video_recorder/event_handler.cpp:1341: level 1: INFO    (12: 4:30:693 |  200)  22108; [ARS/15s]event cnts:0, audio pkts:0, mix audio pkts:0, yuv video pkts:0, h264 video pkts:0
recorder_local[22107]: (22107) /var/lib/jenkins/workspace/agora-release-linux-2/ServerSDK-Video/src/rec_engine/RecordingEngineImpl.cpp:502: [Wrapper] channel id: police_4_1 packet stats, total: 0, callback_->AudioFrameReceived: pcmPackets: 0, pcmTotalPackets: 0, aacPackets: 0, yuvF2Packets: 0, h264F2Packets: 0, errPackets: 0, otherPackets: 0
AgoraCoreService[22108]: (22108) /var/lib/jenkins/workspace/agora-release-linux-2/ServerSDK-Video/src/video_recorder/event_handler.cpp:1341: level 1: INFO    (12: 4:40:492 |    0)  22123; [rs] **report stats: seq: 82, report list size 23, tx/rx: 19519/3936, cache size: 0, report success rate: 100
AgoraCoreService[22108]: (22108) /var/lib/jenkins/workspace/agora-release-linux-2/ServerSDK-Video/src/video_recorder/event_handler.cpp:1341: level 1: INFO    (12: 4:41:736 |  244)  22125; Audio statistics - play count: playout count = 600  signal level: far_in = 0
recorder_local[22107]: (22107) /var/lib/jenkins/workspace/agora-release-linux-2/ServerSDK-Video/src/rec_engine/RecordingEngineImpl.cpp:502: [Wrapper] channel id: police_4_1 packet stats, total: 0, callback_->AudioFrameReceived: pcmPackets: 0, pcmTotalPackets: 0, aacPackets: 0, yuvF2Packets: 0, h264F2Packets: 0, errPackets: 0, otherPackets: 0
AgoraCoreService[22108]: (22108) /var/lib/jenkins/workspace/agora-release-linux-2/ServerSDK-Video/src/video_recorder/event_handler.cpp:907: [ARS/15s]event cnts:0, audio pkts:0, mix audio pkts:0, yuv video pkts:0, h264 video pkts:0
AgoraCoreService[22108]: (22108) /var/lib/jenkins/workspace/agora-release-linux-2/ServerSDK-Video/src/video_recorder/event_handler.cpp:1341: level 1: INFO    (12: 4:45:706 |    0)  22108; [ARS/15s]event cnts:0, audio pkts:0, mix audio pkts:0, yuv video pkts:0, h264 video pkts:0
recorder_local[22107]: (22107) /var/lib/jenkins/workspace/agora-release-linux-2/ServerSDK-Video/src/rec_engine/RecordingEngineImpl.cpp:502: [Wrapper] channel id: police_4_1 packet stats, total: 0, callback_->AudioFrameReceived: pcmPackets: 0, pcmTotalPackets: 0, aacPackets: 0, yuvF2Packets: 0, h264F2Packets: 0, errPackets: 0, otherPackets: 0
AgoraCoreService[22108]: (22108) /var/lib/jenkins/workspace/agora-release-linux-2/ServerSDK-Video/src/video_recorder/event_handler.cpp:1341: level 1: INFO    (12: 4:59:736 |   30)  22125; Audio statistics - play count: playout count = 600  signal level: far_in = 0
AgoraCoreService[22108]: (22108) /var/lib/jenkins/workspace/agora-release-linux-2/ServerSDK-Video/src/video_recorder/event_handler.cpp:907: [ARS/15s]event cnts:0, audio pkts:0, mix audio pkts:0, yuv video pkts:0, h264 video pkts:0
AgoraCoreService[22108]: (22108) /var/lib/jenkins/workspace/agora-release-linux-2/ServerSDK-Video/src/video_recorder/event_handler.cpp:1341: level 1: INFO    (12: 5: 0:720 |    0)  22108; [ARS/15s]event cnts:0, audio pkts:0, mix audio pkts:0, yuv video pkts:0, h264 video pkts:0
AgoraCoreService[22108]: (22108) /var/lib/jenkins/workspace/agora-release-linux-2/ServerSDK-Video/src/video_recorder/event_handler.cpp:1341: level 1: INFO    (12: 5: 1:492 |    0)  22123; **CALL STATS: duraton 4m13s cpu app/total 1.78/19.29 battery 255 tx/rx: 2/1 kbps 54.838K/30.788K bytes
recorder_local[22107]: (22107) /var/lib/jenkins/workspace/agora-release-linux-2/ServerSDK-Video/src/rec_engine/RecordingEngineImpl.cpp:502: [Wrapper] channel id: police_4_1 packet stats, total: 0, callback_->AudioFrameReceived: pcmPackets: 0, pcmTotalPackets: 0, aacPackets: 0, yuvF2Packets: 0, h264F2Packets: 0, errPackets: 0, otherPackets: 0
AgoraCoreService[22108]: (22108) /var/lib/jenkins/workspace/agora-release-linux-2/ServerSDK-Video/src/video_recorder/event_handler.cpp:1341: level 1: INFO    (12: 5:15:492 |    0)  22123; [rs] **report stats: seq: 92, report list size 22, tx/rx: 21821/4416, cache size: 0, report success rate: 100
recorder_local[22107]: (22107) /var/lib/jenkins/workspace/agora-release-linux-2/ServerSDK-Video/src/rec_engine/RecordingEngineImpl.cpp:502: [Wrapper] channel id: police_4_1 packet stats, total: 0, callback_->AudioFrameReceived: pcmPackets: 0, pcmTotalPackets: 0, aacPackets: 0, yuvF2Packets: 0, h264F2Packets: 0, errPackets: 0, otherPackets: 0
AgoraCoreService[22108]: (22108) /var/lib/jenkins/workspace/agora-release-linux-2/ServerSDK-Video/src/video_recorder/event_handler.cpp:907: [ARS/15s]event cnts:0, audio pkts:0, mix audio pkts:0, yuv video pkts:0, h264 video pkts:0
AgoraCoreService[22108]: (22108) /var/lib/jenkins/workspace/agora-release-linux-2/ServerSDK-Video/src/video_recorder/event_handler.cpp:1341: level 1: INFO    (12: 5:15:736 |  244)  22108; [ARS/15s]event cnts:0, audio pkts:0, mix audio pkts:0, yuv video pkts:0, h264 video pkts:0
AgoraCoreService[22108]: (22108) /var/lib/jenkins/workspace/agora-release-linux-2/ServerSDK-Video/src/video_recorder/event_handler.cpp:1341: level 1: INFO    (12: 5:17:736 |    0)  22125; Audio statistics - play count: playout count = 600  signal level: far_in = 0
recorder_local[22107]: (22107) /var/lib/jenkins/workspace/agora-release-linux-2/ServerSDK-Video/src/rec_engine/RecordingEngineImpl.cpp:502: [Wrapper] channel id: police_4_1 packet stats, total: 0, callback_->AudioFrameReceived: pcmPackets: 0, pcmTotalPackets: 0, aacPackets: 0, yuvF2Packets: 0, h264F2Packets: 0, errPackets: 0, otherPackets: 0
AgoraCoreService[22108]: (22108) /var/lib/jenkins/workspace/agora-release-linux-2/ServerSDK-Video/src/video_recorder/event_handler.cpp:907: [ARS/15s]event cnts:0, audio pkts:0, mix audio pkts:0, yuv video pkts:0, h264 video pkts:0
AgoraCoreService[22108]: (22108) /var/lib/jenkins/workspace/agora-release-linux-2/ServerSDK-Video/src/video_recorder/event_handler.cpp:1341: level 1: INFO    (12: 5:30:751 |   15)  22108; [ARS/15s]event cnts:0, audio pkts:0, mix audio pkts:0, yuv video pkts:0, h264 video pkts:0
AgoraCoreService[22108]: (22108) /var/lib/jenkins/workspace/agora-release-linux-2/ServerSDK-Video/src/video_recorder/event_handler.cpp:1341: level 1: INFO    (12: 5:33:492 |    0)  22123; **CALL STATS: duraton 4m45s cpu app/total 1.76/22.62 battery 255 tx/rx: 2/1 kbps 61.216K/34.526K bytes
AgoraCoreService[22108]: (22108) /var/lib/jenkins/workspace/agora-release-linux-2/ServerSDK-Video/src/video_recorder/event_handler.cpp:1341: level 1: INFO    (12: 5:35:736 |  244)  22125; Audio statistics - play count: playout count = 600  signal level: far_in = 0
recorder_local[22107]: (22107) /var/lib/jenkins/workspace/agora-release-linux-2/ServerSDK-Video/src/rec_engine/RecordingEngineImpl.cpp:502: [Wrapper] channel id: police_4_1 packet stats, total: 0, callback_->AudioFrameReceived: pcmPackets: 0, pcmTotalPackets: 0, aacPackets: 0, yuvF2Packets: 0, h264F2Packets: 0, errPackets: 0, otherPackets: 0
recorder_local[22107]: (22107) /var/lib/jenkins/workspace/agora-release-linux-2/ServerSDK-Video/src/rec_engine/RecordingEngineImpl.cpp:502: [Wrapper] channel id: police_4_1 packet stats, total: 0, callback_->AudioFrameReceived: pcmPackets: 0, pcmTotalPackets: 0, aacPackets: 0, yuvF2Packets: 0, h264F2Packets: 0, errPackets: 0, otherPackets: 0
AgoraCoreService[22108]: (22108) /var/lib/jenkins/workspace/agora-release-linux-2/ServerSDK-Video/src/video_recorder/event_handler.cpp:907: [ARS/15s]event cnts:0, audio pkts:0, mix audio pkts:0, yuv video pkts:0, h264 video pkts:0
AgoraCoreService[22108]: (22108) /var/lib/jenkins/workspace/agora-release-linux-2/ServerSDK-Video/src/video_recorder/event_handler.cpp:1341: level 1: INFO    (12: 5:45:765 |   29)  22108; [ARS/15s]event cnts:0, audio pkts:0, mix audio pkts:0, yuv video pkts:0, h264 video pkts:0
AgoraCoreService[22108]: (22108) /var/lib/jenkins/workspace/agora-release-linux-2/ServerSDK-Video/src/video_recorder/event_handler.cpp:1334: No users in channel for 300 seconds, aborting, leave_code:4.
AgoraCoreService[22108]: (22108) /var/lib/jenkins/workspace/agora-release-linux-2/ServerSDK-Video/src/video_recorder/event_handler.cpp:1341: level 2: WARN    (12: 5:47:492 |    0)  22124; No users in channel for 300 seconds, aborting, leave_code:4.
AgoraCoreService[22108]: (22108) /var/lib/jenkins/workspace/agora-release-linux-2/ServerSDK-Video/src/video_recorder/event_handler.cpp:888: ARS push leave pkt to queue inform wrapper
AgoraCoreService[22108]: (22108) /var/lib/jenkins/workspace/agora-release-linux-2/ServerSDK-Video/src/video_recorder/event_handler.cpp:1341: level 1: INFO    (12: 5:47:767 |  275)  22108; ARS push leave pkt to queue inform wrapper
AgoraCoreService[22108]: (22108) /var/lib/jenkins/workspace/agora-release-linux-2/ServerSDK-Video/src/video_recorder/event_handler.cpp:858: Before cleanup cnt 0, errno 2 4, joined_ 1, term_sig 1, leave path code 12
AgoraCoreService[22108]: (22108) /var/lib/jenkins/workspace/agora-release-linux-2/ServerSDK-Video/src/video_recorder/event_handler.cpp:1341: level 2: WARN    (12: 5:48:267 |    0)  22108; Before cleanup cnt 0, errno 2 4, joined_ 1, term_sig 1, leave path code 12
AgoraCoreService[22108]: (22108) /var/lib/jenkins/workspace/agora-release-linux-2/ServerSDK-Video/src/video_recorder/event_handler.cpp:582: Leaving channel and ready to cleanup
AgoraCoreService[22108]: (22108) /var/lib/jenkins/workspace/agora-release-linux-2/ServerSDK-Video/src/video_recorder/event_handler.cpp:1341: level 1: INFO    (12: 5:48:268 |    1)  22108; Leaving channel and ready to cleanup
AgoraCoreService[22108]: (22108) /var/lib/jenkins/workspace/agora-release-linux-2/ServerSDK-Video/src/video_recorder/event_handler.cpp:1341: level 1: INFO    (12: 5:48:268 |    0)  22108; API call to leave channel
AgoraCoreService[22108]: (22108) /var/lib/jenkins/workspace/agora-release-linux-2/ServerSDK-Video/src/video_recorder/event_handler.cpp:1341: level 1: INFO    (12: 5:48:268 |    0)  22123; [cm] emit leave channel signal
AgoraCoreService[22108]: (22108) /var/lib/jenkins/workspace/agora-release-linux-2/ServerSDK-Video/src/video_recorder/event_handler.cpp:1334: No users in channel for 300 seconds, aborting, leave_code:12.
AgoraCoreService[22108]: (22108) /var/lib/jenkins/workspace/agora-release-linux-2/ServerSDK-Video/src/video_recorder/event_handler.cpp:1341: level 2: WARN    (12: 5:48:268 |    0)  22124; No users in channel for 300 seconds, aborting, leave_code:12.
AgoraCoreService[22108]: (22108) /var/lib/jenkins/workspace/agora-release-linux-2/ServerSDK-Video/src/video_recorder/event_handler.cpp:1341: level 1: INFO    (12: 5:48:268 |    0)  22123; **CALL STATS: duration 5m2s, tx 64.687K bytes, rx 36.530K bytes, total 101.193K bytes
AgoraCoreService[22108]: (22108) /var/lib/jenkins/workspace/agora-release-linux-2/ServerSDK-Video/src/video_recorder/event_handler.cpp:1341: level 1: INFO    (12: 5:48:268 |    0)  22123; stopLocalRender
AgoraCoreService[22108]: (22108) /var/lib/jenkins/workspace/agora-release-linux-2/ServerSDK-Video/src/video_recorder/event_handler.cpp:1341: level 1: INFO    (12: 5:48:268 |    0)  22123; stopLocalRender success
AgoraCoreService[22108]: (22108) /var/lib/jenkins/workspace/agora-release-linux-2/ServerSDK-Video/src/video_recorder/event_handler.cpp:1341: level 1: INFO    (12: 5:48:268 |    0)  22123; AgoraVideoInput::Stop
AgoraCoreService[22108]: (22108) /var/lib/jenkins/workspace/agora-release-linux-2/ServerSDK-Video/src/video_recorder/event_handler.cpp:1341: level 1: INFO    (12: 5:48:269 |    1)  22132; Thread with name:WebRtc_event_timer_thread stopped
AgoraCoreService[22108]: (22108) /var/lib/jenkins/workspace/agora-release-linux-2/ServerSDK-Video/src/video_recorder/event_handler.cpp:1341: level 1: INFO    (12: 5:48:269 |    0)  22123; AgoraVideoInput::Destroy
AgoraCoreService[22108]: (22108) /var/lib/jenkins/workspace/agora-release-linux-2/ServerSDK-Video/src/video_recorder/event_handler.cpp:1341: level 1: INFO    (12: 5:48:269 |    0)  22131; Thread with name:ExternalCaptureThread stopped
AgoraCoreService[22108]: (22108) /var/lib/jenkins/workspace/agora-release-linux-2/ServerSDK-Video/src/video_recorder/event_handler.cpp:1341: level 1: INFO    (12: 5:48:317 |   48)  22130; Thread with name:AgoraInputThread stopped
AgoraCoreService[22108]: (22108) /var/lib/jenkins/workspace/agora-release-linux-2/ServerSDK-Video/src/video_recorder/event_handler.cpp:1341: level 1: INFO    (12: 5:48:319 |    2)  22123; stopCapture: stopCapture success
AgoraCoreService[22108]: (22108) /var/lib/jenkins/workspace/agora-release-linux-2/ServerSDK-Video/src/video_recorder/event_handler.cpp:1341: level 1: INFO    (12: 5:48:319 |    0)  22123; stopRemoteRender
AgoraCoreService[22108]: (22108) /var/lib/jenkins/workspace/agora-release-linux-2/ServerSDK-Video/src/video_recorder/event_handler.cpp:1341: level 1: INFO    (12: 5:48:319 |    0)  22123; [che] stopCall begins
AgoraCoreService[22108]: (22108) /var/lib/jenkins/workspace/agora-release-linux-2/ServerSDK-Video/src/video_recorder/event_handler.cpp:1341: level 1: INFO    (12: 5:48:319 |    0)  22123; StopRecording complete
AgoraCoreService[22108]: (22108) /var/lib/jenkins/workspace/agora-release-linux-2/ServerSDK-Video/src/video_recorder/event_handler.cpp:1341: level 1: INFO    (12: 5:48:320 |    1)  22123; StopPlayout complete
AgoraCoreService[22108]: (22108) /var/lib/jenkins/workspace/agora-release-linux-2/ServerSDK-Video/src/video_recorder/event_handler.cpp:1341: level 1: INFO    (12: 5:48:320 |    0)  22123; [che] stop call returns 0, elapsed 0
AgoraCoreService[22108]: (22108) /var/lib/jenkins/workspace/agora-release-linux-2/ServerSDK-Video/src/video_recorder/event_handler.cpp:1341: level 1: INFO    (12: 5:48:320 |    0)  22123; [rs] **report stats: seq: 105, report list size 25, tx/rx: 24577/4896, cache size: 0, report success rate: 100
AgoraCoreService[22108]: (22108) /var/lib/jenkins/workspace/agora-release-linux-2/ServerSDK-Video/src/video_recorder/event_handler.cpp:1341: level 1: INFO    (12: 5:48:320 |    0)  22123; CacheManager: save cache to storage elapsed 0
AgoraCoreService[22108]: (22108) /var/lib/jenkins/workspace/agora-release-linux-2/ServerSDK-Video/src/video_recorder/event_handler.cpp:1341: level 1: INFO    (12: 5:48:320 |    0)  22123; [ch0] vos destroyed
AgoraCoreService[22108]: (22108) /var/lib/jenkins/workspace/agora-release-linux-2/ServerSDK-Video/src/video_recorder/event_handler.cpp:1341: level 1: INFO    (12: 5:48:320 |    0)  22123; delRef of media engine, ref=0
AgoraCoreService[22108]: (22108) /var/lib/jenkins/workspace/agora-release-linux-2/ServerSDK-Video/src/video_recorder/event_handler.cpp:1341: level 1: INFO    (12: 5:48:320 |    0)  22123; [che] chat engine destroying
AgoraCoreService[22108]: (22108) /var/lib/jenkins/workspace/agora-release-linux-2/ServerSDK-Video/src/video_recorder/event_handler.cpp:1341: level 1: INFO    (12: 5:48:321 |    1)  22123; stopLocalRender
AgoraCoreService[22108]: (22108) /var/lib/jenkins/workspace/agora-release-linux-2/ServerSDK-Video/src/video_recorder/event_handler.cpp:1341: level 1: INFO    (12: 5:48:321 |    0)  22123; stopLocalRender success
AgoraCoreService[22108]: (22108) /var/lib/jenkins/workspace/agora-release-linux-2/ServerSDK-Video/src/video_recorder/event_handler.cpp:1341: level 2: WARN    (12: 5:48:321 |    0)  22123; stopCapture: VideoEngine haven't startCapture
AgoraCoreService[22108]: (22108) /var/lib/jenkins/workspace/agora-release-linux-2/ServerSDK-Video/src/video_recorder/event_handler.cpp:1341: level 1: INFO    (12: 5:48:321 |    0)  22123; stopRemoteRender
AgoraCoreService[22108]: (22108) /var/lib/jenkins/workspace/agora-release-linux-2/ServerSDK-Video/src/video_recorder/event_handler.cpp:1341: level 1: INFO    (12: 5:48:321 |    0)  22123; [che] stopCall begins
AgoraCoreService[22108]: (22108) /var/lib/jenkins/workspace/agora-release-linux-2/ServerSDK-Video/src/video_recorder/event_handler.cpp:1341: level 1: INFO    (12: 5:48:321 |    0)  22123; [che] stop call returns -1, elapsed 0
AgoraCoreService[22108]: (22108) /var/lib/jenkins/workspace/agora-release-linux-2/ServerSDK-Video/src/video_recorder/event_handler.cpp:1341: level 1: INFO    (12: 5:48:321 |    0)  22123; stopLocalRender
AgoraCoreService[22108]: (22108) /var/lib/jenkins/workspace/agora-release-linux-2/ServerSDK-Video/src/video_recorder/event_handler.cpp:1341: level 1: INFO    (12: 5:48:321 |    0)  22123; stopLocalRender success
AgoraCoreService[22108]: (22108) /var/lib/jenkins/workspace/agora-release-linux-2/ServerSDK-Video/src/video_recorder/event_handler.cpp:1341: level 1: INFO    (12: 5:48:321 |    0)  22123; stopRemoteRender
AgoraCoreService[22108]: (22108) /var/lib/jenkins/workspace/agora-release-linux-2/ServerSDK-Video/src/video_recorder/event_handler.cpp:1341: level 2: WARN    (12: 5:48:321 |    0)  22123; stopCapture: VideoEngine haven't startCapture
AgoraCoreService[22108]: (22108) /var/lib/jenkins/workspace/agora-release-linux-2/ServerSDK-Video/src/video_recorder/event_handler.cpp:1341: level 1: INFO    (12: 5:48:321 |    0)  22129; Thread with name:VideoProcessThread stopped
AgoraCoreService[22108]: (22108) /var/lib/jenkins/workspace/agora-release-linux-2/ServerSDK-Video/src/video_recorder/event_handler.cpp:1341: level 2: WARN    (12: 5:48:321 |    0)  22123; terminate: VideoEngine haven't init
AgoraCoreService[22108]: (22108) /var/lib/jenkins/workspace/agora-release-linux-2/ServerSDK-Video/src/video_recorder/event_handler.cpp:1341: level 1: INFO    (12: 5:48:321 |    0)  22123; [DEBUGG] ViERenderManager Destructor, engine_id: 0
AgoraCoreService[22108]: (22108) /var/lib/jenkins/workspace/agora-release-linux-2/ServerSDK-Video/src/video_recorder/event_handler.cpp:1341: level 1: INFO    (12: 5:48:322 |    1)  22128; Thread with name:VideoEncodeThread stopped
AgoraCoreService[22108]: (22108) /var/lib/jenkins/workspace/agora-release-linux-2/ServerSDK-Video/src/video_recorder/event_handler.cpp:1341: level 1: INFO    (12: 5:48:332 |   10)  22123; VideoSendTrackImpl::UpdateCapturer capturer=(nil)
AgoraCoreService[22108]: (22108) /var/lib/jenkins/workspace/agora-release-linux-2/ServerSDK-Video/src/video_recorder/event_handler.cpp:1341: level 1: INFO    (12: 5:48:332 |    0)  22123; VideoSendTrackImpl::UpdateRenderer, renderer=(nil)
AgoraCoreService[22108]: (22108) /var/lib/jenkins/workspace/agora-release-linux-2/ServerSDK-Video/src/video_recorder/event_handler.cpp:1341: level 1: INFO    (12: 5:48:332 |    0)  22127; Thread with name:EngineMonitorThread stopped
AgoraCoreService[22108]: (22108) /var/lib/jenkins/workspace/agora-release-linux-2/ServerSDK-Video/src/video_recorder/event_handler.cpp:1341: level 1: INFO    (12: 5:48:332 |    0)  22125; Thread with name:external_audio_module_thread stopped
AgoraCoreService[22108]: (22108) /var/lib/jenkins/workspace/agora-release-linux-2/ServerSDK-Video/src/video_recorder/event_handler.cpp:1341: level 1: INFO    (12: 5:48:333 |    1)  22126; Thread with name:WebRtc_event_timer_thread stopped
AgoraCoreService[22108]: (22108) /var/lib/jenkins/workspace/agora-release-linux-2/ServerSDK-Video/src/video_recorder/event_handler.cpp:1341: level 1: INFO    (12: 5:48:333 |    0)  22123; [che] chat engine destroyed
AgoraCoreService[22108]: (22108) /var/lib/jenkins/workspace/agora-release-linux-2/ServerSDK-Video/src/video_recorder/event_handler.cpp:1341: level 1: INFO    (12: 5:48:333 |    0)  22123; ***CALL END
AgoraCoreService[22108]: (22108) /var/lib/jenkins/workspace/agora-release-linux-2/ServerSDK-Video/src/video_recorder/event_handler.cpp:1341: level 1: INFO    (12: 5:48:333 |    0)  22123; onAudioStatusChanged enable audio
AgoraCoreService[22108]: (22108) /var/lib/jenkins/workspace/agora-release-linux-2/ServerSDK-Video/src/video_recorder/event_handler.cpp:1341: level 1: INFO    (12: 5:48:333 |    0)  22123; [MIO] media io controller destroyed
AgoraCoreService[22108]: (22108) /var/lib/jenkins/workspace/agora-release-linux-2/ServerSDK-Video/src/video_recorder/event_handler.cpp:1341: level 1: INFO    (12: 5:48:333 |    0)  22108; async task notify worker thread to exit and return
AgoraCoreService[22108]: (22108) /var/lib/jenkins/workspace/agora-release-linux-2/ServerSDK-Video/src/video_recorder/event_handler.cpp:561: event handler delete timer
recorder_local[22107]: (22107) /var/lib/jenkins/workspace/agora-release-linux-2/ServerSDK-Video/src/base/event_loop.cpp:228: Error fd:4, 16
recorder_local[22107]: (22107) /var/lib/jenkins/workspace/agora-release-linux-2/ServerSDK-Video/src/base/pipe_router.cpp:81: Broken reading pipe! event:16 with error3
recorder_local[22107]: (22107) /var/lib/jenkins/workspace/agora-release-linux-2/ServerSDK-Video/src/rec_engine/RecordingEngineImpl.cpp:542: API call to leave channel
recorder_local[22107]: (22107) /var/lib/jenkins/workspace/agora-release-linux-2/ServerSDK-Video/src/rec_engine/RecordingEngineImpl.cpp:64: Recorder 1e43790 is ready to be release
recorder_local[22107]: (22107) /var/lib/jenkins/workspace/agora-release-linux-2/ServerSDK-Video/src/rec_engine/RecordingEngineImpl.cpp:87: Recording wrapper delete timer
