recorder_local[4096]: (4096) /var/lib/jenkins/workspace/agora-release-linux-2/ServerSDK-Video/src/rec_engine/RecordingEngineImpl.cpp:831: ERROR:failed to open config file
recorder_local[4096]: (4096) /var/lib/jenkins/workspace/agora-release-linux-2/ServerSDK-Video/src/rec_engine/RecordingEngineImpl.cpp:831: ERROR:failed to open config file
recorder_local[4096]: (4096) /var/lib/jenkins/workspace/agora-release-linux-2/ServerSDK-Video/src/rec_engine/RecordingEngineImpl.cpp:430: [Wrapper version] 5d0b257a42f9514a024cc62c69161d55aa150021
recorder_local[4096]: (4096) /var/lib/jenkins/workspace/agora-release-linux-2/ServerSDK-Video/src/rec_engine/RecordingEngineImpl.cpp:431: =======params ======
recorder_local[4096]: (4096) /var/lib/jenkins/workspace/agora-release-linux-2/ServerSDK-Video/src/rec_engine/RecordingEngineImpl.cpp:433: /var/www/RecordingSDK/bin/AgoraCoreService
recorder_local[4096]: (4096) /var/lib/jenkins/workspace/agora-release-linux-2/ServerSDK-Video/src/rec_engine/RecordingEngineImpl.cpp:433: --app_id
recorder_local[4096]: (4096) /var/lib/jenkins/workspace/agora-release-linux-2/ServerSDK-Video/src/rec_engine/RecordingEngineImpl.cpp:433: c7adb7f97a594d9fac501654c7bf281c
recorder_local[4096]: (4096) /var/lib/jenkins/workspace/agora-release-linux-2/ServerSDK-Video/src/rec_engine/RecordingEngineImpl.cpp:433: --channel_key
recorder_local[4096]: (4096) /var/lib/jenkins/workspace/agora-release-linux-2/ServerSDK-Video/src/rec_engine/RecordingEngineImpl.cpp:433: c7adb7f97a594d9fac501654c7bf281c
recorder_local[4096]: (4096) /var/lib/jenkins/workspace/agora-release-linux-2/ServerSDK-Video/src/rec_engine/RecordingEngineImpl.cpp:433: --channel_id
recorder_local[4096]: (4096) /var/lib/jenkins/workspace/agora-release-linux-2/ServerSDK-Video/src/rec_engine/RecordingEngineImpl.cpp:433: police_14_3
recorder_local[4096]: (4096) /var/lib/jenkins/workspace/agora-release-linux-2/ServerSDK-Video/src/rec_engine/RecordingEngineImpl.cpp:433: --idle
recorder_local[4096]: (4096) /var/lib/jenkins/workspace/agora-release-linux-2/ServerSDK-Video/src/rec_engine/RecordingEngineImpl.cpp:433: 300
recorder_local[4096]: (4096) /var/lib/jenkins/workspace/agora-release-linux-2/ServerSDK-Video/src/rec_engine/RecordingEngineImpl.cpp:433: --decode_audio
recorder_local[4096]: (4096) /var/lib/jenkins/workspace/agora-release-linux-2/ServerSDK-Video/src/rec_engine/RecordingEngineImpl.cpp:433: 0
recorder_local[4096]: (4096) /var/lib/jenkins/workspace/agora-release-linux-2/ServerSDK-Video/src/rec_engine/RecordingEngineImpl.cpp:433: --decode_video
recorder_local[4096]: (4096) /var/lib/jenkins/workspace/agora-release-linux-2/ServerSDK-Video/src/rec_engine/RecordingEngineImpl.cpp:433: 0
recorder_local[4096]: (4096) /var/lib/jenkins/workspace/agora-release-linux-2/ServerSDK-Video/src/rec_engine/RecordingEngineImpl.cpp:433: --capture_interval
recorder_local[4096]: (4096) /var/lib/jenkins/workspace/agora-release-linux-2/ServerSDK-Video/src/rec_engine/RecordingEngineImpl.cpp:433: 5
recorder_local[4096]: (4096) /var/lib/jenkins/workspace/agora-release-linux-2/ServerSDK-Video/src/rec_engine/RecordingEngineImpl.cpp:433: --syslog_fclt
recorder_local[4096]: (4096) /var/lib/jenkins/workspace/agora-release-linux-2/ServerSDK-Video/src/rec_engine/RecordingEngineImpl.cpp:433: 8
recorder_local[4096]: (4096) /var/lib/jenkins/workspace/agora-release-linux-2/ServerSDK-Video/src/rec_engine/RecordingEngineImpl.cpp:433: --streamType
recorder_local[4096]: (4096) /var/lib/jenkins/workspace/agora-release-linux-2/ServerSDK-Video/src/rec_engine/RecordingEngineImpl.cpp:433: 0
recorder_local[4096]: (4096) /var/lib/jenkins/workspace/agora-release-linux-2/ServerSDK-Video/src/rec_engine/RecordingEngineImpl.cpp:433: --serviceMode
recorder_local[4096]: (4096) /var/lib/jenkins/workspace/agora-release-linux-2/ServerSDK-Video/src/rec_engine/RecordingEngineImpl.cpp:433: 0
recorder_local[4096]: (4096) /var/lib/jenkins/workspace/agora-release-linux-2/ServerSDK-Video/src/rec_engine/RecordingEngineImpl.cpp:433: --recording_file_dir
recorder_local[4096]: (4096) /var/lib/jenkins/workspace/agora-release-linux-2/ServerSDK-Video/src/rec_engine/RecordingEngineImpl.cpp:433: /var/www/panic2.greenvoo.us/html/public/Records/20180330/police_14_3_222116/
recorder_local[4096]: (4096) /var/lib/jenkins/workspace/agora-release-linux-2/ServerSDK-Video/src/rec_engine/RecordingEngineImpl.cpp:433: --lang
recorder_local[4096]: (4096) /var/lib/jenkins/workspace/agora-release-linux-2/ServerSDK-Video/src/rec_engine/RecordingEngineImpl.cpp:433: 0
recorder_local[4096]: (4096) /var/lib/jenkins/workspace/agora-release-linux-2/ServerSDK-Video/src/base/pipe_router.cpp:153: The ARS created. Reading pipe: 4, writing pipe: 7, pid: 4097
AgoraCoreService[4097]: (4097) /var/lib/jenkins/workspace/agora-release-linux-2/ServerSDK-Video/src/video_recorder/main.cpp:162: video recording wrapper:8, idle:300 write:5, read:6, live:0,channelid:police_14_3 
AgoraCoreService[4097]: (4097) /var/lib/jenkins/workspace/agora-release-linux-2/ServerSDK-Video/src/video_recorder/main.cpp:183: [ARS version] 5d0b257a42f9514a024cc62c69161d55aa150021
AgoraCoreService[4097]: (4097) /var/lib/jenkins/workspace/agora-release-linux-2/ServerSDK-Video/src/video_recorder/main.cpp:185: uid 0 from vendor c7adb7f97a594d9fac501654c7bf281c is joining channel police_14_3
AgoraCoreService[4097]: (4097) /var/lib/jenkins/workspace/agora-release-linux-2/ServerSDK-Video/src/video_recorder/event_handler.cpp:627: SDK version: 75f0227; chat engine: 03c8e5d966234ba3a0eaedf8a9fe5ef1e7e554a4
AgoraCoreService[4097]: (4097) /var/lib/jenkins/workspace/agora-release-linux-2/ServerSDK-Video/src/video_recorder/event_handler.cpp:634: decode_video:0,decode_audio:0
AgoraCoreService[4097]: (4097) /var/lib/jenkins/workspace/agora-release-linux-2/ServerSDK-Video/src/video_recorder/event_handler.cpp:667: Using random lowUdpPort & highUdpPort
AgoraCoreService[4097]: (4097) /var/lib/jenkins/workspace/agora-release-linux-2/ServerSDK-Video/src/video_recorder/event_handler.cpp:1341: level 1: INFO    (22:21:16:400 |    1)   4097; Using random lowUdpPort & highUdpPort
AgoraCoreService[4097]: (4097) /var/lib/jenkins/workspace/agora-release-linux-2/ServerSDK-Video/src/video_recorder/event_handler.cpp:1341: level 1: INFO    (22:21:16:400 |    0)   4097; API call to setChannelProfile 0
AgoraCoreService[4097]: (4097) /var/lib/jenkins/workspace/agora-release-linux-2/ServerSDK-Video/src/video_recorder/event_handler.cpp:1786: init stream, trigger mode: 0 service mode: 0
AgoraCoreService[4097]: (4097) /var/lib/jenkins/workspace/agora-release-linux-2/ServerSDK-Video/src/video_recorder/event_handler.cpp:1341: level 1: INFO    (22:21:16:400 |    0)   4097; API call to setVideoProfileEx 640x360 15 fps 500 kbps
AgoraCoreService[4097]: (4097) /var/lib/jenkins/workspace/agora-release-linux-2/ServerSDK-Video/src/video_recorder/event_handler.cpp:1341: level 1: INFO    (22:21:16:400 |    0)   4097; API call to enable video
AgoraCoreService[4097]: (4097) /var/lib/jenkins/workspace/agora-release-linux-2/ServerSDK-Video/src/video_recorder/event_handler.cpp:1341: level 1: INFO    (22:21:16:400 |    0)   4097; API call to join channel 'police_14_3' uid 0, SDK ver 2.1.0 build 220, device info 'Linux version 3.13.0-143-generic (buildd@lcy01-amd64-010) (gcc version 4.8.4 (Ubuntu 4.8.4-2ubuntu1~14.04.4) ) #192-Ubuntu SMP Tue 
AgoraCoreService[4097]: (4097) /var/lib/jenkins/workspace/agora-release-linux-2/ServerSDK-Video/src/video_recorder/event_handler.cpp:1341: level 1: INFO    (22:21:16:400 |    0)   4112; Agora Service Worker Thread started: 0x321ff98
AgoraCoreService[4097]: (4097) /var/lib/jenkins/workspace/agora-release-linux-2/ServerSDK-Video/src/video_recorder/event_handler.cpp:1341: level 1: INFO    (22:21:16:400 |    0)   4112; network: 'NETWORK_UNKOWN' -> 'LAN' ipv4/v6 '139.59.134.76'/'' gw ''/'' subtype 0 level 1901443808 ssid '' bssid '' rssi 32671 asu 56
AgoraCoreService[4097]: (4097) /var/lib/jenkins/workspace/agora-release-linux-2/ServerSDK-Video/src/video_recorder/event_handler.cpp:1341: level 1: INFO    (22:21:16:401 |    1)   4112; [MIO] mediaIO controller created
AgoraCoreService[4097]: (4097) /var/lib/jenkins/workspace/agora-release-linux-2/ServerSDK-Video/src/video_recorder/event_handler.cpp:1341: level 1: INFO    (22:21:16:401 |    0)   4112; found 'NULL' device: 'Linux version 3.13.0-143-generic (buildd@lcy01-amd64-010) (gcc version 4.8.4 (Ubuntu 4.8.4-2ubuntu1~14.04.4) ) #192-Ubuntu SMP Tue Feb 27 10:45:36 UTC 2018
'
AgoraCoreService[4097]: (4097) /var/lib/jenkins/workspace/agora-release-linux-2/ServerSDK-Video/src/video_recorder/event_handler.cpp:1341: level 1: INFO    (22:21:16:401 |    0)   4112; [rp] {"rtc.channel_profile":0}
AgoraCoreService[4097]: (4097) /var/lib/jenkins/workspace/agora-release-linux-2/ServerSDK-Video/src/video_recorder/event_handler.cpp:1341: level 1: INFO    (22:21:16:401 |    0)   4112; [rp] {"che.audio.external_device":true}
AgoraCoreService[4097]: (4097) /var/lib/jenkins/workspace/agora-release-linux-2/ServerSDK-Video/src/video_recorder/event_handler.cpp:1341: level 1: INFO    (22:21:16:401 |    0)   4112; [rp] {"che.audio.audioSampleRate":48000}
AgoraCoreService[4097]: (4097) /var/lib/jenkins/workspace/agora-release-linux-2/ServerSDK-Video/src/video_recorder/event_handler.cpp:1341: level 1: INFO    (22:21:16:401 |    0)   4112; [rp] {"che.video.keep_prerotation":false}
AgoraCoreService[4097]: (4097) /var/lib/jenkins/workspace/agora-release-linux-2/ServerSDK-Video/src/video_recorder/event_handler.cpp:1341: level 1: INFO    (22:21:16:401 |    0)   4112; [rp] {"rtc.client_type":3}
AgoraCoreService[4097]: (4097) /var/lib/jenkins/workspace/agora-release-linux-2/ServerSDK-Video/src/video_recorder/event_handler.cpp:1341: level 1: INFO    (22:21:16:401 |    0)   4112; [rp] {"che.audienceMode":true}
AgoraCoreService[4097]: (4097) /var/lib/jenkins/workspace/agora-release-linux-2/ServerSDK-Video/src/video_recorder/event_handler.cpp:1341: level 1: INFO    (22:21:16:401 |    0)   4112; [rp] {"che.video.recording":true}
AgoraCoreService[4097]: (4097) /var/lib/jenkins/workspace/agora-release-linux-2/ServerSDK-Video/src/video_recorder/event_handler.cpp:1341: level 1: INFO    (22:21:16:402 |    1)   4112; [rp] {"che.audio.set_capture_raw_audio_format":{"sampleRate":48000,"channelCnt":1,"mode":1,"samplesPerCall":480}}
AgoraCoreService[4097]: (4097) /var/lib/jenkins/workspace/agora-release-linux-2/ServerSDK-Video/src/video_recorder/event_handler.cpp:1341: level 1: INFO    (22:21:16:402 |    0)   4112; [rp] {"che.audio.set_render_raw_audio_format":{"sampleRate":48000,"channelCnt":1,"mode":0,"samplesPerCall":480}}
AgoraCoreService[4097]: (4097) /var/lib/jenkins/workspace/agora-release-linux-2/ServerSDK-Video/src/video_recorder/event_handler.cpp:1341: level 1: INFO    (22:21:16:402 |    0)   4112; [rp] {"rtc.log_file":"/var/www/panic2.greenvoo.us/html/public/Records/20180330/police_14_3_222116/recording_0.log"}
AgoraCoreService[4097]: (4097) /var/lib/jenkins/workspace/agora-release-linux-2/ServerSDK-Video/src/video_recorder/event_handler.cpp:1341: level 1: INFO    (22:21:16:402 |    0)   4112; [rp] {"rtc.video.mute_me":true,"che.video.local.send":false}
AgoraCoreService[4097]: (4097) /var/lib/jenkins/workspace/agora-release-linux-2/ServerSDK-Video/src/video_recorder/event_handler.cpp:1341: level 1: INFO    (22:21:16:402 |    0)   4112; [rp] {"rtc.audio.mute_me":true,"che.audio.mute_me":true}
AgoraCoreService[4097]: (4097) /var/lib/jenkins/workspace/agora-release-linux-2/ServerSDK-Video/src/video_recorder/event_handler.cpp:1341: level 1: INFO    (22:21:16:402 |    0)   4112; [rp] {"rtc.video.set_remote_default_video_stream_type":0}
AgoraCoreService[4097]: (4097) /var/lib/jenkins/workspace/agora-release-linux-2/ServerSDK-Video/src/video_recorder/event_handler.cpp:1341: level 1: INFO    (22:21:16:402 |    0)   4112; API call to SetRemoteDefaultVideoStreamType: 0
AgoraCoreService[4097]: (4097) /var/lib/jenkins/workspace/agora-release-linux-2/ServerSDK-Video/src/video_recorder/event_handler.cpp:1341: level 1: INFO    (22:21:16:402 |    0)   4112; [rp] {"che.video.local.camera_index":1024}
AgoraCoreService[4097]: (4097) /var/lib/jenkins/workspace/agora-release-linux-2/ServerSDK-Video/src/video_recorder/event_handler.cpp:1341: level 1: INFO    (22:21:16:402 |    0)   4112; [rp] {"rtc.video.enabled":true}
AgoraCoreService[4097]: (4097) /var/lib/jenkins/workspace/agora-release-linux-2/ServerSDK-Video/src/video_recorder/event_handler.cpp:1341: level 1: INFO    (22:21:16:402 |    0)   4112; API call to enable video
AgoraCoreService[4097]: (4097) /var/lib/jenkins/workspace/agora-release-linux-2/ServerSDK-Video/src/video_recorder/event_handler.cpp:1341: level 1: INFO    (22:21:16:403 |    1)   4112; ***CALL BEGIN: appid:'c7****************************1c' cname:'police_14_3' info:'' sid:'D1EC26F183024D35BFFF12EA742B2DFC'
AgoraCoreService[4097]: (4097) /var/lib/jenkins/workspace/agora-release-linux-2/ServerSDK-Video/src/video_recorder/event_handler.cpp:1341: level 1: INFO    (22:21:16:403 |    0)   4112; addRef of media engine, ref=1
AgoraCoreService[4097]: (4097) /var/lib/jenkins/workspace/agora-release-linux-2/ServerSDK-Video/src/video_recorder/event_handler.cpp:1341: level 1: INFO    (22:21:16:403 |    0)   4112; [che] create chat engine, ctx:(nil)
AgoraCoreService[4097]: (4097) /var/lib/jenkins/workspace/agora-release-linux-2/ServerSDK-Video/src/video_recorder/event_handler.cpp:1341: level 1: INFO    (22:21:16:403 |    0)   4112; [MYDEBUG] large group call false
AgoraCoreService[4097]: (4097) /var/lib/jenkins/workspace/agora-release-linux-2/ServerSDK-Video/src/video_recorder/event_handler.cpp:1341: level 1: INFO    (22:21:16:403 |    0)   4112; ChatEngineParameterHelper::applyMediaEngineMode: 
AgoraCoreService[4097]: (4097) /var/lib/jenkins/workspace/agora-release-linux-2/ServerSDK-Video/src/video_recorder/event_handler.cpp:1341: level 1: INFO    (22:21:16:403 |    0)   4112; applyMediaEngineMode(): Hardware encoding false Hardware decoding false
AgoraCoreService[4097]: (4097) /var/lib/jenkins/workspace/agora-release-linux-2/ServerSDK-Video/src/video_recorder/event_handler.cpp:1341: level 1: INFO    (22:21:16:405 |    2)   4114; Thread with name:external_audio_module_thread started 
AgoraCoreService[4097]: (4097) /var/lib/jenkins/workspace/agora-release-linux-2/ServerSDK-Video/src/video_recorder/event_handler.cpp:1341: level 1: INFO    (22:21:16:405 |    0)   4115; Thread with name:WebRtc_event_timer_thread started 
AgoraCoreService[4097]: (4097) /var/lib/jenkins/workspace/agora-release-linux-2/ServerSDK-Video/src/video_recorder/event_handler.cpp:1341: level 1: INFO    (22:21:16:405 |    0)   4112; StereoPlayoutIsAvailable(), output: available=0
AgoraCoreService[4097]: (4097) /var/lib/jenkins/workspace/agora-release-linux-2/ServerSDK-Video/src/video_recorder/event_handler.cpp:1341: level 1: INFO    (22:21:16:405 |    0)   4112; StereoRecordingIsAvailable(), output: available=0
AgoraCoreService[4097]: (4097) /var/lib/jenkins/workspace/agora-release-linux-2/ServerSDK-Video/src/video_recorder/event_handler.cpp:1341: level 1: INFO    (22:21:16:405 |    0)   4116; Thread with name:EngineMonitorThread started 
AgoraCoreService[4097]: (4097) /var/lib/jenkins/workspace/agora-release-linux-2/ServerSDK-Video/src/video_recorder/event_handler.cpp:1341: level 1: INFO    (22:21:16:405 |    0)   4112; setMuteStatus, muted: On
AgoraCoreService[4097]: (4097) /var/lib/jenkins/workspace/agora-release-linux-2/ServerSDK-Video/src/video_recorder/event_handler.cpp:1341: level 1: INFO    (22:21:16:405 |    0)   4112; setMuteOutput, muted: false
AgoraCoreService[4097]: (4097) /var/lib/jenkins/workspace/agora-release-linux-2/ServerSDK-Video/src/video_recorder/event_handler.cpp:1341: level 2: WARN    (22:21:16:405 |    0)   4112; setMicSensitivity failed, legal values are between [0, 10]
AgoraCoreService[4097]: (4097) /var/lib/jenkins/workspace/agora-release-linux-2/ServerSDK-Video/src/video_recorder/event_handler.cpp:1341: level 1: INFO    (22:21:16:406 |    1)   4112; Audio Engine Init success
AgoraCoreService[4097]: (4097) /var/lib/jenkins/workspace/agora-release-linux-2/ServerSDK-Video/src/video_recorder/event_handler.cpp:1341: level 1: INFO    (22:21:16:406 |    0)   4112; Available number of cores:1
AgoraCoreService[4097]: (4097) /var/lib/jenkins/workspace/agora-release-linux-2/ServerSDK-Video/src/video_recorder/event_handler.cpp:1341: level 1: INFO    (22:21:16:406 |    0)   4112; CreateVideoSendTrack
AgoraCoreService[4097]: (4097) /var/lib/jenkins/workspace/agora-release-linux-2/ServerSDK-Video/src/video_recorder/event_handler.cpp:1341: level 1: INFO    (22:21:16:406 |    0)   4112; init: feature prerotation disabled
AgoraCoreService[4097]: (4097) /var/lib/jenkins/workspace/agora-release-linux-2/ServerSDK-Video/src/video_recorder/event_handler.cpp:1341: level 1: INFO    (22:21:16:406 |    0)   4112; Agora Engine video codec set to custom mode role mode 0
AgoraCoreService[4097]: (4097) /var/lib/jenkins/workspace/agora-release-linux-2/ServerSDK-Video/src/video_recorder/event_handler.cpp:1341: level 1: INFO    (22:21:16:406 |    0)   4112; Agora Engine video codec index 1
AgoraCoreService[4097]: (4097) /var/lib/jenkins/workspace/agora-release-linux-2/ServerSDK-Video/src/video_recorder/event_handler.cpp:1341: level 1: INFO    (22:21:16:406 |    0)   4112; Agora Engine video stream type = 0
AgoraCoreService[4097]: (4097) /var/lib/jenkins/workspace/agora-release-linux-2/ServerSDK-Video/src/video_recorder/event_handler.cpp:1341: level 1: INFO    (22:21:16:407 |    1)   4117; Thread with name:VideoEncodeThread started 
AgoraCoreService[4097]: (4097) /var/lib/jenkins/workspace/agora-release-linux-2/ServerSDK-Video/src/video_recorder/event_handler.cpp:1341: level 1: INFO    (22:21:16:407 |    0)   4112; EncoderWrapper::Create hardware_ = 0, hardware_low_ = 0
AgoraCoreService[4097]: (4097) /var/lib/jenkins/workspace/agora-release-linux-2/ServerSDK-Video/src/video_recorder/event_handler.cpp:1341: level 1: INFO    (22:21:16:407 |    0)   4118; Thread with name:VideoProcessThread started 
AgoraCoreService[4097]: (4097) /var/lib/jenkins/workspace/agora-release-linux-2/ServerSDK-Video/src/video_recorder/event_handler.cpp:1341: level 1: INFO    (22:21:16:407 |    0)   4112; setCodec: index=1 width=640 height=360 framerate=15
AgoraCoreService[4097]: (4097) /var/lib/jenkins/workspace/agora-release-linux-2/ServerSDK-Video/src/video_recorder/event_handler.cpp:1341: level 1: INFO    (22:21:16:407 |    0)   4112; h264WebInteropEnable: enable 0
AgoraCoreService[4097]: (4097) /var/lib/jenkins/workspace/agora-release-linux-2/ServerSDK-Video/src/video_recorder/event_handler.cpp:1341: level 1: INFO    (22:21:16:407 |    0)   4112; setCaptureDevice: index=1024
AgoraCoreService[4097]: (4097) /var/lib/jenkins/workspace/agora-release-linux-2/ServerSDK-Video/src/video_recorder/event_handler.cpp:1341: level 1: INFO    (22:21:16:407 |    0)   4112; setMaxVideoBitrate: max bitrate=0
AgoraCoreService[4097]: (4097) /var/lib/jenkins/workspace/agora-release-linux-2/ServerSDK-Video/src/video_recorder/event_handler.cpp:1341: level 1: INFO    (22:21:16:407 |    0)   4112; more fec enable 0 curr fec method 0
AgoraCoreService[4097]: (4097) /var/lib/jenkins/workspace/agora-release-linux-2/ServerSDK-Video/src/video_recorder/event_handler.cpp:1341: level 1: INFO    (22:21:16:407 |    0)   4112; video fec method 0
AgoraCoreService[4097]: (4097) /var/lib/jenkins/workspace/agora-release-linux-2/ServerSDK-Video/src/video_recorder/event_handler.cpp:1341: level 4: ERROR   (22:21:16:408 |    1)   4112; videoEngine created and initialize here
AgoraCoreService[4097]: (4097) /var/lib/jenkins/workspace/agora-release-linux-2/ServerSDK-Video/src/video_recorder/event_handler.cpp:1341: level 1: INFO    (22:21:16:408 |    0)   4112; CreateVideoSendTrack
AgoraCoreService[4097]: (4097) /var/lib/jenkins/workspace/agora-release-linux-2/ServerSDK-Video/src/video_recorder/event_handler.cpp:1341: level 1: INFO    (22:21:16:408 |    0)   4112; [MIO] updateCapturer: ((nil)), type:(1)
AgoraCoreService[4097]: (4097) /var/lib/jenkins/workspace/agora-release-linux-2/ServerSDK-Video/src/video_recorder/event_handler.cpp:1341: level 1: INFO    (22:21:16:408 |    0)   4112; CreateAgoraDefaultCapture: type=0
AgoraCoreService[4097]: (4097) /var/lib/jenkins/workspace/agora-release-linux-2/ServerSDK-Video/src/video_recorder/event_handler.cpp:1341: level 1: INFO    (22:21:16:408 |    0)   4112; CreateVideoCapturer: interface=0x7f9f64172af0
AgoraCoreService[4097]: (4097) /var/lib/jenkins/workspace/agora-release-linux-2/ServerSDK-Video/src/video_recorder/event_handler.cpp:1341: level 1: INFO    (22:21:16:408 |    0)   4112; VideoSendTrackImpl::UpdateCapturer capturer=0x7f9f641d4c10
AgoraCoreService[4097]: (4097) /var/lib/jenkins/workspace/agora-release-linux-2/ServerSDK-Video/src/video_recorder/event_handler.cpp:1341: level 1: INFO    (22:21:16:408 |    0)   4112; [MIO] updateLocalRender: ((nil)), type:(1)
AgoraCoreService[4097]: (4097) /var/lib/jenkins/workspace/agora-release-linux-2/ServerSDK-Video/src/video_recorder/event_handler.cpp:1341: level 1: INFO    (22:21:16:408 |    0)   4112; CreateAgoraDefaultRender
AgoraCoreService[4097]: (4097) /var/lib/jenkins/workspace/agora-release-linux-2/ServerSDK-Video/src/video_recorder/event_handler.cpp:1341: level 1: INFO    (22:21:16:408 |    0)   4112; CreateVideoRenderer: interface=0x7f9f641d5090
AgoraCoreService[4097]: (4097) /var/lib/jenkins/workspace/agora-release-linux-2/ServerSDK-Video/src/video_recorder/event_handler.cpp:1341: level 1: INFO    (22:21:16:408 |    0)   4112; VideoSendTrackImpl::UpdateRenderer, renderer=0x7f9f641d50d0
AgoraCoreService[4097]: (4097) /var/lib/jenkins/workspace/agora-release-linux-2/ServerSDK-Video/src/video_recorder/event_handler.cpp:1341: level 1: INFO    (22:21:16:408 |    0)   4112; [MIO] video send track prepared !!
AgoraCoreService[4097]: (4097) /var/lib/jenkins/workspace/agora-release-linux-2/ServerSDK-Video/src/video_recorder/event_handler.cpp:1341: level 1: INFO    (22:21:16:408 |    0)   4112; [che] applyVideoProfile: 640x360 15 fps 500 kbps
AgoraCoreService[4097]: (4097) /var/lib/jenkins/workspace/agora-release-linux-2/ServerSDK-Video/src/video_recorder/event_handler.cpp:1341: level 1: INFO    (22:21:16:408 |    0)   4112; validateVideoParameters: validate video parameters resolution 640x360, fps 15, rate 500000
AgoraCoreService[4097]: (4097) /var/lib/jenkins/workspace/agora-release-linux-2/ServerSDK-Video/src/video_recorder/event_handler.cpp:1341: level 1: INFO    (22:21:16:408 |    0)   4112; setMaxVideoBitrate: max bitrate=500000
AgoraCoreService[4097]: (4097) /var/lib/jenkins/workspace/agora-release-linux-2/ServerSDK-Video/src/video_recorder/event_handler.cpp:1341: level 1: INFO    (22:21:16:408 |    0)   4112; setCodecRates: set frame rate to 15
AgoraCoreService[4097]: (4097) /var/lib/jenkins/workspace/agora-release-linux-2/ServerSDK-Video/src/video_recorder/event_handler.cpp:1341: level 1: INFO    (22:21:16:409 |    1)   4112; setCodec: index=1 width=640 height=360 framerate=15
AgoraCoreService[4097]: (4097) /var/lib/jenkins/workspace/agora-release-linux-2/ServerSDK-Video/src/video_recorder/event_handler.cpp:1341: level 1: INFO    (22:21:16:409 |    0)   4112; setCodecResolution: set to 640 x 360
AgoraCoreService[4097]: (4097) /var/lib/jenkins/workspace/agora-release-linux-2/ServerSDK-Video/src/video_recorder/event_handler.cpp:1341: level 1: INFO    (22:21:16:409 |    0)   4112; [che] chat engine initialized
AgoraCoreService[4097]: (4097) /var/lib/jenkins/workspace/agora-release-linux-2/ServerSDK-Video/src/video_recorder/event_handler.cpp:1341: level 1: INFO    (22:21:16:409 |    0)   4112; [vocs] vocs initialized
AgoraCoreService[4097]: (4097) /var/lib/jenkins/workspace/agora-release-linux-2/ServerSDK-Video/src/video_recorder/event_handler.cpp:1341: level 1: INFO    (22:21:16:409 |    0)   4112; [rs] report server ip: 221.228.78.123:8000
AgoraCoreService[4097]: (4097) /var/lib/jenkins/workspace/agora-release-linux-2/ServerSDK-Video/src/video_recorder/event_handler.cpp:1341: level 1: INFO    (22:21:16:410 |    1)   4112; [rlbs] selected: 221.228.78.123:9700
AgoraCoreService[4097]: (4097) /var/lib/jenkins/workspace/agora-release-linux-2/ServerSDK-Video/src/video_recorder/event_handler.cpp:1341: level 1: INFO    (22:21:16:410 |    0)   4112; [rlbs] request rs list from 221.228.78.123:9700.......
AgoraCoreService[4097]: (4097) /var/lib/jenkins/workspace/agora-release-linux-2/ServerSDK-Video/src/video_recorder/event_handler.cpp:1341: level 1: INFO    (22:21:16:410 |    0)   4112; CacheManager: save cache to storage elapsed 0
AgoraCoreService[4097]: (4097) /var/lib/jenkins/workspace/agora-release-linux-2/ServerSDK-Video/src/video_recorder/event_handler.cpp:1341: level 1: INFO    (22:21:16:410 |    0)   4112; [cm] emit join channel signal, size=2
AgoraCoreService[4097]: (4097) /var/lib/jenkins/workspace/agora-release-linux-2/ServerSDK-Video/src/video_recorder/event_handler.cpp:1341: level 1: INFO    (22:21:16:410 |    0)   4112; CacheManager: save cache to storage elapsed 0
AgoraCoreService[4097]: (4097) /var/lib/jenkins/workspace/agora-release-linux-2/ServerSDK-Video/src/video_recorder/event_handler.cpp:1341: level 1: INFO    (22:21:16:411 |    1)   4112; [vocs] lookup channel...
AgoraCoreService[4097]: (4097) /var/lib/jenkins/workspace/agora-release-linux-2/ServerSDK-Video/src/video_recorder/event_handler.cpp:1341: level 1: INFO    (22:21:16:411 |    0)   4112; [vocs] selected: 119.9.92.49:8000
AgoraCoreService[4097]: (4097) /var/lib/jenkins/workspace/agora-release-linux-2/ServerSDK-Video/src/video_recorder/event_handler.cpp:1341: level 1: INFO    (22:21:16:411 |    0)   4112; connecting to 119.9.92.49:8000 handle 6420fdd0, 28
AgoraCoreService[4097]: (4097) /var/lib/jenkins/workspace/agora-release-linux-2/ServerSDK-Video/src/video_recorder/event_handler.cpp:1341: level 1: INFO    (22:21:16:411 |    0)   4112; [vocs] creating channel with 119.9.92.49:8000, ts 1522448476411.......
AgoraCoreService[4097]: (4097) /var/lib/jenkins/workspace/agora-release-linux-2/ServerSDK-Video/src/video_recorder/event_handler.cpp:1341: level 1: INFO    (22:21:16:411 |    0)   4112; [vocs] selected: 69.28.51.138:8000
AgoraCoreService[4097]: (4097) /var/lib/jenkins/workspace/agora-release-linux-2/ServerSDK-Video/src/video_recorder/event_handler.cpp:1341: level 1: INFO    (22:21:16:411 |    0)   4112; [vocs] creating channel with 69.28.51.138:8000, ts 1522448476411.......
AgoraCoreService[4097]: (4097) /var/lib/jenkins/workspace/agora-release-linux-2/ServerSDK-Video/src/video_recorder/event_handler.cpp:1341: level 1: INFO    (22:21:16:411 |    0)   4112; [vocs] selected: 221.228.202.134:8000
AgoraCoreService[4097]: (4097) /var/lib/jenkins/workspace/agora-release-linux-2/ServerSDK-Video/src/video_recorder/event_handler.cpp:1341: level 1: INFO    (22:21:16:411 |    0)   4112; [vocs] creating channel with 221.228.202.134:8000, ts 1522448476411.......
AgoraCoreService[4097]: (4097) /var/lib/jenkins/workspace/agora-release-linux-2/ServerSDK-Video/src/video_recorder/event_handler.cpp:1341: level 1: INFO    (22:21:16:411 |    0)   4112; [rp] {"che.audio.audioSampleRate":48000}
AgoraCoreService[4097]: (4097) /var/lib/jenkins/workspace/agora-release-linux-2/ServerSDK-Video/src/video_recorder/event_handler.cpp:1341: level 1: INFO    (22:21:16:412 |    1)   4112; [dns] parsed ip 199.190.44.35
AgoraCoreService[4097]: (4097) /var/lib/jenkins/workspace/agora-release-linux-2/ServerSDK-Video/src/video_recorder/event_handler.cpp:1341: level 1: INFO    (22:21:16:412 |    0)   4112; [dns] parsed ip 199.190.44.36
AgoraCoreService[4097]: (4097) /var/lib/jenkins/workspace/agora-release-linux-2/ServerSDK-Video/src/video_recorder/event_handler.cpp:1341: level 1: INFO    (22:21:16:412 |    0)   4112; [rs] dns parse result code: 0, servers size: 1
AgoraCoreService[4097]: (4097) /var/lib/jenkins/workspace/agora-release-linux-2/ServerSDK-Video/src/video_recorder/event_handler.cpp:1341: level 1: INFO    (22:21:16:412 |    0)   4112; [rs] dns parse and selected server: 223.111.12.227
AgoraCoreService[4097]: (4097) /var/lib/jenkins/workspace/agora-release-linux-2/ServerSDK-Video/src/video_recorder/event_handler.cpp:1341: level 1: INFO    (22:21:16:425 |   13)   4112; [dns] parsed ip 128.1.87.146
AgoraCoreService[4097]: (4097) /var/lib/jenkins/workspace/agora-release-linux-2/ServerSDK-Video/src/video_recorder/event_handler.cpp:1341: level 1: INFO    (22:21:16:425 |    0)   4112; [dns] parsed ip 69.28.51.138
AgoraCoreService[4097]: (4097) /var/lib/jenkins/workspace/agora-release-linux-2/ServerSDK-Video/src/video_recorder/event_handler.cpp:1341: level 1: INFO    (22:21:16:425 |    0)   4112; [dns] parsed ip 119.9.92.49
AgoraCoreService[4097]: (4097) /var/lib/jenkins/workspace/agora-release-linux-2/ServerSDK-Video/src/video_recorder/event_handler.cpp:1341: level 1: INFO    (22:21:16:566 |  141)   4112; [vocs/u] **responsed from 69.28.51.138:8000, 3 vos, elapsed 165, server ts 1522448475966, wan ip 139.59.134.76
AgoraCoreService[4097]: (4097) /var/lib/jenkins/workspace/agora-release-linux-2/ServerSDK-Video/src/video_recorder/event_handler.cpp:1341: level 1: INFO    (22:21:16:566 |    0)   4112; [vos] added server: 69.172.244.35:4004
AgoraCoreService[4097]: (4097) /var/lib/jenkins/workspace/agora-release-linux-2/ServerSDK-Video/src/video_recorder/event_handler.cpp:1341: level 1: INFO    (22:21:16:566 |    0)   4112; [vos] added server: 107.155.14.131:4006
AgoraCoreService[4097]: (4097) /var/lib/jenkins/workspace/agora-release-linux-2/ServerSDK-Video/src/video_recorder/event_handler.cpp:1341: level 1: INFO    (22:21:16:566 |    0)   4112; [vos] added server: 128.1.78.114:4003
AgoraCoreService[4097]: (4097) /var/lib/jenkins/workspace/agora-release-linux-2/ServerSDK-Video/src/video_recorder/event_handler.cpp:1341: level 1: INFO    (22:21:16:566 |    0)   4112; [ch0] vos initialized
AgoraCoreService[4097]: (4097) /var/lib/jenkins/workspace/agora-release-linux-2/ServerSDK-Video/src/video_recorder/event_handler.cpp:1341: level 1: INFO    (22:21:16:566 |    0)   4112; [vos] selected: 128.1.78.114:4003
AgoraCoreService[4097]: (4097) /var/lib/jenkins/workspace/agora-release-linux-2/ServerSDK-Video/src/video_recorder/event_handler.cpp:1341: level 4: ERROR   (22:21:16:567 |    1)   4112; [ch0] login strategy=2
AgoraCoreService[4097]: (4097) /var/lib/jenkins/workspace/agora-release-linux-2/ServerSDK-Video/src/video_recorder/event_handler.cpp:1341: level 1: INFO    (22:21:16:567 |    0)   4112; [ds]: ver 1 ds '{"streamType":5}'
AgoraCoreService[4097]: (4097) /var/lib/jenkins/workspace/agora-release-linux-2/ServerSDK-Video/src/video_recorder/event_handler.cpp:1341: level 1: INFO    (22:21:16:567 |    0)   4112; [ch0] Login VOS (proto:10, cid:1169406064, uid:1838691077, ts:1522448476567, ticket size:84 ds:1 stream:+A+VH) 2: 128.1.78.114:4003
AgoraCoreService[4097]: (4097) /var/lib/jenkins/workspace/agora-release-linux-2/ServerSDK-Video/src/video_recorder/event_handler.cpp:1341: level 1: INFO    (22:21:16:567 |    0)   4112; add ping address 139.59.134.76
AgoraCoreService[4097]: (4097) /var/lib/jenkins/workspace/agora-release-linux-2/ServerSDK-Video/src/video_recorder/event_handler.cpp:1341: level 1: INFO    (22:21:16:567 |    0)   4112; PING 139.59.134.76:0 16(44) bytes of data
AgoraCoreService[4097]: (4097) /var/lib/jenkins/workspace/agora-release-linux-2/ServerSDK-Video/src/video_recorder/event_handler.cpp:1341: level 1: INFO    (22:21:16:576 |    9)   4112; [ch0] **VOS response to login request (res 0 elapsed 175, server ts 1522448476049, s-c:-527) from 128.1.78.114:4003, and current dest server 128.1.78.114:4003
AgoraCoreService[4097]: (4097) /var/lib/jenkins/workspace/agora-release-linux-2/ServerSDK-Video/src/video_recorder/event_handler.cpp:1341: level 1: INFO    (22:21:16:576 |    0)   4112; updateActiveVosList: ["128.1.78.114:4003"]
AgoraCoreService[4097]: (4097) /var/lib/jenkins/workspace/agora-release-linux-2/ServerSDK-Video/src/video_recorder/event_handler.cpp:1341: level 1: INFO    (22:21:16:576 |    0)   4112; [che] start call begins
AgoraCoreService[4097]: (4097) /var/lib/jenkins/workspace/agora-release-linux-2/ServerSDK-Video/src/video_recorder/event_handler.cpp:1341: level 1: INFO    (22:21:16:576 |    0)   4112; Set Application Mode in RTC Engine to No. 0
AgoraCoreService[4097]: (4097) /var/lib/jenkins/workspace/agora-release-linux-2/ServerSDK-Video/src/video_recorder/event_handler.cpp:1341: level 4: ERROR   (22:21:16:576 |    0)   4112; GetCodec() invalid index (error=8004)
AgoraCoreService[4097]: (4097) /var/lib/jenkins/workspace/agora-release-linux-2/ServerSDK-Video/src/video_recorder/event_handler.cpp:1341: level 1: INFO    (22:21:16:576 |    0)   4112; SetCodec by type : No. 85
AgoraCoreService[4097]: (4097) /var/lib/jenkins/workspace/agora-release-linux-2/ServerSDK-Video/src/video_recorder/event_handler.cpp:1341: level 1: INFO    (22:21:16:585 |    9)   4112; StartPlayout complete
AgoraCoreService[4097]: (4097) /var/lib/jenkins/workspace/agora-release-linux-2/ServerSDK-Video/src/video_recorder/event_handler.cpp:1341: level 1: INFO    (22:21:16:586 |    1)   4112; output: kDummyAudio
AgoraCoreService[4097]: (4097) /var/lib/jenkins/workspace/agora-release-linux-2/ServerSDK-Video/src/video_recorder/event_handler.cpp:1341: level 1: INFO    (22:21:16:595 |    9)   4112; StartRecording complete
AgoraCoreService[4097]: (4097) /var/lib/jenkins/workspace/agora-release-linux-2/ServerSDK-Video/src/video_recorder/event_handler.cpp:1341: level 4: ERROR   (22:21:16:595 |    0)   4112; SetAgcConfig() failed to set the range in |gain| the digital compression stage may apply (error=8097)
AgoraCoreService[4097]: (4097) /var/lib/jenkins/workspace/agora-release-linux-2/ServerSDK-Video/src/video_recorder/event_handler.cpp:1341: level 1: INFO    (22:21:16:595 |    0)   4112; SetHowlingControl enable = 0
AgoraCoreService[4097]: (4097) /var/lib/jenkins/workspace/agora-release-linux-2/ServerSDK-Video/src/video_recorder/event_handler.cpp:1341: level 1: INFO    (22:21:16:595 |    0)   4112; Application Config module:  Route 0, NS on, AEC N, AGC on, BSS off, HC on
AgoraCoreService[4097]: (4097) /var/lib/jenkins/workspace/agora-release-linux-2/ServerSDK-Video/src/video_recorder/event_handler.cpp:1341: level 1: INFO    (22:21:16:595 |    0)   4112; MID = 0, Routing = 0
AgoraCoreService[4097]: (4097) /var/lib/jenkins/workspace/agora-release-linux-2/ServerSDK-Video/src/video_recorder/event_handler.cpp:1341: level 1: INFO    (22:21:16:595 |    0)   4112; [che] applyVideoProfile: 640x360 15 fps 500 kbps
AgoraCoreService[4097]: (4097) /var/lib/jenkins/workspace/agora-release-linux-2/ServerSDK-Video/src/video_recorder/event_handler.cpp:1341: level 1: INFO    (22:21:16:596 |    1)   4112; validateVideoParameters: validate video parameters resolution 640x360, fps 15, rate 500000
AgoraCoreService[4097]: (4097) /var/lib/jenkins/workspace/agora-release-linux-2/ServerSDK-Video/src/video_recorder/event_handler.cpp:1341: level 1: INFO    (22:21:16:596 |    0)   4112; setMaxVideoBitrate: max bitrate=500000
AgoraCoreService[4097]: (4097) /var/lib/jenkins/workspace/agora-release-linux-2/ServerSDK-Video/src/video_recorder/event_handler.cpp:1341: level 1: INFO    (22:21:16:596 |    0)   4112; setCodecRates: set frame rate to 15
AgoraCoreService[4097]: (4097) /var/lib/jenkins/workspace/agora-release-linux-2/ServerSDK-Video/src/video_recorder/event_handler.cpp:1341: level 1: INFO    (22:21:16:596 |    0)   4112; setCodec: index=1 width=640 height=360 framerate=15
AgoraCoreService[4097]: (4097) /var/lib/jenkins/workspace/agora-release-linux-2/ServerSDK-Video/src/video_recorder/event_handler.cpp:1341: level 1: INFO    (22:21:16:596 |    0)   4112; setCodecResolution: set to 640 x 360
AgoraCoreService[4097]: (4097) /var/lib/jenkins/workspace/agora-release-linux-2/ServerSDK-Video/src/video_recorder/event_handler.cpp:1341: level 1: INFO    (22:21:16:596 |    0)   4112; CreateVideoCapturer: interface=0x7f9f64172c90
AgoraCoreService[4097]: (4097) /var/lib/jenkins/workspace/agora-release-linux-2/ServerSDK-Video/src/video_recorder/event_handler.cpp:1341: level 1: INFO    (22:21:16:596 |    0)   4112; VideoSendTrackImpl::UpdateCapturer capturer=0x7f9f6421f9d0
AgoraCoreService[4097]: (4097) /var/lib/jenkins/workspace/agora-release-linux-2/ServerSDK-Video/src/video_recorder/event_handler.cpp:1341: level 1: INFO    (22:21:16:596 |    0)   4112; Create participant 0
AgoraCoreService[4097]: (4097) /var/lib/jenkins/workspace/agora-release-linux-2/ServerSDK-Video/src/video_recorder/event_handler.cpp:1341: level 1: INFO    (22:21:16:596 |    0)   4112; startCapture: device? 1024 init? 1 local enabled? 1 capturing? 0 rendering? 0
AgoraCoreService[4097]: (4097) /var/lib/jenkins/workspace/agora-release-linux-2/ServerSDK-Video/src/video_recorder/event_handler.cpp:1341: level 1: INFO    (22:21:16:596 |    0)   4112; startCapture: Receive Only Mode, capture still on. Encode will be turned off
AgoraCoreService[4097]: (4097) /var/lib/jenkins/workspace/agora-release-linux-2/ServerSDK-Video/src/video_recorder/event_handler.cpp:1341: level 1: INFO    (22:21:16:596 |    0)   4112; AgoraVideoInput::Init thread=1, type=100, device=External Device
AgoraCoreService[4097]: (4097) /var/lib/jenkins/workspace/agora-release-linux-2/ServerSDK-Video/src/video_recorder/event_handler.cpp:1341: level 1: INFO    (22:21:16:596 |    0)   4119; Thread with name:AgoraInputThread started 
AgoraCoreService[4097]: (4097) /var/lib/jenkins/workspace/agora-release-linux-2/ServerSDK-Video/src/video_recorder/event_handler.cpp:1341: level 1: INFO    (22:21:16:596 |    0)   4120; Thread with name:ExternalCaptureThread started 
AgoraCoreService[4097]: (4097) /var/lib/jenkins/workspace/agora-release-linux-2/ServerSDK-Video/src/video_recorder/event_handler.cpp:1341: level 1: INFO    (22:21:16:597 |    1)   4112; setCodec: index=1 width=640 height=360 framerate=15
AgoraCoreService[4097]: (4097) /var/lib/jenkins/workspace/agora-release-linux-2/ServerSDK-Video/src/video_recorder/event_handler.cpp:1341: level 1: INFO    (22:21:16:597 |    0)   4112; setMaxVideoBitrate: max bitrate=500000
AgoraCoreService[4097]: (4097) /var/lib/jenkins/workspace/agora-release-linux-2/ServerSDK-Video/src/video_recorder/event_handler.cpp:1341: level 1: INFO    (22:21:16:597 |    0)   4112; AgoraVideoInput::Start width=640, height=360, fps=15
AgoraCoreService[4097]: (4097) /var/lib/jenkins/workspace/agora-release-linux-2/ServerSDK-Video/src/video_recorder/event_handler.cpp:1341: level 1: INFO    (22:21:16:597 |    0)   4121; Thread with name:WebRtc_event_timer_thread started 
AgoraCoreService[4097]: (4097) /var/lib/jenkins/workspace/agora-release-linux-2/ServerSDK-Video/src/video_recorder/event_handler.cpp:1341: level 1: INFO    (22:21:16:597 |    0)   4112; startCapture: startCapture success
AgoraCoreService[4097]: (4097) /var/lib/jenkins/workspace/agora-release-linux-2/ServerSDK-Video/src/video_recorder/event_handler.cpp:1341: level 1: INFO    (22:21:16:597 |    0)   4112; RequestEncodeKeyFrame
AgoraCoreService[4097]: (4097) /var/lib/jenkins/workspace/agora-release-linux-2/ServerSDK-Video/src/video_recorder/event_handler.cpp:1341: level 1: INFO    (22:21:16:597 |    0)   4112; doStartLocalRender: init? 1 capture id -1 device 1024 capturing? 1 rendering? 0
AgoraCoreService[4097]: (4097) /var/lib/jenkins/workspace/agora-release-linux-2/ServerSDK-Video/src/video_recorder/event_handler.cpp:1341: level 1: INFO    (22:21:16:597 |    0)   4112; doStartLocalRender: Receive Only Mode, local renderer still on.
AgoraCoreService[4097]: (4097) /var/lib/jenkins/workspace/agora-release-linux-2/ServerSDK-Video/src/video_recorder/event_handler.cpp:1341: level 1: INFO    (22:21:16:597 |    0)   4112; doStartLocalRender: init? 1 capture id -1 device 1024 capturing? 1 rendering? 0
AgoraCoreService[4097]: (4097) /var/lib/jenkins/workspace/agora-release-linux-2/ServerSDK-Video/src/video_recorder/event_handler.cpp:1341: level 1: INFO    (22:21:16:597 |    0)   4112; doStartLocalRender: Receive Only Mode, local renderer still on.
AgoraCoreService[4097]: (4097) /var/lib/jenkins/workspace/agora-release-linux-2/ServerSDK-Video/src/video_recorder/event_handler.cpp:1341: level 1: INFO    (22:21:16:597 |    0)   4112; [che] start call returns 0, elapsed 21
AgoraCoreService[4097]: (4097) /var/lib/jenkins/workspace/agora-release-linux-2/ServerSDK-Video/src/video_recorder/event_handler.cpp:1341: level 1: INFO    (22:21:16:597 |    0)   4112; Setting dtx mode to 2
AgoraCoreService[4097]: (4097) /var/lib/jenkins/workspace/agora-release-linux-2/ServerSDK-Video/src/video_recorder/event_handler.cpp:1341: level 1: INFO    (22:21:16:597 |    0)   4112; setNetEQMinimumPlayoutDelay delay(100)
AgoraCoreService[4097]: (4097) /var/lib/jenkins/workspace/agora-release-linux-2/ServerSDK-Video/src/video_recorder/event_handler.cpp:1341: level 1: INFO    (22:21:16:598 |    1)   4112; join channel success: cname 'police_14_3' uid 1838691077 elapsed 197
AgoraCoreService[4097]: (4097) /var/lib/jenkins/workspace/agora-release-linux-2/ServerSDK-Video/src/video_recorder/event_handler.cpp:1054: Channel counters: mix mode:0 , min port:-1 , max port:-1 ,decode audio:0 , decode_video:0 , is live:0 , idle:300 , is audio only:0 ,syslog facility:8 , mix mode height:360 , mix mode width:640 , mix mode fps:15 , mix mode kbps:500 , mix av:0, streamType:0, triggerMode:0, lang:0
AgoraCoreService[4097]: (4097) /var/lib/jenkins/workspace/agora-release-linux-2/ServerSDK-Video/src/video_recorder/event_handler.cpp:1341: level 1: INFO    (22:21:16:598 |    0)   4112; CacheManager: save cache to storage elapsed 0
AgoraCoreService[4097]: (4097) /var/lib/jenkins/workspace/agora-release-linux-2/ServerSDK-Video/src/video_recorder/event_handler.cpp:1341: level 1: INFO    (22:21:16:598 |    0)   4113; Channel counters: mix mode:0 , min port:-1 , max port:-1 ,decode audio:0 , decode_video:0 , is live:0 , idle:300 , is audio only:0 ,syslog facility:8 , mix mode height:360 , mix mode width:640 , mix mode fps:15 , mi
AgoraCoreService[4097]: (4097) /var/lib/jenkins/workspace/agora-release-linux-2/ServerSDK-Video/src/video_recorder/event_handler.cpp:1128: User 1838691077 join channel police_14_3 success, elapsed: 197 ms
AgoraCoreService[4097]: (4097) /var/lib/jenkins/workspace/agora-release-linux-2/ServerSDK-Video/src/video_recorder/event_handler.cpp:1341: level 1: INFO    (22:21:16:598 |    0)   4113; User 1838691077 join channel police_14_3 success, elapsed: 197 ms
AgoraCoreService[4097]: (4097) /var/lib/jenkins/workspace/agora-release-linux-2/ServerSDK-Video/src/video_recorder/event_handler.cpp:1341: level 1: INFO    (22:21:16:605 |    7)   4112; [ch0] rtt: 7
AgoraCoreService[4097]: (4097) /var/lib/jenkins/workspace/agora-release-linux-2/ServerSDK-Video/src/video_recorder/event_handler.cpp:1341: level 1: INFO    (22:21:16:613 |    8)   4112; [vocs/u] **responsed from 119.9.92.49:8000, 3 vos, elapsed 213, server ts 1522448475983, wan ip 139.59.134.76
AgoraCoreService[4097]: (4097) /var/lib/jenkins/workspace/agora-release-linux-2/ServerSDK-Video/src/video_recorder/event_handler.cpp:1341: level 1: INFO    (22:21:16:635 |   22)   4112; [rlbs/u] responsed from 221.228.78.123:9700 with servers 128.1.78.91:8000
AgoraCoreService[4097]: (4097) /var/lib/jenkins/workspace/agora-release-linux-2/ServerSDK-Video/src/video_recorder/event_handler.cpp:1341: level 1: INFO    (22:21:16:663 |   28)   4119; [che] onVideoSizeChanged: uid 0 640x360 rotate 0
AgoraCoreService[4097]: (4097) /var/lib/jenkins/workspace/agora-release-linux-2/ServerSDK-Video/src/video_recorder/event_handler.cpp:1341: level 1: INFO    (22:21:18:577 |    0)   4112; notifyPeerCount: cnt 0
AgoraCoreService[4097]: (4097) /var/lib/jenkins/workspace/agora-release-linux-2/ServerSDK-Video/src/video_recorder/event_handler.cpp:1341: level 1: INFO    (22:21:21:402 |    0)   4112; [rs] **report stats: seq: 11, report list size 11, tx/rx: 2210/528, cache size: 0, report success rate: -1
AgoraCoreService[4097]: (4097) /var/lib/jenkins/workspace/agora-release-linux-2/ServerSDK-Video/src/video_recorder/event_handler.cpp:1341: level 1: INFO    (22:21:22:585 |  183)   4114; Audio statistics - play count: playout count = 200  signal level: far_in = 0
recorder_local[4096]: (4096) /var/lib/jenkins/workspace/agora-release-linux-2/ServerSDK-Video/src/rec_engine/RecordingEngineImpl.cpp:502: [Wrapper] channel id: police_14_3 packet stats, total: 0, callback_->AudioFrameReceived: pcmPackets: 0, pcmTotalPackets: 0, aacPackets: 0, yuvF2Packets: 0, h264F2Packets: 0, errPackets: 0, otherPackets: 0
AgoraCoreService[4097]: (4097) /var/lib/jenkins/workspace/agora-release-linux-2/ServerSDK-Video/src/video_recorder/event_handler.cpp:907: [ARS/15s]event cnts:0, audio pkts:0, mix audio pkts:0, yuv video pkts:0, h264 video pkts:0
AgoraCoreService[4097]: (4097) /var/lib/jenkins/workspace/agora-release-linux-2/ServerSDK-Video/src/video_recorder/event_handler.cpp:1341: level 1: INFO    (22:21:31:413 |    0)   4097; [ARS/15s]event cnts:0, audio pkts:0, mix audio pkts:0, yuv video pkts:0, h264 video pkts:0
recorder_local[4096]: (4096) /var/lib/jenkins/workspace/agora-release-linux-2/ServerSDK-Video/src/rec_engine/RecordingEngineImpl.cpp:502: [Wrapper] channel id: police_14_3 packet stats, total: 0, callback_->AudioFrameReceived: pcmPackets: 0, pcmTotalPackets: 0, aacPackets: 0, yuvF2Packets: 0, h264F2Packets: 0, errPackets: 0, otherPackets: 0
AgoraCoreService[4097]: (4097) /var/lib/jenkins/workspace/agora-release-linux-2/ServerSDK-Video/src/video_recorder/event_handler.cpp:1341: level 1: INFO    (22:21:36:585 |  172)   4114; Audio statistics - play count: playout count = 600  signal level: far_in = 0
recorder_local[4096]: (4096) /var/lib/jenkins/workspace/agora-release-linux-2/ServerSDK-Video/src/rec_engine/RecordingEngineImpl.cpp:502: [Wrapper] channel id: police_14_3 packet stats, total: 0, callback_->AudioFrameReceived: pcmPackets: 0, pcmTotalPackets: 0, aacPackets: 0, yuvF2Packets: 0, h264F2Packets: 0, errPackets: 0, otherPackets: 0
AgoraCoreService[4097]: (4097) /var/lib/jenkins/workspace/agora-release-linux-2/ServerSDK-Video/src/video_recorder/event_handler.cpp:907: [ARS/15s]event cnts:0, audio pkts:0, mix audio pkts:0, yuv video pkts:0, h264 video pkts:0
AgoraCoreService[4097]: (4097) /var/lib/jenkins/workspace/agora-release-linux-2/ServerSDK-Video/src/video_recorder/event_handler.cpp:1341: level 1: INFO    (22:21:46:426 |    0)   4097; [ARS/15s]event cnts:0, audio pkts:0, mix audio pkts:0, yuv video pkts:0, h264 video pkts:0
AgoraCoreService[4097]: (4097) /var/lib/jenkins/workspace/agora-release-linux-2/ServerSDK-Video/src/video_recorder/event_handler.cpp:1341: level 1: INFO    (22:21:50:401 |    0)   4112; **CALL STATS: duraton 31s cpu app/total 2.2/8.0 battery 255 tx/rx: 2/1 kbps 9.431K/5.412K bytes
AgoraCoreService[4097]: (4097) /var/lib/jenkins/workspace/agora-release-linux-2/ServerSDK-Video/src/video_recorder/event_handler.cpp:1341: level 1: INFO    (22:21:54:585 |  184)   4114; Audio statistics - play count: playout count = 600  signal level: far_in = 0
AgoraCoreService[4097]: (4097) /var/lib/jenkins/workspace/agora-release-linux-2/ServerSDK-Video/src/video_recorder/event_handler.cpp:1341: level 1: INFO    (22:21:56:401 |    0)   4112; [rs] **report stats: seq: 24, report list size 24, tx/rx: 5210/1152, cache size: 0, report success rate: 100
recorder_local[4096]: (4096) /var/lib/jenkins/workspace/agora-release-linux-2/ServerSDK-Video/src/rec_engine/RecordingEngineImpl.cpp:502: [Wrapper] channel id: police_14_3 packet stats, total: 0, callback_->AudioFrameReceived: pcmPackets: 0, pcmTotalPackets: 0, aacPackets: 0, yuvF2Packets: 0, h264F2Packets: 0, errPackets: 0, otherPackets: 0
AgoraCoreService[4097]: (4097) /var/lib/jenkins/workspace/agora-release-linux-2/ServerSDK-Video/src/video_recorder/event_handler.cpp:907: [ARS/15s]event cnts:0, audio pkts:0, mix audio pkts:0, yuv video pkts:0, h264 video pkts:0
AgoraCoreService[4097]: (4097) /var/lib/jenkins/workspace/agora-release-linux-2/ServerSDK-Video/src/video_recorder/event_handler.cpp:1341: level 1: INFO    (22:22: 1:441 |   40)   4097; [ARS/15s]event cnts:0, audio pkts:0, mix audio pkts:0, yuv video pkts:0, h264 video pkts:0
recorder_local[4096]: (4096) /var/lib/jenkins/workspace/agora-release-linux-2/ServerSDK-Video/src/rec_engine/RecordingEngineImpl.cpp:502: [Wrapper] channel id: police_14_3 packet stats, total: 0, callback_->AudioFrameReceived: pcmPackets: 0, pcmTotalPackets: 0, aacPackets: 0, yuvF2Packets: 0, h264F2Packets: 0, errPackets: 0, otherPackets: 0
AgoraCoreService[4097]: (4097) /var/lib/jenkins/workspace/agora-release-linux-2/ServerSDK-Video/src/video_recorder/event_handler.cpp:1341: level 1: INFO    (22:22:12:585 |  144)   4114; Audio statistics - play count: playout count = 600  signal level: far_in = 0
recorder_local[4096]: (4096) /var/lib/jenkins/workspace/agora-release-linux-2/ServerSDK-Video/src/rec_engine/RecordingEngineImpl.cpp:502: [Wrapper] channel id: police_14_3 packet stats, total: 0, callback_->AudioFrameReceived: pcmPackets: 0, pcmTotalPackets: 0, aacPackets: 0, yuvF2Packets: 0, h264F2Packets: 0, errPackets: 0, otherPackets: 0
AgoraCoreService[4097]: (4097) /var/lib/jenkins/workspace/agora-release-linux-2/ServerSDK-Video/src/video_recorder/event_handler.cpp:907: [ARS/15s]event cnts:0, audio pkts:0, mix audio pkts:0, yuv video pkts:0, h264 video pkts:0
AgoraCoreService[4097]: (4097) /var/lib/jenkins/workspace/agora-release-linux-2/ServerSDK-Video/src/video_recorder/event_handler.cpp:1341: level 1: INFO    (22:22:16:455 |    0)   4097; [ARS/15s]event cnts:0, audio pkts:0, mix audio pkts:0, yuv video pkts:0, h264 video pkts:0
AgoraCoreService[4097]: (4097) /var/lib/jenkins/workspace/agora-release-linux-2/ServerSDK-Video/src/video_recorder/event_handler.cpp:1341: level 1: INFO    (22:22:20:401 |    0)   4112; **CALL STATS: duraton 1m1s cpu app/total 2.1/8.50 battery 255 tx/rx: 1/1 kbps 15.209K/8.922K bytes
AgoraCoreService[4097]: (4097) /var/lib/jenkins/workspace/agora-release-linux-2/ServerSDK-Video/src/video_recorder/event_handler.cpp:1341: level 1: INFO    (22:22:26:401 |    0)   4112; [rs] **report stats: seq: 33, report list size 33, tx/rx: 7259/1584, cache size: 0, report success rate: 100
recorder_local[4096]: (4096) /var/lib/jenkins/workspace/agora-release-linux-2/ServerSDK-Video/src/rec_engine/RecordingEngineImpl.cpp:502: [Wrapper] channel id: police_14_3 packet stats, total: 0, callback_->AudioFrameReceived: pcmPackets: 0, pcmTotalPackets: 0, aacPackets: 0, yuvF2Packets: 0, h264F2Packets: 0, errPackets: 0, otherPackets: 0
AgoraCoreService[4097]: (4097) /var/lib/jenkins/workspace/agora-release-linux-2/ServerSDK-Video/src/video_recorder/event_handler.cpp:1341: level 1: INFO    (22:22:30:585 |  184)   4114; Audio statistics - play count: playout count = 600  signal level: far_in = 0
AgoraCoreService[4097]: (4097) /var/lib/jenkins/workspace/agora-release-linux-2/ServerSDK-Video/src/video_recorder/event_handler.cpp:907: [ARS/15s]event cnts:0, audio pkts:0, mix audio pkts:0, yuv video pkts:0, h264 video pkts:0
AgoraCoreService[4097]: (4097) /var/lib/jenkins/workspace/agora-release-linux-2/ServerSDK-Video/src/video_recorder/event_handler.cpp:1341: level 1: INFO    (22:22:31:468 |    0)   4097; [ARS/15s]event cnts:0, audio pkts:0, mix audio pkts:0, yuv video pkts:0, h264 video pkts:0
recorder_local[4096]: (4096) /var/lib/jenkins/workspace/agora-release-linux-2/ServerSDK-Video/src/rec_engine/RecordingEngineImpl.cpp:502: [Wrapper] channel id: police_14_3 packet stats, total: 0, callback_->AudioFrameReceived: pcmPackets: 0, pcmTotalPackets: 0, aacPackets: 0, yuvF2Packets: 0, h264F2Packets: 0, errPackets: 0, otherPackets: 0
recorder_local[4096]: (4096) /var/lib/jenkins/workspace/agora-release-linux-2/ServerSDK-Video/src/rec_engine/RecordingEngineImpl.cpp:502: [Wrapper] channel id: police_14_3 packet stats, total: 0, callback_->AudioFrameReceived: pcmPackets: 0, pcmTotalPackets: 0, aacPackets: 0, yuvF2Packets: 0, h264F2Packets: 0, errPackets: 0, otherPackets: 0
AgoraCoreService[4097]: (4097) /var/lib/jenkins/workspace/agora-release-linux-2/ServerSDK-Video/src/video_recorder/event_handler.cpp:907: [ARS/15s]event cnts:0, audio pkts:0, mix audio pkts:0, yuv video pkts:0, h264 video pkts:0
AgoraCoreService[4097]: (4097) /var/lib/jenkins/workspace/agora-release-linux-2/ServerSDK-Video/src/video_recorder/event_handler.cpp:1341: level 1: INFO    (22:22:46:483 |   15)   4097; [ARS/15s]event cnts:0, audio pkts:0, mix audio pkts:0, yuv video pkts:0, h264 video pkts:0
AgoraCoreService[4097]: (4097) /var/lib/jenkins/workspace/agora-release-linux-2/ServerSDK-Video/src/video_recorder/event_handler.cpp:1341: level 1: INFO    (22:22:48:585 |  102)   4114; Audio statistics - play count: playout count = 600  signal level: far_in = 0
AgoraCoreService[4097]: (4097) /var/lib/jenkins/workspace/agora-release-linux-2/ServerSDK-Video/src/video_recorder/event_handler.cpp:1341: level 1: INFO    (22:22:52:401 |    0)   4112; **CALL STATS: duraton 1m33s cpu app/total 2.0/14.7 battery 255 tx/rx: 1/1 kbps 21.611K/12.660K bytes
recorder_local[4096]: (4096) /var/lib/jenkins/workspace/agora-release-linux-2/ServerSDK-Video/src/rec_engine/RecordingEngineImpl.cpp:502: [Wrapper] channel id: police_14_3 packet stats, total: 0, callback_->AudioFrameReceived: pcmPackets: 0, pcmTotalPackets: 0, aacPackets: 0, yuvF2Packets: 0, h264F2Packets: 0, errPackets: 0, otherPackets: 0
AgoraCoreService[4097]: (4097) /var/lib/jenkins/workspace/agora-release-linux-2/ServerSDK-Video/src/video_recorder/event_handler.cpp:1341: level 1: INFO    (22:23: 1:401 |    0)   4112; [rs] **report stats: seq: 44, report list size 22, tx/rx: 9772/2112, cache size: 0, report success rate: 100
AgoraCoreService[4097]: (4097) /var/lib/jenkins/workspace/agora-release-linux-2/ServerSDK-Video/src/video_recorder/event_handler.cpp:907: [ARS/15s]event cnts:0, audio pkts:0, mix audio pkts:0, yuv video pkts:0, h264 video pkts:0
AgoraCoreService[4097]: (4097) /var/lib/jenkins/workspace/agora-release-linux-2/ServerSDK-Video/src/video_recorder/event_handler.cpp:1341: level 1: INFO    (22:23: 1:497 |   96)   4097; [ARS/15s]event cnts:0, audio pkts:0, mix audio pkts:0, yuv video pkts:0, h264 video pkts:0
recorder_local[4096]: (4096) /var/lib/jenkins/workspace/agora-release-linux-2/ServerSDK-Video/src/rec_engine/RecordingEngineImpl.cpp:502: [Wrapper] channel id: police_14_3 packet stats, total: 0, callback_->AudioFrameReceived: pcmPackets: 0, pcmTotalPackets: 0, aacPackets: 0, yuvF2Packets: 0, h264F2Packets: 0, errPackets: 0, otherPackets: 0
AgoraCoreService[4097]: (4097) /var/lib/jenkins/workspace/agora-release-linux-2/ServerSDK-Video/src/video_recorder/event_handler.cpp:1341: level 1: INFO    (22:23: 6:585 |   88)   4114; Audio statistics - play count: playout count = 600  signal level: far_in = 0
recorder_local[4096]: (4096) /var/lib/jenkins/workspace/agora-release-linux-2/ServerSDK-Video/src/rec_engine/RecordingEngineImpl.cpp:502: [Wrapper] channel id: police_14_3 packet stats, total: 0, callback_->AudioFrameReceived: pcmPackets: 0, pcmTotalPackets: 0, aacPackets: 0, yuvF2Packets: 0, h264F2Packets: 0, errPackets: 0, otherPackets: 0
AgoraCoreService[4097]: (4097) /var/lib/jenkins/workspace/agora-release-linux-2/ServerSDK-Video/src/video_recorder/event_handler.cpp:907: [ARS/15s]event cnts:0, audio pkts:0, mix audio pkts:0, yuv video pkts:0, h264 video pkts:0
AgoraCoreService[4097]: (4097) /var/lib/jenkins/workspace/agora-release-linux-2/ServerSDK-Video/src/video_recorder/event_handler.cpp:1341: level 1: INFO    (22:23:16:511 |    0)   4097; [ARS/15s]event cnts:0, audio pkts:0, mix audio pkts:0, yuv video pkts:0, h264 video pkts:0
AgoraCoreService[4097]: (4097) /var/lib/jenkins/workspace/agora-release-linux-2/ServerSDK-Video/src/video_recorder/event_handler.cpp:1341: level 1: INFO    (22:23:22:402 |    0)   4112; **CALL STATS: duraton 2m3s cpu app/total 1.53/5.2 battery 255 tx/rx: 1/1 kbps 27.697K/16.146K bytes
AgoraCoreService[4097]: (4097) /var/lib/jenkins/workspace/agora-release-linux-2/ServerSDK-Video/src/video_recorder/event_handler.cpp:1341: level 1: INFO    (22:23:24:585 |  183)   4114; Audio statistics - play count: playout count = 600  signal level: far_in = 0
recorder_local[4096]: (4096) /var/lib/jenkins/workspace/agora-release-linux-2/ServerSDK-Video/src/rec_engine/RecordingEngineImpl.cpp:502: [Wrapper] channel id: police_14_3 packet stats, total: 0, callback_->AudioFrameReceived: pcmPackets: 0, pcmTotalPackets: 0, aacPackets: 0, yuvF2Packets: 0, h264F2Packets: 0, errPackets: 0, otherPackets: 0
AgoraCoreService[4097]: (4097) /var/lib/jenkins/workspace/agora-release-linux-2/ServerSDK-Video/src/video_recorder/event_handler.cpp:907: [ARS/15s]event cnts:0, audio pkts:0, mix audio pkts:0, yuv video pkts:0, h264 video pkts:0
AgoraCoreService[4097]: (4097) /var/lib/jenkins/workspace/agora-release-linux-2/ServerSDK-Video/src/video_recorder/event_handler.cpp:1341: level 1: INFO    (22:23:31:525 |    0)   4097; [ARS/15s]event cnts:0, audio pkts:0, mix audio pkts:0, yuv video pkts:0, h264 video pkts:0
AgoraCoreService[4097]: (4097) /var/lib/jenkins/workspace/agora-release-linux-2/ServerSDK-Video/src/video_recorder/event_handler.cpp:1341: level 1: INFO    (22:23:36:401 |    0)   4112; [rs] **report stats: seq: 54, report list size 21, tx/rx: 12079/2592, cache size: 0, report success rate: 100
recorder_local[4096]: (4096) /var/lib/jenkins/workspace/agora-release-linux-2/ServerSDK-Video/src/rec_engine/RecordingEngineImpl.cpp:502: [Wrapper] channel id: police_14_3 packet stats, total: 0, callback_->AudioFrameReceived: pcmPackets: 0, pcmTotalPackets: 0, aacPackets: 0, yuvF2Packets: 0, h264F2Packets: 0, errPackets: 0, otherPackets: 0
AgoraCoreService[4097]: (4097) /var/lib/jenkins/workspace/agora-release-linux-2/ServerSDK-Video/src/video_recorder/event_handler.cpp:1341: level 1: INFO    (22:23:42:585 |  184)   4114; Audio statistics - play count: playout count = 600  signal level: far_in = 0
recorder_local[4096]: (4096) /var/lib/jenkins/workspace/agora-release-linux-2/ServerSDK-Video/src/rec_engine/RecordingEngineImpl.cpp:502: [Wrapper] channel id: police_14_3 packet stats, total: 0, callback_->AudioFrameReceived: pcmPackets: 0, pcmTotalPackets: 0, aacPackets: 0, yuvF2Packets: 0, h264F2Packets: 0, errPackets: 0, otherPackets: 0
AgoraCoreService[4097]: (4097) /var/lib/jenkins/workspace/agora-release-linux-2/ServerSDK-Video/src/video_recorder/event_handler.cpp:907: [ARS/15s]event cnts:0, audio pkts:0, mix audio pkts:0, yuv video pkts:0, h264 video pkts:0
AgoraCoreService[4097]: (4097) /var/lib/jenkins/workspace/agora-release-linux-2/ServerSDK-Video/src/video_recorder/event_handler.cpp:1341: level 1: INFO    (22:23:46:540 |    0)   4097; [ARS/15s]event cnts:0, audio pkts:0, mix audio pkts:0, yuv video pkts:0, h264 video pkts:0
AgoraCoreService[4097]: (4097) /var/lib/jenkins/workspace/agora-release-linux-2/ServerSDK-Video/src/video_recorder/event_handler.cpp:1341: level 1: INFO    (22:23:54:401 |    0)   4112; **CALL STATS: duraton 2m35s cpu app/total 1.51/8.0 battery 255 tx/rx: 1/0 kbps 34.88K/19.830K bytes
recorder_local[4096]: (4096) /var/lib/jenkins/workspace/agora-release-linux-2/ServerSDK-Video/src/rec_engine/RecordingEngineImpl.cpp:502: [Wrapper] channel id: police_14_3 packet stats, total: 0, callback_->AudioFrameReceived: pcmPackets: 0, pcmTotalPackets: 0, aacPackets: 0, yuvF2Packets: 0, h264F2Packets: 0, errPackets: 0, otherPackets: 0
AgoraCoreService[4097]: (4097) /var/lib/jenkins/workspace/agora-release-linux-2/ServerSDK-Video/src/video_recorder/event_handler.cpp:1341: level 1: INFO    (22:24: 0:585 |  184)   4114; Audio statistics - play count: playout count = 600  signal level: far_in = 0
AgoraCoreService[4097]: (4097) /var/lib/jenkins/workspace/agora-release-linux-2/ServerSDK-Video/src/video_recorder/event_handler.cpp:907: [ARS/15s]event cnts:0, audio pkts:0, mix audio pkts:0, yuv video pkts:0, h264 video pkts:0
AgoraCoreService[4097]: (4097) /var/lib/jenkins/workspace/agora-release-linux-2/ServerSDK-Video/src/video_recorder/event_handler.cpp:1341: level 1: INFO    (22:24: 1:556 |    0)   4097; [ARS/15s]event cnts:0, audio pkts:0, mix audio pkts:0, yuv video pkts:0, h264 video pkts:0
AgoraCoreService[4097]: (4097) /var/lib/jenkins/workspace/agora-release-linux-2/ServerSDK-Video/src/video_recorder/event_handler.cpp:1341: level 1: INFO    (22:24: 6:401 |    0)   4112; [rs] **report stats: seq: 63, report list size 22, tx/rx: 14143/3024, cache size: 0, report success rate: 100
recorder_local[4096]: (4096) /var/lib/jenkins/workspace/agora-release-linux-2/ServerSDK-Video/src/rec_engine/RecordingEngineImpl.cpp:502: [Wrapper] channel id: police_14_3 packet stats, total: 0, callback_->AudioFrameReceived: pcmPackets: 0, pcmTotalPackets: 0, aacPackets: 0, yuvF2Packets: 0, h264F2Packets: 0, errPackets: 0, otherPackets: 0
recorder_local[4096]: (4096) /var/lib/jenkins/workspace/agora-release-linux-2/ServerSDK-Video/src/rec_engine/RecordingEngineImpl.cpp:502: [Wrapper] channel id: police_14_3 packet stats, total: 0, callback_->AudioFrameReceived: pcmPackets: 0, pcmTotalPackets: 0, aacPackets: 0, yuvF2Packets: 0, h264F2Packets: 0, errPackets: 0, otherPackets: 0
AgoraCoreService[4097]: (4097) /var/lib/jenkins/workspace/agora-release-linux-2/ServerSDK-Video/src/video_recorder/event_handler.cpp:907: [ARS/15s]event cnts:0, audio pkts:0, mix audio pkts:0, yuv video pkts:0, h264 video pkts:0
AgoraCoreService[4097]: (4097) /var/lib/jenkins/workspace/agora-release-linux-2/ServerSDK-Video/src/video_recorder/event_handler.cpp:1341: level 1: INFO    (22:24:16:571 |  170)   4097; [ARS/15s]event cnts:0, audio pkts:0, mix audio pkts:0, yuv video pkts:0, h264 video pkts:0
AgoraCoreService[4097]: (4097) /var/lib/jenkins/workspace/agora-release-linux-2/ServerSDK-Video/src/video_recorder/event_handler.cpp:1341: level 1: INFO    (22:24:18:585 |   14)   4114; Audio statistics - play count: playout count = 600  signal level: far_in = 0
AgoraCoreService[4097]: (4097) /var/lib/jenkins/workspace/agora-release-linux-2/ServerSDK-Video/src/video_recorder/event_handler.cpp:1341: level 1: INFO    (22:24:26:401 |    0)   4112; **CALL STATS: duraton 3m7s cpu app/total 1.51/4.95 battery 255 tx/rx: 1/1 kbps 40.480K/23.568K bytes
recorder_local[4096]: (4096) /var/lib/jenkins/workspace/agora-release-linux-2/ServerSDK-Video/src/rec_engine/RecordingEngineImpl.cpp:502: [Wrapper] channel id: police_14_3 packet stats, total: 0, callback_->AudioFrameReceived: pcmPackets: 0, pcmTotalPackets: 0, aacPackets: 0, yuvF2Packets: 0, h264F2Packets: 0, errPackets: 0, otherPackets: 0
AgoraCoreService[4097]: (4097) /var/lib/jenkins/workspace/agora-release-linux-2/ServerSDK-Video/src/video_recorder/event_handler.cpp:907: [ARS/15s]event cnts:0, audio pkts:0, mix audio pkts:0, yuv video pkts:0, h264 video pkts:0
AgoraCoreService[4097]: (4097) /var/lib/jenkins/workspace/agora-release-linux-2/ServerSDK-Video/src/video_recorder/event_handler.cpp:1341: level 1: INFO    (22:24:31:585 |  184)   4097; [ARS/15s]event cnts:0, audio pkts:0, mix audio pkts:0, yuv video pkts:0, h264 video pkts:0
recorder_local[4096]: (4096) /var/lib/jenkins/workspace/agora-release-linux-2/ServerSDK-Video/src/rec_engine/RecordingEngineImpl.cpp:502: [Wrapper] channel id: police_14_3 packet stats, total: 0, callback_->AudioFrameReceived: pcmPackets: 0, pcmTotalPackets: 0, aacPackets: 0, yuvF2Packets: 0, h264F2Packets: 0, errPackets: 0, otherPackets: 0
AgoraCoreService[4097]: (4097) /var/lib/jenkins/workspace/agora-release-linux-2/ServerSDK-Video/src/video_recorder/event_handler.cpp:1341: level 1: INFO    (22:24:36:585 |    0)   4114; Audio statistics - play count: playout count = 600  signal level: far_in = 0
AgoraCoreService[4097]: (4097) /var/lib/jenkins/workspace/agora-release-linux-2/ServerSDK-Video/src/video_recorder/event_handler.cpp:1341: level 1: INFO    (22:24:41:400 |    0)   4112; [rs] **report stats: seq: 73, report list size 22, tx/rx: 16435/3504, cache size: 0, report success rate: 100
recorder_local[4096]: (4096) /var/lib/jenkins/workspace/agora-release-linux-2/ServerSDK-Video/src/rec_engine/RecordingEngineImpl.cpp:502: [Wrapper] channel id: police_14_3 packet stats, total: 0, callback_->AudioFrameReceived: pcmPackets: 0, pcmTotalPackets: 0, aacPackets: 0, yuvF2Packets: 0, h264F2Packets: 0, errPackets: 0, otherPackets: 0
AgoraCoreService[4097]: (4097) /var/lib/jenkins/workspace/agora-release-linux-2/ServerSDK-Video/src/video_recorder/event_handler.cpp:907: [ARS/15s]event cnts:0, audio pkts:0, mix audio pkts:0, yuv video pkts:0, h264 video pkts:0
AgoraCoreService[4097]: (4097) /var/lib/jenkins/workspace/agora-release-linux-2/ServerSDK-Video/src/video_recorder/event_handler.cpp:1341: level 1: INFO    (22:24:46:600 |  200)   4097; [ARS/15s]event cnts:0, audio pkts:0, mix audio pkts:0, yuv video pkts:0, h264 video pkts:0
AgoraCoreService[4097]: (4097) /var/lib/jenkins/workspace/agora-release-linux-2/ServerSDK-Video/src/video_recorder/event_handler.cpp:1341: level 1: INFO    (22:24:54:585 |    0)   4114; Audio statistics - play count: playout count = 600  signal level: far_in = 0
recorder_local[4096]: (4096) /var/lib/jenkins/workspace/agora-release-linux-2/ServerSDK-Video/src/rec_engine/RecordingEngineImpl.cpp:502: [Wrapper] channel id: police_14_3 packet stats, total: 0, callback_->AudioFrameReceived: pcmPackets: 0, pcmTotalPackets: 0, aacPackets: 0, yuvF2Packets: 0, h264F2Packets: 0, errPackets: 0, otherPackets: 0
AgoraCoreService[4097]: (4097) /var/lib/jenkins/workspace/agora-release-linux-2/ServerSDK-Video/src/video_recorder/event_handler.cpp:1341: level 1: INFO    (22:24:58:401 |    0)   4112; **CALL STATS: duraton 3m39s cpu app/total 1.51/4.97 battery 255 tx/rx: 1/1 kbps 46.872K/27.306K bytes
AgoraCoreService[4097]: (4097) /var/lib/jenkins/workspace/agora-release-linux-2/ServerSDK-Video/src/video_recorder/event_handler.cpp:907: [ARS/15s]event cnts:0, audio pkts:0, mix audio pkts:0, yuv video pkts:0, h264 video pkts:0
AgoraCoreService[4097]: (4097) /var/lib/jenkins/workspace/agora-release-linux-2/ServerSDK-Video/src/video_recorder/event_handler.cpp:1341: level 1: INFO    (22:25: 1:613 |  212)   4097; [ARS/15s]event cnts:0, audio pkts:0, mix audio pkts:0, yuv video pkts:0, h264 video pkts:0
recorder_local[4096]: (4096) /var/lib/jenkins/workspace/agora-release-linux-2/ServerSDK-Video/src/rec_engine/RecordingEngineImpl.cpp:502: [Wrapper] channel id: police_14_3 packet stats, total: 0, callback_->AudioFrameReceived: pcmPackets: 0, pcmTotalPackets: 0, aacPackets: 0, yuvF2Packets: 0, h264F2Packets: 0, errPackets: 0, otherPackets: 0
AgoraCoreService[4097]: (4097) /var/lib/jenkins/workspace/agora-release-linux-2/ServerSDK-Video/src/video_recorder/event_handler.cpp:1341: level 1: INFO    (22:25:11:401 |    0)   4112; [rs] **report stats: seq: 82, report list size 22, tx/rx: 18494/3936, cache size: 0, report success rate: 100
AgoraCoreService[4097]: (4097) /var/lib/jenkins/workspace/agora-release-linux-2/ServerSDK-Video/src/video_recorder/event_handler.cpp:1341: level 1: INFO    (22:25:12:585 |  184)   4114; Audio statistics - play count: playout count = 600  signal level: far_in = 0
recorder_local[4096]: (4096) /var/lib/jenkins/workspace/agora-release-linux-2/ServerSDK-Video/src/rec_engine/RecordingEngineImpl.cpp:502: [Wrapper] channel id: police_14_3 packet stats, total: 0, callback_->AudioFrameReceived: pcmPackets: 0, pcmTotalPackets: 0, aacPackets: 0, yuvF2Packets: 0, h264F2Packets: 0, errPackets: 0, otherPackets: 0
AgoraCoreService[4097]: (4097) /var/lib/jenkins/workspace/agora-release-linux-2/ServerSDK-Video/src/video_recorder/event_handler.cpp:907: [ARS/15s]event cnts:0, audio pkts:0, mix audio pkts:0, yuv video pkts:0, h264 video pkts:0
AgoraCoreService[4097]: (4097) /var/lib/jenkins/workspace/agora-release-linux-2/ServerSDK-Video/src/video_recorder/event_handler.cpp:1341: level 1: INFO    (22:25:16:627 |   42)   4097; [ARS/15s]event cnts:0, audio pkts:0, mix audio pkts:0, yuv video pkts:0, h264 video pkts:0
recorder_local[4096]: (4096) /var/lib/jenkins/workspace/agora-release-linux-2/ServerSDK-Video/src/rec_engine/RecordingEngineImpl.cpp:502: [Wrapper] channel id: police_14_3 packet stats, total: 0, callback_->AudioFrameReceived: pcmPackets: 0, pcmTotalPackets: 0, aacPackets: 0, yuvF2Packets: 0, h264F2Packets: 0, errPackets: 0, otherPackets: 0
AgoraCoreService[4097]: (4097) /var/lib/jenkins/workspace/agora-release-linux-2/ServerSDK-Video/src/video_recorder/event_handler.cpp:1341: level 1: INFO    (22:25:30:401 |    0)   4112; **CALL STATS: duraton 4m11s cpu app/total 1.51/6.0 battery 255 tx/rx: 1/0 kbps 53.484K/31.14K bytes
AgoraCoreService[4097]: (4097) /var/lib/jenkins/workspace/agora-release-linux-2/ServerSDK-Video/src/video_recorder/event_handler.cpp:1341: level 1: INFO    (22:25:30:585 |  184)   4114; Audio statistics - play count: playout count = 600  signal level: far_in = 0
AgoraCoreService[4097]: (4097) /var/lib/jenkins/workspace/agora-release-linux-2/ServerSDK-Video/src/video_recorder/event_handler.cpp:907: [ARS/15s]event cnts:0, audio pkts:0, mix audio pkts:0, yuv video pkts:0, h264 video pkts:0
AgoraCoreService[4097]: (4097) /var/lib/jenkins/workspace/agora-release-linux-2/ServerSDK-Video/src/video_recorder/event_handler.cpp:1341: level 1: INFO    (22:25:31:641 |   56)   4097; [ARS/15s]event cnts:0, audio pkts:0, mix audio pkts:0, yuv video pkts:0, h264 video pkts:0
recorder_local[4096]: (4096) /var/lib/jenkins/workspace/agora-release-linux-2/ServerSDK-Video/src/rec_engine/RecordingEngineImpl.cpp:502: [Wrapper] channel id: police_14_3 packet stats, total: 0, callback_->AudioFrameReceived: pcmPackets: 0, pcmTotalPackets: 0, aacPackets: 0, yuvF2Packets: 0, h264F2Packets: 0, errPackets: 0, otherPackets: 0
AgoraCoreService[4097]: (4097) /var/lib/jenkins/workspace/agora-release-linux-2/ServerSDK-Video/src/video_recorder/event_handler.cpp:1341: level 1: INFO    (22:25:46:400 |    0)   4112; [rs] **report stats: seq: 93, report list size 23, tx/rx: 21007/4464, cache size: 0, report success rate: 100
recorder_local[4096]: (4096) /var/lib/jenkins/workspace/agora-release-linux-2/ServerSDK-Video/src/rec_engine/RecordingEngineImpl.cpp:502: [Wrapper] channel id: police_14_3 packet stats, total: 0, callback_->AudioFrameReceived: pcmPackets: 0, pcmTotalPackets: 0, aacPackets: 0, yuvF2Packets: 0, h264F2Packets: 0, errPackets: 0, otherPackets: 0
AgoraCoreService[4097]: (4097) /var/lib/jenkins/workspace/agora-release-linux-2/ServerSDK-Video/src/video_recorder/event_handler.cpp:907: [ARS/15s]event cnts:0, audio pkts:0, mix audio pkts:0, yuv video pkts:0, h264 video pkts:0
AgoraCoreService[4097]: (4097) /var/lib/jenkins/workspace/agora-release-linux-2/ServerSDK-Video/src/video_recorder/event_handler.cpp:1341: level 1: INFO    (22:25:46:656 |  256)   4097; [ARS/15s]event cnts:0, audio pkts:0, mix audio pkts:0, yuv video pkts:0, h264 video pkts:0
AgoraCoreService[4097]: (4097) /var/lib/jenkins/workspace/agora-release-linux-2/ServerSDK-Video/src/video_recorder/event_handler.cpp:1341: level 1: INFO    (22:25:48:585 |    0)   4114; Audio statistics - play count: playout count = 600  signal level: far_in = 0
recorder_local[4096]: (4096) /var/lib/jenkins/workspace/agora-release-linux-2/ServerSDK-Video/src/rec_engine/RecordingEngineImpl.cpp:502: [Wrapper] channel id: police_14_3 packet stats, total: 0, callback_->AudioFrameReceived: pcmPackets: 0, pcmTotalPackets: 0, aacPackets: 0, yuvF2Packets: 0, h264F2Packets: 0, errPackets: 0, otherPackets: 0
AgoraCoreService[4097]: (4097) /var/lib/jenkins/workspace/agora-release-linux-2/ServerSDK-Video/src/video_recorder/event_handler.cpp:907: [ARS/15s]event cnts:0, audio pkts:0, mix audio pkts:0, yuv video pkts:0, h264 video pkts:0
AgoraCoreService[4097]: (4097) /var/lib/jenkins/workspace/agora-release-linux-2/ServerSDK-Video/src/video_recorder/event_handler.cpp:1341: level 1: INFO    (22:26: 1:670 |   85)   4097; [ARS/15s]event cnts:0, audio pkts:0, mix audio pkts:0, yuv video pkts:0, h264 video pkts:0
AgoraCoreService[4097]: (4097) /var/lib/jenkins/workspace/agora-release-linux-2/ServerSDK-Video/src/video_recorder/event_handler.cpp:1341: level 1: INFO    (22:26: 2:401 |    0)   4112; **CALL STATS: duraton 4m43s cpu app/total 1.98/14.92 battery 255 tx/rx: 1/1 kbps 59.866K/34.776K bytes
AgoraCoreService[4097]: (4097) /var/lib/jenkins/workspace/agora-release-linux-2/ServerSDK-Video/src/video_recorder/event_handler.cpp:1341: level 1: INFO    (22:26: 6:585 |  184)   4114; Audio statistics - play count: playout count = 600  signal level: far_in = 0
recorder_local[4096]: (4096) /var/lib/jenkins/workspace/agora-release-linux-2/ServerSDK-Video/src/rec_engine/RecordingEngineImpl.cpp:502: [Wrapper] channel id: police_14_3 packet stats, total: 0, callback_->AudioFrameReceived: pcmPackets: 0, pcmTotalPackets: 0, aacPackets: 0, yuvF2Packets: 0, h264F2Packets: 0, errPackets: 0, otherPackets: 0
recorder_local[4096]: (4096) /var/lib/jenkins/workspace/agora-release-linux-2/ServerSDK-Video/src/rec_engine/RecordingEngineImpl.cpp:502: [Wrapper] channel id: police_14_3 packet stats, total: 0, callback_->AudioFrameReceived: pcmPackets: 0, pcmTotalPackets: 0, aacPackets: 0, yuvF2Packets: 0, h264F2Packets: 0, errPackets: 0, otherPackets: 0
AgoraCoreService[4097]: (4097) /var/lib/jenkins/workspace/agora-release-linux-2/ServerSDK-Video/src/video_recorder/event_handler.cpp:907: [ARS/15s]event cnts:0, audio pkts:0, mix audio pkts:0, yuv video pkts:0, h264 video pkts:0
AgoraCoreService[4097]: (4097) /var/lib/jenkins/workspace/agora-release-linux-2/ServerSDK-Video/src/video_recorder/event_handler.cpp:1341: level 1: INFO    (22:26:16:685 |  100)   4097; [ARS/15s]event cnts:0, audio pkts:0, mix audio pkts:0, yuv video pkts:0, h264 video pkts:0
AgoraCoreService[4097]: (4097) /var/lib/jenkins/workspace/agora-release-linux-2/ServerSDK-Video/src/video_recorder/event_handler.cpp:1334: No users in channel for 300 seconds, aborting, leave_code:4.
AgoraCoreService[4097]: (4097) /var/lib/jenkins/workspace/agora-release-linux-2/ServerSDK-Video/src/video_recorder/event_handler.cpp:1341: level 2: WARN    (22:26:18:401 |    0)   4113; No users in channel for 300 seconds, aborting, leave_code:4.
AgoraCoreService[4097]: (4097) /var/lib/jenkins/workspace/agora-release-linux-2/ServerSDK-Video/src/video_recorder/event_handler.cpp:888: ARS push leave pkt to queue inform wrapper
AgoraCoreService[4097]: (4097) /var/lib/jenkins/workspace/agora-release-linux-2/ServerSDK-Video/src/video_recorder/event_handler.cpp:1341: level 1: INFO    (22:26:18:686 |  285)   4097; ARS push leave pkt to queue inform wrapper
AgoraCoreService[4097]: (4097) /var/lib/jenkins/workspace/agora-release-linux-2/ServerSDK-Video/src/video_recorder/event_handler.cpp:858: Before cleanup cnt 0, errno 2 4, joined_ 1, term_sig 1, leave path code 12
AgoraCoreService[4097]: (4097) /var/lib/jenkins/workspace/agora-release-linux-2/ServerSDK-Video/src/video_recorder/event_handler.cpp:1341: level 2: WARN    (22:26:19:187 |    0)   4097; Before cleanup cnt 0, errno 2 4, joined_ 1, term_sig 1, leave path code 12
AgoraCoreService[4097]: (4097) /var/lib/jenkins/workspace/agora-release-linux-2/ServerSDK-Video/src/video_recorder/event_handler.cpp:582: Leaving channel and ready to cleanup
AgoraCoreService[4097]: (4097) /var/lib/jenkins/workspace/agora-release-linux-2/ServerSDK-Video/src/video_recorder/event_handler.cpp:1341: level 1: INFO    (22:26:19:187 |    0)   4097; Leaving channel and ready to cleanup
AgoraCoreService[4097]: (4097) /var/lib/jenkins/workspace/agora-release-linux-2/ServerSDK-Video/src/video_recorder/event_handler.cpp:1341: level 1: INFO    (22:26:19:187 |    0)   4097; API call to leave channel
AgoraCoreService[4097]: (4097) /var/lib/jenkins/workspace/agora-release-linux-2/ServerSDK-Video/src/video_recorder/event_handler.cpp:1341: level 1: INFO    (22:26:19:187 |    0)   4112; [cm] emit leave channel signal
AgoraCoreService[4097]: (4097) /var/lib/jenkins/workspace/agora-release-linux-2/ServerSDK-Video/src/video_recorder/event_handler.cpp:1334: No users in channel for 300 seconds, aborting, leave_code:12.
AgoraCoreService[4097]: (4097) /var/lib/jenkins/workspace/agora-release-linux-2/ServerSDK-Video/src/video_recorder/event_handler.cpp:1341: level 2: WARN    (22:26:19:188 |    1)   4113; No users in channel for 300 seconds, aborting, leave_code:12.
AgoraCoreService[4097]: (4097) /var/lib/jenkins/workspace/agora-release-linux-2/ServerSDK-Video/src/video_recorder/event_handler.cpp:1341: level 1: INFO    (22:26:19:188 |    0)   4112; **CALL STATS: duration 5m2s, tx 63.859K bytes, rx 36.984K bytes, total 100.819K bytes
AgoraCoreService[4097]: (4097) /var/lib/jenkins/workspace/agora-release-linux-2/ServerSDK-Video/src/video_recorder/event_handler.cpp:1341: level 1: INFO    (22:26:19:188 |    0)   4112; stopLocalRender
AgoraCoreService[4097]: (4097) /var/lib/jenkins/workspace/agora-release-linux-2/ServerSDK-Video/src/video_recorder/event_handler.cpp:1341: level 1: INFO    (22:26:19:188 |    0)   4112; stopLocalRender success
AgoraCoreService[4097]: (4097) /var/lib/jenkins/workspace/agora-release-linux-2/ServerSDK-Video/src/video_recorder/event_handler.cpp:1341: level 1: INFO    (22:26:19:188 |    0)   4112; AgoraVideoInput::Stop
AgoraCoreService[4097]: (4097) /var/lib/jenkins/workspace/agora-release-linux-2/ServerSDK-Video/src/video_recorder/event_handler.cpp:1341: level 1: INFO    (22:26:19:188 |    0)   4121; Thread with name:WebRtc_event_timer_thread stopped
AgoraCoreService[4097]: (4097) /var/lib/jenkins/workspace/agora-release-linux-2/ServerSDK-Video/src/video_recorder/event_handler.cpp:1341: level 1: INFO    (22:26:19:188 |    0)   4112; AgoraVideoInput::Destroy
AgoraCoreService[4097]: (4097) /var/lib/jenkins/workspace/agora-release-linux-2/ServerSDK-Video/src/video_recorder/event_handler.cpp:1341: level 1: INFO    (22:26:19:188 |    0)   4120; Thread with name:ExternalCaptureThread stopped
AgoraCoreService[4097]: (4097) /var/lib/jenkins/workspace/agora-release-linux-2/ServerSDK-Video/src/video_recorder/event_handler.cpp:1341: level 1: INFO    (22:26:19:241 |   53)   4119; Thread with name:AgoraInputThread stopped
AgoraCoreService[4097]: (4097) /var/lib/jenkins/workspace/agora-release-linux-2/ServerSDK-Video/src/video_recorder/event_handler.cpp:1341: level 1: INFO    (22:26:19:249 |    8)   4112; stopCapture: stopCapture success
AgoraCoreService[4097]: (4097) /var/lib/jenkins/workspace/agora-release-linux-2/ServerSDK-Video/src/video_recorder/event_handler.cpp:1341: level 1: INFO    (22:26:19:249 |    0)   4112; stopRemoteRender
AgoraCoreService[4097]: (4097) /var/lib/jenkins/workspace/agora-release-linux-2/ServerSDK-Video/src/video_recorder/event_handler.cpp:1341: level 1: INFO    (22:26:19:249 |    0)   4112; [che] stopCall begins
AgoraCoreService[4097]: (4097) /var/lib/jenkins/workspace/agora-release-linux-2/ServerSDK-Video/src/video_recorder/event_handler.cpp:1341: level 1: INFO    (22:26:19:249 |    0)   4112; StopRecording complete
AgoraCoreService[4097]: (4097) /var/lib/jenkins/workspace/agora-release-linux-2/ServerSDK-Video/src/video_recorder/event_handler.cpp:1341: level 1: INFO    (22:26:19:249 |    0)   4112; StopPlayout complete
AgoraCoreService[4097]: (4097) /var/lib/jenkins/workspace/agora-release-linux-2/ServerSDK-Video/src/video_recorder/event_handler.cpp:1341: level 1: INFO    (22:26:19:250 |    1)   4112; [che] stop call returns 0, elapsed 0
AgoraCoreService[4097]: (4097) /var/lib/jenkins/workspace/agora-release-linux-2/ServerSDK-Video/src/video_recorder/event_handler.cpp:1341: level 1: INFO    (22:26:19:250 |    0)   4112; [rs] **report stats: seq: 106, report list size 25, tx/rx: 23768/4896, cache size: 0, report success rate: 100
AgoraCoreService[4097]: (4097) /var/lib/jenkins/workspace/agora-release-linux-2/ServerSDK-Video/src/video_recorder/event_handler.cpp:1341: level 1: INFO    (22:26:19:250 |    0)   4112; CacheManager: save cache to storage elapsed 0
AgoraCoreService[4097]: (4097) /var/lib/jenkins/workspace/agora-release-linux-2/ServerSDK-Video/src/video_recorder/event_handler.cpp:1341: level 1: INFO    (22:26:19:250 |    0)   4112; [ch0] vos destroyed
AgoraCoreService[4097]: (4097) /var/lib/jenkins/workspace/agora-release-linux-2/ServerSDK-Video/src/video_recorder/event_handler.cpp:1341: level 1: INFO    (22:26:19:250 |    0)   4112; delRef of media engine, ref=0
AgoraCoreService[4097]: (4097) /var/lib/jenkins/workspace/agora-release-linux-2/ServerSDK-Video/src/video_recorder/event_handler.cpp:1341: level 1: INFO    (22:26:19:250 |    0)   4112; [che] chat engine destroying
AgoraCoreService[4097]: (4097) /var/lib/jenkins/workspace/agora-release-linux-2/ServerSDK-Video/src/video_recorder/event_handler.cpp:1341: level 1: INFO    (22:26:19:250 |    0)   4112; stopLocalRender
AgoraCoreService[4097]: (4097) /var/lib/jenkins/workspace/agora-release-linux-2/ServerSDK-Video/src/video_recorder/event_handler.cpp:1341: level 1: INFO    (22:26:19:250 |    0)   4112; stopLocalRender success
AgoraCoreService[4097]: (4097) /var/lib/jenkins/workspace/agora-release-linux-2/ServerSDK-Video/src/video_recorder/event_handler.cpp:1341: level 2: WARN    (22:26:19:251 |    1)   4112; stopCapture: VideoEngine haven't startCapture
AgoraCoreService[4097]: (4097) /var/lib/jenkins/workspace/agora-release-linux-2/ServerSDK-Video/src/video_recorder/event_handler.cpp:1341: level 1: INFO    (22:26:19:251 |    0)   4112; stopRemoteRender
AgoraCoreService[4097]: (4097) /var/lib/jenkins/workspace/agora-release-linux-2/ServerSDK-Video/src/video_recorder/event_handler.cpp:1341: level 1: INFO    (22:26:19:251 |    0)   4112; [che] stopCall begins
AgoraCoreService[4097]: (4097) /var/lib/jenkins/workspace/agora-release-linux-2/ServerSDK-Video/src/video_recorder/event_handler.cpp:1341: level 1: INFO    (22:26:19:251 |    0)   4112; [che] stop call returns -1, elapsed 0
AgoraCoreService[4097]: (4097) /var/lib/jenkins/workspace/agora-release-linux-2/ServerSDK-Video/src/video_recorder/event_handler.cpp:1341: level 1: INFO    (22:26:19:251 |    0)   4112; stopLocalRender
AgoraCoreService[4097]: (4097) /var/lib/jenkins/workspace/agora-release-linux-2/ServerSDK-Video/src/video_recorder/event_handler.cpp:1341: level 1: INFO    (22:26:19:251 |    0)   4112; stopLocalRender success
AgoraCoreService[4097]: (4097) /var/lib/jenkins/workspace/agora-release-linux-2/ServerSDK-Video/src/video_recorder/event_handler.cpp:1341: level 1: INFO    (22:26:19:251 |    0)   4112; stopRemoteRender
AgoraCoreService[4097]: (4097) /var/lib/jenkins/workspace/agora-release-linux-2/ServerSDK-Video/src/video_recorder/event_handler.cpp:1341: level 2: WARN    (22:26:19:251 |    0)   4112; stopCapture: VideoEngine haven't startCapture
AgoraCoreService[4097]: (4097) /var/lib/jenkins/workspace/agora-release-linux-2/ServerSDK-Video/src/video_recorder/event_handler.cpp:1341: level 1: INFO    (22:26:19:251 |    0)   4118; Thread with name:VideoProcessThread stopped
AgoraCoreService[4097]: (4097) /var/lib/jenkins/workspace/agora-release-linux-2/ServerSDK-Video/src/video_recorder/event_handler.cpp:1341: level 2: WARN    (22:26:19:251 |    0)   4112; terminate: VideoEngine haven't init
AgoraCoreService[4097]: (4097) /var/lib/jenkins/workspace/agora-release-linux-2/ServerSDK-Video/src/video_recorder/event_handler.cpp:1341: level 1: INFO    (22:26:19:251 |    0)   4112; [DEBUGG] ViERenderManager Destructor, engine_id: 0
AgoraCoreService[4097]: (4097) /var/lib/jenkins/workspace/agora-release-linux-2/ServerSDK-Video/src/video_recorder/event_handler.cpp:1341: level 1: INFO    (22:26:19:253 |    2)   4117; Thread with name:VideoEncodeThread stopped
AgoraCoreService[4097]: (4097) /var/lib/jenkins/workspace/agora-release-linux-2/ServerSDK-Video/src/video_recorder/event_handler.cpp:1341: level 1: INFO    (22:26:19:262 |    9)   4112; VideoSendTrackImpl::UpdateCapturer capturer=(nil)
AgoraCoreService[4097]: (4097) /var/lib/jenkins/workspace/agora-release-linux-2/ServerSDK-Video/src/video_recorder/event_handler.cpp:1341: level 1: INFO    (22:26:19:262 |    0)   4112; VideoSendTrackImpl::UpdateRenderer, renderer=(nil)
AgoraCoreService[4097]: (4097) /var/lib/jenkins/workspace/agora-release-linux-2/ServerSDK-Video/src/video_recorder/event_handler.cpp:1341: level 1: INFO    (22:26:19:262 |    0)   4116; Thread with name:EngineMonitorThread stopped
AgoraCoreService[4097]: (4097) /var/lib/jenkins/workspace/agora-release-linux-2/ServerSDK-Video/src/video_recorder/event_handler.cpp:1341: level 1: INFO    (22:26:19:262 |    0)   4114; Thread with name:external_audio_module_thread stopped
AgoraCoreService[4097]: (4097) /var/lib/jenkins/workspace/agora-release-linux-2/ServerSDK-Video/src/video_recorder/event_handler.cpp:1341: level 1: INFO    (22:26:19:262 |    0)   4115; Thread with name:WebRtc_event_timer_thread stopped
AgoraCoreService[4097]: (4097) /var/lib/jenkins/workspace/agora-release-linux-2/ServerSDK-Video/src/video_recorder/event_handler.cpp:1341: level 1: INFO    (22:26:19:262 |    0)   4112; [che] chat engine destroyed
AgoraCoreService[4097]: (4097) /var/lib/jenkins/workspace/agora-release-linux-2/ServerSDK-Video/src/video_recorder/event_handler.cpp:1341: level 1: INFO    (22:26:19:262 |    0)   4112; ***CALL END
AgoraCoreService[4097]: (4097) /var/lib/jenkins/workspace/agora-release-linux-2/ServerSDK-Video/src/video_recorder/event_handler.cpp:1341: level 1: INFO    (22:26:19:263 |    1)   4112; onAudioStatusChanged enable audio
AgoraCoreService[4097]: (4097) /var/lib/jenkins/workspace/agora-release-linux-2/ServerSDK-Video/src/video_recorder/event_handler.cpp:1341: level 1: INFO    (22:26:19:263 |    0)   4112; [MIO] media io controller destroyed
AgoraCoreService[4097]: (4097) /var/lib/jenkins/workspace/agora-release-linux-2/ServerSDK-Video/src/video_recorder/event_handler.cpp:1341: level 1: INFO    (22:26:19:263 |    0)   4097; async task notify worker thread to exit and return
AgoraCoreService[4097]: (4097) /var/lib/jenkins/workspace/agora-release-linux-2/ServerSDK-Video/src/video_recorder/event_handler.cpp:561: event handler delete timer
recorder_local[4096]: (4096) /var/lib/jenkins/workspace/agora-release-linux-2/ServerSDK-Video/src/base/event_loop.cpp:228: Error fd:4, 16
recorder_local[4096]: (4096) /var/lib/jenkins/workspace/agora-release-linux-2/ServerSDK-Video/src/base/pipe_router.cpp:81: Broken reading pipe! event:16 with error3
recorder_local[4096]: (4096) /var/lib/jenkins/workspace/agora-release-linux-2/ServerSDK-Video/src/rec_engine/RecordingEngineImpl.cpp:542: API call to leave channel
recorder_local[4096]: (4096) /var/lib/jenkins/workspace/agora-release-linux-2/ServerSDK-Video/src/rec_engine/RecordingEngineImpl.cpp:64: Recorder f88790 is ready to be release
recorder_local[4096]: (4096) /var/lib/jenkins/workspace/agora-release-linux-2/ServerSDK-Video/src/rec_engine/RecordingEngineImpl.cpp:87: Recording wrapper delete timer
