Local Date: Mon Apr  2 11:10:18 2018
Build info: Feb  1 2018 02:13:47 ?

INFO    (11:10:18:752 |    0)  31025; [rp] {"rtc.video.mute_me":true,"che.video.local.send":false}
INFO    (11:10:18:752 |    0)  31025; [rp] {"rtc.audio.mute_me":true,"che.audio.mute_me":true}
INFO    (11:10:18:752 |    0)  31025; [rp] {"rtc.video.set_remote_default_video_stream_type":0}
INFO    (11:10:18:752 |    0)  31025; API call to SetRemoteDefaultVideoStreamType: 0
INFO    (11:10:18:752 |    0)  31025; [rp] {"che.video.local.camera_index":1024}
INFO    (11:10:18:752 |    0)  31025; [rp] {"rtc.video.enabled":true}
INFO    (11:10:18:752 |    0)  31025; API call to enable video
INFO    (11:10:18:752 |    0)  31025; ***CALL BEGIN: appid:'c7****************************1c' cname:'police_14_1' info:'' sid:'A93948BDE8A64B5D958BDAD22F419FEE'
INFO    (11:10:18:752 |    0)  31025; addRef of media engine, ref=1
INFO    (11:10:18:753 |    1)  31025; [che] create chat engine, ctx:(nil)
INFO    (11:10:18:753 |    0)  31025; [MYDEBUG] large group call false
INFO    (11:10:18:753 |    0)  31025; ChatEngineParameterHelper::applyMediaEngineMode: 
INFO    (11:10:18:753 |    0)  31025; applyMediaEngineMode(): Hardware encoding false Hardware decoding false
INFO    (11:10:18:754 |    1)  31027; Thread with name:external_audio_module_thread started 
INFO    (11:10:18:754 |    0)  31028; Thread with name:WebRtc_event_timer_thread started 
INFO    (11:10:18:755 |    1)  31025; StereoPlayoutIsAvailable(), output: available=0
INFO    (11:10:18:755 |    0)  31025; StereoRecordingIsAvailable(), output: available=0
INFO    (11:10:18:755 |    0)  31029; Thread with name:EngineMonitorThread started 
INFO    (11:10:18:755 |    0)  31025; setMuteStatus, muted: On
INFO    (11:10:18:755 |    0)  31025; setMuteOutput, muted: false
WARN    (11:10:18:755 |    0)  31025; setMicSensitivity failed, legal values are between [0, 10]
INFO    (11:10:18:755 |    0)  31025; Audio Engine Init success
INFO    (11:10:18:756 |    1)  31025; Available number of cores:1
INFO    (11:10:18:756 |    0)  31025; CreateVideoSendTrack
INFO    (11:10:18:756 |    0)  31025; init: feature prerotation disabled
INFO    (11:10:18:756 |    0)  31025; Agora Engine video codec set to custom mode role mode 0
INFO    (11:10:18:756 |    0)  31025; Agora Engine video codec index 1
INFO    (11:10:18:756 |    0)  31025; Agora Engine video stream type = 0
INFO    (11:10:18:756 |    0)  31030; Thread with name:VideoEncodeThread started 
INFO    (11:10:18:757 |    1)  31025; EncoderWrapper::Create hardware_ = 0, hardware_low_ = 0
INFO    (11:10:18:757 |    0)  31031; Thread with name:VideoProcessThread started 
INFO    (11:10:18:757 |    0)  31025; setCodec: index=1 width=640 height=360 framerate=15
INFO    (11:10:18:757 |    0)  31025; h264WebInteropEnable: enable 0
INFO    (11:10:18:757 |    0)  31025; setCaptureDevice: index=1024
INFO    (11:10:18:757 |    0)  31025; setMaxVideoBitrate: max bitrate=0
INFO    (11:10:18:757 |    0)  31025; more fec enable 0 curr fec method 0
INFO    (11:10:18:757 |    0)  31025; video fec method 0
ERROR   (11:10:18:757 |    0)  31025; videoEngine created and initialize here
INFO    (11:10:18:758 |    1)  31025; CreateVideoSendTrack
INFO    (11:10:18:758 |    0)  31025; [MIO] updateCapturer: ((nil)), type:(1)
INFO    (11:10:18:758 |    0)  31025; CreateAgoraDefaultCapture: type=0
INFO    (11:10:18:758 |    0)  31025; CreateVideoCapturer: interface=0x7f9da0172af0
INFO    (11:10:18:758 |    0)  31025; VideoSendTrackImpl::UpdateCapturer capturer=0x7f9da01d4c10
INFO    (11:10:18:758 |    0)  31025; [MIO] updateLocalRender: ((nil)), type:(1)
INFO    (11:10:18:758 |    0)  31025; CreateAgoraDefaultRender
INFO    (11:10:18:758 |    0)  31025; CreateVideoRenderer: interface=0x7f9da01d5090
INFO    (11:10:18:758 |    0)  31025; VideoSendTrackImpl::UpdateRenderer, renderer=0x7f9da01d50d0
INFO    (11:10:18:758 |    0)  31025; [MIO] video send track prepared !!
INFO    (11:10:18:758 |    0)  31025; [che] applyVideoProfile: 640x360 15 fps 500 kbps
INFO    (11:10:18:758 |    0)  31025; validateVideoParameters: validate video parameters resolution 640x360, fps 15, rate 500000
INFO    (11:10:18:758 |    0)  31025; setMaxVideoBitrate: max bitrate=500000
INFO    (11:10:18:758 |    0)  31025; setCodecRates: set frame rate to 15
INFO    (11:10:18:758 |    0)  31025; setCodec: index=1 width=640 height=360 framerate=15
INFO    (11:10:18:759 |    1)  31025; setCodecResolution: set to 640 x 360
INFO    (11:10:18:759 |    0)  31025; [che] chat engine initialized
INFO    (11:10:18:759 |    0)  31025; [vocs] vocs initialized
INFO    (11:10:18:759 |    0)  31025; [rs] report server ip: 221.228.78.123:8000
INFO    (11:10:18:760 |    1)  31025; [rlbs] selected: 221.228.78.123:9700
INFO    (11:10:18:760 |    0)  31025; [rlbs] request rs list from 221.228.78.123:9700.......
INFO    (11:10:18:760 |    0)  31025; CacheManager: save cache to storage elapsed 0
INFO    (11:10:18:760 |    0)  31025; [cm] emit join channel signal, size=2
INFO    (11:10:18:761 |    1)  31025; CacheManager: save cache to storage elapsed 0
INFO    (11:10:18:761 |    0)  31025; [vocs] lookup channel...
INFO    (11:10:18:761 |    0)  31025; [vocs] selected: 183.236.26.162:8000
INFO    (11:10:18:761 |    0)  31025; connecting to 183.236.26.162:8000 handle a020fdc0, 28
INFO    (11:10:18:761 |    0)  31025; [vocs] creating channel with 183.236.26.162:8000, ts 1522667418761.......
INFO    (11:10:18:761 |    0)  31025; [vocs] selected: 69.28.51.138:8000
INFO    (11:10:18:761 |    0)  31025; [vocs] creating channel with 69.28.51.138:8000, ts 1522667418761.......
INFO    (11:10:18:761 |    0)  31025; [vocs] selected: 221.228.202.134:8000
INFO    (11:10:18:761 |    0)  31025; [vocs] creating channel with 221.228.202.134:8000, ts 1522667418761.......
INFO    (11:10:18:762 |    1)  31025; [rp] {"che.audio.audioSampleRate":48000}
INFO    (11:10:18:762 |    0)  31025; [dns] parsed ip 199.190.44.35
INFO    (11:10:18:762 |    0)  31025; [dns] parsed ip 199.190.44.36
INFO    (11:10:18:762 |    0)  31025; [rs] dns parse result code: 0, servers size: 1
INFO    (11:10:18:762 |    0)  31025; [rs] dns parse and selected server: 223.111.12.227
INFO    (11:10:18:770 |    8)  31025; [dns] parsed ip 119.9.92.49
INFO    (11:10:18:770 |    0)  31025; [dns] parsed ip 69.28.51.138
INFO    (11:10:18:770 |    0)  31025; [dns] parsed ip 128.1.87.146
INFO    (11:10:18:916 |  146)  31025; [vocs/u] **responsed from 69.28.51.138:8000, 3 vos, elapsed 167, server ts 1522667417891, wan ip 139.59.134.76
INFO    (11:10:18:917 |    1)  31025; [vos] added server: 128.1.78.92:4001
INFO    (11:10:18:917 |    0)  31025; [vos] added server: 128.1.78.107:4009
INFO    (11:10:18:917 |    0)  31025; [vos] added server: 128.1.78.93:4007
INFO    (11:10:18:917 |    0)  31025; [ch0] vos initialized
INFO    (11:10:18:917 |    0)  31025; [vos] selected: 128.1.78.93:4007
ERROR   (11:10:18:917 |    0)  31025; [ch0] login strategy=2
INFO    (11:10:18:917 |    0)  31025; [ds]: ver 1 ds '{"streamType":5}'
INFO    (11:10:18:918 |    1)  31025; [ch0] Login VOS (proto:10, cid:320149613, uid:1649931565, ts:1522667418917, ticket size:84 ds:1 stream:+A+VH) 2: 128.1.78.93:4007
INFO    (11:10:18:918 |    0)  31025; add ping address 139.59.134.76
INFO    (11:10:18:918 |    0)  31025; PING 139.59.134.76:0 16(44) bytes of data
INFO    (11:10:18:921 |    3)  31025; [ch0] **VOS response to login request (res 0 elapsed 171, server ts 1522667417977, s-c:-944) from 128.1.78.93:4007, and current dest server 128.1.78.93:4007
INFO    (11:10:18:921 |    0)  31025; updateActiveVosList: ["128.1.78.93:4007"]
INFO    (11:10:18:921 |    0)  31025; [che] start call begins
INFO    (11:10:18:921 |    0)  31025; Set Application Mode in RTC Engine to No. 0
ERROR   (11:10:18:921 |    0)  31025; GetCodec() invalid index (error=8004)
INFO    (11:10:18:921 |    0)  31025; SetCodec by type : No. 85
INFO    (11:10:18:925 |    4)  31025; StartPlayout complete
INFO    (11:10:18:925 |    0)  31025; output: kDummyAudio
INFO    (11:10:18:935 |   10)  31025; StartRecording complete
ERROR   (11:10:18:935 |    0)  31025; SetAgcConfig() failed to set the range in |gain| the digital compression stage may apply (error=8097)
INFO    (11:10:18:935 |    0)  31025; SetHowlingControl enable = 0
INFO    (11:10:18:935 |    0)  31025; Application Config module:  Route 0, NS on, AEC N, AGC on, BSS off, HC on
INFO    (11:10:18:935 |    0)  31025; MID = 0, Routing = 0
INFO    (11:10:18:935 |    0)  31025; [che] applyVideoProfile: 640x360 15 fps 500 kbps
INFO    (11:10:18:936 |    1)  31025; validateVideoParameters: validate video parameters resolution 640x360, fps 15, rate 500000
INFO    (11:10:18:936 |    0)  31025; setMaxVideoBitrate: max bitrate=500000
INFO    (11:10:18:936 |    0)  31025; setCodecRates: set frame rate to 15
INFO    (11:10:18:936 |    0)  31025; setCodec: index=1 width=640 height=360 framerate=15
INFO    (11:10:18:936 |    0)  31025; setCodecResolution: set to 640 x 360
INFO    (11:10:18:936 |    0)  31025; CreateVideoCapturer: interface=0x7f9da0172c90
INFO    (11:10:18:936 |    0)  31025; VideoSendTrackImpl::UpdateCapturer capturer=0x7f9da021f9c0
INFO    (11:10:18:936 |    0)  31025; Create participant 0
INFO    (11:10:18:936 |    0)  31025; startCapture: device? 1024 init? 1 local enabled? 1 capturing? 0 rendering? 0
INFO    (11:10:18:936 |    0)  31025; startCapture: Receive Only Mode, capture still on. Encode will be turned off
INFO    (11:10:18:936 |    0)  31025; AgoraVideoInput::Init thread=1, type=100, device=External Device
INFO    (11:10:18:936 |    0)  31032; Thread with name:AgoraInputThread started 
INFO    (11:10:18:937 |    1)  31033; Thread with name:ExternalCaptureThread started 
INFO    (11:10:18:937 |    0)  31025; setCodec: index=1 width=640 height=360 framerate=15
INFO    (11:10:18:937 |    0)  31025; setMaxVideoBitrate: max bitrate=500000
INFO    (11:10:18:937 |    0)  31025; AgoraVideoInput::Start width=640, height=360, fps=15
INFO    (11:10:18:937 |    0)  31034; Thread with name:WebRtc_event_timer_thread started 
INFO    (11:10:18:937 |    0)  31025; startCapture: startCapture success
INFO    (11:10:18:937 |    0)  31025; RequestEncodeKeyFrame
INFO    (11:10:18:937 |    0)  31025; doStartLocalRender: init? 1 capture id -1 device 1024 capturing? 1 rendering? 0
INFO    (11:10:18:937 |    0)  31025; doStartLocalRender: Receive Only Mode, local renderer still on.
INFO    (11:10:18:937 |    0)  31025; doStartLocalRender: init? 1 capture id -1 device 1024 capturing? 1 rendering? 0
INFO    (11:10:18:938 |    1)  31025; doStartLocalRender: Receive Only Mode, local renderer still on.
INFO    (11:10:18:938 |    0)  31025; [che] start call returns 0, elapsed 17
INFO    (11:10:18:938 |    0)  31025; Setting dtx mode to 2
INFO    (11:10:18:938 |    0)  31025; setNetEQMinimumPlayoutDelay delay(100)
INFO    (11:10:18:938 |    0)  31025; join channel success: cname 'police_14_1' uid 1649931565 elapsed 188
INFO    (11:10:18:938 |    0)  31025; CacheManager: save cache to storage elapsed 1
INFO    (11:10:18:938 |    0)  31026; Channel counters: mix mode:0 , min port:-1 , max port:-1 ,decode audio:0 , decode_video:0 , is live:0 , idle:300 , is audio only:0 ,syslog facility:8 , mix mode height:360 , mix mode width:640 , mix mode fps:15 , mi 
INFO    (11:10:18:938 |    0)  31026; User 1649931565 join channel police_14_1 success, elapsed: 188 ms
INFO    (11:10:18:949 |   11)  31025; [ch0] rtt: 11
INFO    (11:10:19:  3 |    0)  31032; [che] onVideoSizeChanged: uid 0 640x360 rotate 0
INFO    (11:10:19:413 |  410)  31025; audio setPeerAudioMuteStatus: uid 5 muted 0
INFO    (11:10:19:414 |    1)  31025; video setPeerVideoMuteStatus: uid 5 muted 1
INFO    (11:10:19:414 |    0)  31025; [pm] peer 5 is online
INFO    (11:10:19:414 |    0)  31025; notifyPeerCount: cnt 1
INFO    (11:10:19:414 |    0)  31026; offset 664ms: 5 joined the channel
INFO    (11:10:19:414 |    0)  31026; User 5 request 0 stream
INFO    (11:10:19:415 |    1)  31025; onFirstRemoteAudioFrame uid 5 codec 85 elapsed 665
INFO    (11:10:19:415 |    0)  31025; onTracerFirstRemoteAudio uid 5 codec 85 elapsed 665
INFO    (11:10:19:415 |    0)  31025; [rp] {"rtc.video.set_remote_video_stream":{"uid":5,"stream":0},"che.video.setstream":{"uid":5,"stream":0}}
INFO    (11:10:19:415 |    0)  31025; [pm] switch video stream type peer 5 type 0
INFO    (11:10:19:415 |    0)  31025; switchStream (5): current -1 lastRequested -1 newRequested 0
INFO    (11:10:19:415 |    0)  31025; switchStream (uid 5 fromNetOb 0): switch to 0
INFO    (11:10:19:416 |    1)  31025; [cc] request to switch user 5 video stream to 0
INFO    (11:10:19:753 |  337)  31025; [pm] peer 5 has enabled video
INFO    (11:10:19:754 |    1)  31026; User 5 enabled video 1
INFO    (11:10:19:754 |    0)  31025; video setPeerVideoMuteStatus: uid 5 muted 1
INFO    (11:10:19:754 |    0)  31025; onTracerFirstRemoteVideo uid 5 codec 4 elapsed 1004
INFO    (11:10:19:754 |    0)  31025; [miaokai] Received 1st packet of stream 0, from uid 5, frame number 0.

INFO    (11:10:19:754 |    0)  31025; Create participant 5
INFO    (11:10:19:754 |    0)  31025; Codec: VP8, Payload type 100, Height 360, Width 640, Bitrate 200,Framerate 15.
INFO    (11:10:19:754 |    0)  31025; Codec: H264, Payload type 107, Height 360, Width 640, Bitrate 200,Framerate 15.
INFO    (11:10:19:755 |    1)  31037; Thread with name:videoDecodeThread started 
INFO    (11:10:19:755 |    0)  31037; Destroy decoder.
INFO    (11:10:19:756 |    1)  31037; Finish init decoder.
INFO    (11:10:19:756 |    0)  31037; [miaokai] Decoded 1st frame from stream 1998611553.

INFO    (11:10:20:870 |  114)  31025; [pm] peer 5 has enabled local video
INFO    (11:10:20:870 |    0)  31026; User 5 enabled local video 1
INFO    (11:10:20:870 |    0)  31025; video setPeerVideoMuteStatus: uid 5 muted 0
INFO    (11:10:23:751 |    0)  31025; [rlbs] selected: 199.190.44.35:9700
INFO    (11:10:23:751 |    0)  31025; [rlbs] request rs list from 199.190.44.35:9700.......
INFO    (11:10:23:751 |    0)  31025; [rs] **report stats: seq: 18, report list size 18, tx/rx: 3117/624, cache size: 0, report success rate: -1
INFO    (11:10:23:918 |  167)  31010; user: 5 ,pcm frame count: 450 ,pcm frame confirm count: 0 ,yuv frame count: 54 ,yuv frame confirm count: 0 ,h264 frame count: 54 ,h264 frame confirm count: 0 
INFO    (11:10:23:949 |   31)  31025; [rlbs/u] responsed from 199.190.44.35:9700 with servers 128.1.78.91:8000
INFO    (11:10:24:925 |    0)  31027; Audio statistics - play count: playout count = 200  signal level: far_in = 76
INFO    (11:10:28:923 |    0)  31010; user: 5 ,pcm frame count: 950 ,pcm frame confirm count: 0 ,yuv frame count: 129 ,yuv frame confirm count: 0 ,h264 frame count: 129 ,h264 frame confirm count: 0 
INFO    (11:10:33:927 |    4)  31010; [ARS/15s]event cnts:1, audio pkts:0, mix audio pkts:0, yuv video pkts:0, h264 video pkts:0
INFO    (11:10:33:927 |    0)  31010; user: 5 ,pcm frame count: 1451 ,pcm frame confirm count: 0 ,yuv frame count: 204 ,yuv frame confirm count: 0 ,h264 frame count: 204 ,h264 frame confirm count: 0 
INFO    (11:10:38:925 |    0)  31027; Audio statistics - play count: playout count = 600  signal level: far_in = 58
INFO    (11:10:38:931 |    6)  31010; user: 5 ,pcm frame count: 1951 ,pcm frame confirm count: 0 ,yuv frame count: 275 ,yuv frame confirm count: 0 ,h264 frame count: 275 ,h264 frame confirm count: 0 
INFO    (11:10:43:935 |    4)  31010; user: 5 ,pcm frame count: 2452 ,pcm frame confirm count: 0 ,yuv frame count: 352 ,yuv frame confirm count: 0 ,h264 frame count: 352 ,h264 frame confirm count: 0 
INFO    (11:10:48:941 |    6)  31010; [ARS/15s]event cnts:0, audio pkts:0, mix audio pkts:0, yuv video pkts:0, h264 video pkts:0
INFO    (11:10:48:941 |    0)  31010; user: 5 ,pcm frame count: 2952 ,pcm frame confirm count: 0 ,yuv frame count: 423 ,yuv frame confirm count: 0 ,h264 frame count: 423 ,h264 frame confirm count: 0 
INFO    (11:10:52:751 |    0)  31025; **CALL STATS: duraton 31s cpu app/total 3.29/4.18 battery 255 tx/rx: 12/410 kbps 51.705K/1.375M bytes
INFO    (11:10:53:945 |  194)  31010; user: 5 ,pcm frame count: 3453 ,pcm frame confirm count: 0 ,yuv frame count: 485 ,yuv frame confirm count: 0 ,h264 frame count: 485 ,h264 frame confirm count: 0 
INFO    (11:10:56:925 |    0)  31027; Audio statistics - play count: playout count = 600  signal level: far_in = 78
INFO    (11:10:57:400 |    0)  31037; [miaokai] Decoded 1st frame from stream 0.

INFO    (11:10:58:751 |  351)  31025; [rs] **report stats: seq: 60, report list size 60, tx/rx: 11722/2880, cache size: 0, report success rate: 100
INFO    (11:10:58:950 |  199)  31010; user: 5 ,pcm frame count: 3953 ,pcm frame confirm count: 0 ,yuv frame count: 535 ,yuv frame confirm count: 0 ,h264 frame count: 535 ,h264 frame confirm count: 0 
INFO    (11:11: 3:954 |    4)  31010; [ARS/15s]event cnts:0, audio pkts:0, mix audio pkts:0, yuv video pkts:0, h264 video pkts:0
INFO    (11:11: 3:954 |    0)  31010; user: 5 ,pcm frame count: 4453 ,pcm frame confirm count: 0 ,yuv frame count: 606 ,yuv frame confirm count: 0 ,h264 frame count: 606 ,h264 frame confirm count: 0 
INFO    (11:11: 8:959 |    5)  31010; user: 5 ,pcm frame count: 4954 ,pcm frame confirm count: 0 ,yuv frame count: 680 ,yuv frame confirm count: 0 ,h264 frame count: 680 ,h264 frame confirm count: 0 
INFO    (11:11:13:963 |    4)  31010; user: 5 ,pcm frame count: 5454 ,pcm frame confirm count: 0 ,yuv frame count: 739 ,yuv frame confirm count: 0 ,h264 frame count: 739 ,h264 frame confirm count: 0 
INFO    (11:11:14:925 |    0)  31027; Audio statistics - play count: playout count = 600  signal level: far_in = 75
INFO    (11:11:18:968 |   43)  31010; [ARS/15s]event cnts:0, audio pkts:0, mix audio pkts:0, yuv video pkts:0, h264 video pkts:0
INFO    (11:11:18:969 |    1)  31010; user: 5 ,pcm frame count: 5955 ,pcm frame confirm count: 0 ,yuv frame count: 812 ,yuv frame confirm count: 0 ,h264 frame count: 812 ,h264 frame confirm count: 0 
INFO    (11:11:23:973 |    4)  31010; user: 5 ,pcm frame count: 6455 ,pcm frame confirm count: 0 ,yuv frame count: 892 ,yuv frame confirm count: 0 ,h264 frame count: 892 ,h264 frame confirm count: 0 
INFO    (11:11:24:751 |    0)  31025; **CALL STATS: duraton 1m3s cpu app/total 3.27/4.23 battery 255 tx/rx: 13/271 kbps 101.750K/2.427M bytes
INFO    (11:11:28:979 |  228)  31010; user: 5 ,pcm frame count: 6956 ,pcm frame confirm count: 0 ,yuv frame count: 965 ,yuv frame confirm count: 0 ,h264 frame count: 965 ,h264 frame confirm count: 0 
INFO    (11:11:32:925 |    0)  31027; Audio statistics - play count: playout count = 600  signal level: far_in = 71
INFO    (11:11:33:751 |    0)  31025; [rs] **report stats: seq: 100, report list size 100, tx/rx: 18791/4800, cache size: 0, report success rate: 100
INFO    (11:11:33:982 |  231)  31010; [ARS/15s]event cnts:0, audio pkts:0, mix audio pkts:0, yuv video pkts:0, h264 video pkts:0
INFO    (11:11:33:982 |    0)  31010; user: 5 ,pcm frame count: 7456 ,pcm frame confirm count: 0 ,yuv frame count: 1044 ,yuv frame confirm count: 0 ,h264 frame count: 1044 ,h264 frame confirm count: 0 
INFO    (11:11:38:987 |    5)  31010; user: 5 ,pcm frame count: 7957 ,pcm frame confirm count: 0 ,yuv frame count: 1120 ,yuv frame confirm count: 0 ,h264 frame count: 1120 ,h264 frame confirm count: 0 
INFO    (11:11:43:991 |    4)  31010; user: 5 ,pcm frame count: 8457 ,pcm frame confirm count: 0 ,yuv frame count: 1195 ,yuv frame confirm count: 0 ,h264 frame count: 1195 ,h264 frame confirm count: 0 
INFO    (11:11:48:995 |    4)  31010; [ARS/15s]event cnts:0, audio pkts:0, mix audio pkts:0, yuv video pkts:0, h264 video pkts:0
INFO    (11:11:48:995 |    0)  31010; user: 5 ,pcm frame count: 8958 ,pcm frame confirm count: 0 ,yuv frame count: 1269 ,yuv frame confirm count: 0 ,h264 frame count: 1269 ,h264 frame confirm count: 0 
INFO    (11:11:50:925 |    0)  31027; Audio statistics - play count: playout count = 600  signal level: far_in = 79
INFO    (11:11:54:  0 |    0)  31010; user: 5 ,pcm frame count: 9458 ,pcm frame confirm count: 0 ,yuv frame count: 1355 ,yuv frame confirm count: 0 ,h264 frame count: 1355 ,h264 frame confirm count: 0 
INFO    (11:11:56:750 |    0)  31025; **CALL STATS: duraton 1m35s cpu app/total 3.80/3.22 battery 255 tx/rx: 16/400 kbps 152.760K/3.704M bytes
INFO    (11:11:59:  4 |    0)  31010; user: 5 ,pcm frame count: 9958 ,pcm frame confirm count: 0 ,yuv frame count: 1432 ,yuv frame confirm count: 0 ,h264 frame count: 1432 ,h264 frame confirm count: 0 
INFO    (11:12: 4:  9 |    5)  31010; [ARS/15s]event cnts:0, audio pkts:0, mix audio pkts:0, yuv video pkts:0, h264 video pkts:0
INFO    (11:12: 4:  9 |    0)  31010; user: 5 ,pcm frame count: 10459 ,pcm frame confirm count: 0 ,yuv frame count: 1506 ,yuv frame confirm count: 0 ,h264 frame count: 1506 ,h264 frame confirm count: 0 
INFO    (11:12: 8:751 |  742)  31025; [rs] **report stats: seq: 140, report list size 83, tx/rx: 25733/6720, cache size: 0, report success rate: 100
INFO    (11:12: 8:925 |  174)  31027; Audio statistics - play count: playout count = 600  signal level: far_in = 54
INFO    (11:12: 9: 17 |    0)  31010; user: 5 ,pcm frame count: 10960 ,pcm frame confirm count: 0 ,yuv frame count: 1575 ,yuv frame confirm count: 0 ,h264 frame count: 1575 ,h264 frame confirm count: 0 
INFO    (11:12:14: 21 |    4)  31010; user: 5 ,pcm frame count: 11460 ,pcm frame confirm count: 0 ,yuv frame count: 1647 ,yuv frame confirm count: 0 ,h264 frame count: 1647 ,h264 frame confirm count: 0 
INFO    (11:12:19: 29 |    8)  31010; [ARS/15s]event cnts:0, audio pkts:0, mix audio pkts:0, yuv video pkts:0, h264 video pkts:0
INFO    (11:12:19: 29 |    0)  31010; user: 5 ,pcm frame count: 11961 ,pcm frame confirm count: 0 ,yuv frame count: 1715 ,yuv frame confirm count: 0 ,h264 frame count: 1715 ,h264 frame confirm count: 0 
INFO    (11:12:24: 34 |    5)  31010; user: 5 ,pcm frame count: 12461 ,pcm frame confirm count: 0 ,yuv frame count: 1796 ,yuv frame confirm count: 0 ,h264 frame count: 1796 ,h264 frame confirm count: 0 
INFO    (11:12:26:925 |  891)  31027; Audio statistics - play count: playout count = 600  signal level: far_in = 46
INFO    (11:12:28:751 |    0)  31025; **CALL STATS: duraton 2m7s cpu app/total 3.31/5.43 battery 255 tx/rx: 11/455 kbps 201.547K/5.342M bytes
INFO    (11:12:29: 39 |    0)  31010; user: 5 ,pcm frame count: 12962 ,pcm frame confirm count: 0 ,yuv frame count: 1871 ,yuv frame confirm count: 0 ,h264 frame count: 1871 ,h264 frame confirm count: 0 
INFO    (11:12:34: 43 |    4)  31010; [ARS/15s]event cnts:0, audio pkts:0, mix audio pkts:0, yuv video pkts:0, h264 video pkts:0
INFO    (11:12:34: 43 |    0)  31010; user: 5 ,pcm frame count: 13462 ,pcm frame confirm count: 0 ,yuv frame count: 1939 ,yuv frame confirm count: 0 ,h264 frame count: 1939 ,h264 frame confirm count: 0 
INFO    (11:12:39: 48 |    5)  31010; user: 5 ,pcm frame count: 13963 ,pcm frame confirm count: 0 ,yuv frame count: 2010 ,yuv frame confirm count: 0 ,h264 frame count: 2010 ,h264 frame confirm count: 0 
INFO    (11:12:43:750 |  702)  31025; [rs] **report stats: seq: 178, report list size 85, tx/rx: 32565/8544, cache size: 0, report success rate: 100
INFO    (11:12:44: 52 |    0)  31010; user: 5 ,pcm frame count: 14463 ,pcm frame confirm count: 0 ,yuv frame count: 2085 ,yuv frame confirm count: 0 ,h264 frame count: 2085 ,h264 frame confirm count: 0 
INFO    (11:12:44:925 |  873)  31027; Audio statistics - play count: playout count = 600  signal level: far_in = 77
INFO    (11:12:49: 56 |    0)  31010; [ARS/15s]event cnts:0, audio pkts:0, mix audio pkts:0, yuv video pkts:0, h264 video pkts:0
INFO    (11:12:49: 56 |    0)  31010; user: 5 ,pcm frame count: 14964 ,pcm frame confirm count: 0 ,yuv frame count: 2153 ,yuv frame confirm count: 0 ,h264 frame count: 2153 ,h264 frame confirm count: 0 
INFO    (11:12:54: 60 |    4)  31010; user: 5 ,pcm frame count: 15464 ,pcm frame confirm count: 0 ,yuv frame count: 2222 ,yuv frame confirm count: 0 ,h264 frame count: 2222 ,h264 frame confirm count: 0 
INFO    (11:12:59: 64 |    4)  31010; user: 5 ,pcm frame count: 15964 ,pcm frame confirm count: 0 ,yuv frame count: 2298 ,yuv frame confirm count: 0 ,h264 frame count: 2298 ,h264 frame confirm count: 0 
INFO    (11:13: 0:751 |  687)  31025; **CALL STATS: duraton 2m39s cpu app/total 3.86/3.76 battery 255 tx/rx: 12/453 kbps 248.988K/6.852M bytes
INFO    (11:13: 2:925 |  174)  31027; Audio statistics - play count: playout count = 600  signal level: far_in = 76
INFO    (11:13: 4: 68 |    0)  31010; [ARS/15s]event cnts:0, audio pkts:0, mix audio pkts:0, yuv video pkts:0, h264 video pkts:0
INFO    (11:13: 4: 69 |    1)  31010; user: 5 ,pcm frame count: 16465 ,pcm frame confirm count: 0 ,yuv frame count: 2370 ,yuv frame confirm count: 0 ,h264 frame count: 2370 ,h264 frame confirm count: 0 
INFO    (11:13: 9: 73 |    4)  31010; user: 5 ,pcm frame count: 16965 ,pcm frame confirm count: 0 ,yuv frame count: 2443 ,yuv frame confirm count: 0 ,h264 frame count: 2443 ,h264 frame confirm count: 0 
INFO    (11:13:14: 78 |    5)  31010; user: 5 ,pcm frame count: 17466 ,pcm frame confirm count: 0 ,yuv frame count: 2510 ,yuv frame confirm count: 0 ,h264 frame count: 2510 ,h264 frame confirm count: 0 
INFO    (11:13:18:751 |  673)  31025; [rs] **report stats: seq: 218, report list size 83, tx/rx: 39513/10464, cache size: 0, report success rate: 100
INFO    (11:13:19: 82 |    0)  31010; [ARS/15s]event cnts:0, audio pkts:0, mix audio pkts:0, yuv video pkts:0, h264 video pkts:0
INFO    (11:13:19: 82 |    0)  31010; user: 5 ,pcm frame count: 17966 ,pcm frame confirm count: 0 ,yuv frame count: 2585 ,yuv frame confirm count: 0 ,h264 frame count: 2585 ,h264 frame confirm count: 0 
INFO    (11:13:20:925 |  843)  31027; Audio statistics - play count: playout count = 600  signal level: far_in = 82
INFO    (11:13:24: 88 |    0)  31010; user: 5 ,pcm frame count: 18467 ,pcm frame confirm count: 0 ,yuv frame count: 2662 ,yuv frame confirm count: 0 ,h264 frame count: 2662 ,h264 frame confirm count: 0 
INFO    (11:13:29: 93 |    5)  31010; user: 5 ,pcm frame count: 18967 ,pcm frame confirm count: 0 ,yuv frame count: 2738 ,yuv frame confirm count: 0 ,h264 frame count: 2738 ,h264 frame confirm count: 0 
INFO    (11:13:32:751 |  658)  31025; **CALL STATS: duraton 3m11s cpu app/total 3.80/3.78 battery 255 tx/rx: 12/466 kbps 298.441K/8.566M bytes
INFO    (11:13:34: 97 |    0)  31010; [ARS/15s]event cnts:0, audio pkts:0, mix audio pkts:0, yuv video pkts:0, h264 video pkts:0
INFO    (11:13:34: 98 |    1)  31010; user: 5 ,pcm frame count: 19468 ,pcm frame confirm count: 0 ,yuv frame count: 2813 ,yuv frame confirm count: 0 ,h264 frame count: 2813 ,h264 frame confirm count: 0 
INFO    (11:13:38:925 |  827)  31027; Audio statistics - play count: playout count = 600  signal level: far_in = 79
INFO    (11:13:39:102 |    0)  31010; user: 5 ,pcm frame count: 19968 ,pcm frame confirm count: 0 ,yuv frame count: 2889 ,yuv frame confirm count: 0 ,h264 frame count: 2889 ,h264 frame confirm count: 0 
INFO    (11:13:44:106 |    4)  31010; user: 5 ,pcm frame count: 20469 ,pcm frame confirm count: 0 ,yuv frame count: 2960 ,yuv frame confirm count: 0 ,h264 frame count: 2960 ,h264 frame confirm count: 0 
INFO    (11:13:49:111 |    5)  31010; [ARS/15s]event cnts:0, audio pkts:0, mix audio pkts:0, yuv video pkts:0, h264 video pkts:0
INFO    (11:13:49:111 |    0)  31010; user: 5 ,pcm frame count: 20969 ,pcm frame confirm count: 0 ,yuv frame count: 3031 ,yuv frame confirm count: 0 ,h264 frame count: 3031 ,h264 frame confirm count: 0 
INFO    (11:13:53:750 |  639)  31025; [rs] **report stats: seq: 259, report list size 88, tx/rx: 46705/12432, cache size: 0, report success rate: 100
INFO    (11:13:54:115 |    0)  31010; user: 5 ,pcm frame count: 21470 ,pcm frame confirm count: 0 ,yuv frame count: 3037 ,yuv frame confirm count: 0 ,h264 frame count: 3037 ,h264 frame confirm count: 0 
INFO    (11:13:54:794 |  679)  31037; [miaokai] Decoded 1st frame from stream 32669.

INFO    (11:13:56:925 |  131)  31027; Audio statistics - play count: playout count = 600  signal level: far_in = 72
INFO    (11:13:59:120 |    0)  31010; user: 5 ,pcm frame count: 21970 ,pcm frame confirm count: 0 ,yuv frame count: 3093 ,yuv frame confirm count: 0 ,h264 frame count: 3093 ,h264 frame confirm count: 0 
INFO    (11:14: 4:124 |    4)  31010; [ARS/15s]event cnts:0, audio pkts:0, mix audio pkts:0, yuv video pkts:0, h264 video pkts:0
INFO    (11:14: 4:125 |    1)  31010; user: 5 ,pcm frame count: 22470 ,pcm frame confirm count: 0 ,yuv frame count: 3148 ,yuv frame confirm count: 0 ,h264 frame count: 3148 ,h264 frame confirm count: 0 
INFO    (11:14: 4:751 |  626)  31025; **CALL STATS: duraton 3m43s cpu app/total 3.82/4.32 battery 255 tx/rx: 12/227 kbps 345.650K/9.840M bytes
INFO    (11:14: 9:129 |    0)  31010; user: 5 ,pcm frame count: 22971 ,pcm frame confirm count: 0 ,yuv frame count: 3223 ,yuv frame confirm count: 0 ,h264 frame count: 3223 ,h264 frame confirm count: 0 
INFO    (11:14:14:133 |    4)  31010; user: 5 ,pcm frame count: 23471 ,pcm frame confirm count: 0 ,yuv frame count: 3301 ,yuv frame confirm count: 0 ,h264 frame count: 3301 ,h264 frame confirm count: 0 
INFO    (11:14:14:925 |  792)  31027; Audio statistics - play count: playout count = 600  signal level: far_in = 56
INFO    (11:14:19:139 |    0)  31010; [ARS/15s]event cnts:0, audio pkts:0, mix audio pkts:0, yuv video pkts:0, h264 video pkts:0
INFO    (11:14:19:139 |    0)  31010; user: 5 ,pcm frame count: 23972 ,pcm frame confirm count: 0 ,yuv frame count: 3377 ,yuv frame confirm count: 0 ,h264 frame count: 3377 ,h264 frame confirm count: 0 
INFO    (11:14:24:143 |    4)  31010; user: 5 ,pcm frame count: 24472 ,pcm frame confirm count: 0 ,yuv frame count: 3453 ,yuv frame confirm count: 0 ,h264 frame count: 3453 ,h264 frame confirm count: 0 
INFO    (11:14:28:750 |  607)  31025; [rs] **report stats: seq: 296, report list size 83, tx/rx: 53082/14208, cache size: 0, report success rate: 100
INFO    (11:14:29:148 |    0)  31010; user: 5 ,pcm frame count: 24973 ,pcm frame confirm count: 0 ,yuv frame count: 3526 ,yuv frame confirm count: 0 ,h264 frame count: 3526 ,h264 frame confirm count: 0 
INFO    (11:14:32:925 |  777)  31027; Audio statistics - play count: playout count = 600  signal level: far_in = 78
INFO    (11:14:34:154 |    0)  31010; [ARS/15s]event cnts:0, audio pkts:0, mix audio pkts:0, yuv video pkts:0, h264 video pkts:0
INFO    (11:14:34:154 |    0)  31010; user: 5 ,pcm frame count: 25473 ,pcm frame confirm count: 0 ,yuv frame count: 3601 ,yuv frame confirm count: 0 ,h264 frame count: 3601 ,h264 frame confirm count: 0 
INFO    (11:14:34:751 |  597)  31025; **CALL STATS: duraton 4m13s cpu app/total 3.84/21.39 battery 255 tx/rx: 11/241 kbps 393.279K/10.649M bytes
INFO    (11:14:39:161 |    0)  31010; user: 5 ,pcm frame count: 25974 ,pcm frame confirm count: 0 ,yuv frame count: 3680 ,yuv frame confirm count: 0 ,h264 frame count: 3680 ,h264 frame confirm count: 0 
INFO    (11:14:44:165 |    4)  31010; user: 5 ,pcm frame count: 26475 ,pcm frame confirm count: 0 ,yuv frame count: 3759 ,yuv frame confirm count: 0 ,h264 frame count: 3759 ,h264 frame confirm count: 0 
INFO    (11:14:49:171 |    6)  31010; [ARS/15s]event cnts:0, audio pkts:0, mix audio pkts:0, yuv video pkts:0, h264 video pkts:0
INFO    (11:14:49:171 |    0)  31010; user: 5 ,pcm frame count: 26975 ,pcm frame confirm count: 0 ,yuv frame count: 3837 ,yuv frame confirm count: 0 ,h264 frame count: 3837 ,h264 frame confirm count: 0 
INFO    (11:14:50:925 |  754)  31027; Audio statistics - play count: playout count = 600  signal level: far_in = 79
INFO    (11:14:54:174 |    0)  31010; user: 5 ,pcm frame count: 27475 ,pcm frame confirm count: 0 ,yuv frame count: 3913 ,yuv frame confirm count: 0 ,h264 frame count: 3913 ,h264 frame confirm count: 0 
INFO    (11:14:59:179 |    5)  31010; user: 5 ,pcm frame count: 27976 ,pcm frame confirm count: 0 ,yuv frame count: 3989 ,yuv frame confirm count: 0 ,h264 frame count: 3989 ,h264 frame confirm count: 0 
INFO    (11:15: 3:750 |  571)  31025; [rs] **report stats: seq: 338, report list size 85, tx/rx: 60378/16224, cache size: 0, report success rate: 100
INFO    (11:15: 4:183 |    0)  31010; [ARS/15s]event cnts:0, audio pkts:0, mix audio pkts:0, yuv video pkts:0, h264 video pkts:0
INFO    (11:15: 4:184 |    1)  31010; user: 5 ,pcm frame count: 28476 ,pcm frame confirm count: 0 ,yuv frame count: 4065 ,yuv frame confirm count: 0 ,h264 frame count: 4065 ,h264 frame confirm count: 0 
INFO    (11:15: 6:750 |  566)  31025; **CALL STATS: duraton 4m45s cpu app/total 4.37/7.48 battery 255 tx/rx: 12/413 kbps 444.628K/11.865M bytes
INFO    (11:15: 8:925 |  175)  31027; Audio statistics - play count: playout count = 600  signal level: far_in = 77
INFO    (11:15: 9:188 |    0)  31010; user: 5 ,pcm frame count: 28977 ,pcm frame confirm count: 0 ,yuv frame count: 4141 ,yuv frame confirm count: 0 ,h264 frame count: 4141 ,h264 frame confirm count: 0 
INFO    (11:15:14:193 |    5)  31010; user: 5 ,pcm frame count: 29477 ,pcm frame confirm count: 0 ,yuv frame count: 4217 ,yuv frame confirm count: 0 ,h264 frame count: 4217 ,h264 frame confirm count: 0 
INFO    (11:15:19:199 |    6)  31010; [ARS/15s]event cnts:0, audio pkts:0, mix audio pkts:0, yuv video pkts:0, h264 video pkts:0
INFO    (11:15:19:199 |    0)  31010; user: 5 ,pcm frame count: 29978 ,pcm frame confirm count: 0 ,yuv frame count: 4290 ,yuv frame confirm count: 0 ,h264 frame count: 4290 ,h264 frame confirm count: 0 
INFO    (11:15:24:203 |    4)  31010; user: 5 ,pcm frame count: 30478 ,pcm frame confirm count: 0 ,yuv frame count: 4365 ,yuv frame confirm count: 0 ,h264 frame count: 4365 ,h264 frame confirm count: 0 
INFO    (11:15:26:925 |  722)  31027; Audio statistics - play count: playout count = 600  signal level: far_in = 63
INFO    (11:15:29:209 |    0)  31010; user: 5 ,pcm frame count: 30979 ,pcm frame confirm count: 0 ,yuv frame count: 4442 ,yuv frame confirm count: 0 ,h264 frame count: 4442 ,h264 frame confirm count: 0 
INFO    (11:15:34:215 |    6)  31010; [ARS/15s]event cnts:0, audio pkts:0, mix audio pkts:0, yuv video pkts:0, h264 video pkts:0
INFO    (11:15:34:215 |    0)  31010; user: 5 ,pcm frame count: 31480 ,pcm frame confirm count: 0 ,yuv frame count: 4518 ,yuv frame confirm count: 0 ,h264 frame count: 4518 ,h264 frame confirm count: 0 
INFO    (11:15:38:751 |  536)  31025; [rs] **report stats: seq: 377, report list size 84, tx/rx: 67208/18096, cache size: 0, report success rate: 100
INFO    (11:15:38:751 |    0)  31025; **CALL STATS: duraton 5m17s cpu app/total 3.82/3.78 battery 255 tx/rx: 12/451 kbps 494.774K/13.581M bytes
INFO    (11:15:39:219 |    0)  31010; user: 5 ,pcm frame count: 31980 ,pcm frame confirm count: 0 ,yuv frame count: 4572 ,yuv frame confirm count: 0 ,h264 frame count: 4572 ,h264 frame confirm count: 0 
INFO    (11:15:39:694 |  475)  31037; [miaokai] Decoded 1st frame from stream 0.

INFO    (11:15:44:223 |    0)  31010; user: 5 ,pcm frame count: 32480 ,pcm frame confirm count: 0 ,yuv frame count: 4625 ,yuv frame confirm count: 0 ,h264 frame count: 4625 ,h264 frame confirm count: 0 
INFO    (11:15:44:925 |  702)  31027; Audio statistics - play count: playout count = 600  signal level: far_in = 65
INFO    (11:15:49:228 |    0)  31010; [ARS/15s]event cnts:0, audio pkts:0, mix audio pkts:0, yuv video pkts:0, h264 video pkts:0
INFO    (11:15:49:228 |    0)  31010; user: 5 ,pcm frame count: 32981 ,pcm frame confirm count: 0 ,yuv frame count: 4691 ,yuv frame confirm count: 0 ,h264 frame count: 4691 ,h264 frame confirm count: 0 
INFO    (11:15:54:233 |    5)  31010; user: 5 ,pcm frame count: 33481 ,pcm frame confirm count: 0 ,yuv frame count: 4757 ,yuv frame confirm count: 0 ,h264 frame count: 4757 ,h264 frame confirm count: 0 
INFO    (11:15:59:238 |    5)  31010; user: 5 ,pcm frame count: 33982 ,pcm frame confirm count: 0 ,yuv frame count: 4789 ,yuv frame confirm count: 0 ,h264 frame count: 4789 ,h264 frame confirm count: 0 
INFO    (11:16: 0:921 |  683)  31025; uid (5) disconnect, 1522667760921 - 1522667755510 = 5411
INFO    (11:16: 0:921 |    0)  31037; Thread with name:videoDecodeThread stopped
INFO    (11:16: 0:921 |    0)  31025; Destroy decoder.
INFO    (11:16: 0:921 |    0)  31025; Destroy decoder.
INFO    (11:16: 2:925 |    4)  31027; Audio statistics - play count: playout count = 600  signal level: far_in = 0
INFO    (11:16: 4:243 |    0)  31010; [ARS/15s]event cnts:0, audio pkts:0, mix audio pkts:0, yuv video pkts:0, h264 video pkts:0
INFO    (11:16: 4:243 |    0)  31010; user: 5 ,pcm frame count: 34482 ,pcm frame confirm count: 0 ,yuv frame count: 4789 ,yuv frame confirm count: 0 ,h264 frame count: 4789 ,h264 frame confirm count: 0 
INFO    (11:16: 9:248 |    5)  31010; user: 5 ,pcm frame count: 34983 ,pcm frame confirm count: 0 ,yuv frame count: 4789 ,yuv frame confirm count: 0 ,h264 frame count: 4789 ,h264 frame confirm count: 0 
INFO    (11:16:10:751 |  503)  31025; **CALL STATS: duraton 5m49s cpu app/total 4.39/6.45 battery 255 tx/rx: 1/1 kbps 529.649K/14.476M bytes
INFO    (11:16:13:751 |    0)  31025; [rs] **report stats: seq: 407, report list size 76, tx/rx: 72783/19536, cache size: 0, report success rate: 100
INFO    (11:16:13:752 |    1)  31010; user: 5 ,pcm frame count: 35109 ,pcm frame confirm count: 0 ,yuv frame count: 4789 ,yuv frame confirm count: 0 ,h264 frame count: 4789 ,h264 frame confirm count: 0 
INFO    (11:16:15:921 |  169)  31025; [pm] peer 5 is offline: dropped
INFO    (11:16:15:922 |    1)  31026; User 5 dropped
INFO    (11:16:15:922 |    0)  31025; stopRemoteVideo: uid=5
INFO    (11:16:16:921 |    0)  31025; notifyPeerCount: cnt 0
INFO    (11:16:18:925 |    4)  31010; [ARS/15s]event cnts:1, audio pkts:0, mix audio pkts:0, yuv video pkts:0, h264 video pkts:0
INFO    (11:16:20:925 |    0)  31027; Audio statistics - play count: playout count = 600  signal level: far_in = 0
INFO    (11:16:33:940 |   15)  31010; [ARS/15s]event cnts:0, audio pkts:0, mix audio pkts:0, yuv video pkts:0, h264 video pkts:0
INFO    (11:16:38:925 |    0)  31027; Audio statistics - play count: playout count = 600  signal level: far_in = 0
INFO    (11:16:42:751 |    0)  31025; **CALL STATS: duraton 6m21s cpu app/total 1.56/2.55 battery 255 tx/rx: 0/0 kbps 536.589K/14.480M bytes
INFO    (11:16:48:751 |    0)  31025; [rs] **report stats: seq: 422, report list size 50, tx/rx: 75822/20256, cache size: 0, report success rate: 100
INFO    (11:16:48:956 |  205)  31010; [ARS/15s]event cnts:0, audio pkts:0, mix audio pkts:0, yuv video pkts:0, h264 video pkts:0
INFO    (11:16:56:925 |    0)  31027; Audio statistics - play count: playout count = 600  signal level: far_in = 0
INFO    (11:17: 3:971 |   46)  31010; [ARS/15s]event cnts:0, audio pkts:0, mix audio pkts:0, yuv video pkts:0, h264 video pkts:0
INFO    (11:17:14:751 |    0)  31025; **CALL STATS: duraton 6m53s cpu app/total 2.7/2.4 battery 255 tx/rx: 2/1 kbps 543.190K/14.484M bytes
INFO    (11:17:14:925 |  174)  31027; Audio statistics - play count: playout count = 600  signal level: far_in = 0
INFO    (11:17:18:985 |   60)  31010; [ARS/15s]event cnts:0, audio pkts:0, mix audio pkts:0, yuv video pkts:0, h264 video pkts:0
INFO    (11:17:23:750 |    0)  31025; [rs] **report stats: seq: 432, report list size 27, tx/rx: 78119/20736, cache size: 0, report success rate: 100
INFO    (11:17:32:925 |  175)  31027; Audio statistics - play count: playout count = 600  signal level: far_in = 0
INFO    (11:17:34:  0 |    0)  31010; [ARS/15s]event cnts:0, audio pkts:0, mix audio pkts:0, yuv video pkts:0, h264 video pkts:0
INFO    (11:17:46:751 |    0)  31025; **CALL STATS: duraton 7m25s cpu app/total 1.55/2.56 battery 255 tx/rx: 1/1 kbps 549.500K/14.488M bytes
INFO    (11:17:49: 15 |    0)  31010; [ARS/15s]event cnts:0, audio pkts:0, mix audio pkts:0, yuv video pkts:0, h264 video pkts:0
INFO    (11:17:50:925 |  910)  31027; Audio statistics - play count: playout count = 600  signal level: far_in = 0
INFO    (11:17:58:751 |    0)  31025; [rs] **report stats: seq: 442, report list size 22, tx/rx: 80374/21216, cache size: 0, report success rate: 100
INFO    (11:18: 4: 29 |    0)  31010; [ARS/15s]event cnts:0, audio pkts:0, mix audio pkts:0, yuv video pkts:0, h264 video pkts:0
INFO    (11:18: 8:925 |  896)  31027; Audio statistics - play count: playout count = 600  signal level: far_in = 0
INFO    (11:18:18:751 |    0)  31025; **CALL STATS: duraton 7m57s cpu app/total 1.56/2.57 battery 255 tx/rx: 0/0 kbps 555.739K/14.491M bytes
INFO    (11:18:19: 44 |    0)  31010; [ARS/15s]event cnts:0, audio pkts:0, mix audio pkts:0, yuv video pkts:0, h264 video pkts:0
INFO    (11:18:26:925 |  881)  31027; Audio statistics - play count: playout count = 600  signal level: far_in = 0
INFO    (11:18:33:750 |    0)  31025; [rs] **report stats: seq: 452, report list size 22, tx/rx: 82661/21696, cache size: 0, report success rate: 100
INFO    (11:18:34: 60 |    0)  31010; [ARS/15s]event cnts:0, audio pkts:0, mix audio pkts:0, yuv video pkts:0, h264 video pkts:0
INFO    (11:18:44:925 |  865)  31027; Audio statistics - play count: playout count = 600  signal level: far_in = 0
INFO    (11:18:49: 75 |    0)  31010; [ARS/15s]event cnts:0, audio pkts:0, mix audio pkts:0, yuv video pkts:0, h264 video pkts:0
INFO    (11:18:50:750 |  675)  31025; **CALL STATS: duraton 8m29s cpu app/total 2.6/2.55 battery 255 tx/rx: 2/1 kbps 562.330K/14.495M bytes
INFO    (11:19: 2:925 |  175)  31027; Audio statistics - play count: playout count = 600  signal level: far_in = 0
INFO    (11:19: 4: 89 |    0)  31010; [ARS/15s]event cnts:0, audio pkts:0, mix audio pkts:0, yuv video pkts:0, h264 video pkts:0
INFO    (11:19: 8:751 |  662)  31025; [rs] **report stats: seq: 462, report list size 21, tx/rx: 84938/22176, cache size: 0, report success rate: 100
INFO    (11:19:19:104 |    0)  31010; [ARS/15s]event cnts:0, audio pkts:0, mix audio pkts:0, yuv video pkts:0, h264 video pkts:0
INFO    (11:19:20:925 |  821)  31027; Audio statistics - play count: playout count = 600  signal level: far_in = 0
INFO    (11:19:22:751 |    0)  31025; **CALL STATS: duraton 9m1s cpu app/total 1.57/4.8 battery 255 tx/rx: 1/1 kbps 568.650K/14.499M bytes
INFO    (11:19:34:118 |    0)  31010; [ARS/15s]event cnts:0, audio pkts:0, mix audio pkts:0, yuv video pkts:0, h264 video pkts:0
INFO    (11:19:38:925 |  807)  31027; Audio statistics - play count: playout count = 600  signal level: far_in = 0
INFO    (11:19:43:751 |    0)  31025; [rs] **report stats: seq: 473, report list size 23, tx/rx: 87441/22704, cache size: 0, report success rate: 100
INFO    (11:19:49:131 |    0)  31010; [ARS/15s]event cnts:0, audio pkts:0, mix audio pkts:0, yuv video pkts:0, h264 video pkts:0
INFO    (11:19:54:751 |  620)  31025; **CALL STATS: duraton 9m33s cpu app/total 2.5/2.6 battery 255 tx/rx: 0/0 kbps 574.864K/14.503M bytes
INFO    (11:19:56:925 |  174)  31027; Audio statistics - play count: playout count = 600  signal level: far_in = 0
INFO    (11:20: 4:147 |    0)  31010; [ARS/15s]event cnts:0, audio pkts:0, mix audio pkts:0, yuv video pkts:0, h264 video pkts:0
INFO    (11:20:14:925 |  778)  31027; Audio statistics - play count: playout count = 600  signal level: far_in = 0
INFO    (11:20:18:750 |    0)  31025; [rs] **report stats: seq: 483, report list size 22, tx/rx: 89713/23184, cache size: 0, report success rate: 100
INFO    (11:20:19:161 |    0)  31010; [ARS/15s]event cnts:0, audio pkts:0, mix audio pkts:0, yuv video pkts:0, h264 video pkts:0
INFO    (11:20:19:161 |    0)  31025; [rp] {"che.audio.dump":true}
INFO    (11:20:26:750 |  589)  31025; **CALL STATS: duraton 10m5s cpu app/total 2.8/2.57 battery 255 tx/rx: 2/1 kbps 581.455K/14.506M bytes
INFO    (11:20:32:925 |  175)  31027; Audio statistics - play count: playout count = 600  signal level: far_in = 0
INFO    (11:20:34:175 |    0)  31010; [ARS/15s]event cnts:0, audio pkts:0, mix audio pkts:0, yuv video pkts:0, h264 video pkts:0
INFO    (11:20:49:189 |   14)  31010; [ARS/15s]event cnts:0, audio pkts:0, mix audio pkts:0, yuv video pkts:0, h264 video pkts:0
INFO    (11:20:49:189 |    0)  31025; [rp] {"che.audio.dump":false}
INFO    (11:20:50:925 |  736)  31027; Audio statistics - play count: playout count = 600  signal level: far_in = 0
INFO    (11:20:53:751 |    0)  31025; [rs] **report stats: seq: 494, report list size 23, tx/rx: 92206/23712, cache size: 0, report success rate: 100
INFO    (11:20:58:751 |    0)  31025; **CALL STATS: duraton 10m37s cpu app/total 2.56/2.56 battery 255 tx/rx: 1/1 kbps 587.760K/14.510M bytes
INFO    (11:21: 3:996 |  245)  31025; audio setPeerAudioMuteStatus: uid 5 muted 0
INFO    (11:21: 3:996 |    0)  31025; video setPeerVideoMuteStatus: uid 5 muted 0
INFO    (11:21: 3:996 |    0)  31025; [pm] peer 5 is online
INFO    (11:21: 3:996 |    0)  31026; offset 645247ms: 5 joined the channel
INFO    (11:21: 3:996 |    0)  31026; User 5 request 0 stream
INFO    (11:21: 3:997 |    1)  31010; [ARS/15s]event cnts:1, audio pkts:0, mix audio pkts:0, yuv video pkts:0, h264 video pkts:0
INFO    (11:21: 3:997 |    0)  31010; user: 5 ,pcm frame count: 0 ,pcm frame confirm count: 0 ,yuv frame count: 0 ,yuv frame confirm count: 0 ,h264 frame count: 0 ,h264 frame confirm count: 0 
INFO    (11:21: 3:997 |    0)  31025; notifyPeerCount: cnt 1
INFO    (11:21: 3:998 |    1)  31025; onFirstRemoteAudioFrame uid 5 codec 99 elapsed 645248
INFO    (11:21: 3:998 |    0)  31025; onTracerFirstRemoteAudio uid 5 codec 99 elapsed 645249
INFO    (11:21: 3:999 |    1)  31025; [rp] {"rtc.video.set_remote_video_stream":{"uid":5,"stream":0},"che.video.setstream":{"uid":5,"stream":0}}
INFO    (11:21: 4:  0 |    0)  31025; [pm] switch video stream type peer 5 type 0
INFO    (11:21: 4:  0 |    0)  31025; switchStream (5): current 0 lastRequested -1 newRequested 0
INFO    (11:21: 4:  1 |    0)  31025; switchStream (uid 5 fromNetOb 0): switch to 0
WARN    (11:21: 4:  1 |    0)  31025; [MYDEBUG] set wanted stream master for 5
INFO    (11:21: 4:  1 |    0)  31025; [cc] request to switch user 5 video stream to 0
WARN    (11:21: 4:136 |  135)  31025; InsertPacketInternal: Packet buffer flushed
INFO    (11:21: 4:385 |  249)  31025; onTracerFirstRemoteVideo uid 5 codec 4 elapsed 645636
INFO    (11:21: 4:388 |    3)  31025; Codec: VP8, Payload type 100, Height 360, Width 640, Bitrate 200,Framerate 15.
INFO    (11:21: 4:388 |    0)  31025; Codec: H264, Payload type 107, Height 360, Width 640, Bitrate 200,Framerate 15.
INFO    (11:21: 4:388 |    0)  31204; Thread with name:videoDecodeThread started 
INFO    (11:21: 4:483 |   95)  31204; Destroy decoder.
INFO    (11:21: 4:483 |    0)  31204; Finish init decoder.
INFO    (11:21: 4:483 |    0)  31204; [miaokai] Decoded 1st frame from stream 32669.

INFO    (11:21: 6:295 |    0)  31204; [miaokai] Decoded 1st frame from stream 0.

INFO    (11:21: 8:925 |  630)  31027; Audio statistics - play count: playout count = 600  signal level: far_in = 76
INFO    (11:21: 9:  4 |    0)  31010; user: 5 ,pcm frame count: 500 ,pcm frame confirm count: 0 ,yuv frame count: 36 ,yuv frame confirm count: 0 ,h264 frame count: 36 ,h264 frame confirm count: 0 
INFO    (11:21:12:921 |  917)  31025; uid (5) disconnect, 1522668072921 - 1522668067026 = 5895
INFO    (11:21:12:922 |    1)  31204; Thread with name:videoDecodeThread stopped
INFO    (11:21:12:922 |    0)  31025; Destroy decoder.
INFO    (11:21:12:922 |    0)  31025; Destroy decoder.
INFO    (11:21:14:  8 |    0)  31010; user: 5 ,pcm frame count: 1001 ,pcm frame confirm count: 0 ,yuv frame count: 36 ,yuv frame confirm count: 0 ,h264 frame count: 36 ,h264 frame confirm count: 0 
INFO    (11:21:19: 13 |    5)  31010; [ARS/15s]event cnts:0, audio pkts:0, mix audio pkts:0, yuv video pkts:0, h264 video pkts:0
INFO    (11:21:19: 13 |    0)  31010; user: 5 ,pcm frame count: 1501 ,pcm frame confirm count: 0 ,yuv frame count: 36 ,yuv frame confirm count: 0 ,h264 frame count: 36 ,h264 frame confirm count: 0 
INFO    (11:21:24: 18 |    5)  31010; user: 5 ,pcm frame count: 1806 ,pcm frame confirm count: 0 ,yuv frame count: 36 ,yuv frame confirm count: 0 ,h264 frame count: 36 ,h264 frame confirm count: 0 
INFO    (11:21:26:925 |  907)  31027; Audio statistics - play count: playout count = 600  signal level: far_in = 47
INFO    (11:21:27:921 |    0)  31025; [pm] peer 5 is offline: dropped
INFO    (11:21:27:922 |    1)  31026; User 5 dropped
INFO    (11:21:27:922 |    0)  31025; stopRemoteVideo: uid=5
INFO    (11:21:28:751 |    0)  31025; [rs] **report stats: seq: 521, report list size 39, tx/rx: 96959/25008, cache size: 0, report success rate: 100
INFO    (11:21:28:922 |  171)  31025; notifyPeerCount: cnt 0
INFO    (11:21:30:750 |    0)  31025; **CALL STATS: duraton 11m9s cpu app/total 4.73/7.36 battery 255 tx/rx: 2/1 kbps 600.688K/14.624M bytes
INFO    (11:21:33:929 |  179)  31010; [ARS/15s]event cnts:1, audio pkts:0, mix audio pkts:0, yuv video pkts:0, h264 video pkts:0
INFO    (11:21:44:925 |    0)  31027; Audio statistics - play count: playout count = 600  signal level: far_in = 0
INFO    (11:21:48:942 |   17)  31010; [ARS/15s]event cnts:0, audio pkts:0, mix audio pkts:0, yuv video pkts:0, h264 video pkts:0
INFO    (11:22: 2:751 |    0)  31025; **CALL STATS: duraton 11m41s cpu app/total 1.56/3.4 battery 255 tx/rx: 1/0 kbps 607.146K/14.628M bytes
INFO    (11:22: 2:925 |  174)  31027; Audio statistics - play count: playout count = 600  signal level: far_in = 0
INFO    (11:22: 3:751 |    0)  31025; [rs] **report stats: seq: 532, report list size 40, tx/rx: 99472/25536, cache size: 0, report success rate: 100
INFO    (11:22: 3:958 |  207)  31010; [ARS/15s]event cnts:0, audio pkts:0, mix audio pkts:0, yuv video pkts:0, h264 video pkts:0
INFO    (11:22:18:971 |   13)  31010; [ARS/15s]event cnts:0, audio pkts:0, mix audio pkts:0, yuv video pkts:0, h264 video pkts:0
INFO    (11:22:20:925 |    0)  31027; Audio statistics - play count: playout count = 600  signal level: far_in = 0
INFO    (11:22:33:985 |   60)  31010; [ARS/15s]event cnts:0, audio pkts:0, mix audio pkts:0, yuv video pkts:0, h264 video pkts:0
INFO    (11:22:34:750 |    0)  31025; **CALL STATS: duraton 12m13s cpu app/total 1.57/2.56 battery 255 tx/rx: 1/1 kbps 613.446K/14.632M bytes
INFO    (11:22:38:751 |    1)  31025; [rs] **report stats: seq: 542, report list size 26, tx/rx: 101744/26016, cache size: 0, report success rate: 100
INFO    (11:22:38:925 |  174)  31027; Audio statistics - play count: playout count = 600  signal level: far_in = 0
INFO    (11:22:49:  0 |    0)  31010; [ARS/15s]event cnts:0, audio pkts:0, mix audio pkts:0, yuv video pkts:0, h264 video pkts:0
INFO    (11:22:56:925 |    0)  31027; Audio statistics - play count: playout count = 600  signal level: far_in = 0
INFO    (11:23: 4: 13 |    0)  31010; [ARS/15s]event cnts:0, audio pkts:0, mix audio pkts:0, yuv video pkts:0, h264 video pkts:0
INFO    (11:23: 6:751 |  738)  31025; **CALL STATS: duraton 12m45s cpu app/total 1.56/3.58 battery 255 tx/rx: 1/1 kbps 619.838K/14.636M bytes
INFO    (11:23:13:751 |    0)  31025; [rs] **report stats: seq: 552, report list size 22, tx/rx: 104036/26496, cache size: 0, report success rate: 100
INFO    (11:23:14:925 |  174)  31027; Audio statistics - play count: playout count = 600  signal level: far_in = 0
INFO    (11:23:19: 27 |    0)  31010; [ARS/15s]event cnts:0, audio pkts:0, mix audio pkts:0, yuv video pkts:0, h264 video pkts:0
INFO    (11:23:32:925 |  898)  31027; Audio statistics - play count: playout count = 600  signal level: far_in = 0
INFO    (11:23:34: 42 |    0)  31010; [ARS/15s]event cnts:0, audio pkts:0, mix audio pkts:0, yuv video pkts:0, h264 video pkts:0
INFO    (11:23:38:751 |  709)  31025; **CALL STATS: duraton 13m17s cpu app/total 2.59/3.57 battery 255 tx/rx: 1/0 kbps 626.266K/14.639M bytes
INFO    (11:23:48:751 |    0)  31025; [rs] **report stats: seq: 563, report list size 23, tx/rx: 106519/27024, cache size: 0, report success rate: 100
INFO    (11:23:49: 57 |    0)  31010; [ARS/15s]event cnts:0, audio pkts:0, mix audio pkts:0, yuv video pkts:0, h264 video pkts:0
INFO    (11:23:50:925 |  868)  31027; Audio statistics - play count: playout count = 600  signal level: far_in = 0
INFO    (11:24: 4: 72 |    0)  31010; [ARS/15s]event cnts:0, audio pkts:0, mix audio pkts:0, yuv video pkts:0, h264 video pkts:0
INFO    (11:24: 8:925 |  853)  31027; Audio statistics - play count: playout count = 600  signal level: far_in = 0
INFO    (11:24:10:751 |    0)  31025; **CALL STATS: duraton 13m49s cpu app/total 1.56/2.55 battery 255 tx/rx: 1/1 kbps 632.571K/14.643M bytes
INFO    (11:24:19: 86 |    0)  31010; [ARS/15s]event cnts:0, audio pkts:0, mix audio pkts:0, yuv video pkts:0, h264 video pkts:0
INFO    (11:24:23:750 |  664)  31025; [rs] **report stats: seq: 573, report list size 22, tx/rx: 108796/27504, cache size: 0, report success rate: 100
INFO    (11:24:26:925 |  175)  31027; Audio statistics - play count: playout count = 600  signal level: far_in = 0
INFO    (11:24:34:100 |    0)  31010; [ARS/15s]event cnts:0, audio pkts:0, mix audio pkts:0, yuv video pkts:0, h264 video pkts:0
INFO    (11:24:42:751 |  651)  31025; **CALL STATS: duraton 14m21s cpu app/total 1.56/3.7 battery 255 tx/rx: 1/1 kbps 638.943K/14.647M bytes
INFO    (11:24:44:925 |  174)  31027; Audio statistics - play count: playout count = 600  signal level: far_in = 0
INFO    (11:24:49:114 |    0)  31010; [ARS/15s]event cnts:0, audio pkts:0, mix audio pkts:0, yuv video pkts:0, h264 video pkts:0
INFO    (11:24:58:751 |  637)  31025; [rs] **report stats: seq: 583, report list size 22, tx/rx: 111046/27936, cache size: 0, report success rate: 100
INFO    (11:25: 2:925 |  174)  31027; Audio statistics - play count: playout count = 600  signal level: far_in = 0
INFO    (11:25: 4:129 |    0)  31010; [ARS/15s]event cnts:0, audio pkts:0, mix audio pkts:0, yuv video pkts:0, h264 video pkts:0
INFO    (11:25:14:750 |  621)  31025; **CALL STATS: duraton 14m53s cpu app/total 2.8/19.17 battery 255 tx/rx: 1/0 kbps 645.376K/14.650M bytes
INFO    (11:25:19:143 |    0)  31010; [ARS/15s]event cnts:0, audio pkts:0, mix audio pkts:0, yuv video pkts:0, h264 video pkts:0
INFO    (11:25:20:925 |  782)  31027; Audio statistics - play count: playout count = 600  signal level: far_in = 0
INFO    (11:25:33:751 |    0)  31025; [rs] **report stats: seq: 593, report list size 22, tx/rx: 113318/28464, cache size: 0, report success rate: 100
INFO    (11:25:34:159 |    0)  31010; [ARS/15s]event cnts:0, audio pkts:0, mix audio pkts:0, yuv video pkts:0, h264 video pkts:0
INFO    (11:25:38:925 |  766)  31027; Audio statistics - play count: playout count = 600  signal level: far_in = 0
INFO    (11:25:46:750 |    0)  31025; **CALL STATS: duraton 15m25s cpu app/total 2.60/3.58 battery 255 tx/rx: 1/1 kbps 651.676K/14.654M bytes
INFO    (11:25:49:172 |    0)  31010; [ARS/15s]event cnts:0, audio pkts:0, mix audio pkts:0, yuv video pkts:0, h264 video pkts:0
INFO    (11:25:56:925 |  753)  31027; Audio statistics - play count: playout count = 600  signal level: far_in = 0
INFO    (11:26: 4:188 |    0)  31010; [ARS/15s]event cnts:0, audio pkts:0, mix audio pkts:0, yuv video pkts:0, h264 video pkts:0
INFO    (11:26: 8:750 |  562)  31025; [rs] **report stats: seq: 603, report list size 21, tx/rx: 115595/28944, cache size: 0, report success rate: 100
INFO    (11:26:14:925 |  175)  31027; Audio statistics - play count: playout count = 600  signal level: far_in = 0
INFO    (11:26:18:750 |    0)  31025; **CALL STATS: duraton 15m57s cpu app/total 1.57/5.61 battery 255 tx/rx: 1/1 kbps 658.29K/14.658M bytes
INFO    (11:26:19:201 |    0)  31010; [ARS/15s]event cnts:0, audio pkts:0, mix audio pkts:0, yuv video pkts:0, h264 video pkts:0
WARN    (11:26:28:751 |  550)  31026; No users in channel for 300 seconds, aborting, leave_code:4.
INFO    (11:26:29:210 |    0)  31010; ARS push leave pkt to queue inform wrapper
WARN    (11:26:29:711 |  501)  31010; Before cleanup cnt 0, errno 11 4, joined_ 1, term_sig 1, leave path code 12
INFO    (11:26:29:711 |    0)  31010; Leaving channel and ready to cleanup
INFO    (11:26:29:711 |    0)  31010; API call to leave channel
INFO    (11:26:29:712 |    1)  31025; [cm] emit leave channel signal
WARN    (11:26:29:712 |    0)  31026; No users in channel for 300 seconds, aborting, leave_code:12.
INFO    (11:26:29:712 |    0)  31025; **CALL STATS: duration 16m10s, tx 661.85K bytes, rx 14.659M bytes, total 15.296M bytes
INFO    (11:26:29:712 |    0)  31025; stopLocalRender
INFO    (11:26:29:712 |    0)  31025; stopLocalRender success
INFO    (11:26:29:712 |    0)  31025; AgoraVideoInput::Stop
INFO    (11:26:29:712 |    0)  31034; Thread with name:WebRtc_event_timer_thread stopped
INFO    (11:26:29:712 |    0)  31025; AgoraVideoInput::Destroy
INFO    (11:26:29:712 |    0)  31033; Thread with name:ExternalCaptureThread stopped
INFO    (11:26:29:765 |   53)  31032; Thread with name:AgoraInputThread stopped
INFO    (11:26:29:773 |    8)  31025; stopCapture: stopCapture success
INFO    (11:26:29:773 |    0)  31025; stopRemoteRender
INFO    (11:26:29:773 |    0)  31025; stopRemoteVideo: uid=5
INFO    (11:26:29:773 |    0)  31025; [che] stopCall begins
INFO    (11:26:29:773 |    0)  31025; StopRecording complete
INFO    (11:26:29:773 |    0)  31025; StopPlayout complete
INFO    (11:26:29:774 |    1)  31025; [che] stop call returns 0, elapsed 0
INFO    (11:26:29:774 |    0)  31025; [rs] **report stats: seq: 613, report list size 24, tx/rx: 117646/29280, cache size: 0, report success rate: 100
INFO    (11:26:29:774 |    0)  31025; CacheManager: save cache to storage elapsed 0
INFO    (11:26:29:774 |    0)  31025; [ch0] vos destroyed
INFO    (11:26:29:775 |    1)  31025; delRef of media engine, ref=0
INFO    (11:26:29:775 |    0)  31025; [che] chat engine destroying
INFO    (11:26:29:775 |    0)  31025; stopLocalRender
INFO    (11:26:29:775 |    0)  31025; stopLocalRender success
WARN    (11:26:29:775 |    0)  31025; stopCapture: VideoEngine haven't startCapture
INFO    (11:26:29:775 |    0)  31025; stopRemoteRender
INFO    (11:26:29:775 |    0)  31025; stopRemoteVideo: uid=5
INFO    (11:26:29:775 |    0)  31025; [che] stopCall begins
INFO    (11:26:29:775 |    0)  31025; [che] stop call returns -1, elapsed 0
INFO    (11:26:29:776 |    1)  31025; stopLocalRender
INFO    (11:26:29:776 |    0)  31025; stopLocalRender success
INFO    (11:26:29:776 |    0)  31025; stopRemoteRender
INFO    (11:26:29:776 |    0)  31025; stopRemoteVideo: uid=5
WARN    (11:26:29:776 |    0)  31025; stopCapture: VideoEngine haven't startCapture
INFO    (11:26:29:776 |    0)  31031; Thread with name:VideoProcessThread stopped
WARN    (11:26:29:776 |    0)  31025; terminate: VideoEngine haven't init
INFO    (11:26:29:776 |    0)  31025; [DEBUGG] ViERenderManager Destructor, engine_id: 0
INFO    (11:26:29:779 |    3)  31030; Thread with name:VideoEncodeThread stopped
INFO    (11:26:29:786 |    7)  31025; Delete participant 5
INFO    (11:26:29:787 |    1)  31025; VideoSendTrackImpl::UpdateCapturer capturer=(nil)
INFO    (11:26:29:787 |    0)  31025; VideoSendTrackImpl::UpdateRenderer, renderer=(nil)
INFO    (11:26:29:787 |    0)  31029; Thread with name:EngineMonitorThread stopped
INFO    (11:26:29:787 |    0)  31027; Thread with name:external_audio_module_thread stopped
INFO    (11:26:29:787 |    0)  31028; Thread with name:WebRtc_event_timer_thread stopped
INFO    (11:26:29:787 |    0)  31025; [che] chat engine destroyed
INFO    (11:26:29:788 |    1)  31025; ***CALL END
INFO    (11:26:29:788 |    0)  31025; onAudioStatusChanged enable audio
INFO    (11:26:29:788 |    0)  31025; [MIO] media io controller destroyed
INFO    (11:26:29:788 |    0)  31010; async task notify worker thread to exit and return
