Local Date: Fri Mar 30 11:57:38 2018
Build info: Feb  1 2018 02:13:47 ?

INFO    (11:57:38:690 |    0)  21839; [rp] {"rtc.video.mute_me":true,"che.video.local.send":false}
INFO    (11:57:38:690 |    0)  21839; [rp] {"rtc.audio.mute_me":true,"che.audio.mute_me":true}
INFO    (11:57:38:690 |    0)  21839; [rp] {"rtc.video.set_remote_default_video_stream_type":0}
INFO    (11:57:38:690 |    0)  21839; API call to SetRemoteDefaultVideoStreamType: 0
INFO    (11:57:38:690 |    0)  21839; [rp] {"che.video.local.camera_index":1024}
INFO    (11:57:38:690 |    0)  21839; [rp] {"rtc.video.enabled":true}
INFO    (11:57:38:690 |    0)  21839; API call to enable video
INFO    (11:57:38:691 |    1)  21839; ***CALL BEGIN: appid:'c7****************************1c' cname:'police_3_2' info:'' sid:'AC93C2A24ABE41B485DB3C634E8FA1E1'
INFO    (11:57:38:691 |    0)  21839; addRef of media engine, ref=1
INFO    (11:57:38:691 |    0)  21839; [che] create chat engine, ctx:(nil)
INFO    (11:57:38:691 |    0)  21839; [MYDEBUG] large group call false
INFO    (11:57:38:691 |    0)  21839; ChatEngineParameterHelper::applyMediaEngineMode: 
INFO    (11:57:38:691 |    0)  21839; applyMediaEngineMode(): Hardware encoding false Hardware decoding false
INFO    (11:57:38:692 |    1)  21841; Thread with name:external_audio_module_thread started 
INFO    (11:57:38:693 |    1)  21842; Thread with name:WebRtc_event_timer_thread started 
INFO    (11:57:38:693 |    0)  21839; StereoPlayoutIsAvailable(), output: available=0
INFO    (11:57:38:693 |    0)  21839; StereoRecordingIsAvailable(), output: available=0
INFO    (11:57:38:693 |    0)  21843; Thread with name:EngineMonitorThread started 
INFO    (11:57:38:693 |    0)  21839; setMuteStatus, muted: On
INFO    (11:57:38:693 |    0)  21839; setMuteOutput, muted: false
WARN    (11:57:38:693 |    0)  21839; setMicSensitivity failed, legal values are between [0, 10]
INFO    (11:57:38:694 |    1)  21839; Audio Engine Init success
INFO    (11:57:38:694 |    0)  21839; Available number of cores:1
INFO    (11:57:38:694 |    0)  21839; CreateVideoSendTrack
INFO    (11:57:38:694 |    0)  21839; init: feature prerotation disabled
INFO    (11:57:38:694 |    0)  21839; Agora Engine video codec set to custom mode role mode 0
INFO    (11:57:38:694 |    0)  21839; Agora Engine video codec index 1
INFO    (11:57:38:694 |    0)  21839; Agora Engine video stream type = 0
INFO    (11:57:38:695 |    1)  21844; Thread with name:VideoEncodeThread started 
INFO    (11:57:38:695 |    0)  21839; EncoderWrapper::Create hardware_ = 0, hardware_low_ = 0
INFO    (11:57:38:695 |    0)  21845; Thread with name:VideoProcessThread started 
INFO    (11:57:38:695 |    0)  21839; setCodec: index=1 width=640 height=360 framerate=15
INFO    (11:57:38:695 |    0)  21839; h264WebInteropEnable: enable 0
INFO    (11:57:38:695 |    0)  21839; setCaptureDevice: index=1024
INFO    (11:57:38:695 |    0)  21839; setMaxVideoBitrate: max bitrate=0
INFO    (11:57:38:695 |    0)  21839; more fec enable 0 curr fec method 0
INFO    (11:57:38:695 |    0)  21839; video fec method 0
ERROR   (11:57:38:696 |    1)  21839; videoEngine created and initialize here
INFO    (11:57:38:696 |    0)  21839; CreateVideoSendTrack
INFO    (11:57:38:696 |    0)  21839; [MIO] updateCapturer: ((nil)), type:(1)
INFO    (11:57:38:696 |    0)  21839; CreateAgoraDefaultCapture: type=0
INFO    (11:57:38:696 |    0)  21839; CreateVideoCapturer: interface=0x7fd3a4172af0
INFO    (11:57:38:696 |    0)  21839; VideoSendTrackImpl::UpdateCapturer capturer=0x7fd3a41d4c10
INFO    (11:57:38:696 |    0)  21839; [MIO] updateLocalRender: ((nil)), type:(1)
INFO    (11:57:38:696 |    0)  21839; CreateAgoraDefaultRender
INFO    (11:57:38:696 |    0)  21839; CreateVideoRenderer: interface=0x7fd3a41d5090
INFO    (11:57:38:696 |    0)  21839; VideoSendTrackImpl::UpdateRenderer, renderer=0x7fd3a41d50d0
INFO    (11:57:38:696 |    0)  21839; [MIO] video send track prepared !!
INFO    (11:57:38:696 |    0)  21839; [che] applyVideoProfile: 640x360 15 fps 500 kbps
INFO    (11:57:38:696 |    0)  21839; validateVideoParameters: validate video parameters resolution 640x360, fps 15, rate 500000
INFO    (11:57:38:696 |    0)  21839; setMaxVideoBitrate: max bitrate=500000
INFO    (11:57:38:697 |    1)  21839; setCodecRates: set frame rate to 15
INFO    (11:57:38:697 |    0)  21839; setCodec: index=1 width=640 height=360 framerate=15
INFO    (11:57:38:697 |    0)  21839; setCodecResolution: set to 640 x 360
INFO    (11:57:38:697 |    0)  21839; [che] chat engine initialized
INFO    (11:57:38:697 |    0)  21839; [vocs] vocs initialized
INFO    (11:57:38:698 |    1)  21839; [rs] report server ip: 221.228.78.123:8000
INFO    (11:57:38:698 |    0)  21839; [rlbs] selected: 221.228.78.123:9700
INFO    (11:57:38:698 |    0)  21839; [rlbs] request rs list from 221.228.78.123:9700.......
INFO    (11:57:38:699 |    1)  21839; CacheManager: save cache to storage elapsed 0
INFO    (11:57:38:699 |    0)  21839; [cm] emit join channel signal, size=2
INFO    (11:57:38:699 |    0)  21839; CacheManager: save cache to storage elapsed 0
INFO    (11:57:38:699 |    0)  21839; [vocs] lookup channel...
INFO    (11:57:38:699 |    0)  21839; [vocs] selected: 221.228.202.134:8000
INFO    (11:57:38:699 |    0)  21839; connecting to 221.228.202.134:8000 handle a420fdd0, 28
INFO    (11:57:38:699 |    0)  21839; [vocs] creating channel with 221.228.202.134:8000, ts 1522411058699.......
INFO    (11:57:38:699 |    0)  21839; [vocs] selected: 119.9.92.49:8000
INFO    (11:57:38:699 |    0)  21839; [vocs] creating channel with 119.9.92.49:8000, ts 1522411058699.......
INFO    (11:57:38:699 |    0)  21839; [vocs] selected: 69.28.51.138:8000
INFO    (11:57:38:700 |    1)  21839; [vocs] creating channel with 69.28.51.138:8000, ts 1522411058700.......
INFO    (11:57:38:700 |    0)  21839; [rp] {"che.audio.audioSampleRate":48000}
INFO    (11:57:38:700 |    0)  21839; [dns] parsed ip 69.28.51.138
INFO    (11:57:38:700 |    0)  21839; [dns] parsed ip 119.9.92.49
INFO    (11:57:38:700 |    0)  21839; [dns] parsed ip 128.1.87.146
INFO    (11:57:38:701 |    1)  21839; [dns] parsed ip 199.190.44.35
INFO    (11:57:38:701 |    0)  21839; [dns] parsed ip 199.190.44.36
INFO    (11:57:38:701 |    0)  21839; [rs] dns parse result code: 0, servers size: 1
INFO    (11:57:38:701 |    0)  21839; [rs] dns parse and selected server: 223.111.12.227
INFO    (11:57:38:857 |  156)  21839; [vocs/u] **responsed from 69.28.51.138:8000, 3 vos, elapsed 169, server ts 1522411058332, wan ip 139.59.134.76
INFO    (11:57:38:857 |    0)  21839; [vos] added server: 128.1.77.37:4008
INFO    (11:57:38:858 |    1)  21839; [vos] added server: 128.1.78.130:4006
INFO    (11:57:38:858 |    0)  21839; [vos] added server: 128.1.78.107:4002
INFO    (11:57:38:858 |    0)  21839; [ch0] vos initialized
INFO    (11:57:38:858 |    0)  21839; [vos] selected: 128.1.78.107:4002
ERROR   (11:57:38:858 |    0)  21839; [ch0] login strategy=2
INFO    (11:57:38:858 |    0)  21839; [ds]: ver 1 ds '{"streamType":5}'
INFO    (11:57:38:858 |    0)  21839; [ch0] Login VOS (proto:10, cid:517382239, uid:3312057654, ts:1522411058858, ticket size:84 ds:1 stream:+A+VH) 2: 128.1.78.107:4002
INFO    (11:57:38:858 |    0)  21839; add ping address 139.59.134.76
INFO    (11:57:38:858 |    0)  21839; PING 139.59.134.76:0 16(44) bytes of data
INFO    (11:57:38:871 |   13)  21839; [ch0] **VOS response to login request (res 0 elapsed 182, server ts 1522411058416, s-c:-455) from 128.1.78.107:4002, and current dest server 128.1.78.107:4002
INFO    (11:57:38:871 |    0)  21839; updateActiveVosList: ["128.1.78.107:4002"]
INFO    (11:57:38:871 |    0)  21839; [che] start call begins
INFO    (11:57:38:871 |    0)  21839; Set Application Mode in RTC Engine to No. 0
ERROR   (11:57:38:871 |    0)  21839; GetCodec() invalid index (error=8004)
INFO    (11:57:38:871 |    0)  21839; SetCodec by type : No. 85
INFO    (11:57:38:873 |    2)  21839; StartPlayout complete
INFO    (11:57:38:873 |    0)  21839; output: kDummyAudio
INFO    (11:57:38:883 |   10)  21839; StartRecording complete
ERROR   (11:57:38:883 |    0)  21839; SetAgcConfig() failed to set the range in |gain| the digital compression stage may apply (error=8097)
INFO    (11:57:38:886 |    3)  21839; SetHowlingControl enable = 0
INFO    (11:57:38:886 |    0)  21839; Application Config module:  Route 0, NS on, AEC N, AGC on, BSS off, HC on
INFO    (11:57:38:887 |    1)  21839; MID = 0, Routing = 0
INFO    (11:57:38:887 |    0)  21839; [che] applyVideoProfile: 640x360 15 fps 500 kbps
INFO    (11:57:38:887 |    0)  21839; validateVideoParameters: validate video parameters resolution 640x360, fps 15, rate 500000
INFO    (11:57:38:887 |    0)  21839; setMaxVideoBitrate: max bitrate=500000
INFO    (11:57:38:887 |    0)  21839; setCodecRates: set frame rate to 15
INFO    (11:57:38:887 |    0)  21839; setCodec: index=1 width=640 height=360 framerate=15
INFO    (11:57:38:887 |    0)  21839; setCodecResolution: set to 640 x 360
INFO    (11:57:38:887 |    0)  21839; CreateVideoCapturer: interface=0x7fd3a4172c90
INFO    (11:57:38:887 |    0)  21839; VideoSendTrackImpl::UpdateCapturer capturer=0x7fd3a421f9d0
INFO    (11:57:38:888 |    1)  21839; Create participant 0
INFO    (11:57:38:888 |    0)  21839; startCapture: device? 1024 init? 1 local enabled? 1 capturing? 0 rendering? 0
INFO    (11:57:38:888 |    0)  21839; startCapture: Receive Only Mode, capture still on. Encode will be turned off
INFO    (11:57:38:888 |    0)  21839; AgoraVideoInput::Init thread=1, type=100, device=External Device
INFO    (11:57:38:888 |    0)  21846; Thread with name:AgoraInputThread started 
INFO    (11:57:38:888 |    0)  21847; Thread with name:ExternalCaptureThread started 
INFO    (11:57:38:888 |    0)  21839; setCodec: index=1 width=640 height=360 framerate=15
INFO    (11:57:38:888 |    0)  21839; setMaxVideoBitrate: max bitrate=500000
INFO    (11:57:38:888 |    0)  21839; AgoraVideoInput::Start width=640, height=360, fps=15
INFO    (11:57:38:889 |    1)  21848; Thread with name:WebRtc_event_timer_thread started 
INFO    (11:57:38:889 |    0)  21839; startCapture: startCapture success
INFO    (11:57:38:889 |    0)  21839; RequestEncodeKeyFrame
INFO    (11:57:38:889 |    0)  21839; doStartLocalRender: init? 1 capture id -1 device 1024 capturing? 1 rendering? 0
INFO    (11:57:38:889 |    0)  21839; doStartLocalRender: Receive Only Mode, local renderer still on.
INFO    (11:57:38:889 |    0)  21839; doStartLocalRender: init? 1 capture id -1 device 1024 capturing? 1 rendering? 0
INFO    (11:57:38:889 |    0)  21839; doStartLocalRender: Receive Only Mode, local renderer still on.
INFO    (11:57:38:889 |    0)  21839; [che] start call returns 0, elapsed 19
INFO    (11:57:38:889 |    0)  21839; Setting dtx mode to 2
INFO    (11:57:38:890 |    1)  21839; setNetEQMinimumPlayoutDelay delay(100)
INFO    (11:57:38:890 |    0)  21839; join channel success: cname 'police_3_2' uid 3312057654 elapsed 201
INFO    (11:57:38:890 |    0)  21839; CacheManager: save cache to storage elapsed 0
INFO    (11:57:38:890 |    0)  21840; Channel counters: mix mode:0 , min port:-1 , max port:-1 ,decode audio:0 , decode_video:0 , is live:0 , idle:300 , is audio only:0 ,syslog facility:8 , mix mode height:360 , mix mode width:640 , mix mode fps:15 , mi 
INFO    (11:57:38:890 |    0)  21840; User 3312057654 join channel police_3_2 success, elapsed: 201 ms
INFO    (11:57:38:898 |    8)  21839; [ch0] rtt: 7
INFO    (11:57:38:905 |    7)  21839; [vocs/u] **responsed from 119.9.92.49:8000, 3 vos, elapsed 217, server ts 1522411058352, wan ip 139.59.134.76
INFO    (11:57:38:955 |   50)  21846; [che] onVideoSizeChanged: uid 0 640x360 rotate 0
INFO    (11:57:40:871 |    0)  21839; notifyPeerCount: cnt 0
INFO    (11:57:43:689 |    0)  21839; [rlbs] selected: 199.190.44.35:9700
INFO    (11:57:43:689 |    0)  21839; [rlbs] request rs list from 199.190.44.35:9700.......
INFO    (11:57:43:689 |    0)  21839; [rs] **report stats: seq: 11, report list size 11, tx/rx: 2202/288, cache size: 0, report success rate: -1
INFO    (11:57:43:893 |  204)  21839; [rlbs/u] responsed from 199.190.44.35:9700 with servers 128.1.78.91:8000
INFO    (11:57:44:873 |    0)  21841; Audio statistics - play count: playout count = 200  signal level: far_in = 0
INFO    (11:57:53:701 |    0)  21824; [ARS/15s]event cnts:0, audio pkts:0, mix audio pkts:0, yuv video pkts:0, h264 video pkts:0
INFO    (11:57:58:873 |  172)  21841; Audio statistics - play count: playout count = 600  signal level: far_in = 0
INFO    (11:58: 8:714 |    0)  21824; [ARS/15s]event cnts:0, audio pkts:0, mix audio pkts:0, yuv video pkts:0, h264 video pkts:0
INFO    (11:58:12:689 |    0)  21839; **CALL STATS: duraton 31s cpu app/total 2.3/10.5 battery 255 tx/rx: 1/1 kbps 10.168K/5.410K bytes
INFO    (11:58:16:873 |  184)  21841; Audio statistics - play count: playout count = 600  signal level: far_in = 0
INFO    (11:58:18:689 |    0)  21839; [rs] **report stats: seq: 24, report list size 24, tx/rx: 6150/1152, cache size: 0, report success rate: 100
INFO    (11:58:23:728 |   39)  21824; [ARS/15s]event cnts:0, audio pkts:0, mix audio pkts:0, yuv video pkts:0, h264 video pkts:0
INFO    (11:58:34:873 |  145)  21841; Audio statistics - play count: playout count = 600  signal level: far_in = 0
INFO    (11:58:38:741 |    0)  21824; [ARS/15s]event cnts:0, audio pkts:0, mix audio pkts:0, yuv video pkts:0, h264 video pkts:0
INFO    (11:58:44:689 |    0)  21839; **CALL STATS: duraton 1m3s cpu app/total 1.54/6.53 battery 255 tx/rx: 2/1 kbps 16.796K/9.148K bytes
INFO    (11:58:48:689 |    0)  21839; [rs] **report stats: seq: 33, report list size 33, tx/rx: 8219/1584, cache size: 0, report success rate: 100
INFO    (11:58:52:873 |  184)  21841; Audio statistics - play count: playout count = 600  signal level: far_in = 0
INFO    (11:58:53:756 |    0)  21824; [ARS/15s]event cnts:0, audio pkts:0, mix audio pkts:0, yuv video pkts:0, h264 video pkts:0
INFO    (11:59: 8:770 |   14)  21824; [ARS/15s]event cnts:0, audio pkts:0, mix audio pkts:0, yuv video pkts:0, h264 video pkts:0
INFO    (11:59:10:873 |  103)  21841; Audio statistics - play count: playout count = 600  signal level: far_in = 0
INFO    (11:59:16:689 |    0)  21839; **CALL STATS: duraton 1m35s cpu app/total 1.53/10.55 battery 255 tx/rx: 2/0 kbps 23.167K/12.832K bytes
INFO    (11:59:23:689 |    0)  21839; [rs] **report stats: seq: 44, report list size 22, tx/rx: 10727/2112, cache size: 0, report success rate: 100
INFO    (11:59:23:781 |   92)  21824; [ARS/15s]event cnts:0, audio pkts:0, mix audio pkts:0, yuv video pkts:0, h264 video pkts:0
INFO    (11:59:28:873 |   92)  21841; Audio statistics - play count: playout count = 600  signal level: far_in = 0
INFO    (11:59:38:795 |    0)  21824; [ARS/15s]event cnts:0, audio pkts:0, mix audio pkts:0, yuv video pkts:0, h264 video pkts:0
INFO    (11:59:46:873 |   78)  21841; Audio statistics - play count: playout count = 600  signal level: far_in = 0
INFO    (11:59:48:689 |    0)  21839; **CALL STATS: duraton 2m7s cpu app/total 1.53/7.65 battery 255 tx/rx: 1/1 kbps 29.564K/16.618K bytes
INFO    (11:59:53:810 |  121)  21824; [ARS/15s]event cnts:0, audio pkts:0, mix audio pkts:0, yuv video pkts:0, h264 video pkts:0
INFO    (11:59:58:689 |    0)  21839; [rs] **report stats: seq: 54, report list size 21, tx/rx: 13024/2592, cache size: 0, report success rate: 100
INFO    (12: 0: 4:873 |  184)  21841; Audio statistics - play count: playout count = 600  signal level: far_in = 0
INFO    (12: 0: 8:823 |    0)  21824; [ARS/15s]event cnts:0, audio pkts:0, mix audio pkts:0, yuv video pkts:0, h264 video pkts:0
INFO    (12: 0:20:689 |    0)  21839; **CALL STATS: duraton 2m39s cpu app/total 2.2/7.73 battery 255 tx/rx: 1/1 kbps 35.966K/20.356K bytes
INFO    (12: 0:22:873 |  184)  21841; Audio statistics - play count: playout count = 600  signal level: far_in = 0
INFO    (12: 0:23:838 |    0)  21824; [ARS/15s]event cnts:0, audio pkts:0, mix audio pkts:0, yuv video pkts:0, h264 video pkts:0
INFO    (12: 0:33:689 |    0)  21839; [rs] **report stats: seq: 65, report list size 23, tx/rx: 15542/3120, cache size: 0, report success rate: 100
INFO    (12: 0:38:853 |  164)  21824; [ARS/15s]event cnts:0, audio pkts:0, mix audio pkts:0, yuv video pkts:0, h264 video pkts:0
INFO    (12: 0:40:873 |   20)  21841; Audio statistics - play count: playout count = 600  signal level: far_in = 0
INFO    (12: 0:52:689 |    0)  21839; **CALL STATS: duraton 3m11s cpu app/total 1.55/29.8 battery 255 tx/rx: 1/0 kbps 42.352K/24.16K bytes
INFO    (12: 0:53:867 |  178)  21824; [ARS/15s]event cnts:0, audio pkts:0, mix audio pkts:0, yuv video pkts:0, h264 video pkts:0
INFO    (12: 0:58:873 |    6)  21841; Audio statistics - play count: playout count = 600  signal level: far_in = 0
INFO    (12: 1: 8:688 |    0)  21839; [rs] **report stats: seq: 75, report list size 22, tx/rx: 17844/3600, cache size: 0, report success rate: 100
INFO    (12: 1: 8:878 |  190)  21824; [ARS/15s]event cnts:0, audio pkts:0, mix audio pkts:0, yuv video pkts:0, h264 video pkts:0
INFO    (12: 1:16:873 |    0)  21841; Audio statistics - play count: playout count = 600  signal level: far_in = 0
INFO    (12: 1:23:892 |   19)  21824; [ARS/15s]event cnts:0, audio pkts:0, mix audio pkts:0, yuv video pkts:0, h264 video pkts:0
INFO    (12: 1:24:689 |    0)  21839; **CALL STATS: duraton 3m43s cpu app/total 2.3/20.9 battery 255 tx/rx: 1/1 kbps 48.759K/27.778K bytes
INFO    (12: 1:34:873 |  184)  21841; Audio statistics - play count: playout count = 600  signal level: far_in = 0
INFO    (12: 1:38:905 |   32)  21824; [ARS/15s]event cnts:0, audio pkts:0, mix audio pkts:0, yuv video pkts:0, h264 video pkts:0
INFO    (12: 1:43:689 |    0)  21839; [rs] **report stats: seq: 86, report list size 23, tx/rx: 20367/4128, cache size: 0, report success rate: 100
INFO    (12: 1:52:873 |  184)  21841; Audio statistics - play count: playout count = 600  signal level: far_in = 0
INFO    (12: 1:53:917 |   44)  21824; [ARS/15s]event cnts:0, audio pkts:0, mix audio pkts:0, yuv video pkts:0, h264 video pkts:0
INFO    (12: 1:54:689 |    0)  21839; **CALL STATS: duraton 4m13s cpu app/total 1.45/17.78 battery 255 tx/rx: 1/1 kbps 54.773K/31.264K bytes
INFO    (12: 2: 8:930 |  241)  21824; [ARS/15s]event cnts:0, audio pkts:0, mix audio pkts:0, yuv video pkts:0, h264 video pkts:0
INFO    (12: 2:10:873 |    0)  21841; Audio statistics - play count: playout count = 600  signal level: far_in = 0
INFO    (12: 2:18:689 |    0)  21839; [rs] **report stats: seq: 96, report list size 22, tx/rx: 22657/4608, cache size: 0, report success rate: 100
INFO    (12: 2:23:944 |  255)  21824; [ARS/15s]event cnts:0, audio pkts:0, mix audio pkts:0, yuv video pkts:0, h264 video pkts:0
INFO    (12: 2:26:689 |    0)  21839; **CALL STATS: duraton 4m45s cpu app/total 1.45/19.90 battery 255 tx/rx: 2/1 kbps 61.372K/35.2K bytes
INFO    (12: 2:28:873 |  184)  21841; Audio statistics - play count: playout count = 600  signal level: far_in = 0
INFO    (12: 2:38:958 |   85)  21824; [ARS/15s]event cnts:0, audio pkts:0, mix audio pkts:0, yuv video pkts:0, h264 video pkts:0
WARN    (12: 2:40:690 |    0)  21840; No users in channel for 300 seconds, aborting, leave_code:4.
INFO    (12: 2:40:960 |  270)  21824; ARS push leave pkt to queue inform wrapper
WARN    (12: 2:41:460 |    0)  21824; Before cleanup cnt 0, errno 2 4, joined_ 1, term_sig 1, leave path code 12
INFO    (12: 2:41:461 |    1)  21824; Leaving channel and ready to cleanup
INFO    (12: 2:41:461 |    0)  21824; API call to leave channel
INFO    (12: 2:41:461 |    0)  21839; [cm] emit leave channel signal
WARN    (12: 2:41:461 |    0)  21840; No users in channel for 300 seconds, aborting, leave_code:12.
INFO    (12: 2:41:461 |    0)  21839; **CALL STATS: duration 5m2s, tx 64.846K bytes, rx 37.6K bytes, total 101.852K bytes
INFO    (12: 2:41:461 |    0)  21839; stopLocalRender
INFO    (12: 2:41:462 |    1)  21839; stopLocalRender success
INFO    (12: 2:41:462 |    0)  21839; AgoraVideoInput::Stop
INFO    (12: 2:41:462 |    0)  21848; Thread with name:WebRtc_event_timer_thread stopped
INFO    (12: 2:41:462 |    0)  21839; AgoraVideoInput::Destroy
INFO    (12: 2:41:462 |    0)  21847; Thread with name:ExternalCaptureThread stopped
INFO    (12: 2:41:533 |   71)  21846; Thread with name:AgoraInputThread stopped
INFO    (12: 2:41:543 |   10)  21839; stopCapture: stopCapture success
INFO    (12: 2:41:543 |    0)  21839; stopRemoteRender
INFO    (12: 2:41:543 |    0)  21839; [che] stopCall begins
INFO    (12: 2:41:543 |    0)  21839; StopRecording complete
INFO    (12: 2:41:543 |    0)  21839; StopPlayout complete
INFO    (12: 2:41:544 |    1)  21839; [che] stop call returns 0, elapsed 0
INFO    (12: 2:41:544 |    0)  21839; [rs] **report stats: seq: 106, report list size 25, tx/rx: 24736/4944, cache size: 0, report success rate: 100
INFO    (12: 2:41:544 |    0)  21839; CacheManager: save cache to storage elapsed 1
INFO    (12: 2:41:544 |    0)  21839; [ch0] vos destroyed
INFO    (12: 2:41:544 |    0)  21839; delRef of media engine, ref=0
INFO    (12: 2:41:544 |    0)  21839; [che] chat engine destroying
INFO    (12: 2:41:544 |    0)  21839; stopLocalRender
INFO    (12: 2:41:545 |    1)  21839; stopLocalRender success
WARN    (12: 2:41:545 |    0)  21839; stopCapture: VideoEngine haven't startCapture
INFO    (12: 2:41:545 |    0)  21839; stopRemoteRender
INFO    (12: 2:41:545 |    0)  21839; [che] stopCall begins
INFO    (12: 2:41:545 |    0)  21839; [che] stop call returns -1, elapsed 0
INFO    (12: 2:41:545 |    0)  21839; stopLocalRender
INFO    (12: 2:41:545 |    0)  21839; stopLocalRender success
INFO    (12: 2:41:545 |    0)  21839; stopRemoteRender
WARN    (12: 2:41:545 |    0)  21839; stopCapture: VideoEngine haven't startCapture
INFO    (12: 2:41:545 |    0)  21845; Thread with name:VideoProcessThread stopped
WARN    (12: 2:41:545 |    0)  21839; terminate: VideoEngine haven't init
INFO    (12: 2:41:545 |    0)  21839; [DEBUGG] ViERenderManager Destructor, engine_id: 0
INFO    (12: 2:41:549 |    4)  21844; Thread with name:VideoEncodeThread stopped
INFO    (12: 2:41:556 |    7)  21839; VideoSendTrackImpl::UpdateCapturer capturer=(nil)
INFO    (12: 2:41:556 |    0)  21839; VideoSendTrackImpl::UpdateRenderer, renderer=(nil)
INFO    (12: 2:41:556 |    0)  21843; Thread with name:EngineMonitorThread stopped
INFO    (12: 2:41:557 |    1)  21841; Thread with name:external_audio_module_thread stopped
INFO    (12: 2:41:557 |    0)  21842; Thread with name:WebRtc_event_timer_thread stopped
INFO    (12: 2:41:557 |    0)  21839; [che] chat engine destroyed
INFO    (12: 2:41:557 |    0)  21839; ***CALL END
INFO    (12: 2:41:557 |    0)  21839; onAudioStatusChanged enable audio
INFO    (12: 2:41:557 |    0)  21839; [MIO] media io controller destroyed
INFO    (12: 2:41:558 |    1)  21824; async task notify worker thread to exit and return
