recorder_local[21791]: (21791) /var/lib/jenkins/workspace/agora-release-linux-2/ServerSDK-Video/src/rec_engine/RecordingEngineImpl.cpp:831: ERROR:failed to open config file
recorder_local[21791]: (21791) /var/lib/jenkins/workspace/agora-release-linux-2/ServerSDK-Video/src/rec_engine/RecordingEngineImpl.cpp:831: ERROR:failed to open config file
recorder_local[21791]: (21791) /var/lib/jenkins/workspace/agora-release-linux-2/ServerSDK-Video/src/rec_engine/RecordingEngineImpl.cpp:430: [Wrapper version] 5d0b257a42f9514a024cc62c69161d55aa150021
recorder_local[21791]: (21791) /var/lib/jenkins/workspace/agora-release-linux-2/ServerSDK-Video/src/rec_engine/RecordingEngineImpl.cpp:431: =======params ======
recorder_local[21791]: (21791) /var/lib/jenkins/workspace/agora-release-linux-2/ServerSDK-Video/src/rec_engine/RecordingEngineImpl.cpp:433: /var/www/RecordingSDK/bin/AgoraCoreService
recorder_local[21791]: (21791) /var/lib/jenkins/workspace/agora-release-linux-2/ServerSDK-Video/src/rec_engine/RecordingEngineImpl.cpp:433: --app_id
recorder_local[21791]: (21791) /var/lib/jenkins/workspace/agora-release-linux-2/ServerSDK-Video/src/rec_engine/RecordingEngineImpl.cpp:433: c7adb7f97a594d9fac501654c7bf281c
recorder_local[21791]: (21791) /var/lib/jenkins/workspace/agora-release-linux-2/ServerSDK-Video/src/rec_engine/RecordingEngineImpl.cpp:433: --channel_key
recorder_local[21791]: (21791) /var/lib/jenkins/workspace/agora-release-linux-2/ServerSDK-Video/src/rec_engine/RecordingEngineImpl.cpp:433: c7adb7f97a594d9fac501654c7bf281c
recorder_local[21791]: (21791) /var/lib/jenkins/workspace/agora-release-linux-2/ServerSDK-Video/src/rec_engine/RecordingEngineImpl.cpp:433: --channel_id
recorder_local[21791]: (21791) /var/lib/jenkins/workspace/agora-release-linux-2/ServerSDK-Video/src/rec_engine/RecordingEngineImpl.cpp:433: police_3_1
recorder_local[21791]: (21791) /var/lib/jenkins/workspace/agora-release-linux-2/ServerSDK-Video/src/rec_engine/RecordingEngineImpl.cpp:433: --idle
recorder_local[21791]: (21791) /var/lib/jenkins/workspace/agora-release-linux-2/ServerSDK-Video/src/rec_engine/RecordingEngineImpl.cpp:433: 300
recorder_local[21791]: (21791) /var/lib/jenkins/workspace/agora-release-linux-2/ServerSDK-Video/src/rec_engine/RecordingEngineImpl.cpp:433: --decode_audio
recorder_local[21791]: (21791) /var/lib/jenkins/workspace/agora-release-linux-2/ServerSDK-Video/src/rec_engine/RecordingEngineImpl.cpp:433: 0
recorder_local[21791]: (21791) /var/lib/jenkins/workspace/agora-release-linux-2/ServerSDK-Video/src/rec_engine/RecordingEngineImpl.cpp:433: --decode_video
recorder_local[21791]: (21791) /var/lib/jenkins/workspace/agora-release-linux-2/ServerSDK-Video/src/rec_engine/RecordingEngineImpl.cpp:433: 0
recorder_local[21791]: (21791) /var/lib/jenkins/workspace/agora-release-linux-2/ServerSDK-Video/src/rec_engine/RecordingEngineImpl.cpp:433: --capture_interval
recorder_local[21791]: (21791) /var/lib/jenkins/workspace/agora-release-linux-2/ServerSDK-Video/src/rec_engine/RecordingEngineImpl.cpp:433: 5
recorder_local[21791]: (21791) /var/lib/jenkins/workspace/agora-release-linux-2/ServerSDK-Video/src/rec_engine/RecordingEngineImpl.cpp:433: --syslog_fclt
recorder_local[21791]: (21791) /var/lib/jenkins/workspace/agora-release-linux-2/ServerSDK-Video/src/rec_engine/RecordingEngineImpl.cpp:433: 8
recorder_local[21791]: (21791) /var/lib/jenkins/workspace/agora-release-linux-2/ServerSDK-Video/src/rec_engine/RecordingEngineImpl.cpp:433: --streamType
recorder_local[21791]: (21791) /var/lib/jenkins/workspace/agora-release-linux-2/ServerSDK-Video/src/rec_engine/RecordingEngineImpl.cpp:433: 0
recorder_local[21791]: (21791) /var/lib/jenkins/workspace/agora-release-linux-2/ServerSDK-Video/src/rec_engine/RecordingEngineImpl.cpp:433: --serviceMode
recorder_local[21791]: (21791) /var/lib/jenkins/workspace/agora-release-linux-2/ServerSDK-Video/src/rec_engine/RecordingEngineImpl.cpp:433: 0
recorder_local[21791]: (21791) /var/lib/jenkins/workspace/agora-release-linux-2/ServerSDK-Video/src/rec_engine/RecordingEngineImpl.cpp:433: --recording_file_dir
recorder_local[21791]: (21791) /var/lib/jenkins/workspace/agora-release-linux-2/ServerSDK-Video/src/rec_engine/RecordingEngineImpl.cpp:433: /var/www/panic2.greenvoo.us/html/public/Records/20180330/police_3_1_115728/
recorder_local[21791]: (21791) /var/lib/jenkins/workspace/agora-release-linux-2/ServerSDK-Video/src/rec_engine/RecordingEngineImpl.cpp:433: --lang
recorder_local[21791]: (21791) /var/lib/jenkins/workspace/agora-release-linux-2/ServerSDK-Video/src/rec_engine/RecordingEngineImpl.cpp:433: 0
recorder_local[21791]: (21791) /var/lib/jenkins/workspace/agora-release-linux-2/ServerSDK-Video/src/base/pipe_router.cpp:153: The ARS created. Reading pipe: 4, writing pipe: 7, pid: 21792
AgoraCoreService[21792]: (21792) /var/lib/jenkins/workspace/agora-release-linux-2/ServerSDK-Video/src/video_recorder/main.cpp:162: video recording wrapper:8, idle:300 write:5, read:6, live:0,channelid:police_3_1 
AgoraCoreService[21792]: (21792) /var/lib/jenkins/workspace/agora-release-linux-2/ServerSDK-Video/src/video_recorder/main.cpp:183: [ARS version] 5d0b257a42f9514a024cc62c69161d55aa150021
AgoraCoreService[21792]: (21792) /var/lib/jenkins/workspace/agora-release-linux-2/ServerSDK-Video/src/video_recorder/main.cpp:185: uid 0 from vendor c7adb7f97a594d9fac501654c7bf281c is joining channel police_3_1
AgoraCoreService[21792]: (21792) /var/lib/jenkins/workspace/agora-release-linux-2/ServerSDK-Video/src/video_recorder/event_handler.cpp:627: SDK version: 75f0227; chat engine: 03c8e5d966234ba3a0eaedf8a9fe5ef1e7e554a4
AgoraCoreService[21792]: (21792) /var/lib/jenkins/workspace/agora-release-linux-2/ServerSDK-Video/src/video_recorder/event_handler.cpp:634: decode_video:0,decode_audio:0
AgoraCoreService[21792]: (21792) /var/lib/jenkins/workspace/agora-release-linux-2/ServerSDK-Video/src/video_recorder/event_handler.cpp:667: Using random lowUdpPort & highUdpPort
AgoraCoreService[21792]: (21792) /var/lib/jenkins/workspace/agora-release-linux-2/ServerSDK-Video/src/video_recorder/event_handler.cpp:1341: level 1: INFO    (11:57:28:962 |    0)  21792; Using random lowUdpPort & highUdpPort
AgoraCoreService[21792]: (21792) /var/lib/jenkins/workspace/agora-release-linux-2/ServerSDK-Video/src/video_recorder/event_handler.cpp:1341: level 1: INFO    (11:57:28:962 |    0)  21792; API call to setChannelProfile 0
AgoraCoreService[21792]: (21792) /var/lib/jenkins/workspace/agora-release-linux-2/ServerSDK-Video/src/video_recorder/event_handler.cpp:1786: init stream, trigger mode: 0 service mode: 0
AgoraCoreService[21792]: (21792) /var/lib/jenkins/workspace/agora-release-linux-2/ServerSDK-Video/src/video_recorder/event_handler.cpp:1341: level 1: INFO    (11:57:28:962 |    0)  21792; API call to setVideoProfileEx 640x360 15 fps 500 kbps
AgoraCoreService[21792]: (21792) /var/lib/jenkins/workspace/agora-release-linux-2/ServerSDK-Video/src/video_recorder/event_handler.cpp:1341: level 1: INFO    (11:57:28:962 |    0)  21792; API call to enable video
AgoraCoreService[21792]: (21792) /var/lib/jenkins/workspace/agora-release-linux-2/ServerSDK-Video/src/video_recorder/event_handler.cpp:1341: level 1: INFO    (11:57:28:962 |    0)  21792; API call to join channel 'police_3_1' uid 0, SDK ver 2.1.0 build 220, device info 'Linux version 3.13.0-143-generic (buildd@lcy01-amd64-010) (gcc version 4.8.4 (Ubuntu 4.8.4-2ubuntu1~14.04.4) ) #192-Ubuntu SMP Tue F
AgoraCoreService[21792]: (21792) /var/lib/jenkins/workspace/agora-release-linux-2/ServerSDK-Video/src/video_recorder/event_handler.cpp:1341: level 1: INFO    (11:57:28:963 |    1)  21807; Agora Service Worker Thread started: 0x380ef98
AgoraCoreService[21792]: (21792) /var/lib/jenkins/workspace/agora-release-linux-2/ServerSDK-Video/src/video_recorder/event_handler.cpp:1341: level 1: INFO    (11:57:28:963 |    0)  21807; network: 'NETWORK_UNKOWN' -> 'LAN' ipv4/v6 '139.59.134.76'/'' gw ''/'' subtype 0 level 759851744 ssid '' bssid '' rssi 32742 asu 56
AgoraCoreService[21792]: (21792) /var/lib/jenkins/workspace/agora-release-linux-2/ServerSDK-Video/src/video_recorder/event_handler.cpp:1341: level 1: INFO    (11:57:28:963 |    0)  21807; [MIO] mediaIO controller created
AgoraCoreService[21792]: (21792) /var/lib/jenkins/workspace/agora-release-linux-2/ServerSDK-Video/src/video_recorder/event_handler.cpp:1341: level 1: INFO    (11:57:28:963 |    0)  21807; found 'NULL' device: 'Linux version 3.13.0-143-generic (buildd@lcy01-amd64-010) (gcc version 4.8.4 (Ubuntu 4.8.4-2ubuntu1~14.04.4) ) #192-Ubuntu SMP Tue Feb 27 10:45:36 UTC 2018
'
AgoraCoreService[21792]: (21792) /var/lib/jenkins/workspace/agora-release-linux-2/ServerSDK-Video/src/video_recorder/event_handler.cpp:1341: level 1: INFO    (11:57:28:963 |    0)  21807; [rp] {"rtc.channel_profile":0}
AgoraCoreService[21792]: (21792) /var/lib/jenkins/workspace/agora-release-linux-2/ServerSDK-Video/src/video_recorder/event_handler.cpp:1341: level 1: INFO    (11:57:28:963 |    0)  21807; [rp] {"che.audio.external_device":true}
AgoraCoreService[21792]: (21792) /var/lib/jenkins/workspace/agora-release-linux-2/ServerSDK-Video/src/video_recorder/event_handler.cpp:1341: level 1: INFO    (11:57:28:963 |    0)  21807; [rp] {"che.audio.audioSampleRate":48000}
AgoraCoreService[21792]: (21792) /var/lib/jenkins/workspace/agora-release-linux-2/ServerSDK-Video/src/video_recorder/event_handler.cpp:1341: level 1: INFO    (11:57:28:964 |    1)  21807; [rp] {"che.video.keep_prerotation":false}
AgoraCoreService[21792]: (21792) /var/lib/jenkins/workspace/agora-release-linux-2/ServerSDK-Video/src/video_recorder/event_handler.cpp:1341: level 1: INFO    (11:57:28:964 |    0)  21807; [rp] {"rtc.client_type":3}
AgoraCoreService[21792]: (21792) /var/lib/jenkins/workspace/agora-release-linux-2/ServerSDK-Video/src/video_recorder/event_handler.cpp:1341: level 1: INFO    (11:57:28:964 |    0)  21807; [rp] {"che.audienceMode":true}
AgoraCoreService[21792]: (21792) /var/lib/jenkins/workspace/agora-release-linux-2/ServerSDK-Video/src/video_recorder/event_handler.cpp:1341: level 1: INFO    (11:57:28:964 |    0)  21807; [rp] {"che.video.recording":true}
AgoraCoreService[21792]: (21792) /var/lib/jenkins/workspace/agora-release-linux-2/ServerSDK-Video/src/video_recorder/event_handler.cpp:1341: level 1: INFO    (11:57:28:964 |    0)  21807; [rp] {"che.audio.set_capture_raw_audio_format":{"sampleRate":48000,"channelCnt":1,"mode":1,"samplesPerCall":480}}
AgoraCoreService[21792]: (21792) /var/lib/jenkins/workspace/agora-release-linux-2/ServerSDK-Video/src/video_recorder/event_handler.cpp:1341: level 1: INFO    (11:57:28:964 |    0)  21807; [rp] {"che.audio.set_render_raw_audio_format":{"sampleRate":48000,"channelCnt":1,"mode":0,"samplesPerCall":480}}
AgoraCoreService[21792]: (21792) /var/lib/jenkins/workspace/agora-release-linux-2/ServerSDK-Video/src/video_recorder/event_handler.cpp:1341: level 1: INFO    (11:57:28:964 |    0)  21807; [rp] {"rtc.log_file":"/var/www/panic2.greenvoo.us/html/public/Records/20180330/police_3_1_115728/recording_0.log"}
AgoraCoreService[21792]: (21792) /var/lib/jenkins/workspace/agora-release-linux-2/ServerSDK-Video/src/video_recorder/event_handler.cpp:1341: level 1: INFO    (11:57:28:964 |    0)  21807; [rp] {"rtc.video.mute_me":true,"che.video.local.send":false}
AgoraCoreService[21792]: (21792) /var/lib/jenkins/workspace/agora-release-linux-2/ServerSDK-Video/src/video_recorder/event_handler.cpp:1341: level 1: INFO    (11:57:28:964 |    0)  21807; [rp] {"rtc.audio.mute_me":true,"che.audio.mute_me":true}
AgoraCoreService[21792]: (21792) /var/lib/jenkins/workspace/agora-release-linux-2/ServerSDK-Video/src/video_recorder/event_handler.cpp:1341: level 1: INFO    (11:57:28:964 |    0)  21807; [rp] {"rtc.video.set_remote_default_video_stream_type":0}
AgoraCoreService[21792]: (21792) /var/lib/jenkins/workspace/agora-release-linux-2/ServerSDK-Video/src/video_recorder/event_handler.cpp:1341: level 1: INFO    (11:57:28:965 |    1)  21807; API call to SetRemoteDefaultVideoStreamType: 0
AgoraCoreService[21792]: (21792) /var/lib/jenkins/workspace/agora-release-linux-2/ServerSDK-Video/src/video_recorder/event_handler.cpp:1341: level 1: INFO    (11:57:28:965 |    0)  21807; [rp] {"che.video.local.camera_index":1024}
AgoraCoreService[21792]: (21792) /var/lib/jenkins/workspace/agora-release-linux-2/ServerSDK-Video/src/video_recorder/event_handler.cpp:1341: level 1: INFO    (11:57:28:965 |    0)  21807; [rp] {"rtc.video.enabled":true}
AgoraCoreService[21792]: (21792) /var/lib/jenkins/workspace/agora-release-linux-2/ServerSDK-Video/src/video_recorder/event_handler.cpp:1341: level 1: INFO    (11:57:28:965 |    0)  21807; API call to enable video
AgoraCoreService[21792]: (21792) /var/lib/jenkins/workspace/agora-release-linux-2/ServerSDK-Video/src/video_recorder/event_handler.cpp:1341: level 1: INFO    (11:57:28:965 |    0)  21807; ***CALL BEGIN: appid:'c7****************************1c' cname:'police_3_1' info:'' sid:'A6E094D520F34A8C95E4BF4AC204F81C'
AgoraCoreService[21792]: (21792) /var/lib/jenkins/workspace/agora-release-linux-2/ServerSDK-Video/src/video_recorder/event_handler.cpp:1341: level 1: INFO    (11:57:28:965 |    0)  21807; addRef of media engine, ref=1
AgoraCoreService[21792]: (21792) /var/lib/jenkins/workspace/agora-release-linux-2/ServerSDK-Video/src/video_recorder/event_handler.cpp:1341: level 1: INFO    (11:57:28:965 |    0)  21807; [che] create chat engine, ctx:(nil)
AgoraCoreService[21792]: (21792) /var/lib/jenkins/workspace/agora-release-linux-2/ServerSDK-Video/src/video_recorder/event_handler.cpp:1341: level 1: INFO    (11:57:28:965 |    0)  21807; [MYDEBUG] large group call false
AgoraCoreService[21792]: (21792) /var/lib/jenkins/workspace/agora-release-linux-2/ServerSDK-Video/src/video_recorder/event_handler.cpp:1341: level 1: INFO    (11:57:28:965 |    0)  21807; ChatEngineParameterHelper::applyMediaEngineMode: 
AgoraCoreService[21792]: (21792) /var/lib/jenkins/workspace/agora-release-linux-2/ServerSDK-Video/src/video_recorder/event_handler.cpp:1341: level 1: INFO    (11:57:28:965 |    0)  21807; applyMediaEngineMode(): Hardware encoding false Hardware decoding false
AgoraCoreService[21792]: (21792) /var/lib/jenkins/workspace/agora-release-linux-2/ServerSDK-Video/src/video_recorder/event_handler.cpp:1341: level 1: INFO    (11:57:28:967 |    2)  21809; Thread with name:external_audio_module_thread started 
AgoraCoreService[21792]: (21792) /var/lib/jenkins/workspace/agora-release-linux-2/ServerSDK-Video/src/video_recorder/event_handler.cpp:1341: level 1: INFO    (11:57:28:967 |    0)  21810; Thread with name:WebRtc_event_timer_thread started 
AgoraCoreService[21792]: (21792) /var/lib/jenkins/workspace/agora-release-linux-2/ServerSDK-Video/src/video_recorder/event_handler.cpp:1341: level 1: INFO    (11:57:28:967 |    0)  21807; StereoPlayoutIsAvailable(), output: available=0
AgoraCoreService[21792]: (21792) /var/lib/jenkins/workspace/agora-release-linux-2/ServerSDK-Video/src/video_recorder/event_handler.cpp:1341: level 1: INFO    (11:57:28:967 |    0)  21807; StereoRecordingIsAvailable(), output: available=0
AgoraCoreService[21792]: (21792) /var/lib/jenkins/workspace/agora-release-linux-2/ServerSDK-Video/src/video_recorder/event_handler.cpp:1341: level 1: INFO    (11:57:28:967 |    0)  21811; Thread with name:EngineMonitorThread started 
AgoraCoreService[21792]: (21792) /var/lib/jenkins/workspace/agora-release-linux-2/ServerSDK-Video/src/video_recorder/event_handler.cpp:1341: level 1: INFO    (11:57:28:968 |    1)  21807; setMuteStatus, muted: On
AgoraCoreService[21792]: (21792) /var/lib/jenkins/workspace/agora-release-linux-2/ServerSDK-Video/src/video_recorder/event_handler.cpp:1341: level 1: INFO    (11:57:28:968 |    0)  21807; setMuteOutput, muted: false
AgoraCoreService[21792]: (21792) /var/lib/jenkins/workspace/agora-release-linux-2/ServerSDK-Video/src/video_recorder/event_handler.cpp:1341: level 2: WARN    (11:57:28:968 |    0)  21807; setMicSensitivity failed, legal values are between [0, 10]
AgoraCoreService[21792]: (21792) /var/lib/jenkins/workspace/agora-release-linux-2/ServerSDK-Video/src/video_recorder/event_handler.cpp:1341: level 1: INFO    (11:57:28:968 |    0)  21807; Audio Engine Init success
AgoraCoreService[21792]: (21792) /var/lib/jenkins/workspace/agora-release-linux-2/ServerSDK-Video/src/video_recorder/event_handler.cpp:1341: level 1: INFO    (11:57:28:968 |    0)  21807; Available number of cores:1
AgoraCoreService[21792]: (21792) /var/lib/jenkins/workspace/agora-release-linux-2/ServerSDK-Video/src/video_recorder/event_handler.cpp:1341: level 1: INFO    (11:57:28:968 |    0)  21807; CreateVideoSendTrack
AgoraCoreService[21792]: (21792) /var/lib/jenkins/workspace/agora-release-linux-2/ServerSDK-Video/src/video_recorder/event_handler.cpp:1341: level 1: INFO    (11:57:28:968 |    0)  21807; init: feature prerotation disabled
AgoraCoreService[21792]: (21792) /var/lib/jenkins/workspace/agora-release-linux-2/ServerSDK-Video/src/video_recorder/event_handler.cpp:1341: level 1: INFO    (11:57:28:969 |    1)  21807; Agora Engine video codec set to custom mode role mode 0
AgoraCoreService[21792]: (21792) /var/lib/jenkins/workspace/agora-release-linux-2/ServerSDK-Video/src/video_recorder/event_handler.cpp:1341: level 1: INFO    (11:57:28:969 |    0)  21807; Agora Engine video codec index 1
AgoraCoreService[21792]: (21792) /var/lib/jenkins/workspace/agora-release-linux-2/ServerSDK-Video/src/video_recorder/event_handler.cpp:1341: level 1: INFO    (11:57:28:969 |    0)  21807; Agora Engine video stream type = 0
AgoraCoreService[21792]: (21792) /var/lib/jenkins/workspace/agora-release-linux-2/ServerSDK-Video/src/video_recorder/event_handler.cpp:1341: level 1: INFO    (11:57:28:969 |    0)  21812; Thread with name:VideoEncodeThread started 
AgoraCoreService[21792]: (21792) /var/lib/jenkins/workspace/agora-release-linux-2/ServerSDK-Video/src/video_recorder/event_handler.cpp:1341: level 1: INFO    (11:57:28:969 |    0)  21807; EncoderWrapper::Create hardware_ = 0, hardware_low_ = 0
AgoraCoreService[21792]: (21792) /var/lib/jenkins/workspace/agora-release-linux-2/ServerSDK-Video/src/video_recorder/event_handler.cpp:1341: level 1: INFO    (11:57:28:969 |    0)  21813; Thread with name:VideoProcessThread started 
AgoraCoreService[21792]: (21792) /var/lib/jenkins/workspace/agora-release-linux-2/ServerSDK-Video/src/video_recorder/event_handler.cpp:1341: level 1: INFO    (11:57:28:969 |    0)  21807; setCodec: index=1 width=640 height=360 framerate=15
AgoraCoreService[21792]: (21792) /var/lib/jenkins/workspace/agora-release-linux-2/ServerSDK-Video/src/video_recorder/event_handler.cpp:1341: level 1: INFO    (11:57:28:969 |    0)  21807; h264WebInteropEnable: enable 0
AgoraCoreService[21792]: (21792) /var/lib/jenkins/workspace/agora-release-linux-2/ServerSDK-Video/src/video_recorder/event_handler.cpp:1341: level 1: INFO    (11:57:28:970 |    1)  21807; setCaptureDevice: index=1024
AgoraCoreService[21792]: (21792) /var/lib/jenkins/workspace/agora-release-linux-2/ServerSDK-Video/src/video_recorder/event_handler.cpp:1341: level 1: INFO    (11:57:28:970 |    0)  21807; setMaxVideoBitrate: max bitrate=0
AgoraCoreService[21792]: (21792) /var/lib/jenkins/workspace/agora-release-linux-2/ServerSDK-Video/src/video_recorder/event_handler.cpp:1341: level 1: INFO    (11:57:28:970 |    0)  21807; more fec enable 0 curr fec method 0
AgoraCoreService[21792]: (21792) /var/lib/jenkins/workspace/agora-release-linux-2/ServerSDK-Video/src/video_recorder/event_handler.cpp:1341: level 1: INFO    (11:57:28:970 |    0)  21807; video fec method 0
AgoraCoreService[21792]: (21792) /var/lib/jenkins/workspace/agora-release-linux-2/ServerSDK-Video/src/video_recorder/event_handler.cpp:1341: level 4: ERROR   (11:57:28:970 |    0)  21807; videoEngine created and initialize here
AgoraCoreService[21792]: (21792) /var/lib/jenkins/workspace/agora-release-linux-2/ServerSDK-Video/src/video_recorder/event_handler.cpp:1341: level 1: INFO    (11:57:28:970 |    0)  21807; CreateVideoSendTrack
AgoraCoreService[21792]: (21792) /var/lib/jenkins/workspace/agora-release-linux-2/ServerSDK-Video/src/video_recorder/event_handler.cpp:1341: level 1: INFO    (11:57:28:970 |    0)  21807; [MIO] updateCapturer: ((nil)), type:(1)
AgoraCoreService[21792]: (21792) /var/lib/jenkins/workspace/agora-release-linux-2/ServerSDK-Video/src/video_recorder/event_handler.cpp:1341: level 1: INFO    (11:57:28:970 |    0)  21807; CreateAgoraDefaultCapture: type=0
AgoraCoreService[21792]: (21792) /var/lib/jenkins/workspace/agora-release-linux-2/ServerSDK-Video/src/video_recorder/event_handler.cpp:1341: level 1: INFO    (11:57:28:970 |    0)  21807; CreateVideoCapturer: interface=0x7fe620172af0
AgoraCoreService[21792]: (21792) /var/lib/jenkins/workspace/agora-release-linux-2/ServerSDK-Video/src/video_recorder/event_handler.cpp:1341: level 1: INFO    (11:57:28:970 |    0)  21807; VideoSendTrackImpl::UpdateCapturer capturer=0x7fe6201d4c10
AgoraCoreService[21792]: (21792) /var/lib/jenkins/workspace/agora-release-linux-2/ServerSDK-Video/src/video_recorder/event_handler.cpp:1341: level 1: INFO    (11:57:28:970 |    0)  21807; [MIO] updateLocalRender: ((nil)), type:(1)
AgoraCoreService[21792]: (21792) /var/lib/jenkins/workspace/agora-release-linux-2/ServerSDK-Video/src/video_recorder/event_handler.cpp:1341: level 1: INFO    (11:57:28:970 |    0)  21807; CreateAgoraDefaultRender
AgoraCoreService[21792]: (21792) /var/lib/jenkins/workspace/agora-release-linux-2/ServerSDK-Video/src/video_recorder/event_handler.cpp:1341: level 1: INFO    (11:57:28:970 |    0)  21807; CreateVideoRenderer: interface=0x7fe6201d5090
AgoraCoreService[21792]: (21792) /var/lib/jenkins/workspace/agora-release-linux-2/ServerSDK-Video/src/video_recorder/event_handler.cpp:1341: level 1: INFO    (11:57:28:970 |    0)  21807; VideoSendTrackImpl::UpdateRenderer, renderer=0x7fe6201d50d0
AgoraCoreService[21792]: (21792) /var/lib/jenkins/workspace/agora-release-linux-2/ServerSDK-Video/src/video_recorder/event_handler.cpp:1341: level 1: INFO    (11:57:28:970 |    0)  21807; [MIO] video send track prepared !!
AgoraCoreService[21792]: (21792) /var/lib/jenkins/workspace/agora-release-linux-2/ServerSDK-Video/src/video_recorder/event_handler.cpp:1341: level 1: INFO    (11:57:28:971 |    1)  21807; [che] applyVideoProfile: 640x360 15 fps 500 kbps
AgoraCoreService[21792]: (21792) /var/lib/jenkins/workspace/agora-release-linux-2/ServerSDK-Video/src/video_recorder/event_handler.cpp:1341: level 1: INFO    (11:57:28:971 |    0)  21807; validateVideoParameters: validate video parameters resolution 640x360, fps 15, rate 500000
AgoraCoreService[21792]: (21792) /var/lib/jenkins/workspace/agora-release-linux-2/ServerSDK-Video/src/video_recorder/event_handler.cpp:1341: level 1: INFO    (11:57:28:971 |    0)  21807; setMaxVideoBitrate: max bitrate=500000
AgoraCoreService[21792]: (21792) /var/lib/jenkins/workspace/agora-release-linux-2/ServerSDK-Video/src/video_recorder/event_handler.cpp:1341: level 1: INFO    (11:57:28:971 |    0)  21807; setCodecRates: set frame rate to 15
AgoraCoreService[21792]: (21792) /var/lib/jenkins/workspace/agora-release-linux-2/ServerSDK-Video/src/video_recorder/event_handler.cpp:1341: level 1: INFO    (11:57:28:971 |    0)  21807; setCodec: index=1 width=640 height=360 framerate=15
AgoraCoreService[21792]: (21792) /var/lib/jenkins/workspace/agora-release-linux-2/ServerSDK-Video/src/video_recorder/event_handler.cpp:1341: level 1: INFO    (11:57:28:971 |    0)  21807; setCodecResolution: set to 640 x 360
AgoraCoreService[21792]: (21792) /var/lib/jenkins/workspace/agora-release-linux-2/ServerSDK-Video/src/video_recorder/event_handler.cpp:1341: level 1: INFO    (11:57:28:971 |    0)  21807; [che] chat engine initialized
AgoraCoreService[21792]: (21792) /var/lib/jenkins/workspace/agora-release-linux-2/ServerSDK-Video/src/video_recorder/event_handler.cpp:1341: level 1: INFO    (11:57:28:971 |    0)  21807; [vocs] vocs initialized
AgoraCoreService[21792]: (21792) /var/lib/jenkins/workspace/agora-release-linux-2/ServerSDK-Video/src/video_recorder/event_handler.cpp:1341: level 1: INFO    (11:57:28:972 |    1)  21807; [rs] report server ip: 221.228.78.123:8000
AgoraCoreService[21792]: (21792) /var/lib/jenkins/workspace/agora-release-linux-2/ServerSDK-Video/src/video_recorder/event_handler.cpp:1341: level 1: INFO    (11:57:28:972 |    0)  21807; [rlbs] selected: 221.228.78.123:9700
AgoraCoreService[21792]: (21792) /var/lib/jenkins/workspace/agora-release-linux-2/ServerSDK-Video/src/video_recorder/event_handler.cpp:1341: level 1: INFO    (11:57:28:972 |    0)  21807; [rlbs] request rs list from 221.228.78.123:9700.......
AgoraCoreService[21792]: (21792) /var/lib/jenkins/workspace/agora-release-linux-2/ServerSDK-Video/src/video_recorder/event_handler.cpp:1341: level 1: INFO    (11:57:28:972 |    0)  21807; CacheManager: save cache to storage elapsed 0
AgoraCoreService[21792]: (21792) /var/lib/jenkins/workspace/agora-release-linux-2/ServerSDK-Video/src/video_recorder/event_handler.cpp:1341: level 1: INFO    (11:57:28:973 |    1)  21807; [cm] emit join channel signal, size=2
AgoraCoreService[21792]: (21792) /var/lib/jenkins/workspace/agora-release-linux-2/ServerSDK-Video/src/video_recorder/event_handler.cpp:1341: level 1: INFO    (11:57:28:973 |    0)  21807; CacheManager: save cache to storage elapsed 0
AgoraCoreService[21792]: (21792) /var/lib/jenkins/workspace/agora-release-linux-2/ServerSDK-Video/src/video_recorder/event_handler.cpp:1341: level 1: INFO    (11:57:28:973 |    0)  21807; [vocs] lookup channel...
AgoraCoreService[21792]: (21792) /var/lib/jenkins/workspace/agora-release-linux-2/ServerSDK-Video/src/video_recorder/event_handler.cpp:1341: level 1: INFO    (11:57:28:973 |    0)  21807; [vocs] selected: 183.236.26.162:8000
AgoraCoreService[21792]: (21792) /var/lib/jenkins/workspace/agora-release-linux-2/ServerSDK-Video/src/video_recorder/event_handler.cpp:1341: level 1: INFO    (11:57:28:973 |    0)  21807; connecting to 183.236.26.162:8000 handle 2020fdc0, 28
AgoraCoreService[21792]: (21792) /var/lib/jenkins/workspace/agora-release-linux-2/ServerSDK-Video/src/video_recorder/event_handler.cpp:1341: level 1: INFO    (11:57:28:973 |    0)  21807; [vocs] creating channel with 183.236.26.162:8000, ts 1522411048973.......
AgoraCoreService[21792]: (21792) /var/lib/jenkins/workspace/agora-release-linux-2/ServerSDK-Video/src/video_recorder/event_handler.cpp:1341: level 1: INFO    (11:57:28:973 |    0)  21807; [vocs] selected: 123.155.153.69:8000
AgoraCoreService[21792]: (21792) /var/lib/jenkins/workspace/agora-release-linux-2/ServerSDK-Video/src/video_recorder/event_handler.cpp:1341: level 1: INFO    (11:57:28:973 |    0)  21807; [vocs] creating channel with 123.155.153.69:8000, ts 1522411048973.......
AgoraCoreService[21792]: (21792) /var/lib/jenkins/workspace/agora-release-linux-2/ServerSDK-Video/src/video_recorder/event_handler.cpp:1341: level 1: INFO    (11:57:28:973 |    0)  21807; [vocs] selected: 119.9.92.49:8000
AgoraCoreService[21792]: (21792) /var/lib/jenkins/workspace/agora-release-linux-2/ServerSDK-Video/src/video_recorder/event_handler.cpp:1341: level 1: INFO    (11:57:28:974 |    1)  21807; [vocs] creating channel with 119.9.92.49:8000, ts 1522411048974.......
AgoraCoreService[21792]: (21792) /var/lib/jenkins/workspace/agora-release-linux-2/ServerSDK-Video/src/video_recorder/event_handler.cpp:1341: level 1: INFO    (11:57:28:974 |    0)  21807; [rp] {"che.audio.audioSampleRate":48000}
AgoraCoreService[21792]: (21792) /var/lib/jenkins/workspace/agora-release-linux-2/ServerSDK-Video/src/video_recorder/event_handler.cpp:1341: level 1: INFO    (11:57:28:984 |   10)  21807; [dns] parsed ip 128.1.87.146
AgoraCoreService[21792]: (21792) /var/lib/jenkins/workspace/agora-release-linux-2/ServerSDK-Video/src/video_recorder/event_handler.cpp:1341: level 1: INFO    (11:57:28:984 |    0)  21807; [dns] parsed ip 69.28.51.138
AgoraCoreService[21792]: (21792) /var/lib/jenkins/workspace/agora-release-linux-2/ServerSDK-Video/src/video_recorder/event_handler.cpp:1341: level 1: INFO    (11:57:28:984 |    0)  21807; [dns] parsed ip 119.9.92.49
AgoraCoreService[21792]: (21792) /var/lib/jenkins/workspace/agora-release-linux-2/ServerSDK-Video/src/video_recorder/event_handler.cpp:1341: level 1: INFO    (11:57:28:985 |    1)  21807; [dns] parsed ip 199.190.44.35
AgoraCoreService[21792]: (21792) /var/lib/jenkins/workspace/agora-release-linux-2/ServerSDK-Video/src/video_recorder/event_handler.cpp:1341: level 1: INFO    (11:57:28:988 |    3)  21807; [dns] parsed ip 199.190.44.36
AgoraCoreService[21792]: (21792) /var/lib/jenkins/workspace/agora-release-linux-2/ServerSDK-Video/src/video_recorder/event_handler.cpp:1341: level 1: INFO    (11:57:28:988 |    0)  21807; [rs] dns parse result code: 0, servers size: 1
AgoraCoreService[21792]: (21792) /var/lib/jenkins/workspace/agora-release-linux-2/ServerSDK-Video/src/video_recorder/event_handler.cpp:1341: level 1: INFO    (11:57:28:988 |    0)  21807; [rs] dns parse and selected server: 223.111.12.227
AgoraCoreService[21792]: (21792) /var/lib/jenkins/workspace/agora-release-linux-2/ServerSDK-Video/src/video_recorder/event_handler.cpp:1341: level 1: INFO    (11:57:29:177 |    0)  21807; [vocs/u] **responsed from 119.9.92.49:8000, 3 vos, elapsed 215, server ts 1522411048619, wan ip 139.59.134.76
AgoraCoreService[21792]: (21792) /var/lib/jenkins/workspace/agora-release-linux-2/ServerSDK-Video/src/video_recorder/event_handler.cpp:1341: level 1: INFO    (11:57:29:178 |    1)  21807; [vos] added server: 128.1.77.36:4005
AgoraCoreService[21792]: (21792) /var/lib/jenkins/workspace/agora-release-linux-2/ServerSDK-Video/src/video_recorder/event_handler.cpp:1341: level 1: INFO    (11:57:29:178 |    0)  21807; [vos] added server: 128.1.78.91:4008
AgoraCoreService[21792]: (21792) /var/lib/jenkins/workspace/agora-release-linux-2/ServerSDK-Video/src/video_recorder/event_handler.cpp:1341: level 1: INFO    (11:57:29:178 |    0)  21807; [vos] added server: 128.1.78.106:4007
AgoraCoreService[21792]: (21792) /var/lib/jenkins/workspace/agora-release-linux-2/ServerSDK-Video/src/video_recorder/event_handler.cpp:1341: level 1: INFO    (11:57:29:178 |    0)  21807; [ch0] vos initialized
AgoraCoreService[21792]: (21792) /var/lib/jenkins/workspace/agora-release-linux-2/ServerSDK-Video/src/video_recorder/event_handler.cpp:1341: level 1: INFO    (11:57:29:178 |    0)  21807; [vos] selected: 128.1.78.106:4007
AgoraCoreService[21792]: (21792) /var/lib/jenkins/workspace/agora-release-linux-2/ServerSDK-Video/src/video_recorder/event_handler.cpp:1341: level 4: ERROR   (11:57:29:178 |    0)  21807; [ch0] login strategy=2
AgoraCoreService[21792]: (21792) /var/lib/jenkins/workspace/agora-release-linux-2/ServerSDK-Video/src/video_recorder/event_handler.cpp:1341: level 1: INFO    (11:57:29:178 |    0)  21807; [ds]: ver 1 ds '{"streamType":5}'
AgoraCoreService[21792]: (21792) /var/lib/jenkins/workspace/agora-release-linux-2/ServerSDK-Video/src/video_recorder/event_handler.cpp:1341: level 1: INFO    (11:57:29:178 |    0)  21807; [ch0] Login VOS (proto:10, cid:1744495205, uid:2053796161, ts:1522411049178, ticket size:84 ds:1 stream:+A+VH) 2: 128.1.78.106:4007
AgoraCoreService[21792]: (21792) /var/lib/jenkins/workspace/agora-release-linux-2/ServerSDK-Video/src/video_recorder/event_handler.cpp:1341: level 1: INFO    (11:57:29:179 |    1)  21807; add ping address 139.59.134.76
AgoraCoreService[21792]: (21792) /var/lib/jenkins/workspace/agora-release-linux-2/ServerSDK-Video/src/video_recorder/event_handler.cpp:1341: level 1: INFO    (11:57:29:179 |    0)  21807; PING 139.59.134.76:0 16(44) bytes of data
AgoraCoreService[21792]: (21792) /var/lib/jenkins/workspace/agora-release-linux-2/ServerSDK-Video/src/video_recorder/event_handler.cpp:1341: level 1: INFO    (11:57:29:190 |   11)  21807; [ch0] **VOS response to login request (res 0 elapsed 228, server ts 1522411048737, s-c:-453) from 128.1.78.106:4007, and current dest server 128.1.78.106:4007
AgoraCoreService[21792]: (21792) /var/lib/jenkins/workspace/agora-release-linux-2/ServerSDK-Video/src/video_recorder/event_handler.cpp:1341: level 1: INFO    (11:57:29:191 |    1)  21807; updateActiveVosList: ["128.1.78.106:4007"]
AgoraCoreService[21792]: (21792) /var/lib/jenkins/workspace/agora-release-linux-2/ServerSDK-Video/src/video_recorder/event_handler.cpp:1341: level 1: INFO    (11:57:29:191 |    0)  21807; [che] start call begins
AgoraCoreService[21792]: (21792) /var/lib/jenkins/workspace/agora-release-linux-2/ServerSDK-Video/src/video_recorder/event_handler.cpp:1341: level 1: INFO    (11:57:29:191 |    0)  21807; Set Application Mode in RTC Engine to No. 0
AgoraCoreService[21792]: (21792) /var/lib/jenkins/workspace/agora-release-linux-2/ServerSDK-Video/src/video_recorder/event_handler.cpp:1341: level 4: ERROR   (11:57:29:191 |    0)  21807; GetCodec() invalid index (error=8004)
AgoraCoreService[21792]: (21792) /var/lib/jenkins/workspace/agora-release-linux-2/ServerSDK-Video/src/video_recorder/event_handler.cpp:1341: level 1: INFO    (11:57:29:191 |    0)  21807; SetCodec by type : No. 85
AgoraCoreService[21792]: (21792) /var/lib/jenkins/workspace/agora-release-linux-2/ServerSDK-Video/src/video_recorder/event_handler.cpp:1341: level 1: INFO    (11:57:29:198 |    7)  21807; StartPlayout complete
AgoraCoreService[21792]: (21792) /var/lib/jenkins/workspace/agora-release-linux-2/ServerSDK-Video/src/video_recorder/event_handler.cpp:1341: level 1: INFO    (11:57:29:198 |    0)  21807; output: kDummyAudio
AgoraCoreService[21792]: (21792) /var/lib/jenkins/workspace/agora-release-linux-2/ServerSDK-Video/src/video_recorder/event_handler.cpp:1341: level 1: INFO    (11:57:29:207 |    9)  21807; StartRecording complete
AgoraCoreService[21792]: (21792) /var/lib/jenkins/workspace/agora-release-linux-2/ServerSDK-Video/src/video_recorder/event_handler.cpp:1341: level 4: ERROR   (11:57:29:207 |    0)  21807; SetAgcConfig() failed to set the range in |gain| the digital compression stage may apply (error=8097)
AgoraCoreService[21792]: (21792) /var/lib/jenkins/workspace/agora-release-linux-2/ServerSDK-Video/src/video_recorder/event_handler.cpp:1341: level 1: INFO    (11:57:29:207 |    0)  21807; SetHowlingControl enable = 0
AgoraCoreService[21792]: (21792) /var/lib/jenkins/workspace/agora-release-linux-2/ServerSDK-Video/src/video_recorder/event_handler.cpp:1341: level 1: INFO    (11:57:29:208 |    1)  21807; Application Config module:  Route 0, NS on, AEC N, AGC on, BSS off, HC on
AgoraCoreService[21792]: (21792) /var/lib/jenkins/workspace/agora-release-linux-2/ServerSDK-Video/src/video_recorder/event_handler.cpp:1341: level 1: INFO    (11:57:29:208 |    0)  21807; MID = 0, Routing = 0
AgoraCoreService[21792]: (21792) /var/lib/jenkins/workspace/agora-release-linux-2/ServerSDK-Video/src/video_recorder/event_handler.cpp:1341: level 1: INFO    (11:57:29:208 |    0)  21807; [che] applyVideoProfile: 640x360 15 fps 500 kbps
AgoraCoreService[21792]: (21792) /var/lib/jenkins/workspace/agora-release-linux-2/ServerSDK-Video/src/video_recorder/event_handler.cpp:1341: level 1: INFO    (11:57:29:208 |    0)  21807; validateVideoParameters: validate video parameters resolution 640x360, fps 15, rate 500000
AgoraCoreService[21792]: (21792) /var/lib/jenkins/workspace/agora-release-linux-2/ServerSDK-Video/src/video_recorder/event_handler.cpp:1341: level 1: INFO    (11:57:29:208 |    0)  21807; setMaxVideoBitrate: max bitrate=500000
AgoraCoreService[21792]: (21792) /var/lib/jenkins/workspace/agora-release-linux-2/ServerSDK-Video/src/video_recorder/event_handler.cpp:1341: level 1: INFO    (11:57:29:208 |    0)  21807; setCodecRates: set frame rate to 15
AgoraCoreService[21792]: (21792) /var/lib/jenkins/workspace/agora-release-linux-2/ServerSDK-Video/src/video_recorder/event_handler.cpp:1341: level 1: INFO    (11:57:29:208 |    0)  21807; setCodec: index=1 width=640 height=360 framerate=15
AgoraCoreService[21792]: (21792) /var/lib/jenkins/workspace/agora-release-linux-2/ServerSDK-Video/src/video_recorder/event_handler.cpp:1341: level 1: INFO    (11:57:29:208 |    0)  21807; setCodecResolution: set to 640 x 360
AgoraCoreService[21792]: (21792) /var/lib/jenkins/workspace/agora-release-linux-2/ServerSDK-Video/src/video_recorder/event_handler.cpp:1341: level 1: INFO    (11:57:29:208 |    0)  21807; CreateVideoCapturer: interface=0x7fe620172c90
AgoraCoreService[21792]: (21792) /var/lib/jenkins/workspace/agora-release-linux-2/ServerSDK-Video/src/video_recorder/event_handler.cpp:1341: level 1: INFO    (11:57:29:208 |    0)  21807; VideoSendTrackImpl::UpdateCapturer capturer=0x7fe62021f9c0
AgoraCoreService[21792]: (21792) /var/lib/jenkins/workspace/agora-release-linux-2/ServerSDK-Video/src/video_recorder/event_handler.cpp:1341: level 1: INFO    (11:57:29:208 |    0)  21807; Create participant 0
AgoraCoreService[21792]: (21792) /var/lib/jenkins/workspace/agora-release-linux-2/ServerSDK-Video/src/video_recorder/event_handler.cpp:1341: level 1: INFO    (11:57:29:208 |    0)  21807; startCapture: device? 1024 init? 1 local enabled? 1 capturing? 0 rendering? 0
AgoraCoreService[21792]: (21792) /var/lib/jenkins/workspace/agora-release-linux-2/ServerSDK-Video/src/video_recorder/event_handler.cpp:1341: level 1: INFO    (11:57:29:209 |    1)  21807; startCapture: Receive Only Mode, capture still on. Encode will be turned off
AgoraCoreService[21792]: (21792) /var/lib/jenkins/workspace/agora-release-linux-2/ServerSDK-Video/src/video_recorder/event_handler.cpp:1341: level 1: INFO    (11:57:29:209 |    0)  21807; AgoraVideoInput::Init thread=1, type=100, device=External Device
AgoraCoreService[21792]: (21792) /var/lib/jenkins/workspace/agora-release-linux-2/ServerSDK-Video/src/video_recorder/event_handler.cpp:1341: level 1: INFO    (11:57:29:209 |    0)  21814; Thread with name:AgoraInputThread started 
AgoraCoreService[21792]: (21792) /var/lib/jenkins/workspace/agora-release-linux-2/ServerSDK-Video/src/video_recorder/event_handler.cpp:1341: level 1: INFO    (11:57:29:209 |    0)  21815; Thread with name:ExternalCaptureThread started 
AgoraCoreService[21792]: (21792) /var/lib/jenkins/workspace/agora-release-linux-2/ServerSDK-Video/src/video_recorder/event_handler.cpp:1341: level 1: INFO    (11:57:29:209 |    0)  21807; setCodec: index=1 width=640 height=360 framerate=15
AgoraCoreService[21792]: (21792) /var/lib/jenkins/workspace/agora-release-linux-2/ServerSDK-Video/src/video_recorder/event_handler.cpp:1341: level 1: INFO    (11:57:29:209 |    0)  21807; setMaxVideoBitrate: max bitrate=500000
AgoraCoreService[21792]: (21792) /var/lib/jenkins/workspace/agora-release-linux-2/ServerSDK-Video/src/video_recorder/event_handler.cpp:1341: level 1: INFO    (11:57:29:209 |    0)  21807; AgoraVideoInput::Start width=640, height=360, fps=15
AgoraCoreService[21792]: (21792) /var/lib/jenkins/workspace/agora-release-linux-2/ServerSDK-Video/src/video_recorder/event_handler.cpp:1341: level 1: INFO    (11:57:29:209 |    0)  21816; Thread with name:WebRtc_event_timer_thread started 
AgoraCoreService[21792]: (21792) /var/lib/jenkins/workspace/agora-release-linux-2/ServerSDK-Video/src/video_recorder/event_handler.cpp:1341: level 1: INFO    (11:57:29:209 |    0)  21807; startCapture: startCapture success
AgoraCoreService[21792]: (21792) /var/lib/jenkins/workspace/agora-release-linux-2/ServerSDK-Video/src/video_recorder/event_handler.cpp:1341: level 1: INFO    (11:57:29:209 |    0)  21807; RequestEncodeKeyFrame
AgoraCoreService[21792]: (21792) /var/lib/jenkins/workspace/agora-release-linux-2/ServerSDK-Video/src/video_recorder/event_handler.cpp:1341: level 1: INFO    (11:57:29:209 |    0)  21807; doStartLocalRender: init? 1 capture id -1 device 1024 capturing? 1 rendering? 0
AgoraCoreService[21792]: (21792) /var/lib/jenkins/workspace/agora-release-linux-2/ServerSDK-Video/src/video_recorder/event_handler.cpp:1341: level 1: INFO    (11:57:29:210 |    1)  21807; doStartLocalRender: Receive Only Mode, local renderer still on.
AgoraCoreService[21792]: (21792) /var/lib/jenkins/workspace/agora-release-linux-2/ServerSDK-Video/src/video_recorder/event_handler.cpp:1341: level 1: INFO    (11:57:29:210 |    0)  21807; doStartLocalRender: init? 1 capture id -1 device 1024 capturing? 1 rendering? 0
AgoraCoreService[21792]: (21792) /var/lib/jenkins/workspace/agora-release-linux-2/ServerSDK-Video/src/video_recorder/event_handler.cpp:1341: level 1: INFO    (11:57:29:210 |    0)  21807; doStartLocalRender: Receive Only Mode, local renderer still on.
AgoraCoreService[21792]: (21792) /var/lib/jenkins/workspace/agora-release-linux-2/ServerSDK-Video/src/video_recorder/event_handler.cpp:1341: level 1: INFO    (11:57:29:210 |    0)  21807; [che] start call returns 0, elapsed 19
AgoraCoreService[21792]: (21792) /var/lib/jenkins/workspace/agora-release-linux-2/ServerSDK-Video/src/video_recorder/event_handler.cpp:1341: level 1: INFO    (11:57:29:210 |    0)  21807; Setting dtx mode to 2
AgoraCoreService[21792]: (21792) /var/lib/jenkins/workspace/agora-release-linux-2/ServerSDK-Video/src/video_recorder/event_handler.cpp:1341: level 1: INFO    (11:57:29:210 |    0)  21807; setNetEQMinimumPlayoutDelay delay(100)
AgoraCoreService[21792]: (21792) /var/lib/jenkins/workspace/agora-release-linux-2/ServerSDK-Video/src/video_recorder/event_handler.cpp:1341: level 1: INFO    (11:57:29:210 |    0)  21807; join channel success: cname 'police_3_1' uid 2053796161 elapsed 247
AgoraCoreService[21792]: (21792) /var/lib/jenkins/workspace/agora-release-linux-2/ServerSDK-Video/src/video_recorder/event_handler.cpp:1054: Channel counters: mix mode:0 , min port:-1 , max port:-1 ,decode audio:0 , decode_video:0 , is live:0 , idle:300 , is audio only:0 ,syslog facility:8 , mix mode height:360 , mix mode width:640 , mix mode fps:15 , mix mode kbps:500 , mix av:0, streamType:0, triggerMode:0, lang:0
AgoraCoreService[21792]: (21792) /var/lib/jenkins/workspace/agora-release-linux-2/ServerSDK-Video/src/video_recorder/event_handler.cpp:1341: level 1: INFO    (11:57:29:210 |    0)  21807; CacheManager: save cache to storage elapsed 0
AgoraCoreService[21792]: (21792) /var/lib/jenkins/workspace/agora-release-linux-2/ServerSDK-Video/src/video_recorder/event_handler.cpp:1341: level 1: INFO    (11:57:29:210 |    0)  21808; Channel counters: mix mode:0 , min port:-1 , max port:-1 ,decode audio:0 , decode_video:0 , is live:0 , idle:300 , is audio only:0 ,syslog facility:8 , mix mode height:360 , mix mode width:640 , mix mode fps:15 , mi
AgoraCoreService[21792]: (21792) /var/lib/jenkins/workspace/agora-release-linux-2/ServerSDK-Video/src/video_recorder/event_handler.cpp:1128: User 2053796161 join channel police_3_1 success, elapsed: 247 ms
AgoraCoreService[21792]: (21792) /var/lib/jenkins/workspace/agora-release-linux-2/ServerSDK-Video/src/video_recorder/event_handler.cpp:1341: level 1: INFO    (11:57:29:210 |    0)  21808; User 2053796161 join channel police_3_1 success, elapsed: 247 ms
AgoraCoreService[21792]: (21792) /var/lib/jenkins/workspace/agora-release-linux-2/ServerSDK-Video/src/video_recorder/event_handler.cpp:1341: level 1: INFO    (11:57:29:220 |   10)  21807; [ch0] rtt: 10
AgoraCoreService[21792]: (21792) /var/lib/jenkins/workspace/agora-release-linux-2/ServerSDK-Video/src/video_recorder/event_handler.cpp:1341: level 1: INFO    (11:57:29:276 |   56)  21814; [che] onVideoSizeChanged: uid 0 640x360 rotate 0
AgoraCoreService[21792]: (21792) /var/lib/jenkins/workspace/agora-release-linux-2/ServerSDK-Video/src/video_recorder/event_handler.cpp:1341: level 1: INFO    (11:57:31:191 |    0)  21807; notifyPeerCount: cnt 0
AgoraCoreService[21792]: (21792) /var/lib/jenkins/workspace/agora-release-linux-2/ServerSDK-Video/src/video_recorder/event_handler.cpp:1341: level 1: INFO    (11:57:33:964 |  773)  21807; [rlbs] selected: 199.190.44.35:9700
AgoraCoreService[21792]: (21792) /var/lib/jenkins/workspace/agora-release-linux-2/ServerSDK-Video/src/video_recorder/event_handler.cpp:1341: level 1: INFO    (11:57:33:964 |    0)  21807; [rlbs] request rs list from 199.190.44.35:9700.......
AgoraCoreService[21792]: (21792) /var/lib/jenkins/workspace/agora-release-linux-2/ServerSDK-Video/src/video_recorder/event_handler.cpp:1341: level 1: INFO    (11:57:33:964 |    0)  21807; [rs] **report stats: seq: 10, report list size 10, tx/rx: 2030/240, cache size: 0, report success rate: -1
AgoraCoreService[21792]: (21792) /var/lib/jenkins/workspace/agora-release-linux-2/ServerSDK-Video/src/video_recorder/event_handler.cpp:1341: level 1: INFO    (11:57:34:172 |    0)  21807; [rlbs/u] responsed from 199.190.44.35:9700 with servers 128.1.78.91:8000
AgoraCoreService[21792]: (21792) /var/lib/jenkins/workspace/agora-release-linux-2/ServerSDK-Video/src/video_recorder/event_handler.cpp:1341: level 1: INFO    (11:57:35:207 |   35)  21809; Audio statistics - play count: playout count = 200  signal level: far_in = 0
recorder_local[21791]: (21791) /var/lib/jenkins/workspace/agora-release-linux-2/ServerSDK-Video/src/rec_engine/RecordingEngineImpl.cpp:502: [Wrapper] channel id: police_3_1 packet stats, total: 0, callback_->AudioFrameReceived: pcmPackets: 0, pcmTotalPackets: 0, aacPackets: 0, yuvF2Packets: 0, h264F2Packets: 0, errPackets: 0, otherPackets: 0
AgoraCoreService[21792]: (21792) /var/lib/jenkins/workspace/agora-release-linux-2/ServerSDK-Video/src/video_recorder/event_handler.cpp:907: [ARS/15s]event cnts:0, audio pkts:0, mix audio pkts:0, yuv video pkts:0, h264 video pkts:0
AgoraCoreService[21792]: (21792) /var/lib/jenkins/workspace/agora-release-linux-2/ServerSDK-Video/src/video_recorder/event_handler.cpp:1341: level 1: INFO    (11:57:43:977 |  770)  21792; [ARS/15s]event cnts:0, audio pkts:0, mix audio pkts:0, yuv video pkts:0, h264 video pkts:0
recorder_local[21791]: (21791) /var/lib/jenkins/workspace/agora-release-linux-2/ServerSDK-Video/src/rec_engine/RecordingEngineImpl.cpp:502: [Wrapper] channel id: police_3_1 packet stats, total: 0, callback_->AudioFrameReceived: pcmPackets: 0, pcmTotalPackets: 0, aacPackets: 0, yuvF2Packets: 0, h264F2Packets: 0, errPackets: 0, otherPackets: 0
AgoraCoreService[21792]: (21792) /var/lib/jenkins/workspace/agora-release-linux-2/ServerSDK-Video/src/video_recorder/event_handler.cpp:1341: level 1: INFO    (11:57:49:207 |    0)  21809; Audio statistics - play count: playout count = 600  signal level: far_in = 0
recorder_local[21791]: (21791) /var/lib/jenkins/workspace/agora-release-linux-2/ServerSDK-Video/src/rec_engine/RecordingEngineImpl.cpp:502: [Wrapper] channel id: police_3_1 packet stats, total: 0, callback_->AudioFrameReceived: pcmPackets: 0, pcmTotalPackets: 0, aacPackets: 0, yuvF2Packets: 0, h264F2Packets: 0, errPackets: 0, otherPackets: 0
AgoraCoreService[21792]: (21792) /var/lib/jenkins/workspace/agora-release-linux-2/ServerSDK-Video/src/video_recorder/event_handler.cpp:907: [ARS/15s]event cnts:0, audio pkts:0, mix audio pkts:0, yuv video pkts:0, h264 video pkts:0
AgoraCoreService[21792]: (21792) /var/lib/jenkins/workspace/agora-release-linux-2/ServerSDK-Video/src/video_recorder/event_handler.cpp:1341: level 1: INFO    (11:57:58:992 |  785)  21792; [ARS/15s]event cnts:0, audio pkts:0, mix audio pkts:0, yuv video pkts:0, h264 video pkts:0
AgoraCoreService[21792]: (21792) /var/lib/jenkins/workspace/agora-release-linux-2/ServerSDK-Video/src/video_recorder/event_handler.cpp:1341: level 1: INFO    (11:58: 2:963 |    0)  21807; **CALL STATS: duraton 31s cpu app/total 2.4/10.20 battery 255 tx/rx: 1/1 kbps 10.1K/4.934K bytes
AgoraCoreService[21792]: (21792) /var/lib/jenkins/workspace/agora-release-linux-2/ServerSDK-Video/src/video_recorder/event_handler.cpp:1341: level 1: INFO    (11:58: 7:207 |    0)  21809; Audio statistics - play count: playout count = 600  signal level: far_in = 0
AgoraCoreService[21792]: (21792) /var/lib/jenkins/workspace/agora-release-linux-2/ServerSDK-Video/src/video_recorder/event_handler.cpp:1341: level 1: INFO    (11:58: 8:963 |  756)  21807; [rs] **report stats: seq: 24, report list size 24, tx/rx: 6191/1104, cache size: 0, report success rate: 100
recorder_local[21791]: (21791) /var/lib/jenkins/workspace/agora-release-linux-2/ServerSDK-Video/src/rec_engine/RecordingEngineImpl.cpp:502: [Wrapper] channel id: police_3_1 packet stats, total: 0, callback_->AudioFrameReceived: pcmPackets: 0, pcmTotalPackets: 0, aacPackets: 0, yuvF2Packets: 0, h264F2Packets: 0, errPackets: 0, otherPackets: 0
AgoraCoreService[21792]: (21792) /var/lib/jenkins/workspace/agora-release-linux-2/ServerSDK-Video/src/video_recorder/event_handler.cpp:907: [ARS/15s]event cnts:0, audio pkts:0, mix audio pkts:0, yuv video pkts:0, h264 video pkts:0
AgoraCoreService[21792]: (21792) /var/lib/jenkins/workspace/agora-release-linux-2/ServerSDK-Video/src/video_recorder/event_handler.cpp:1341: level 1: INFO    (11:58:14:  6 |    0)  21792; [ARS/15s]event cnts:0, audio pkts:0, mix audio pkts:0, yuv video pkts:0, h264 video pkts:0
recorder_local[21791]: (21791) /var/lib/jenkins/workspace/agora-release-linux-2/ServerSDK-Video/src/rec_engine/RecordingEngineImpl.cpp:502: [Wrapper] channel id: police_3_1 packet stats, total: 0, callback_->AudioFrameReceived: pcmPackets: 0, pcmTotalPackets: 0, aacPackets: 0, yuvF2Packets: 0, h264F2Packets: 0, errPackets: 0, otherPackets: 0
AgoraCoreService[21792]: (21792) /var/lib/jenkins/workspace/agora-release-linux-2/ServerSDK-Video/src/video_recorder/event_handler.cpp:1341: level 1: INFO    (11:58:25:207 |  201)  21809; Audio statistics - play count: playout count = 600  signal level: far_in = 0
recorder_local[21791]: (21791) /var/lib/jenkins/workspace/agora-release-linux-2/ServerSDK-Video/src/rec_engine/RecordingEngineImpl.cpp:502: [Wrapper] channel id: police_3_1 packet stats, total: 0, callback_->AudioFrameReceived: pcmPackets: 0, pcmTotalPackets: 0, aacPackets: 0, yuvF2Packets: 0, h264F2Packets: 0, errPackets: 0, otherPackets: 0
AgoraCoreService[21792]: (21792) /var/lib/jenkins/workspace/agora-release-linux-2/ServerSDK-Video/src/video_recorder/event_handler.cpp:907: [ARS/15s]event cnts:0, audio pkts:0, mix audio pkts:0, yuv video pkts:0, h264 video pkts:0
AgoraCoreService[21792]: (21792) /var/lib/jenkins/workspace/agora-release-linux-2/ServerSDK-Video/src/video_recorder/event_handler.cpp:1341: level 1: INFO    (11:58:29: 21 |    0)  21792; [ARS/15s]event cnts:0, audio pkts:0, mix audio pkts:0, yuv video pkts:0, h264 video pkts:0
AgoraCoreService[21792]: (21792) /var/lib/jenkins/workspace/agora-release-linux-2/ServerSDK-Video/src/video_recorder/event_handler.cpp:1341: level 1: INFO    (11:58:32:964 |  943)  21807; **CALL STATS: duraton 1m1s cpu app/total 1.53/8.0 battery 255 tx/rx: 1/1 kbps 16.7K/8.420K bytes
recorder_local[21791]: (21791) /var/lib/jenkins/workspace/agora-release-linux-2/ServerSDK-Video/src/rec_engine/RecordingEngineImpl.cpp:502: [Wrapper] channel id: police_3_1 packet stats, total: 0, callback_->AudioFrameReceived: pcmPackets: 0, pcmTotalPackets: 0, aacPackets: 0, yuvF2Packets: 0, h264F2Packets: 0, errPackets: 0, otherPackets: 0
AgoraCoreService[21792]: (21792) /var/lib/jenkins/workspace/agora-release-linux-2/ServerSDK-Video/src/video_recorder/event_handler.cpp:1341: level 1: INFO    (11:58:43:207 |    0)  21809; Audio statistics - play count: playout count = 600  signal level: far_in = 0
AgoraCoreService[21792]: (21792) /var/lib/jenkins/workspace/agora-release-linux-2/ServerSDK-Video/src/video_recorder/event_handler.cpp:1341: level 1: INFO    (11:58:43:963 |  756)  21807; [rs] **report stats: seq: 34, report list size 34, tx/rx: 8483/1632, cache size: 0, report success rate: 100
AgoraCoreService[21792]: (21792) /var/lib/jenkins/workspace/agora-release-linux-2/ServerSDK-Video/src/video_recorder/event_handler.cpp:907: [ARS/15s]event cnts:0, audio pkts:0, mix audio pkts:0, yuv video pkts:0, h264 video pkts:0
AgoraCoreService[21792]: (21792) /var/lib/jenkins/workspace/agora-release-linux-2/ServerSDK-Video/src/video_recorder/event_handler.cpp:1341: level 1: INFO    (11:58:44: 35 |    0)  21792; [ARS/15s]event cnts:0, audio pkts:0, mix audio pkts:0, yuv video pkts:0, h264 video pkts:0
recorder_local[21791]: (21791) /var/lib/jenkins/workspace/agora-release-linux-2/ServerSDK-Video/src/rec_engine/RecordingEngineImpl.cpp:502: [Wrapper] channel id: police_3_1 packet stats, total: 0, callback_->AudioFrameReceived: pcmPackets: 0, pcmTotalPackets: 0, aacPackets: 0, yuvF2Packets: 0, h264F2Packets: 0, errPackets: 0, otherPackets: 0
recorder_local[21791]: (21791) /var/lib/jenkins/workspace/agora-release-linux-2/ServerSDK-Video/src/rec_engine/RecordingEngineImpl.cpp:502: [Wrapper] channel id: police_3_1 packet stats, total: 0, callback_->AudioFrameReceived: pcmPackets: 0, pcmTotalPackets: 0, aacPackets: 0, yuvF2Packets: 0, h264F2Packets: 0, errPackets: 0, otherPackets: 0
AgoraCoreService[21792]: (21792) /var/lib/jenkins/workspace/agora-release-linux-2/ServerSDK-Video/src/video_recorder/event_handler.cpp:907: [ARS/15s]event cnts:0, audio pkts:0, mix audio pkts:0, yuv video pkts:0, h264 video pkts:0
AgoraCoreService[21792]: (21792) /var/lib/jenkins/workspace/agora-release-linux-2/ServerSDK-Video/src/video_recorder/event_handler.cpp:1341: level 1: INFO    (11:58:59: 50 |   15)  21792; [ARS/15s]event cnts:0, audio pkts:0, mix audio pkts:0, yuv video pkts:0, h264 video pkts:0
AgoraCoreService[21792]: (21792) /var/lib/jenkins/workspace/agora-release-linux-2/ServerSDK-Video/src/video_recorder/event_handler.cpp:1341: level 1: INFO    (11:59: 1:207 |  157)  21809; Audio statistics - play count: playout count = 600  signal level: far_in = 0
AgoraCoreService[21792]: (21792) /var/lib/jenkins/workspace/agora-release-linux-2/ServerSDK-Video/src/video_recorder/event_handler.cpp:1341: level 1: INFO    (11:59: 4:963 |  756)  21807; **CALL STATS: duraton 1m33s cpu app/total 2.4/6.96 battery 255 tx/rx: 1/1 kbps 22.394K/12.158K bytes
recorder_local[21791]: (21791) /var/lib/jenkins/workspace/agora-release-linux-2/ServerSDK-Video/src/rec_engine/RecordingEngineImpl.cpp:502: [Wrapper] channel id: police_3_1 packet stats, total: 0, callback_->AudioFrameReceived: pcmPackets: 0, pcmTotalPackets: 0, aacPackets: 0, yuvF2Packets: 0, h264F2Packets: 0, errPackets: 0, otherPackets: 0
AgoraCoreService[21792]: (21792) /var/lib/jenkins/workspace/agora-release-linux-2/ServerSDK-Video/src/video_recorder/event_handler.cpp:907: [ARS/15s]event cnts:0, audio pkts:0, mix audio pkts:0, yuv video pkts:0, h264 video pkts:0
AgoraCoreService[21792]: (21792) /var/lib/jenkins/workspace/agora-release-linux-2/ServerSDK-Video/src/video_recorder/event_handler.cpp:1341: level 1: INFO    (11:59:14: 65 |    0)  21792; [ARS/15s]event cnts:0, audio pkts:0, mix audio pkts:0, yuv video pkts:0, h264 video pkts:0
AgoraCoreService[21792]: (21792) /var/lib/jenkins/workspace/agora-release-linux-2/ServerSDK-Video/src/video_recorder/event_handler.cpp:1341: level 1: INFO    (11:59:18:963 |  898)  21807; [rs] **report stats: seq: 44, report list size 21, tx/rx: 10780/2112, cache size: 0, report success rate: 100
recorder_local[21791]: (21791) /var/lib/jenkins/workspace/agora-release-linux-2/ServerSDK-Video/src/rec_engine/RecordingEngineImpl.cpp:502: [Wrapper] channel id: police_3_1 packet stats, total: 0, callback_->AudioFrameReceived: pcmPackets: 0, pcmTotalPackets: 0, aacPackets: 0, yuvF2Packets: 0, h264F2Packets: 0, errPackets: 0, otherPackets: 0
AgoraCoreService[21792]: (21792) /var/lib/jenkins/workspace/agora-release-linux-2/ServerSDK-Video/src/video_recorder/event_handler.cpp:1341: level 1: INFO    (11:59:19:207 |    0)  21809; Audio statistics - play count: playout count = 600  signal level: far_in = 0
recorder_local[21791]: (21791) /var/lib/jenkins/workspace/agora-release-linux-2/ServerSDK-Video/src/rec_engine/RecordingEngineImpl.cpp:502: [Wrapper] channel id: police_3_1 packet stats, total: 0, callback_->AudioFrameReceived: pcmPackets: 0, pcmTotalPackets: 0, aacPackets: 0, yuvF2Packets: 0, h264F2Packets: 0, errPackets: 0, otherPackets: 0
AgoraCoreService[21792]: (21792) /var/lib/jenkins/workspace/agora-release-linux-2/ServerSDK-Video/src/video_recorder/event_handler.cpp:907: [ARS/15s]event cnts:0, audio pkts:0, mix audio pkts:0, yuv video pkts:0, h264 video pkts:0
AgoraCoreService[21792]: (21792) /var/lib/jenkins/workspace/agora-release-linux-2/ServerSDK-Video/src/video_recorder/event_handler.cpp:1341: level 1: INFO    (11:59:29: 78 |    0)  21792; [ARS/15s]event cnts:0, audio pkts:0, mix audio pkts:0, yuv video pkts:0, h264 video pkts:0
AgoraCoreService[21792]: (21792) /var/lib/jenkins/workspace/agora-release-linux-2/ServerSDK-Video/src/video_recorder/event_handler.cpp:1341: level 1: INFO    (11:59:34:963 |  885)  21807; **CALL STATS: duraton 2m3s cpu app/total 1.53/10.50 battery 255 tx/rx: 1/1 kbps 28.480K/15.668K bytes
AgoraCoreService[21792]: (21792) /var/lib/jenkins/workspace/agora-release-linux-2/ServerSDK-Video/src/video_recorder/event_handler.cpp:1341: level 1: INFO    (11:59:37:207 |    0)  21809; Audio statistics - play count: playout count = 600  signal level: far_in = 0
recorder_local[21791]: (21791) /var/lib/jenkins/workspace/agora-release-linux-2/ServerSDK-Video/src/rec_engine/RecordingEngineImpl.cpp:502: [Wrapper] channel id: police_3_1 packet stats, total: 0, callback_->AudioFrameReceived: pcmPackets: 0, pcmTotalPackets: 0, aacPackets: 0, yuvF2Packets: 0, h264F2Packets: 0, errPackets: 0, otherPackets: 0
AgoraCoreService[21792]: (21792) /var/lib/jenkins/workspace/agora-release-linux-2/ServerSDK-Video/src/video_recorder/event_handler.cpp:907: [ARS/15s]event cnts:0, audio pkts:0, mix audio pkts:0, yuv video pkts:0, h264 video pkts:0
AgoraCoreService[21792]: (21792) /var/lib/jenkins/workspace/agora-release-linux-2/ServerSDK-Video/src/video_recorder/event_handler.cpp:1341: level 1: INFO    (11:59:44: 93 |    0)  21792; [ARS/15s]event cnts:0, audio pkts:0, mix audio pkts:0, yuv video pkts:0, h264 video pkts:0
recorder_local[21791]: (21791) /var/lib/jenkins/workspace/agora-release-linux-2/ServerSDK-Video/src/rec_engine/RecordingEngineImpl.cpp:502: [Wrapper] channel id: police_3_1 packet stats, total: 0, callback_->AudioFrameReceived: pcmPackets: 0, pcmTotalPackets: 0, aacPackets: 0, yuvF2Packets: 0, h264F2Packets: 0, errPackets: 0, otherPackets: 0
AgoraCoreService[21792]: (21792) /var/lib/jenkins/workspace/agora-release-linux-2/ServerSDK-Video/src/video_recorder/event_handler.cpp:1341: level 1: INFO    (11:59:53:963 |  870)  21807; [rs] **report stats: seq: 55, report list size 23, tx/rx: 13288/2640, cache size: 0, report success rate: 100
AgoraCoreService[21792]: (21792) /var/lib/jenkins/workspace/agora-release-linux-2/ServerSDK-Video/src/video_recorder/event_handler.cpp:1341: level 1: INFO    (11:59:55:207 |    0)  21809; Audio statistics - play count: playout count = 600  signal level: far_in = 0
recorder_local[21791]: (21791) /var/lib/jenkins/workspace/agora-release-linux-2/ServerSDK-Video/src/rec_engine/RecordingEngineImpl.cpp:502: [Wrapper] channel id: police_3_1 packet stats, total: 0, callback_->AudioFrameReceived: pcmPackets: 0, pcmTotalPackets: 0, aacPackets: 0, yuvF2Packets: 0, h264F2Packets: 0, errPackets: 0, otherPackets: 0
AgoraCoreService[21792]: (21792) /var/lib/jenkins/workspace/agora-release-linux-2/ServerSDK-Video/src/video_recorder/event_handler.cpp:907: [ARS/15s]event cnts:0, audio pkts:0, mix audio pkts:0, yuv video pkts:0, h264 video pkts:0
AgoraCoreService[21792]: (21792) /var/lib/jenkins/workspace/agora-release-linux-2/ServerSDK-Video/src/video_recorder/event_handler.cpp:1341: level 1: INFO    (11:59:59:104 |    0)  21792; [ARS/15s]event cnts:0, audio pkts:0, mix audio pkts:0, yuv video pkts:0, h264 video pkts:0
AgoraCoreService[21792]: (21792) /var/lib/jenkins/workspace/agora-release-linux-2/ServerSDK-Video/src/video_recorder/event_handler.cpp:1341: level 1: INFO    (12: 0: 6:964 |  860)  21807; **CALL STATS: duraton 2m35s cpu app/total 2.4/9.9 battery 255 tx/rx: 2/0 kbps 35.72K/19.328K bytes
recorder_local[21791]: (21791) /var/lib/jenkins/workspace/agora-release-linux-2/ServerSDK-Video/src/rec_engine/RecordingEngineImpl.cpp:502: [Wrapper] channel id: police_3_1 packet stats, total: 0, callback_->AudioFrameReceived: pcmPackets: 0, pcmTotalPackets: 0, aacPackets: 0, yuvF2Packets: 0, h264F2Packets: 0, errPackets: 0, otherPackets: 0
AgoraCoreService[21792]: (21792) /var/lib/jenkins/workspace/agora-release-linux-2/ServerSDK-Video/src/video_recorder/event_handler.cpp:1341: level 1: INFO    (12: 0:13:207 |    0)  21809; Audio statistics - play count: playout count = 600  signal level: far_in = 0
AgoraCoreService[21792]: (21792) /var/lib/jenkins/workspace/agora-release-linux-2/ServerSDK-Video/src/video_recorder/event_handler.cpp:907: [ARS/15s]event cnts:0, audio pkts:0, mix audio pkts:0, yuv video pkts:0, h264 video pkts:0
AgoraCoreService[21792]: (21792) /var/lib/jenkins/workspace/agora-release-linux-2/ServerSDK-Video/src/video_recorder/event_handler.cpp:1341: level 1: INFO    (12: 0:14:119 |    0)  21792; [ARS/15s]event cnts:0, audio pkts:0, mix audio pkts:0, yuv video pkts:0, h264 video pkts:0
recorder_local[21791]: (21791) /var/lib/jenkins/workspace/agora-release-linux-2/ServerSDK-Video/src/rec_engine/RecordingEngineImpl.cpp:502: [Wrapper] channel id: police_3_1 packet stats, total: 0, callback_->AudioFrameReceived: pcmPackets: 0, pcmTotalPackets: 0, aacPackets: 0, yuvF2Packets: 0, h264F2Packets: 0, errPackets: 0, otherPackets: 0
AgoraCoreService[21792]: (21792) /var/lib/jenkins/workspace/agora-release-linux-2/ServerSDK-Video/src/video_recorder/event_handler.cpp:1341: level 1: INFO    (12: 0:28:963 |  844)  21807; [rs] **report stats: seq: 66, report list size 23, tx/rx: 15816/3168, cache size: 0, report success rate: 100
recorder_local[21791]: (21791) /var/lib/jenkins/workspace/agora-release-linux-2/ServerSDK-Video/src/rec_engine/RecordingEngineImpl.cpp:502: [Wrapper] channel id: police_3_1 packet stats, total: 0, callback_->AudioFrameReceived: pcmPackets: 0, pcmTotalPackets: 0, aacPackets: 0, yuvF2Packets: 0, h264F2Packets: 0, errPackets: 0, otherPackets: 0
AgoraCoreService[21792]: (21792) /var/lib/jenkins/workspace/agora-release-linux-2/ServerSDK-Video/src/video_recorder/event_handler.cpp:907: [ARS/15s]event cnts:0, audio pkts:0, mix audio pkts:0, yuv video pkts:0, h264 video pkts:0
AgoraCoreService[21792]: (21792) /var/lib/jenkins/workspace/agora-release-linux-2/ServerSDK-Video/src/video_recorder/event_handler.cpp:1341: level 1: INFO    (12: 0:29:131 |    0)  21792; [ARS/15s]event cnts:0, audio pkts:0, mix audio pkts:0, yuv video pkts:0, h264 video pkts:0
AgoraCoreService[21792]: (21792) /var/lib/jenkins/workspace/agora-release-linux-2/ServerSDK-Video/src/video_recorder/event_handler.cpp:1341: level 1: INFO    (12: 0:31:207 |   76)  21809; Audio statistics - play count: playout count = 600  signal level: far_in = 0
AgoraCoreService[21792]: (21792) /var/lib/jenkins/workspace/agora-release-linux-2/ServerSDK-Video/src/video_recorder/event_handler.cpp:1341: level 1: INFO    (12: 0:38:964 |  757)  21807; **CALL STATS: duraton 3m7s cpu app/total 2.4/7.7 battery 255 tx/rx: 1/1 kbps 41.479K/23.114K bytes
recorder_local[21791]: (21791) /var/lib/jenkins/workspace/agora-release-linux-2/ServerSDK-Video/src/rec_engine/RecordingEngineImpl.cpp:502: [Wrapper] channel id: police_3_1 packet stats, total: 0, callback_->AudioFrameReceived: pcmPackets: 0, pcmTotalPackets: 0, aacPackets: 0, yuvF2Packets: 0, h264F2Packets: 0, errPackets: 0, otherPackets: 0
AgoraCoreService[21792]: (21792) /var/lib/jenkins/workspace/agora-release-linux-2/ServerSDK-Video/src/video_recorder/event_handler.cpp:907: [ARS/15s]event cnts:0, audio pkts:0, mix audio pkts:0, yuv video pkts:0, h264 video pkts:0
AgoraCoreService[21792]: (21792) /var/lib/jenkins/workspace/agora-release-linux-2/ServerSDK-Video/src/video_recorder/event_handler.cpp:1341: level 1: INFO    (12: 0:44:145 |    0)  21792; [ARS/15s]event cnts:0, audio pkts:0, mix audio pkts:0, yuv video pkts:0, h264 video pkts:0
recorder_local[21791]: (21791) /var/lib/jenkins/workspace/agora-release-linux-2/ServerSDK-Video/src/rec_engine/RecordingEngineImpl.cpp:502: [Wrapper] channel id: police_3_1 packet stats, total: 0, callback_->AudioFrameReceived: pcmPackets: 0, pcmTotalPackets: 0, aacPackets: 0, yuvF2Packets: 0, h264F2Packets: 0, errPackets: 0, otherPackets: 0
AgoraCoreService[21792]: (21792) /var/lib/jenkins/workspace/agora-release-linux-2/ServerSDK-Video/src/video_recorder/event_handler.cpp:1341: level 1: INFO    (12: 0:49:207 |   62)  21809; Audio statistics - play count: playout count = 600  signal level: far_in = 0
recorder_local[21791]: (21791) /var/lib/jenkins/workspace/agora-release-linux-2/ServerSDK-Video/src/rec_engine/RecordingEngineImpl.cpp:502: [Wrapper] channel id: police_3_1 packet stats, total: 0, callback_->AudioFrameReceived: pcmPackets: 0, pcmTotalPackets: 0, aacPackets: 0, yuvF2Packets: 0, h264F2Packets: 0, errPackets: 0, otherPackets: 0
AgoraCoreService[21792]: (21792) /var/lib/jenkins/workspace/agora-release-linux-2/ServerSDK-Video/src/video_recorder/event_handler.cpp:907: [ARS/15s]event cnts:0, audio pkts:0, mix audio pkts:0, yuv video pkts:0, h264 video pkts:0
AgoraCoreService[21792]: (21792) /var/lib/jenkins/workspace/agora-release-linux-2/ServerSDK-Video/src/video_recorder/event_handler.cpp:1341: level 1: INFO    (12: 0:59:158 |    0)  21792; [ARS/15s]event cnts:0, audio pkts:0, mix audio pkts:0, yuv video pkts:0, h264 video pkts:0
AgoraCoreService[21792]: (21792) /var/lib/jenkins/workspace/agora-release-linux-2/ServerSDK-Video/src/video_recorder/event_handler.cpp:1341: level 1: INFO    (12: 1: 3:963 |  805)  21807; [rs] **report stats: seq: 76, report list size 23, tx/rx: 18118/3648, cache size: 0, report success rate: 100
AgoraCoreService[21792]: (21792) /var/lib/jenkins/workspace/agora-release-linux-2/ServerSDK-Video/src/video_recorder/event_handler.cpp:1341: level 1: INFO    (12: 1: 7:207 |    0)  21809; Audio statistics - play count: playout count = 600  signal level: far_in = 0
recorder_local[21791]: (21791) /var/lib/jenkins/workspace/agora-release-linux-2/ServerSDK-Video/src/rec_engine/RecordingEngineImpl.cpp:502: [Wrapper] channel id: police_3_1 packet stats, total: 0, callback_->AudioFrameReceived: pcmPackets: 0, pcmTotalPackets: 0, aacPackets: 0, yuvF2Packets: 0, h264F2Packets: 0, errPackets: 0, otherPackets: 0
AgoraCoreService[21792]: (21792) /var/lib/jenkins/workspace/agora-release-linux-2/ServerSDK-Video/src/video_recorder/event_handler.cpp:1341: level 1: INFO    (12: 1:10:964 |  757)  21807; **CALL STATS: duraton 3m39s cpu app/total 2.6/29.8 battery 255 tx/rx: 1/1 kbps 47.876K/26.876K bytes
AgoraCoreService[21792]: (21792) /var/lib/jenkins/workspace/agora-release-linux-2/ServerSDK-Video/src/video_recorder/event_handler.cpp:907: [ARS/15s]event cnts:0, audio pkts:0, mix audio pkts:0, yuv video pkts:0, h264 video pkts:0
AgoraCoreService[21792]: (21792) /var/lib/jenkins/workspace/agora-release-linux-2/ServerSDK-Video/src/video_recorder/event_handler.cpp:1341: level 1: INFO    (12: 1:14:171 |    0)  21792; [ARS/15s]event cnts:0, audio pkts:0, mix audio pkts:0, yuv video pkts:0, h264 video pkts:0
recorder_local[21791]: (21791) /var/lib/jenkins/workspace/agora-release-linux-2/ServerSDK-Video/src/rec_engine/RecordingEngineImpl.cpp:502: [Wrapper] channel id: police_3_1 packet stats, total: 0, callback_->AudioFrameReceived: pcmPackets: 0, pcmTotalPackets: 0, aacPackets: 0, yuvF2Packets: 0, h264F2Packets: 0, errPackets: 0, otherPackets: 0
AgoraCoreService[21792]: (21792) /var/lib/jenkins/workspace/agora-release-linux-2/ServerSDK-Video/src/video_recorder/event_handler.cpp:1341: level 1: INFO    (12: 1:25:207 |   36)  21809; Audio statistics - play count: playout count = 600  signal level: far_in = 0
recorder_local[21791]: (21791) /var/lib/jenkins/workspace/agora-release-linux-2/ServerSDK-Video/src/rec_engine/RecordingEngineImpl.cpp:502: [Wrapper] channel id: police_3_1 packet stats, total: 0, callback_->AudioFrameReceived: pcmPackets: 0, pcmTotalPackets: 0, aacPackets: 0, yuvF2Packets: 0, h264F2Packets: 0, errPackets: 0, otherPackets: 0
AgoraCoreService[21792]: (21792) /var/lib/jenkins/workspace/agora-release-linux-2/ServerSDK-Video/src/video_recorder/event_handler.cpp:907: [ARS/15s]event cnts:0, audio pkts:0, mix audio pkts:0, yuv video pkts:0, h264 video pkts:0
AgoraCoreService[21792]: (21792) /var/lib/jenkins/workspace/agora-release-linux-2/ServerSDK-Video/src/video_recorder/event_handler.cpp:1341: level 1: INFO    (12: 1:29:186 |    0)  21792; [ARS/15s]event cnts:0, audio pkts:0, mix audio pkts:0, yuv video pkts:0, h264 video pkts:0
AgoraCoreService[21792]: (21792) /var/lib/jenkins/workspace/agora-release-linux-2/ServerSDK-Video/src/video_recorder/event_handler.cpp:1341: level 1: INFO    (12: 1:38:963 |  777)  21807; [rs] **report stats: seq: 86, report list size 22, tx/rx: 20373/4080, cache size: 0, report success rate: 100
recorder_local[21791]: (21791) /var/lib/jenkins/workspace/agora-release-linux-2/ServerSDK-Video/src/rec_engine/RecordingEngineImpl.cpp:502: [Wrapper] channel id: police_3_1 packet stats, total: 0, callback_->AudioFrameReceived: pcmPackets: 0, pcmTotalPackets: 0, aacPackets: 0, yuvF2Packets: 0, h264F2Packets: 0, errPackets: 0, otherPackets: 0
AgoraCoreService[21792]: (21792) /var/lib/jenkins/workspace/agora-release-linux-2/ServerSDK-Video/src/video_recorder/event_handler.cpp:1341: level 1: INFO    (12: 1:42:964 |    1)  21807; **CALL STATS: duraton 4m11s cpu app/total 1.94/19.71 battery 255 tx/rx: 1/0 kbps 54.242K/30.536K bytes
AgoraCoreService[21792]: (21792) /var/lib/jenkins/workspace/agora-release-linux-2/ServerSDK-Video/src/video_recorder/event_handler.cpp:1341: level 1: INFO    (12: 1:43:207 |    0)  21809; Audio statistics - play count: playout count = 600  signal level: far_in = 0
AgoraCoreService[21792]: (21792) /var/lib/jenkins/workspace/agora-release-linux-2/ServerSDK-Video/src/video_recorder/event_handler.cpp:907: [ARS/15s]event cnts:0, audio pkts:0, mix audio pkts:0, yuv video pkts:0, h264 video pkts:0
AgoraCoreService[21792]: (21792) /var/lib/jenkins/workspace/agora-release-linux-2/ServerSDK-Video/src/video_recorder/event_handler.cpp:1341: level 1: INFO    (12: 1:44:199 |    0)  21792; [ARS/15s]event cnts:0, audio pkts:0, mix audio pkts:0, yuv video pkts:0, h264 video pkts:0
recorder_local[21791]: (21791) /var/lib/jenkins/workspace/agora-release-linux-2/ServerSDK-Video/src/rec_engine/RecordingEngineImpl.cpp:502: [Wrapper] channel id: police_3_1 packet stats, total: 0, callback_->AudioFrameReceived: pcmPackets: 0, pcmTotalPackets: 0, aacPackets: 0, yuvF2Packets: 0, h264F2Packets: 0, errPackets: 0, otherPackets: 0
recorder_local[21791]: (21791) /var/lib/jenkins/workspace/agora-release-linux-2/ServerSDK-Video/src/rec_engine/RecordingEngineImpl.cpp:502: [Wrapper] channel id: police_3_1 packet stats, total: 0, callback_->AudioFrameReceived: pcmPackets: 0, pcmTotalPackets: 0, aacPackets: 0, yuvF2Packets: 0, h264F2Packets: 0, errPackets: 0, otherPackets: 0
AgoraCoreService[21792]: (21792) /var/lib/jenkins/workspace/agora-release-linux-2/ServerSDK-Video/src/video_recorder/event_handler.cpp:907: [ARS/15s]event cnts:0, audio pkts:0, mix audio pkts:0, yuv video pkts:0, h264 video pkts:0
AgoraCoreService[21792]: (21792) /var/lib/jenkins/workspace/agora-release-linux-2/ServerSDK-Video/src/video_recorder/event_handler.cpp:1341: level 1: INFO    (12: 1:59:212 |   13)  21792; [ARS/15s]event cnts:0, audio pkts:0, mix audio pkts:0, yuv video pkts:0, h264 video pkts:0
AgoraCoreService[21792]: (21792) /var/lib/jenkins/workspace/agora-release-linux-2/ServerSDK-Video/src/video_recorder/event_handler.cpp:1341: level 1: INFO    (12: 2: 1:207 |    0)  21809; Audio statistics - play count: playout count = 600  signal level: far_in = 0
recorder_local[21791]: (21791) /var/lib/jenkins/workspace/agora-release-linux-2/ServerSDK-Video/src/rec_engine/RecordingEngineImpl.cpp:502: [Wrapper] channel id: police_3_1 packet stats, total: 0, callback_->AudioFrameReceived: pcmPackets: 0, pcmTotalPackets: 0, aacPackets: 0, yuvF2Packets: 0, h264F2Packets: 0, errPackets: 0, otherPackets: 0
AgoraCoreService[21792]: (21792) /var/lib/jenkins/workspace/agora-release-linux-2/ServerSDK-Video/src/video_recorder/event_handler.cpp:1341: level 1: INFO    (12: 2:13:963 |  756)  21807; [rs] **report stats: seq: 96, report list size 22, tx/rx: 22655/4608, cache size: 0, report success rate: 100
AgoraCoreService[21792]: (21792) /var/lib/jenkins/workspace/agora-release-linux-2/ServerSDK-Video/src/video_recorder/event_handler.cpp:907: [ARS/15s]event cnts:0, audio pkts:0, mix audio pkts:0, yuv video pkts:0, h264 video pkts:0
AgoraCoreService[21792]: (21792) /var/lib/jenkins/workspace/agora-release-linux-2/ServerSDK-Video/src/video_recorder/event_handler.cpp:1341: level 1: INFO    (12: 2:14:226 |    0)  21792; [ARS/15s]event cnts:0, audio pkts:0, mix audio pkts:0, yuv video pkts:0, h264 video pkts:0
AgoraCoreService[21792]: (21792) /var/lib/jenkins/workspace/agora-release-linux-2/ServerSDK-Video/src/video_recorder/event_handler.cpp:1341: level 1: INFO    (12: 2:14:964 |  738)  21807; **CALL STATS: duraton 4m43s cpu app/total 1.48/19.9 battery 255 tx/rx: 1/1 kbps 60.624K/34.274K bytes
AgoraCoreService[21792]: (21792) /var/lib/jenkins/workspace/agora-release-linux-2/ServerSDK-Video/src/video_recorder/event_handler.cpp:1341: level 1: INFO    (12: 2:19:207 |    0)  21809; Audio statistics - play count: playout count = 600  signal level: far_in = 0
recorder_local[21791]: (21791) /var/lib/jenkins/workspace/agora-release-linux-2/ServerSDK-Video/src/rec_engine/RecordingEngineImpl.cpp:502: [Wrapper] channel id: police_3_1 packet stats, total: 0, callback_->AudioFrameReceived: pcmPackets: 0, pcmTotalPackets: 0, aacPackets: 0, yuvF2Packets: 0, h264F2Packets: 0, errPackets: 0, otherPackets: 0
recorder_local[21791]: (21791) /var/lib/jenkins/workspace/agora-release-linux-2/ServerSDK-Video/src/rec_engine/RecordingEngineImpl.cpp:502: [Wrapper] channel id: police_3_1 packet stats, total: 0, callback_->AudioFrameReceived: pcmPackets: 0, pcmTotalPackets: 0, aacPackets: 0, yuvF2Packets: 0, h264F2Packets: 0, errPackets: 0, otherPackets: 0
AgoraCoreService[21792]: (21792) /var/lib/jenkins/workspace/agora-release-linux-2/ServerSDK-Video/src/video_recorder/event_handler.cpp:907: [ARS/15s]event cnts:0, audio pkts:0, mix audio pkts:0, yuv video pkts:0, h264 video pkts:0
AgoraCoreService[21792]: (21792) /var/lib/jenkins/workspace/agora-release-linux-2/ServerSDK-Video/src/video_recorder/event_handler.cpp:1341: level 1: INFO    (12: 2:29:240 |   33)  21792; [ARS/15s]event cnts:0, audio pkts:0, mix audio pkts:0, yuv video pkts:0, h264 video pkts:0
AgoraCoreService[21792]: (21792) /var/lib/jenkins/workspace/agora-release-linux-2/ServerSDK-Video/src/video_recorder/event_handler.cpp:1334: No users in channel for 300 seconds, aborting, leave_code:4.
AgoraCoreService[21792]: (21792) /var/lib/jenkins/workspace/agora-release-linux-2/ServerSDK-Video/src/video_recorder/event_handler.cpp:1341: level 2: WARN    (12: 2:30:963 |  723)  21808; No users in channel for 300 seconds, aborting, leave_code:4.
AgoraCoreService[21792]: (21792) /var/lib/jenkins/workspace/agora-release-linux-2/ServerSDK-Video/src/video_recorder/event_handler.cpp:888: ARS push leave pkt to queue inform wrapper
AgoraCoreService[21792]: (21792) /var/lib/jenkins/workspace/agora-release-linux-2/ServerSDK-Video/src/video_recorder/event_handler.cpp:1341: level 1: INFO    (12: 2:31:242 |    0)  21792; ARS push leave pkt to queue inform wrapper
AgoraCoreService[21792]: (21792) /var/lib/jenkins/workspace/agora-release-linux-2/ServerSDK-Video/src/video_recorder/event_handler.cpp:858: Before cleanup cnt 0, errno 2 4, joined_ 1, term_sig 1, leave path code 12
AgoraCoreService[21792]: (21792) /var/lib/jenkins/workspace/agora-release-linux-2/ServerSDK-Video/src/video_recorder/event_handler.cpp:1341: level 2: WARN    (12: 2:31:742 |  500)  21792; Before cleanup cnt 0, errno 2 4, joined_ 1, term_sig 1, leave path code 12
AgoraCoreService[21792]: (21792) /var/lib/jenkins/workspace/agora-release-linux-2/ServerSDK-Video/src/video_recorder/event_handler.cpp:582: Leaving channel and ready to cleanup
AgoraCoreService[21792]: (21792) /var/lib/jenkins/workspace/agora-release-linux-2/ServerSDK-Video/src/video_recorder/event_handler.cpp:1341: level 1: INFO    (12: 2:31:743 |    1)  21792; Leaving channel and ready to cleanup
AgoraCoreService[21792]: (21792) /var/lib/jenkins/workspace/agora-release-linux-2/ServerSDK-Video/src/video_recorder/event_handler.cpp:1341: level 1: INFO    (12: 2:31:743 |    0)  21792; API call to leave channel
AgoraCoreService[21792]: (21792) /var/lib/jenkins/workspace/agora-release-linux-2/ServerSDK-Video/src/video_recorder/event_handler.cpp:1341: level 1: INFO    (12: 2:31:743 |    0)  21807; [cm] emit leave channel signal
AgoraCoreService[21792]: (21792) /var/lib/jenkins/workspace/agora-release-linux-2/ServerSDK-Video/src/video_recorder/event_handler.cpp:1334: No users in channel for 300 seconds, aborting, leave_code:12.
AgoraCoreService[21792]: (21792) /var/lib/jenkins/workspace/agora-release-linux-2/ServerSDK-Video/src/video_recorder/event_handler.cpp:1341: level 2: WARN    (12: 2:31:743 |    0)  21808; No users in channel for 300 seconds, aborting, leave_code:12.
AgoraCoreService[21792]: (21792) /var/lib/jenkins/workspace/agora-release-linux-2/ServerSDK-Video/src/video_recorder/event_handler.cpp:1341: level 1: INFO    (12: 2:31:743 |    0)  21807; **CALL STATS: duration 5m2s, tx 64.607K bytes, rx 36.482K bytes, total 101.65K bytes
AgoraCoreService[21792]: (21792) /var/lib/jenkins/workspace/agora-release-linux-2/ServerSDK-Video/src/video_recorder/event_handler.cpp:1341: level 1: INFO    (12: 2:31:744 |    1)  21807; stopLocalRender
AgoraCoreService[21792]: (21792) /var/lib/jenkins/workspace/agora-release-linux-2/ServerSDK-Video/src/video_recorder/event_handler.cpp:1341: level 1: INFO    (12: 2:31:744 |    0)  21807; stopLocalRender success
AgoraCoreService[21792]: (21792) /var/lib/jenkins/workspace/agora-release-linux-2/ServerSDK-Video/src/video_recorder/event_handler.cpp:1341: level 1: INFO    (12: 2:31:744 |    0)  21807; AgoraVideoInput::Stop
AgoraCoreService[21792]: (21792) /var/lib/jenkins/workspace/agora-release-linux-2/ServerSDK-Video/src/video_recorder/event_handler.cpp:1341: level 1: INFO    (12: 2:31:744 |    0)  21816; Thread with name:WebRtc_event_timer_thread stopped
AgoraCoreService[21792]: (21792) /var/lib/jenkins/workspace/agora-release-linux-2/ServerSDK-Video/src/video_recorder/event_handler.cpp:1341: level 1: INFO    (12: 2:31:744 |    0)  21807; AgoraVideoInput::Destroy
AgoraCoreService[21792]: (21792) /var/lib/jenkins/workspace/agora-release-linux-2/ServerSDK-Video/src/video_recorder/event_handler.cpp:1341: level 1: INFO    (12: 2:31:744 |    0)  21815; Thread with name:ExternalCaptureThread stopped
AgoraCoreService[21792]: (21792) /var/lib/jenkins/workspace/agora-release-linux-2/ServerSDK-Video/src/video_recorder/event_handler.cpp:1341: level 1: INFO    (12: 2:31:788 |   44)  21814; Thread with name:AgoraInputThread stopped
AgoraCoreService[21792]: (21792) /var/lib/jenkins/workspace/agora-release-linux-2/ServerSDK-Video/src/video_recorder/event_handler.cpp:1341: level 1: INFO    (12: 2:31:794 |    6)  21807; stopCapture: stopCapture success
AgoraCoreService[21792]: (21792) /var/lib/jenkins/workspace/agora-release-linux-2/ServerSDK-Video/src/video_recorder/event_handler.cpp:1341: level 1: INFO    (12: 2:31:795 |    1)  21807; stopRemoteRender
AgoraCoreService[21792]: (21792) /var/lib/jenkins/workspace/agora-release-linux-2/ServerSDK-Video/src/video_recorder/event_handler.cpp:1341: level 1: INFO    (12: 2:31:795 |    0)  21807; [che] stopCall begins
AgoraCoreService[21792]: (21792) /var/lib/jenkins/workspace/agora-release-linux-2/ServerSDK-Video/src/video_recorder/event_handler.cpp:1341: level 1: INFO    (12: 2:31:795 |    0)  21807; StopRecording complete
AgoraCoreService[21792]: (21792) /var/lib/jenkins/workspace/agora-release-linux-2/ServerSDK-Video/src/video_recorder/event_handler.cpp:1341: level 1: INFO    (12: 2:31:795 |    0)  21807; StopPlayout complete
AgoraCoreService[21792]: (21792) /var/lib/jenkins/workspace/agora-release-linux-2/ServerSDK-Video/src/video_recorder/event_handler.cpp:1341: level 1: INFO    (12: 2:31:795 |    0)  21807; [che] stop call returns 0, elapsed 1
AgoraCoreService[21792]: (21792) /var/lib/jenkins/workspace/agora-release-linux-2/ServerSDK-Video/src/video_recorder/event_handler.cpp:1341: level 1: INFO    (12: 2:31:795 |    0)  21807; [rs] **report stats: seq: 105, report list size 25, tx/rx: 24497/4848, cache size: 0, report success rate: 100
AgoraCoreService[21792]: (21792) /var/lib/jenkins/workspace/agora-release-linux-2/ServerSDK-Video/src/video_recorder/event_handler.cpp:1341: level 1: INFO    (12: 2:31:795 |    0)  21807; CacheManager: save cache to storage elapsed 0
AgoraCoreService[21792]: (21792) /var/lib/jenkins/workspace/agora-release-linux-2/ServerSDK-Video/src/video_recorder/event_handler.cpp:1341: level 1: INFO    (12: 2:31:796 |    1)  21807; [ch0] vos destroyed
AgoraCoreService[21792]: (21792) /var/lib/jenkins/workspace/agora-release-linux-2/ServerSDK-Video/src/video_recorder/event_handler.cpp:1341: level 1: INFO    (12: 2:31:796 |    0)  21807; delRef of media engine, ref=0
AgoraCoreService[21792]: (21792) /var/lib/jenkins/workspace/agora-release-linux-2/ServerSDK-Video/src/video_recorder/event_handler.cpp:1341: level 1: INFO    (12: 2:31:796 |    0)  21807; [che] chat engine destroying
AgoraCoreService[21792]: (21792) /var/lib/jenkins/workspace/agora-release-linux-2/ServerSDK-Video/src/video_recorder/event_handler.cpp:1341: level 1: INFO    (12: 2:31:796 |    0)  21807; stopLocalRender
AgoraCoreService[21792]: (21792) /var/lib/jenkins/workspace/agora-release-linux-2/ServerSDK-Video/src/video_recorder/event_handler.cpp:1341: level 1: INFO    (12: 2:31:796 |    0)  21807; stopLocalRender success
AgoraCoreService[21792]: (21792) /var/lib/jenkins/workspace/agora-release-linux-2/ServerSDK-Video/src/video_recorder/event_handler.cpp:1341: level 2: WARN    (12: 2:31:796 |    0)  21807; stopCapture: VideoEngine haven't startCapture
AgoraCoreService[21792]: (21792) /var/lib/jenkins/workspace/agora-release-linux-2/ServerSDK-Video/src/video_recorder/event_handler.cpp:1341: level 1: INFO    (12: 2:31:796 |    0)  21807; stopRemoteRender
AgoraCoreService[21792]: (21792) /var/lib/jenkins/workspace/agora-release-linux-2/ServerSDK-Video/src/video_recorder/event_handler.cpp:1341: level 1: INFO    (12: 2:31:796 |    0)  21807; [che] stopCall begins
AgoraCoreService[21792]: (21792) /var/lib/jenkins/workspace/agora-release-linux-2/ServerSDK-Video/src/video_recorder/event_handler.cpp:1341: level 1: INFO    (12: 2:31:796 |    0)  21807; [che] stop call returns -1, elapsed 0
AgoraCoreService[21792]: (21792) /var/lib/jenkins/workspace/agora-release-linux-2/ServerSDK-Video/src/video_recorder/event_handler.cpp:1341: level 1: INFO    (12: 2:31:796 |    0)  21807; stopLocalRender
AgoraCoreService[21792]: (21792) /var/lib/jenkins/workspace/agora-release-linux-2/ServerSDK-Video/src/video_recorder/event_handler.cpp:1341: level 1: INFO    (12: 2:31:796 |    0)  21807; stopLocalRender success
AgoraCoreService[21792]: (21792) /var/lib/jenkins/workspace/agora-release-linux-2/ServerSDK-Video/src/video_recorder/event_handler.cpp:1341: level 1: INFO    (12: 2:31:796 |    0)  21807; stopRemoteRender
AgoraCoreService[21792]: (21792) /var/lib/jenkins/workspace/agora-release-linux-2/ServerSDK-Video/src/video_recorder/event_handler.cpp:1341: level 2: WARN    (12: 2:31:797 |    1)  21807; stopCapture: VideoEngine haven't startCapture
AgoraCoreService[21792]: (21792) /var/lib/jenkins/workspace/agora-release-linux-2/ServerSDK-Video/src/video_recorder/event_handler.cpp:1341: level 1: INFO    (12: 2:31:797 |    0)  21813; Thread with name:VideoProcessThread stopped
AgoraCoreService[21792]: (21792) /var/lib/jenkins/workspace/agora-release-linux-2/ServerSDK-Video/src/video_recorder/event_handler.cpp:1341: level 2: WARN    (12: 2:31:797 |    0)  21807; terminate: VideoEngine haven't init
AgoraCoreService[21792]: (21792) /var/lib/jenkins/workspace/agora-release-linux-2/ServerSDK-Video/src/video_recorder/event_handler.cpp:1341: level 1: INFO    (12: 2:31:797 |    0)  21807; [DEBUGG] ViERenderManager Destructor, engine_id: 0
AgoraCoreService[21792]: (21792) /var/lib/jenkins/workspace/agora-release-linux-2/ServerSDK-Video/src/video_recorder/event_handler.cpp:1341: level 1: INFO    (12: 2:31:797 |    0)  21812; Thread with name:VideoEncodeThread stopped
AgoraCoreService[21792]: (21792) /var/lib/jenkins/workspace/agora-release-linux-2/ServerSDK-Video/src/video_recorder/event_handler.cpp:1341: level 1: INFO    (12: 2:31:807 |   10)  21807; VideoSendTrackImpl::UpdateCapturer capturer=(nil)
AgoraCoreService[21792]: (21792) /var/lib/jenkins/workspace/agora-release-linux-2/ServerSDK-Video/src/video_recorder/event_handler.cpp:1341: level 1: INFO    (12: 2:31:808 |    1)  21807; VideoSendTrackImpl::UpdateRenderer, renderer=(nil)
AgoraCoreService[21792]: (21792) /var/lib/jenkins/workspace/agora-release-linux-2/ServerSDK-Video/src/video_recorder/event_handler.cpp:1341: level 1: INFO    (12: 2:31:808 |    0)  21811; Thread with name:EngineMonitorThread stopped
AgoraCoreService[21792]: (21792) /var/lib/jenkins/workspace/agora-release-linux-2/ServerSDK-Video/src/video_recorder/event_handler.cpp:1341: level 1: INFO    (12: 2:31:808 |    0)  21809; Thread with name:external_audio_module_thread stopped
AgoraCoreService[21792]: (21792) /var/lib/jenkins/workspace/agora-release-linux-2/ServerSDK-Video/src/video_recorder/event_handler.cpp:1341: level 1: INFO    (12: 2:31:808 |    0)  21810; Thread with name:WebRtc_event_timer_thread stopped
AgoraCoreService[21792]: (21792) /var/lib/jenkins/workspace/agora-release-linux-2/ServerSDK-Video/src/video_recorder/event_handler.cpp:1341: level 1: INFO    (12: 2:31:808 |    0)  21807; [che] chat engine destroyed
AgoraCoreService[21792]: (21792) /var/lib/jenkins/workspace/agora-release-linux-2/ServerSDK-Video/src/video_recorder/event_handler.cpp:1341: level 1: INFO    (12: 2:31:808 |    0)  21807; ***CALL END
AgoraCoreService[21792]: (21792) /var/lib/jenkins/workspace/agora-release-linux-2/ServerSDK-Video/src/video_recorder/event_handler.cpp:1341: level 1: INFO    (12: 2:31:809 |    1)  21807; onAudioStatusChanged enable audio
AgoraCoreService[21792]: (21792) /var/lib/jenkins/workspace/agora-release-linux-2/ServerSDK-Video/src/video_recorder/event_handler.cpp:1341: level 1: INFO    (12: 2:31:809 |    0)  21807; [MIO] media io controller destroyed
AgoraCoreService[21792]: (21792) /var/lib/jenkins/workspace/agora-release-linux-2/ServerSDK-Video/src/video_recorder/event_handler.cpp:1341: level 1: INFO    (12: 2:31:809 |    0)  21792; async task notify worker thread to exit and return
AgoraCoreService[21792]: (21792) /var/lib/jenkins/workspace/agora-release-linux-2/ServerSDK-Video/src/video_recorder/event_handler.cpp:561: event handler delete timer
recorder_local[21791]: (21791) /var/lib/jenkins/workspace/agora-release-linux-2/ServerSDK-Video/src/base/event_loop.cpp:228: Error fd:4, 16
recorder_local[21791]: (21791) /var/lib/jenkins/workspace/agora-release-linux-2/ServerSDK-Video/src/base/pipe_router.cpp:81: Broken reading pipe! event:16 with error3
recorder_local[21791]: (21791) /var/lib/jenkins/workspace/agora-release-linux-2/ServerSDK-Video/src/rec_engine/RecordingEngineImpl.cpp:542: API call to leave channel
recorder_local[21791]: (21791) /var/lib/jenkins/workspace/agora-release-linux-2/ServerSDK-Video/src/rec_engine/RecordingEngineImpl.cpp:64: Recorder 16b9790 is ready to be release
recorder_local[21791]: (21791) /var/lib/jenkins/workspace/agora-release-linux-2/ServerSDK-Video/src/rec_engine/RecordingEngineImpl.cpp:87: Recording wrapper delete timer
