recorder_local[31748]: (31748) /var/lib/jenkins/workspace/agora-release-linux-2/ServerSDK-Video/src/rec_engine/RecordingEngineImpl.cpp:831: ERROR:failed to open config file
recorder_local[31748]: (31748) /var/lib/jenkins/workspace/agora-release-linux-2/ServerSDK-Video/src/rec_engine/RecordingEngineImpl.cpp:831: ERROR:failed to open config file
recorder_local[31748]: (31748) /var/lib/jenkins/workspace/agora-release-linux-2/ServerSDK-Video/src/rec_engine/RecordingEngineImpl.cpp:430: [Wrapper version] 5d0b257a42f9514a024cc62c69161d55aa150021
recorder_local[31748]: (31748) /var/lib/jenkins/workspace/agora-release-linux-2/ServerSDK-Video/src/rec_engine/RecordingEngineImpl.cpp:431: =======params ======
recorder_local[31748]: (31748) /var/lib/jenkins/workspace/agora-release-linux-2/ServerSDK-Video/src/rec_engine/RecordingEngineImpl.cpp:433: /var/www/RecordingSDK/bin/AgoraCoreService
recorder_local[31748]: (31748) /var/lib/jenkins/workspace/agora-release-linux-2/ServerSDK-Video/src/rec_engine/RecordingEngineImpl.cpp:433: --app_id
recorder_local[31748]: (31748) /var/lib/jenkins/workspace/agora-release-linux-2/ServerSDK-Video/src/rec_engine/RecordingEngineImpl.cpp:433: c7adb7f97a594d9fac501654c7bf281c
recorder_local[31748]: (31748) /var/lib/jenkins/workspace/agora-release-linux-2/ServerSDK-Video/src/rec_engine/RecordingEngineImpl.cpp:433: --channel_key
recorder_local[31748]: (31748) /var/lib/jenkins/workspace/agora-release-linux-2/ServerSDK-Video/src/rec_engine/RecordingEngineImpl.cpp:433: c7adb7f97a594d9fac501654c7bf281c
recorder_local[31748]: (31748) /var/lib/jenkins/workspace/agora-release-linux-2/ServerSDK-Video/src/rec_engine/RecordingEngineImpl.cpp:433: --channel_id
recorder_local[31748]: (31748) /var/lib/jenkins/workspace/agora-release-linux-2/ServerSDK-Video/src/rec_engine/RecordingEngineImpl.cpp:433: police_9_1
recorder_local[31748]: (31748) /var/lib/jenkins/workspace/agora-release-linux-2/ServerSDK-Video/src/rec_engine/RecordingEngineImpl.cpp:433: --idle
recorder_local[31748]: (31748) /var/lib/jenkins/workspace/agora-release-linux-2/ServerSDK-Video/src/rec_engine/RecordingEngineImpl.cpp:433: 300
recorder_local[31748]: (31748) /var/lib/jenkins/workspace/agora-release-linux-2/ServerSDK-Video/src/rec_engine/RecordingEngineImpl.cpp:433: --decode_audio
recorder_local[31748]: (31748) /var/lib/jenkins/workspace/agora-release-linux-2/ServerSDK-Video/src/rec_engine/RecordingEngineImpl.cpp:433: 0
recorder_local[31748]: (31748) /var/lib/jenkins/workspace/agora-release-linux-2/ServerSDK-Video/src/rec_engine/RecordingEngineImpl.cpp:433: --decode_video
recorder_local[31748]: (31748) /var/lib/jenkins/workspace/agora-release-linux-2/ServerSDK-Video/src/rec_engine/RecordingEngineImpl.cpp:433: 0
recorder_local[31748]: (31748) /var/lib/jenkins/workspace/agora-release-linux-2/ServerSDK-Video/src/rec_engine/RecordingEngineImpl.cpp:433: --capture_interval
recorder_local[31748]: (31748) /var/lib/jenkins/workspace/agora-release-linux-2/ServerSDK-Video/src/rec_engine/RecordingEngineImpl.cpp:433: 5
recorder_local[31748]: (31748) /var/lib/jenkins/workspace/agora-release-linux-2/ServerSDK-Video/src/rec_engine/RecordingEngineImpl.cpp:433: --syslog_fclt
recorder_local[31748]: (31748) /var/lib/jenkins/workspace/agora-release-linux-2/ServerSDK-Video/src/rec_engine/RecordingEngineImpl.cpp:433: 8
recorder_local[31748]: (31748) /var/lib/jenkins/workspace/agora-release-linux-2/ServerSDK-Video/src/rec_engine/RecordingEngineImpl.cpp:433: --streamType
recorder_local[31748]: (31748) /var/lib/jenkins/workspace/agora-release-linux-2/ServerSDK-Video/src/rec_engine/RecordingEngineImpl.cpp:433: 0
recorder_local[31748]: (31748) /var/lib/jenkins/workspace/agora-release-linux-2/ServerSDK-Video/src/rec_engine/RecordingEngineImpl.cpp:433: --serviceMode
recorder_local[31748]: (31748) /var/lib/jenkins/workspace/agora-release-linux-2/ServerSDK-Video/src/rec_engine/RecordingEngineImpl.cpp:433: 0
recorder_local[31748]: (31748) /var/lib/jenkins/workspace/agora-release-linux-2/ServerSDK-Video/src/rec_engine/RecordingEngineImpl.cpp:433: --recording_file_dir
recorder_local[31748]: (31748) /var/lib/jenkins/workspace/agora-release-linux-2/ServerSDK-Video/src/rec_engine/RecordingEngineImpl.cpp:433: /var/www/panic2.greenvoo.us/html/public/Records/20180330/police_9_1_144405/
recorder_local[31748]: (31748) /var/lib/jenkins/workspace/agora-release-linux-2/ServerSDK-Video/src/rec_engine/RecordingEngineImpl.cpp:433: --lang
recorder_local[31748]: (31748) /var/lib/jenkins/workspace/agora-release-linux-2/ServerSDK-Video/src/rec_engine/RecordingEngineImpl.cpp:433: 0
recorder_local[31748]: (31748) /var/lib/jenkins/workspace/agora-release-linux-2/ServerSDK-Video/src/base/pipe_router.cpp:153: The ARS created. Reading pipe: 4, writing pipe: 7, pid: 31749
AgoraCoreService[31749]: (31749) /var/lib/jenkins/workspace/agora-release-linux-2/ServerSDK-Video/src/video_recorder/main.cpp:162: video recording wrapper:8, idle:300 write:5, read:6, live:0,channelid:police_9_1 
AgoraCoreService[31749]: (31749) /var/lib/jenkins/workspace/agora-release-linux-2/ServerSDK-Video/src/video_recorder/main.cpp:183: [ARS version] 5d0b257a42f9514a024cc62c69161d55aa150021
AgoraCoreService[31749]: (31749) /var/lib/jenkins/workspace/agora-release-linux-2/ServerSDK-Video/src/video_recorder/main.cpp:185: uid 0 from vendor c7adb7f97a594d9fac501654c7bf281c is joining channel police_9_1
AgoraCoreService[31749]: (31749) /var/lib/jenkins/workspace/agora-release-linux-2/ServerSDK-Video/src/video_recorder/event_handler.cpp:627: SDK version: 75f0227; chat engine: 03c8e5d966234ba3a0eaedf8a9fe5ef1e7e554a4
AgoraCoreService[31749]: (31749) /var/lib/jenkins/workspace/agora-release-linux-2/ServerSDK-Video/src/video_recorder/event_handler.cpp:634: decode_video:0,decode_audio:0
AgoraCoreService[31749]: (31749) /var/lib/jenkins/workspace/agora-release-linux-2/ServerSDK-Video/src/video_recorder/event_handler.cpp:667: Using random lowUdpPort & highUdpPort
AgoraCoreService[31749]: (31749) /var/lib/jenkins/workspace/agora-release-linux-2/ServerSDK-Video/src/video_recorder/event_handler.cpp:1341: level 1: INFO    (14:44: 5: 54 |    0)  31749; Using random lowUdpPort & highUdpPort
AgoraCoreService[31749]: (31749) /var/lib/jenkins/workspace/agora-release-linux-2/ServerSDK-Video/src/video_recorder/event_handler.cpp:1341: level 1: INFO    (14:44: 5: 54 |    0)  31749; API call to setChannelProfile 0
AgoraCoreService[31749]: (31749) /var/lib/jenkins/workspace/agora-release-linux-2/ServerSDK-Video/src/video_recorder/event_handler.cpp:1786: init stream, trigger mode: 0 service mode: 0
AgoraCoreService[31749]: (31749) /var/lib/jenkins/workspace/agora-release-linux-2/ServerSDK-Video/src/video_recorder/event_handler.cpp:1341: level 1: INFO    (14:44: 5: 54 |    0)  31749; API call to setVideoProfileEx 640x360 15 fps 500 kbps
AgoraCoreService[31749]: (31749) /var/lib/jenkins/workspace/agora-release-linux-2/ServerSDK-Video/src/video_recorder/event_handler.cpp:1341: level 1: INFO    (14:44: 5: 55 |    1)  31749; API call to enable video
AgoraCoreService[31749]: (31749) /var/lib/jenkins/workspace/agora-release-linux-2/ServerSDK-Video/src/video_recorder/event_handler.cpp:1341: level 1: INFO    (14:44: 5: 55 |    0)  31749; API call to join channel 'police_9_1' uid 0, SDK ver 2.1.0 build 220, device info 'Linux version 3.13.0-143-generic (buildd@lcy01-amd64-010) (gcc version 4.8.4 (Ubuntu 4.8.4-2ubuntu1~14.04.4) ) #192-Ubuntu SMP Tue F
AgoraCoreService[31749]: (31749) /var/lib/jenkins/workspace/agora-release-linux-2/ServerSDK-Video/src/video_recorder/event_handler.cpp:1341: level 1: INFO    (14:44: 5: 55 |    0)  31764; Agora Service Worker Thread started: 0x3a7ff98
AgoraCoreService[31749]: (31749) /var/lib/jenkins/workspace/agora-release-linux-2/ServerSDK-Video/src/video_recorder/event_handler.cpp:1341: level 1: INFO    (14:44: 5: 55 |    0)  31764; network: 'NETWORK_UNKOWN' -> 'LAN' ipv4/v6 '139.59.134.76'/'' gw ''/'' subtype 0 level 410229472 ssid '' bssid '' rssi 32750 asu 56
AgoraCoreService[31749]: (31749) /var/lib/jenkins/workspace/agora-release-linux-2/ServerSDK-Video/src/video_recorder/event_handler.cpp:1341: level 1: INFO    (14:44: 5: 55 |    0)  31764; [MIO] mediaIO controller created
AgoraCoreService[31749]: (31749) /var/lib/jenkins/workspace/agora-release-linux-2/ServerSDK-Video/src/video_recorder/event_handler.cpp:1341: level 1: INFO    (14:44: 5: 55 |    0)  31764; found 'NULL' device: 'Linux version 3.13.0-143-generic (buildd@lcy01-amd64-010) (gcc version 4.8.4 (Ubuntu 4.8.4-2ubuntu1~14.04.4) ) #192-Ubuntu SMP Tue Feb 27 10:45:36 UTC 2018
'
AgoraCoreService[31749]: (31749) /var/lib/jenkins/workspace/agora-release-linux-2/ServerSDK-Video/src/video_recorder/event_handler.cpp:1341: level 1: INFO    (14:44: 5: 55 |    0)  31764; [rp] {"rtc.channel_profile":0}
AgoraCoreService[31749]: (31749) /var/lib/jenkins/workspace/agora-release-linux-2/ServerSDK-Video/src/video_recorder/event_handler.cpp:1341: level 1: INFO    (14:44: 5: 56 |    1)  31764; [rp] {"che.audio.external_device":true}
AgoraCoreService[31749]: (31749) /var/lib/jenkins/workspace/agora-release-linux-2/ServerSDK-Video/src/video_recorder/event_handler.cpp:1341: level 1: INFO    (14:44: 5: 56 |    0)  31764; [rp] {"che.audio.audioSampleRate":48000}
AgoraCoreService[31749]: (31749) /var/lib/jenkins/workspace/agora-release-linux-2/ServerSDK-Video/src/video_recorder/event_handler.cpp:1341: level 1: INFO    (14:44: 5: 56 |    0)  31764; [rp] {"che.video.keep_prerotation":false}
AgoraCoreService[31749]: (31749) /var/lib/jenkins/workspace/agora-release-linux-2/ServerSDK-Video/src/video_recorder/event_handler.cpp:1341: level 1: INFO    (14:44: 5: 56 |    0)  31764; [rp] {"rtc.client_type":3}
AgoraCoreService[31749]: (31749) /var/lib/jenkins/workspace/agora-release-linux-2/ServerSDK-Video/src/video_recorder/event_handler.cpp:1341: level 1: INFO    (14:44: 5: 56 |    0)  31764; [rp] {"che.audienceMode":true}
AgoraCoreService[31749]: (31749) /var/lib/jenkins/workspace/agora-release-linux-2/ServerSDK-Video/src/video_recorder/event_handler.cpp:1341: level 1: INFO    (14:44: 5: 56 |    0)  31764; [rp] {"che.video.recording":true}
AgoraCoreService[31749]: (31749) /var/lib/jenkins/workspace/agora-release-linux-2/ServerSDK-Video/src/video_recorder/event_handler.cpp:1341: level 1: INFO    (14:44: 5: 56 |    0)  31764; [rp] {"che.audio.set_capture_raw_audio_format":{"sampleRate":48000,"channelCnt":1,"mode":1,"samplesPerCall":480}}
AgoraCoreService[31749]: (31749) /var/lib/jenkins/workspace/agora-release-linux-2/ServerSDK-Video/src/video_recorder/event_handler.cpp:1341: level 1: INFO    (14:44: 5: 56 |    0)  31764; [rp] {"che.audio.set_render_raw_audio_format":{"sampleRate":48000,"channelCnt":1,"mode":0,"samplesPerCall":480}}
AgoraCoreService[31749]: (31749) /var/lib/jenkins/workspace/agora-release-linux-2/ServerSDK-Video/src/video_recorder/event_handler.cpp:1341: level 1: INFO    (14:44: 5: 56 |    0)  31764; [rp] {"rtc.log_file":"/var/www/panic2.greenvoo.us/html/public/Records/20180330/police_9_1_144405/recording_0.log"}
AgoraCoreService[31749]: (31749) /var/lib/jenkins/workspace/agora-release-linux-2/ServerSDK-Video/src/video_recorder/event_handler.cpp:1341: level 1: INFO    (14:44: 5: 56 |    0)  31764; [rp] {"rtc.video.mute_me":true,"che.video.local.send":false}
AgoraCoreService[31749]: (31749) /var/lib/jenkins/workspace/agora-release-linux-2/ServerSDK-Video/src/video_recorder/event_handler.cpp:1341: level 1: INFO    (14:44: 5: 56 |    0)  31764; [rp] {"rtc.audio.mute_me":true,"che.audio.mute_me":true}
AgoraCoreService[31749]: (31749) /var/lib/jenkins/workspace/agora-release-linux-2/ServerSDK-Video/src/video_recorder/event_handler.cpp:1341: level 1: INFO    (14:44: 5: 56 |    0)  31764; [rp] {"rtc.video.set_remote_default_video_stream_type":0}
AgoraCoreService[31749]: (31749) /var/lib/jenkins/workspace/agora-release-linux-2/ServerSDK-Video/src/video_recorder/event_handler.cpp:1341: level 1: INFO    (14:44: 5: 57 |    1)  31764; API call to SetRemoteDefaultVideoStreamType: 0
AgoraCoreService[31749]: (31749) /var/lib/jenkins/workspace/agora-release-linux-2/ServerSDK-Video/src/video_recorder/event_handler.cpp:1341: level 1: INFO    (14:44: 5: 57 |    0)  31764; [rp] {"che.video.local.camera_index":1024}
AgoraCoreService[31749]: (31749) /var/lib/jenkins/workspace/agora-release-linux-2/ServerSDK-Video/src/video_recorder/event_handler.cpp:1341: level 1: INFO    (14:44: 5: 57 |    0)  31764; [rp] {"rtc.video.enabled":true}
AgoraCoreService[31749]: (31749) /var/lib/jenkins/workspace/agora-release-linux-2/ServerSDK-Video/src/video_recorder/event_handler.cpp:1341: level 1: INFO    (14:44: 5: 57 |    0)  31764; API call to enable video
AgoraCoreService[31749]: (31749) /var/lib/jenkins/workspace/agora-release-linux-2/ServerSDK-Video/src/video_recorder/event_handler.cpp:1341: level 1: INFO    (14:44: 5: 57 |    0)  31764; ***CALL BEGIN: appid:'c7****************************1c' cname:'police_9_1' info:'' sid:'246DA133FD234BA4BBA4D57B7049782B'
AgoraCoreService[31749]: (31749) /var/lib/jenkins/workspace/agora-release-linux-2/ServerSDK-Video/src/video_recorder/event_handler.cpp:1341: level 1: INFO    (14:44: 5: 57 |    0)  31764; addRef of media engine, ref=1
AgoraCoreService[31749]: (31749) /var/lib/jenkins/workspace/agora-release-linux-2/ServerSDK-Video/src/video_recorder/event_handler.cpp:1341: level 1: INFO    (14:44: 5: 57 |    0)  31764; [che] create chat engine, ctx:(nil)
AgoraCoreService[31749]: (31749) /var/lib/jenkins/workspace/agora-release-linux-2/ServerSDK-Video/src/video_recorder/event_handler.cpp:1341: level 1: INFO    (14:44: 5: 57 |    0)  31764; [MYDEBUG] large group call false
AgoraCoreService[31749]: (31749) /var/lib/jenkins/workspace/agora-release-linux-2/ServerSDK-Video/src/video_recorder/event_handler.cpp:1341: level 1: INFO    (14:44: 5: 57 |    0)  31764; ChatEngineParameterHelper::applyMediaEngineMode: 
AgoraCoreService[31749]: (31749) /var/lib/jenkins/workspace/agora-release-linux-2/ServerSDK-Video/src/video_recorder/event_handler.cpp:1341: level 1: INFO    (14:44: 5: 58 |    1)  31764; applyMediaEngineMode(): Hardware encoding false Hardware decoding false
AgoraCoreService[31749]: (31749) /var/lib/jenkins/workspace/agora-release-linux-2/ServerSDK-Video/src/video_recorder/event_handler.cpp:1341: level 1: INFO    (14:44: 5: 59 |    1)  31766; Thread with name:external_audio_module_thread started 
AgoraCoreService[31749]: (31749) /var/lib/jenkins/workspace/agora-release-linux-2/ServerSDK-Video/src/video_recorder/event_handler.cpp:1341: level 1: INFO    (14:44: 5: 59 |    0)  31767; Thread with name:WebRtc_event_timer_thread started 
AgoraCoreService[31749]: (31749) /var/lib/jenkins/workspace/agora-release-linux-2/ServerSDK-Video/src/video_recorder/event_handler.cpp:1341: level 1: INFO    (14:44: 5: 59 |    0)  31764; StereoPlayoutIsAvailable(), output: available=0
AgoraCoreService[31749]: (31749) /var/lib/jenkins/workspace/agora-release-linux-2/ServerSDK-Video/src/video_recorder/event_handler.cpp:1341: level 1: INFO    (14:44: 5: 59 |    0)  31764; StereoRecordingIsAvailable(), output: available=0
AgoraCoreService[31749]: (31749) /var/lib/jenkins/workspace/agora-release-linux-2/ServerSDK-Video/src/video_recorder/event_handler.cpp:1341: level 1: INFO    (14:44: 5: 60 |    1)  31768; Thread with name:EngineMonitorThread started 
AgoraCoreService[31749]: (31749) /var/lib/jenkins/workspace/agora-release-linux-2/ServerSDK-Video/src/video_recorder/event_handler.cpp:1341: level 1: INFO    (14:44: 5: 60 |    0)  31764; setMuteStatus, muted: On
AgoraCoreService[31749]: (31749) /var/lib/jenkins/workspace/agora-release-linux-2/ServerSDK-Video/src/video_recorder/event_handler.cpp:1341: level 1: INFO    (14:44: 5: 60 |    0)  31764; setMuteOutput, muted: false
AgoraCoreService[31749]: (31749) /var/lib/jenkins/workspace/agora-release-linux-2/ServerSDK-Video/src/video_recorder/event_handler.cpp:1341: level 2: WARN    (14:44: 5: 60 |    0)  31764; setMicSensitivity failed, legal values are between [0, 10]
AgoraCoreService[31749]: (31749) /var/lib/jenkins/workspace/agora-release-linux-2/ServerSDK-Video/src/video_recorder/event_handler.cpp:1341: level 1: INFO    (14:44: 5: 60 |    0)  31764; Audio Engine Init success
AgoraCoreService[31749]: (31749) /var/lib/jenkins/workspace/agora-release-linux-2/ServerSDK-Video/src/video_recorder/event_handler.cpp:1341: level 1: INFO    (14:44: 5: 60 |    0)  31764; Available number of cores:1
AgoraCoreService[31749]: (31749) /var/lib/jenkins/workspace/agora-release-linux-2/ServerSDK-Video/src/video_recorder/event_handler.cpp:1341: level 1: INFO    (14:44: 5: 61 |    1)  31764; CreateVideoSendTrack
AgoraCoreService[31749]: (31749) /var/lib/jenkins/workspace/agora-release-linux-2/ServerSDK-Video/src/video_recorder/event_handler.cpp:1341: level 1: INFO    (14:44: 5: 61 |    0)  31764; init: feature prerotation disabled
AgoraCoreService[31749]: (31749) /var/lib/jenkins/workspace/agora-release-linux-2/ServerSDK-Video/src/video_recorder/event_handler.cpp:1341: level 1: INFO    (14:44: 5: 61 |    0)  31764; Agora Engine video codec set to custom mode role mode 0
AgoraCoreService[31749]: (31749) /var/lib/jenkins/workspace/agora-release-linux-2/ServerSDK-Video/src/video_recorder/event_handler.cpp:1341: level 1: INFO    (14:44: 5: 61 |    0)  31764; Agora Engine video codec index 1
AgoraCoreService[31749]: (31749) /var/lib/jenkins/workspace/agora-release-linux-2/ServerSDK-Video/src/video_recorder/event_handler.cpp:1341: level 1: INFO    (14:44: 5: 61 |    0)  31764; Agora Engine video stream type = 0
AgoraCoreService[31749]: (31749) /var/lib/jenkins/workspace/agora-release-linux-2/ServerSDK-Video/src/video_recorder/event_handler.cpp:1341: level 1: INFO    (14:44: 5: 61 |    0)  31769; Thread with name:VideoEncodeThread started 
AgoraCoreService[31749]: (31749) /var/lib/jenkins/workspace/agora-release-linux-2/ServerSDK-Video/src/video_recorder/event_handler.cpp:1341: level 1: INFO    (14:44: 5: 61 |    0)  31764; EncoderWrapper::Create hardware_ = 0, hardware_low_ = 0
AgoraCoreService[31749]: (31749) /var/lib/jenkins/workspace/agora-release-linux-2/ServerSDK-Video/src/video_recorder/event_handler.cpp:1341: level 1: INFO    (14:44: 5: 61 |    0)  31770; Thread with name:VideoProcessThread started 
AgoraCoreService[31749]: (31749) /var/lib/jenkins/workspace/agora-release-linux-2/ServerSDK-Video/src/video_recorder/event_handler.cpp:1341: level 1: INFO    (14:44: 5: 61 |    0)  31764; setCodec: index=1 width=640 height=360 framerate=15
AgoraCoreService[31749]: (31749) /var/lib/jenkins/workspace/agora-release-linux-2/ServerSDK-Video/src/video_recorder/event_handler.cpp:1341: level 1: INFO    (14:44: 5: 62 |    1)  31764; h264WebInteropEnable: enable 0
AgoraCoreService[31749]: (31749) /var/lib/jenkins/workspace/agora-release-linux-2/ServerSDK-Video/src/video_recorder/event_handler.cpp:1341: level 1: INFO    (14:44: 5: 62 |    0)  31764; setCaptureDevice: index=1024
AgoraCoreService[31749]: (31749) /var/lib/jenkins/workspace/agora-release-linux-2/ServerSDK-Video/src/video_recorder/event_handler.cpp:1341: level 1: INFO    (14:44: 5: 62 |    0)  31764; setMaxVideoBitrate: max bitrate=0
AgoraCoreService[31749]: (31749) /var/lib/jenkins/workspace/agora-release-linux-2/ServerSDK-Video/src/video_recorder/event_handler.cpp:1341: level 1: INFO    (14:44: 5: 62 |    0)  31764; more fec enable 0 curr fec method 0
AgoraCoreService[31749]: (31749) /var/lib/jenkins/workspace/agora-release-linux-2/ServerSDK-Video/src/video_recorder/event_handler.cpp:1341: level 1: INFO    (14:44: 5: 62 |    0)  31764; video fec method 0
AgoraCoreService[31749]: (31749) /var/lib/jenkins/workspace/agora-release-linux-2/ServerSDK-Video/src/video_recorder/event_handler.cpp:1341: level 4: ERROR   (14:44: 5: 62 |    0)  31764; videoEngine created and initialize here
AgoraCoreService[31749]: (31749) /var/lib/jenkins/workspace/agora-release-linux-2/ServerSDK-Video/src/video_recorder/event_handler.cpp:1341: level 1: INFO    (14:44: 5: 62 |    0)  31764; CreateVideoSendTrack
AgoraCoreService[31749]: (31749) /var/lib/jenkins/workspace/agora-release-linux-2/ServerSDK-Video/src/video_recorder/event_handler.cpp:1341: level 1: INFO    (14:44: 5: 62 |    0)  31764; [MIO] updateCapturer: ((nil)), type:(1)
AgoraCoreService[31749]: (31749) /var/lib/jenkins/workspace/agora-release-linux-2/ServerSDK-Video/src/video_recorder/event_handler.cpp:1341: level 1: INFO    (14:44: 5: 62 |    0)  31764; CreateAgoraDefaultCapture: type=0
AgoraCoreService[31749]: (31749) /var/lib/jenkins/workspace/agora-release-linux-2/ServerSDK-Video/src/video_recorder/event_handler.cpp:1341: level 1: INFO    (14:44: 5: 62 |    0)  31764; CreateVideoCapturer: interface=0x7fee08172af0
AgoraCoreService[31749]: (31749) /var/lib/jenkins/workspace/agora-release-linux-2/ServerSDK-Video/src/video_recorder/event_handler.cpp:1341: level 1: INFO    (14:44: 5: 62 |    0)  31764; VideoSendTrackImpl::UpdateCapturer capturer=0x7fee081d4c10
AgoraCoreService[31749]: (31749) /var/lib/jenkins/workspace/agora-release-linux-2/ServerSDK-Video/src/video_recorder/event_handler.cpp:1341: level 1: INFO    (14:44: 5: 62 |    0)  31764; [MIO] updateLocalRender: ((nil)), type:(1)
AgoraCoreService[31749]: (31749) /var/lib/jenkins/workspace/agora-release-linux-2/ServerSDK-Video/src/video_recorder/event_handler.cpp:1341: level 1: INFO    (14:44: 5: 62 |    0)  31764; CreateAgoraDefaultRender
AgoraCoreService[31749]: (31749) /var/lib/jenkins/workspace/agora-release-linux-2/ServerSDK-Video/src/video_recorder/event_handler.cpp:1341: level 1: INFO    (14:44: 5: 62 |    0)  31764; CreateVideoRenderer: interface=0x7fee081d5090
AgoraCoreService[31749]: (31749) /var/lib/jenkins/workspace/agora-release-linux-2/ServerSDK-Video/src/video_recorder/event_handler.cpp:1341: level 1: INFO    (14:44: 5: 63 |    1)  31764; VideoSendTrackImpl::UpdateRenderer, renderer=0x7fee081d50d0
AgoraCoreService[31749]: (31749) /var/lib/jenkins/workspace/agora-release-linux-2/ServerSDK-Video/src/video_recorder/event_handler.cpp:1341: level 1: INFO    (14:44: 5: 63 |    0)  31764; [MIO] video send track prepared !!
AgoraCoreService[31749]: (31749) /var/lib/jenkins/workspace/agora-release-linux-2/ServerSDK-Video/src/video_recorder/event_handler.cpp:1341: level 1: INFO    (14:44: 5: 63 |    0)  31764; [che] applyVideoProfile: 640x360 15 fps 500 kbps
AgoraCoreService[31749]: (31749) /var/lib/jenkins/workspace/agora-release-linux-2/ServerSDK-Video/src/video_recorder/event_handler.cpp:1341: level 1: INFO    (14:44: 5: 63 |    0)  31764; validateVideoParameters: validate video parameters resolution 640x360, fps 15, rate 500000
AgoraCoreService[31749]: (31749) /var/lib/jenkins/workspace/agora-release-linux-2/ServerSDK-Video/src/video_recorder/event_handler.cpp:1341: level 1: INFO    (14:44: 5: 63 |    0)  31764; setMaxVideoBitrate: max bitrate=500000
AgoraCoreService[31749]: (31749) /var/lib/jenkins/workspace/agora-release-linux-2/ServerSDK-Video/src/video_recorder/event_handler.cpp:1341: level 1: INFO    (14:44: 5: 63 |    0)  31764; setCodecRates: set frame rate to 15
AgoraCoreService[31749]: (31749) /var/lib/jenkins/workspace/agora-release-linux-2/ServerSDK-Video/src/video_recorder/event_handler.cpp:1341: level 1: INFO    (14:44: 5: 63 |    0)  31764; setCodec: index=1 width=640 height=360 framerate=15
AgoraCoreService[31749]: (31749) /var/lib/jenkins/workspace/agora-release-linux-2/ServerSDK-Video/src/video_recorder/event_handler.cpp:1341: level 1: INFO    (14:44: 5: 63 |    0)  31764; setCodecResolution: set to 640 x 360
AgoraCoreService[31749]: (31749) /var/lib/jenkins/workspace/agora-release-linux-2/ServerSDK-Video/src/video_recorder/event_handler.cpp:1341: level 1: INFO    (14:44: 5: 63 |    0)  31764; [che] chat engine initialized
AgoraCoreService[31749]: (31749) /var/lib/jenkins/workspace/agora-release-linux-2/ServerSDK-Video/src/video_recorder/event_handler.cpp:1341: level 1: INFO    (14:44: 5: 64 |    1)  31764; [vocs] vocs initialized
AgoraCoreService[31749]: (31749) /var/lib/jenkins/workspace/agora-release-linux-2/ServerSDK-Video/src/video_recorder/event_handler.cpp:1341: level 1: INFO    (14:44: 5: 64 |    0)  31764; [rs] report server ip: 221.228.78.123:8000
AgoraCoreService[31749]: (31749) /var/lib/jenkins/workspace/agora-release-linux-2/ServerSDK-Video/src/video_recorder/event_handler.cpp:1341: level 1: INFO    (14:44: 5: 64 |    0)  31764; [rlbs] selected: 221.228.78.123:9700
AgoraCoreService[31749]: (31749) /var/lib/jenkins/workspace/agora-release-linux-2/ServerSDK-Video/src/video_recorder/event_handler.cpp:1341: level 1: INFO    (14:44: 5: 64 |    0)  31764; [rlbs] request rs list from 221.228.78.123:9700.......
AgoraCoreService[31749]: (31749) /var/lib/jenkins/workspace/agora-release-linux-2/ServerSDK-Video/src/video_recorder/event_handler.cpp:1341: level 1: INFO    (14:44: 5: 65 |    1)  31764; CacheManager: save cache to storage elapsed 0
AgoraCoreService[31749]: (31749) /var/lib/jenkins/workspace/agora-release-linux-2/ServerSDK-Video/src/video_recorder/event_handler.cpp:1341: level 1: INFO    (14:44: 5: 65 |    0)  31764; [cm] emit join channel signal, size=2
AgoraCoreService[31749]: (31749) /var/lib/jenkins/workspace/agora-release-linux-2/ServerSDK-Video/src/video_recorder/event_handler.cpp:1341: level 1: INFO    (14:44: 5: 65 |    0)  31764; CacheManager: save cache to storage elapsed 0
AgoraCoreService[31749]: (31749) /var/lib/jenkins/workspace/agora-release-linux-2/ServerSDK-Video/src/video_recorder/event_handler.cpp:1341: level 1: INFO    (14:44: 5: 65 |    0)  31764; [vocs] lookup channel...
AgoraCoreService[31749]: (31749) /var/lib/jenkins/workspace/agora-release-linux-2/ServerSDK-Video/src/video_recorder/event_handler.cpp:1341: level 1: INFO    (14:44: 5: 65 |    0)  31764; [vocs] selected: 69.28.51.138:8000
AgoraCoreService[31749]: (31749) /var/lib/jenkins/workspace/agora-release-linux-2/ServerSDK-Video/src/video_recorder/event_handler.cpp:1341: level 1: INFO    (14:44: 5: 65 |    0)  31764; connecting to 69.28.51.138:8000 handle 820fdc0, 28
AgoraCoreService[31749]: (31749) /var/lib/jenkins/workspace/agora-release-linux-2/ServerSDK-Video/src/video_recorder/event_handler.cpp:1341: level 1: INFO    (14:44: 5: 65 |    0)  31764; [vocs] creating channel with 69.28.51.138:8000, ts 1522421045065.......
AgoraCoreService[31749]: (31749) /var/lib/jenkins/workspace/agora-release-linux-2/ServerSDK-Video/src/video_recorder/event_handler.cpp:1341: level 1: INFO    (14:44: 5: 65 |    0)  31764; [vocs] selected: 119.9.92.49:8000
AgoraCoreService[31749]: (31749) /var/lib/jenkins/workspace/agora-release-linux-2/ServerSDK-Video/src/video_recorder/event_handler.cpp:1341: level 1: INFO    (14:44: 5: 66 |    1)  31764; [vocs] creating channel with 119.9.92.49:8000, ts 1522421045066.......
AgoraCoreService[31749]: (31749) /var/lib/jenkins/workspace/agora-release-linux-2/ServerSDK-Video/src/video_recorder/event_handler.cpp:1341: level 1: INFO    (14:44: 5: 66 |    0)  31764; [vocs] selected: 123.155.153.69:8000
AgoraCoreService[31749]: (31749) /var/lib/jenkins/workspace/agora-release-linux-2/ServerSDK-Video/src/video_recorder/event_handler.cpp:1341: level 1: INFO    (14:44: 5: 66 |    0)  31764; [vocs] creating channel with 123.155.153.69:8000, ts 1522421045066.......
AgoraCoreService[31749]: (31749) /var/lib/jenkins/workspace/agora-release-linux-2/ServerSDK-Video/src/video_recorder/event_handler.cpp:1341: level 1: INFO    (14:44: 5: 66 |    0)  31764; [rp] {"che.audio.audioSampleRate":48000}
AgoraCoreService[31749]: (31749) /var/lib/jenkins/workspace/agora-release-linux-2/ServerSDK-Video/src/video_recorder/event_handler.cpp:1341: level 1: INFO    (14:44: 5: 66 |    0)  31764; [dns] parsed ip 128.1.87.146
AgoraCoreService[31749]: (31749) /var/lib/jenkins/workspace/agora-release-linux-2/ServerSDK-Video/src/video_recorder/event_handler.cpp:1341: level 1: INFO    (14:44: 5: 66 |    0)  31764; [dns] parsed ip 119.9.92.49
AgoraCoreService[31749]: (31749) /var/lib/jenkins/workspace/agora-release-linux-2/ServerSDK-Video/src/video_recorder/event_handler.cpp:1341: level 1: INFO    (14:44: 5: 66 |    0)  31764; [dns] parsed ip 69.28.51.138
AgoraCoreService[31749]: (31749) /var/lib/jenkins/workspace/agora-release-linux-2/ServerSDK-Video/src/video_recorder/event_handler.cpp:1341: level 1: INFO    (14:44: 5: 66 |    0)  31764; [dns] parsed ip 199.190.44.35
AgoraCoreService[31749]: (31749) /var/lib/jenkins/workspace/agora-release-linux-2/ServerSDK-Video/src/video_recorder/event_handler.cpp:1341: level 1: INFO    (14:44: 5: 66 |    0)  31764; [dns] parsed ip 199.190.44.36
AgoraCoreService[31749]: (31749) /var/lib/jenkins/workspace/agora-release-linux-2/ServerSDK-Video/src/video_recorder/event_handler.cpp:1341: level 1: INFO    (14:44: 5: 66 |    0)  31764; [rs] dns parse result code: 0, servers size: 1
AgoraCoreService[31749]: (31749) /var/lib/jenkins/workspace/agora-release-linux-2/ServerSDK-Video/src/video_recorder/event_handler.cpp:1341: level 1: INFO    (14:44: 5: 67 |    1)  31764; [rs] dns parse and selected server: 223.111.12.227
AgoraCoreService[31749]: (31749) /var/lib/jenkins/workspace/agora-release-linux-2/ServerSDK-Video/src/video_recorder/event_handler.cpp:1341: level 1: INFO    (14:44: 5:220 |  153)  31764; [vocs/t] tcp create channel connected with 0x7fee08210440
AgoraCoreService[31749]: (31749) /var/lib/jenkins/workspace/agora-release-linux-2/ServerSDK-Video/src/video_recorder/event_handler.cpp:1341: level 1: INFO    (14:44: 5:220 |    0)  31764; [vocs] tcp - creating channel with 69.28.51.138:8000, ts 1522421045220.......
AgoraCoreService[31749]: (31749) /var/lib/jenkins/workspace/agora-release-linux-2/ServerSDK-Video/src/video_recorder/event_handler.cpp:1341: level 1: INFO    (14:44: 5:225 |    5)  31764; [vocs/u] **responsed from 69.28.51.138:8000, 3 vos, elapsed 170, server ts 1522421044679, wan ip 139.59.134.76
AgoraCoreService[31749]: (31749) /var/lib/jenkins/workspace/agora-release-linux-2/ServerSDK-Video/src/video_recorder/event_handler.cpp:1341: level 1: INFO    (14:44: 5:225 |    0)  31764; [vos] added server: 128.1.77.36:4002
AgoraCoreService[31749]: (31749) /var/lib/jenkins/workspace/agora-release-linux-2/ServerSDK-Video/src/video_recorder/event_handler.cpp:1341: level 1: INFO    (14:44: 5:225 |    0)  31764; [vos] added server: 128.1.78.92:4005
AgoraCoreService[31749]: (31749) /var/lib/jenkins/workspace/agora-release-linux-2/ServerSDK-Video/src/video_recorder/event_handler.cpp:1341: level 1: INFO    (14:44: 5:225 |    0)  31764; [vos] added server: 128.1.78.114:4011
AgoraCoreService[31749]: (31749) /var/lib/jenkins/workspace/agora-release-linux-2/ServerSDK-Video/src/video_recorder/event_handler.cpp:1341: level 1: INFO    (14:44: 5:225 |    0)  31764; [ch0] vos initialized
AgoraCoreService[31749]: (31749) /var/lib/jenkins/workspace/agora-release-linux-2/ServerSDK-Video/src/video_recorder/event_handler.cpp:1341: level 1: INFO    (14:44: 5:225 |    0)  31764; [vos] selected: 128.1.78.114:4011
AgoraCoreService[31749]: (31749) /var/lib/jenkins/workspace/agora-release-linux-2/ServerSDK-Video/src/video_recorder/event_handler.cpp:1341: level 4: ERROR   (14:44: 5:226 |    1)  31764; [ch0] login strategy=2
AgoraCoreService[31749]: (31749) /var/lib/jenkins/workspace/agora-release-linux-2/ServerSDK-Video/src/video_recorder/event_handler.cpp:1341: level 1: INFO    (14:44: 5:226 |    0)  31764; [ds]: ver 1 ds '{"streamType":5}'
AgoraCoreService[31749]: (31749) /var/lib/jenkins/workspace/agora-release-linux-2/ServerSDK-Video/src/video_recorder/event_handler.cpp:1341: level 1: INFO    (14:44: 5:226 |    0)  31764; [ch0] Login VOS (proto:10, cid:1013362440, uid:770285064, ts:1522421045226, ticket size:84 ds:1 stream:+A+VH) 2: 128.1.78.114:4011
AgoraCoreService[31749]: (31749) /var/lib/jenkins/workspace/agora-release-linux-2/ServerSDK-Video/src/video_recorder/event_handler.cpp:1341: level 1: INFO    (14:44: 5:226 |    0)  31764; add ping address 139.59.134.76
AgoraCoreService[31749]: (31749) /var/lib/jenkins/workspace/agora-release-linux-2/ServerSDK-Video/src/video_recorder/event_handler.cpp:1341: level 1: INFO    (14:44: 5:226 |    0)  31764; PING 139.59.134.76:0 16(44) bytes of data
AgoraCoreService[31749]: (31749) /var/lib/jenkins/workspace/agora-release-linux-2/ServerSDK-Video/src/video_recorder/event_handler.cpp:1341: level 1: INFO    (14:44: 5:232 |    6)  31764; [ch0] **VOS response to login request (res 0 elapsed 178, server ts 1522421044760, s-c:-472) from 128.1.78.114:4011, and current dest server 128.1.78.114:4011
AgoraCoreService[31749]: (31749) /var/lib/jenkins/workspace/agora-release-linux-2/ServerSDK-Video/src/video_recorder/event_handler.cpp:1341: level 1: INFO    (14:44: 5:233 |    1)  31764; updateActiveVosList: ["128.1.78.114:4011"]
AgoraCoreService[31749]: (31749) /var/lib/jenkins/workspace/agora-release-linux-2/ServerSDK-Video/src/video_recorder/event_handler.cpp:1341: level 1: INFO    (14:44: 5:233 |    0)  31764; [che] start call begins
AgoraCoreService[31749]: (31749) /var/lib/jenkins/workspace/agora-release-linux-2/ServerSDK-Video/src/video_recorder/event_handler.cpp:1341: level 1: INFO    (14:44: 5:233 |    0)  31764; Set Application Mode in RTC Engine to No. 0
AgoraCoreService[31749]: (31749) /var/lib/jenkins/workspace/agora-release-linux-2/ServerSDK-Video/src/video_recorder/event_handler.cpp:1341: level 4: ERROR   (14:44: 5:233 |    0)  31764; GetCodec() invalid index (error=8004)
AgoraCoreService[31749]: (31749) /var/lib/jenkins/workspace/agora-release-linux-2/ServerSDK-Video/src/video_recorder/event_handler.cpp:1341: level 1: INFO    (14:44: 5:233 |    0)  31764; SetCodec by type : No. 85
AgoraCoreService[31749]: (31749) /var/lib/jenkins/workspace/agora-release-linux-2/ServerSDK-Video/src/video_recorder/event_handler.cpp:1341: level 1: INFO    (14:44: 5:240 |    7)  31764; StartPlayout complete
AgoraCoreService[31749]: (31749) /var/lib/jenkins/workspace/agora-release-linux-2/ServerSDK-Video/src/video_recorder/event_handler.cpp:1341: level 1: INFO    (14:44: 5:240 |    0)  31764; output: kDummyAudio
AgoraCoreService[31749]: (31749) /var/lib/jenkins/workspace/agora-release-linux-2/ServerSDK-Video/src/video_recorder/event_handler.cpp:1341: level 1: INFO    (14:44: 5:249 |    9)  31764; StartRecording complete
AgoraCoreService[31749]: (31749) /var/lib/jenkins/workspace/agora-release-linux-2/ServerSDK-Video/src/video_recorder/event_handler.cpp:1341: level 4: ERROR   (14:44: 5:250 |    1)  31764; SetAgcConfig() failed to set the range in |gain| the digital compression stage may apply (error=8097)
AgoraCoreService[31749]: (31749) /var/lib/jenkins/workspace/agora-release-linux-2/ServerSDK-Video/src/video_recorder/event_handler.cpp:1341: level 1: INFO    (14:44: 5:250 |    0)  31764; SetHowlingControl enable = 0
AgoraCoreService[31749]: (31749) /var/lib/jenkins/workspace/agora-release-linux-2/ServerSDK-Video/src/video_recorder/event_handler.cpp:1341: level 1: INFO    (14:44: 5:250 |    0)  31764; Application Config module:  Route 0, NS on, AEC N, AGC on, BSS off, HC on
AgoraCoreService[31749]: (31749) /var/lib/jenkins/workspace/agora-release-linux-2/ServerSDK-Video/src/video_recorder/event_handler.cpp:1341: level 1: INFO    (14:44: 5:250 |    0)  31764; MID = 0, Routing = 0
AgoraCoreService[31749]: (31749) /var/lib/jenkins/workspace/agora-release-linux-2/ServerSDK-Video/src/video_recorder/event_handler.cpp:1341: level 1: INFO    (14:44: 5:250 |    0)  31764; [che] applyVideoProfile: 640x360 15 fps 500 kbps
AgoraCoreService[31749]: (31749) /var/lib/jenkins/workspace/agora-release-linux-2/ServerSDK-Video/src/video_recorder/event_handler.cpp:1341: level 1: INFO    (14:44: 5:250 |    0)  31764; validateVideoParameters: validate video parameters resolution 640x360, fps 15, rate 500000
AgoraCoreService[31749]: (31749) /var/lib/jenkins/workspace/agora-release-linux-2/ServerSDK-Video/src/video_recorder/event_handler.cpp:1341: level 1: INFO    (14:44: 5:250 |    0)  31764; setMaxVideoBitrate: max bitrate=500000
AgoraCoreService[31749]: (31749) /var/lib/jenkins/workspace/agora-release-linux-2/ServerSDK-Video/src/video_recorder/event_handler.cpp:1341: level 1: INFO    (14:44: 5:250 |    0)  31764; setCodecRates: set frame rate to 15
AgoraCoreService[31749]: (31749) /var/lib/jenkins/workspace/agora-release-linux-2/ServerSDK-Video/src/video_recorder/event_handler.cpp:1341: level 1: INFO    (14:44: 5:250 |    0)  31764; setCodec: index=1 width=640 height=360 framerate=15
AgoraCoreService[31749]: (31749) /var/lib/jenkins/workspace/agora-release-linux-2/ServerSDK-Video/src/video_recorder/event_handler.cpp:1341: level 1: INFO    (14:44: 5:250 |    0)  31764; setCodecResolution: set to 640 x 360
AgoraCoreService[31749]: (31749) /var/lib/jenkins/workspace/agora-release-linux-2/ServerSDK-Video/src/video_recorder/event_handler.cpp:1341: level 1: INFO    (14:44: 5:251 |    1)  31764; CreateVideoCapturer: interface=0x7fee08172c90
AgoraCoreService[31749]: (31749) /var/lib/jenkins/workspace/agora-release-linux-2/ServerSDK-Video/src/video_recorder/event_handler.cpp:1341: level 1: INFO    (14:44: 5:251 |    0)  31764; VideoSendTrackImpl::UpdateCapturer capturer=0x7fee0821fa30
AgoraCoreService[31749]: (31749) /var/lib/jenkins/workspace/agora-release-linux-2/ServerSDK-Video/src/video_recorder/event_handler.cpp:1341: level 1: INFO    (14:44: 5:251 |    0)  31764; Create participant 0
AgoraCoreService[31749]: (31749) /var/lib/jenkins/workspace/agora-release-linux-2/ServerSDK-Video/src/video_recorder/event_handler.cpp:1341: level 1: INFO    (14:44: 5:251 |    0)  31764; startCapture: device? 1024 init? 1 local enabled? 1 capturing? 0 rendering? 0
AgoraCoreService[31749]: (31749) /var/lib/jenkins/workspace/agora-release-linux-2/ServerSDK-Video/src/video_recorder/event_handler.cpp:1341: level 1: INFO    (14:44: 5:251 |    0)  31764; startCapture: Receive Only Mode, capture still on. Encode will be turned off
AgoraCoreService[31749]: (31749) /var/lib/jenkins/workspace/agora-release-linux-2/ServerSDK-Video/src/video_recorder/event_handler.cpp:1341: level 1: INFO    (14:44: 5:251 |    0)  31764; AgoraVideoInput::Init thread=1, type=100, device=External Device
AgoraCoreService[31749]: (31749) /var/lib/jenkins/workspace/agora-release-linux-2/ServerSDK-Video/src/video_recorder/event_handler.cpp:1341: level 1: INFO    (14:44: 5:251 |    0)  31771; Thread with name:AgoraInputThread started 
AgoraCoreService[31749]: (31749) /var/lib/jenkins/workspace/agora-release-linux-2/ServerSDK-Video/src/video_recorder/event_handler.cpp:1341: level 1: INFO    (14:44: 5:251 |    0)  31772; Thread with name:ExternalCaptureThread started 
AgoraCoreService[31749]: (31749) /var/lib/jenkins/workspace/agora-release-linux-2/ServerSDK-Video/src/video_recorder/event_handler.cpp:1341: level 1: INFO    (14:44: 5:251 |    0)  31764; setCodec: index=1 width=640 height=360 framerate=15
AgoraCoreService[31749]: (31749) /var/lib/jenkins/workspace/agora-release-linux-2/ServerSDK-Video/src/video_recorder/event_handler.cpp:1341: level 1: INFO    (14:44: 5:251 |    0)  31764; setMaxVideoBitrate: max bitrate=500000
AgoraCoreService[31749]: (31749) /var/lib/jenkins/workspace/agora-release-linux-2/ServerSDK-Video/src/video_recorder/event_handler.cpp:1341: level 1: INFO    (14:44: 5:251 |    0)  31764; AgoraVideoInput::Start width=640, height=360, fps=15
AgoraCoreService[31749]: (31749) /var/lib/jenkins/workspace/agora-release-linux-2/ServerSDK-Video/src/video_recorder/event_handler.cpp:1341: level 1: INFO    (14:44: 5:252 |    1)  31773; Thread with name:WebRtc_event_timer_thread started 
AgoraCoreService[31749]: (31749) /var/lib/jenkins/workspace/agora-release-linux-2/ServerSDK-Video/src/video_recorder/event_handler.cpp:1341: level 1: INFO    (14:44: 5:252 |    0)  31764; startCapture: startCapture success
AgoraCoreService[31749]: (31749) /var/lib/jenkins/workspace/agora-release-linux-2/ServerSDK-Video/src/video_recorder/event_handler.cpp:1341: level 1: INFO    (14:44: 5:252 |    0)  31764; RequestEncodeKeyFrame
AgoraCoreService[31749]: (31749) /var/lib/jenkins/workspace/agora-release-linux-2/ServerSDK-Video/src/video_recorder/event_handler.cpp:1341: level 1: INFO    (14:44: 5:252 |    0)  31764; doStartLocalRender: init? 1 capture id -1 device 1024 capturing? 1 rendering? 0
AgoraCoreService[31749]: (31749) /var/lib/jenkins/workspace/agora-release-linux-2/ServerSDK-Video/src/video_recorder/event_handler.cpp:1341: level 1: INFO    (14:44: 5:252 |    0)  31764; doStartLocalRender: Receive Only Mode, local renderer still on.
AgoraCoreService[31749]: (31749) /var/lib/jenkins/workspace/agora-release-linux-2/ServerSDK-Video/src/video_recorder/event_handler.cpp:1341: level 1: INFO    (14:44: 5:252 |    0)  31764; doStartLocalRender: init? 1 capture id -1 device 1024 capturing? 1 rendering? 0
AgoraCoreService[31749]: (31749) /var/lib/jenkins/workspace/agora-release-linux-2/ServerSDK-Video/src/video_recorder/event_handler.cpp:1341: level 1: INFO    (14:44: 5:252 |    0)  31764; doStartLocalRender: Receive Only Mode, local renderer still on.
AgoraCoreService[31749]: (31749) /var/lib/jenkins/workspace/agora-release-linux-2/ServerSDK-Video/src/video_recorder/event_handler.cpp:1341: level 1: INFO    (14:44: 5:252 |    0)  31764; [che] start call returns 0, elapsed 20
AgoraCoreService[31749]: (31749) /var/lib/jenkins/workspace/agora-release-linux-2/ServerSDK-Video/src/video_recorder/event_handler.cpp:1341: level 1: INFO    (14:44: 5:252 |    0)  31764; Setting dtx mode to 2
AgoraCoreService[31749]: (31749) /var/lib/jenkins/workspace/agora-release-linux-2/ServerSDK-Video/src/video_recorder/event_handler.cpp:1341: level 1: INFO    (14:44: 5:252 |    0)  31764; setNetEQMinimumPlayoutDelay delay(100)
AgoraCoreService[31749]: (31749) /var/lib/jenkins/workspace/agora-release-linux-2/ServerSDK-Video/src/video_recorder/event_handler.cpp:1341: level 1: INFO    (14:44: 5:252 |    0)  31764; join channel success: cname 'police_9_1' uid 770285064 elapsed 198
AgoraCoreService[31749]: (31749) /var/lib/jenkins/workspace/agora-release-linux-2/ServerSDK-Video/src/video_recorder/event_handler.cpp:1054: Channel counters: mix mode:0 , min port:-1 , max port:-1 ,decode audio:0 , decode_video:0 , is live:0 , idle:300 , is audio only:0 ,syslog facility:8 , mix mode height:360 , mix mode width:640 , mix mode fps:15 , mix mode kbps:500 , mix av:0, streamType:0, triggerMode:0, lang:0
AgoraCoreService[31749]: (31749) /var/lib/jenkins/workspace/agora-release-linux-2/ServerSDK-Video/src/video_recorder/event_handler.cpp:1341: level 1: INFO    (14:44: 5:252 |    0)  31764; CacheManager: save cache to storage elapsed 0
AgoraCoreService[31749]: (31749) /var/lib/jenkins/workspace/agora-release-linux-2/ServerSDK-Video/src/video_recorder/event_handler.cpp:1341: level 1: INFO    (14:44: 5:252 |    0)  31765; Channel counters: mix mode:0 , min port:-1 , max port:-1 ,decode audio:0 , decode_video:0 , is live:0 , idle:300 , is audio only:0 ,syslog facility:8 , mix mode height:360 , mix mode width:640 , mix mode fps:15 , mi
AgoraCoreService[31749]: (31749) /var/lib/jenkins/workspace/agora-release-linux-2/ServerSDK-Video/src/video_recorder/event_handler.cpp:1128: User 770285064 join channel police_9_1 success, elapsed: 198 ms
AgoraCoreService[31749]: (31749) /var/lib/jenkins/workspace/agora-release-linux-2/ServerSDK-Video/src/video_recorder/event_handler.cpp:1341: level 1: INFO    (14:44: 5:253 |    1)  31765; User 770285064 join channel police_9_1 success, elapsed: 198 ms
AgoraCoreService[31749]: (31749) /var/lib/jenkins/workspace/agora-release-linux-2/ServerSDK-Video/src/video_recorder/event_handler.cpp:1341: level 1: INFO    (14:44: 5:262 |    9)  31764; [ch0] rtt: 10
AgoraCoreService[31749]: (31749) /var/lib/jenkins/workspace/agora-release-linux-2/ServerSDK-Video/src/video_recorder/event_handler.cpp:1341: level 1: INFO    (14:44: 5:286 |   24)  31764; [vocs/u] **responsed from 119.9.92.49:8000, 3 vos, elapsed 232, server ts 1522421044704, wan ip 139.59.134.76
AgoraCoreService[31749]: (31749) /var/lib/jenkins/workspace/agora-release-linux-2/ServerSDK-Video/src/video_recorder/event_handler.cpp:1341: level 1: INFO    (14:44: 5:318 |   32)  31771; [che] onVideoSizeChanged: uid 0 640x360 rotate 0
AgoraCoreService[31749]: (31749) /var/lib/jenkins/workspace/agora-release-linux-2/ServerSDK-Video/src/video_recorder/event_handler.cpp:1341: level 1: INFO    (14:44: 7:232 |    0)  31764; notifyPeerCount: cnt 0
AgoraCoreService[31749]: (31749) /var/lib/jenkins/workspace/agora-release-linux-2/ServerSDK-Video/src/video_recorder/event_handler.cpp:1341: level 1: INFO    (14:44:10: 55 |    0)  31764; [rlbs] selected: 199.190.44.35:9700
AgoraCoreService[31749]: (31749) /var/lib/jenkins/workspace/agora-release-linux-2/ServerSDK-Video/src/video_recorder/event_handler.cpp:1341: level 1: INFO    (14:44:10: 56 |    1)  31764; [rlbs] request rs list from 199.190.44.35:9700.......
AgoraCoreService[31749]: (31749) /var/lib/jenkins/workspace/agora-release-linux-2/ServerSDK-Video/src/video_recorder/event_handler.cpp:1341: level 1: INFO    (14:44:10: 56 |    0)  31764; [rs] **report stats: seq: 11, report list size 11, tx/rx: 2202/288, cache size: 0, report success rate: -1
AgoraCoreService[31749]: (31749) /var/lib/jenkins/workspace/agora-release-linux-2/ServerSDK-Video/src/video_recorder/event_handler.cpp:1341: level 1: INFO    (14:44:10:255 |  199)  31764; [rlbs/u] responsed from 199.190.44.35:9700 with servers 128.1.78.91:8000
AgoraCoreService[31749]: (31749) /var/lib/jenkins/workspace/agora-release-linux-2/ServerSDK-Video/src/video_recorder/event_handler.cpp:1341: level 1: INFO    (14:44:11:249 |    0)  31766; Audio statistics - play count: playout count = 200  signal level: far_in = 0
recorder_local[31748]: (31748) /var/lib/jenkins/workspace/agora-release-linux-2/ServerSDK-Video/src/rec_engine/RecordingEngineImpl.cpp:502: [Wrapper] channel id: police_9_1 packet stats, total: 0, callback_->AudioFrameReceived: pcmPackets: 0, pcmTotalPackets: 0, aacPackets: 0, yuvF2Packets: 0, h264F2Packets: 0, errPackets: 0, otherPackets: 0
AgoraCoreService[31749]: (31749) /var/lib/jenkins/workspace/agora-release-linux-2/ServerSDK-Video/src/video_recorder/event_handler.cpp:907: [ARS/15s]event cnts:0, audio pkts:0, mix audio pkts:0, yuv video pkts:0, h264 video pkts:0
AgoraCoreService[31749]: (31749) /var/lib/jenkins/workspace/agora-release-linux-2/ServerSDK-Video/src/video_recorder/event_handler.cpp:1341: level 1: INFO    (14:44:20: 69 |    0)  31749; [ARS/15s]event cnts:0, audio pkts:0, mix audio pkts:0, yuv video pkts:0, h264 video pkts:0
recorder_local[31748]: (31748) /var/lib/jenkins/workspace/agora-release-linux-2/ServerSDK-Video/src/rec_engine/RecordingEngineImpl.cpp:502: [Wrapper] channel id: police_9_1 packet stats, total: 0, callback_->AudioFrameReceived: pcmPackets: 0, pcmTotalPackets: 0, aacPackets: 0, yuvF2Packets: 0, h264F2Packets: 0, errPackets: 0, otherPackets: 0
AgoraCoreService[31749]: (31749) /var/lib/jenkins/workspace/agora-release-linux-2/ServerSDK-Video/src/video_recorder/event_handler.cpp:1341: level 1: INFO    (14:44:25:249 |  180)  31766; Audio statistics - play count: playout count = 600  signal level: far_in = 0
recorder_local[31748]: (31748) /var/lib/jenkins/workspace/agora-release-linux-2/ServerSDK-Video/src/rec_engine/RecordingEngineImpl.cpp:502: [Wrapper] channel id: police_9_1 packet stats, total: 0, callback_->AudioFrameReceived: pcmPackets: 0, pcmTotalPackets: 0, aacPackets: 0, yuvF2Packets: 0, h264F2Packets: 0, errPackets: 0, otherPackets: 0
AgoraCoreService[31749]: (31749) /var/lib/jenkins/workspace/agora-release-linux-2/ServerSDK-Video/src/video_recorder/event_handler.cpp:907: [ARS/15s]event cnts:0, audio pkts:0, mix audio pkts:0, yuv video pkts:0, h264 video pkts:0
AgoraCoreService[31749]: (31749) /var/lib/jenkins/workspace/agora-release-linux-2/ServerSDK-Video/src/video_recorder/event_handler.cpp:1341: level 1: INFO    (14:44:35: 83 |    0)  31749; [ARS/15s]event cnts:0, audio pkts:0, mix audio pkts:0, yuv video pkts:0, h264 video pkts:0
AgoraCoreService[31749]: (31749) /var/lib/jenkins/workspace/agora-release-linux-2/ServerSDK-Video/src/video_recorder/event_handler.cpp:1341: level 1: INFO    (14:44:39: 55 |    0)  31764; **CALL STATS: duraton 31s cpu app/total 1.54/13.30 battery 255 tx/rx: 1/1 kbps 10.256K/5.410K bytes
AgoraCoreService[31749]: (31749) /var/lib/jenkins/workspace/agora-release-linux-2/ServerSDK-Video/src/video_recorder/event_handler.cpp:1341: level 1: INFO    (14:44:43:249 |  194)  31766; Audio statistics - play count: playout count = 600  signal level: far_in = 0
AgoraCoreService[31749]: (31749) /var/lib/jenkins/workspace/agora-release-linux-2/ServerSDK-Video/src/video_recorder/event_handler.cpp:1341: level 1: INFO    (14:44:45: 56 |    0)  31764; [rs] **report stats: seq: 24, report list size 24, tx/rx: 6125/1152, cache size: 0, report success rate: 100
recorder_local[31748]: (31748) /var/lib/jenkins/workspace/agora-release-linux-2/ServerSDK-Video/src/rec_engine/RecordingEngineImpl.cpp:502: [Wrapper] channel id: police_9_1 packet stats, total: 0, callback_->AudioFrameReceived: pcmPackets: 0, pcmTotalPackets: 0, aacPackets: 0, yuvF2Packets: 0, h264F2Packets: 0, errPackets: 0, otherPackets: 0
AgoraCoreService[31749]: (31749) /var/lib/jenkins/workspace/agora-release-linux-2/ServerSDK-Video/src/video_recorder/event_handler.cpp:907: [ARS/15s]event cnts:0, audio pkts:0, mix audio pkts:0, yuv video pkts:0, h264 video pkts:0
AgoraCoreService[31749]: (31749) /var/lib/jenkins/workspace/agora-release-linux-2/ServerSDK-Video/src/video_recorder/event_handler.cpp:1341: level 1: INFO    (14:44:50: 98 |   42)  31749; [ARS/15s]event cnts:0, audio pkts:0, mix audio pkts:0, yuv video pkts:0, h264 video pkts:0
recorder_local[31748]: (31748) /var/lib/jenkins/workspace/agora-release-linux-2/ServerSDK-Video/src/rec_engine/RecordingEngineImpl.cpp:502: [Wrapper] channel id: police_9_1 packet stats, total: 0, callback_->AudioFrameReceived: pcmPackets: 0, pcmTotalPackets: 0, aacPackets: 0, yuvF2Packets: 0, h264F2Packets: 0, errPackets: 0, otherPackets: 0
AgoraCoreService[31749]: (31749) /var/lib/jenkins/workspace/agora-release-linux-2/ServerSDK-Video/src/video_recorder/event_handler.cpp:1341: level 1: INFO    (14:45: 1:249 |  151)  31766; Audio statistics - play count: playout count = 600  signal level: far_in = 0
recorder_local[31748]: (31748) /var/lib/jenkins/workspace/agora-release-linux-2/ServerSDK-Video/src/rec_engine/RecordingEngineImpl.cpp:502: [Wrapper] channel id: police_9_1 packet stats, total: 0, callback_->AudioFrameReceived: pcmPackets: 0, pcmTotalPackets: 0, aacPackets: 0, yuvF2Packets: 0, h264F2Packets: 0, errPackets: 0, otherPackets: 0
AgoraCoreService[31749]: (31749) /var/lib/jenkins/workspace/agora-release-linux-2/ServerSDK-Video/src/video_recorder/event_handler.cpp:907: [ARS/15s]event cnts:0, audio pkts:0, mix audio pkts:0, yuv video pkts:0, h264 video pkts:0
AgoraCoreService[31749]: (31749) /var/lib/jenkins/workspace/agora-release-linux-2/ServerSDK-Video/src/video_recorder/event_handler.cpp:1341: level 1: INFO    (14:45: 5:111 |    0)  31749; [ARS/15s]event cnts:0, audio pkts:0, mix audio pkts:0, yuv video pkts:0, h264 video pkts:0
AgoraCoreService[31749]: (31749) /var/lib/jenkins/workspace/agora-release-linux-2/ServerSDK-Video/src/video_recorder/event_handler.cpp:1341: level 1: INFO    (14:45:11: 55 |    0)  31764; **CALL STATS: duraton 1m3s cpu app/total 1.84/13.69 battery 255 tx/rx: 1/1 kbps 16.638K/9.148K bytes
recorder_local[31748]: (31748) /var/lib/jenkins/workspace/agora-release-linux-2/ServerSDK-Video/src/rec_engine/RecordingEngineImpl.cpp:502: [Wrapper] channel id: police_9_1 packet stats, total: 0, callback_->AudioFrameReceived: pcmPackets: 0, pcmTotalPackets: 0, aacPackets: 0, yuvF2Packets: 0, h264F2Packets: 0, errPackets: 0, otherPackets: 0
AgoraCoreService[31749]: (31749) /var/lib/jenkins/workspace/agora-release-linux-2/ServerSDK-Video/src/video_recorder/event_handler.cpp:1341: level 1: INFO    (14:45:19:249 |  194)  31766; Audio statistics - play count: playout count = 600  signal level: far_in = 0
AgoraCoreService[31749]: (31749) /var/lib/jenkins/workspace/agora-release-linux-2/ServerSDK-Video/src/video_recorder/event_handler.cpp:1341: level 1: INFO    (14:45:20: 55 |    0)  31764; [rs] **report stats: seq: 35, report list size 35, tx/rx: 8628/1680, cache size: 0, report success rate: 100
AgoraCoreService[31749]: (31749) /var/lib/jenkins/workspace/agora-release-linux-2/ServerSDK-Video/src/video_recorder/event_handler.cpp:907: [ARS/15s]event cnts:0, audio pkts:0, mix audio pkts:0, yuv video pkts:0, h264 video pkts:0
AgoraCoreService[31749]: (31749) /var/lib/jenkins/workspace/agora-release-linux-2/ServerSDK-Video/src/video_recorder/event_handler.cpp:1341: level 1: INFO    (14:45:20:124 |   69)  31749; [ARS/15s]event cnts:0, audio pkts:0, mix audio pkts:0, yuv video pkts:0, h264 video pkts:0
recorder_local[31748]: (31748) /var/lib/jenkins/workspace/agora-release-linux-2/ServerSDK-Video/src/rec_engine/RecordingEngineImpl.cpp:502: [Wrapper] channel id: police_9_1 packet stats, total: 0, callback_->AudioFrameReceived: pcmPackets: 0, pcmTotalPackets: 0, aacPackets: 0, yuvF2Packets: 0, h264F2Packets: 0, errPackets: 0, otherPackets: 0
recorder_local[31748]: (31748) /var/lib/jenkins/workspace/agora-release-linux-2/ServerSDK-Video/src/rec_engine/RecordingEngineImpl.cpp:502: [Wrapper] channel id: police_9_1 packet stats, total: 0, callback_->AudioFrameReceived: pcmPackets: 0, pcmTotalPackets: 0, aacPackets: 0, yuvF2Packets: 0, h264F2Packets: 0, errPackets: 0, otherPackets: 0
AgoraCoreService[31749]: (31749) /var/lib/jenkins/workspace/agora-release-linux-2/ServerSDK-Video/src/video_recorder/event_handler.cpp:907: [ARS/15s]event cnts:0, audio pkts:0, mix audio pkts:0, yuv video pkts:0, h264 video pkts:0
AgoraCoreService[31749]: (31749) /var/lib/jenkins/workspace/agora-release-linux-2/ServerSDK-Video/src/video_recorder/event_handler.cpp:1341: level 1: INFO    (14:45:35:139 |   15)  31749; [ARS/15s]event cnts:0, audio pkts:0, mix audio pkts:0, yuv video pkts:0, h264 video pkts:0
AgoraCoreService[31749]: (31749) /var/lib/jenkins/workspace/agora-release-linux-2/ServerSDK-Video/src/video_recorder/event_handler.cpp:1341: level 1: INFO    (14:45:37:249 |  110)  31766; Audio statistics - play count: playout count = 600  signal level: far_in = 0
AgoraCoreService[31749]: (31749) /var/lib/jenkins/workspace/agora-release-linux-2/ServerSDK-Video/src/video_recorder/event_handler.cpp:1341: level 1: INFO    (14:45:41: 56 |    0)  31764; **CALL STATS: duraton 1m33s cpu app/total 1.39/19.0 battery 255 tx/rx: 2/1 kbps 22.868K/12.658K bytes
recorder_local[31748]: (31748) /var/lib/jenkins/workspace/agora-release-linux-2/ServerSDK-Video/src/rec_engine/RecordingEngineImpl.cpp:502: [Wrapper] channel id: police_9_1 packet stats, total: 0, callback_->AudioFrameReceived: pcmPackets: 0, pcmTotalPackets: 0, aacPackets: 0, yuvF2Packets: 0, h264F2Packets: 0, errPackets: 0, otherPackets: 0
AgoraCoreService[31749]: (31749) /var/lib/jenkins/workspace/agora-release-linux-2/ServerSDK-Video/src/video_recorder/event_handler.cpp:1341: level 1: INFO    (14:45:50: 55 |    0)  31764; [rs] **report stats: seq: 44, report list size 22, tx/rx: 10687/2112, cache size: 0, report success rate: 100
AgoraCoreService[31749]: (31749) /var/lib/jenkins/workspace/agora-release-linux-2/ServerSDK-Video/src/video_recorder/event_handler.cpp:907: [ARS/15s]event cnts:0, audio pkts:0, mix audio pkts:0, yuv video pkts:0, h264 video pkts:0
AgoraCoreService[31749]: (31749) /var/lib/jenkins/workspace/agora-release-linux-2/ServerSDK-Video/src/video_recorder/event_handler.cpp:1341: level 1: INFO    (14:45:50:154 |   99)  31749; [ARS/15s]event cnts:0, audio pkts:0, mix audio pkts:0, yuv video pkts:0, h264 video pkts:0
recorder_local[31748]: (31748) /var/lib/jenkins/workspace/agora-release-linux-2/ServerSDK-Video/src/rec_engine/RecordingEngineImpl.cpp:502: [Wrapper] channel id: police_9_1 packet stats, total: 0, callback_->AudioFrameReceived: pcmPackets: 0, pcmTotalPackets: 0, aacPackets: 0, yuvF2Packets: 0, h264F2Packets: 0, errPackets: 0, otherPackets: 0
AgoraCoreService[31749]: (31749) /var/lib/jenkins/workspace/agora-release-linux-2/ServerSDK-Video/src/video_recorder/event_handler.cpp:1341: level 1: INFO    (14:45:55:249 |   95)  31766; Audio statistics - play count: playout count = 600  signal level: far_in = 0
recorder_local[31748]: (31748) /var/lib/jenkins/workspace/agora-release-linux-2/ServerSDK-Video/src/rec_engine/RecordingEngineImpl.cpp:502: [Wrapper] channel id: police_9_1 packet stats, total: 0, callback_->AudioFrameReceived: pcmPackets: 0, pcmTotalPackets: 0, aacPackets: 0, yuvF2Packets: 0, h264F2Packets: 0, errPackets: 0, otherPackets: 0
AgoraCoreService[31749]: (31749) /var/lib/jenkins/workspace/agora-release-linux-2/ServerSDK-Video/src/video_recorder/event_handler.cpp:907: [ARS/15s]event cnts:0, audio pkts:0, mix audio pkts:0, yuv video pkts:0, h264 video pkts:0
AgoraCoreService[31749]: (31749) /var/lib/jenkins/workspace/agora-release-linux-2/ServerSDK-Video/src/video_recorder/event_handler.cpp:1341: level 1: INFO    (14:46: 5:168 |    0)  31749; [ARS/15s]event cnts:0, audio pkts:0, mix audio pkts:0, yuv video pkts:0, h264 video pkts:0
AgoraCoreService[31749]: (31749) /var/lib/jenkins/workspace/agora-release-linux-2/ServerSDK-Video/src/video_recorder/event_handler.cpp:1341: level 1: INFO    (14:46:13: 56 |    0)  31764; **CALL STATS: duraton 2m5s cpu app/total 1.38/25.92 battery 255 tx/rx: 2/0 kbps 29.311K/16.318K bytes
AgoraCoreService[31749]: (31749) /var/lib/jenkins/workspace/agora-release-linux-2/ServerSDK-Video/src/video_recorder/event_handler.cpp:1341: level 1: INFO    (14:46:13:249 |  193)  31766; Audio statistics - play count: playout count = 600  signal level: far_in = 0
recorder_local[31748]: (31748) /var/lib/jenkins/workspace/agora-release-linux-2/ServerSDK-Video/src/rec_engine/RecordingEngineImpl.cpp:502: [Wrapper] channel id: police_9_1 packet stats, total: 0, callback_->AudioFrameReceived: pcmPackets: 0, pcmTotalPackets: 0, aacPackets: 0, yuvF2Packets: 0, h264F2Packets: 0, errPackets: 0, otherPackets: 0
AgoraCoreService[31749]: (31749) /var/lib/jenkins/workspace/agora-release-linux-2/ServerSDK-Video/src/video_recorder/event_handler.cpp:907: [ARS/15s]event cnts:0, audio pkts:0, mix audio pkts:0, yuv video pkts:0, h264 video pkts:0
AgoraCoreService[31749]: (31749) /var/lib/jenkins/workspace/agora-release-linux-2/ServerSDK-Video/src/video_recorder/event_handler.cpp:1341: level 1: INFO    (14:46:20:182 |    0)  31749; [ARS/15s]event cnts:0, audio pkts:0, mix audio pkts:0, yuv video pkts:0, h264 video pkts:0
AgoraCoreService[31749]: (31749) /var/lib/jenkins/workspace/agora-release-linux-2/ServerSDK-Video/src/video_recorder/event_handler.cpp:1341: level 1: INFO    (14:46:25: 55 |    0)  31764; [rs] **report stats: seq: 54, report list size 22, tx/rx: 12964/2592, cache size: 0, report success rate: 100
recorder_local[31748]: (31748) /var/lib/jenkins/workspace/agora-release-linux-2/ServerSDK-Video/src/rec_engine/RecordingEngineImpl.cpp:502: [Wrapper] channel id: police_9_1 packet stats, total: 0, callback_->AudioFrameReceived: pcmPackets: 0, pcmTotalPackets: 0, aacPackets: 0, yuvF2Packets: 0, h264F2Packets: 0, errPackets: 0, otherPackets: 0
AgoraCoreService[31749]: (31749) /var/lib/jenkins/workspace/agora-release-linux-2/ServerSDK-Video/src/video_recorder/event_handler.cpp:1341: level 1: INFO    (14:46:31:249 |  194)  31766; Audio statistics - play count: playout count = 600  signal level: far_in = 0
recorder_local[31748]: (31748) /var/lib/jenkins/workspace/agora-release-linux-2/ServerSDK-Video/src/rec_engine/RecordingEngineImpl.cpp:502: [Wrapper] channel id: police_9_1 packet stats, total: 0, callback_->AudioFrameReceived: pcmPackets: 0, pcmTotalPackets: 0, aacPackets: 0, yuvF2Packets: 0, h264F2Packets: 0, errPackets: 0, otherPackets: 0
AgoraCoreService[31749]: (31749) /var/lib/jenkins/workspace/agora-release-linux-2/ServerSDK-Video/src/video_recorder/event_handler.cpp:907: [ARS/15s]event cnts:0, audio pkts:0, mix audio pkts:0, yuv video pkts:0, h264 video pkts:0
AgoraCoreService[31749]: (31749) /var/lib/jenkins/workspace/agora-release-linux-2/ServerSDK-Video/src/video_recorder/event_handler.cpp:1341: level 1: INFO    (14:46:35:194 |    0)  31749; [ARS/15s]event cnts:0, audio pkts:0, mix audio pkts:0, yuv video pkts:0, h264 video pkts:0
AgoraCoreService[31749]: (31749) /var/lib/jenkins/workspace/agora-release-linux-2/ServerSDK-Video/src/video_recorder/event_handler.cpp:1341: level 1: INFO    (14:46:45: 55 |    0)  31764; **CALL STATS: duraton 2m37s cpu app/total 2.70/16.0 battery 255 tx/rx: 1/1 kbps 35.626K/20.104K bytes
recorder_local[31748]: (31748) /var/lib/jenkins/workspace/agora-release-linux-2/ServerSDK-Video/src/rec_engine/RecordingEngineImpl.cpp:502: [Wrapper] channel id: police_9_1 packet stats, total: 0, callback_->AudioFrameReceived: pcmPackets: 0, pcmTotalPackets: 0, aacPackets: 0, yuvF2Packets: 0, h264F2Packets: 0, errPackets: 0, otherPackets: 0
AgoraCoreService[31749]: (31749) /var/lib/jenkins/workspace/agora-release-linux-2/ServerSDK-Video/src/video_recorder/event_handler.cpp:1341: level 1: INFO    (14:46:49:249 |  194)  31766; Audio statistics - play count: playout count = 600  signal level: far_in = 0
AgoraCoreService[31749]: (31749) /var/lib/jenkins/workspace/agora-release-linux-2/ServerSDK-Video/src/video_recorder/event_handler.cpp:907: [ARS/15s]event cnts:0, audio pkts:0, mix audio pkts:0, yuv video pkts:0, h264 video pkts:0
AgoraCoreService[31749]: (31749) /var/lib/jenkins/workspace/agora-release-linux-2/ServerSDK-Video/src/video_recorder/event_handler.cpp:1341: level 1: INFO    (14:46:50:209 |    0)  31749; [ARS/15s]event cnts:0, audio pkts:0, mix audio pkts:0, yuv video pkts:0, h264 video pkts:0
recorder_local[31748]: (31748) /var/lib/jenkins/workspace/agora-release-linux-2/ServerSDK-Video/src/rec_engine/RecordingEngineImpl.cpp:502: [Wrapper] channel id: police_9_1 packet stats, total: 0, callback_->AudioFrameReceived: pcmPackets: 0, pcmTotalPackets: 0, aacPackets: 0, yuvF2Packets: 0, h264F2Packets: 0, errPackets: 0, otherPackets: 0
AgoraCoreService[31749]: (31749) /var/lib/jenkins/workspace/agora-release-linux-2/ServerSDK-Video/src/video_recorder/event_handler.cpp:1341: level 1: INFO    (14:47: 0: 56 |    0)  31764; [rs] **report stats: seq: 65, report list size 23, tx/rx: 15492/3120, cache size: 0, report success rate: 100
recorder_local[31748]: (31748) /var/lib/jenkins/workspace/agora-release-linux-2/ServerSDK-Video/src/rec_engine/RecordingEngineImpl.cpp:502: [Wrapper] channel id: police_9_1 packet stats, total: 0, callback_->AudioFrameReceived: pcmPackets: 0, pcmTotalPackets: 0, aacPackets: 0, yuvF2Packets: 0, h264F2Packets: 0, errPackets: 0, otherPackets: 0
AgoraCoreService[31749]: (31749) /var/lib/jenkins/workspace/agora-release-linux-2/ServerSDK-Video/src/video_recorder/event_handler.cpp:907: [ARS/15s]event cnts:0, audio pkts:0, mix audio pkts:0, yuv video pkts:0, h264 video pkts:0
AgoraCoreService[31749]: (31749) /var/lib/jenkins/workspace/agora-release-linux-2/ServerSDK-Video/src/video_recorder/event_handler.cpp:1341: level 1: INFO    (14:47: 5:223 |  167)  31749; [ARS/15s]event cnts:0, audio pkts:0, mix audio pkts:0, yuv video pkts:0, h264 video pkts:0
AgoraCoreService[31749]: (31749) /var/lib/jenkins/workspace/agora-release-linux-2/ServerSDK-Video/src/video_recorder/event_handler.cpp:1341: level 1: INFO    (14:47: 7:249 |   26)  31766; Audio statistics - play count: playout count = 600  signal level: far_in = 0
recorder_local[31748]: (31748) /var/lib/jenkins/workspace/agora-release-linux-2/ServerSDK-Video/src/rec_engine/RecordingEngineImpl.cpp:502: [Wrapper] channel id: police_9_1 packet stats, total: 0, callback_->AudioFrameReceived: pcmPackets: 0, pcmTotalPackets: 0, aacPackets: 0, yuvF2Packets: 0, h264F2Packets: 0, errPackets: 0, otherPackets: 0
AgoraCoreService[31749]: (31749) /var/lib/jenkins/workspace/agora-release-linux-2/ServerSDK-Video/src/video_recorder/event_handler.cpp:1341: level 1: INFO    (14:47:17: 56 |    0)  31764; **CALL STATS: duraton 3m9s cpu app/total 1.38/26.26 battery 255 tx/rx: 1/1 kbps 42.4K/23.866K bytes
AgoraCoreService[31749]: (31749) /var/lib/jenkins/workspace/agora-release-linux-2/ServerSDK-Video/src/video_recorder/event_handler.cpp:907: [ARS/15s]event cnts:0, audio pkts:0, mix audio pkts:0, yuv video pkts:0, h264 video pkts:0
AgoraCoreService[31749]: (31749) /var/lib/jenkins/workspace/agora-release-linux-2/ServerSDK-Video/src/video_recorder/event_handler.cpp:1341: level 1: INFO    (14:47:20:238 |  182)  31749; [ARS/15s]event cnts:0, audio pkts:0, mix audio pkts:0, yuv video pkts:0, h264 video pkts:0
recorder_local[31748]: (31748) /var/lib/jenkins/workspace/agora-release-linux-2/ServerSDK-Video/src/rec_engine/RecordingEngineImpl.cpp:502: [Wrapper] channel id: police_9_1 packet stats, total: 0, callback_->AudioFrameReceived: pcmPackets: 0, pcmTotalPackets: 0, aacPackets: 0, yuvF2Packets: 0, h264F2Packets: 0, errPackets: 0, otherPackets: 0
AgoraCoreService[31749]: (31749) /var/lib/jenkins/workspace/agora-release-linux-2/ServerSDK-Video/src/video_recorder/event_handler.cpp:1341: level 1: INFO    (14:47:25:249 |   11)  31766; Audio statistics - play count: playout count = 600  signal level: far_in = 0
AgoraCoreService[31749]: (31749) /var/lib/jenkins/workspace/agora-release-linux-2/ServerSDK-Video/src/video_recorder/event_handler.cpp:1341: level 1: INFO    (14:47:35: 55 |    0)  31764; [rs] **report stats: seq: 76, report list size 23, tx/rx: 18005/3648, cache size: 0, report success rate: 100
recorder_local[31748]: (31748) /var/lib/jenkins/workspace/agora-release-linux-2/ServerSDK-Video/src/rec_engine/RecordingEngineImpl.cpp:502: [Wrapper] channel id: police_9_1 packet stats, total: 0, callback_->AudioFrameReceived: pcmPackets: 0, pcmTotalPackets: 0, aacPackets: 0, yuvF2Packets: 0, h264F2Packets: 0, errPackets: 0, otherPackets: 0
AgoraCoreService[31749]: (31749) /var/lib/jenkins/workspace/agora-release-linux-2/ServerSDK-Video/src/video_recorder/event_handler.cpp:907: [ARS/15s]event cnts:0, audio pkts:0, mix audio pkts:0, yuv video pkts:0, h264 video pkts:0
AgoraCoreService[31749]: (31749) /var/lib/jenkins/workspace/agora-release-linux-2/ServerSDK-Video/src/video_recorder/event_handler.cpp:1341: level 1: INFO    (14:47:35:251 |  196)  31749; [ARS/15s]event cnts:0, audio pkts:0, mix audio pkts:0, yuv video pkts:0, h264 video pkts:0
AgoraCoreService[31749]: (31749) /var/lib/jenkins/workspace/agora-release-linux-2/ServerSDK-Video/src/video_recorder/event_handler.cpp:1341: level 1: INFO    (14:47:43:249 |    0)  31766; Audio statistics - play count: playout count = 600  signal level: far_in = 0
recorder_local[31748]: (31748) /var/lib/jenkins/workspace/agora-release-linux-2/ServerSDK-Video/src/rec_engine/RecordingEngineImpl.cpp:502: [Wrapper] channel id: police_9_1 packet stats, total: 0, callback_->AudioFrameReceived: pcmPackets: 0, pcmTotalPackets: 0, aacPackets: 0, yuvF2Packets: 0, h264F2Packets: 0, errPackets: 0, otherPackets: 0
AgoraCoreService[31749]: (31749) /var/lib/jenkins/workspace/agora-release-linux-2/ServerSDK-Video/src/video_recorder/event_handler.cpp:1341: level 1: INFO    (14:47:49: 55 |    0)  31764; **CALL STATS: duraton 3m41s cpu app/total 1.40/14.34 battery 255 tx/rx: 2/0 kbps 48.702K/27.526K bytes
AgoraCoreService[31749]: (31749) /var/lib/jenkins/workspace/agora-release-linux-2/ServerSDK-Video/src/video_recorder/event_handler.cpp:907: [ARS/15s]event cnts:0, audio pkts:0, mix audio pkts:0, yuv video pkts:0, h264 video pkts:0
AgoraCoreService[31749]: (31749) /var/lib/jenkins/workspace/agora-release-linux-2/ServerSDK-Video/src/video_recorder/event_handler.cpp:1341: level 1: INFO    (14:47:50:265 |  210)  31749; [ARS/15s]event cnts:0, audio pkts:0, mix audio pkts:0, yuv video pkts:0, h264 video pkts:0
recorder_local[31748]: (31748) /var/lib/jenkins/workspace/agora-release-linux-2/ServerSDK-Video/src/rec_engine/RecordingEngineImpl.cpp:502: [Wrapper] channel id: police_9_1 packet stats, total: 0, callback_->AudioFrameReceived: pcmPackets: 0, pcmTotalPackets: 0, aacPackets: 0, yuvF2Packets: 0, h264F2Packets: 0, errPackets: 0, otherPackets: 0
AgoraCoreService[31749]: (31749) /var/lib/jenkins/workspace/agora-release-linux-2/ServerSDK-Video/src/video_recorder/event_handler.cpp:1341: level 1: INFO    (14:48: 1:249 |    0)  31766; Audio statistics - play count: playout count = 600  signal level: far_in = 0
recorder_local[31748]: (31748) /var/lib/jenkins/workspace/agora-release-linux-2/ServerSDK-Video/src/rec_engine/RecordingEngineImpl.cpp:502: [Wrapper] channel id: police_9_1 packet stats, total: 0, callback_->AudioFrameReceived: pcmPackets: 0, pcmTotalPackets: 0, aacPackets: 0, yuvF2Packets: 0, h264F2Packets: 0, errPackets: 0, otherPackets: 0
AgoraCoreService[31749]: (31749) /var/lib/jenkins/workspace/agora-release-linux-2/ServerSDK-Video/src/video_recorder/event_handler.cpp:907: [ARS/15s]event cnts:0, audio pkts:0, mix audio pkts:0, yuv video pkts:0, h264 video pkts:0
AgoraCoreService[31749]: (31749) /var/lib/jenkins/workspace/agora-release-linux-2/ServerSDK-Video/src/video_recorder/event_handler.cpp:1341: level 1: INFO    (14:48: 5:279 |   30)  31749; [ARS/15s]event cnts:0, audio pkts:0, mix audio pkts:0, yuv video pkts:0, h264 video pkts:0
AgoraCoreService[31749]: (31749) /var/lib/jenkins/workspace/agora-release-linux-2/ServerSDK-Video/src/video_recorder/event_handler.cpp:1341: level 1: INFO    (14:48:10: 55 |    0)  31764; [rs] **report stats: seq: 86, report list size 23, tx/rx: 20292/4128, cache size: 0, report success rate: 100
recorder_local[31748]: (31748) /var/lib/jenkins/workspace/agora-release-linux-2/ServerSDK-Video/src/rec_engine/RecordingEngineImpl.cpp:502: [Wrapper] channel id: police_9_1 packet stats, total: 0, callback_->AudioFrameReceived: pcmPackets: 0, pcmTotalPackets: 0, aacPackets: 0, yuvF2Packets: 0, h264F2Packets: 0, errPackets: 0, otherPackets: 0
AgoraCoreService[31749]: (31749) /var/lib/jenkins/workspace/agora-release-linux-2/ServerSDK-Video/src/video_recorder/event_handler.cpp:1341: level 1: INFO    (14:48:19: 56 |    1)  31764; **CALL STATS: duraton 4m11s cpu app/total 1.94/11.98 battery 255 tx/rx: 1/0 kbps 54.480K/31.12K bytes
AgoraCoreService[31749]: (31749) /var/lib/jenkins/workspace/agora-release-linux-2/ServerSDK-Video/src/video_recorder/event_handler.cpp:1341: level 1: INFO    (14:48:19:249 |  193)  31766; Audio statistics - play count: playout count = 600  signal level: far_in = 0
AgoraCoreService[31749]: (31749) /var/lib/jenkins/workspace/agora-release-linux-2/ServerSDK-Video/src/video_recorder/event_handler.cpp:907: [ARS/15s]event cnts:0, audio pkts:0, mix audio pkts:0, yuv video pkts:0, h264 video pkts:0
AgoraCoreService[31749]: (31749) /var/lib/jenkins/workspace/agora-release-linux-2/ServerSDK-Video/src/video_recorder/event_handler.cpp:1341: level 1: INFO    (14:48:20:293 |   44)  31749; [ARS/15s]event cnts:0, audio pkts:0, mix audio pkts:0, yuv video pkts:0, h264 video pkts:0
recorder_local[31748]: (31748) /var/lib/jenkins/workspace/agora-release-linux-2/ServerSDK-Video/src/rec_engine/RecordingEngineImpl.cpp:502: [Wrapper] channel id: police_9_1 packet stats, total: 0, callback_->AudioFrameReceived: pcmPackets: 0, pcmTotalPackets: 0, aacPackets: 0, yuvF2Packets: 0, h264F2Packets: 0, errPackets: 0, otherPackets: 0
recorder_local[31748]: (31748) /var/lib/jenkins/workspace/agora-release-linux-2/ServerSDK-Video/src/rec_engine/RecordingEngineImpl.cpp:502: [Wrapper] channel id: police_9_1 packet stats, total: 0, callback_->AudioFrameReceived: pcmPackets: 0, pcmTotalPackets: 0, aacPackets: 0, yuvF2Packets: 0, h264F2Packets: 0, errPackets: 0, otherPackets: 0
AgoraCoreService[31749]: (31749) /var/lib/jenkins/workspace/agora-release-linux-2/ServerSDK-Video/src/video_recorder/event_handler.cpp:907: [ARS/15s]event cnts:0, audio pkts:0, mix audio pkts:0, yuv video pkts:0, h264 video pkts:0
AgoraCoreService[31749]: (31749) /var/lib/jenkins/workspace/agora-release-linux-2/ServerSDK-Video/src/video_recorder/event_handler.cpp:1341: level 1: INFO    (14:48:35:306 |   13)  31749; [ARS/15s]event cnts:0, audio pkts:0, mix audio pkts:0, yuv video pkts:0, h264 video pkts:0
AgoraCoreService[31749]: (31749) /var/lib/jenkins/workspace/agora-release-linux-2/ServerSDK-Video/src/video_recorder/event_handler.cpp:1341: level 1: INFO    (14:48:37:249 |    0)  31766; Audio statistics - play count: playout count = 600  signal level: far_in = 0
AgoraCoreService[31749]: (31749) /var/lib/jenkins/workspace/agora-release-linux-2/ServerSDK-Video/src/video_recorder/event_handler.cpp:1341: level 1: INFO    (14:48:45: 55 |    0)  31764; [rs] **report stats: seq: 96, report list size 22, tx/rx: 22547/4608, cache size: 0, report success rate: 100
recorder_local[31748]: (31748) /var/lib/jenkins/workspace/agora-release-linux-2/ServerSDK-Video/src/rec_engine/RecordingEngineImpl.cpp:502: [Wrapper] channel id: police_9_1 packet stats, total: 0, callback_->AudioFrameReceived: pcmPackets: 0, pcmTotalPackets: 0, aacPackets: 0, yuvF2Packets: 0, h264F2Packets: 0, errPackets: 0, otherPackets: 0
AgoraCoreService[31749]: (31749) /var/lib/jenkins/workspace/agora-release-linux-2/ServerSDK-Video/src/video_recorder/event_handler.cpp:907: [ARS/15s]event cnts:0, audio pkts:0, mix audio pkts:0, yuv video pkts:0, h264 video pkts:0
AgoraCoreService[31749]: (31749) /var/lib/jenkins/workspace/agora-release-linux-2/ServerSDK-Video/src/video_recorder/event_handler.cpp:1341: level 1: INFO    (14:48:50:321 |  266)  31749; [ARS/15s]event cnts:0, audio pkts:0, mix audio pkts:0, yuv video pkts:0, h264 video pkts:0
AgoraCoreService[31749]: (31749) /var/lib/jenkins/workspace/agora-release-linux-2/ServerSDK-Video/src/video_recorder/event_handler.cpp:1341: level 1: INFO    (14:48:51: 55 |    0)  31764; **CALL STATS: duraton 4m43s cpu app/total 1.43/23.92 battery 255 tx/rx: 1/1 kbps 60.862K/34.774K bytes
AgoraCoreService[31749]: (31749) /var/lib/jenkins/workspace/agora-release-linux-2/ServerSDK-Video/src/video_recorder/event_handler.cpp:1341: level 1: INFO    (14:48:55:249 |  194)  31766; Audio statistics - play count: playout count = 600  signal level: far_in = 0
recorder_local[31748]: (31748) /var/lib/jenkins/workspace/agora-release-linux-2/ServerSDK-Video/src/rec_engine/RecordingEngineImpl.cpp:502: [Wrapper] channel id: police_9_1 packet stats, total: 0, callback_->AudioFrameReceived: pcmPackets: 0, pcmTotalPackets: 0, aacPackets: 0, yuvF2Packets: 0, h264F2Packets: 0, errPackets: 0, otherPackets: 0
recorder_local[31748]: (31748) /var/lib/jenkins/workspace/agora-release-linux-2/ServerSDK-Video/src/rec_engine/RecordingEngineImpl.cpp:502: [Wrapper] channel id: police_9_1 packet stats, total: 0, callback_->AudioFrameReceived: pcmPackets: 0, pcmTotalPackets: 0, aacPackets: 0, yuvF2Packets: 0, h264F2Packets: 0, errPackets: 0, otherPackets: 0
AgoraCoreService[31749]: (31749) /var/lib/jenkins/workspace/agora-release-linux-2/ServerSDK-Video/src/video_recorder/event_handler.cpp:907: [ARS/15s]event cnts:0, audio pkts:0, mix audio pkts:0, yuv video pkts:0, h264 video pkts:0
AgoraCoreService[31749]: (31749) /var/lib/jenkins/workspace/agora-release-linux-2/ServerSDK-Video/src/video_recorder/event_handler.cpp:1341: level 1: INFO    (14:49: 5:335 |   86)  31749; [ARS/15s]event cnts:0, audio pkts:0, mix audio pkts:0, yuv video pkts:0, h264 video pkts:0
AgoraCoreService[31749]: (31749) /var/lib/jenkins/workspace/agora-release-linux-2/ServerSDK-Video/src/video_recorder/event_handler.cpp:1334: No users in channel for 300 seconds, aborting, leave_code:4.
AgoraCoreService[31749]: (31749) /var/lib/jenkins/workspace/agora-release-linux-2/ServerSDK-Video/src/video_recorder/event_handler.cpp:1341: level 2: WARN    (14:49: 7: 56 |    0)  31765; No users in channel for 300 seconds, aborting, leave_code:4.
AgoraCoreService[31749]: (31749) /var/lib/jenkins/workspace/agora-release-linux-2/ServerSDK-Video/src/video_recorder/event_handler.cpp:888: ARS push leave pkt to queue inform wrapper
AgoraCoreService[31749]: (31749) /var/lib/jenkins/workspace/agora-release-linux-2/ServerSDK-Video/src/video_recorder/event_handler.cpp:1341: level 1: INFO    (14:49: 7:338 |  282)  31749; ARS push leave pkt to queue inform wrapper
AgoraCoreService[31749]: (31749) /var/lib/jenkins/workspace/agora-release-linux-2/ServerSDK-Video/src/video_recorder/event_handler.cpp:858: Before cleanup cnt 0, errno 2 4, joined_ 1, term_sig 1, leave path code 12
AgoraCoreService[31749]: (31749) /var/lib/jenkins/workspace/agora-release-linux-2/ServerSDK-Video/src/video_recorder/event_handler.cpp:1341: level 2: WARN    (14:49: 7:838 |  500)  31749; Before cleanup cnt 0, errno 2 4, joined_ 1, term_sig 1, leave path code 12
AgoraCoreService[31749]: (31749) /var/lib/jenkins/workspace/agora-release-linux-2/ServerSDK-Video/src/video_recorder/event_handler.cpp:582: Leaving channel and ready to cleanup
AgoraCoreService[31749]: (31749) /var/lib/jenkins/workspace/agora-release-linux-2/ServerSDK-Video/src/video_recorder/event_handler.cpp:1341: level 1: INFO    (14:49: 7:838 |    0)  31749; Leaving channel and ready to cleanup
AgoraCoreService[31749]: (31749) /var/lib/jenkins/workspace/agora-release-linux-2/ServerSDK-Video/src/video_recorder/event_handler.cpp:1341: level 1: INFO    (14:49: 7:838 |    0)  31749; API call to leave channel
AgoraCoreService[31749]: (31749) /var/lib/jenkins/workspace/agora-release-linux-2/ServerSDK-Video/src/video_recorder/event_handler.cpp:1341: level 1: INFO    (14:49: 7:839 |    1)  31764; [cm] emit leave channel signal
AgoraCoreService[31749]: (31749) /var/lib/jenkins/workspace/agora-release-linux-2/ServerSDK-Video/src/video_recorder/event_handler.cpp:1334: No users in channel for 300 seconds, aborting, leave_code:12.
AgoraCoreService[31749]: (31749) /var/lib/jenkins/workspace/agora-release-linux-2/ServerSDK-Video/src/video_recorder/event_handler.cpp:1341: level 2: WARN    (14:49: 7:839 |    0)  31765; No users in channel for 300 seconds, aborting, leave_code:12.
AgoraCoreService[31749]: (31749) /var/lib/jenkins/workspace/agora-release-linux-2/ServerSDK-Video/src/video_recorder/event_handler.cpp:1341: level 1: INFO    (14:49: 7:839 |    0)  31764; **CALL STATS: duration 5m2s, tx 64.829K bytes, rx 37.6K bytes, total 101.835K bytes
AgoraCoreService[31749]: (31749) /var/lib/jenkins/workspace/agora-release-linux-2/ServerSDK-Video/src/video_recorder/event_handler.cpp:1341: level 1: INFO    (14:49: 7:839 |    0)  31764; stopLocalRender
AgoraCoreService[31749]: (31749) /var/lib/jenkins/workspace/agora-release-linux-2/ServerSDK-Video/src/video_recorder/event_handler.cpp:1341: level 1: INFO    (14:49: 7:839 |    0)  31764; stopLocalRender success
AgoraCoreService[31749]: (31749) /var/lib/jenkins/workspace/agora-release-linux-2/ServerSDK-Video/src/video_recorder/event_handler.cpp:1341: level 1: INFO    (14:49: 7:839 |    0)  31764; AgoraVideoInput::Stop
AgoraCoreService[31749]: (31749) /var/lib/jenkins/workspace/agora-release-linux-2/ServerSDK-Video/src/video_recorder/event_handler.cpp:1341: level 1: INFO    (14:49: 7:839 |    0)  31773; Thread with name:WebRtc_event_timer_thread stopped
AgoraCoreService[31749]: (31749) /var/lib/jenkins/workspace/agora-release-linux-2/ServerSDK-Video/src/video_recorder/event_handler.cpp:1341: level 1: INFO    (14:49: 7:840 |    1)  31764; AgoraVideoInput::Destroy
AgoraCoreService[31749]: (31749) /var/lib/jenkins/workspace/agora-release-linux-2/ServerSDK-Video/src/video_recorder/event_handler.cpp:1341: level 1: INFO    (14:49: 7:840 |    0)  31772; Thread with name:ExternalCaptureThread stopped
AgoraCoreService[31749]: (31749) /var/lib/jenkins/workspace/agora-release-linux-2/ServerSDK-Video/src/video_recorder/event_handler.cpp:1341: level 1: INFO    (14:49: 7:896 |   56)  31771; Thread with name:AgoraInputThread stopped
AgoraCoreService[31749]: (31749) /var/lib/jenkins/workspace/agora-release-linux-2/ServerSDK-Video/src/video_recorder/event_handler.cpp:1341: level 1: INFO    (14:49: 7:900 |    4)  31764; stopCapture: stopCapture success
AgoraCoreService[31749]: (31749) /var/lib/jenkins/workspace/agora-release-linux-2/ServerSDK-Video/src/video_recorder/event_handler.cpp:1341: level 1: INFO    (14:49: 7:900 |    0)  31764; stopRemoteRender
AgoraCoreService[31749]: (31749) /var/lib/jenkins/workspace/agora-release-linux-2/ServerSDK-Video/src/video_recorder/event_handler.cpp:1341: level 1: INFO    (14:49: 7:900 |    0)  31764; [che] stopCall begins
AgoraCoreService[31749]: (31749) /var/lib/jenkins/workspace/agora-release-linux-2/ServerSDK-Video/src/video_recorder/event_handler.cpp:1341: level 1: INFO    (14:49: 7:901 |    1)  31764; StopRecording complete
AgoraCoreService[31749]: (31749) /var/lib/jenkins/workspace/agora-release-linux-2/ServerSDK-Video/src/video_recorder/event_handler.cpp:1341: level 1: INFO    (14:49: 7:901 |    0)  31764; StopPlayout complete
AgoraCoreService[31749]: (31749) /var/lib/jenkins/workspace/agora-release-linux-2/ServerSDK-Video/src/video_recorder/event_handler.cpp:1341: level 1: INFO    (14:49: 7:901 |    0)  31764; [che] stop call returns 0, elapsed 0
AgoraCoreService[31749]: (31749) /var/lib/jenkins/workspace/agora-release-linux-2/ServerSDK-Video/src/video_recorder/event_handler.cpp:1341: level 1: INFO    (14:49: 7:901 |    0)  31764; [rs] **report stats: seq: 106, report list size 25, tx/rx: 24611/4944, cache size: 0, report success rate: 100
AgoraCoreService[31749]: (31749) /var/lib/jenkins/workspace/agora-release-linux-2/ServerSDK-Video/src/video_recorder/event_handler.cpp:1341: level 1: INFO    (14:49: 7:901 |    0)  31764; CacheManager: save cache to storage elapsed 0
AgoraCoreService[31749]: (31749) /var/lib/jenkins/workspace/agora-release-linux-2/ServerSDK-Video/src/video_recorder/event_handler.cpp:1341: level 1: INFO    (14:49: 7:901 |    0)  31764; [ch0] vos destroyed
AgoraCoreService[31749]: (31749) /var/lib/jenkins/workspace/agora-release-linux-2/ServerSDK-Video/src/video_recorder/event_handler.cpp:1341: level 1: INFO    (14:49: 7:902 |    1)  31764; delRef of media engine, ref=0
AgoraCoreService[31749]: (31749) /var/lib/jenkins/workspace/agora-release-linux-2/ServerSDK-Video/src/video_recorder/event_handler.cpp:1341: level 1: INFO    (14:49: 7:902 |    0)  31764; [che] chat engine destroying
AgoraCoreService[31749]: (31749) /var/lib/jenkins/workspace/agora-release-linux-2/ServerSDK-Video/src/video_recorder/event_handler.cpp:1341: level 1: INFO    (14:49: 7:902 |    0)  31764; stopLocalRender
AgoraCoreService[31749]: (31749) /var/lib/jenkins/workspace/agora-release-linux-2/ServerSDK-Video/src/video_recorder/event_handler.cpp:1341: level 1: INFO    (14:49: 7:902 |    0)  31764; stopLocalRender success
AgoraCoreService[31749]: (31749) /var/lib/jenkins/workspace/agora-release-linux-2/ServerSDK-Video/src/video_recorder/event_handler.cpp:1341: level 2: WARN    (14:49: 7:902 |    0)  31764; stopCapture: VideoEngine haven't startCapture
AgoraCoreService[31749]: (31749) /var/lib/jenkins/workspace/agora-release-linux-2/ServerSDK-Video/src/video_recorder/event_handler.cpp:1341: level 1: INFO    (14:49: 7:902 |    0)  31764; stopRemoteRender
AgoraCoreService[31749]: (31749) /var/lib/jenkins/workspace/agora-release-linux-2/ServerSDK-Video/src/video_recorder/event_handler.cpp:1341: level 1: INFO    (14:49: 7:902 |    0)  31764; [che] stopCall begins
AgoraCoreService[31749]: (31749) /var/lib/jenkins/workspace/agora-release-linux-2/ServerSDK-Video/src/video_recorder/event_handler.cpp:1341: level 1: INFO    (14:49: 7:902 |    0)  31764; [che] stop call returns -1, elapsed 1
AgoraCoreService[31749]: (31749) /var/lib/jenkins/workspace/agora-release-linux-2/ServerSDK-Video/src/video_recorder/event_handler.cpp:1341: level 1: INFO    (14:49: 7:902 |    0)  31764; stopLocalRender
AgoraCoreService[31749]: (31749) /var/lib/jenkins/workspace/agora-release-linux-2/ServerSDK-Video/src/video_recorder/event_handler.cpp:1341: level 1: INFO    (14:49: 7:902 |    0)  31764; stopLocalRender success
AgoraCoreService[31749]: (31749) /var/lib/jenkins/workspace/agora-release-linux-2/ServerSDK-Video/src/video_recorder/event_handler.cpp:1341: level 1: INFO    (14:49: 7:902 |    0)  31764; stopRemoteRender
AgoraCoreService[31749]: (31749) /var/lib/jenkins/workspace/agora-release-linux-2/ServerSDK-Video/src/video_recorder/event_handler.cpp:1341: level 2: WARN    (14:49: 7:902 |    0)  31764; stopCapture: VideoEngine haven't startCapture
AgoraCoreService[31749]: (31749) /var/lib/jenkins/workspace/agora-release-linux-2/ServerSDK-Video/src/video_recorder/event_handler.cpp:1341: level 1: INFO    (14:49: 7:903 |    1)  31770; Thread with name:VideoProcessThread stopped
AgoraCoreService[31749]: (31749) /var/lib/jenkins/workspace/agora-release-linux-2/ServerSDK-Video/src/video_recorder/event_handler.cpp:1341: level 2: WARN    (14:49: 7:903 |    0)  31764; terminate: VideoEngine haven't init
AgoraCoreService[31749]: (31749) /var/lib/jenkins/workspace/agora-release-linux-2/ServerSDK-Video/src/video_recorder/event_handler.cpp:1341: level 1: INFO    (14:49: 7:903 |    0)  31764; [DEBUGG] ViERenderManager Destructor, engine_id: 0
AgoraCoreService[31749]: (31749) /var/lib/jenkins/workspace/agora-release-linux-2/ServerSDK-Video/src/video_recorder/event_handler.cpp:1341: level 1: INFO    (14:49: 7:907 |    4)  31769; Thread with name:VideoEncodeThread stopped
AgoraCoreService[31749]: (31749) /var/lib/jenkins/workspace/agora-release-linux-2/ServerSDK-Video/src/video_recorder/event_handler.cpp:1341: level 1: INFO    (14:49: 7:913 |    6)  31764; VideoSendTrackImpl::UpdateCapturer capturer=(nil)
AgoraCoreService[31749]: (31749) /var/lib/jenkins/workspace/agora-release-linux-2/ServerSDK-Video/src/video_recorder/event_handler.cpp:1341: level 1: INFO    (14:49: 7:914 |    1)  31764; VideoSendTrackImpl::UpdateRenderer, renderer=(nil)
AgoraCoreService[31749]: (31749) /var/lib/jenkins/workspace/agora-release-linux-2/ServerSDK-Video/src/video_recorder/event_handler.cpp:1341: level 1: INFO    (14:49: 7:914 |    0)  31768; Thread with name:EngineMonitorThread stopped
AgoraCoreService[31749]: (31749) /var/lib/jenkins/workspace/agora-release-linux-2/ServerSDK-Video/src/video_recorder/event_handler.cpp:1341: level 1: INFO    (14:49: 7:914 |    0)  31766; Thread with name:external_audio_module_thread stopped
AgoraCoreService[31749]: (31749) /var/lib/jenkins/workspace/agora-release-linux-2/ServerSDK-Video/src/video_recorder/event_handler.cpp:1341: level 1: INFO    (14:49: 7:914 |    0)  31767; Thread with name:WebRtc_event_timer_thread stopped
AgoraCoreService[31749]: (31749) /var/lib/jenkins/workspace/agora-release-linux-2/ServerSDK-Video/src/video_recorder/event_handler.cpp:1341: level 1: INFO    (14:49: 7:914 |    0)  31764; [che] chat engine destroyed
AgoraCoreService[31749]: (31749) /var/lib/jenkins/workspace/agora-release-linux-2/ServerSDK-Video/src/video_recorder/event_handler.cpp:1341: level 1: INFO    (14:49: 7:914 |    0)  31764; ***CALL END
AgoraCoreService[31749]: (31749) /var/lib/jenkins/workspace/agora-release-linux-2/ServerSDK-Video/src/video_recorder/event_handler.cpp:1341: level 1: INFO    (14:49: 7:914 |    0)  31764; onAudioStatusChanged enable audio
AgoraCoreService[31749]: (31749) /var/lib/jenkins/workspace/agora-release-linux-2/ServerSDK-Video/src/video_recorder/event_handler.cpp:1341: level 1: INFO    (14:49: 7:915 |    1)  31764; [MIO] media io controller destroyed
AgoraCoreService[31749]: (31749) /var/lib/jenkins/workspace/agora-release-linux-2/ServerSDK-Video/src/video_recorder/event_handler.cpp:1341: level 1: INFO    (14:49: 7:915 |    0)  31749; async task notify worker thread to exit and return
AgoraCoreService[31749]: (31749) /var/lib/jenkins/workspace/agora-release-linux-2/ServerSDK-Video/src/video_recorder/event_handler.cpp:561: event handler delete timer
recorder_local[31748]: (31748) /var/lib/jenkins/workspace/agora-release-linux-2/ServerSDK-Video/src/base/event_loop.cpp:228: Error fd:4, 16
recorder_local[31748]: (31748) /var/lib/jenkins/workspace/agora-release-linux-2/ServerSDK-Video/src/base/pipe_router.cpp:81: Broken reading pipe! event:16 with error3
recorder_local[31748]: (31748) /var/lib/jenkins/workspace/agora-release-linux-2/ServerSDK-Video/src/rec_engine/RecordingEngineImpl.cpp:542: API call to leave channel
recorder_local[31748]: (31748) /var/lib/jenkins/workspace/agora-release-linux-2/ServerSDK-Video/src/rec_engine/RecordingEngineImpl.cpp:64: Recorder ea3790 is ready to be release
recorder_local[31748]: (31748) /var/lib/jenkins/workspace/agora-release-linux-2/ServerSDK-Video/src/rec_engine/RecordingEngineImpl.cpp:87: Recording wrapper delete timer
