recorder_local[31241]: (31241) /var/lib/jenkins/workspace/agora-release-linux-2/ServerSDK-Video/src/rec_engine/RecordingEngineImpl.cpp:831: ERROR:failed to open config file
recorder_local[31241]: (31241) /var/lib/jenkins/workspace/agora-release-linux-2/ServerSDK-Video/src/rec_engine/RecordingEngineImpl.cpp:831: ERROR:failed to open config file
recorder_local[31241]: (31241) /var/lib/jenkins/workspace/agora-release-linux-2/ServerSDK-Video/src/rec_engine/RecordingEngineImpl.cpp:430: [Wrapper version] 5d0b257a42f9514a024cc62c69161d55aa150021
recorder_local[31241]: (31241) /var/lib/jenkins/workspace/agora-release-linux-2/ServerSDK-Video/src/rec_engine/RecordingEngineImpl.cpp:431: =======params ======
recorder_local[31241]: (31241) /var/lib/jenkins/workspace/agora-release-linux-2/ServerSDK-Video/src/rec_engine/RecordingEngineImpl.cpp:433: /var/www/RecordingSDK/bin/AgoraCoreService
recorder_local[31241]: (31241) /var/lib/jenkins/workspace/agora-release-linux-2/ServerSDK-Video/src/rec_engine/RecordingEngineImpl.cpp:433: --app_id
recorder_local[31241]: (31241) /var/lib/jenkins/workspace/agora-release-linux-2/ServerSDK-Video/src/rec_engine/RecordingEngineImpl.cpp:433: c7adb7f97a594d9fac501654c7bf281c
recorder_local[31241]: (31241) /var/lib/jenkins/workspace/agora-release-linux-2/ServerSDK-Video/src/rec_engine/RecordingEngineImpl.cpp:433: --channel_key
recorder_local[31241]: (31241) /var/lib/jenkins/workspace/agora-release-linux-2/ServerSDK-Video/src/rec_engine/RecordingEngineImpl.cpp:433: c7adb7f97a594d9fac501654c7bf281c
recorder_local[31241]: (31241) /var/lib/jenkins/workspace/agora-release-linux-2/ServerSDK-Video/src/rec_engine/RecordingEngineImpl.cpp:433: --channel_id
recorder_local[31241]: (31241) /var/lib/jenkins/workspace/agora-release-linux-2/ServerSDK-Video/src/rec_engine/RecordingEngineImpl.cpp:433: police_8_1
recorder_local[31241]: (31241) /var/lib/jenkins/workspace/agora-release-linux-2/ServerSDK-Video/src/rec_engine/RecordingEngineImpl.cpp:433: --idle
recorder_local[31241]: (31241) /var/lib/jenkins/workspace/agora-release-linux-2/ServerSDK-Video/src/rec_engine/RecordingEngineImpl.cpp:433: 300
recorder_local[31241]: (31241) /var/lib/jenkins/workspace/agora-release-linux-2/ServerSDK-Video/src/rec_engine/RecordingEngineImpl.cpp:433: --decode_audio
recorder_local[31241]: (31241) /var/lib/jenkins/workspace/agora-release-linux-2/ServerSDK-Video/src/rec_engine/RecordingEngineImpl.cpp:433: 0
recorder_local[31241]: (31241) /var/lib/jenkins/workspace/agora-release-linux-2/ServerSDK-Video/src/rec_engine/RecordingEngineImpl.cpp:433: --decode_video
recorder_local[31241]: (31241) /var/lib/jenkins/workspace/agora-release-linux-2/ServerSDK-Video/src/rec_engine/RecordingEngineImpl.cpp:433: 0
recorder_local[31241]: (31241) /var/lib/jenkins/workspace/agora-release-linux-2/ServerSDK-Video/src/rec_engine/RecordingEngineImpl.cpp:433: --capture_interval
recorder_local[31241]: (31241) /var/lib/jenkins/workspace/agora-release-linux-2/ServerSDK-Video/src/rec_engine/RecordingEngineImpl.cpp:433: 5
recorder_local[31241]: (31241) /var/lib/jenkins/workspace/agora-release-linux-2/ServerSDK-Video/src/rec_engine/RecordingEngineImpl.cpp:433: --syslog_fclt
recorder_local[31241]: (31241) /var/lib/jenkins/workspace/agora-release-linux-2/ServerSDK-Video/src/rec_engine/RecordingEngineImpl.cpp:433: 8
recorder_local[31241]: (31241) /var/lib/jenkins/workspace/agora-release-linux-2/ServerSDK-Video/src/rec_engine/RecordingEngineImpl.cpp:433: --streamType
recorder_local[31241]: (31241) /var/lib/jenkins/workspace/agora-release-linux-2/ServerSDK-Video/src/rec_engine/RecordingEngineImpl.cpp:433: 0
recorder_local[31241]: (31241) /var/lib/jenkins/workspace/agora-release-linux-2/ServerSDK-Video/src/rec_engine/RecordingEngineImpl.cpp:433: --serviceMode
recorder_local[31241]: (31241) /var/lib/jenkins/workspace/agora-release-linux-2/ServerSDK-Video/src/rec_engine/RecordingEngineImpl.cpp:433: 0
recorder_local[31241]: (31241) /var/lib/jenkins/workspace/agora-release-linux-2/ServerSDK-Video/src/rec_engine/RecordingEngineImpl.cpp:433: --recording_file_dir
recorder_local[31241]: (31241) /var/lib/jenkins/workspace/agora-release-linux-2/ServerSDK-Video/src/rec_engine/RecordingEngineImpl.cpp:433: /var/www/panic2.greenvoo.us/html/public/Records/20180330/police_8_1_143226/
recorder_local[31241]: (31241) /var/lib/jenkins/workspace/agora-release-linux-2/ServerSDK-Video/src/rec_engine/RecordingEngineImpl.cpp:433: --lang
recorder_local[31241]: (31241) /var/lib/jenkins/workspace/agora-release-linux-2/ServerSDK-Video/src/rec_engine/RecordingEngineImpl.cpp:433: 0
recorder_local[31241]: (31241) /var/lib/jenkins/workspace/agora-release-linux-2/ServerSDK-Video/src/base/pipe_router.cpp:153: The ARS created. Reading pipe: 4, writing pipe: 7, pid: 31242
AgoraCoreService[31242]: (31242) /var/lib/jenkins/workspace/agora-release-linux-2/ServerSDK-Video/src/video_recorder/main.cpp:162: video recording wrapper:8, idle:300 write:5, read:6, live:0,channelid:police_8_1 
AgoraCoreService[31242]: (31242) /var/lib/jenkins/workspace/agora-release-linux-2/ServerSDK-Video/src/video_recorder/main.cpp:183: [ARS version] 5d0b257a42f9514a024cc62c69161d55aa150021
AgoraCoreService[31242]: (31242) /var/lib/jenkins/workspace/agora-release-linux-2/ServerSDK-Video/src/video_recorder/main.cpp:185: uid 0 from vendor c7adb7f97a594d9fac501654c7bf281c is joining channel police_8_1
AgoraCoreService[31242]: (31242) /var/lib/jenkins/workspace/agora-release-linux-2/ServerSDK-Video/src/video_recorder/event_handler.cpp:627: SDK version: 75f0227; chat engine: 03c8e5d966234ba3a0eaedf8a9fe5ef1e7e554a4
AgoraCoreService[31242]: (31242) /var/lib/jenkins/workspace/agora-release-linux-2/ServerSDK-Video/src/video_recorder/event_handler.cpp:634: decode_video:0,decode_audio:0
AgoraCoreService[31242]: (31242) /var/lib/jenkins/workspace/agora-release-linux-2/ServerSDK-Video/src/video_recorder/event_handler.cpp:667: Using random lowUdpPort & highUdpPort
AgoraCoreService[31242]: (31242) /var/lib/jenkins/workspace/agora-release-linux-2/ServerSDK-Video/src/video_recorder/event_handler.cpp:1341: level 1: INFO    (14:32:27:  7 |    1)  31242; Using random lowUdpPort & highUdpPort
AgoraCoreService[31242]: (31242) /var/lib/jenkins/workspace/agora-release-linux-2/ServerSDK-Video/src/video_recorder/event_handler.cpp:1341: level 1: INFO    (14:32:27:  7 |    0)  31242; API call to setChannelProfile 0
AgoraCoreService[31242]: (31242) /var/lib/jenkins/workspace/agora-release-linux-2/ServerSDK-Video/src/video_recorder/event_handler.cpp:1786: init stream, trigger mode: 0 service mode: 0
AgoraCoreService[31242]: (31242) /var/lib/jenkins/workspace/agora-release-linux-2/ServerSDK-Video/src/video_recorder/event_handler.cpp:1341: level 1: INFO    (14:32:27:  7 |    0)  31242; API call to setVideoProfileEx 640x360 15 fps 500 kbps
AgoraCoreService[31242]: (31242) /var/lib/jenkins/workspace/agora-release-linux-2/ServerSDK-Video/src/video_recorder/event_handler.cpp:1341: level 1: INFO    (14:32:27:  7 |    0)  31242; API call to enable video
AgoraCoreService[31242]: (31242) /var/lib/jenkins/workspace/agora-release-linux-2/ServerSDK-Video/src/video_recorder/event_handler.cpp:1341: level 1: INFO    (14:32:27:  7 |    0)  31242; API call to join channel 'police_8_1' uid 0, SDK ver 2.1.0 build 220, device info 'Linux version 3.13.0-143-generic (buildd@lcy01-amd64-010) (gcc version 4.8.4 (Ubuntu 4.8.4-2ubuntu1~14.04.4) ) #192-Ubuntu SMP Tue F
AgoraCoreService[31242]: (31242) /var/lib/jenkins/workspace/agora-release-linux-2/ServerSDK-Video/src/video_recorder/event_handler.cpp:1341: level 1: INFO    (14:32:27:  7 |    0)  31257; Agora Service Worker Thread started: 0x487af98
AgoraCoreService[31242]: (31242) /var/lib/jenkins/workspace/agora-release-linux-2/ServerSDK-Video/src/video_recorder/event_handler.cpp:1341: level 1: INFO    (14:32:27:  7 |    0)  31257; network: 'NETWORK_UNKOWN' -> 'LAN' ipv4/v6 '139.59.134.76'/'' gw ''/'' subtype 0 level -1337373984 ssid '' bssid '' rssi 32644 asu 56
AgoraCoreService[31242]: (31242) /var/lib/jenkins/workspace/agora-release-linux-2/ServerSDK-Video/src/video_recorder/event_handler.cpp:1341: level 1: INFO    (14:32:27:  8 |    1)  31257; [MIO] mediaIO controller created
AgoraCoreService[31242]: (31242) /var/lib/jenkins/workspace/agora-release-linux-2/ServerSDK-Video/src/video_recorder/event_handler.cpp:1341: level 1: INFO    (14:32:27:  8 |    0)  31257; found 'NULL' device: 'Linux version 3.13.0-143-generic (buildd@lcy01-amd64-010) (gcc version 4.8.4 (Ubuntu 4.8.4-2ubuntu1~14.04.4) ) #192-Ubuntu SMP Tue Feb 27 10:45:36 UTC 2018
'
AgoraCoreService[31242]: (31242) /var/lib/jenkins/workspace/agora-release-linux-2/ServerSDK-Video/src/video_recorder/event_handler.cpp:1341: level 1: INFO    (14:32:27:  8 |    0)  31257; [rp] {"rtc.channel_profile":0}
AgoraCoreService[31242]: (31242) /var/lib/jenkins/workspace/agora-release-linux-2/ServerSDK-Video/src/video_recorder/event_handler.cpp:1341: level 1: INFO    (14:32:27:  8 |    0)  31257; [rp] {"che.audio.external_device":true}
AgoraCoreService[31242]: (31242) /var/lib/jenkins/workspace/agora-release-linux-2/ServerSDK-Video/src/video_recorder/event_handler.cpp:1341: level 1: INFO    (14:32:27:  8 |    0)  31257; [rp] {"che.audio.audioSampleRate":48000}
AgoraCoreService[31242]: (31242) /var/lib/jenkins/workspace/agora-release-linux-2/ServerSDK-Video/src/video_recorder/event_handler.cpp:1341: level 1: INFO    (14:32:27:  8 |    0)  31257; [rp] {"che.video.keep_prerotation":false}
AgoraCoreService[31242]: (31242) /var/lib/jenkins/workspace/agora-release-linux-2/ServerSDK-Video/src/video_recorder/event_handler.cpp:1341: level 1: INFO    (14:32:27:  8 |    0)  31257; [rp] {"rtc.client_type":3}
AgoraCoreService[31242]: (31242) /var/lib/jenkins/workspace/agora-release-linux-2/ServerSDK-Video/src/video_recorder/event_handler.cpp:1341: level 1: INFO    (14:32:27:  8 |    0)  31257; [rp] {"che.audienceMode":true}
AgoraCoreService[31242]: (31242) /var/lib/jenkins/workspace/agora-release-linux-2/ServerSDK-Video/src/video_recorder/event_handler.cpp:1341: level 1: INFO    (14:32:27:  8 |    0)  31257; [rp] {"che.video.recording":true}
AgoraCoreService[31242]: (31242) /var/lib/jenkins/workspace/agora-release-linux-2/ServerSDK-Video/src/video_recorder/event_handler.cpp:1341: level 1: INFO    (14:32:27:  8 |    0)  31257; [rp] {"che.audio.set_capture_raw_audio_format":{"sampleRate":48000,"channelCnt":1,"mode":1,"samplesPerCall":480}}
AgoraCoreService[31242]: (31242) /var/lib/jenkins/workspace/agora-release-linux-2/ServerSDK-Video/src/video_recorder/event_handler.cpp:1341: level 1: INFO    (14:32:27:  9 |    1)  31257; [rp] {"che.audio.set_render_raw_audio_format":{"sampleRate":48000,"channelCnt":1,"mode":0,"samplesPerCall":480}}
AgoraCoreService[31242]: (31242) /var/lib/jenkins/workspace/agora-release-linux-2/ServerSDK-Video/src/video_recorder/event_handler.cpp:1341: level 1: INFO    (14:32:27:  9 |    0)  31257; [rp] {"rtc.log_file":"/var/www/panic2.greenvoo.us/html/public/Records/20180330/police_8_1_143226/recording_0.log"}
AgoraCoreService[31242]: (31242) /var/lib/jenkins/workspace/agora-release-linux-2/ServerSDK-Video/src/video_recorder/event_handler.cpp:1341: level 1: INFO    (14:32:27:  9 |    0)  31257; [rp] {"rtc.video.mute_me":true,"che.video.local.send":false}
AgoraCoreService[31242]: (31242) /var/lib/jenkins/workspace/agora-release-linux-2/ServerSDK-Video/src/video_recorder/event_handler.cpp:1341: level 1: INFO    (14:32:27:  9 |    0)  31257; [rp] {"rtc.audio.mute_me":true,"che.audio.mute_me":true}
AgoraCoreService[31242]: (31242) /var/lib/jenkins/workspace/agora-release-linux-2/ServerSDK-Video/src/video_recorder/event_handler.cpp:1341: level 1: INFO    (14:32:27:  9 |    0)  31257; [rp] {"rtc.video.set_remote_default_video_stream_type":0}
AgoraCoreService[31242]: (31242) /var/lib/jenkins/workspace/agora-release-linux-2/ServerSDK-Video/src/video_recorder/event_handler.cpp:1341: level 1: INFO    (14:32:27:  9 |    0)  31257; API call to SetRemoteDefaultVideoStreamType: 0
AgoraCoreService[31242]: (31242) /var/lib/jenkins/workspace/agora-release-linux-2/ServerSDK-Video/src/video_recorder/event_handler.cpp:1341: level 1: INFO    (14:32:27:  9 |    0)  31257; [rp] {"che.video.local.camera_index":1024}
AgoraCoreService[31242]: (31242) /var/lib/jenkins/workspace/agora-release-linux-2/ServerSDK-Video/src/video_recorder/event_handler.cpp:1341: level 1: INFO    (14:32:27:  9 |    0)  31257; [rp] {"rtc.video.enabled":true}
AgoraCoreService[31242]: (31242) /var/lib/jenkins/workspace/agora-release-linux-2/ServerSDK-Video/src/video_recorder/event_handler.cpp:1341: level 1: INFO    (14:32:27:  9 |    0)  31257; API call to enable video
AgoraCoreService[31242]: (31242) /var/lib/jenkins/workspace/agora-release-linux-2/ServerSDK-Video/src/video_recorder/event_handler.cpp:1341: level 1: INFO    (14:32:27: 10 |    1)  31257; ***CALL BEGIN: appid:'c7****************************1c' cname:'police_8_1' info:'' sid:'315CBF83C8E34B9FB075C31D55681536'
AgoraCoreService[31242]: (31242) /var/lib/jenkins/workspace/agora-release-linux-2/ServerSDK-Video/src/video_recorder/event_handler.cpp:1341: level 1: INFO    (14:32:27: 10 |    0)  31257; addRef of media engine, ref=1
AgoraCoreService[31242]: (31242) /var/lib/jenkins/workspace/agora-release-linux-2/ServerSDK-Video/src/video_recorder/event_handler.cpp:1341: level 1: INFO    (14:32:27: 10 |    0)  31257; [che] create chat engine, ctx:(nil)
AgoraCoreService[31242]: (31242) /var/lib/jenkins/workspace/agora-release-linux-2/ServerSDK-Video/src/video_recorder/event_handler.cpp:1341: level 1: INFO    (14:32:27: 10 |    0)  31257; [MYDEBUG] large group call false
AgoraCoreService[31242]: (31242) /var/lib/jenkins/workspace/agora-release-linux-2/ServerSDK-Video/src/video_recorder/event_handler.cpp:1341: level 1: INFO    (14:32:27: 10 |    0)  31257; ChatEngineParameterHelper::applyMediaEngineMode: 
AgoraCoreService[31242]: (31242) /var/lib/jenkins/workspace/agora-release-linux-2/ServerSDK-Video/src/video_recorder/event_handler.cpp:1341: level 1: INFO    (14:32:27: 10 |    0)  31257; applyMediaEngineMode(): Hardware encoding false Hardware decoding false
AgoraCoreService[31242]: (31242) /var/lib/jenkins/workspace/agora-release-linux-2/ServerSDK-Video/src/video_recorder/event_handler.cpp:1341: level 1: INFO    (14:32:27: 11 |    1)  31259; Thread with name:external_audio_module_thread started 
AgoraCoreService[31242]: (31242) /var/lib/jenkins/workspace/agora-release-linux-2/ServerSDK-Video/src/video_recorder/event_handler.cpp:1341: level 1: INFO    (14:32:27: 11 |    0)  31260; Thread with name:WebRtc_event_timer_thread started 
AgoraCoreService[31242]: (31242) /var/lib/jenkins/workspace/agora-release-linux-2/ServerSDK-Video/src/video_recorder/event_handler.cpp:1341: level 1: INFO    (14:32:27: 12 |    1)  31257; StereoPlayoutIsAvailable(), output: available=0
AgoraCoreService[31242]: (31242) /var/lib/jenkins/workspace/agora-release-linux-2/ServerSDK-Video/src/video_recorder/event_handler.cpp:1341: level 1: INFO    (14:32:27: 12 |    0)  31257; StereoRecordingIsAvailable(), output: available=0
AgoraCoreService[31242]: (31242) /var/lib/jenkins/workspace/agora-release-linux-2/ServerSDK-Video/src/video_recorder/event_handler.cpp:1341: level 1: INFO    (14:32:27: 12 |    0)  31261; Thread with name:EngineMonitorThread started 
AgoraCoreService[31242]: (31242) /var/lib/jenkins/workspace/agora-release-linux-2/ServerSDK-Video/src/video_recorder/event_handler.cpp:1341: level 1: INFO    (14:32:27: 12 |    0)  31257; setMuteStatus, muted: On
AgoraCoreService[31242]: (31242) /var/lib/jenkins/workspace/agora-release-linux-2/ServerSDK-Video/src/video_recorder/event_handler.cpp:1341: level 1: INFO    (14:32:27: 12 |    0)  31257; setMuteOutput, muted: false
AgoraCoreService[31242]: (31242) /var/lib/jenkins/workspace/agora-release-linux-2/ServerSDK-Video/src/video_recorder/event_handler.cpp:1341: level 2: WARN    (14:32:27: 12 |    0)  31257; setMicSensitivity failed, legal values are between [0, 10]
AgoraCoreService[31242]: (31242) /var/lib/jenkins/workspace/agora-release-linux-2/ServerSDK-Video/src/video_recorder/event_handler.cpp:1341: level 1: INFO    (14:32:27: 12 |    0)  31257; Audio Engine Init success
AgoraCoreService[31242]: (31242) /var/lib/jenkins/workspace/agora-release-linux-2/ServerSDK-Video/src/video_recorder/event_handler.cpp:1341: level 1: INFO    (14:32:27: 12 |    0)  31257; Available number of cores:1
AgoraCoreService[31242]: (31242) /var/lib/jenkins/workspace/agora-release-linux-2/ServerSDK-Video/src/video_recorder/event_handler.cpp:1341: level 1: INFO    (14:32:27: 13 |    1)  31257; CreateVideoSendTrack
AgoraCoreService[31242]: (31242) /var/lib/jenkins/workspace/agora-release-linux-2/ServerSDK-Video/src/video_recorder/event_handler.cpp:1341: level 1: INFO    (14:32:27: 13 |    0)  31257; init: feature prerotation disabled
AgoraCoreService[31242]: (31242) /var/lib/jenkins/workspace/agora-release-linux-2/ServerSDK-Video/src/video_recorder/event_handler.cpp:1341: level 1: INFO    (14:32:27: 13 |    0)  31257; Agora Engine video codec set to custom mode role mode 0
AgoraCoreService[31242]: (31242) /var/lib/jenkins/workspace/agora-release-linux-2/ServerSDK-Video/src/video_recorder/event_handler.cpp:1341: level 1: INFO    (14:32:27: 13 |    0)  31257; Agora Engine video codec index 1
AgoraCoreService[31242]: (31242) /var/lib/jenkins/workspace/agora-release-linux-2/ServerSDK-Video/src/video_recorder/event_handler.cpp:1341: level 1: INFO    (14:32:27: 13 |    0)  31257; Agora Engine video stream type = 0
AgoraCoreService[31242]: (31242) /var/lib/jenkins/workspace/agora-release-linux-2/ServerSDK-Video/src/video_recorder/event_handler.cpp:1341: level 1: INFO    (14:32:27: 14 |    1)  31262; Thread with name:VideoEncodeThread started 
AgoraCoreService[31242]: (31242) /var/lib/jenkins/workspace/agora-release-linux-2/ServerSDK-Video/src/video_recorder/event_handler.cpp:1341: level 1: INFO    (14:32:27: 14 |    0)  31257; EncoderWrapper::Create hardware_ = 0, hardware_low_ = 0
AgoraCoreService[31242]: (31242) /var/lib/jenkins/workspace/agora-release-linux-2/ServerSDK-Video/src/video_recorder/event_handler.cpp:1341: level 1: INFO    (14:32:27: 14 |    0)  31263; Thread with name:VideoProcessThread started 
AgoraCoreService[31242]: (31242) /var/lib/jenkins/workspace/agora-release-linux-2/ServerSDK-Video/src/video_recorder/event_handler.cpp:1341: level 1: INFO    (14:32:27: 14 |    0)  31257; setCodec: index=1 width=640 height=360 framerate=15
AgoraCoreService[31242]: (31242) /var/lib/jenkins/workspace/agora-release-linux-2/ServerSDK-Video/src/video_recorder/event_handler.cpp:1341: level 1: INFO    (14:32:27: 14 |    0)  31257; h264WebInteropEnable: enable 0
AgoraCoreService[31242]: (31242) /var/lib/jenkins/workspace/agora-release-linux-2/ServerSDK-Video/src/video_recorder/event_handler.cpp:1341: level 1: INFO    (14:32:27: 14 |    0)  31257; setCaptureDevice: index=1024
AgoraCoreService[31242]: (31242) /var/lib/jenkins/workspace/agora-release-linux-2/ServerSDK-Video/src/video_recorder/event_handler.cpp:1341: level 1: INFO    (14:32:27: 14 |    0)  31257; setMaxVideoBitrate: max bitrate=0
AgoraCoreService[31242]: (31242) /var/lib/jenkins/workspace/agora-release-linux-2/ServerSDK-Video/src/video_recorder/event_handler.cpp:1341: level 1: INFO    (14:32:27: 14 |    0)  31257; more fec enable 0 curr fec method 0
AgoraCoreService[31242]: (31242) /var/lib/jenkins/workspace/agora-release-linux-2/ServerSDK-Video/src/video_recorder/event_handler.cpp:1341: level 1: INFO    (14:32:27: 14 |    0)  31257; video fec method 0
AgoraCoreService[31242]: (31242) /var/lib/jenkins/workspace/agora-release-linux-2/ServerSDK-Video/src/video_recorder/event_handler.cpp:1341: level 4: ERROR   (14:32:27: 14 |    0)  31257; videoEngine created and initialize here
AgoraCoreService[31242]: (31242) /var/lib/jenkins/workspace/agora-release-linux-2/ServerSDK-Video/src/video_recorder/event_handler.cpp:1341: level 1: INFO    (14:32:27: 14 |    0)  31257; CreateVideoSendTrack
AgoraCoreService[31242]: (31242) /var/lib/jenkins/workspace/agora-release-linux-2/ServerSDK-Video/src/video_recorder/event_handler.cpp:1341: level 1: INFO    (14:32:27: 14 |    0)  31257; [MIO] updateCapturer: ((nil)), type:(1)
AgoraCoreService[31242]: (31242) /var/lib/jenkins/workspace/agora-release-linux-2/ServerSDK-Video/src/video_recorder/event_handler.cpp:1341: level 1: INFO    (14:32:27: 15 |    1)  31257; CreateAgoraDefaultCapture: type=0
AgoraCoreService[31242]: (31242) /var/lib/jenkins/workspace/agora-release-linux-2/ServerSDK-Video/src/video_recorder/event_handler.cpp:1341: level 1: INFO    (14:32:27: 15 |    0)  31257; CreateVideoCapturer: interface=0x7f84a0172af0
AgoraCoreService[31242]: (31242) /var/lib/jenkins/workspace/agora-release-linux-2/ServerSDK-Video/src/video_recorder/event_handler.cpp:1341: level 1: INFO    (14:32:27: 15 |    0)  31257; VideoSendTrackImpl::UpdateCapturer capturer=0x7f84a01d4c10
AgoraCoreService[31242]: (31242) /var/lib/jenkins/workspace/agora-release-linux-2/ServerSDK-Video/src/video_recorder/event_handler.cpp:1341: level 1: INFO    (14:32:27: 15 |    0)  31257; [MIO] updateLocalRender: ((nil)), type:(1)
AgoraCoreService[31242]: (31242) /var/lib/jenkins/workspace/agora-release-linux-2/ServerSDK-Video/src/video_recorder/event_handler.cpp:1341: level 1: INFO    (14:32:27: 15 |    0)  31257; CreateAgoraDefaultRender
AgoraCoreService[31242]: (31242) /var/lib/jenkins/workspace/agora-release-linux-2/ServerSDK-Video/src/video_recorder/event_handler.cpp:1341: level 1: INFO    (14:32:27: 15 |    0)  31257; CreateVideoRenderer: interface=0x7f84a01d5090
AgoraCoreService[31242]: (31242) /var/lib/jenkins/workspace/agora-release-linux-2/ServerSDK-Video/src/video_recorder/event_handler.cpp:1341: level 1: INFO    (14:32:27: 15 |    0)  31257; VideoSendTrackImpl::UpdateRenderer, renderer=0x7f84a01d50d0
AgoraCoreService[31242]: (31242) /var/lib/jenkins/workspace/agora-release-linux-2/ServerSDK-Video/src/video_recorder/event_handler.cpp:1341: level 1: INFO    (14:32:27: 15 |    0)  31257; [MIO] video send track prepared !!
AgoraCoreService[31242]: (31242) /var/lib/jenkins/workspace/agora-release-linux-2/ServerSDK-Video/src/video_recorder/event_handler.cpp:1341: level 1: INFO    (14:32:27: 15 |    0)  31257; [che] applyVideoProfile: 640x360 15 fps 500 kbps
AgoraCoreService[31242]: (31242) /var/lib/jenkins/workspace/agora-release-linux-2/ServerSDK-Video/src/video_recorder/event_handler.cpp:1341: level 1: INFO    (14:32:27: 15 |    0)  31257; validateVideoParameters: validate video parameters resolution 640x360, fps 15, rate 500000
AgoraCoreService[31242]: (31242) /var/lib/jenkins/workspace/agora-release-linux-2/ServerSDK-Video/src/video_recorder/event_handler.cpp:1341: level 1: INFO    (14:32:27: 15 |    0)  31257; setMaxVideoBitrate: max bitrate=500000
AgoraCoreService[31242]: (31242) /var/lib/jenkins/workspace/agora-release-linux-2/ServerSDK-Video/src/video_recorder/event_handler.cpp:1341: level 1: INFO    (14:32:27: 15 |    0)  31257; setCodecRates: set frame rate to 15
AgoraCoreService[31242]: (31242) /var/lib/jenkins/workspace/agora-release-linux-2/ServerSDK-Video/src/video_recorder/event_handler.cpp:1341: level 1: INFO    (14:32:27: 15 |    0)  31257; setCodec: index=1 width=640 height=360 framerate=15
AgoraCoreService[31242]: (31242) /var/lib/jenkins/workspace/agora-release-linux-2/ServerSDK-Video/src/video_recorder/event_handler.cpp:1341: level 1: INFO    (14:32:27: 15 |    0)  31257; setCodecResolution: set to 640 x 360
AgoraCoreService[31242]: (31242) /var/lib/jenkins/workspace/agora-release-linux-2/ServerSDK-Video/src/video_recorder/event_handler.cpp:1341: level 1: INFO    (14:32:27: 15 |    0)  31257; [che] chat engine initialized
AgoraCoreService[31242]: (31242) /var/lib/jenkins/workspace/agora-release-linux-2/ServerSDK-Video/src/video_recorder/event_handler.cpp:1341: level 1: INFO    (14:32:27: 16 |    1)  31257; [vocs] vocs initialized
AgoraCoreService[31242]: (31242) /var/lib/jenkins/workspace/agora-release-linux-2/ServerSDK-Video/src/video_recorder/event_handler.cpp:1341: level 1: INFO    (14:32:27: 16 |    0)  31257; [rs] report server ip: 221.228.78.123:8000
AgoraCoreService[31242]: (31242) /var/lib/jenkins/workspace/agora-release-linux-2/ServerSDK-Video/src/video_recorder/event_handler.cpp:1341: level 1: INFO    (14:32:27: 16 |    0)  31257; [rlbs] selected: 221.228.78.123:9700
AgoraCoreService[31242]: (31242) /var/lib/jenkins/workspace/agora-release-linux-2/ServerSDK-Video/src/video_recorder/event_handler.cpp:1341: level 1: INFO    (14:32:27: 17 |    1)  31257; [rlbs] request rs list from 221.228.78.123:9700.......
AgoraCoreService[31242]: (31242) /var/lib/jenkins/workspace/agora-release-linux-2/ServerSDK-Video/src/video_recorder/event_handler.cpp:1341: level 1: INFO    (14:32:27: 17 |    0)  31257; CacheManager: save cache to storage elapsed 0
AgoraCoreService[31242]: (31242) /var/lib/jenkins/workspace/agora-release-linux-2/ServerSDK-Video/src/video_recorder/event_handler.cpp:1341: level 1: INFO    (14:32:27: 17 |    0)  31257; [cm] emit join channel signal, size=2
AgoraCoreService[31242]: (31242) /var/lib/jenkins/workspace/agora-release-linux-2/ServerSDK-Video/src/video_recorder/event_handler.cpp:1341: level 1: INFO    (14:32:27: 17 |    0)  31257; CacheManager: save cache to storage elapsed 0
AgoraCoreService[31242]: (31242) /var/lib/jenkins/workspace/agora-release-linux-2/ServerSDK-Video/src/video_recorder/event_handler.cpp:1341: level 1: INFO    (14:32:27: 17 |    0)  31257; [vocs] lookup channel...
AgoraCoreService[31242]: (31242) /var/lib/jenkins/workspace/agora-release-linux-2/ServerSDK-Video/src/video_recorder/event_handler.cpp:1341: level 1: INFO    (14:32:27: 18 |    1)  31257; [vocs] selected: 183.236.26.162:8000
AgoraCoreService[31242]: (31242) /var/lib/jenkins/workspace/agora-release-linux-2/ServerSDK-Video/src/video_recorder/event_handler.cpp:1341: level 1: INFO    (14:32:27: 18 |    0)  31257; connecting to 183.236.26.162:8000 handle a020fdc0, 28
AgoraCoreService[31242]: (31242) /var/lib/jenkins/workspace/agora-release-linux-2/ServerSDK-Video/src/video_recorder/event_handler.cpp:1341: level 1: INFO    (14:32:27: 18 |    0)  31257; [vocs] creating channel with 183.236.26.162:8000, ts 1522420347018.......
AgoraCoreService[31242]: (31242) /var/lib/jenkins/workspace/agora-release-linux-2/ServerSDK-Video/src/video_recorder/event_handler.cpp:1341: level 1: INFO    (14:32:27: 18 |    0)  31257; [vocs] selected: 119.9.92.49:8000
AgoraCoreService[31242]: (31242) /var/lib/jenkins/workspace/agora-release-linux-2/ServerSDK-Video/src/video_recorder/event_handler.cpp:1341: level 1: INFO    (14:32:27: 18 |    0)  31257; [vocs] creating channel with 119.9.92.49:8000, ts 1522420347018.......
AgoraCoreService[31242]: (31242) /var/lib/jenkins/workspace/agora-release-linux-2/ServerSDK-Video/src/video_recorder/event_handler.cpp:1341: level 1: INFO    (14:32:27: 18 |    0)  31257; [vocs] selected: 221.228.202.134:8000
AgoraCoreService[31242]: (31242) /var/lib/jenkins/workspace/agora-release-linux-2/ServerSDK-Video/src/video_recorder/event_handler.cpp:1341: level 1: INFO    (14:32:27: 18 |    0)  31257; [vocs] creating channel with 221.228.202.134:8000, ts 1522420347018.......
AgoraCoreService[31242]: (31242) /var/lib/jenkins/workspace/agora-release-linux-2/ServerSDK-Video/src/video_recorder/event_handler.cpp:1341: level 1: INFO    (14:32:27: 18 |    0)  31257; [rp] {"che.audio.audioSampleRate":48000}
AgoraCoreService[31242]: (31242) /var/lib/jenkins/workspace/agora-release-linux-2/ServerSDK-Video/src/video_recorder/event_handler.cpp:1341: level 1: INFO    (14:32:27: 18 |    0)  31257; [dns] parsed ip 199.190.44.35
AgoraCoreService[31242]: (31242) /var/lib/jenkins/workspace/agora-release-linux-2/ServerSDK-Video/src/video_recorder/event_handler.cpp:1341: level 1: INFO    (14:32:27: 27 |    9)  31257; [dns] parsed ip 199.190.44.36
AgoraCoreService[31242]: (31242) /var/lib/jenkins/workspace/agora-release-linux-2/ServerSDK-Video/src/video_recorder/event_handler.cpp:1341: level 1: INFO    (14:32:27: 28 |    1)  31257; [rs] dns parse result code: 0, servers size: 1
AgoraCoreService[31242]: (31242) /var/lib/jenkins/workspace/agora-release-linux-2/ServerSDK-Video/src/video_recorder/event_handler.cpp:1341: level 1: INFO    (14:32:27: 28 |    0)  31257; [rs] dns parse and selected server: 223.111.12.227
AgoraCoreService[31242]: (31242) /var/lib/jenkins/workspace/agora-release-linux-2/ServerSDK-Video/src/video_recorder/event_handler.cpp:1341: level 1: INFO    (14:32:27: 28 |    0)  31257; [dns] parsed ip 119.9.92.49
AgoraCoreService[31242]: (31242) /var/lib/jenkins/workspace/agora-release-linux-2/ServerSDK-Video/src/video_recorder/event_handler.cpp:1341: level 1: INFO    (14:32:27: 29 |    1)  31257; [dns] parsed ip 128.1.87.146
AgoraCoreService[31242]: (31242) /var/lib/jenkins/workspace/agora-release-linux-2/ServerSDK-Video/src/video_recorder/event_handler.cpp:1341: level 1: INFO    (14:32:27: 29 |    0)  31257; [dns] parsed ip 69.28.51.138
AgoraCoreService[31242]: (31242) /var/lib/jenkins/workspace/agora-release-linux-2/ServerSDK-Video/src/video_recorder/event_handler.cpp:1341: level 1: INFO    (14:32:27:218 |  189)  31257; [vocs/u] **responsed from 119.9.92.49:8000, 3 vos, elapsed 211, server ts 1522420346653, wan ip 139.59.134.76
AgoraCoreService[31242]: (31242) /var/lib/jenkins/workspace/agora-release-linux-2/ServerSDK-Video/src/video_recorder/event_handler.cpp:1341: level 1: INFO    (14:32:27:219 |    1)  31257; [vos] added server: 23.236.96.139:4008
AgoraCoreService[31242]: (31242) /var/lib/jenkins/workspace/agora-release-linux-2/ServerSDK-Video/src/video_recorder/event_handler.cpp:1341: level 1: INFO    (14:32:27:219 |    0)  31257; [vos] added server: 128.1.77.36:4008
AgoraCoreService[31242]: (31242) /var/lib/jenkins/workspace/agora-release-linux-2/ServerSDK-Video/src/video_recorder/event_handler.cpp:1341: level 1: INFO    (14:32:27:219 |    0)  31257; [vos] added server: 128.1.78.130:4006
AgoraCoreService[31242]: (31242) /var/lib/jenkins/workspace/agora-release-linux-2/ServerSDK-Video/src/video_recorder/event_handler.cpp:1341: level 1: INFO    (14:32:27:219 |    0)  31257; [ch0] vos initialized
AgoraCoreService[31242]: (31242) /var/lib/jenkins/workspace/agora-release-linux-2/ServerSDK-Video/src/video_recorder/event_handler.cpp:1341: level 1: INFO    (14:32:27:219 |    0)  31257; [vos] selected: 128.1.78.130:4006
AgoraCoreService[31242]: (31242) /var/lib/jenkins/workspace/agora-release-linux-2/ServerSDK-Video/src/video_recorder/event_handler.cpp:1341: level 4: ERROR   (14:32:27:219 |    0)  31257; [ch0] login strategy=2
AgoraCoreService[31242]: (31242) /var/lib/jenkins/workspace/agora-release-linux-2/ServerSDK-Video/src/video_recorder/event_handler.cpp:1341: level 1: INFO    (14:32:27:219 |    0)  31257; [ds]: ver 1 ds '{"streamType":5}'
AgoraCoreService[31242]: (31242) /var/lib/jenkins/workspace/agora-release-linux-2/ServerSDK-Video/src/video_recorder/event_handler.cpp:1341: level 1: INFO    (14:32:27:219 |    0)  31257; [ch0] Login VOS (proto:10, cid:702530312, uid:916590955, ts:1522420347219, ticket size:84 ds:1 stream:+A+VH) 2: 128.1.78.130:4006
AgoraCoreService[31242]: (31242) /var/lib/jenkins/workspace/agora-release-linux-2/ServerSDK-Video/src/video_recorder/event_handler.cpp:1341: level 1: INFO    (14:32:27:220 |    1)  31257; add ping address 139.59.134.76
AgoraCoreService[31242]: (31242) /var/lib/jenkins/workspace/agora-release-linux-2/ServerSDK-Video/src/video_recorder/event_handler.cpp:1341: level 1: INFO    (14:32:27:220 |    0)  31257; PING 139.59.134.76:0 16(44) bytes of data
AgoraCoreService[31242]: (31242) /var/lib/jenkins/workspace/agora-release-linux-2/ServerSDK-Video/src/video_recorder/event_handler.cpp:1341: level 1: INFO    (14:32:27:231 |   11)  31257; [ch0] **VOS response to login request (res 0 elapsed 224, server ts 1522420346757, s-c:-474) from 128.1.78.130:4006, and current dest server 128.1.78.130:4006
AgoraCoreService[31242]: (31242) /var/lib/jenkins/workspace/agora-release-linux-2/ServerSDK-Video/src/video_recorder/event_handler.cpp:1341: level 1: INFO    (14:32:27:232 |    1)  31257; updateActiveVosList: ["128.1.78.130:4006"]
AgoraCoreService[31242]: (31242) /var/lib/jenkins/workspace/agora-release-linux-2/ServerSDK-Video/src/video_recorder/event_handler.cpp:1341: level 1: INFO    (14:32:27:232 |    0)  31257; [che] start call begins
AgoraCoreService[31242]: (31242) /var/lib/jenkins/workspace/agora-release-linux-2/ServerSDK-Video/src/video_recorder/event_handler.cpp:1341: level 1: INFO    (14:32:27:232 |    0)  31257; Set Application Mode in RTC Engine to No. 0
AgoraCoreService[31242]: (31242) /var/lib/jenkins/workspace/agora-release-linux-2/ServerSDK-Video/src/video_recorder/event_handler.cpp:1341: level 4: ERROR   (14:32:27:232 |    0)  31257; GetCodec() invalid index (error=8004)
AgoraCoreService[31242]: (31242) /var/lib/jenkins/workspace/agora-release-linux-2/ServerSDK-Video/src/video_recorder/event_handler.cpp:1341: level 1: INFO    (14:32:27:232 |    0)  31257; SetCodec by type : No. 85
AgoraCoreService[31242]: (31242) /var/lib/jenkins/workspace/agora-release-linux-2/ServerSDK-Video/src/video_recorder/event_handler.cpp:1341: level 1: INFO    (14:32:27:242 |   10)  31257; StartPlayout complete
AgoraCoreService[31242]: (31242) /var/lib/jenkins/workspace/agora-release-linux-2/ServerSDK-Video/src/video_recorder/event_handler.cpp:1341: level 1: INFO    (14:32:27:242 |    0)  31257; output: kDummyAudio
AgoraCoreService[31242]: (31242) /var/lib/jenkins/workspace/agora-release-linux-2/ServerSDK-Video/src/video_recorder/event_handler.cpp:1341: level 1: INFO    (14:32:27:252 |   10)  31257; StartRecording complete
AgoraCoreService[31242]: (31242) /var/lib/jenkins/workspace/agora-release-linux-2/ServerSDK-Video/src/video_recorder/event_handler.cpp:1341: level 4: ERROR   (14:32:27:252 |    0)  31257; SetAgcConfig() failed to set the range in |gain| the digital compression stage may apply (error=8097)
AgoraCoreService[31242]: (31242) /var/lib/jenkins/workspace/agora-release-linux-2/ServerSDK-Video/src/video_recorder/event_handler.cpp:1341: level 1: INFO    (14:32:27:252 |    0)  31257; SetHowlingControl enable = 0
AgoraCoreService[31242]: (31242) /var/lib/jenkins/workspace/agora-release-linux-2/ServerSDK-Video/src/video_recorder/event_handler.cpp:1341: level 1: INFO    (14:32:27:252 |    0)  31257; Application Config module:  Route 0, NS on, AEC N, AGC on, BSS off, HC on
AgoraCoreService[31242]: (31242) /var/lib/jenkins/workspace/agora-release-linux-2/ServerSDK-Video/src/video_recorder/event_handler.cpp:1341: level 1: INFO    (14:32:27:252 |    0)  31257; MID = 0, Routing = 0
AgoraCoreService[31242]: (31242) /var/lib/jenkins/workspace/agora-release-linux-2/ServerSDK-Video/src/video_recorder/event_handler.cpp:1341: level 1: INFO    (14:32:27:252 |    0)  31257; [che] applyVideoProfile: 640x360 15 fps 500 kbps
AgoraCoreService[31242]: (31242) /var/lib/jenkins/workspace/agora-release-linux-2/ServerSDK-Video/src/video_recorder/event_handler.cpp:1341: level 1: INFO    (14:32:27:252 |    0)  31257; validateVideoParameters: validate video parameters resolution 640x360, fps 15, rate 500000
AgoraCoreService[31242]: (31242) /var/lib/jenkins/workspace/agora-release-linux-2/ServerSDK-Video/src/video_recorder/event_handler.cpp:1341: level 1: INFO    (14:32:27:252 |    0)  31257; setMaxVideoBitrate: max bitrate=500000
AgoraCoreService[31242]: (31242) /var/lib/jenkins/workspace/agora-release-linux-2/ServerSDK-Video/src/video_recorder/event_handler.cpp:1341: level 1: INFO    (14:32:27:253 |    1)  31257; setCodecRates: set frame rate to 15
AgoraCoreService[31242]: (31242) /var/lib/jenkins/workspace/agora-release-linux-2/ServerSDK-Video/src/video_recorder/event_handler.cpp:1341: level 1: INFO    (14:32:27:253 |    0)  31257; setCodec: index=1 width=640 height=360 framerate=15
AgoraCoreService[31242]: (31242) /var/lib/jenkins/workspace/agora-release-linux-2/ServerSDK-Video/src/video_recorder/event_handler.cpp:1341: level 1: INFO    (14:32:27:253 |    0)  31257; setCodecResolution: set to 640 x 360
AgoraCoreService[31242]: (31242) /var/lib/jenkins/workspace/agora-release-linux-2/ServerSDK-Video/src/video_recorder/event_handler.cpp:1341: level 1: INFO    (14:32:27:253 |    0)  31257; CreateVideoCapturer: interface=0x7f84a0172c90
AgoraCoreService[31242]: (31242) /var/lib/jenkins/workspace/agora-release-linux-2/ServerSDK-Video/src/video_recorder/event_handler.cpp:1341: level 1: INFO    (14:32:27:253 |    0)  31257; VideoSendTrackImpl::UpdateCapturer capturer=0x7f84a021f9c0
AgoraCoreService[31242]: (31242) /var/lib/jenkins/workspace/agora-release-linux-2/ServerSDK-Video/src/video_recorder/event_handler.cpp:1341: level 1: INFO    (14:32:27:253 |    0)  31257; Create participant 0
AgoraCoreService[31242]: (31242) /var/lib/jenkins/workspace/agora-release-linux-2/ServerSDK-Video/src/video_recorder/event_handler.cpp:1341: level 1: INFO    (14:32:27:253 |    0)  31257; startCapture: device? 1024 init? 1 local enabled? 1 capturing? 0 rendering? 0
AgoraCoreService[31242]: (31242) /var/lib/jenkins/workspace/agora-release-linux-2/ServerSDK-Video/src/video_recorder/event_handler.cpp:1341: level 1: INFO    (14:32:27:253 |    0)  31257; startCapture: Receive Only Mode, capture still on. Encode will be turned off
AgoraCoreService[31242]: (31242) /var/lib/jenkins/workspace/agora-release-linux-2/ServerSDK-Video/src/video_recorder/event_handler.cpp:1341: level 1: INFO    (14:32:27:253 |    0)  31257; AgoraVideoInput::Init thread=1, type=100, device=External Device
AgoraCoreService[31242]: (31242) /var/lib/jenkins/workspace/agora-release-linux-2/ServerSDK-Video/src/video_recorder/event_handler.cpp:1341: level 1: INFO    (14:32:27:253 |    0)  31264; Thread with name:AgoraInputThread started 
AgoraCoreService[31242]: (31242) /var/lib/jenkins/workspace/agora-release-linux-2/ServerSDK-Video/src/video_recorder/event_handler.cpp:1341: level 1: INFO    (14:32:27:253 |    0)  31265; Thread with name:ExternalCaptureThread started 
AgoraCoreService[31242]: (31242) /var/lib/jenkins/workspace/agora-release-linux-2/ServerSDK-Video/src/video_recorder/event_handler.cpp:1341: level 1: INFO    (14:32:27:254 |    1)  31257; setCodec: index=1 width=640 height=360 framerate=15
AgoraCoreService[31242]: (31242) /var/lib/jenkins/workspace/agora-release-linux-2/ServerSDK-Video/src/video_recorder/event_handler.cpp:1341: level 1: INFO    (14:32:27:254 |    0)  31257; setMaxVideoBitrate: max bitrate=500000
AgoraCoreService[31242]: (31242) /var/lib/jenkins/workspace/agora-release-linux-2/ServerSDK-Video/src/video_recorder/event_handler.cpp:1341: level 1: INFO    (14:32:27:254 |    0)  31257; AgoraVideoInput::Start width=640, height=360, fps=15
AgoraCoreService[31242]: (31242) /var/lib/jenkins/workspace/agora-release-linux-2/ServerSDK-Video/src/video_recorder/event_handler.cpp:1341: level 1: INFO    (14:32:27:254 |    0)  31266; Thread with name:WebRtc_event_timer_thread started 
AgoraCoreService[31242]: (31242) /var/lib/jenkins/workspace/agora-release-linux-2/ServerSDK-Video/src/video_recorder/event_handler.cpp:1341: level 1: INFO    (14:32:27:254 |    0)  31257; startCapture: startCapture success
AgoraCoreService[31242]: (31242) /var/lib/jenkins/workspace/agora-release-linux-2/ServerSDK-Video/src/video_recorder/event_handler.cpp:1341: level 1: INFO    (14:32:27:254 |    0)  31257; RequestEncodeKeyFrame
AgoraCoreService[31242]: (31242) /var/lib/jenkins/workspace/agora-release-linux-2/ServerSDK-Video/src/video_recorder/event_handler.cpp:1341: level 1: INFO    (14:32:27:254 |    0)  31257; doStartLocalRender: init? 1 capture id -1 device 1024 capturing? 1 rendering? 0
AgoraCoreService[31242]: (31242) /var/lib/jenkins/workspace/agora-release-linux-2/ServerSDK-Video/src/video_recorder/event_handler.cpp:1341: level 1: INFO    (14:32:27:254 |    0)  31257; doStartLocalRender: Receive Only Mode, local renderer still on.
AgoraCoreService[31242]: (31242) /var/lib/jenkins/workspace/agora-release-linux-2/ServerSDK-Video/src/video_recorder/event_handler.cpp:1341: level 1: INFO    (14:32:27:254 |    0)  31257; doStartLocalRender: init? 1 capture id -1 device 1024 capturing? 1 rendering? 0
AgoraCoreService[31242]: (31242) /var/lib/jenkins/workspace/agora-release-linux-2/ServerSDK-Video/src/video_recorder/event_handler.cpp:1341: level 1: INFO    (14:32:27:254 |    0)  31257; doStartLocalRender: Receive Only Mode, local renderer still on.
AgoraCoreService[31242]: (31242) /var/lib/jenkins/workspace/agora-release-linux-2/ServerSDK-Video/src/video_recorder/event_handler.cpp:1341: level 1: INFO    (14:32:27:254 |    0)  31257; [che] start call returns 0, elapsed 23
AgoraCoreService[31242]: (31242) /var/lib/jenkins/workspace/agora-release-linux-2/ServerSDK-Video/src/video_recorder/event_handler.cpp:1341: level 1: INFO    (14:32:27:254 |    0)  31257; Setting dtx mode to 2
AgoraCoreService[31242]: (31242) /var/lib/jenkins/workspace/agora-release-linux-2/ServerSDK-Video/src/video_recorder/event_handler.cpp:1341: level 1: INFO    (14:32:27:254 |    0)  31257; setNetEQMinimumPlayoutDelay delay(100)
AgoraCoreService[31242]: (31242) /var/lib/jenkins/workspace/agora-release-linux-2/ServerSDK-Video/src/video_recorder/event_handler.cpp:1341: level 1: INFO    (14:32:27:255 |    1)  31257; join channel success: cname 'police_8_1' uid 916590955 elapsed 247
AgoraCoreService[31242]: (31242) /var/lib/jenkins/workspace/agora-release-linux-2/ServerSDK-Video/src/video_recorder/event_handler.cpp:1054: Channel counters: mix mode:0 , min port:-1 , max port:-1 ,decode audio:0 , decode_video:0 , is live:0 , idle:300 , is audio only:0 ,syslog facility:8 , mix mode height:360 , mix mode width:640 , mix mode fps:15 , mix mode kbps:500 , mix av:0, streamType:0, triggerMode:0, lang:0
AgoraCoreService[31242]: (31242) /var/lib/jenkins/workspace/agora-release-linux-2/ServerSDK-Video/src/video_recorder/event_handler.cpp:1341: level 1: INFO    (14:32:27:255 |    0)  31257; CacheManager: save cache to storage elapsed 0
AgoraCoreService[31242]: (31242) /var/lib/jenkins/workspace/agora-release-linux-2/ServerSDK-Video/src/video_recorder/event_handler.cpp:1341: level 1: INFO    (14:32:27:255 |    0)  31258; Channel counters: mix mode:0 , min port:-1 , max port:-1 ,decode audio:0 , decode_video:0 , is live:0 , idle:300 , is audio only:0 ,syslog facility:8 , mix mode height:360 , mix mode width:640 , mix mode fps:15 , mi
AgoraCoreService[31242]: (31242) /var/lib/jenkins/workspace/agora-release-linux-2/ServerSDK-Video/src/video_recorder/event_handler.cpp:1128: User 916590955 join channel police_8_1 success, elapsed: 247 ms
AgoraCoreService[31242]: (31242) /var/lib/jenkins/workspace/agora-release-linux-2/ServerSDK-Video/src/video_recorder/event_handler.cpp:1341: level 1: INFO    (14:32:27:255 |    0)  31258; User 916590955 join channel police_8_1 success, elapsed: 247 ms
AgoraCoreService[31242]: (31242) /var/lib/jenkins/workspace/agora-release-linux-2/ServerSDK-Video/src/video_recorder/event_handler.cpp:1341: level 1: INFO    (14:32:27:261 |    6)  31257; [ch0] rtt: 6
AgoraCoreService[31242]: (31242) /var/lib/jenkins/workspace/agora-release-linux-2/ServerSDK-Video/src/video_recorder/event_handler.cpp:1341: level 1: INFO    (14:32:27:320 |   59)  31264; [che] onVideoSizeChanged: uid 0 640x360 rotate 0
AgoraCoreService[31242]: (31242) /var/lib/jenkins/workspace/agora-release-linux-2/ServerSDK-Video/src/video_recorder/event_handler.cpp:1341: level 1: INFO    (14:32:29:232 |    0)  31257; notifyPeerCount: cnt 0
AgoraCoreService[31242]: (31242) /var/lib/jenkins/workspace/agora-release-linux-2/ServerSDK-Video/src/video_recorder/event_handler.cpp:1341: level 1: INFO    (14:32:32:  7 |    0)  31257; [rlbs] selected: 199.190.44.35:9700
AgoraCoreService[31242]: (31242) /var/lib/jenkins/workspace/agora-release-linux-2/ServerSDK-Video/src/video_recorder/event_handler.cpp:1341: level 1: INFO    (14:32:32:  8 |    1)  31257; [rlbs] request rs list from 199.190.44.35:9700.......
AgoraCoreService[31242]: (31242) /var/lib/jenkins/workspace/agora-release-linux-2/ServerSDK-Video/src/video_recorder/event_handler.cpp:1341: level 1: INFO    (14:32:32:  8 |    0)  31257; [rs] **report stats: seq: 10, report list size 10, tx/rx: 2030/240, cache size: 0, report success rate: -1
AgoraCoreService[31242]: (31242) /var/lib/jenkins/workspace/agora-release-linux-2/ServerSDK-Video/src/video_recorder/event_handler.cpp:1341: level 1: INFO    (14:32:32:221 |  213)  31257; [rlbs/u] responsed from 199.190.44.35:9700 with servers 128.1.78.91:8000
AgoraCoreService[31242]: (31242) /var/lib/jenkins/workspace/agora-release-linux-2/ServerSDK-Video/src/video_recorder/event_handler.cpp:1341: level 1: INFO    (14:32:33:242 |   21)  31259; Audio statistics - play count: playout count = 200  signal level: far_in = 0
recorder_local[31241]: (31241) /var/lib/jenkins/workspace/agora-release-linux-2/ServerSDK-Video/src/rec_engine/RecordingEngineImpl.cpp:502: [Wrapper] channel id: police_8_1 packet stats, total: 0, callback_->AudioFrameReceived: pcmPackets: 0, pcmTotalPackets: 0, aacPackets: 0, yuvF2Packets: 0, h264F2Packets: 0, errPackets: 0, otherPackets: 0
AgoraCoreService[31242]: (31242) /var/lib/jenkins/workspace/agora-release-linux-2/ServerSDK-Video/src/video_recorder/event_handler.cpp:907: [ARS/15s]event cnts:0, audio pkts:0, mix audio pkts:0, yuv video pkts:0, h264 video pkts:0
AgoraCoreService[31242]: (31242) /var/lib/jenkins/workspace/agora-release-linux-2/ServerSDK-Video/src/video_recorder/event_handler.cpp:1341: level 1: INFO    (14:32:42: 22 |    0)  31242; [ARS/15s]event cnts:0, audio pkts:0, mix audio pkts:0, yuv video pkts:0, h264 video pkts:0
recorder_local[31241]: (31241) /var/lib/jenkins/workspace/agora-release-linux-2/ServerSDK-Video/src/rec_engine/RecordingEngineImpl.cpp:502: [Wrapper] channel id: police_8_1 packet stats, total: 0, callback_->AudioFrameReceived: pcmPackets: 0, pcmTotalPackets: 0, aacPackets: 0, yuvF2Packets: 0, h264F2Packets: 0, errPackets: 0, otherPackets: 0
AgoraCoreService[31242]: (31242) /var/lib/jenkins/workspace/agora-release-linux-2/ServerSDK-Video/src/video_recorder/event_handler.cpp:1341: level 1: INFO    (14:32:47:242 |  220)  31259; Audio statistics - play count: playout count = 600  signal level: far_in = 0
recorder_local[31241]: (31241) /var/lib/jenkins/workspace/agora-release-linux-2/ServerSDK-Video/src/rec_engine/RecordingEngineImpl.cpp:502: [Wrapper] channel id: police_8_1 packet stats, total: 0, callback_->AudioFrameReceived: pcmPackets: 0, pcmTotalPackets: 0, aacPackets: 0, yuvF2Packets: 0, h264F2Packets: 0, errPackets: 0, otherPackets: 0
AgoraCoreService[31242]: (31242) /var/lib/jenkins/workspace/agora-release-linux-2/ServerSDK-Video/src/video_recorder/event_handler.cpp:907: [ARS/15s]event cnts:0, audio pkts:0, mix audio pkts:0, yuv video pkts:0, h264 video pkts:0
AgoraCoreService[31242]: (31242) /var/lib/jenkins/workspace/agora-release-linux-2/ServerSDK-Video/src/video_recorder/event_handler.cpp:1341: level 1: INFO    (14:32:57: 34 |    0)  31242; [ARS/15s]event cnts:0, audio pkts:0, mix audio pkts:0, yuv video pkts:0, h264 video pkts:0
AgoraCoreService[31242]: (31242) /var/lib/jenkins/workspace/agora-release-linux-2/ServerSDK-Video/src/video_recorder/event_handler.cpp:1341: level 1: INFO    (14:33: 1:  8 |    0)  31257; **CALL STATS: duraton 31s cpu app/total 2.3/13.82 battery 255 tx/rx: 1/1 kbps 10.11K/4.934K bytes
AgoraCoreService[31242]: (31242) /var/lib/jenkins/workspace/agora-release-linux-2/ServerSDK-Video/src/video_recorder/event_handler.cpp:1341: level 1: INFO    (14:33: 2:  8 |    0)  31257; [rs] **report stats: seq: 23, report list size 23, tx/rx: 5988/1104, cache size: 0, report success rate: 100
AgoraCoreService[31242]: (31242) /var/lib/jenkins/workspace/agora-release-linux-2/ServerSDK-Video/src/video_recorder/event_handler.cpp:1341: level 1: INFO    (14:33: 5:242 |  234)  31259; Audio statistics - play count: playout count = 600  signal level: far_in = 0
recorder_local[31241]: (31241) /var/lib/jenkins/workspace/agora-release-linux-2/ServerSDK-Video/src/rec_engine/RecordingEngineImpl.cpp:502: [Wrapper] channel id: police_8_1 packet stats, total: 0, callback_->AudioFrameReceived: pcmPackets: 0, pcmTotalPackets: 0, aacPackets: 0, yuvF2Packets: 0, h264F2Packets: 0, errPackets: 0, otherPackets: 0
AgoraCoreService[31242]: (31242) /var/lib/jenkins/workspace/agora-release-linux-2/ServerSDK-Video/src/video_recorder/event_handler.cpp:907: [ARS/15s]event cnts:0, audio pkts:0, mix audio pkts:0, yuv video pkts:0, h264 video pkts:0
AgoraCoreService[31242]: (31242) /var/lib/jenkins/workspace/agora-release-linux-2/ServerSDK-Video/src/video_recorder/event_handler.cpp:1341: level 1: INFO    (14:33:12: 46 |    0)  31242; [ARS/15s]event cnts:0, audio pkts:0, mix audio pkts:0, yuv video pkts:0, h264 video pkts:0
recorder_local[31241]: (31241) /var/lib/jenkins/workspace/agora-release-linux-2/ServerSDK-Video/src/rec_engine/RecordingEngineImpl.cpp:502: [Wrapper] channel id: police_8_1 packet stats, total: 0, callback_->AudioFrameReceived: pcmPackets: 0, pcmTotalPackets: 0, aacPackets: 0, yuvF2Packets: 0, h264F2Packets: 0, errPackets: 0, otherPackets: 0
AgoraCoreService[31242]: (31242) /var/lib/jenkins/workspace/agora-release-linux-2/ServerSDK-Video/src/video_recorder/event_handler.cpp:1341: level 1: INFO    (14:33:23:242 |  196)  31259; Audio statistics - play count: playout count = 600  signal level: far_in = 0
recorder_local[31241]: (31241) /var/lib/jenkins/workspace/agora-release-linux-2/ServerSDK-Video/src/rec_engine/RecordingEngineImpl.cpp:502: [Wrapper] channel id: police_8_1 packet stats, total: 0, callback_->AudioFrameReceived: pcmPackets: 0, pcmTotalPackets: 0, aacPackets: 0, yuvF2Packets: 0, h264F2Packets: 0, errPackets: 0, otherPackets: 0
AgoraCoreService[31242]: (31242) /var/lib/jenkins/workspace/agora-release-linux-2/ServerSDK-Video/src/video_recorder/event_handler.cpp:907: [ARS/15s]event cnts:0, audio pkts:0, mix audio pkts:0, yuv video pkts:0, h264 video pkts:0
AgoraCoreService[31242]: (31242) /var/lib/jenkins/workspace/agora-release-linux-2/ServerSDK-Video/src/video_recorder/event_handler.cpp:1341: level 1: INFO    (14:33:27: 60 |    0)  31242; [ARS/15s]event cnts:0, audio pkts:0, mix audio pkts:0, yuv video pkts:0, h264 video pkts:0
AgoraCoreService[31242]: (31242) /var/lib/jenkins/workspace/agora-release-linux-2/ServerSDK-Video/src/video_recorder/event_handler.cpp:1341: level 1: INFO    (14:33:33:  8 |    0)  31257; **CALL STATS: duraton 1m3s cpu app/total 1.46/12.44 battery 255 tx/rx: 2/1 kbps 16.639K/8.672K bytes
AgoraCoreService[31242]: (31242) /var/lib/jenkins/workspace/agora-release-linux-2/ServerSDK-Video/src/video_recorder/event_handler.cpp:1341: level 1: INFO    (14:33:37:  8 |    0)  31257; [rs] **report stats: seq: 32, report list size 32, tx/rx: 8062/1536, cache size: 0, report success rate: 100
recorder_local[31241]: (31241) /var/lib/jenkins/workspace/agora-release-linux-2/ServerSDK-Video/src/rec_engine/RecordingEngineImpl.cpp:502: [Wrapper] channel id: police_8_1 packet stats, total: 0, callback_->AudioFrameReceived: pcmPackets: 0, pcmTotalPackets: 0, aacPackets: 0, yuvF2Packets: 0, h264F2Packets: 0, errPackets: 0, otherPackets: 0
AgoraCoreService[31242]: (31242) /var/lib/jenkins/workspace/agora-release-linux-2/ServerSDK-Video/src/video_recorder/event_handler.cpp:1341: level 1: INFO    (14:33:41:242 |  234)  31259; Audio statistics - play count: playout count = 600  signal level: far_in = 0
AgoraCoreService[31242]: (31242) /var/lib/jenkins/workspace/agora-release-linux-2/ServerSDK-Video/src/video_recorder/event_handler.cpp:907: [ARS/15s]event cnts:0, audio pkts:0, mix audio pkts:0, yuv video pkts:0, h264 video pkts:0
AgoraCoreService[31242]: (31242) /var/lib/jenkins/workspace/agora-release-linux-2/ServerSDK-Video/src/video_recorder/event_handler.cpp:1341: level 1: INFO    (14:33:42: 73 |    0)  31242; [ARS/15s]event cnts:0, audio pkts:0, mix audio pkts:0, yuv video pkts:0, h264 video pkts:0
recorder_local[31241]: (31241) /var/lib/jenkins/workspace/agora-release-linux-2/ServerSDK-Video/src/rec_engine/RecordingEngineImpl.cpp:502: [Wrapper] channel id: police_8_1 packet stats, total: 0, callback_->AudioFrameReceived: pcmPackets: 0, pcmTotalPackets: 0, aacPackets: 0, yuvF2Packets: 0, h264F2Packets: 0, errPackets: 0, otherPackets: 0
AgoraCoreService[31242]: (31242) /var/lib/jenkins/workspace/agora-release-linux-2/ServerSDK-Video/src/video_recorder/event_handler.cpp:907: [ARS/15s]event cnts:0, audio pkts:0, mix audio pkts:0, yuv video pkts:0, h264 video pkts:0
recorder_local[31241]: (31241) /var/lib/jenkins/workspace/agora-release-linux-2/ServerSDK-Video/src/rec_engine/RecordingEngineImpl.cpp:502: [Wrapper] channel id: police_8_1 packet stats, total: 0, callback_->AudioFrameReceived: pcmPackets: 0, pcmTotalPackets: 0, aacPackets: 0, yuvF2Packets: 0, h264F2Packets: 0, errPackets: 0, otherPackets: 0
AgoraCoreService[31242]: (31242) /var/lib/jenkins/workspace/agora-release-linux-2/ServerSDK-Video/src/video_recorder/event_handler.cpp:1341: level 1: INFO    (14:33:57: 87 |   14)  31242; [ARS/15s]event cnts:0, audio pkts:0, mix audio pkts:0, yuv video pkts:0, h264 video pkts:0
AgoraCoreService[31242]: (31242) /var/lib/jenkins/workspace/agora-release-linux-2/ServerSDK-Video/src/video_recorder/event_handler.cpp:1341: level 1: INFO    (14:33:59:242 |  155)  31259; Audio statistics - play count: playout count = 600  signal level: far_in = 0
AgoraCoreService[31242]: (31242) /var/lib/jenkins/workspace/agora-release-linux-2/ServerSDK-Video/src/video_recorder/event_handler.cpp:1341: level 1: INFO    (14:34: 5:  8 |    0)  31257; **CALL STATS: duraton 1m35s cpu app/total 1.43/14.1 battery 255 tx/rx: 1/0 kbps 23.25K/12.380K bytes
AgoraCoreService[31242]: (31242) /var/lib/jenkins/workspace/agora-release-linux-2/ServerSDK-Video/src/video_recorder/event_handler.cpp:1341: level 1: INFO    (14:34: 7:  9 |    1)  31257; [rs] **report stats: seq: 42, report list size 23, tx/rx: 10347/1968, cache size: 0, report success rate: 100
recorder_local[31241]: (31241) /var/lib/jenkins/workspace/agora-release-linux-2/ServerSDK-Video/src/rec_engine/RecordingEngineImpl.cpp:502: [Wrapper] channel id: police_8_1 packet stats, total: 0, callback_->AudioFrameReceived: pcmPackets: 0, pcmTotalPackets: 0, aacPackets: 0, yuvF2Packets: 0, h264F2Packets: 0, errPackets: 0, otherPackets: 0
AgoraCoreService[31242]: (31242) /var/lib/jenkins/workspace/agora-release-linux-2/ServerSDK-Video/src/video_recorder/event_handler.cpp:907: [ARS/15s]event cnts:0, audio pkts:0, mix audio pkts:0, yuv video pkts:0, h264 video pkts:0
AgoraCoreService[31242]: (31242) /var/lib/jenkins/workspace/agora-release-linux-2/ServerSDK-Video/src/video_recorder/event_handler.cpp:1341: level 1: INFO    (14:34:12:102 |   93)  31242; [ARS/15s]event cnts:0, audio pkts:0, mix audio pkts:0, yuv video pkts:0, h264 video pkts:0
recorder_local[31241]: (31241) /var/lib/jenkins/workspace/agora-release-linux-2/ServerSDK-Video/src/rec_engine/RecordingEngineImpl.cpp:502: [Wrapper] channel id: police_8_1 packet stats, total: 0, callback_->AudioFrameReceived: pcmPackets: 0, pcmTotalPackets: 0, aacPackets: 0, yuvF2Packets: 0, h264F2Packets: 0, errPackets: 0, otherPackets: 0
AgoraCoreService[31242]: (31242) /var/lib/jenkins/workspace/agora-release-linux-2/ServerSDK-Video/src/video_recorder/event_handler.cpp:1341: level 1: INFO    (14:34:17:242 |  140)  31259; Audio statistics - play count: playout count = 600  signal level: far_in = 0
AgoraCoreService[31242]: (31242) /var/lib/jenkins/workspace/agora-release-linux-2/ServerSDK-Video/src/video_recorder/event_handler.cpp:907: [ARS/15s]event cnts:0, audio pkts:0, mix audio pkts:0, yuv video pkts:0, h264 video pkts:0
recorder_local[31241]: (31241) /var/lib/jenkins/workspace/agora-release-linux-2/ServerSDK-Video/src/rec_engine/RecordingEngineImpl.cpp:502: [Wrapper] channel id: police_8_1 packet stats, total: 0, callback_->AudioFrameReceived: pcmPackets: 0, pcmTotalPackets: 0, aacPackets: 0, yuvF2Packets: 0, h264F2Packets: 0, errPackets: 0, otherPackets: 0
AgoraCoreService[31242]: (31242) /var/lib/jenkins/workspace/agora-release-linux-2/ServerSDK-Video/src/video_recorder/event_handler.cpp:1341: level 1: INFO    (14:34:27:115 |    0)  31242; [ARS/15s]event cnts:0, audio pkts:0, mix audio pkts:0, yuv video pkts:0, h264 video pkts:0
AgoraCoreService[31242]: (31242) /var/lib/jenkins/workspace/agora-release-linux-2/ServerSDK-Video/src/video_recorder/event_handler.cpp:1341: level 1: INFO    (14:34:35:  8 |    0)  31257; **CALL STATS: duraton 2m5s cpu app/total 1.80/13.51 battery 255 tx/rx: 1/0 kbps 29.101K/15.890K bytes
AgoraCoreService[31242]: (31242) /var/lib/jenkins/workspace/agora-release-linux-2/ServerSDK-Video/src/video_recorder/event_handler.cpp:1341: level 1: INFO    (14:34:35:242 |  234)  31259; Audio statistics - play count: playout count = 600  signal level: far_in = 0
recorder_local[31241]: (31241) /var/lib/jenkins/workspace/agora-release-linux-2/ServerSDK-Video/src/rec_engine/RecordingEngineImpl.cpp:502: [Wrapper] channel id: police_8_1 packet stats, total: 0, callback_->AudioFrameReceived: pcmPackets: 0, pcmTotalPackets: 0, aacPackets: 0, yuvF2Packets: 0, h264F2Packets: 0, errPackets: 0, otherPackets: 0
AgoraCoreService[31242]: (31242) /var/lib/jenkins/workspace/agora-release-linux-2/ServerSDK-Video/src/video_recorder/event_handler.cpp:1341: level 1: INFO    (14:34:42:  8 |    0)  31257; [rs] **report stats: seq: 52, report list size 22, tx/rx: 12639/2496, cache size: 0, report success rate: 100
AgoraCoreService[31242]: (31242) /var/lib/jenkins/workspace/agora-release-linux-2/ServerSDK-Video/src/video_recorder/event_handler.cpp:907: [ARS/15s]event cnts:0, audio pkts:0, mix audio pkts:0, yuv video pkts:0, h264 video pkts:0
AgoraCoreService[31242]: (31242) /var/lib/jenkins/workspace/agora-release-linux-2/ServerSDK-Video/src/video_recorder/event_handler.cpp:1341: level 1: INFO    (14:34:42:130 |  122)  31242; [ARS/15s]event cnts:0, audio pkts:0, mix audio pkts:0, yuv video pkts:0, h264 video pkts:0
recorder_local[31241]: (31241) /var/lib/jenkins/workspace/agora-release-linux-2/ServerSDK-Video/src/rec_engine/RecordingEngineImpl.cpp:502: [Wrapper] channel id: police_8_1 packet stats, total: 0, callback_->AudioFrameReceived: pcmPackets: 0, pcmTotalPackets: 0, aacPackets: 0, yuvF2Packets: 0, h264F2Packets: 0, errPackets: 0, otherPackets: 0
AgoraCoreService[31242]: (31242) /var/lib/jenkins/workspace/agora-release-linux-2/ServerSDK-Video/src/video_recorder/event_handler.cpp:1341: level 1: INFO    (14:34:53:242 |  112)  31259; Audio statistics - play count: playout count = 600  signal level: far_in = 0
recorder_local[31241]: (31241) /var/lib/jenkins/workspace/agora-release-linux-2/ServerSDK-Video/src/rec_engine/RecordingEngineImpl.cpp:502: [Wrapper] channel id: police_8_1 packet stats, total: 0, callback_->AudioFrameReceived: pcmPackets: 0, pcmTotalPackets: 0, aacPackets: 0, yuvF2Packets: 0, h264F2Packets: 0, errPackets: 0, otherPackets: 0
AgoraCoreService[31242]: (31242) /var/lib/jenkins/workspace/agora-release-linux-2/ServerSDK-Video/src/video_recorder/event_handler.cpp:907: [ARS/15s]event cnts:0, audio pkts:0, mix audio pkts:0, yuv video pkts:0, h264 video pkts:0
AgoraCoreService[31242]: (31242) /var/lib/jenkins/workspace/agora-release-linux-2/ServerSDK-Video/src/video_recorder/event_handler.cpp:1341: level 1: INFO    (14:34:57:143 |    0)  31242; [ARS/15s]event cnts:0, audio pkts:0, mix audio pkts:0, yuv video pkts:0, h264 video pkts:0
AgoraCoreService[31242]: (31242) /var/lib/jenkins/workspace/agora-release-linux-2/ServerSDK-Video/src/video_recorder/event_handler.cpp:1341: level 1: INFO    (14:35: 7:  8 |    0)  31257; **CALL STATS: duraton 2m37s cpu app/total 1.87/18.0 battery 255 tx/rx: 1/1 kbps 35.421K/19.628K bytes
recorder_local[31241]: (31241) /var/lib/jenkins/workspace/agora-release-linux-2/ServerSDK-Video/src/rec_engine/RecordingEngineImpl.cpp:502: [Wrapper] channel id: police_8_1 packet stats, total: 0, callback_->AudioFrameReceived: pcmPackets: 0, pcmTotalPackets: 0, aacPackets: 0, yuvF2Packets: 0, h264F2Packets: 0, errPackets: 0, otherPackets: 0
AgoraCoreService[31242]: (31242) /var/lib/jenkins/workspace/agora-release-linux-2/ServerSDK-Video/src/video_recorder/event_handler.cpp:1341: level 1: INFO    (14:35:11:242 |  234)  31259; Audio statistics - play count: playout count = 600  signal level: far_in = 0
AgoraCoreService[31242]: (31242) /var/lib/jenkins/workspace/agora-release-linux-2/ServerSDK-Video/src/video_recorder/event_handler.cpp:907: [ARS/15s]event cnts:0, audio pkts:0, mix audio pkts:0, yuv video pkts:0, h264 video pkts:0
AgoraCoreService[31242]: (31242) /var/lib/jenkins/workspace/agora-release-linux-2/ServerSDK-Video/src/video_recorder/event_handler.cpp:1341: level 1: INFO    (14:35:12:158 |    0)  31242; [ARS/15s]event cnts:0, audio pkts:0, mix audio pkts:0, yuv video pkts:0, h264 video pkts:0
AgoraCoreService[31242]: (31242) /var/lib/jenkins/workspace/agora-release-linux-2/ServerSDK-Video/src/video_recorder/event_handler.cpp:1341: level 1: INFO    (14:35:17:  8 |    0)  31257; [rs] **report stats: seq: 62, report list size 21, tx/rx: 14926/2976, cache size: 0, report success rate: 100
recorder_local[31241]: (31241) /var/lib/jenkins/workspace/agora-release-linux-2/ServerSDK-Video/src/rec_engine/RecordingEngineImpl.cpp:502: [Wrapper] channel id: police_8_1 packet stats, total: 0, callback_->AudioFrameReceived: pcmPackets: 0, pcmTotalPackets: 0, aacPackets: 0, yuvF2Packets: 0, h264F2Packets: 0, errPackets: 0, otherPackets: 0
AgoraCoreService[31242]: (31242) /var/lib/jenkins/workspace/agora-release-linux-2/ServerSDK-Video/src/video_recorder/event_handler.cpp:907: [ARS/15s]event cnts:0, audio pkts:0, mix audio pkts:0, yuv video pkts:0, h264 video pkts:0
recorder_local[31241]: (31241) /var/lib/jenkins/workspace/agora-release-linux-2/ServerSDK-Video/src/rec_engine/RecordingEngineImpl.cpp:502: [Wrapper] channel id: police_8_1 packet stats, total: 0, callback_->AudioFrameReceived: pcmPackets: 0, pcmTotalPackets: 0, aacPackets: 0, yuvF2Packets: 0, h264F2Packets: 0, errPackets: 0, otherPackets: 0
AgoraCoreService[31242]: (31242) /var/lib/jenkins/workspace/agora-release-linux-2/ServerSDK-Video/src/video_recorder/event_handler.cpp:1341: level 1: INFO    (14:35:27:172 |  164)  31242; [ARS/15s]event cnts:0, audio pkts:0, mix audio pkts:0, yuv video pkts:0, h264 video pkts:0
AgoraCoreService[31242]: (31242) /var/lib/jenkins/workspace/agora-release-linux-2/ServerSDK-Video/src/video_recorder/event_handler.cpp:1341: level 1: INFO    (14:35:29:242 |   70)  31259; Audio statistics - play count: playout count = 600  signal level: far_in = 0
AgoraCoreService[31242]: (31242) /var/lib/jenkins/workspace/agora-release-linux-2/ServerSDK-Video/src/video_recorder/event_handler.cpp:1341: level 1: INFO    (14:35:37:  8 |    0)  31257; **CALL STATS: duraton 3m7s cpu app/total 1.43/11.79 battery 255 tx/rx: 1/1 kbps 41.507K/23.114K bytes
recorder_local[31241]: (31241) /var/lib/jenkins/workspace/agora-release-linux-2/ServerSDK-Video/src/rec_engine/RecordingEngineImpl.cpp:502: [Wrapper] channel id: police_8_1 packet stats, total: 0, callback_->AudioFrameReceived: pcmPackets: 0, pcmTotalPackets: 0, aacPackets: 0, yuvF2Packets: 0, h264F2Packets: 0, errPackets: 0, otherPackets: 0
AgoraCoreService[31242]: (31242) /var/lib/jenkins/workspace/agora-release-linux-2/ServerSDK-Video/src/video_recorder/event_handler.cpp:907: [ARS/15s]event cnts:0, audio pkts:0, mix audio pkts:0, yuv video pkts:0, h264 video pkts:0
AgoraCoreService[31242]: (31242) /var/lib/jenkins/workspace/agora-release-linux-2/ServerSDK-Video/src/video_recorder/event_handler.cpp:1341: level 1: INFO    (14:35:42:187 |  179)  31242; [ARS/15s]event cnts:0, audio pkts:0, mix audio pkts:0, yuv video pkts:0, h264 video pkts:0
recorder_local[31241]: (31241) /var/lib/jenkins/workspace/agora-release-linux-2/ServerSDK-Video/src/rec_engine/RecordingEngineImpl.cpp:502: [Wrapper] channel id: police_8_1 packet stats, total: 0, callback_->AudioFrameReceived: pcmPackets: 0, pcmTotalPackets: 0, aacPackets: 0, yuvF2Packets: 0, h264F2Packets: 0, errPackets: 0, otherPackets: 0
AgoraCoreService[31242]: (31242) /var/lib/jenkins/workspace/agora-release-linux-2/ServerSDK-Video/src/video_recorder/event_handler.cpp:1341: level 1: INFO    (14:35:47:242 |   55)  31259; Audio statistics - play count: playout count = 600  signal level: far_in = 0
AgoraCoreService[31242]: (31242) /var/lib/jenkins/workspace/agora-release-linux-2/ServerSDK-Video/src/video_recorder/event_handler.cpp:1341: level 1: INFO    (14:35:52:  8 |    0)  31257; [rs] **report stats: seq: 73, report list size 23, tx/rx: 17444/3504, cache size: 0, report success rate: 100
AgoraCoreService[31242]: (31242) /var/lib/jenkins/workspace/agora-release-linux-2/ServerSDK-Video/src/video_recorder/event_handler.cpp:907: [ARS/15s]event cnts:0, audio pkts:0, mix audio pkts:0, yuv video pkts:0, h264 video pkts:0
recorder_local[31241]: (31241) /var/lib/jenkins/workspace/agora-release-linux-2/ServerSDK-Video/src/rec_engine/RecordingEngineImpl.cpp:502: [Wrapper] channel id: police_8_1 packet stats, total: 0, callback_->AudioFrameReceived: pcmPackets: 0, pcmTotalPackets: 0, aacPackets: 0, yuvF2Packets: 0, h264F2Packets: 0, errPackets: 0, otherPackets: 0
AgoraCoreService[31242]: (31242) /var/lib/jenkins/workspace/agora-release-linux-2/ServerSDK-Video/src/video_recorder/event_handler.cpp:1341: level 1: INFO    (14:35:57:201 |  193)  31242; [ARS/15s]event cnts:0, audio pkts:0, mix audio pkts:0, yuv video pkts:0, h264 video pkts:0
AgoraCoreService[31242]: (31242) /var/lib/jenkins/workspace/agora-release-linux-2/ServerSDK-Video/src/video_recorder/event_handler.cpp:1341: level 1: INFO    (14:36: 5:242 |   41)  31259; Audio statistics - play count: playout count = 600  signal level: far_in = 0
recorder_local[31241]: (31241) /var/lib/jenkins/workspace/agora-release-linux-2/ServerSDK-Video/src/rec_engine/RecordingEngineImpl.cpp:502: [Wrapper] channel id: police_8_1 packet stats, total: 0, callback_->AudioFrameReceived: pcmPackets: 0, pcmTotalPackets: 0, aacPackets: 0, yuvF2Packets: 0, h264F2Packets: 0, errPackets: 0, otherPackets: 0
AgoraCoreService[31242]: (31242) /var/lib/jenkins/workspace/agora-release-linux-2/ServerSDK-Video/src/video_recorder/event_handler.cpp:1341: level 1: INFO    (14:36: 9:  8 |    0)  31257; **CALL STATS: duraton 3m39s cpu app/total 2.32/12.38 battery 255 tx/rx: 1/1 kbps 47.904K/26.876K bytes
AgoraCoreService[31242]: (31242) /var/lib/jenkins/workspace/agora-release-linux-2/ServerSDK-Video/src/video_recorder/event_handler.cpp:907: [ARS/15s]event cnts:0, audio pkts:0, mix audio pkts:0, yuv video pkts:0, h264 video pkts:0
AgoraCoreService[31242]: (31242) /var/lib/jenkins/workspace/agora-release-linux-2/ServerSDK-Video/src/video_recorder/event_handler.cpp:1341: level 1: INFO    (14:36:12:217 |  209)  31242; [ARS/15s]event cnts:0, audio pkts:0, mix audio pkts:0, yuv video pkts:0, h264 video pkts:0
recorder_local[31241]: (31241) /var/lib/jenkins/workspace/agora-release-linux-2/ServerSDK-Video/src/rec_engine/RecordingEngineImpl.cpp:502: [Wrapper] channel id: police_8_1 packet stats, total: 0, callback_->AudioFrameReceived: pcmPackets: 0, pcmTotalPackets: 0, aacPackets: 0, yuvF2Packets: 0, h264F2Packets: 0, errPackets: 0, otherPackets: 0
AgoraCoreService[31242]: (31242) /var/lib/jenkins/workspace/agora-release-linux-2/ServerSDK-Video/src/video_recorder/event_handler.cpp:1341: level 1: INFO    (14:36:23:242 |   25)  31259; Audio statistics - play count: playout count = 600  signal level: far_in = 0
AgoraCoreService[31242]: (31242) /var/lib/jenkins/workspace/agora-release-linux-2/ServerSDK-Video/src/video_recorder/event_handler.cpp:1341: level 1: INFO    (14:36:27:  8 |    0)  31257; [rs] **report stats: seq: 83, report list size 22, tx/rx: 19746/3984, cache size: 0, report success rate: 100
AgoraCoreService[31242]: (31242) /var/lib/jenkins/workspace/agora-release-linux-2/ServerSDK-Video/src/video_recorder/event_handler.cpp:907: [ARS/15s]event cnts:0, audio pkts:0, mix audio pkts:0, yuv video pkts:0, h264 video pkts:0
recorder_local[31241]: (31241) /var/lib/jenkins/workspace/agora-release-linux-2/ServerSDK-Video/src/rec_engine/RecordingEngineImpl.cpp:502: [Wrapper] channel id: police_8_1 packet stats, total: 0, callback_->AudioFrameReceived: pcmPackets: 0, pcmTotalPackets: 0, aacPackets: 0, yuvF2Packets: 0, h264F2Packets: 0, errPackets: 0, otherPackets: 0
AgoraCoreService[31242]: (31242) /var/lib/jenkins/workspace/agora-release-linux-2/ServerSDK-Video/src/video_recorder/event_handler.cpp:1341: level 1: INFO    (14:36:27:232 |  224)  31242; [ARS/15s]event cnts:0, audio pkts:0, mix audio pkts:0, yuv video pkts:0, h264 video pkts:0
recorder_local[31241]: (31241) /var/lib/jenkins/workspace/agora-release-linux-2/ServerSDK-Video/src/rec_engine/RecordingEngineImpl.cpp:502: [Wrapper] channel id: police_8_1 packet stats, total: 0, callback_->AudioFrameReceived: pcmPackets: 0, pcmTotalPackets: 0, aacPackets: 0, yuvF2Packets: 0, h264F2Packets: 0, errPackets: 0, otherPackets: 0
AgoraCoreService[31242]: (31242) /var/lib/jenkins/workspace/agora-release-linux-2/ServerSDK-Video/src/video_recorder/event_handler.cpp:1341: level 1: INFO    (14:36:39:  9 |    0)  31257; **CALL STATS: duraton 4m9s cpu app/total 1.89/23.55 battery 255 tx/rx: 1/1 kbps 53.923K/30.362K bytes
AgoraCoreService[31242]: (31242) /var/lib/jenkins/workspace/agora-release-linux-2/ServerSDK-Video/src/video_recorder/event_handler.cpp:1341: level 1: INFO    (14:36:41:242 |  233)  31259; Audio statistics - play count: playout count = 600  signal level: far_in = 0
AgoraCoreService[31242]: (31242) /var/lib/jenkins/workspace/agora-release-linux-2/ServerSDK-Video/src/video_recorder/event_handler.cpp:907: [ARS/15s]event cnts:0, audio pkts:0, mix audio pkts:0, yuv video pkts:0, h264 video pkts:0
AgoraCoreService[31242]: (31242) /var/lib/jenkins/workspace/agora-release-linux-2/ServerSDK-Video/src/video_recorder/event_handler.cpp:1341: level 1: INFO    (14:36:42:247 |    5)  31242; [ARS/15s]event cnts:0, audio pkts:0, mix audio pkts:0, yuv video pkts:0, h264 video pkts:0
recorder_local[31241]: (31241) /var/lib/jenkins/workspace/agora-release-linux-2/ServerSDK-Video/src/rec_engine/RecordingEngineImpl.cpp:502: [Wrapper] channel id: police_8_1 packet stats, total: 0, callback_->AudioFrameReceived: pcmPackets: 0, pcmTotalPackets: 0, aacPackets: 0, yuvF2Packets: 0, h264F2Packets: 0, errPackets: 0, otherPackets: 0
AgoraCoreService[31242]: (31242) /var/lib/jenkins/workspace/agora-release-linux-2/ServerSDK-Video/src/video_recorder/event_handler.cpp:1341: level 1: INFO    (14:36:57:  8 |    0)  31257; [rs] **report stats: seq: 92, report list size 22, tx/rx: 21810/4416, cache size: 0, report success rate: 100
AgoraCoreService[31242]: (31242) /var/lib/jenkins/workspace/agora-release-linux-2/ServerSDK-Video/src/video_recorder/event_handler.cpp:907: [ARS/15s]event cnts:0, audio pkts:0, mix audio pkts:0, yuv video pkts:0, h264 video pkts:0
recorder_local[31241]: (31241) /var/lib/jenkins/workspace/agora-release-linux-2/ServerSDK-Video/src/rec_engine/RecordingEngineImpl.cpp:502: [Wrapper] channel id: police_8_1 packet stats, total: 0, callback_->AudioFrameReceived: pcmPackets: 0, pcmTotalPackets: 0, aacPackets: 0, yuvF2Packets: 0, h264F2Packets: 0, errPackets: 0, otherPackets: 0
AgoraCoreService[31242]: (31242) /var/lib/jenkins/workspace/agora-release-linux-2/ServerSDK-Video/src/video_recorder/event_handler.cpp:1341: level 1: INFO    (14:36:57:261 |  253)  31242; [ARS/15s]event cnts:0, audio pkts:0, mix audio pkts:0, yuv video pkts:0, h264 video pkts:0
AgoraCoreService[31242]: (31242) /var/lib/jenkins/workspace/agora-release-linux-2/ServerSDK-Video/src/video_recorder/event_handler.cpp:1341: level 1: INFO    (14:36:59:242 |    0)  31259; Audio statistics - play count: playout count = 600  signal level: far_in = 0
recorder_local[31241]: (31241) /var/lib/jenkins/workspace/agora-release-linux-2/ServerSDK-Video/src/rec_engine/RecordingEngineImpl.cpp:502: [Wrapper] channel id: police_8_1 packet stats, total: 0, callback_->AudioFrameReceived: pcmPackets: 0, pcmTotalPackets: 0, aacPackets: 0, yuvF2Packets: 0, h264F2Packets: 0, errPackets: 0, otherPackets: 0
AgoraCoreService[31242]: (31242) /var/lib/jenkins/workspace/agora-release-linux-2/ServerSDK-Video/src/video_recorder/event_handler.cpp:1341: level 1: INFO    (14:37:11:  8 |    0)  31257; **CALL STATS: duraton 4m41s cpu app/total 1.42/24.28 battery 255 tx/rx: 1/0 kbps 60.381K/34.22K bytes
AgoraCoreService[31242]: (31242) /var/lib/jenkins/workspace/agora-release-linux-2/ServerSDK-Video/src/video_recorder/event_handler.cpp:907: [ARS/15s]event cnts:0, audio pkts:0, mix audio pkts:0, yuv video pkts:0, h264 video pkts:0
AgoraCoreService[31242]: (31242) /var/lib/jenkins/workspace/agora-release-linux-2/ServerSDK-Video/src/video_recorder/event_handler.cpp:1341: level 1: INFO    (14:37:12:275 |  267)  31242; [ARS/15s]event cnts:0, audio pkts:0, mix audio pkts:0, yuv video pkts:0, h264 video pkts:0
AgoraCoreService[31242]: (31242) /var/lib/jenkins/workspace/agora-release-linux-2/ServerSDK-Video/src/video_recorder/event_handler.cpp:1341: level 1: INFO    (14:37:17:242 |    0)  31259; Audio statistics - play count: playout count = 600  signal level: far_in = 0
recorder_local[31241]: (31241) /var/lib/jenkins/workspace/agora-release-linux-2/ServerSDK-Video/src/rec_engine/RecordingEngineImpl.cpp:502: [Wrapper] channel id: police_8_1 packet stats, total: 0, callback_->AudioFrameReceived: pcmPackets: 0, pcmTotalPackets: 0, aacPackets: 0, yuvF2Packets: 0, h264F2Packets: 0, errPackets: 0, otherPackets: 0
recorder_local[31241]: (31241) /var/lib/jenkins/workspace/agora-release-linux-2/ServerSDK-Video/src/rec_engine/RecordingEngineImpl.cpp:502: [Wrapper] channel id: police_8_1 packet stats, total: 0, callback_->AudioFrameReceived: pcmPackets: 0, pcmTotalPackets: 0, aacPackets: 0, yuvF2Packets: 0, h264F2Packets: 0, errPackets: 0, otherPackets: 0
AgoraCoreService[31242]: (31242) /var/lib/jenkins/workspace/agora-release-linux-2/ServerSDK-Video/src/video_recorder/event_handler.cpp:907: [ARS/15s]event cnts:0, audio pkts:0, mix audio pkts:0, yuv video pkts:0, h264 video pkts:0
AgoraCoreService[31242]: (31242) /var/lib/jenkins/workspace/agora-release-linux-2/ServerSDK-Video/src/video_recorder/event_handler.cpp:1341: level 1: INFO    (14:37:27:290 |   48)  31242; [ARS/15s]event cnts:0, audio pkts:0, mix audio pkts:0, yuv video pkts:0, h264 video pkts:0
AgoraCoreService[31242]: (31242) /var/lib/jenkins/workspace/agora-release-linux-2/ServerSDK-Video/src/video_recorder/event_handler.cpp:1334: No users in channel for 300 seconds, aborting, leave_code:4.
AgoraCoreService[31242]: (31242) /var/lib/jenkins/workspace/agora-release-linux-2/ServerSDK-Video/src/video_recorder/event_handler.cpp:1341: level 2: WARN    (14:37:29:  8 |    0)  31258; No users in channel for 300 seconds, aborting, leave_code:4.
AgoraCoreService[31242]: (31242) /var/lib/jenkins/workspace/agora-release-linux-2/ServerSDK-Video/src/video_recorder/event_handler.cpp:888: ARS push leave pkt to queue inform wrapper
AgoraCoreService[31242]: (31242) /var/lib/jenkins/workspace/agora-release-linux-2/ServerSDK-Video/src/video_recorder/event_handler.cpp:1341: level 1: INFO    (14:37:29:292 |  284)  31242; ARS push leave pkt to queue inform wrapper
AgoraCoreService[31242]: (31242) /var/lib/jenkins/workspace/agora-release-linux-2/ServerSDK-Video/src/video_recorder/event_handler.cpp:858: Before cleanup cnt 0, errno 2 4, joined_ 1, term_sig 1, leave path code 12
AgoraCoreService[31242]: (31242) /var/lib/jenkins/workspace/agora-release-linux-2/ServerSDK-Video/src/video_recorder/event_handler.cpp:1341: level 2: WARN    (14:37:29:792 |  500)  31242; Before cleanup cnt 0, errno 2 4, joined_ 1, term_sig 1, leave path code 12
AgoraCoreService[31242]: (31242) /var/lib/jenkins/workspace/agora-release-linux-2/ServerSDK-Video/src/video_recorder/event_handler.cpp:582: Leaving channel and ready to cleanup
AgoraCoreService[31242]: (31242) /var/lib/jenkins/workspace/agora-release-linux-2/ServerSDK-Video/src/video_recorder/event_handler.cpp:1341: level 1: INFO    (14:37:29:792 |    0)  31242; Leaving channel and ready to cleanup
AgoraCoreService[31242]: (31242) /var/lib/jenkins/workspace/agora-release-linux-2/ServerSDK-Video/src/video_recorder/event_handler.cpp:1341: level 1: INFO    (14:37:29:792 |    0)  31242; API call to leave channel
AgoraCoreService[31242]: (31242) /var/lib/jenkins/workspace/agora-release-linux-2/ServerSDK-Video/src/video_recorder/event_handler.cpp:1341: level 1: INFO    (14:37:29:793 |    1)  31257; [cm] emit leave channel signal
AgoraCoreService[31242]: (31242) /var/lib/jenkins/workspace/agora-release-linux-2/ServerSDK-Video/src/video_recorder/event_handler.cpp:1334: No users in channel for 300 seconds, aborting, leave_code:12.
AgoraCoreService[31242]: (31242) /var/lib/jenkins/workspace/agora-release-linux-2/ServerSDK-Video/src/video_recorder/event_handler.cpp:1341: level 2: WARN    (14:37:29:793 |    0)  31258; No users in channel for 300 seconds, aborting, leave_code:12.
AgoraCoreService[31242]: (31242) /var/lib/jenkins/workspace/agora-release-linux-2/ServerSDK-Video/src/video_recorder/event_handler.cpp:1341: level 1: INFO    (14:37:29:793 |    0)  31257; **CALL STATS: duration 5m2s, tx 64.669K bytes, rx 36.530K bytes, total 101.175K bytes
AgoraCoreService[31242]: (31242) /var/lib/jenkins/workspace/agora-release-linux-2/ServerSDK-Video/src/video_recorder/event_handler.cpp:1341: level 1: INFO    (14:37:29:793 |    0)  31257; stopLocalRender
AgoraCoreService[31242]: (31242) /var/lib/jenkins/workspace/agora-release-linux-2/ServerSDK-Video/src/video_recorder/event_handler.cpp:1341: level 1: INFO    (14:37:29:793 |    0)  31257; stopLocalRender success
AgoraCoreService[31242]: (31242) /var/lib/jenkins/workspace/agora-release-linux-2/ServerSDK-Video/src/video_recorder/event_handler.cpp:1341: level 1: INFO    (14:37:29:793 |    0)  31257; AgoraVideoInput::Stop
AgoraCoreService[31242]: (31242) /var/lib/jenkins/workspace/agora-release-linux-2/ServerSDK-Video/src/video_recorder/event_handler.cpp:1341: level 1: INFO    (14:37:29:793 |    0)  31266; Thread with name:WebRtc_event_timer_thread stopped
AgoraCoreService[31242]: (31242) /var/lib/jenkins/workspace/agora-release-linux-2/ServerSDK-Video/src/video_recorder/event_handler.cpp:1341: level 1: INFO    (14:37:29:794 |    1)  31257; AgoraVideoInput::Destroy
AgoraCoreService[31242]: (31242) /var/lib/jenkins/workspace/agora-release-linux-2/ServerSDK-Video/src/video_recorder/event_handler.cpp:1341: level 1: INFO    (14:37:29:794 |    0)  31265; Thread with name:ExternalCaptureThread stopped
AgoraCoreService[31242]: (31242) /var/lib/jenkins/workspace/agora-release-linux-2/ServerSDK-Video/src/video_recorder/event_handler.cpp:1341: level 1: INFO    (14:37:29:832 |   38)  31264; Thread with name:AgoraInputThread stopped
AgoraCoreService[31242]: (31242) /var/lib/jenkins/workspace/agora-release-linux-2/ServerSDK-Video/src/video_recorder/event_handler.cpp:1341: level 1: INFO    (14:37:29:834 |    2)  31257; stopCapture: stopCapture success
AgoraCoreService[31242]: (31242) /var/lib/jenkins/workspace/agora-release-linux-2/ServerSDK-Video/src/video_recorder/event_handler.cpp:1341: level 1: INFO    (14:37:29:834 |    0)  31257; stopRemoteRender
AgoraCoreService[31242]: (31242) /var/lib/jenkins/workspace/agora-release-linux-2/ServerSDK-Video/src/video_recorder/event_handler.cpp:1341: level 1: INFO    (14:37:29:834 |    0)  31257; [che] stopCall begins
AgoraCoreService[31242]: (31242) /var/lib/jenkins/workspace/agora-release-linux-2/ServerSDK-Video/src/video_recorder/event_handler.cpp:1341: level 1: INFO    (14:37:29:834 |    0)  31257; StopRecording complete
AgoraCoreService[31242]: (31242) /var/lib/jenkins/workspace/agora-release-linux-2/ServerSDK-Video/src/video_recorder/event_handler.cpp:1341: level 1: INFO    (14:37:29:834 |    0)  31257; StopPlayout complete
AgoraCoreService[31242]: (31242) /var/lib/jenkins/workspace/agora-release-linux-2/ServerSDK-Video/src/video_recorder/event_handler.cpp:1341: level 1: INFO    (14:37:29:835 |    1)  31257; [che] stop call returns 0, elapsed 0
AgoraCoreService[31242]: (31242) /var/lib/jenkins/workspace/agora-release-linux-2/ServerSDK-Video/src/video_recorder/event_handler.cpp:1341: level 1: INFO    (14:37:29:835 |    0)  31257; [rs] **report stats: seq: 105, report list size 25, tx/rx: 24559/4896, cache size: 0, report success rate: 100
AgoraCoreService[31242]: (31242) /var/lib/jenkins/workspace/agora-release-linux-2/ServerSDK-Video/src/video_recorder/event_handler.cpp:1341: level 1: INFO    (14:37:29:835 |    0)  31257; CacheManager: save cache to storage elapsed 0
AgoraCoreService[31242]: (31242) /var/lib/jenkins/workspace/agora-release-linux-2/ServerSDK-Video/src/video_recorder/event_handler.cpp:1341: level 1: INFO    (14:37:29:835 |    0)  31257; [ch0] vos destroyed
AgoraCoreService[31242]: (31242) /var/lib/jenkins/workspace/agora-release-linux-2/ServerSDK-Video/src/video_recorder/event_handler.cpp:1341: level 1: INFO    (14:37:29:835 |    0)  31257; delRef of media engine, ref=0
AgoraCoreService[31242]: (31242) /var/lib/jenkins/workspace/agora-release-linux-2/ServerSDK-Video/src/video_recorder/event_handler.cpp:1341: level 1: INFO    (14:37:29:835 |    0)  31257; [che] chat engine destroying
AgoraCoreService[31242]: (31242) /var/lib/jenkins/workspace/agora-release-linux-2/ServerSDK-Video/src/video_recorder/event_handler.cpp:1341: level 1: INFO    (14:37:29:835 |    0)  31257; stopLocalRender
AgoraCoreService[31242]: (31242) /var/lib/jenkins/workspace/agora-release-linux-2/ServerSDK-Video/src/video_recorder/event_handler.cpp:1341: level 1: INFO    (14:37:29:836 |    1)  31257; stopLocalRender success
AgoraCoreService[31242]: (31242) /var/lib/jenkins/workspace/agora-release-linux-2/ServerSDK-Video/src/video_recorder/event_handler.cpp:1341: level 2: WARN    (14:37:29:836 |    0)  31257; stopCapture: VideoEngine haven't startCapture
AgoraCoreService[31242]: (31242) /var/lib/jenkins/workspace/agora-release-linux-2/ServerSDK-Video/src/video_recorder/event_handler.cpp:1341: level 1: INFO    (14:37:29:836 |    0)  31257; stopRemoteRender
AgoraCoreService[31242]: (31242) /var/lib/jenkins/workspace/agora-release-linux-2/ServerSDK-Video/src/video_recorder/event_handler.cpp:1341: level 1: INFO    (14:37:29:836 |    0)  31257; [che] stopCall begins
AgoraCoreService[31242]: (31242) /var/lib/jenkins/workspace/agora-release-linux-2/ServerSDK-Video/src/video_recorder/event_handler.cpp:1341: level 1: INFO    (14:37:29:836 |    0)  31257; [che] stop call returns -1, elapsed 0
AgoraCoreService[31242]: (31242) /var/lib/jenkins/workspace/agora-release-linux-2/ServerSDK-Video/src/video_recorder/event_handler.cpp:1341: level 1: INFO    (14:37:29:836 |    0)  31257; stopLocalRender
AgoraCoreService[31242]: (31242) /var/lib/jenkins/workspace/agora-release-linux-2/ServerSDK-Video/src/video_recorder/event_handler.cpp:1341: level 1: INFO    (14:37:29:836 |    0)  31257; stopLocalRender success
AgoraCoreService[31242]: (31242) /var/lib/jenkins/workspace/agora-release-linux-2/ServerSDK-Video/src/video_recorder/event_handler.cpp:1341: level 1: INFO    (14:37:29:836 |    0)  31257; stopRemoteRender
AgoraCoreService[31242]: (31242) /var/lib/jenkins/workspace/agora-release-linux-2/ServerSDK-Video/src/video_recorder/event_handler.cpp:1341: level 2: WARN    (14:37:29:836 |    0)  31257; stopCapture: VideoEngine haven't startCapture
AgoraCoreService[31242]: (31242) /var/lib/jenkins/workspace/agora-release-linux-2/ServerSDK-Video/src/video_recorder/event_handler.cpp:1341: level 1: INFO    (14:37:29:836 |    0)  31263; Thread with name:VideoProcessThread stopped
AgoraCoreService[31242]: (31242) /var/lib/jenkins/workspace/agora-release-linux-2/ServerSDK-Video/src/video_recorder/event_handler.cpp:1341: level 2: WARN    (14:37:29:836 |    0)  31257; terminate: VideoEngine haven't init
AgoraCoreService[31242]: (31242) /var/lib/jenkins/workspace/agora-release-linux-2/ServerSDK-Video/src/video_recorder/event_handler.cpp:1341: level 1: INFO    (14:37:29:836 |    0)  31257; [DEBUGG] ViERenderManager Destructor, engine_id: 0
AgoraCoreService[31242]: (31242) /var/lib/jenkins/workspace/agora-release-linux-2/ServerSDK-Video/src/video_recorder/event_handler.cpp:1341: level 1: INFO    (14:37:29:838 |    2)  31262; Thread with name:VideoEncodeThread stopped
AgoraCoreService[31242]: (31242) /var/lib/jenkins/workspace/agora-release-linux-2/ServerSDK-Video/src/video_recorder/event_handler.cpp:1341: level 1: INFO    (14:37:29:847 |    9)  31257; VideoSendTrackImpl::UpdateCapturer capturer=(nil)
AgoraCoreService[31242]: (31242) /var/lib/jenkins/workspace/agora-release-linux-2/ServerSDK-Video/src/video_recorder/event_handler.cpp:1341: level 1: INFO    (14:37:29:847 |    0)  31257; VideoSendTrackImpl::UpdateRenderer, renderer=(nil)
AgoraCoreService[31242]: (31242) /var/lib/jenkins/workspace/agora-release-linux-2/ServerSDK-Video/src/video_recorder/event_handler.cpp:1341: level 1: INFO    (14:37:29:847 |    0)  31261; Thread with name:EngineMonitorThread stopped
AgoraCoreService[31242]: (31242) /var/lib/jenkins/workspace/agora-release-linux-2/ServerSDK-Video/src/video_recorder/event_handler.cpp:1341: level 1: INFO    (14:37:29:847 |    0)  31259; Thread with name:external_audio_module_thread stopped
AgoraCoreService[31242]: (31242) /var/lib/jenkins/workspace/agora-release-linux-2/ServerSDK-Video/src/video_recorder/event_handler.cpp:1341: level 1: INFO    (14:37:29:847 |    0)  31260; Thread with name:WebRtc_event_timer_thread stopped
AgoraCoreService[31242]: (31242) /var/lib/jenkins/workspace/agora-release-linux-2/ServerSDK-Video/src/video_recorder/event_handler.cpp:1341: level 1: INFO    (14:37:29:848 |    1)  31257; [che] chat engine destroyed
AgoraCoreService[31242]: (31242) /var/lib/jenkins/workspace/agora-release-linux-2/ServerSDK-Video/src/video_recorder/event_handler.cpp:1341: level 1: INFO    (14:37:29:848 |    0)  31257; ***CALL END
AgoraCoreService[31242]: (31242) /var/lib/jenkins/workspace/agora-release-linux-2/ServerSDK-Video/src/video_recorder/event_handler.cpp:1341: level 1: INFO    (14:37:29:848 |    0)  31257; onAudioStatusChanged enable audio
AgoraCoreService[31242]: (31242) /var/lib/jenkins/workspace/agora-release-linux-2/ServerSDK-Video/src/video_recorder/event_handler.cpp:1341: level 1: INFO    (14:37:29:848 |    0)  31257; [MIO] media io controller destroyed
AgoraCoreService[31242]: (31242) /var/lib/jenkins/workspace/agora-release-linux-2/ServerSDK-Video/src/video_recorder/event_handler.cpp:1341: level 1: INFO    (14:37:29:848 |    0)  31242; async task notify worker thread to exit and return
AgoraCoreService[31242]: (31242) /var/lib/jenkins/workspace/agora-release-linux-2/ServerSDK-Video/src/video_recorder/event_handler.cpp:561: event handler delete timer
recorder_local[31241]: (31241) /var/lib/jenkins/workspace/agora-release-linux-2/ServerSDK-Video/src/base/event_loop.cpp:228: Error fd:4, 16
recorder_local[31241]: (31241) /var/lib/jenkins/workspace/agora-release-linux-2/ServerSDK-Video/src/base/pipe_router.cpp:81: Broken reading pipe! event:16 with error3
recorder_local[31241]: (31241) /var/lib/jenkins/workspace/agora-release-linux-2/ServerSDK-Video/src/rec_engine/RecordingEngineImpl.cpp:542: API call to leave channel
recorder_local[31241]: (31241) /var/lib/jenkins/workspace/agora-release-linux-2/ServerSDK-Video/src/rec_engine/RecordingEngineImpl.cpp:64: Recorder 11c2790 is ready to be release
recorder_local[31241]: (31241) /var/lib/jenkins/workspace/agora-release-linux-2/ServerSDK-Video/src/rec_engine/RecordingEngineImpl.cpp:87: Recording wrapper delete timer
