Local Date: Mon Apr  2 11:09:11 2018
Build info: Feb  1 2018 02:13:47 ?

INFO    (11: 9:11:147 |    0)  30920; [rp] {"rtc.video.mute_me":true,"che.video.local.send":false}
INFO    (11: 9:11:147 |    0)  30920; [rp] {"rtc.audio.mute_me":true,"che.audio.mute_me":true}
INFO    (11: 9:11:147 |    0)  30920; [rp] {"rtc.video.set_remote_default_video_stream_type":0}
INFO    (11: 9:11:147 |    0)  30920; API call to SetRemoteDefaultVideoStreamType: 0
INFO    (11: 9:11:147 |    0)  30920; [rp] {"che.video.local.camera_index":1024}
INFO    (11: 9:11:147 |    0)  30920; [rp] {"rtc.video.enabled":true}
INFO    (11: 9:11:148 |    1)  30920; API call to enable video
INFO    (11: 9:11:148 |    0)  30920; ***CALL BEGIN: appid:'c7****************************1c' cname:'police_14_1' info:'' sid:'3B24F41E18FD494281CB6C080DB46143'
INFO    (11: 9:11:148 |    0)  30920; addRef of media engine, ref=1
INFO    (11: 9:11:148 |    0)  30920; [che] create chat engine, ctx:(nil)
INFO    (11: 9:11:148 |    0)  30920; [MYDEBUG] large group call false
INFO    (11: 9:11:148 |    0)  30920; ChatEngineParameterHelper::applyMediaEngineMode: 
INFO    (11: 9:11:148 |    0)  30920; applyMediaEngineMode(): Hardware encoding false Hardware decoding false
INFO    (11: 9:11:150 |    2)  30922; Thread with name:external_audio_module_thread started 
INFO    (11: 9:11:150 |    0)  30923; Thread with name:WebRtc_event_timer_thread started 
INFO    (11: 9:11:150 |    0)  30920; StereoPlayoutIsAvailable(), output: available=0
INFO    (11: 9:11:150 |    0)  30920; StereoRecordingIsAvailable(), output: available=0
INFO    (11: 9:11:150 |    0)  30924; Thread with name:EngineMonitorThread started 
INFO    (11: 9:11:150 |    0)  30920; setMuteStatus, muted: On
INFO    (11: 9:11:150 |    0)  30920; setMuteOutput, muted: false
WARN    (11: 9:11:150 |    0)  30920; setMicSensitivity failed, legal values are between [0, 10]
INFO    (11: 9:11:151 |    1)  30920; Audio Engine Init success
INFO    (11: 9:11:151 |    0)  30920; Available number of cores:1
INFO    (11: 9:11:151 |    0)  30920; CreateVideoSendTrack
INFO    (11: 9:11:151 |    0)  30920; init: feature prerotation disabled
INFO    (11: 9:11:151 |    0)  30920; Agora Engine video codec set to custom mode role mode 0
INFO    (11: 9:11:151 |    0)  30920; Agora Engine video codec index 1
INFO    (11: 9:11:151 |    0)  30920; Agora Engine video stream type = 0
INFO    (11: 9:11:152 |    1)  30925; Thread with name:VideoEncodeThread started 
INFO    (11: 9:11:152 |    0)  30920; EncoderWrapper::Create hardware_ = 0, hardware_low_ = 0
INFO    (11: 9:11:152 |    0)  30926; Thread with name:VideoProcessThread started 
INFO    (11: 9:11:152 |    0)  30920; setCodec: index=1 width=640 height=360 framerate=15
INFO    (11: 9:11:152 |    0)  30920; h264WebInteropEnable: enable 0
INFO    (11: 9:11:152 |    0)  30920; setCaptureDevice: index=1024
INFO    (11: 9:11:152 |    0)  30920; setMaxVideoBitrate: max bitrate=0
INFO    (11: 9:11:153 |    1)  30920; more fec enable 0 curr fec method 0
INFO    (11: 9:11:153 |    0)  30920; video fec method 0
ERROR   (11: 9:11:153 |    0)  30920; videoEngine created and initialize here
INFO    (11: 9:11:153 |    0)  30920; CreateVideoSendTrack
INFO    (11: 9:11:153 |    0)  30920; [MIO] updateCapturer: ((nil)), type:(1)
INFO    (11: 9:11:153 |    0)  30920; CreateAgoraDefaultCapture: type=0
INFO    (11: 9:11:153 |    0)  30920; CreateVideoCapturer: interface=0x7f2a0c172af0
INFO    (11: 9:11:153 |    0)  30920; VideoSendTrackImpl::UpdateCapturer capturer=0x7f2a0c1d4c10
INFO    (11: 9:11:153 |    0)  30920; [MIO] updateLocalRender: ((nil)), type:(1)
INFO    (11: 9:11:153 |    0)  30920; CreateAgoraDefaultRender
INFO    (11: 9:11:153 |    0)  30920; CreateVideoRenderer: interface=0x7f2a0c1d5090
INFO    (11: 9:11:153 |    0)  30920; VideoSendTrackImpl::UpdateRenderer, renderer=0x7f2a0c1d50d0
INFO    (11: 9:11:153 |    0)  30920; [MIO] video send track prepared !!
INFO    (11: 9:11:154 |    1)  30920; [che] applyVideoProfile: 640x360 15 fps 500 kbps
INFO    (11: 9:11:154 |    0)  30920; validateVideoParameters: validate video parameters resolution 640x360, fps 15, rate 500000
INFO    (11: 9:11:154 |    0)  30920; setMaxVideoBitrate: max bitrate=500000
INFO    (11: 9:11:154 |    0)  30920; setCodecRates: set frame rate to 15
INFO    (11: 9:11:154 |    0)  30920; setCodec: index=1 width=640 height=360 framerate=15
INFO    (11: 9:11:154 |    0)  30920; setCodecResolution: set to 640 x 360
INFO    (11: 9:11:154 |    0)  30920; [che] chat engine initialized
INFO    (11: 9:11:155 |    1)  30920; [vocs] vocs initialized
INFO    (11: 9:11:155 |    0)  30920; [rs] report server ip: 221.6.115.123:8000
INFO    (11: 9:11:155 |    0)  30920; [rlbs] selected: 221.228.78.123:9700
INFO    (11: 9:11:155 |    0)  30920; [rlbs] request rs list from 221.228.78.123:9700.......
INFO    (11: 9:11:156 |    1)  30920; CacheManager: save cache to storage elapsed 0
INFO    (11: 9:11:156 |    0)  30920; [cm] emit join channel signal, size=2
INFO    (11: 9:11:156 |    0)  30920; CacheManager: save cache to storage elapsed 0
INFO    (11: 9:11:156 |    0)  30920; [vocs] lookup channel...
INFO    (11: 9:11:156 |    0)  30920; [vocs] selected: 221.228.202.134:8000
INFO    (11: 9:11:156 |    0)  30920; connecting to 221.228.202.134:8000 handle c20fdc0, 28
INFO    (11: 9:11:156 |    0)  30920; [vocs] creating channel with 221.228.202.134:8000, ts 1522667351156.......
INFO    (11: 9:11:157 |    1)  30920; [vocs] selected: 119.9.92.49:8000
INFO    (11: 9:11:157 |    0)  30920; [vocs] creating channel with 119.9.92.49:8000, ts 1522667351157.......
INFO    (11: 9:11:157 |    0)  30920; [vocs] selected: 123.155.153.69:8000
INFO    (11: 9:11:157 |    0)  30920; [vocs] creating channel with 123.155.153.69:8000, ts 1522667351157.......
INFO    (11: 9:11:157 |    0)  30920; [rp] {"che.audio.audioSampleRate":48000}
INFO    (11: 9:11:157 |    0)  30920; [dns] parsed ip 128.1.87.146
INFO    (11: 9:11:157 |    0)  30920; [dns] parsed ip 119.9.92.49
INFO    (11: 9:11:157 |    0)  30920; [dns] parsed ip 69.28.51.138
INFO    (11: 9:11:166 |    9)  30920; [dns] parsed ip 199.190.44.36
INFO    (11: 9:11:166 |    0)  30920; [rs] dns parse result code: 0, servers size: 1
INFO    (11: 9:11:166 |    0)  30920; [rs] dns parse and selected server: 223.111.12.227
INFO    (11: 9:11:167 |    1)  30920; [dns] parsed ip 199.190.44.35
INFO    (11: 9:11:369 |  202)  30920; [vocs/u] **responsed from 119.9.92.49:8000, 3 vos, elapsed 225, server ts 1522667350309, wan ip 139.59.134.76
INFO    (11: 9:11:370 |    1)  30920; [vos] added server: 128.1.77.36:4006
INFO    (11: 9:11:370 |    0)  30920; [vos] added server: 128.1.78.93:4007
INFO    (11: 9:11:370 |    0)  30920; [ch0] vos initialized
INFO    (11: 9:11:370 |    0)  30920; [vos] selected: 128.1.78.93:4007
ERROR   (11: 9:11:370 |    0)  30920; [ch0] login strategy=2
INFO    (11: 9:11:370 |    0)  30920; [ds]: ver 1 ds '{"streamType":5}'
INFO    (11: 9:11:370 |    0)  30920; [ch0] Login VOS (proto:10, cid:320149613, uid:2525148411, ts:1522667351370, ticket size:84 ds:1 stream:+A+VH) 2: 128.1.78.93:4007
INFO    (11: 9:11:370 |    0)  30920; add ping address 139.59.134.76
INFO    (11: 9:11:371 |    1)  30920; PING 139.59.134.76:0 16(44) bytes of data
INFO    (11: 9:11:380 |    9)  30920; [ch0] **VOS response to login request (res 0 elapsed 235, server ts 1522667350429, s-c:-951) from 128.1.78.93:4007, and current dest server 128.1.78.93:4007
INFO    (11: 9:11:380 |    0)  30920; updateActiveVosList: ["128.1.78.93:4007"]
INFO    (11: 9:11:380 |    0)  30920; [che] start call begins
INFO    (11: 9:11:380 |    0)  30920; Set Application Mode in RTC Engine to No. 0
ERROR   (11: 9:11:380 |    0)  30920; GetCodec() invalid index (error=8004)
INFO    (11: 9:11:380 |    0)  30920; SetCodec by type : No. 85
INFO    (11: 9:11:390 |   10)  30920; StartPlayout complete
INFO    (11: 9:11:391 |    1)  30920; output: kDummyAudio
INFO    (11: 9:11:400 |    9)  30920; StartRecording complete
ERROR   (11: 9:11:400 |    0)  30920; SetAgcConfig() failed to set the range in |gain| the digital compression stage may apply (error=8097)
INFO    (11: 9:11:400 |    0)  30920; SetHowlingControl enable = 0
INFO    (11: 9:11:400 |    0)  30920; Application Config module:  Route 0, NS on, AEC N, AGC on, BSS off, HC on
INFO    (11: 9:11:400 |    0)  30920; MID = 0, Routing = 0
INFO    (11: 9:11:401 |    1)  30920; [che] applyVideoProfile: 640x360 15 fps 500 kbps
INFO    (11: 9:11:401 |    0)  30920; validateVideoParameters: validate video parameters resolution 640x360, fps 15, rate 500000
INFO    (11: 9:11:401 |    0)  30920; setMaxVideoBitrate: max bitrate=500000
INFO    (11: 9:11:401 |    0)  30920; setCodecRates: set frame rate to 15
INFO    (11: 9:11:401 |    0)  30920; setCodec: index=1 width=640 height=360 framerate=15
INFO    (11: 9:11:401 |    0)  30920; setCodecResolution: set to 640 x 360
INFO    (11: 9:11:401 |    0)  30920; CreateVideoCapturer: interface=0x7f2a0c172c90
INFO    (11: 9:11:401 |    0)  30920; VideoSendTrackImpl::UpdateCapturer capturer=0x7f2a0c21f9c0
INFO    (11: 9:11:401 |    0)  30920; Create participant 0
INFO    (11: 9:11:401 |    0)  30920; startCapture: device? 1024 init? 1 local enabled? 1 capturing? 0 rendering? 0
INFO    (11: 9:11:401 |    0)  30920; startCapture: Receive Only Mode, capture still on. Encode will be turned off
INFO    (11: 9:11:401 |    0)  30920; AgoraVideoInput::Init thread=1, type=100, device=External Device
INFO    (11: 9:11:402 |    1)  30927; Thread with name:AgoraInputThread started 
INFO    (11: 9:11:402 |    0)  30928; Thread with name:ExternalCaptureThread started 
INFO    (11: 9:11:402 |    0)  30920; setCodec: index=1 width=640 height=360 framerate=15
INFO    (11: 9:11:402 |    0)  30920; setMaxVideoBitrate: max bitrate=500000
INFO    (11: 9:11:402 |    0)  30920; AgoraVideoInput::Start width=640, height=360, fps=15
INFO    (11: 9:11:402 |    0)  30929; Thread with name:WebRtc_event_timer_thread started 
INFO    (11: 9:11:402 |    0)  30920; startCapture: startCapture success
INFO    (11: 9:11:402 |    0)  30920; RequestEncodeKeyFrame
INFO    (11: 9:11:402 |    0)  30920; doStartLocalRender: init? 1 capture id -1 device 1024 capturing? 1 rendering? 0
INFO    (11: 9:11:402 |    0)  30920; doStartLocalRender: Receive Only Mode, local renderer still on.
INFO    (11: 9:11:402 |    0)  30920; doStartLocalRender: init? 1 capture id -1 device 1024 capturing? 1 rendering? 0
INFO    (11: 9:11:402 |    0)  30920; doStartLocalRender: Receive Only Mode, local renderer still on.
INFO    (11: 9:11:403 |    1)  30920; [che] start call returns 0, elapsed 22
INFO    (11: 9:11:403 |    0)  30920; Setting dtx mode to 2
INFO    (11: 9:11:403 |    0)  30920; setNetEQMinimumPlayoutDelay delay(100)
INFO    (11: 9:11:403 |    0)  30920; join channel success: cname 'police_14_1' uid 2525148411 elapsed 258
INFO    (11: 9:11:403 |    0)  30920; CacheManager: save cache to storage elapsed 0
INFO    (11: 9:11:403 |    0)  30921; Channel counters: mix mode:0 , min port:-1 , max port:-1 ,decode audio:0 , decode_video:0 , is live:0 , idle:300 , is audio only:0 ,syslog facility:8 , mix mode height:360 , mix mode width:640 , mix mode fps:15 , mi 
INFO    (11: 9:11:403 |    0)  30921; User 2525148411 join channel police_14_1 success, elapsed: 258 ms
INFO    (11: 9:11:409 |    6)  30920; [ch0] rtt: 6
INFO    (11: 9:11:468 |   59)  30927; [che] onVideoSizeChanged: uid 0 640x360 rotate 0
INFO    (11: 9:11:831 |  363)  30920; audio setPeerAudioMuteStatus: uid 5 muted 0
INFO    (11: 9:11:831 |    0)  30920; video setPeerVideoMuteStatus: uid 5 muted 1
INFO    (11: 9:11:831 |    0)  30920; [pm] peer 5 is online
INFO    (11: 9:11:832 |    1)  30920; notifyPeerCount: cnt 1
INFO    (11: 9:11:832 |    0)  30921; offset 687ms: 5 joined the channel
INFO    (11: 9:11:832 |    0)  30921; User 5 request 0 stream
INFO    (11: 9:11:832 |    0)  30920; onFirstRemoteAudioFrame uid 5 codec 85 elapsed 688
INFO    (11: 9:11:833 |    1)  30920; onTracerFirstRemoteAudio uid 5 codec 85 elapsed 688
INFO    (11: 9:11:833 |    0)  30920; [rp] {"rtc.video.set_remote_video_stream":{"uid":5,"stream":0},"che.video.setstream":{"uid":5,"stream":0}}
INFO    (11: 9:11:833 |    0)  30920; [pm] switch video stream type peer 5 type 0
INFO    (11: 9:11:833 |    0)  30920; switchStream (5): current -1 lastRequested -1 newRequested 0
INFO    (11: 9:11:833 |    0)  30920; switchStream (uid 5 fromNetOb 0): switch to 0
INFO    (11: 9:11:833 |    0)  30920; [cc] request to switch user 5 video stream to 0
INFO    (11: 9:12:344 |    0)  30920; [pm] peer 5 has enabled video
INFO    (11: 9:12:344 |    0)  30921; User 5 enabled video 1
INFO    (11: 9:12:344 |    0)  30920; video setPeerVideoMuteStatus: uid 5 muted 1
INFO    (11: 9:12:344 |    0)  30920; onTracerFirstRemoteVideo uid 5 codec 4 elapsed 1200
INFO    (11: 9:12:344 |    0)  30920; [miaokai] Received 1st packet of stream 0, from uid 5, frame number 0.

INFO    (11: 9:12:344 |    0)  30920; Create participant 5
INFO    (11: 9:12:345 |    1)  30920; Codec: VP8, Payload type 100, Height 360, Width 640, Bitrate 200,Framerate 15.
INFO    (11: 9:12:345 |    0)  30920; Codec: H264, Payload type 107, Height 360, Width 640, Bitrate 200,Framerate 15.
INFO    (11: 9:12:345 |    0)  30931; Thread with name:videoDecodeThread started 
INFO    (11: 9:12:345 |    0)  30931; Destroy decoder.
INFO    (11: 9:12:346 |    1)  30931; Finish init decoder.
INFO    (11: 9:12:346 |    0)  30931; [miaokai] Decoded 1st frame from stream 1998611553.

INFO    (11: 9:13:539 |  193)  30920; [pm] peer 5 has enabled local video
INFO    (11: 9:13:540 |    1)  30921; User 5 enabled local video 1
INFO    (11: 9:13:540 |    0)  30920; video setPeerVideoMuteStatus: uid 5 muted 0
INFO    (11: 9:16:146 |    0)  30920; [rs] **report stats: seq: 19, report list size 19, tx/rx: 3236/624, cache size: 0, report success rate: -1
INFO    (11: 9:16:146 |    0)  30920; [rlbs] selected: 199.190.44.35:9700
INFO    (11: 9:16:146 |    0)  30920; [rlbs] request rs list from 199.190.44.35:9700.......
INFO    (11: 9:16:337 |  191)  30905; user: 5 ,pcm frame count: 450 ,pcm frame confirm count: 0 ,yuv frame count: 43 ,yuv frame confirm count: 0 ,h264 frame count: 43 ,h264 frame confirm count: 0 
INFO    (11: 9:16:351 |   14)  30920; [rlbs/u] responsed from 199.190.44.35:9700 with servers 128.1.78.91:8000
INFO    (11: 9:17:390 |   39)  30922; Audio statistics - play count: playout count = 200  signal level: far_in = 81
INFO    (11: 9:21:341 |    0)  30905; user: 5 ,pcm frame count: 951 ,pcm frame confirm count: 0 ,yuv frame count: 112 ,yuv frame confirm count: 0 ,h264 frame count: 112 ,h264 frame confirm count: 0 
INFO    (11: 9:26:346 |    5)  30905; [ARS/15s]event cnts:1, audio pkts:0, mix audio pkts:0, yuv video pkts:0, h264 video pkts:0
INFO    (11: 9:26:347 |    1)  30905; user: 5 ,pcm frame count: 1451 ,pcm frame confirm count: 0 ,yuv frame count: 184 ,yuv frame confirm count: 0 ,h264 frame count: 184 ,h264 frame confirm count: 0 
INFO    (11: 9:31:351 |    4)  30905; user: 5 ,pcm frame count: 1952 ,pcm frame confirm count: 0 ,yuv frame count: 251 ,yuv frame confirm count: 0 ,h264 frame count: 251 ,h264 frame confirm count: 0 
INFO    (11: 9:31:390 |   39)  30922; Audio statistics - play count: playout count = 600  signal level: far_in = 87
INFO    (11: 9:36:353 |    0)  30905; user: 5 ,pcm frame count: 2452 ,pcm frame confirm count: 0 ,yuv frame count: 318 ,yuv frame confirm count: 0 ,h264 frame count: 318 ,h264 frame confirm count: 0 
INFO    (11: 9:41:358 |    5)  30905; [ARS/15s]event cnts:0, audio pkts:0, mix audio pkts:0, yuv video pkts:0, h264 video pkts:0
INFO    (11: 9:41:358 |    0)  30905; user: 5 ,pcm frame count: 2952 ,pcm frame confirm count: 0 ,yuv frame count: 388 ,yuv frame confirm count: 0 ,h264 frame count: 388 ,h264 frame confirm count: 0 
INFO    (11: 9:43:146 |    0)  30920; **CALL STATS: duraton 29s cpu app/total 3.76/3.17 battery 255 tx/rx: 12/378 kbps 46.929K/1.192M bytes
INFO    (11: 9:46:362 |  216)  30905; user: 5 ,pcm frame count: 3453 ,pcm frame confirm count: 0 ,yuv frame count: 454 ,yuv frame confirm count: 0 ,h264 frame count: 454 ,h264 frame confirm count: 0 
INFO    (11: 9:49:390 |   28)  30922; Audio statistics - play count: playout count = 600  signal level: far_in = 82
INFO    (11: 9:51:146 |    0)  30920; [rs] **report stats: seq: 64, report list size 64, tx/rx: 12317/3024, cache size: 0, report success rate: 100
INFO    (11: 9:51:367 |  221)  30905; user: 5 ,pcm frame count: 3953 ,pcm frame confirm count: 0 ,yuv frame count: 525 ,yuv frame confirm count: 0 ,h264 frame count: 525 ,h264 frame confirm count: 0 
INFO    (11: 9:56:372 |    5)  30905; [ARS/15s]event cnts:0, audio pkts:0, mix audio pkts:0, yuv video pkts:0, h264 video pkts:0
INFO    (11: 9:56:372 |    0)  30905; user: 5 ,pcm frame count: 4454 ,pcm frame confirm count: 0 ,yuv frame count: 591 ,yuv frame confirm count: 0 ,h264 frame count: 591 ,h264 frame confirm count: 0 
INFO    (11:10: 0:930 |  558)  30920; [pm] peer 5 is offline: quit
INFO    (11:10: 0:931 |    1)  30921; User 5 quit
INFO    (11:10: 0:931 |    0)  30920; stopRemoteVideo: uid=5
INFO    (11:10: 0:932 |    1)  30931; Thread with name:videoDecodeThread stopped
INFO    (11:10: 0:932 |    0)  30920; Destroy decoder.
INFO    (11:10: 0:932 |    0)  30920; Destroy decoder.
INFO    (11:10: 1:381 |    0)  30920; notifyPeerCount: cnt 0
INFO    (11:10: 7:390 |    9)  30922; Audio statistics - play count: playout count = 600  signal level: far_in = 0
INFO    (11:10:11:442 |   52)  30905; [ARS/15s]event cnts:1, audio pkts:0, mix audio pkts:0, yuv video pkts:0, h264 video pkts:0
INFO    (11:10:15:146 |    0)  30920; **CALL STATS: duraton 1m1s cpu app/total 3.76/2.60 battery 255 tx/rx: 1/1 kbps 78.366K/2.2M bytes
INFO    (11:10:19:410 |  264)  30920; audio setPeerAudioMuteStatus: uid 5 muted 0
INFO    (11:10:19:411 |    1)  30920; video setPeerVideoMuteStatus: uid 5 muted 0
INFO    (11:10:19:411 |    0)  30920; [pm] peer 5 is online
INFO    (11:10:19:411 |    0)  30921; offset 68266ms: 5 joined the channel
INFO    (11:10:19:411 |    0)  30921; User 5 request 0 stream
INFO    (11:10:19:411 |    0)  30920; notifyPeerCount: cnt 1
INFO    (11:10:19:412 |    1)  30920; onFirstRemoteAudioFrame uid 5 codec 85 elapsed 68267
INFO    (11:10:19:412 |    0)  30920; onTracerFirstRemoteAudio uid 5 codec 85 elapsed 68268
INFO    (11:10:19:412 |    0)  30920; [rp] {"rtc.video.set_remote_video_stream":{"uid":5,"stream":0},"che.video.setstream":{"uid":5,"stream":0}}
INFO    (11:10:19:413 |    1)  30920; [pm] switch video stream type peer 5 type 0
INFO    (11:10:19:413 |    0)  30920; switchStream (5): current 0 lastRequested -1 newRequested 0
INFO    (11:10:19:413 |    0)  30920; switchStream (uid 5 fromNetOb 0): switch to 0
WARN    (11:10:19:413 |    0)  30920; [MYDEBUG] set wanted stream master for 5
INFO    (11:10:19:413 |    0)  30920; [cc] request to switch user 5 video stream to 0
INFO    (11:10:19:750 |  337)  30920; onTracerFirstRemoteVideo uid 5 codec 4 elapsed 68605
INFO    (11:10:19:750 |    0)  30920; Codec: VP8, Payload type 100, Height 360, Width 640, Bitrate 200,Framerate 15.
INFO    (11:10:19:751 |    1)  30920; Codec: H264, Payload type 107, Height 360, Width 640, Bitrate 200,Framerate 15.
INFO    (11:10:19:751 |    0)  31036; Thread with name:videoDecodeThread started 
INFO    (11:10:19:752 |    1)  31036; Destroy decoder.
INFO    (11:10:19:753 |    1)  31036; Finish init decoder.
INFO    (11:10:19:753 |    0)  31036; [miaokai] Decoded 1st frame from stream 1998611553.

INFO    (11:10:21:413 |    0)  30905; user: 5 ,pcm frame count: 1660 ,pcm frame confirm count: 0 ,yuv frame count: 16 ,yuv frame confirm count: 0 ,h264 frame count: 16 ,h264 frame confirm count: 0 
INFO    (11:10:25:390 |    0)  30922; Audio statistics - play count: playout count = 600  signal level: far_in = 72
INFO    (11:10:26:146 |    0)  30920; [rs] **report stats: seq: 96, report list size 96, tx/rx: 17844/4608, cache size: 0, report success rate: 100
INFO    (11:10:26:417 |  271)  30905; [ARS/15s]event cnts:1, audio pkts:0, mix audio pkts:0, yuv video pkts:0, h264 video pkts:0
INFO    (11:10:26:418 |    1)  30905; user: 5 ,pcm frame count: 2160 ,pcm frame confirm count: 0 ,yuv frame count: 87 ,yuv frame confirm count: 0 ,h264 frame count: 87 ,h264 frame confirm count: 0 
INFO    (11:10:31:423 |    5)  30905; user: 5 ,pcm frame count: 2661 ,pcm frame confirm count: 0 ,yuv frame count: 163 ,yuv frame confirm count: 0 ,h264 frame count: 163 ,h264 frame confirm count: 0 
INFO    (11:10:36:428 |    5)  30905; user: 5 ,pcm frame count: 3161 ,pcm frame confirm count: 0 ,yuv frame count: 233 ,yuv frame confirm count: 0 ,h264 frame count: 233 ,h264 frame confirm count: 0 
INFO    (11:10:41:433 |    5)  30905; [ARS/15s]event cnts:0, audio pkts:0, mix audio pkts:0, yuv video pkts:0, h264 video pkts:0
INFO    (11:10:41:433 |    0)  30905; user: 5 ,pcm frame count: 3662 ,pcm frame confirm count: 0 ,yuv frame count: 311 ,yuv frame confirm count: 0 ,h264 frame count: 311 ,h264 frame confirm count: 0 
INFO    (11:10:43:390 |    0)  30922; Audio statistics - play count: playout count = 600  signal level: far_in = 55
INFO    (11:10:46:437 |   47)  30905; user: 5 ,pcm frame count: 4162 ,pcm frame confirm count: 0 ,yuv frame count: 379 ,yuv frame confirm count: 0 ,h264 frame count: 379 ,h264 frame confirm count: 0 
INFO    (11:10:47:146 |    0)  30920; **CALL STATS: duraton 1m33s cpu app/total 3.80/18.97 battery 255 tx/rx: 12/380 kbps 118.257K/3.105M bytes
INFO    (11:10:51:441 |  295)  30905; user: 5 ,pcm frame count: 4663 ,pcm frame confirm count: 0 ,yuv frame count: 456 ,yuv frame confirm count: 0 ,h264 frame count: 456 ,h264 frame confirm count: 0 
INFO    (11:10:56:361 |    0)  31036; [miaokai] Decoded 1st frame from stream 0.

INFO    (11:10:56:447 |   86)  30905; [ARS/15s]event cnts:0, audio pkts:0, mix audio pkts:0, yuv video pkts:0, h264 video pkts:0
INFO    (11:10:56:447 |    0)  30905; user: 5 ,pcm frame count: 5163 ,pcm frame confirm count: 0 ,yuv frame count: 509 ,yuv frame confirm count: 0 ,h264 frame count: 509 ,h264 frame confirm count: 0 
INFO    (11:11: 1:146 |    0)  30920; [rs] **report stats: seq: 135, report list size 75, tx/rx: 24671/6480, cache size: 0, report success rate: 100
INFO    (11:11: 1:390 |  244)  30922; Audio statistics - play count: playout count = 600  signal level: far_in = 74
INFO    (11:11: 1:451 |   61)  30905; user: 5 ,pcm frame count: 5664 ,pcm frame confirm count: 0 ,yuv frame count: 571 ,yuv frame confirm count: 0 ,h264 frame count: 571 ,h264 frame confirm count: 0 
INFO    (11:11: 6:457 |    6)  30905; user: 5 ,pcm frame count: 6164 ,pcm frame confirm count: 0 ,yuv frame count: 643 ,yuv frame confirm count: 0 ,h264 frame count: 643 ,h264 frame confirm count: 0 
INFO    (11:11:11:461 |    4)  30905; [ARS/15s]event cnts:0, audio pkts:0, mix audio pkts:0, yuv video pkts:0, h264 video pkts:0
INFO    (11:11:11:461 |    0)  30905; user: 5 ,pcm frame count: 6665 ,pcm frame confirm count: 0 ,yuv frame count: 717 ,yuv frame confirm count: 0 ,h264 frame count: 717 ,h264 frame confirm count: 0 
INFO    (11:11:16:465 |    4)  30905; user: 5 ,pcm frame count: 7165 ,pcm frame confirm count: 0 ,yuv frame count: 778 ,yuv frame confirm count: 0 ,h264 frame count: 778 ,h264 frame confirm count: 0 
INFO    (11:11:19:146 |    0)  30920; **CALL STATS: duraton 2m5s cpu app/total 5.40/5.34 battery 255 tx/rx: 18/323 kbps 170.670K/4.246M bytes
INFO    (11:11:19:390 |  244)  30922; Audio statistics - play count: playout count = 600  signal level: far_in = 76
INFO    (11:11:21:471 |   81)  30905; user: 5 ,pcm frame count: 7666 ,pcm frame confirm count: 0 ,yuv frame count: 851 ,yuv frame confirm count: 0 ,h264 frame count: 851 ,h264 frame confirm count: 0 
INFO    (11:11:26:475 |    4)  30905; [ARS/15s]event cnts:0, audio pkts:0, mix audio pkts:0, yuv video pkts:0, h264 video pkts:0
INFO    (11:11:26:475 |    0)  30905; user: 5 ,pcm frame count: 8166 ,pcm frame confirm count: 0 ,yuv frame count: 930 ,yuv frame confirm count: 0 ,h264 frame count: 930 ,h264 frame confirm count: 0 
INFO    (11:11:31:479 |    4)  30905; user: 5 ,pcm frame count: 8666 ,pcm frame confirm count: 0 ,yuv frame count: 1004 ,yuv frame confirm count: 0 ,h264 frame count: 1004 ,h264 frame confirm count: 0 
INFO    (11:11:36:145 |    0)  30920; [rs] **report stats: seq: 174, report list size 84, tx/rx: 31598/8352, cache size: 0, report success rate: 100
INFO    (11:11:36:483 |  338)  30905; user: 5 ,pcm frame count: 9167 ,pcm frame confirm count: 0 ,yuv frame count: 1080 ,yuv frame confirm count: 0 ,h264 frame count: 1080 ,h264 frame confirm count: 0 
INFO    (11:11:37:390 |    0)  30922; Audio statistics - play count: playout count = 600  signal level: far_in = 53
INFO    (11:11:41:488 |   98)  30905; [ARS/15s]event cnts:0, audio pkts:0, mix audio pkts:0, yuv video pkts:0, h264 video pkts:0
INFO    (11:11:41:488 |    0)  30905; user: 5 ,pcm frame count: 9667 ,pcm frame confirm count: 0 ,yuv frame count: 1157 ,yuv frame confirm count: 0 ,h264 frame count: 1157 ,h264 frame confirm count: 0 
INFO    (11:11:46:493 |    5)  30905; user: 5 ,pcm frame count: 10168 ,pcm frame confirm count: 0 ,yuv frame count: 1236 ,yuv frame confirm count: 0 ,h264 frame count: 1236 ,h264 frame confirm count: 0 
INFO    (11:11:51:146 |    0)  30920; **CALL STATS: duraton 2m37s cpu app/total 4.86/3.24 battery 255 tx/rx: 12/329 kbps 220.485K/5.455M bytes
INFO    (11:11:51:498 |  352)  30905; user: 5 ,pcm frame count: 10668 ,pcm frame confirm count: 0 ,yuv frame count: 1300 ,yuv frame confirm count: 0 ,h264 frame count: 1300 ,h264 frame confirm count: 0 
INFO    (11:11:55:390 |    0)  30922; Audio statistics - play count: playout count = 600  signal level: far_in = 67
INFO    (11:11:56:503 |  113)  30905; [ARS/15s]event cnts:0, audio pkts:0, mix audio pkts:0, yuv video pkts:0, h264 video pkts:0
INFO    (11:11:56:503 |    0)  30905; user: 5 ,pcm frame count: 11169 ,pcm frame confirm count: 0 ,yuv frame count: 1384 ,yuv frame confirm count: 0 ,h264 frame count: 1384 ,h264 frame confirm count: 0 
INFO    (11:12: 1:508 |    5)  30905; user: 5 ,pcm frame count: 11669 ,pcm frame confirm count: 0 ,yuv frame count: 1464 ,yuv frame confirm count: 0 ,h264 frame count: 1464 ,h264 frame confirm count: 0 
INFO    (11:12: 6:514 |    6)  30905; user: 5 ,pcm frame count: 12170 ,pcm frame confirm count: 0 ,yuv frame count: 1537 ,yuv frame confirm count: 0 ,h264 frame count: 1537 ,h264 frame confirm count: 0 
INFO    (11:12:11:146 |    0)  30920; [rs] **report stats: seq: 214, report list size 84, tx/rx: 38530/10272, cache size: 0, report success rate: 100
INFO    (11:12:11:520 |  374)  30905; [ARS/15s]event cnts:0, audio pkts:0, mix audio pkts:0, yuv video pkts:0, h264 video pkts:0
INFO    (11:12:11:521 |    1)  30905; user: 5 ,pcm frame count: 12671 ,pcm frame confirm count: 0 ,yuv frame count: 1610 ,yuv frame confirm count: 0 ,h264 frame count: 1610 ,h264 frame confirm count: 0 
INFO    (11:12:13:390 |    0)  30922; Audio statistics - play count: playout count = 600  signal level: far_in = 58
INFO    (11:12:16:525 |  135)  30905; user: 5 ,pcm frame count: 13171 ,pcm frame confirm count: 0 ,yuv frame count: 1679 ,yuv frame confirm count: 0 ,h264 frame count: 1679 ,h264 frame confirm count: 0 
INFO    (11:12:21:530 |    5)  30905; user: 5 ,pcm frame count: 13672 ,pcm frame confirm count: 0 ,yuv frame count: 1750 ,yuv frame confirm count: 0 ,h264 frame count: 1750 ,h264 frame confirm count: 0 
INFO    (11:12:23:146 |    0)  30920; **CALL STATS: duraton 3m9s cpu app/total 4.37/4.91 battery 255 tx/rx: 12/413 kbps 269.862K/7.34M bytes
INFO    (11:12:26:535 |  389)  30905; [ARS/15s]event cnts:0, audio pkts:0, mix audio pkts:0, yuv video pkts:0, h264 video pkts:0
INFO    (11:12:26:535 |    0)  30905; user: 5 ,pcm frame count: 14172 ,pcm frame confirm count: 0 ,yuv frame count: 1833 ,yuv frame confirm count: 0 ,h264 frame count: 1833 ,h264 frame confirm count: 0 
INFO    (11:12:31:390 |    0)  30922; Audio statistics - play count: playout count = 600  signal level: far_in = 53
INFO    (11:12:31:540 |  150)  30905; user: 5 ,pcm frame count: 14673 ,pcm frame confirm count: 0 ,yuv frame count: 1904 ,yuv frame confirm count: 0 ,h264 frame count: 1904 ,h264 frame confirm count: 0 
INFO    (11:12:36:545 |    5)  30905; user: 5 ,pcm frame count: 15173 ,pcm frame confirm count: 0 ,yuv frame count: 1964 ,yuv frame confirm count: 0 ,h264 frame count: 1964 ,h264 frame confirm count: 0 
INFO    (11:12:41:551 |    6)  30905; [ARS/15s]event cnts:0, audio pkts:0, mix audio pkts:0, yuv video pkts:0, h264 video pkts:0
INFO    (11:12:41:551 |    0)  30905; user: 5 ,pcm frame count: 15674 ,pcm frame confirm count: 0 ,yuv frame count: 2041 ,yuv frame confirm count: 0 ,h264 frame count: 2041 ,h264 frame confirm count: 0 
INFO    (11:12:46:146 |    0)  30920; [rs] **report stats: seq: 252, report list size 85, tx/rx: 45379/12096, cache size: 0, report success rate: 100
INFO    (11:12:46:555 |  409)  30905; user: 5 ,pcm frame count: 16174 ,pcm frame confirm count: 0 ,yuv frame count: 2116 ,yuv frame confirm count: 0 ,h264 frame count: 2116 ,h264 frame confirm count: 0 
INFO    (11:12:49:390 |    0)  30922; Audio statistics - play count: playout count = 600  signal level: far_in = 80
INFO    (11:12:51:559 |  169)  30905; user: 5 ,pcm frame count: 16674 ,pcm frame confirm count: 0 ,yuv frame count: 2189 ,yuv frame confirm count: 0 ,h264 frame count: 2189 ,h264 frame confirm count: 0 
INFO    (11:12:55:145 |    0)  30920; **CALL STATS: duraton 3m41s cpu app/total 3.86/3.24 battery 255 tx/rx: 14/416 kbps 318.286K/8.590M bytes
INFO    (11:12:56:564 |  419)  30905; [ARS/15s]event cnts:0, audio pkts:0, mix audio pkts:0, yuv video pkts:0, h264 video pkts:0
INFO    (11:12:56:564 |    0)  30905; user: 5 ,pcm frame count: 17175 ,pcm frame confirm count: 0 ,yuv frame count: 2260 ,yuv frame confirm count: 0 ,h264 frame count: 2260 ,h264 frame confirm count: 0 
INFO    (11:13: 1:569 |    5)  30905; user: 5 ,pcm frame count: 17675 ,pcm frame confirm count: 0 ,yuv frame count: 2334 ,yuv frame confirm count: 0 ,h264 frame count: 2334 ,h264 frame confirm count: 0 
INFO    (11:13: 6:574 |    5)  30905; user: 5 ,pcm frame count: 18176 ,pcm frame confirm count: 0 ,yuv frame count: 2406 ,yuv frame confirm count: 0 ,h264 frame count: 2406 ,h264 frame confirm count: 0 
INFO    (11:13: 7:390 |    0)  30922; Audio statistics - play count: playout count = 600  signal level: far_in = 80
INFO    (11:13:11:582 |  192)  30905; [ARS/15s]event cnts:0, audio pkts:0, mix audio pkts:0, yuv video pkts:0, h264 video pkts:0
INFO    (11:13:11:582 |    0)  30905; user: 5 ,pcm frame count: 18677 ,pcm frame confirm count: 0 ,yuv frame count: 2480 ,yuv frame confirm count: 0 ,h264 frame count: 2480 ,h264 frame confirm count: 0 
INFO    (11:13:16:585 |    3)  30905; user: 5 ,pcm frame count: 19177 ,pcm frame confirm count: 0 ,yuv frame count: 2549 ,yuv frame confirm count: 0 ,h264 frame count: 2549 ,h264 frame confirm count: 0 
INFO    (11:13:21:146 |    0)  30920; [rs] **report stats: seq: 291, report list size 82, tx/rx: 52130/13920, cache size: 0, report success rate: 100
INFO    (11:13:21:590 |  444)  30905; user: 5 ,pcm frame count: 19678 ,pcm frame confirm count: 0 ,yuv frame count: 2623 ,yuv frame confirm count: 0 ,h264 frame count: 2623 ,h264 frame confirm count: 0 
INFO    (11:13:25:390 |    0)  30922; Audio statistics - play count: playout count = 600  signal level: far_in = 81
INFO    (11:13:26:595 |  205)  30905; [ARS/15s]event cnts:0, audio pkts:0, mix audio pkts:0, yuv video pkts:0, h264 video pkts:0
INFO    (11:13:26:595 |    0)  30905; user: 5 ,pcm frame count: 20178 ,pcm frame confirm count: 0 ,yuv frame count: 2700 ,yuv frame confirm count: 0 ,h264 frame count: 2700 ,h264 frame confirm count: 0 
INFO    (11:13:27:145 |    0)  30920; **CALL STATS: duraton 4m13s cpu app/total 3.88/4.81 battery 255 tx/rx: 12/488 kbps 367.373K/10.266M bytes
INFO    (11:13:31:599 |  454)  30905; user: 5 ,pcm frame count: 20678 ,pcm frame confirm count: 0 ,yuv frame count: 2772 ,yuv frame confirm count: 0 ,h264 frame count: 2772 ,h264 frame confirm count: 0 
INFO    (11:13:36:604 |    5)  30905; user: 5 ,pcm frame count: 21179 ,pcm frame confirm count: 0 ,yuv frame count: 2851 ,yuv frame confirm count: 0 ,h264 frame count: 2851 ,h264 frame confirm count: 0 
INFO    (11:13:41:609 |    5)  30905; [ARS/15s]event cnts:0, audio pkts:0, mix audio pkts:0, yuv video pkts:0, h264 video pkts:0
INFO    (11:13:41:610 |    1)  30905; user: 5 ,pcm frame count: 21679 ,pcm frame confirm count: 0 ,yuv frame count: 2926 ,yuv frame confirm count: 0 ,h264 frame count: 2926 ,h264 frame confirm count: 0 
INFO    (11:13:43:390 |    0)  30922; Audio statistics - play count: playout count = 600  signal level: far_in = 73
INFO    (11:13:46:612 |  222)  30905; user: 5 ,pcm frame count: 22180 ,pcm frame confirm count: 0 ,yuv frame count: 3000 ,yuv frame confirm count: 0 ,h264 frame count: 3000 ,h264 frame confirm count: 0 
INFO    (11:13:51:617 |    5)  30905; user: 5 ,pcm frame count: 22680 ,pcm frame confirm count: 0 ,yuv frame count: 3036 ,yuv frame confirm count: 0 ,h264 frame count: 3036 ,h264 frame confirm count: 0 
INFO    (11:13:54:795 |  178)  31036; [miaokai] Decoded 1st frame from stream 32553.

INFO    (11:13:56:146 |    0)  30920; [rs] **report stats: seq: 331, report list size 86, tx/rx: 59091/15888, cache size: 0, report success rate: 100
INFO    (11:13:56:622 |  476)  30905; [ARS/15s]event cnts:0, audio pkts:0, mix audio pkts:0, yuv video pkts:0, h264 video pkts:0
INFO    (11:13:56:622 |    0)  30905; user: 5 ,pcm frame count: 23181 ,pcm frame confirm count: 0 ,yuv frame count: 3060 ,yuv frame confirm count: 0 ,h264 frame count: 3060 ,h264 frame confirm count: 0 
INFO    (11:13:57:146 |    0)  30920; **CALL STATS: duraton 4m43s cpu app/total 4.37/3.24 battery 255 tx/rx: 14/151 kbps 411.260K/11.661M bytes
INFO    (11:14: 1:390 |  244)  30922; Audio statistics - play count: playout count = 600  signal level: far_in = 75
INFO    (11:14: 1:627 |  237)  30905; user: 5 ,pcm frame count: 23681 ,pcm frame confirm count: 0 ,yuv frame count: 3129 ,yuv frame confirm count: 0 ,h264 frame count: 3129 ,h264 frame confirm count: 0 
INFO    (11:14: 6:632 |    5)  30905; user: 5 ,pcm frame count: 24182 ,pcm frame confirm count: 0 ,yuv frame count: 3193 ,yuv frame confirm count: 0 ,h264 frame count: 3193 ,h264 frame confirm count: 0 
INFO    (11:14:11:637 |    5)  30905; [ARS/15s]event cnts:0, audio pkts:0, mix audio pkts:0, yuv video pkts:0, h264 video pkts:0
INFO    (11:14:11:637 |    0)  30905; user: 5 ,pcm frame count: 24682 ,pcm frame confirm count: 0 ,yuv frame count: 3265 ,yuv frame confirm count: 0 ,h264 frame count: 3265 ,h264 frame confirm count: 0 
INFO    (11:14:16:642 |    5)  30905; user: 5 ,pcm frame count: 25183 ,pcm frame confirm count: 0 ,yuv frame count: 3342 ,yuv frame confirm count: 0 ,h264 frame count: 3342 ,h264 frame confirm count: 0 
INFO    (11:14:19:390 |    0)  30922; Audio statistics - play count: playout count = 600  signal level: far_in = 53
INFO    (11:14:21:146 |    0)  30905; user: 5 ,pcm frame count: 25633 ,pcm frame confirm count: 0 ,yuv frame count: 3409 ,yuv frame confirm count: 0 ,h264 frame count: 3409 ,h264 frame confirm count: 0 
INFO    (11:14:26:151 |    5)  30905; [ARS/15s]event cnts:0, audio pkts:0, mix audio pkts:0, yuv video pkts:0, h264 video pkts:0
INFO    (11:14:26:151 |    0)  30905; user: 5 ,pcm frame count: 26134 ,pcm frame confirm count: 0 ,yuv frame count: 3485 ,yuv frame confirm count: 0 ,h264 frame count: 3485 ,h264 frame confirm count: 0 
INFO    (11:14:29:146 |    0)  30920; **CALL STATS: duraton 5m15s cpu app/total 4.39/15.13 battery 255 tx/rx: 12/213 kbps 462.823K/12.498M bytes
INFO    (11:14:31:146 |    0)  30920; [rs] **report stats: seq: 371, report list size 84, tx/rx: 66070/17808, cache size: 0, report success rate: 100
INFO    (11:14:31:156 |   10)  30905; user: 5 ,pcm frame count: 26634 ,pcm frame confirm count: 0 ,yuv frame count: 3562 ,yuv frame confirm count: 0 ,h264 frame count: 3562 ,h264 frame confirm count: 0 
INFO    (11:14:36:161 |    5)  30905; user: 5 ,pcm frame count: 27135 ,pcm frame confirm count: 0 ,yuv frame count: 3639 ,yuv frame confirm count: 0 ,h264 frame count: 3639 ,h264 frame confirm count: 0 
INFO    (11:14:37:390 |  229)  30922; Audio statistics - play count: playout count = 600  signal level: far_in = 79
INFO    (11:14:41:166 |    0)  30905; [ARS/15s]event cnts:0, audio pkts:0, mix audio pkts:0, yuv video pkts:0, h264 video pkts:0
INFO    (11:14:41:166 |    0)  30905; user: 5 ,pcm frame count: 27635 ,pcm frame confirm count: 0 ,yuv frame count: 3716 ,yuv frame confirm count: 0 ,h264 frame count: 3716 ,h264 frame confirm count: 0 
INFO    (11:14:46:171 |    5)  30905; user: 5 ,pcm frame count: 28136 ,pcm frame confirm count: 0 ,yuv frame count: 3792 ,yuv frame confirm count: 0 ,h264 frame count: 3792 ,h264 frame confirm count: 0 
INFO    (11:14:51:175 |    4)  30905; user: 5 ,pcm frame count: 28636 ,pcm frame confirm count: 0 ,yuv frame count: 3869 ,yuv frame confirm count: 0 ,h264 frame count: 3869 ,h264 frame confirm count: 0 
INFO    (11:14:55:390 |  215)  30922; Audio statistics - play count: playout count = 600  signal level: far_in = 80
INFO    (11:14:56:181 |    0)  30905; [ARS/15s]event cnts:0, audio pkts:0, mix audio pkts:0, yuv video pkts:0, h264 video pkts:0
INFO    (11:14:56:181 |    0)  30905; user: 5 ,pcm frame count: 29137 ,pcm frame confirm count: 0 ,yuv frame count: 3945 ,yuv frame confirm count: 0 ,h264 frame count: 3945 ,h264 frame confirm count: 0 
INFO    (11:15: 1:146 |    0)  30920; **CALL STATS: duraton 5m47s cpu app/total 6.1/5.88 battery 255 tx/rx: 12/392 kbps 513.726K/13.603M bytes
INFO    (11:15: 1:146 |    0)  30920; [rs] **report stats: seq: 406, report list size 84, tx/rx: 72154/19488, cache size: 0, report success rate: 100
INFO    (11:15: 1:185 |   39)  30905; user: 5 ,pcm frame count: 29637 ,pcm frame confirm count: 0 ,yuv frame count: 4021 ,yuv frame confirm count: 0 ,h264 frame count: 4021 ,h264 frame confirm count: 0 
INFO    (11:15: 6:189 |    4)  30905; user: 5 ,pcm frame count: 30137 ,pcm frame confirm count: 0 ,yuv frame count: 4095 ,yuv frame confirm count: 0 ,h264 frame count: 4095 ,h264 frame confirm count: 0 
INFO    (11:15:11:195 |    6)  30905; [ARS/15s]event cnts:0, audio pkts:0, mix audio pkts:0, yuv video pkts:0, h264 video pkts:0
INFO    (11:15:11:195 |    0)  30905; user: 5 ,pcm frame count: 30638 ,pcm frame confirm count: 0 ,yuv frame count: 4172 ,yuv frame confirm count: 0 ,h264 frame count: 4172 ,h264 frame confirm count: 0 
INFO    (11:15:13:390 |  195)  30922; Audio statistics - play count: playout count = 600  signal level: far_in = 76
INFO    (11:15:16:200 |    0)  30905; user: 5 ,pcm frame count: 31139 ,pcm frame confirm count: 0 ,yuv frame count: 4245 ,yuv frame confirm count: 0 ,h264 frame count: 4245 ,h264 frame confirm count: 0 
INFO    (11:15:21:205 |    5)  30905; user: 5 ,pcm frame count: 31639 ,pcm frame confirm count: 0 ,yuv frame count: 4323 ,yuv frame confirm count: 0 ,h264 frame count: 4323 ,h264 frame confirm count: 0 
INFO    (11:15:26:211 |    6)  30905; [ARS/15s]event cnts:0, audio pkts:0, mix audio pkts:0, yuv video pkts:0, h264 video pkts:0
INFO    (11:15:26:211 |    0)  30905; user: 5 ,pcm frame count: 32140 ,pcm frame confirm count: 0 ,yuv frame count: 4397 ,yuv frame confirm count: 0 ,h264 frame count: 4397 ,h264 frame confirm count: 0 
INFO    (11:15:31:215 |    4)  30905; user: 5 ,pcm frame count: 32640 ,pcm frame confirm count: 0 ,yuv frame count: 4472 ,yuv frame confirm count: 0 ,h264 frame count: 4472 ,h264 frame confirm count: 0 
INFO    (11:15:31:390 |  175)  30922; Audio statistics - play count: playout count = 600  signal level: far_in = 64
INFO    (11:15:33:146 |    0)  30920; **CALL STATS: duraton 6m19s cpu app/total 4.97/7.52 battery 255 tx/rx: 11/476 kbps 564.43K/15.286M bytes
INFO    (11:15:36:146 |    0)  30920; [rs] **report stats: seq: 448, report list size 89, tx/rx: 79444/21504, cache size: 0, report success rate: 100
INFO    (11:15:36:220 |   74)  30905; user: 5 ,pcm frame count: 33141 ,pcm frame confirm count: 0 ,yuv frame count: 4548 ,yuv frame confirm count: 0 ,h264 frame count: 4548 ,h264 frame confirm count: 0 
INFO    (11:15:39:694 |  474)  31036; [miaokai] Decoded 1st frame from stream 0.

INFO    (11:15:41:225 |    0)  30905; [ARS/15s]event cnts:0, audio pkts:0, mix audio pkts:0, yuv video pkts:0, h264 video pkts:0
INFO    (11:15:41:225 |    0)  30905; user: 5 ,pcm frame count: 33641 ,pcm frame confirm count: 0 ,yuv frame count: 4583 ,yuv frame confirm count: 0 ,h264 frame count: 4583 ,h264 frame confirm count: 0 
INFO    (11:15:46:230 |    5)  30905; user: 5 ,pcm frame count: 34142 ,pcm frame confirm count: 0 ,yuv frame count: 4650 ,yuv frame confirm count: 0 ,h264 frame count: 4650 ,h264 frame confirm count: 0 
INFO    (11:15:49:390 |  160)  30922; Audio statistics - play count: playout count = 600  signal level: far_in = 58
INFO    (11:15:51:235 |    0)  30905; user: 5 ,pcm frame count: 34642 ,pcm frame confirm count: 0 ,yuv frame count: 4713 ,yuv frame confirm count: 0 ,h264 frame count: 4713 ,h264 frame confirm count: 0 
INFO    (11:15:56:239 |    4)  30905; [ARS/15s]event cnts:0, audio pkts:0, mix audio pkts:0, yuv video pkts:0, h264 video pkts:0
INFO    (11:15:56:239 |    0)  30905; user: 5 ,pcm frame count: 35142 ,pcm frame confirm count: 0 ,yuv frame count: 4779 ,yuv frame confirm count: 0 ,h264 frame count: 4779 ,h264 frame confirm count: 0 
INFO    (11:16: 1:245 |    6)  30905; user: 5 ,pcm frame count: 35643 ,pcm frame confirm count: 0 ,yuv frame count: 4789 ,yuv frame confirm count: 0 ,h264 frame count: 4789 ,h264 frame confirm count: 0 
INFO    (11:16: 1:380 |  135)  30920; uid (5) disconnect, 1522667761380 - 1522667755510 = 5870
INFO    (11:16: 1:381 |    1)  31036; Thread with name:videoDecodeThread stopped
INFO    (11:16: 1:381 |    0)  30920; Destroy decoder.
INFO    (11:16: 1:381 |    0)  30920; Destroy decoder.
INFO    (11:16: 3:146 |    0)  30920; **CALL STATS: duraton 6m49s cpu app/total 5.91/6.41 battery 255 tx/rx: 1/0 kbps 606.506K/16.493M bytes
INFO    (11:16: 6:250 |  104)  30905; user: 5 ,pcm frame count: 36144 ,pcm frame confirm count: 0 ,yuv frame count: 4789 ,yuv frame confirm count: 0 ,h264 frame count: 4789 ,h264 frame confirm count: 0 
INFO    (11:16: 7:390 |  140)  30922; Audio statistics - play count: playout count = 600  signal level: far_in = 42
INFO    (11:16:11:146 |    0)  30920; [rs] **report stats: seq: 480, report list size 79, tx/rx: 85278/23040, cache size: 0, report success rate: 100
INFO    (11:16:11:255 |  109)  30905; [ARS/15s]event cnts:0, audio pkts:0, mix audio pkts:0, yuv video pkts:0, h264 video pkts:0
INFO    (11:16:11:256 |    1)  30905; user: 5 ,pcm frame count: 36570 ,pcm frame confirm count: 0 ,yuv frame count: 4789 ,yuv frame confirm count: 0 ,h264 frame count: 4789 ,h264 frame confirm count: 0 
INFO    (11:16:16:260 |    4)  30905; user: 5 ,pcm frame count: 36570 ,pcm frame confirm count: 0 ,yuv frame count: 4789 ,yuv frame confirm count: 0 ,h264 frame count: 4789 ,h264 frame confirm count: 0 
INFO    (11:16:16:381 |  121)  30920; [pm] peer 5 is offline: dropped
INFO    (11:16:16:381 |    0)  30921; User 5 dropped
INFO    (11:16:16:381 |    0)  30920; stopRemoteVideo: uid=5
INFO    (11:16:17:381 |    0)  30920; notifyPeerCount: cnt 0
INFO    (11:16:25:390 |    9)  30922; Audio statistics - play count: playout count = 600  signal level: far_in = 0
INFO    (11:16:26:391 |    1)  30905; [ARS/15s]event cnts:1, audio pkts:0, mix audio pkts:0, yuv video pkts:0, h264 video pkts:0
INFO    (11:16:35:146 |    0)  30920; **CALL STATS: duraton 7m21s cpu app/total 3.26/3.80 battery 255 tx/rx: 1/1 kbps 614.178K/16.497M bytes
INFO    (11:16:41:407 |  261)  30905; [ARS/15s]event cnts:0, audio pkts:0, mix audio pkts:0, yuv video pkts:0, h264 video pkts:0
INFO    (11:16:43:390 |    0)  30922; Audio statistics - play count: playout count = 600  signal level: far_in = 0
INFO    (11:16:46:146 |    0)  30920; [rs] **report stats: seq: 496, report list size 55, tx/rx: 88533/23808, cache size: 0, report success rate: 100
INFO    (11:16:56:421 |  275)  30905; [ARS/15s]event cnts:0, audio pkts:0, mix audio pkts:0, yuv video pkts:0, h264 video pkts:0
INFO    (11:17: 1:390 |    0)  30922; Audio statistics - play count: playout count = 600  signal level: far_in = 0
INFO    (11:17: 7:146 |    0)  30920; **CALL STATS: duraton 7m53s cpu app/total 2.7/2.5 battery 255 tx/rx: 2/1 kbps 620.818K/16.501M bytes
INFO    (11:17:11:436 |  290)  30905; [ARS/15s]event cnts:0, audio pkts:0, mix audio pkts:0, yuv video pkts:0, h264 video pkts:0
INFO    (11:17:19:390 |    0)  30922; Audio statistics - play count: playout count = 600  signal level: far_in = 0
INFO    (11:17:21:145 |    0)  30920; [rs] **report stats: seq: 505, report list size 27, tx/rx: 90587/24240, cache size: 0, report success rate: 100
INFO    (11:17:26:450 |  305)  30905; [ARS/15s]event cnts:0, audio pkts:0, mix audio pkts:0, yuv video pkts:0, h264 video pkts:0
INFO    (11:17:37:390 |    0)  30922; Audio statistics - play count: playout count = 600  signal level: far_in = 0
INFO    (11:17:39:146 |    0)  30920; **CALL STATS: duraton 8m25s cpu app/total 2.5/2.56 battery 255 tx/rx: 0/0 kbps 626.980K/16.505M bytes
INFO    (11:17:41:466 |  320)  30905; [ARS/15s]event cnts:0, audio pkts:0, mix audio pkts:0, yuv video pkts:0, h264 video pkts:0
INFO    (11:17:55:390 |    0)  30922; Audio statistics - play count: playout count = 600  signal level: far_in = 0
INFO    (11:17:56:145 |    0)  30920; [rs] **report stats: seq: 515, report list size 21, tx/rx: 92884/24720, cache size: 0, report success rate: 100
INFO    (11:17:56:480 |  335)  30905; [ARS/15s]event cnts:0, audio pkts:0, mix audio pkts:0, yuv video pkts:0, h264 video pkts:0
INFO    (11:18:11:146 |    0)  30920; **CALL STATS: duraton 8m57s cpu app/total 2.5/2.59 battery 255 tx/rx: 1/1 kbps 633.343K/16.508M bytes
INFO    (11:18:11:495 |  349)  30905; [ARS/15s]event cnts:0, audio pkts:0, mix audio pkts:0, yuv video pkts:0, h264 video pkts:0
INFO    (11:18:13:390 |    0)  30922; Audio statistics - play count: playout count = 600  signal level: far_in = 0
INFO    (11:18:26:509 |  119)  30905; [ARS/15s]event cnts:0, audio pkts:0, mix audio pkts:0, yuv video pkts:0, h264 video pkts:0
INFO    (11:18:31:146 |    0)  30920; [rs] **report stats: seq: 526, report list size 22, tx/rx: 95402/25248, cache size: 0, report success rate: 100
INFO    (11:18:31:390 |  244)  30922; Audio statistics - play count: playout count = 600  signal level: far_in = 0
INFO    (11:18:41:525 |  135)  30905; [ARS/15s]event cnts:0, audio pkts:0, mix audio pkts:0, yuv video pkts:0, h264 video pkts:0
INFO    (11:18:43:146 |    0)  30920; **CALL STATS: duraton 9m29s cpu app/total 2.7/2.56 battery 255 tx/rx: 2/1 kbps 639.988K/16.512M bytes
INFO    (11:18:49:390 |  244)  30922; Audio statistics - play count: playout count = 600  signal level: far_in = 0
INFO    (11:18:56:539 |  149)  30905; [ARS/15s]event cnts:0, audio pkts:0, mix audio pkts:0, yuv video pkts:0, h264 video pkts:0
INFO    (11:19: 6:145 |    0)  30920; [rs] **report stats: seq: 536, report list size 22, tx/rx: 97684/25728, cache size: 0, report success rate: 100
INFO    (11:19: 7:390 |  245)  30922; Audio statistics - play count: playout count = 600  signal level: far_in = 0
INFO    (11:19:11:554 |  164)  30905; [ARS/15s]event cnts:0, audio pkts:0, mix audio pkts:0, yuv video pkts:0, h264 video pkts:0
INFO    (11:19:11:555 |    1)  30920; [rp] {"che.audio.dump":true}
INFO    (11:19:15:146 |    0)  30920; **CALL STATS: duraton 10m1s cpu app/total 2.60/2.55 battery 255 tx/rx: 0/0 kbps 646.116K/16.516M bytes
INFO    (11:19:25:390 |  244)  30922; Audio statistics - play count: playout count = 600  signal level: far_in = 0
INFO    (11:19:26:569 |  179)  30905; [ARS/15s]event cnts:0, audio pkts:0, mix audio pkts:0, yuv video pkts:0, h264 video pkts:0
INFO    (11:19:41:146 |    0)  30920; [rs] **report stats: seq: 546, report list size 22, tx/rx: 99976/26208, cache size: 0, report success rate: 100
INFO    (11:19:41:583 |  437)  30905; [ARS/15s]event cnts:0, audio pkts:0, mix audio pkts:0, yuv video pkts:0, h264 video pkts:0
INFO    (11:19:41:583 |    0)  30920; [rp] {"che.audio.dump":false}
INFO    (11:19:43:390 |    0)  30922; Audio statistics - play count: playout count = 600  signal level: far_in = 0
INFO    (11:19:47:146 |    0)  30920; **CALL STATS: duraton 10m33s cpu app/total 2.57/4.8 battery 255 tx/rx: 1/1 kbps 652.508K/16.519M bytes
INFO    (11:19:56:597 |  451)  30905; [ARS/15s]event cnts:0, audio pkts:0, mix audio pkts:0, yuv video pkts:0, h264 video pkts:0
INFO    (11:20: 1:390 |    0)  30922; Audio statistics - play count: playout count = 600  signal level: far_in = 0
INFO    (11:20:11:610 |  220)  30905; [ARS/15s]event cnts:0, audio pkts:0, mix audio pkts:0, yuv video pkts:0, h264 video pkts:0
INFO    (11:20:16:145 |    0)  30920; [rs] **report stats: seq: 557, report list size 23, tx/rx: 102484/26736, cache size: 0, report success rate: 100
INFO    (11:20:19:145 |    0)  30920; **CALL STATS: duraton 11m5s cpu app/total 3.7/2.56 battery 255 tx/rx: 2/1 kbps 659.109K/16.523M bytes
INFO    (11:20:19:390 |  245)  30922; Audio statistics - play count: playout count = 600  signal level: far_in = 0
INFO    (11:20:26:625 |  235)  30905; [ARS/15s]event cnts:0, audio pkts:0, mix audio pkts:0, yuv video pkts:0, h264 video pkts:0
INFO    (11:20:37:390 |    0)  30922; Audio statistics - play count: playout count = 600  signal level: far_in = 0
INFO    (11:20:41:639 |  249)  30905; [ARS/15s]event cnts:0, audio pkts:0, mix audio pkts:0, yuv video pkts:0, h264 video pkts:0
INFO    (11:20:51:146 |    0)  30920; **CALL STATS: duraton 11m37s cpu app/total 2.6/2.57 battery 255 tx/rx: 0/0 kbps 665.251K/16.527M bytes
INFO    (11:20:51:147 |    1)  30920; [rs] **report stats: seq: 567, report list size 22, tx/rx: 104739/27168, cache size: 0, report success rate: 100
INFO    (11:20:55:390 |  243)  30922; Audio statistics - play count: playout count = 600  signal level: far_in = 0
INFO    (11:20:56:154 |    0)  30905; [ARS/15s]event cnts:0, audio pkts:0, mix audio pkts:0, yuv video pkts:0, h264 video pkts:0
INFO    (11:21: 3:998 |  844)  30920; audio setPeerAudioMuteStatus: uid 5 muted 0
INFO    (11:21: 3:998 |    0)  30920; video setPeerVideoMuteStatus: uid 5 muted 0
INFO    (11:21: 3:998 |    0)  30920; [pm] peer 5 is online
INFO    (11:21: 3:998 |    0)  30921; offset 712854ms: 5 joined the channel
INFO    (11:21: 3:999 |    1)  30921; User 5 request 0 stream
INFO    (11:21: 3:999 |    0)  30920; notifyPeerCount: cnt 1
INFO    (11:21: 4:  0 |    0)  30920; onFirstRemoteAudioFrame uid 5 codec 99 elapsed 712855
INFO    (11:21: 4:  0 |    0)  30920; onTracerFirstRemoteAudio uid 5 codec 99 elapsed 712856
INFO    (11:21: 4:  1 |    0)  30920; [rp] {"rtc.video.set_remote_video_stream":{"uid":5,"stream":0},"che.video.setstream":{"uid":5,"stream":0}}
INFO    (11:21: 4:  1 |    0)  30920; [pm] switch video stream type peer 5 type 0
INFO    (11:21: 4:  2 |    1)  30920; switchStream (5): current 0 lastRequested 0 newRequested 0
WARN    (11:21: 4:137 |  135)  30920; InsertPacketInternal: Packet buffer flushed
INFO    (11:21: 4:385 |  248)  30920; onTracerFirstRemoteVideo uid 5 codec 4 elapsed 713241
INFO    (11:21: 4:388 |    3)  30920; Codec: VP8, Payload type 100, Height 360, Width 640, Bitrate 200,Framerate 15.
INFO    (11:21: 4:389 |    1)  30920; Codec: H264, Payload type 107, Height 360, Width 640, Bitrate 200,Framerate 15.
INFO    (11:21: 4:389 |    0)  31206; Thread with name:videoDecodeThread started 
INFO    (11:21: 4:494 |  105)  31206; Destroy decoder.
INFO    (11:21: 4:494 |    0)  31206; Finish init decoder.
INFO    (11:21: 4:494 |    0)  31206; [miaokai] Decoded 1st frame from stream 32553.

INFO    (11:21: 6:502 |    8)  30905; user: 5 ,pcm frame count: 250 ,pcm frame confirm count: 0 ,yuv frame count: 28 ,yuv frame confirm count: 0 ,h264 frame count: 28 ,h264 frame confirm count: 0 
INFO    (11:21: 6:846 |  344)  31206; [miaokai] Decoded 1st frame from stream 0.

INFO    (11:21:11:380 |    0)  30920; uid (5) disconnect, 1522668071380 - 1522668067027 = 4353
INFO    (11:21:11:381 |    1)  31206; Thread with name:videoDecodeThread stopped
INFO    (11:21:11:381 |    0)  30920; Destroy decoder.
INFO    (11:21:11:381 |    0)  30920; Destroy decoder.
INFO    (11:21:11:506 |  125)  30905; [ARS/15s]event cnts:1, audio pkts:0, mix audio pkts:0, yuv video pkts:0, h264 video pkts:0
INFO    (11:21:11:506 |    0)  30905; user: 5 ,pcm frame count: 750 ,pcm frame confirm count: 0 ,yuv frame count: 36 ,yuv frame confirm count: 0 ,h264 frame count: 36 ,h264 frame confirm count: 0 
INFO    (11:21:13:390 |    0)  30922; Audio statistics - play count: playout count = 600  signal level: far_in = 47
INFO    (11:21:16:512 |  122)  30905; user: 5 ,pcm frame count: 1251 ,pcm frame confirm count: 0 ,yuv frame count: 36 ,yuv frame confirm count: 0 ,h264 frame count: 36 ,h264 frame confirm count: 0 
INFO    (11:21:21:516 |    4)  30905; user: 5 ,pcm frame count: 1751 ,pcm frame confirm count: 0 ,yuv frame count: 36 ,yuv frame confirm count: 0 ,h264 frame count: 36 ,h264 frame confirm count: 0 
INFO    (11:21:23:146 |    0)  30920; **CALL STATS: duraton 12m9s cpu app/total 3.19/5.82 battery 255 tx/rx: 1/1 kbps 676.894K/16.640M bytes
INFO    (11:21:26:145 |    0)  30920; [rs] **report stats: seq: 590, report list size 35, tx/rx: 109004/28320, cache size: 0, report success rate: 100
INFO    (11:21:26:520 |  375)  30905; [ARS/15s]event cnts:0, audio pkts:0, mix audio pkts:0, yuv video pkts:0, h264 video pkts:0
INFO    (11:21:26:520 |    0)  30905; user: 5 ,pcm frame count: 1805 ,pcm frame confirm count: 0 ,yuv frame count: 36 ,yuv frame confirm count: 0 ,h264 frame count: 36 ,h264 frame confirm count: 0 
INFO    (11:21:27:381 |    0)  30920; [pm] peer 5 is offline: dropped
INFO    (11:21:27:381 |    0)  30921; User 5 dropped
INFO    (11:21:27:381 |    0)  30920; stopRemoteVideo: uid=5
INFO    (11:21:27:382 |    1)  30920; notifyPeerCount: cnt 0
INFO    (11:21:31:390 |    8)  30922; Audio statistics - play count: playout count = 600  signal level: far_in = 0
INFO    (11:21:41:395 |    5)  30905; [ARS/15s]event cnts:1, audio pkts:0, mix audio pkts:0, yuv video pkts:0, h264 video pkts:0
INFO    (11:21:49:390 |    0)  30922; Audio statistics - play count: playout count = 600  signal level: far_in = 0
INFO    (11:21:55:146 |    0)  30920; **CALL STATS: duraton 12m41s cpu app/total 2.6/3.58 battery 255 tx/rx: 2/1 kbps 684.229K/16.644M bytes
INFO    (11:21:56:410 |  264)  30905; [ARS/15s]event cnts:0, audio pkts:0, mix audio pkts:0, yuv video pkts:0, h264 video pkts:0
INFO    (11:22: 1:146 |    0)  30920; [rs] **report stats: seq: 604, report list size 38, tx/rx: 111853/28992, cache size: 0, report success rate: 100
INFO    (11:22: 7:390 |  244)  30922; Audio statistics - play count: playout count = 600  signal level: far_in = 0
INFO    (11:22:11:424 |   34)  30905; [ARS/15s]event cnts:0, audio pkts:0, mix audio pkts:0, yuv video pkts:0, h264 video pkts:0
INFO    (11:22:25:390 |    0)  30922; Audio statistics - play count: playout count = 600  signal level: far_in = 0
INFO    (11:22:26:438 |   48)  30905; [ARS/15s]event cnts:0, audio pkts:0, mix audio pkts:0, yuv video pkts:0, h264 video pkts:0
INFO    (11:22:27:146 |    0)  30920; **CALL STATS: duraton 13m13s cpu app/total 2.7/3.6 battery 255 tx/rx: 0/0 kbps 690.396K/16.648M bytes
INFO    (11:22:36:146 |    0)  30920; [rs] **report stats: seq: 615, report list size 28, tx/rx: 114366/29520, cache size: 0, report success rate: 100
INFO    (11:22:41:453 |  307)  30905; [ARS/15s]event cnts:0, audio pkts:0, mix audio pkts:0, yuv video pkts:0, h264 video pkts:0
INFO    (11:22:43:390 |    0)  30922; Audio statistics - play count: playout count = 600  signal level: far_in = 0
INFO    (11:22:56:467 |   77)  30905; [ARS/15s]event cnts:0, audio pkts:0, mix audio pkts:0, yuv video pkts:0, h264 video pkts:0
INFO    (11:22:59:146 |    0)  30920; **CALL STATS: duraton 13m45s cpu app/total 2.7/2.56 battery 255 tx/rx: 2/1 kbps 696.1006K/16.652M bytes
INFO    (11:23: 1:390 |  244)  30922; Audio statistics - play count: playout count = 600  signal level: far_in = 0
INFO    (11:23:11:146 |    0)  30920; [rs] **report stats: seq: 626, report list size 23, tx/rx: 116886/30000, cache size: 0, report success rate: 100
INFO    (11:23:11:481 |  335)  30905; [ARS/15s]event cnts:0, audio pkts:0, mix audio pkts:0, yuv video pkts:0, h264 video pkts:0
INFO    (11:23:19:390 |    0)  30922; Audio statistics - play count: playout count = 600  signal level: far_in = 0
INFO    (11:23:26:495 |  105)  30905; [ARS/15s]event cnts:0, audio pkts:0, mix audio pkts:0, yuv video pkts:0, h264 video pkts:0
INFO    (11:23:31:146 |    0)  30920; **CALL STATS: duraton 14m17s cpu app/total 2.7/3.4 battery 255 tx/rx: 2/1 kbps 703.622K/16.656M bytes
INFO    (11:23:37:390 |  244)  30922; Audio statistics - play count: playout count = 600  signal level: far_in = 0
INFO    (11:23:41:510 |  120)  30905; [ARS/15s]event cnts:0, audio pkts:0, mix audio pkts:0, yuv video pkts:0, h264 video pkts:0
INFO    (11:23:46:146 |    0)  30920; [rs] **report stats: seq: 636, report list size 23, tx/rx: 119183/30528, cache size: 0, report success rate: 100
INFO    (11:23:55:390 |  244)  30922; Audio statistics - play count: playout count = 600  signal level: far_in = 0
INFO    (11:23:56:525 |  135)  30905; [ARS/15s]event cnts:0, audio pkts:0, mix audio pkts:0, yuv video pkts:0, h264 video pkts:0
INFO    (11:24: 1:146 |    0)  30920; **CALL STATS: duraton 14m47s cpu app/total 2.55/2.56 battery 255 tx/rx: 2/1 kbps 709.621K/16.659M bytes
INFO    (11:24:11:540 |  394)  30905; [ARS/15s]event cnts:0, audio pkts:0, mix audio pkts:0, yuv video pkts:0, h264 video pkts:0
INFO    (11:24:13:390 |    0)  30922; Audio statistics - play count: playout count = 600  signal level: far_in = 0
INFO    (11:24:21:146 |    0)  30920; [rs] **report stats: seq: 646, report list size 22, tx/rx: 121438/30960, cache size: 0, report success rate: 100
INFO    (11:24:26:554 |  408)  30905; [ARS/15s]event cnts:0, audio pkts:0, mix audio pkts:0, yuv video pkts:0, h264 video pkts:0
INFO    (11:24:31:390 |    0)  30922; Audio statistics - play count: playout count = 600  signal level: far_in = 0
INFO    (11:24:33:145 |    0)  30920; **CALL STATS: duraton 15m19s cpu app/total 1.56/2.7 battery 255 tx/rx: 0/0 kbps 715.845K/16.663M bytes
INFO    (11:24:41:568 |  423)  30905; [ARS/15s]event cnts:0, audio pkts:0, mix audio pkts:0, yuv video pkts:0, h264 video pkts:0
INFO    (11:24:49:390 |    0)  30922; Audio statistics - play count: playout count = 600  signal level: far_in = 0
INFO    (11:24:56:145 |    0)  30920; [rs] **report stats: seq: 656, report list size 22, tx/rx: 123730/31488, cache size: 0, report success rate: 100
INFO    (11:24:56:581 |  436)  30905; [ARS/15s]event cnts:0, audio pkts:0, mix audio pkts:0, yuv video pkts:0, h264 video pkts:0
INFO    (11:25: 5:145 |    0)  30920; **CALL STATS: duraton 15m51s cpu app/total 2.5/19.7 battery 255 tx/rx: 1/1 kbps 722.213K/16.666M bytes
INFO    (11:25: 7:390 |  245)  30922; Audio statistics - play count: playout count = 600  signal level: far_in = 0
INFO    (11:25:11:596 |  206)  30905; [ARS/15s]event cnts:0, audio pkts:0, mix audio pkts:0, yuv video pkts:0, h264 video pkts:0
INFO    (11:25:25:390 |    0)  30922; Audio statistics - play count: playout count = 600  signal level: far_in = 0
INFO    (11:25:26:610 |  220)  30905; [ARS/15s]event cnts:0, audio pkts:0, mix audio pkts:0, yuv video pkts:0, h264 video pkts:0
INFO    (11:25:31:146 |    0)  30920; [rs] **report stats: seq: 667, report list size 22, tx/rx: 126233/31968, cache size: 0, report success rate: 100
INFO    (11:25:37:146 |    0)  30920; **CALL STATS: duraton 16m23s cpu app/total 2.53/3.58 battery 255 tx/rx: 2/1 kbps 728.771K/16.670M bytes
INFO    (11:25:41:625 |  479)  30905; [ARS/15s]event cnts:0, audio pkts:0, mix audio pkts:0, yuv video pkts:0, h264 video pkts:0
INFO    (11:25:43:390 |    0)  30922; Audio statistics - play count: playout count = 600  signal level: far_in = 0
INFO    (11:25:56:640 |  250)  30905; [ARS/15s]event cnts:0, audio pkts:0, mix audio pkts:0, yuv video pkts:0, h264 video pkts:0
INFO    (11:26: 1:390 |    0)  30922; Audio statistics - play count: playout count = 600  signal level: far_in = 0
INFO    (11:26: 6:145 |    0)  30920; [rs] **report stats: seq: 677, report list size 23, tx/rx: 128525/32496, cache size: 0, report success rate: 100
INFO    (11:26: 9:146 |    1)  30920; **CALL STATS: duraton 16m55s cpu app/total 2.59/5.10 battery 255 tx/rx: 0/0 kbps 734.1005K/16.674M bytes
INFO    (11:26:11:153 |    7)  30905; [ARS/15s]event cnts:0, audio pkts:0, mix audio pkts:0, yuv video pkts:0, h264 video pkts:0
INFO    (11:26:19:390 |  237)  30922; Audio statistics - play count: playout count = 600  signal level: far_in = 0
INFO    (11:26:26:168 |    0)  30905; [ARS/15s]event cnts:0, audio pkts:0, mix audio pkts:0, yuv video pkts:0, h264 video pkts:0
WARN    (11:26:29:146 |    0)  30921; No users in channel for 300 seconds, aborting, leave_code:4.
INFO    (11:26:29:171 |   25)  30905; ARS push leave pkt to queue inform wrapper
WARN    (11:26:29:671 |  500)  30905; Before cleanup cnt 0, errno 11 4, joined_ 1, term_sig 1, leave path code 12
INFO    (11:26:29:671 |    0)  30905; Leaving channel and ready to cleanup
INFO    (11:26:29:671 |    0)  30905; API call to leave channel
INFO    (11:26:29:672 |    1)  30920; [cm] emit leave channel signal
WARN    (11:26:29:672 |    0)  30921; No users in channel for 300 seconds, aborting, leave_code:12.
INFO    (11:26:29:672 |    0)  30920; **CALL STATS: duration 17m18s, tx 739.732K bytes, rx 16.677M bytes, total 17.392M bytes
INFO    (11:26:29:672 |    0)  30920; stopLocalRender
INFO    (11:26:29:672 |    0)  30920; stopLocalRender success
INFO    (11:26:29:672 |    0)  30920; AgoraVideoInput::Stop
INFO    (11:26:29:672 |    0)  30929; Thread with name:WebRtc_event_timer_thread stopped
INFO    (11:26:29:673 |    1)  30920; AgoraVideoInput::Destroy
INFO    (11:26:29:673 |    0)  30928; Thread with name:ExternalCaptureThread stopped
INFO    (11:26:29:748 |   75)  30927; Thread with name:AgoraInputThread stopped
INFO    (11:26:29:753 |    5)  30920; stopCapture: stopCapture success
INFO    (11:26:29:754 |    1)  30920; stopRemoteRender
INFO    (11:26:29:754 |    0)  30920; stopRemoteVideo: uid=5
INFO    (11:26:29:754 |    0)  30920; [che] stopCall begins
INFO    (11:26:29:754 |    0)  30920; StopRecording complete
INFO    (11:26:29:754 |    0)  30920; StopPlayout complete
INFO    (11:26:29:754 |    0)  30920; [che] stop call returns 0, elapsed 1
INFO    (11:26:29:754 |    0)  30920; [rs] **report stats: seq: 687, report list size 24, tx/rx: 130590/32832, cache size: 0, report success rate: 100
INFO    (11:26:29:755 |    1)  30920; CacheManager: save cache to storage elapsed 0
INFO    (11:26:29:755 |    0)  30920; [ch0] vos destroyed
INFO    (11:26:29:755 |    0)  30920; delRef of media engine, ref=0
INFO    (11:26:29:755 |    0)  30920; [che] chat engine destroying
INFO    (11:26:29:755 |    0)  30920; stopLocalRender
INFO    (11:26:29:755 |    0)  30920; stopLocalRender success
WARN    (11:26:29:755 |    0)  30920; stopCapture: VideoEngine haven't startCapture
INFO    (11:26:29:755 |    0)  30920; stopRemoteRender
INFO    (11:26:29:755 |    0)  30920; stopRemoteVideo: uid=5
INFO    (11:26:29:755 |    0)  30920; [che] stopCall begins
INFO    (11:26:29:755 |    0)  30920; [che] stop call returns -1, elapsed 0
INFO    (11:26:29:755 |    0)  30920; stopLocalRender
INFO    (11:26:29:756 |    1)  30920; stopLocalRender success
INFO    (11:26:29:756 |    0)  30920; stopRemoteRender
INFO    (11:26:29:756 |    0)  30920; stopRemoteVideo: uid=5
WARN    (11:26:29:756 |    0)  30920; stopCapture: VideoEngine haven't startCapture
INFO    (11:26:29:756 |    0)  30926; Thread with name:VideoProcessThread stopped
WARN    (11:26:29:756 |    0)  30920; terminate: VideoEngine haven't init
INFO    (11:26:29:756 |    0)  30920; [DEBUGG] ViERenderManager Destructor, engine_id: 0
INFO    (11:26:29:759 |    3)  30925; Thread with name:VideoEncodeThread stopped
INFO    (11:26:29:766 |    7)  30920; Delete participant 5
INFO    (11:26:29:767 |    1)  30920; VideoSendTrackImpl::UpdateCapturer capturer=(nil)
INFO    (11:26:29:767 |    0)  30920; VideoSendTrackImpl::UpdateRenderer, renderer=(nil)
INFO    (11:26:29:767 |    0)  30924; Thread with name:EngineMonitorThread stopped
INFO    (11:26:29:767 |    0)  30922; Thread with name:external_audio_module_thread stopped
INFO    (11:26:29:767 |    0)  30923; Thread with name:WebRtc_event_timer_thread stopped
INFO    (11:26:29:768 |    1)  30920; [che] chat engine destroyed
INFO    (11:26:29:768 |    0)  30920; ***CALL END
INFO    (11:26:29:768 |    0)  30920; onAudioStatusChanged enable audio
INFO    (11:26:29:768 |    0)  30920; [MIO] media io controller destroyed
INFO    (11:26:29:768 |    0)  30905; async task notify worker thread to exit and return
