recorder_local[32761]: (32761) /var/lib/jenkins/workspace/agora-release-linux-2/ServerSDK-Video/src/rec_engine/RecordingEngineImpl.cpp:831: ERROR:failed to open config file
recorder_local[32761]: (32761) /var/lib/jenkins/workspace/agora-release-linux-2/ServerSDK-Video/src/rec_engine/RecordingEngineImpl.cpp:831: ERROR:failed to open config file
recorder_local[32761]: (32761) /var/lib/jenkins/workspace/agora-release-linux-2/ServerSDK-Video/src/rec_engine/RecordingEngineImpl.cpp:430: [Wrapper version] 5d0b257a42f9514a024cc62c69161d55aa150021
recorder_local[32761]: (32761) /var/lib/jenkins/workspace/agora-release-linux-2/ServerSDK-Video/src/rec_engine/RecordingEngineImpl.cpp:431: =======params ======
recorder_local[32761]: (32761) /var/lib/jenkins/workspace/agora-release-linux-2/ServerSDK-Video/src/rec_engine/RecordingEngineImpl.cpp:433: /var/www/RecordingSDK/bin/AgoraCoreService
recorder_local[32761]: (32761) /var/lib/jenkins/workspace/agora-release-linux-2/ServerSDK-Video/src/rec_engine/RecordingEngineImpl.cpp:433: --app_id
recorder_local[32761]: (32761) /var/lib/jenkins/workspace/agora-release-linux-2/ServerSDK-Video/src/rec_engine/RecordingEngineImpl.cpp:433: c7adb7f97a594d9fac501654c7bf281c
recorder_local[32761]: (32761) /var/lib/jenkins/workspace/agora-release-linux-2/ServerSDK-Video/src/rec_engine/RecordingEngineImpl.cpp:433: --channel_key
recorder_local[32761]: (32761) /var/lib/jenkins/workspace/agora-release-linux-2/ServerSDK-Video/src/rec_engine/RecordingEngineImpl.cpp:433: c7adb7f97a594d9fac501654c7bf281c
recorder_local[32761]: (32761) /var/lib/jenkins/workspace/agora-release-linux-2/ServerSDK-Video/src/rec_engine/RecordingEngineImpl.cpp:433: --channel_id
recorder_local[32761]: (32761) /var/lib/jenkins/workspace/agora-release-linux-2/ServerSDK-Video/src/rec_engine/RecordingEngineImpl.cpp:433: police_11_1
recorder_local[32761]: (32761) /var/lib/jenkins/workspace/agora-release-linux-2/ServerSDK-Video/src/rec_engine/RecordingEngineImpl.cpp:433: --idle
recorder_local[32761]: (32761) /var/lib/jenkins/workspace/agora-release-linux-2/ServerSDK-Video/src/rec_engine/RecordingEngineImpl.cpp:433: 300
recorder_local[32761]: (32761) /var/lib/jenkins/workspace/agora-release-linux-2/ServerSDK-Video/src/rec_engine/RecordingEngineImpl.cpp:433: --decode_audio
recorder_local[32761]: (32761) /var/lib/jenkins/workspace/agora-release-linux-2/ServerSDK-Video/src/rec_engine/RecordingEngineImpl.cpp:433: 0
recorder_local[32761]: (32761) /var/lib/jenkins/workspace/agora-release-linux-2/ServerSDK-Video/src/rec_engine/RecordingEngineImpl.cpp:433: --decode_video
recorder_local[32761]: (32761) /var/lib/jenkins/workspace/agora-release-linux-2/ServerSDK-Video/src/rec_engine/RecordingEngineImpl.cpp:433: 0
recorder_local[32761]: (32761) /var/lib/jenkins/workspace/agora-release-linux-2/ServerSDK-Video/src/rec_engine/RecordingEngineImpl.cpp:433: --capture_interval
recorder_local[32761]: (32761) /var/lib/jenkins/workspace/agora-release-linux-2/ServerSDK-Video/src/rec_engine/RecordingEngineImpl.cpp:433: 5
recorder_local[32761]: (32761) /var/lib/jenkins/workspace/agora-release-linux-2/ServerSDK-Video/src/rec_engine/RecordingEngineImpl.cpp:433: --syslog_fclt
recorder_local[32761]: (32761) /var/lib/jenkins/workspace/agora-release-linux-2/ServerSDK-Video/src/rec_engine/RecordingEngineImpl.cpp:433: 8
recorder_local[32761]: (32761) /var/lib/jenkins/workspace/agora-release-linux-2/ServerSDK-Video/src/rec_engine/RecordingEngineImpl.cpp:433: --streamType
recorder_local[32761]: (32761) /var/lib/jenkins/workspace/agora-release-linux-2/ServerSDK-Video/src/rec_engine/RecordingEngineImpl.cpp:433: 0
recorder_local[32761]: (32761) /var/lib/jenkins/workspace/agora-release-linux-2/ServerSDK-Video/src/rec_engine/RecordingEngineImpl.cpp:433: --serviceMode
recorder_local[32761]: (32761) /var/lib/jenkins/workspace/agora-release-linux-2/ServerSDK-Video/src/rec_engine/RecordingEngineImpl.cpp:433: 0
recorder_local[32761]: (32761) /var/lib/jenkins/workspace/agora-release-linux-2/ServerSDK-Video/src/rec_engine/RecordingEngineImpl.cpp:433: --recording_file_dir
recorder_local[32761]: (32761) /var/lib/jenkins/workspace/agora-release-linux-2/ServerSDK-Video/src/rec_engine/RecordingEngineImpl.cpp:433: /var/www/panic2.greenvoo.us/html/public/Records/20180330/police_11_1_150904/
recorder_local[32761]: (32761) /var/lib/jenkins/workspace/agora-release-linux-2/ServerSDK-Video/src/rec_engine/RecordingEngineImpl.cpp:433: --lang
recorder_local[32761]: (32761) /var/lib/jenkins/workspace/agora-release-linux-2/ServerSDK-Video/src/rec_engine/RecordingEngineImpl.cpp:433: 0
recorder_local[32761]: (32761) /var/lib/jenkins/workspace/agora-release-linux-2/ServerSDK-Video/src/base/pipe_router.cpp:153: The ARS created. Reading pipe: 4, writing pipe: 7, pid: 32762
AgoraCoreService[32762]: (32762) /var/lib/jenkins/workspace/agora-release-linux-2/ServerSDK-Video/src/video_recorder/main.cpp:162: video recording wrapper:8, idle:300 write:5, read:6, live:0,channelid:police_11_1 
AgoraCoreService[32762]: (32762) /var/lib/jenkins/workspace/agora-release-linux-2/ServerSDK-Video/src/video_recorder/main.cpp:183: [ARS version] 5d0b257a42f9514a024cc62c69161d55aa150021
AgoraCoreService[32762]: (32762) /var/lib/jenkins/workspace/agora-release-linux-2/ServerSDK-Video/src/video_recorder/main.cpp:185: uid 0 from vendor c7adb7f97a594d9fac501654c7bf281c is joining channel police_11_1
AgoraCoreService[32762]: (32762) /var/lib/jenkins/workspace/agora-release-linux-2/ServerSDK-Video/src/video_recorder/event_handler.cpp:627: SDK version: 75f0227; chat engine: 03c8e5d966234ba3a0eaedf8a9fe5ef1e7e554a4
AgoraCoreService[32762]: (32762) /var/lib/jenkins/workspace/agora-release-linux-2/ServerSDK-Video/src/video_recorder/event_handler.cpp:634: decode_video:0,decode_audio:0
AgoraCoreService[32762]: (32762) /var/lib/jenkins/workspace/agora-release-linux-2/ServerSDK-Video/src/video_recorder/event_handler.cpp:667: Using random lowUdpPort & highUdpPort
AgoraCoreService[32762]: (32762) /var/lib/jenkins/workspace/agora-release-linux-2/ServerSDK-Video/src/video_recorder/event_handler.cpp:1341: level 1: INFO    (15: 9: 4:676 |    0)  32762; Using random lowUdpPort & highUdpPort
AgoraCoreService[32762]: (32762) /var/lib/jenkins/workspace/agora-release-linux-2/ServerSDK-Video/src/video_recorder/event_handler.cpp:1341: level 1: INFO    (15: 9: 4:676 |    0)  32762; API call to setChannelProfile 0
AgoraCoreService[32762]: (32762) /var/lib/jenkins/workspace/agora-release-linux-2/ServerSDK-Video/src/video_recorder/event_handler.cpp:1786: init stream, trigger mode: 0 service mode: 0
AgoraCoreService[32762]: (32762) /var/lib/jenkins/workspace/agora-release-linux-2/ServerSDK-Video/src/video_recorder/event_handler.cpp:1341: level 1: INFO    (15: 9: 4:677 |    1)  32762; API call to setVideoProfileEx 640x360 15 fps 500 kbps
AgoraCoreService[32762]: (32762) /var/lib/jenkins/workspace/agora-release-linux-2/ServerSDK-Video/src/video_recorder/event_handler.cpp:1341: level 1: INFO    (15: 9: 4:677 |    0)  32762; API call to enable video
AgoraCoreService[32762]: (32762) /var/lib/jenkins/workspace/agora-release-linux-2/ServerSDK-Video/src/video_recorder/event_handler.cpp:1341: level 1: INFO    (15: 9: 4:677 |    0)  32762; API call to join channel 'police_11_1' uid 0, SDK ver 2.1.0 build 220, device info 'Linux version 3.13.0-143-generic (buildd@lcy01-amd64-010) (gcc version 4.8.4 (Ubuntu 4.8.4-2ubuntu1~14.04.4) ) #192-Ubuntu SMP Tue 
AgoraCoreService[32762]: (32762) /var/lib/jenkins/workspace/agora-release-linux-2/ServerSDK-Video/src/video_recorder/event_handler.cpp:1341: level 1: INFO    (15: 9: 4:677 |    0)    309; Agora Service Worker Thread started: 0x3decf98
AgoraCoreService[32762]: (32762) /var/lib/jenkins/workspace/agora-release-linux-2/ServerSDK-Video/src/video_recorder/event_handler.cpp:1341: level 1: INFO    (15: 9: 4:677 |    0)    309; network: 'NETWORK_UNKOWN' -> 'LAN' ipv4/v6 '139.59.134.76'/'' gw ''/'' subtype 0 level 217905888 ssid '' bssid '' rssi 32524 asu 56
AgoraCoreService[32762]: (32762) /var/lib/jenkins/workspace/agora-release-linux-2/ServerSDK-Video/src/video_recorder/event_handler.cpp:1341: level 1: INFO    (15: 9: 4:678 |    1)    309; [MIO] mediaIO controller created
AgoraCoreService[32762]: (32762) /var/lib/jenkins/workspace/agora-release-linux-2/ServerSDK-Video/src/video_recorder/event_handler.cpp:1341: level 1: INFO    (15: 9: 4:678 |    0)    309; found 'NULL' device: 'Linux version 3.13.0-143-generic (buildd@lcy01-amd64-010) (gcc version 4.8.4 (Ubuntu 4.8.4-2ubuntu1~14.04.4) ) #192-Ubuntu SMP Tue Feb 27 10:45:36 UTC 2018
'
AgoraCoreService[32762]: (32762) /var/lib/jenkins/workspace/agora-release-linux-2/ServerSDK-Video/src/video_recorder/event_handler.cpp:1341: level 1: INFO    (15: 9: 4:678 |    0)    309; [rp] {"rtc.channel_profile":0}
AgoraCoreService[32762]: (32762) /var/lib/jenkins/workspace/agora-release-linux-2/ServerSDK-Video/src/video_recorder/event_handler.cpp:1341: level 1: INFO    (15: 9: 4:678 |    0)    309; [rp] {"che.audio.external_device":true}
AgoraCoreService[32762]: (32762) /var/lib/jenkins/workspace/agora-release-linux-2/ServerSDK-Video/src/video_recorder/event_handler.cpp:1341: level 1: INFO    (15: 9: 4:678 |    0)    309; [rp] {"che.audio.audioSampleRate":48000}
AgoraCoreService[32762]: (32762) /var/lib/jenkins/workspace/agora-release-linux-2/ServerSDK-Video/src/video_recorder/event_handler.cpp:1341: level 1: INFO    (15: 9: 4:679 |    1)    309; [rp] {"che.video.keep_prerotation":false}
AgoraCoreService[32762]: (32762) /var/lib/jenkins/workspace/agora-release-linux-2/ServerSDK-Video/src/video_recorder/event_handler.cpp:1341: level 1: INFO    (15: 9: 4:679 |    0)    309; [rp] {"rtc.client_type":3}
AgoraCoreService[32762]: (32762) /var/lib/jenkins/workspace/agora-release-linux-2/ServerSDK-Video/src/video_recorder/event_handler.cpp:1341: level 1: INFO    (15: 9: 4:679 |    0)    309; [rp] {"che.audienceMode":true}
AgoraCoreService[32762]: (32762) /var/lib/jenkins/workspace/agora-release-linux-2/ServerSDK-Video/src/video_recorder/event_handler.cpp:1341: level 1: INFO    (15: 9: 4:679 |    0)    309; [rp] {"che.video.recording":true}
AgoraCoreService[32762]: (32762) /var/lib/jenkins/workspace/agora-release-linux-2/ServerSDK-Video/src/video_recorder/event_handler.cpp:1341: level 1: INFO    (15: 9: 4:679 |    0)    309; [rp] {"che.audio.set_capture_raw_audio_format":{"sampleRate":48000,"channelCnt":1,"mode":1,"samplesPerCall":480}}
AgoraCoreService[32762]: (32762) /var/lib/jenkins/workspace/agora-release-linux-2/ServerSDK-Video/src/video_recorder/event_handler.cpp:1341: level 1: INFO    (15: 9: 4:679 |    0)    309; [rp] {"che.audio.set_render_raw_audio_format":{"sampleRate":48000,"channelCnt":1,"mode":0,"samplesPerCall":480}}
AgoraCoreService[32762]: (32762) /var/lib/jenkins/workspace/agora-release-linux-2/ServerSDK-Video/src/video_recorder/event_handler.cpp:1341: level 1: INFO    (15: 9: 4:679 |    0)    309; [rp] {"rtc.log_file":"/var/www/panic2.greenvoo.us/html/public/Records/20180330/police_11_1_150904/recording_0.log"}
AgoraCoreService[32762]: (32762) /var/lib/jenkins/workspace/agora-release-linux-2/ServerSDK-Video/src/video_recorder/event_handler.cpp:1341: level 1: INFO    (15: 9: 4:680 |    1)    309; [rp] {"rtc.video.mute_me":true,"che.video.local.send":false}
AgoraCoreService[32762]: (32762) /var/lib/jenkins/workspace/agora-release-linux-2/ServerSDK-Video/src/video_recorder/event_handler.cpp:1341: level 1: INFO    (15: 9: 4:680 |    0)    309; [rp] {"rtc.audio.mute_me":true,"che.audio.mute_me":true}
AgoraCoreService[32762]: (32762) /var/lib/jenkins/workspace/agora-release-linux-2/ServerSDK-Video/src/video_recorder/event_handler.cpp:1341: level 1: INFO    (15: 9: 4:680 |    0)    309; [rp] {"rtc.video.set_remote_default_video_stream_type":0}
AgoraCoreService[32762]: (32762) /var/lib/jenkins/workspace/agora-release-linux-2/ServerSDK-Video/src/video_recorder/event_handler.cpp:1341: level 1: INFO    (15: 9: 4:680 |    0)    309; API call to SetRemoteDefaultVideoStreamType: 0
AgoraCoreService[32762]: (32762) /var/lib/jenkins/workspace/agora-release-linux-2/ServerSDK-Video/src/video_recorder/event_handler.cpp:1341: level 1: INFO    (15: 9: 4:680 |    0)    309; [rp] {"che.video.local.camera_index":1024}
AgoraCoreService[32762]: (32762) /var/lib/jenkins/workspace/agora-release-linux-2/ServerSDK-Video/src/video_recorder/event_handler.cpp:1341: level 1: INFO    (15: 9: 4:680 |    0)    309; [rp] {"rtc.video.enabled":true}
AgoraCoreService[32762]: (32762) /var/lib/jenkins/workspace/agora-release-linux-2/ServerSDK-Video/src/video_recorder/event_handler.cpp:1341: level 1: INFO    (15: 9: 4:680 |    0)    309; API call to enable video
AgoraCoreService[32762]: (32762) /var/lib/jenkins/workspace/agora-release-linux-2/ServerSDK-Video/src/video_recorder/event_handler.cpp:1341: level 1: INFO    (15: 9: 4:681 |    1)    309; ***CALL BEGIN: appid:'c7****************************1c' cname:'police_11_1' info:'' sid:'3FF6DDC0D5C44D36A38FEFFC2D06C205'
AgoraCoreService[32762]: (32762) /var/lib/jenkins/workspace/agora-release-linux-2/ServerSDK-Video/src/video_recorder/event_handler.cpp:1341: level 1: INFO    (15: 9: 4:681 |    0)    309; addRef of media engine, ref=1
AgoraCoreService[32762]: (32762) /var/lib/jenkins/workspace/agora-release-linux-2/ServerSDK-Video/src/video_recorder/event_handler.cpp:1341: level 1: INFO    (15: 9: 4:681 |    0)    309; [che] create chat engine, ctx:(nil)
AgoraCoreService[32762]: (32762) /var/lib/jenkins/workspace/agora-release-linux-2/ServerSDK-Video/src/video_recorder/event_handler.cpp:1341: level 1: INFO    (15: 9: 4:681 |    0)    309; [MYDEBUG] large group call false
AgoraCoreService[32762]: (32762) /var/lib/jenkins/workspace/agora-release-linux-2/ServerSDK-Video/src/video_recorder/event_handler.cpp:1341: level 1: INFO    (15: 9: 4:681 |    0)    309; ChatEngineParameterHelper::applyMediaEngineMode: 
AgoraCoreService[32762]: (32762) /var/lib/jenkins/workspace/agora-release-linux-2/ServerSDK-Video/src/video_recorder/event_handler.cpp:1341: level 1: INFO    (15: 9: 4:681 |    0)    309; applyMediaEngineMode(): Hardware encoding false Hardware decoding false
AgoraCoreService[32762]: (32762) /var/lib/jenkins/workspace/agora-release-linux-2/ServerSDK-Video/src/video_recorder/event_handler.cpp:1341: level 1: INFO    (15: 9: 4:683 |    2)    311; Thread with name:external_audio_module_thread started 
AgoraCoreService[32762]: (32762) /var/lib/jenkins/workspace/agora-release-linux-2/ServerSDK-Video/src/video_recorder/event_handler.cpp:1341: level 1: INFO    (15: 9: 4:684 |    1)    312; Thread with name:WebRtc_event_timer_thread started 
AgoraCoreService[32762]: (32762) /var/lib/jenkins/workspace/agora-release-linux-2/ServerSDK-Video/src/video_recorder/event_handler.cpp:1341: level 1: INFO    (15: 9: 4:684 |    0)    309; StereoPlayoutIsAvailable(), output: available=0
AgoraCoreService[32762]: (32762) /var/lib/jenkins/workspace/agora-release-linux-2/ServerSDK-Video/src/video_recorder/event_handler.cpp:1341: level 1: INFO    (15: 9: 4:684 |    0)    309; StereoRecordingIsAvailable(), output: available=0
AgoraCoreService[32762]: (32762) /var/lib/jenkins/workspace/agora-release-linux-2/ServerSDK-Video/src/video_recorder/event_handler.cpp:1341: level 1: INFO    (15: 9: 4:684 |    0)    313; Thread with name:EngineMonitorThread started 
AgoraCoreService[32762]: (32762) /var/lib/jenkins/workspace/agora-release-linux-2/ServerSDK-Video/src/video_recorder/event_handler.cpp:1341: level 1: INFO    (15: 9: 4:684 |    0)    309; setMuteStatus, muted: On
AgoraCoreService[32762]: (32762) /var/lib/jenkins/workspace/agora-release-linux-2/ServerSDK-Video/src/video_recorder/event_handler.cpp:1341: level 1: INFO    (15: 9: 4:685 |    1)    309; setMuteOutput, muted: false
AgoraCoreService[32762]: (32762) /var/lib/jenkins/workspace/agora-release-linux-2/ServerSDK-Video/src/video_recorder/event_handler.cpp:1341: level 2: WARN    (15: 9: 4:685 |    0)    309; setMicSensitivity failed, legal values are between [0, 10]
AgoraCoreService[32762]: (32762) /var/lib/jenkins/workspace/agora-release-linux-2/ServerSDK-Video/src/video_recorder/event_handler.cpp:1341: level 1: INFO    (15: 9: 4:685 |    0)    309; Audio Engine Init success
AgoraCoreService[32762]: (32762) /var/lib/jenkins/workspace/agora-release-linux-2/ServerSDK-Video/src/video_recorder/event_handler.cpp:1341: level 1: INFO    (15: 9: 4:685 |    0)    309; Available number of cores:1
AgoraCoreService[32762]: (32762) /var/lib/jenkins/workspace/agora-release-linux-2/ServerSDK-Video/src/video_recorder/event_handler.cpp:1341: level 1: INFO    (15: 9: 4:686 |    1)    309; CreateVideoSendTrack
AgoraCoreService[32762]: (32762) /var/lib/jenkins/workspace/agora-release-linux-2/ServerSDK-Video/src/video_recorder/event_handler.cpp:1341: level 1: INFO    (15: 9: 4:686 |    0)    309; init: feature prerotation disabled
AgoraCoreService[32762]: (32762) /var/lib/jenkins/workspace/agora-release-linux-2/ServerSDK-Video/src/video_recorder/event_handler.cpp:1341: level 1: INFO    (15: 9: 4:686 |    0)    309; Agora Engine video codec set to custom mode role mode 0
AgoraCoreService[32762]: (32762) /var/lib/jenkins/workspace/agora-release-linux-2/ServerSDK-Video/src/video_recorder/event_handler.cpp:1341: level 1: INFO    (15: 9: 4:686 |    0)    309; Agora Engine video codec index 1
AgoraCoreService[32762]: (32762) /var/lib/jenkins/workspace/agora-release-linux-2/ServerSDK-Video/src/video_recorder/event_handler.cpp:1341: level 1: INFO    (15: 9: 4:686 |    0)    309; Agora Engine video stream type = 0
AgoraCoreService[32762]: (32762) /var/lib/jenkins/workspace/agora-release-linux-2/ServerSDK-Video/src/video_recorder/event_handler.cpp:1341: level 1: INFO    (15: 9: 4:687 |    1)    314; Thread with name:VideoEncodeThread started 
AgoraCoreService[32762]: (32762) /var/lib/jenkins/workspace/agora-release-linux-2/ServerSDK-Video/src/video_recorder/event_handler.cpp:1341: level 1: INFO    (15: 9: 4:687 |    0)    309; EncoderWrapper::Create hardware_ = 0, hardware_low_ = 0
AgoraCoreService[32762]: (32762) /var/lib/jenkins/workspace/agora-release-linux-2/ServerSDK-Video/src/video_recorder/event_handler.cpp:1341: level 1: INFO    (15: 9: 4:687 |    0)    315; Thread with name:VideoProcessThread started 
AgoraCoreService[32762]: (32762) /var/lib/jenkins/workspace/agora-release-linux-2/ServerSDK-Video/src/video_recorder/event_handler.cpp:1341: level 1: INFO    (15: 9: 4:687 |    0)    309; setCodec: index=1 width=640 height=360 framerate=15
AgoraCoreService[32762]: (32762) /var/lib/jenkins/workspace/agora-release-linux-2/ServerSDK-Video/src/video_recorder/event_handler.cpp:1341: level 1: INFO    (15: 9: 4:687 |    0)    309; h264WebInteropEnable: enable 0
AgoraCoreService[32762]: (32762) /var/lib/jenkins/workspace/agora-release-linux-2/ServerSDK-Video/src/video_recorder/event_handler.cpp:1341: level 1: INFO    (15: 9: 4:687 |    0)    309; setCaptureDevice: index=1024
AgoraCoreService[32762]: (32762) /var/lib/jenkins/workspace/agora-release-linux-2/ServerSDK-Video/src/video_recorder/event_handler.cpp:1341: level 1: INFO    (15: 9: 4:687 |    0)    309; setMaxVideoBitrate: max bitrate=0
AgoraCoreService[32762]: (32762) /var/lib/jenkins/workspace/agora-release-linux-2/ServerSDK-Video/src/video_recorder/event_handler.cpp:1341: level 1: INFO    (15: 9: 4:688 |    1)    309; more fec enable 0 curr fec method 0
AgoraCoreService[32762]: (32762) /var/lib/jenkins/workspace/agora-release-linux-2/ServerSDK-Video/src/video_recorder/event_handler.cpp:1341: level 1: INFO    (15: 9: 4:688 |    0)    309; video fec method 0
AgoraCoreService[32762]: (32762) /var/lib/jenkins/workspace/agora-release-linux-2/ServerSDK-Video/src/video_recorder/event_handler.cpp:1341: level 4: ERROR   (15: 9: 4:688 |    0)    309; videoEngine created and initialize here
AgoraCoreService[32762]: (32762) /var/lib/jenkins/workspace/agora-release-linux-2/ServerSDK-Video/src/video_recorder/event_handler.cpp:1341: level 1: INFO    (15: 9: 4:688 |    0)    309; CreateVideoSendTrack
AgoraCoreService[32762]: (32762) /var/lib/jenkins/workspace/agora-release-linux-2/ServerSDK-Video/src/video_recorder/event_handler.cpp:1341: level 1: INFO    (15: 9: 4:688 |    0)    309; [MIO] updateCapturer: ((nil)), type:(1)
AgoraCoreService[32762]: (32762) /var/lib/jenkins/workspace/agora-release-linux-2/ServerSDK-Video/src/video_recorder/event_handler.cpp:1341: level 1: INFO    (15: 9: 4:688 |    0)    309; CreateAgoraDefaultCapture: type=0
AgoraCoreService[32762]: (32762) /var/lib/jenkins/workspace/agora-release-linux-2/ServerSDK-Video/src/video_recorder/event_handler.cpp:1341: level 1: INFO    (15: 9: 4:688 |    0)    309; CreateVideoCapturer: interface=0x7f0bfc172af0
AgoraCoreService[32762]: (32762) /var/lib/jenkins/workspace/agora-release-linux-2/ServerSDK-Video/src/video_recorder/event_handler.cpp:1341: level 1: INFO    (15: 9: 4:688 |    0)    309; VideoSendTrackImpl::UpdateCapturer capturer=0x7f0bfc1d4c10
AgoraCoreService[32762]: (32762) /var/lib/jenkins/workspace/agora-release-linux-2/ServerSDK-Video/src/video_recorder/event_handler.cpp:1341: level 1: INFO    (15: 9: 4:688 |    0)    309; [MIO] updateLocalRender: ((nil)), type:(1)
AgoraCoreService[32762]: (32762) /var/lib/jenkins/workspace/agora-release-linux-2/ServerSDK-Video/src/video_recorder/event_handler.cpp:1341: level 1: INFO    (15: 9: 4:689 |    1)    309; CreateAgoraDefaultRender
AgoraCoreService[32762]: (32762) /var/lib/jenkins/workspace/agora-release-linux-2/ServerSDK-Video/src/video_recorder/event_handler.cpp:1341: level 1: INFO    (15: 9: 4:689 |    0)    309; CreateVideoRenderer: interface=0x7f0bfc1d5090
AgoraCoreService[32762]: (32762) /var/lib/jenkins/workspace/agora-release-linux-2/ServerSDK-Video/src/video_recorder/event_handler.cpp:1341: level 1: INFO    (15: 9: 4:689 |    0)    309; VideoSendTrackImpl::UpdateRenderer, renderer=0x7f0bfc1d50d0
AgoraCoreService[32762]: (32762) /var/lib/jenkins/workspace/agora-release-linux-2/ServerSDK-Video/src/video_recorder/event_handler.cpp:1341: level 1: INFO    (15: 9: 4:689 |    0)    309; [MIO] video send track prepared !!
AgoraCoreService[32762]: (32762) /var/lib/jenkins/workspace/agora-release-linux-2/ServerSDK-Video/src/video_recorder/event_handler.cpp:1341: level 1: INFO    (15: 9: 4:689 |    0)    309; [che] applyVideoProfile: 640x360 15 fps 500 kbps
AgoraCoreService[32762]: (32762) /var/lib/jenkins/workspace/agora-release-linux-2/ServerSDK-Video/src/video_recorder/event_handler.cpp:1341: level 1: INFO    (15: 9: 4:689 |    0)    309; validateVideoParameters: validate video parameters resolution 640x360, fps 15, rate 500000
AgoraCoreService[32762]: (32762) /var/lib/jenkins/workspace/agora-release-linux-2/ServerSDK-Video/src/video_recorder/event_handler.cpp:1341: level 1: INFO    (15: 9: 4:689 |    0)    309; setMaxVideoBitrate: max bitrate=500000
AgoraCoreService[32762]: (32762) /var/lib/jenkins/workspace/agora-release-linux-2/ServerSDK-Video/src/video_recorder/event_handler.cpp:1341: level 1: INFO    (15: 9: 4:689 |    0)    309; setCodecRates: set frame rate to 15
AgoraCoreService[32762]: (32762) /var/lib/jenkins/workspace/agora-release-linux-2/ServerSDK-Video/src/video_recorder/event_handler.cpp:1341: level 1: INFO    (15: 9: 4:690 |    1)    309; setCodec: index=1 width=640 height=360 framerate=15
AgoraCoreService[32762]: (32762) /var/lib/jenkins/workspace/agora-release-linux-2/ServerSDK-Video/src/video_recorder/event_handler.cpp:1341: level 1: INFO    (15: 9: 4:690 |    0)    309; setCodecResolution: set to 640 x 360
AgoraCoreService[32762]: (32762) /var/lib/jenkins/workspace/agora-release-linux-2/ServerSDK-Video/src/video_recorder/event_handler.cpp:1341: level 1: INFO    (15: 9: 4:690 |    0)    309; [che] chat engine initialized
AgoraCoreService[32762]: (32762) /var/lib/jenkins/workspace/agora-release-linux-2/ServerSDK-Video/src/video_recorder/event_handler.cpp:1341: level 1: INFO    (15: 9: 4:690 |    0)    309; [vocs] vocs initialized
AgoraCoreService[32762]: (32762) /var/lib/jenkins/workspace/agora-release-linux-2/ServerSDK-Video/src/video_recorder/event_handler.cpp:1341: level 1: INFO    (15: 9: 4:691 |    1)    309; [rs] report server ip: 221.228.78.123:8000
AgoraCoreService[32762]: (32762) /var/lib/jenkins/workspace/agora-release-linux-2/ServerSDK-Video/src/video_recorder/event_handler.cpp:1341: level 1: INFO    (15: 9: 4:691 |    0)    309; [rlbs] selected: 221.228.78.123:9700
AgoraCoreService[32762]: (32762) /var/lib/jenkins/workspace/agora-release-linux-2/ServerSDK-Video/src/video_recorder/event_handler.cpp:1341: level 1: INFO    (15: 9: 4:691 |    0)    309; [rlbs] request rs list from 221.228.78.123:9700.......
AgoraCoreService[32762]: (32762) /var/lib/jenkins/workspace/agora-release-linux-2/ServerSDK-Video/src/video_recorder/event_handler.cpp:1341: level 1: INFO    (15: 9: 4:692 |    1)    309; CacheManager: save cache to storage elapsed 0
AgoraCoreService[32762]: (32762) /var/lib/jenkins/workspace/agora-release-linux-2/ServerSDK-Video/src/video_recorder/event_handler.cpp:1341: level 1: INFO    (15: 9: 4:692 |    0)    309; [cm] emit join channel signal, size=2
AgoraCoreService[32762]: (32762) /var/lib/jenkins/workspace/agora-release-linux-2/ServerSDK-Video/src/video_recorder/event_handler.cpp:1341: level 1: INFO    (15: 9: 4:692 |    0)    309; CacheManager: save cache to storage elapsed 0
AgoraCoreService[32762]: (32762) /var/lib/jenkins/workspace/agora-release-linux-2/ServerSDK-Video/src/video_recorder/event_handler.cpp:1341: level 1: INFO    (15: 9: 4:693 |    1)    309; [vocs] lookup channel...
AgoraCoreService[32762]: (32762) /var/lib/jenkins/workspace/agora-release-linux-2/ServerSDK-Video/src/video_recorder/event_handler.cpp:1341: level 1: INFO    (15: 9: 4:693 |    0)    309; [vocs] selected: 119.9.92.49:8000
AgoraCoreService[32762]: (32762) /var/lib/jenkins/workspace/agora-release-linux-2/ServerSDK-Video/src/video_recorder/event_handler.cpp:1341: level 1: INFO    (15: 9: 4:693 |    0)    309; connecting to 119.9.92.49:8000 handle fc20fdc0, 28
AgoraCoreService[32762]: (32762) /var/lib/jenkins/workspace/agora-release-linux-2/ServerSDK-Video/src/video_recorder/event_handler.cpp:1341: level 1: INFO    (15: 9: 4:693 |    0)    309; [vocs] creating channel with 119.9.92.49:8000, ts 1522422544693.......
AgoraCoreService[32762]: (32762) /var/lib/jenkins/workspace/agora-release-linux-2/ServerSDK-Video/src/video_recorder/event_handler.cpp:1341: level 1: INFO    (15: 9: 4:693 |    0)    309; [vocs] selected: 221.228.202.134:8000
AgoraCoreService[32762]: (32762) /var/lib/jenkins/workspace/agora-release-linux-2/ServerSDK-Video/src/video_recorder/event_handler.cpp:1341: level 1: INFO    (15: 9: 4:694 |    1)    309; [vocs] creating channel with 221.228.202.134:8000, ts 1522422544694.......
AgoraCoreService[32762]: (32762) /var/lib/jenkins/workspace/agora-release-linux-2/ServerSDK-Video/src/video_recorder/event_handler.cpp:1341: level 1: INFO    (15: 9: 4:694 |    0)    309; [vocs] selected: 183.236.26.162:8000
AgoraCoreService[32762]: (32762) /var/lib/jenkins/workspace/agora-release-linux-2/ServerSDK-Video/src/video_recorder/event_handler.cpp:1341: level 1: INFO    (15: 9: 4:694 |    0)    309; [vocs] creating channel with 183.236.26.162:8000, ts 1522422544694.......
AgoraCoreService[32762]: (32762) /var/lib/jenkins/workspace/agora-release-linux-2/ServerSDK-Video/src/video_recorder/event_handler.cpp:1341: level 1: INFO    (15: 9: 4:694 |    0)    309; [rp] {"che.audio.audioSampleRate":48000}
AgoraCoreService[32762]: (32762) /var/lib/jenkins/workspace/agora-release-linux-2/ServerSDK-Video/src/video_recorder/event_handler.cpp:1341: level 1: INFO    (15: 9: 4:694 |    0)    309; [dns] parsed ip 119.9.92.49
AgoraCoreService[32762]: (32762) /var/lib/jenkins/workspace/agora-release-linux-2/ServerSDK-Video/src/video_recorder/event_handler.cpp:1341: level 1: INFO    (15: 9: 4:694 |    0)    309; [dns] parsed ip 69.28.51.138
AgoraCoreService[32762]: (32762) /var/lib/jenkins/workspace/agora-release-linux-2/ServerSDK-Video/src/video_recorder/event_handler.cpp:1341: level 1: INFO    (15: 9: 4:694 |    0)    309; [dns] parsed ip 128.1.87.146
AgoraCoreService[32762]: (32762) /var/lib/jenkins/workspace/agora-release-linux-2/ServerSDK-Video/src/video_recorder/event_handler.cpp:1341: level 1: INFO    (15: 9: 4:703 |    9)    309; [dns] parsed ip 199.190.44.36
AgoraCoreService[32762]: (32762) /var/lib/jenkins/workspace/agora-release-linux-2/ServerSDK-Video/src/video_recorder/event_handler.cpp:1341: level 1: INFO    (15: 9: 4:703 |    0)    309; [rs] dns parse result code: 0, servers size: 1
AgoraCoreService[32762]: (32762) /var/lib/jenkins/workspace/agora-release-linux-2/ServerSDK-Video/src/video_recorder/event_handler.cpp:1341: level 1: INFO    (15: 9: 4:703 |    0)    309; [rs] dns parse and selected server: 223.111.12.227
AgoraCoreService[32762]: (32762) /var/lib/jenkins/workspace/agora-release-linux-2/ServerSDK-Video/src/video_recorder/event_handler.cpp:1341: level 1: INFO    (15: 9: 4:703 |    0)    309; [dns] parsed ip 199.190.44.35
AgoraCoreService[32762]: (32762) /var/lib/jenkins/workspace/agora-release-linux-2/ServerSDK-Video/src/video_recorder/event_handler.cpp:1341: level 1: INFO    (15: 9: 4:895 |  192)    309; [vocs/t] tcp create channel connected with 0x7f0bfc210440
AgoraCoreService[32762]: (32762) /var/lib/jenkins/workspace/agora-release-linux-2/ServerSDK-Video/src/video_recorder/event_handler.cpp:1341: level 1: INFO    (15: 9: 4:895 |    0)    309; [vocs] tcp - creating channel with 119.9.92.49:8000, ts 1522422544895.......
AgoraCoreService[32762]: (32762) /var/lib/jenkins/workspace/agora-release-linux-2/ServerSDK-Video/src/video_recorder/event_handler.cpp:1341: level 1: INFO    (15: 9: 4:904 |    9)    309; [vocs/u] **responsed from 119.9.92.49:8000, 3 vos, elapsed 228, server ts 1522422544317, wan ip 139.59.134.76
AgoraCoreService[32762]: (32762) /var/lib/jenkins/workspace/agora-release-linux-2/ServerSDK-Video/src/video_recorder/event_handler.cpp:1341: level 1: INFO    (15: 9: 4:905 |    1)    309; [vos] added server: 23.236.96.139:4006
AgoraCoreService[32762]: (32762) /var/lib/jenkins/workspace/agora-release-linux-2/ServerSDK-Video/src/video_recorder/event_handler.cpp:1341: level 1: INFO    (15: 9: 4:905 |    0)    309; [vos] added server: 128.1.77.35:4009
AgoraCoreService[32762]: (32762) /var/lib/jenkins/workspace/agora-release-linux-2/ServerSDK-Video/src/video_recorder/event_handler.cpp:1341: level 1: INFO    (15: 9: 4:905 |    0)    309; [vos] added server: 128.1.78.91:4005
AgoraCoreService[32762]: (32762) /var/lib/jenkins/workspace/agora-release-linux-2/ServerSDK-Video/src/video_recorder/event_handler.cpp:1341: level 1: INFO    (15: 9: 4:905 |    0)    309; [ch0] vos initialized
AgoraCoreService[32762]: (32762) /var/lib/jenkins/workspace/agora-release-linux-2/ServerSDK-Video/src/video_recorder/event_handler.cpp:1341: level 1: INFO    (15: 9: 4:905 |    0)    309; [vos] selected: 128.1.78.91:4005
AgoraCoreService[32762]: (32762) /var/lib/jenkins/workspace/agora-release-linux-2/ServerSDK-Video/src/video_recorder/event_handler.cpp:1341: level 4: ERROR   (15: 9: 4:906 |    1)    309; [ch0] login strategy=2
AgoraCoreService[32762]: (32762) /var/lib/jenkins/workspace/agora-release-linux-2/ServerSDK-Video/src/video_recorder/event_handler.cpp:1341: level 1: INFO    (15: 9: 4:906 |    0)    309; [ds]: ver 1 ds '{"streamType":5}'
AgoraCoreService[32762]: (32762) /var/lib/jenkins/workspace/agora-release-linux-2/ServerSDK-Video/src/video_recorder/event_handler.cpp:1341: level 1: INFO    (15: 9: 4:906 |    0)    309; [ch0] Login VOS (proto:10, cid:2274471623, uid:2676844988, ts:1522422544906, ticket size:84 ds:1 stream:+A+VH) 2: 128.1.78.91:4005
AgoraCoreService[32762]: (32762) /var/lib/jenkins/workspace/agora-release-linux-2/ServerSDK-Video/src/video_recorder/event_handler.cpp:1341: level 1: INFO    (15: 9: 4:906 |    0)    309; add ping address 139.59.134.76
AgoraCoreService[32762]: (32762) /var/lib/jenkins/workspace/agora-release-linux-2/ServerSDK-Video/src/video_recorder/event_handler.cpp:1341: level 1: INFO    (15: 9: 4:906 |    0)    309; PING 139.59.134.76:0 16(44) bytes of data
AgoraCoreService[32762]: (32762) /var/lib/jenkins/workspace/agora-release-linux-2/ServerSDK-Video/src/video_recorder/event_handler.cpp:1341: level 1: INFO    (15: 9: 4:921 |   15)    309; [ch0] **VOS response to login request (res 0 elapsed 244, server ts 1522422544441, s-c:-480) from 128.1.78.91:4005, and current dest server 128.1.78.91:4005
AgoraCoreService[32762]: (32762) /var/lib/jenkins/workspace/agora-release-linux-2/ServerSDK-Video/src/video_recorder/event_handler.cpp:1341: level 1: INFO    (15: 9: 4:921 |    0)    309; updateActiveVosList: ["128.1.78.91:4005"]
AgoraCoreService[32762]: (32762) /var/lib/jenkins/workspace/agora-release-linux-2/ServerSDK-Video/src/video_recorder/event_handler.cpp:1341: level 1: INFO    (15: 9: 4:921 |    0)    309; [che] start call begins
AgoraCoreService[32762]: (32762) /var/lib/jenkins/workspace/agora-release-linux-2/ServerSDK-Video/src/video_recorder/event_handler.cpp:1341: level 1: INFO    (15: 9: 4:921 |    0)    309; Set Application Mode in RTC Engine to No. 0
AgoraCoreService[32762]: (32762) /var/lib/jenkins/workspace/agora-release-linux-2/ServerSDK-Video/src/video_recorder/event_handler.cpp:1341: level 4: ERROR   (15: 9: 4:922 |    1)    309; GetCodec() invalid index (error=8004)
AgoraCoreService[32762]: (32762) /var/lib/jenkins/workspace/agora-release-linux-2/ServerSDK-Video/src/video_recorder/event_handler.cpp:1341: level 1: INFO    (15: 9: 4:922 |    0)    309; SetCodec by type : No. 85
AgoraCoreService[32762]: (32762) /var/lib/jenkins/workspace/agora-release-linux-2/ServerSDK-Video/src/video_recorder/event_handler.cpp:1341: level 1: INFO    (15: 9: 4:924 |    2)    309; StartPlayout complete
AgoraCoreService[32762]: (32762) /var/lib/jenkins/workspace/agora-release-linux-2/ServerSDK-Video/src/video_recorder/event_handler.cpp:1341: level 1: INFO    (15: 9: 4:925 |    1)    309; output: kDummyAudio
AgoraCoreService[32762]: (32762) /var/lib/jenkins/workspace/agora-release-linux-2/ServerSDK-Video/src/video_recorder/event_handler.cpp:1341: level 1: INFO    (15: 9: 4:934 |    9)    309; StartRecording complete
AgoraCoreService[32762]: (32762) /var/lib/jenkins/workspace/agora-release-linux-2/ServerSDK-Video/src/video_recorder/event_handler.cpp:1341: level 4: ERROR   (15: 9: 4:934 |    0)    309; SetAgcConfig() failed to set the range in |gain| the digital compression stage may apply (error=8097)
AgoraCoreService[32762]: (32762) /var/lib/jenkins/workspace/agora-release-linux-2/ServerSDK-Video/src/video_recorder/event_handler.cpp:1341: level 1: INFO    (15: 9: 4:934 |    0)    309; SetHowlingControl enable = 0
AgoraCoreService[32762]: (32762) /var/lib/jenkins/workspace/agora-release-linux-2/ServerSDK-Video/src/video_recorder/event_handler.cpp:1341: level 1: INFO    (15: 9: 4:934 |    0)    309; Application Config module:  Route 0, NS on, AEC N, AGC on, BSS off, HC on
AgoraCoreService[32762]: (32762) /var/lib/jenkins/workspace/agora-release-linux-2/ServerSDK-Video/src/video_recorder/event_handler.cpp:1341: level 1: INFO    (15: 9: 4:934 |    0)    309; MID = 0, Routing = 0
AgoraCoreService[32762]: (32762) /var/lib/jenkins/workspace/agora-release-linux-2/ServerSDK-Video/src/video_recorder/event_handler.cpp:1341: level 1: INFO    (15: 9: 4:934 |    0)    309; [che] applyVideoProfile: 640x360 15 fps 500 kbps
AgoraCoreService[32762]: (32762) /var/lib/jenkins/workspace/agora-release-linux-2/ServerSDK-Video/src/video_recorder/event_handler.cpp:1341: level 1: INFO    (15: 9: 4:935 |    1)    309; validateVideoParameters: validate video parameters resolution 640x360, fps 15, rate 500000
AgoraCoreService[32762]: (32762) /var/lib/jenkins/workspace/agora-release-linux-2/ServerSDK-Video/src/video_recorder/event_handler.cpp:1341: level 1: INFO    (15: 9: 4:935 |    0)    309; setMaxVideoBitrate: max bitrate=500000
AgoraCoreService[32762]: (32762) /var/lib/jenkins/workspace/agora-release-linux-2/ServerSDK-Video/src/video_recorder/event_handler.cpp:1341: level 1: INFO    (15: 9: 4:935 |    0)    309; setCodecRates: set frame rate to 15
AgoraCoreService[32762]: (32762) /var/lib/jenkins/workspace/agora-release-linux-2/ServerSDK-Video/src/video_recorder/event_handler.cpp:1341: level 1: INFO    (15: 9: 4:935 |    0)    309; setCodec: index=1 width=640 height=360 framerate=15
AgoraCoreService[32762]: (32762) /var/lib/jenkins/workspace/agora-release-linux-2/ServerSDK-Video/src/video_recorder/event_handler.cpp:1341: level 1: INFO    (15: 9: 4:935 |    0)    309; setCodecResolution: set to 640 x 360
AgoraCoreService[32762]: (32762) /var/lib/jenkins/workspace/agora-release-linux-2/ServerSDK-Video/src/video_recorder/event_handler.cpp:1341: level 1: INFO    (15: 9: 4:935 |    0)    309; CreateVideoCapturer: interface=0x7f0bfc172c90
AgoraCoreService[32762]: (32762) /var/lib/jenkins/workspace/agora-release-linux-2/ServerSDK-Video/src/video_recorder/event_handler.cpp:1341: level 1: INFO    (15: 9: 4:935 |    0)    309; VideoSendTrackImpl::UpdateCapturer capturer=0x7f0bfc21fa20
AgoraCoreService[32762]: (32762) /var/lib/jenkins/workspace/agora-release-linux-2/ServerSDK-Video/src/video_recorder/event_handler.cpp:1341: level 1: INFO    (15: 9: 4:935 |    0)    309; Create participant 0
AgoraCoreService[32762]: (32762) /var/lib/jenkins/workspace/agora-release-linux-2/ServerSDK-Video/src/video_recorder/event_handler.cpp:1341: level 1: INFO    (15: 9: 4:935 |    0)    309; startCapture: device? 1024 init? 1 local enabled? 1 capturing? 0 rendering? 0
AgoraCoreService[32762]: (32762) /var/lib/jenkins/workspace/agora-release-linux-2/ServerSDK-Video/src/video_recorder/event_handler.cpp:1341: level 1: INFO    (15: 9: 4:935 |    0)    309; startCapture: Receive Only Mode, capture still on. Encode will be turned off
AgoraCoreService[32762]: (32762) /var/lib/jenkins/workspace/agora-release-linux-2/ServerSDK-Video/src/video_recorder/event_handler.cpp:1341: level 1: INFO    (15: 9: 4:935 |    0)    309; AgoraVideoInput::Init thread=1, type=100, device=External Device
AgoraCoreService[32762]: (32762) /var/lib/jenkins/workspace/agora-release-linux-2/ServerSDK-Video/src/video_recorder/event_handler.cpp:1341: level 1: INFO    (15: 9: 4:935 |    0)    316; Thread with name:AgoraInputThread started 
AgoraCoreService[32762]: (32762) /var/lib/jenkins/workspace/agora-release-linux-2/ServerSDK-Video/src/video_recorder/event_handler.cpp:1341: level 1: INFO    (15: 9: 4:936 |    1)    317; Thread with name:ExternalCaptureThread started 
AgoraCoreService[32762]: (32762) /var/lib/jenkins/workspace/agora-release-linux-2/ServerSDK-Video/src/video_recorder/event_handler.cpp:1341: level 1: INFO    (15: 9: 4:936 |    0)    309; setCodec: index=1 width=640 height=360 framerate=15
AgoraCoreService[32762]: (32762) /var/lib/jenkins/workspace/agora-release-linux-2/ServerSDK-Video/src/video_recorder/event_handler.cpp:1341: level 1: INFO    (15: 9: 4:936 |    0)    309; setMaxVideoBitrate: max bitrate=500000
AgoraCoreService[32762]: (32762) /var/lib/jenkins/workspace/agora-release-linux-2/ServerSDK-Video/src/video_recorder/event_handler.cpp:1341: level 1: INFO    (15: 9: 4:936 |    0)    309; AgoraVideoInput::Start width=640, height=360, fps=15
AgoraCoreService[32762]: (32762) /var/lib/jenkins/workspace/agora-release-linux-2/ServerSDK-Video/src/video_recorder/event_handler.cpp:1341: level 1: INFO    (15: 9: 4:936 |    0)    318; Thread with name:WebRtc_event_timer_thread started 
AgoraCoreService[32762]: (32762) /var/lib/jenkins/workspace/agora-release-linux-2/ServerSDK-Video/src/video_recorder/event_handler.cpp:1341: level 1: INFO    (15: 9: 4:936 |    0)    309; startCapture: startCapture success
AgoraCoreService[32762]: (32762) /var/lib/jenkins/workspace/agora-release-linux-2/ServerSDK-Video/src/video_recorder/event_handler.cpp:1341: level 1: INFO    (15: 9: 4:936 |    0)    309; RequestEncodeKeyFrame
AgoraCoreService[32762]: (32762) /var/lib/jenkins/workspace/agora-release-linux-2/ServerSDK-Video/src/video_recorder/event_handler.cpp:1341: level 1: INFO    (15: 9: 4:936 |    0)    309; doStartLocalRender: init? 1 capture id -1 device 1024 capturing? 1 rendering? 0
AgoraCoreService[32762]: (32762) /var/lib/jenkins/workspace/agora-release-linux-2/ServerSDK-Video/src/video_recorder/event_handler.cpp:1341: level 1: INFO    (15: 9: 4:936 |    0)    309; doStartLocalRender: Receive Only Mode, local renderer still on.
AgoraCoreService[32762]: (32762) /var/lib/jenkins/workspace/agora-release-linux-2/ServerSDK-Video/src/video_recorder/event_handler.cpp:1341: level 1: INFO    (15: 9: 4:936 |    0)    309; doStartLocalRender: init? 1 capture id -1 device 1024 capturing? 1 rendering? 0
AgoraCoreService[32762]: (32762) /var/lib/jenkins/workspace/agora-release-linux-2/ServerSDK-Video/src/video_recorder/event_handler.cpp:1341: level 1: INFO    (15: 9: 4:936 |    0)    309; doStartLocalRender: Receive Only Mode, local renderer still on.
AgoraCoreService[32762]: (32762) /var/lib/jenkins/workspace/agora-release-linux-2/ServerSDK-Video/src/video_recorder/event_handler.cpp:1341: level 1: INFO    (15: 9: 4:936 |    0)    309; [che] start call returns 0, elapsed 15
AgoraCoreService[32762]: (32762) /var/lib/jenkins/workspace/agora-release-linux-2/ServerSDK-Video/src/video_recorder/event_handler.cpp:1341: level 1: INFO    (15: 9: 4:936 |    0)    309; Setting dtx mode to 2
AgoraCoreService[32762]: (32762) /var/lib/jenkins/workspace/agora-release-linux-2/ServerSDK-Video/src/video_recorder/event_handler.cpp:1341: level 1: INFO    (15: 9: 4:936 |    0)    309; setNetEQMinimumPlayoutDelay delay(100)
AgoraCoreService[32762]: (32762) /var/lib/jenkins/workspace/agora-release-linux-2/ServerSDK-Video/src/video_recorder/event_handler.cpp:1341: level 1: INFO    (15: 9: 4:937 |    1)    309; join channel success: cname 'police_11_1' uid 2676844988 elapsed 260
AgoraCoreService[32762]: (32762) /var/lib/jenkins/workspace/agora-release-linux-2/ServerSDK-Video/src/video_recorder/event_handler.cpp:1054: Channel counters: mix mode:0 , min port:-1 , max port:-1 ,decode audio:0 , decode_video:0 , is live:0 , idle:300 , is audio only:0 ,syslog facility:8 , mix mode height:360 , mix mode width:640 , mix mode fps:15 , mix mode kbps:500 , mix av:0, streamType:0, triggerMode:0, lang:0
AgoraCoreService[32762]: (32762) /var/lib/jenkins/workspace/agora-release-linux-2/ServerSDK-Video/src/video_recorder/event_handler.cpp:1341: level 1: INFO    (15: 9: 4:937 |    0)    309; CacheManager: save cache to storage elapsed 0
AgoraCoreService[32762]: (32762) /var/lib/jenkins/workspace/agora-release-linux-2/ServerSDK-Video/src/video_recorder/event_handler.cpp:1341: level 1: INFO    (15: 9: 4:937 |    0)    310; Channel counters: mix mode:0 , min port:-1 , max port:-1 ,decode audio:0 , decode_video:0 , is live:0 , idle:300 , is audio only:0 ,syslog facility:8 , mix mode height:360 , mix mode width:640 , mix mode fps:15 , mi
AgoraCoreService[32762]: (32762) /var/lib/jenkins/workspace/agora-release-linux-2/ServerSDK-Video/src/video_recorder/event_handler.cpp:1128: User 2676844988 join channel police_11_1 success, elapsed: 260 ms
AgoraCoreService[32762]: (32762) /var/lib/jenkins/workspace/agora-release-linux-2/ServerSDK-Video/src/video_recorder/event_handler.cpp:1341: level 1: INFO    (15: 9: 4:937 |    0)    310; User 2676844988 join channel police_11_1 success, elapsed: 260 ms
AgoraCoreService[32762]: (32762) /var/lib/jenkins/workspace/agora-release-linux-2/ServerSDK-Video/src/video_recorder/event_handler.cpp:1341: level 1: INFO    (15: 9: 4:947 |   10)    309; [ch0] rtt: 9
AgoraCoreService[32762]: (32762) /var/lib/jenkins/workspace/agora-release-linux-2/ServerSDK-Video/src/video_recorder/event_handler.cpp:1341: level 1: INFO    (15: 9: 5:  2 |    0)    316; [che] onVideoSizeChanged: uid 0 640x360 rotate 0
AgoraCoreService[32762]: (32762) /var/lib/jenkins/workspace/agora-release-linux-2/ServerSDK-Video/src/video_recorder/event_handler.cpp:1341: level 1: INFO    (15: 9: 6:922 |  920)    309; notifyPeerCount: cnt 0
AgoraCoreService[32762]: (32762) /var/lib/jenkins/workspace/agora-release-linux-2/ServerSDK-Video/src/video_recorder/event_handler.cpp:1341: level 1: INFO    (15: 9: 9:678 |    0)    309; [rlbs] selected: 199.190.44.35:9700
AgoraCoreService[32762]: (32762) /var/lib/jenkins/workspace/agora-release-linux-2/ServerSDK-Video/src/video_recorder/event_handler.cpp:1341: level 1: INFO    (15: 9: 9:678 |    0)    309; [rlbs] request rs list from 199.190.44.35:9700.......
AgoraCoreService[32762]: (32762) /var/lib/jenkins/workspace/agora-release-linux-2/ServerSDK-Video/src/video_recorder/event_handler.cpp:1341: level 1: INFO    (15: 9: 9:678 |    0)    309; [rs] **report stats: seq: 10, report list size 10, tx/rx: 2035/240, cache size: 0, report success rate: -1
AgoraCoreService[32762]: (32762) /var/lib/jenkins/workspace/agora-release-linux-2/ServerSDK-Video/src/video_recorder/event_handler.cpp:1341: level 1: INFO    (15: 9: 9:884 |  206)    309; [rlbs/u] responsed from 199.190.44.35:9700 with servers 128.1.78.91:8000
AgoraCoreService[32762]: (32762) /var/lib/jenkins/workspace/agora-release-linux-2/ServerSDK-Video/src/video_recorder/event_handler.cpp:1341: level 1: INFO    (15: 9:10:924 |   40)    311; Audio statistics - play count: playout count = 200  signal level: far_in = 0
recorder_local[32761]: (32761) /var/lib/jenkins/workspace/agora-release-linux-2/ServerSDK-Video/src/rec_engine/RecordingEngineImpl.cpp:502: [Wrapper] channel id: police_11_1 packet stats, total: 0, callback_->AudioFrameReceived: pcmPackets: 0, pcmTotalPackets: 0, aacPackets: 0, yuvF2Packets: 0, h264F2Packets: 0, errPackets: 0, otherPackets: 0
AgoraCoreService[32762]: (32762) /var/lib/jenkins/workspace/agora-release-linux-2/ServerSDK-Video/src/video_recorder/event_handler.cpp:907: [ARS/15s]event cnts:0, audio pkts:0, mix audio pkts:0, yuv video pkts:0, h264 video pkts:0
AgoraCoreService[32762]: (32762) /var/lib/jenkins/workspace/agora-release-linux-2/ServerSDK-Video/src/video_recorder/event_handler.cpp:1341: level 1: INFO    (15: 9:19:691 |    0)  32762; [ARS/15s]event cnts:0, audio pkts:0, mix audio pkts:0, yuv video pkts:0, h264 video pkts:0
recorder_local[32761]: (32761) /var/lib/jenkins/workspace/agora-release-linux-2/ServerSDK-Video/src/rec_engine/RecordingEngineImpl.cpp:502: [Wrapper] channel id: police_11_1 packet stats, total: 0, callback_->AudioFrameReceived: pcmPackets: 0, pcmTotalPackets: 0, aacPackets: 0, yuvF2Packets: 0, h264F2Packets: 0, errPackets: 0, otherPackets: 0
AgoraCoreService[32762]: (32762) /var/lib/jenkins/workspace/agora-release-linux-2/ServerSDK-Video/src/video_recorder/event_handler.cpp:1341: level 1: INFO    (15: 9:24:924 |  233)    311; Audio statistics - play count: playout count = 600  signal level: far_in = 0
recorder_local[32761]: (32761) /var/lib/jenkins/workspace/agora-release-linux-2/ServerSDK-Video/src/rec_engine/RecordingEngineImpl.cpp:502: [Wrapper] channel id: police_11_1 packet stats, total: 0, callback_->AudioFrameReceived: pcmPackets: 0, pcmTotalPackets: 0, aacPackets: 0, yuvF2Packets: 0, h264F2Packets: 0, errPackets: 0, otherPackets: 0
AgoraCoreService[32762]: (32762) /var/lib/jenkins/workspace/agora-release-linux-2/ServerSDK-Video/src/video_recorder/event_handler.cpp:907: [ARS/15s]event cnts:0, audio pkts:0, mix audio pkts:0, yuv video pkts:0, h264 video pkts:0
AgoraCoreService[32762]: (32762) /var/lib/jenkins/workspace/agora-release-linux-2/ServerSDK-Video/src/video_recorder/event_handler.cpp:1341: level 1: INFO    (15: 9:34:704 |    0)  32762; [ARS/15s]event cnts:0, audio pkts:0, mix audio pkts:0, yuv video pkts:0, h264 video pkts:0
AgoraCoreService[32762]: (32762) /var/lib/jenkins/workspace/agora-release-linux-2/ServerSDK-Video/src/video_recorder/event_handler.cpp:1341: level 1: INFO    (15: 9:36:679 |    0)    309; **CALL STATS: duraton 29s cpu app/total 2.8/5.15 battery 255 tx/rx: 1/0 kbps 9.818K/4.683K bytes
AgoraCoreService[32762]: (32762) /var/lib/jenkins/workspace/agora-release-linux-2/ServerSDK-Video/src/video_recorder/event_handler.cpp:1341: level 1: INFO    (15: 9:42:924 |  245)    311; Audio statistics - play count: playout count = 600  signal level: far_in = 0
AgoraCoreService[32762]: (32762) /var/lib/jenkins/workspace/agora-release-linux-2/ServerSDK-Video/src/video_recorder/event_handler.cpp:1341: level 1: INFO    (15: 9:44:678 |    0)    309; [rs] **report stats: seq: 24, report list size 24, tx/rx: 6204/1104, cache size: 0, report success rate: 100
recorder_local[32761]: (32761) /var/lib/jenkins/workspace/agora-release-linux-2/ServerSDK-Video/src/rec_engine/RecordingEngineImpl.cpp:502: [Wrapper] channel id: police_11_1 packet stats, total: 0, callback_->AudioFrameReceived: pcmPackets: 0, pcmTotalPackets: 0, aacPackets: 0, yuvF2Packets: 0, h264F2Packets: 0, errPackets: 0, otherPackets: 0
AgoraCoreService[32762]: (32762) /var/lib/jenkins/workspace/agora-release-linux-2/ServerSDK-Video/src/video_recorder/event_handler.cpp:907: [ARS/15s]event cnts:0, audio pkts:0, mix audio pkts:0, yuv video pkts:0, h264 video pkts:0
AgoraCoreService[32762]: (32762) /var/lib/jenkins/workspace/agora-release-linux-2/ServerSDK-Video/src/video_recorder/event_handler.cpp:1341: level 1: INFO    (15: 9:49:719 |   41)  32762; [ARS/15s]event cnts:0, audio pkts:0, mix audio pkts:0, yuv video pkts:0, h264 video pkts:0
recorder_local[32761]: (32761) /var/lib/jenkins/workspace/agora-release-linux-2/ServerSDK-Video/src/rec_engine/RecordingEngineImpl.cpp:502: [Wrapper] channel id: police_11_1 packet stats, total: 0, callback_->AudioFrameReceived: pcmPackets: 0, pcmTotalPackets: 0, aacPackets: 0, yuvF2Packets: 0, h264F2Packets: 0, errPackets: 0, otherPackets: 0
AgoraCoreService[32762]: (32762) /var/lib/jenkins/workspace/agora-release-linux-2/ServerSDK-Video/src/video_recorder/event_handler.cpp:1341: level 1: INFO    (15:10: 0:924 |  205)    311; Audio statistics - play count: playout count = 600  signal level: far_in = 0
recorder_local[32761]: (32761) /var/lib/jenkins/workspace/agora-release-linux-2/ServerSDK-Video/src/rec_engine/RecordingEngineImpl.cpp:502: [Wrapper] channel id: police_11_1 packet stats, total: 0, callback_->AudioFrameReceived: pcmPackets: 0, pcmTotalPackets: 0, aacPackets: 0, yuvF2Packets: 0, h264F2Packets: 0, errPackets: 0, otherPackets: 0
AgoraCoreService[32762]: (32762) /var/lib/jenkins/workspace/agora-release-linux-2/ServerSDK-Video/src/video_recorder/event_handler.cpp:907: [ARS/15s]event cnts:0, audio pkts:0, mix audio pkts:0, yuv video pkts:0, h264 video pkts:0
AgoraCoreService[32762]: (32762) /var/lib/jenkins/workspace/agora-release-linux-2/ServerSDK-Video/src/video_recorder/event_handler.cpp:1341: level 1: INFO    (15:10: 4:733 |    0)  32762; [ARS/15s]event cnts:0, audio pkts:0, mix audio pkts:0, yuv video pkts:0, h264 video pkts:0
AgoraCoreService[32762]: (32762) /var/lib/jenkins/workspace/agora-release-linux-2/ServerSDK-Video/src/video_recorder/event_handler.cpp:1341: level 1: INFO    (15:10: 8:678 |    0)    309; **CALL STATS: duraton 1m1s cpu app/total 1.55/5.64 battery 255 tx/rx: 1/1 kbps 16.355K/8.469K bytes
recorder_local[32761]: (32761) /var/lib/jenkins/workspace/agora-release-linux-2/ServerSDK-Video/src/rec_engine/RecordingEngineImpl.cpp:502: [Wrapper] channel id: police_11_1 packet stats, total: 0, callback_->AudioFrameReceived: pcmPackets: 0, pcmTotalPackets: 0, aacPackets: 0, yuvF2Packets: 0, h264F2Packets: 0, errPackets: 0, otherPackets: 0
AgoraCoreService[32762]: (32762) /var/lib/jenkins/workspace/agora-release-linux-2/ServerSDK-Video/src/video_recorder/event_handler.cpp:1341: level 1: INFO    (15:10:18:924 |  246)    311; Audio statistics - play count: playout count = 600  signal level: far_in = 0
AgoraCoreService[32762]: (32762) /var/lib/jenkins/workspace/agora-release-linux-2/ServerSDK-Video/src/video_recorder/event_handler.cpp:1341: level 1: INFO    (15:10:19:678 |    0)    309; [rs] **report stats: seq: 34, report list size 34, tx/rx: 8516/1632, cache size: 0, report success rate: 100
AgoraCoreService[32762]: (32762) /var/lib/jenkins/workspace/agora-release-linux-2/ServerSDK-Video/src/video_recorder/event_handler.cpp:907: [ARS/15s]event cnts:0, audio pkts:0, mix audio pkts:0, yuv video pkts:0, h264 video pkts:0
AgoraCoreService[32762]: (32762) /var/lib/jenkins/workspace/agora-release-linux-2/ServerSDK-Video/src/video_recorder/event_handler.cpp:1341: level 1: INFO    (15:10:19:745 |   67)  32762; [ARS/15s]event cnts:0, audio pkts:0, mix audio pkts:0, yuv video pkts:0, h264 video pkts:0
recorder_local[32761]: (32761) /var/lib/jenkins/workspace/agora-release-linux-2/ServerSDK-Video/src/rec_engine/RecordingEngineImpl.cpp:502: [Wrapper] channel id: police_11_1 packet stats, total: 0, callback_->AudioFrameReceived: pcmPackets: 0, pcmTotalPackets: 0, aacPackets: 0, yuvF2Packets: 0, h264F2Packets: 0, errPackets: 0, otherPackets: 0
recorder_local[32761]: (32761) /var/lib/jenkins/workspace/agora-release-linux-2/ServerSDK-Video/src/rec_engine/RecordingEngineImpl.cpp:502: [Wrapper] channel id: police_11_1 packet stats, total: 0, callback_->AudioFrameReceived: pcmPackets: 0, pcmTotalPackets: 0, aacPackets: 0, yuvF2Packets: 0, h264F2Packets: 0, errPackets: 0, otherPackets: 0
AgoraCoreService[32762]: (32762) /var/lib/jenkins/workspace/agora-release-linux-2/ServerSDK-Video/src/video_recorder/event_handler.cpp:907: [ARS/15s]event cnts:0, audio pkts:0, mix audio pkts:0, yuv video pkts:0, h264 video pkts:0
AgoraCoreService[32762]: (32762) /var/lib/jenkins/workspace/agora-release-linux-2/ServerSDK-Video/src/video_recorder/event_handler.cpp:1341: level 1: INFO    (15:10:34:756 |   11)  32762; [ARS/15s]event cnts:0, audio pkts:0, mix audio pkts:0, yuv video pkts:0, h264 video pkts:0
AgoraCoreService[32762]: (32762) /var/lib/jenkins/workspace/agora-release-linux-2/ServerSDK-Video/src/video_recorder/event_handler.cpp:1341: level 1: INFO    (15:10:36:924 |  168)    311; Audio statistics - play count: playout count = 600  signal level: far_in = 0
AgoraCoreService[32762]: (32762) /var/lib/jenkins/workspace/agora-release-linux-2/ServerSDK-Video/src/video_recorder/event_handler.cpp:1341: level 1: INFO    (15:10:38:678 |    0)    309; **CALL STATS: duraton 1m31s cpu app/total 2.6/3.9 battery 255 tx/rx: 2/1 kbps 22.441K/11.931K bytes
recorder_local[32761]: (32761) /var/lib/jenkins/workspace/agora-release-linux-2/ServerSDK-Video/src/rec_engine/RecordingEngineImpl.cpp:502: [Wrapper] channel id: police_11_1 packet stats, total: 0, callback_->AudioFrameReceived: pcmPackets: 0, pcmTotalPackets: 0, aacPackets: 0, yuvF2Packets: 0, h264F2Packets: 0, errPackets: 0, otherPackets: 0
AgoraCoreService[32762]: (32762) /var/lib/jenkins/workspace/agora-release-linux-2/ServerSDK-Video/src/video_recorder/event_handler.cpp:1341: level 1: INFO    (15:10:49:678 |    0)    309; [rs] **report stats: seq: 43, report list size 22, tx/rx: 10575/2064, cache size: 0, report success rate: 100
AgoraCoreService[32762]: (32762) /var/lib/jenkins/workspace/agora-release-linux-2/ServerSDK-Video/src/video_recorder/event_handler.cpp:907: [ARS/15s]event cnts:0, audio pkts:0, mix audio pkts:0, yuv video pkts:0, h264 video pkts:0
AgoraCoreService[32762]: (32762) /var/lib/jenkins/workspace/agora-release-linux-2/ServerSDK-Video/src/video_recorder/event_handler.cpp:1341: level 1: INFO    (15:10:49:769 |   91)  32762; [ARS/15s]event cnts:0, audio pkts:0, mix audio pkts:0, yuv video pkts:0, h264 video pkts:0
recorder_local[32761]: (32761) /var/lib/jenkins/workspace/agora-release-linux-2/ServerSDK-Video/src/rec_engine/RecordingEngineImpl.cpp:502: [Wrapper] channel id: police_11_1 packet stats, total: 0, callback_->AudioFrameReceived: pcmPackets: 0, pcmTotalPackets: 0, aacPackets: 0, yuvF2Packets: 0, h264F2Packets: 0, errPackets: 0, otherPackets: 0
AgoraCoreService[32762]: (32762) /var/lib/jenkins/workspace/agora-release-linux-2/ServerSDK-Video/src/video_recorder/event_handler.cpp:1341: level 1: INFO    (15:10:54:924 |  155)    311; Audio statistics - play count: playout count = 600  signal level: far_in = 0
recorder_local[32761]: (32761) /var/lib/jenkins/workspace/agora-release-linux-2/ServerSDK-Video/src/rec_engine/RecordingEngineImpl.cpp:502: [Wrapper] channel id: police_11_1 packet stats, total: 0, callback_->AudioFrameReceived: pcmPackets: 0, pcmTotalPackets: 0, aacPackets: 0, yuvF2Packets: 0, h264F2Packets: 0, errPackets: 0, otherPackets: 0
AgoraCoreService[32762]: (32762) /var/lib/jenkins/workspace/agora-release-linux-2/ServerSDK-Video/src/video_recorder/event_handler.cpp:907: [ARS/15s]event cnts:0, audio pkts:0, mix audio pkts:0, yuv video pkts:0, h264 video pkts:0
AgoraCoreService[32762]: (32762) /var/lib/jenkins/workspace/agora-release-linux-2/ServerSDK-Video/src/video_recorder/event_handler.cpp:1341: level 1: INFO    (15:11: 4:783 |    0)  32762; [ARS/15s]event cnts:0, audio pkts:0, mix audio pkts:0, yuv video pkts:0, h264 video pkts:0
AgoraCoreService[32762]: (32762) /var/lib/jenkins/workspace/agora-release-linux-2/ServerSDK-Video/src/video_recorder/event_handler.cpp:1341: level 1: INFO    (15:11:10:678 |    0)    309; **CALL STATS: duraton 2m3s cpu app/total 2.7/17.1 battery 255 tx/rx: 2/1 kbps 28.838K/15.669K bytes
AgoraCoreService[32762]: (32762) /var/lib/jenkins/workspace/agora-release-linux-2/ServerSDK-Video/src/video_recorder/event_handler.cpp:1341: level 1: INFO    (15:11:12:924 |  246)    311; Audio statistics - play count: playout count = 600  signal level: far_in = 0
recorder_local[32761]: (32761) /var/lib/jenkins/workspace/agora-release-linux-2/ServerSDK-Video/src/rec_engine/RecordingEngineImpl.cpp:502: [Wrapper] channel id: police_11_1 packet stats, total: 0, callback_->AudioFrameReceived: pcmPackets: 0, pcmTotalPackets: 0, aacPackets: 0, yuvF2Packets: 0, h264F2Packets: 0, errPackets: 0, otherPackets: 0
AgoraCoreService[32762]: (32762) /var/lib/jenkins/workspace/agora-release-linux-2/ServerSDK-Video/src/video_recorder/event_handler.cpp:907: [ARS/15s]event cnts:0, audio pkts:0, mix audio pkts:0, yuv video pkts:0, h264 video pkts:0
AgoraCoreService[32762]: (32762) /var/lib/jenkins/workspace/agora-release-linux-2/ServerSDK-Video/src/video_recorder/event_handler.cpp:1341: level 1: INFO    (15:11:19:797 |    0)  32762; [ARS/15s]event cnts:0, audio pkts:0, mix audio pkts:0, yuv video pkts:0, h264 video pkts:0
AgoraCoreService[32762]: (32762) /var/lib/jenkins/workspace/agora-release-linux-2/ServerSDK-Video/src/video_recorder/event_handler.cpp:1341: level 1: INFO    (15:11:24:678 |    0)    309; [rs] **report stats: seq: 54, report list size 22, tx/rx: 13083/2544, cache size: 0, report success rate: 100
recorder_local[32761]: (32761) /var/lib/jenkins/workspace/agora-release-linux-2/ServerSDK-Video/src/rec_engine/RecordingEngineImpl.cpp:502: [Wrapper] channel id: police_11_1 packet stats, total: 0, callback_->AudioFrameReceived: pcmPackets: 0, pcmTotalPackets: 0, aacPackets: 0, yuvF2Packets: 0, h264F2Packets: 0, errPackets: 0, otherPackets: 0
AgoraCoreService[32762]: (32762) /var/lib/jenkins/workspace/agora-release-linux-2/ServerSDK-Video/src/video_recorder/event_handler.cpp:1341: level 1: INFO    (15:11:30:924 |  246)    311; Audio statistics - play count: playout count = 600  signal level: far_in = 0
AgoraCoreService[32762]: (32762) /var/lib/jenkins/workspace/agora-release-linux-2/ServerSDK-Video/src/video_recorder/event_handler.cpp:907: [ARS/15s]event cnts:0, audio pkts:0, mix audio pkts:0, yuv video pkts:0, h264 video pkts:0
recorder_local[32761]: (32761) /var/lib/jenkins/workspace/agora-release-linux-2/ServerSDK-Video/src/rec_engine/RecordingEngineImpl.cpp:502: [Wrapper] channel id: police_11_1 packet stats, total: 0, callback_->AudioFrameReceived: pcmPackets: 0, pcmTotalPackets: 0, aacPackets: 0, yuvF2Packets: 0, h264F2Packets: 0, errPackets: 0, otherPackets: 0
AgoraCoreService[32762]: (32762) /var/lib/jenkins/workspace/agora-release-linux-2/ServerSDK-Video/src/video_recorder/event_handler.cpp:1341: level 1: INFO    (15:11:34:812 |    0)  32762; [ARS/15s]event cnts:0, audio pkts:0, mix audio pkts:0, yuv video pkts:0, h264 video pkts:0
AgoraCoreService[32762]: (32762) /var/lib/jenkins/workspace/agora-release-linux-2/ServerSDK-Video/src/video_recorder/event_handler.cpp:1341: level 1: INFO    (15:11:40:679 |    0)    309; **CALL STATS: duraton 2m33s cpu app/total 2.7/2.56 battery 255 tx/rx: 1/1 kbps 34.621K/19.155K bytes
recorder_local[32761]: (32761) /var/lib/jenkins/workspace/agora-release-linux-2/ServerSDK-Video/src/rec_engine/RecordingEngineImpl.cpp:502: [Wrapper] channel id: police_11_1 packet stats, total: 0, callback_->AudioFrameReceived: pcmPackets: 0, pcmTotalPackets: 0, aacPackets: 0, yuvF2Packets: 0, h264F2Packets: 0, errPackets: 0, otherPackets: 0
AgoraCoreService[32762]: (32762) /var/lib/jenkins/workspace/agora-release-linux-2/ServerSDK-Video/src/video_recorder/event_handler.cpp:1341: level 1: INFO    (15:11:48:924 |  245)    311; Audio statistics - play count: playout count = 600  signal level: far_in = 0
AgoraCoreService[32762]: (32762) /var/lib/jenkins/workspace/agora-release-linux-2/ServerSDK-Video/src/video_recorder/event_handler.cpp:907: [ARS/15s]event cnts:0, audio pkts:0, mix audio pkts:0, yuv video pkts:0, h264 video pkts:0
AgoraCoreService[32762]: (32762) /var/lib/jenkins/workspace/agora-release-linux-2/ServerSDK-Video/src/video_recorder/event_handler.cpp:1341: level 1: INFO    (15:11:49:827 |    0)  32762; [ARS/15s]event cnts:0, audio pkts:0, mix audio pkts:0, yuv video pkts:0, h264 video pkts:0
recorder_local[32761]: (32761) /var/lib/jenkins/workspace/agora-release-linux-2/ServerSDK-Video/src/rec_engine/RecordingEngineImpl.cpp:502: [Wrapper] channel id: police_11_1 packet stats, total: 0, callback_->AudioFrameReceived: pcmPackets: 0, pcmTotalPackets: 0, aacPackets: 0, yuvF2Packets: 0, h264F2Packets: 0, errPackets: 0, otherPackets: 0
AgoraCoreService[32762]: (32762) /var/lib/jenkins/workspace/agora-release-linux-2/ServerSDK-Video/src/video_recorder/event_handler.cpp:1341: level 1: INFO    (15:11:59:678 |    0)    309; [rs] **report stats: seq: 64, report list size 23, tx/rx: 15385/3072, cache size: 0, report success rate: 100
AgoraCoreService[32762]: (32762) /var/lib/jenkins/workspace/agora-release-linux-2/ServerSDK-Video/src/video_recorder/event_handler.cpp:907: [ARS/15s]event cnts:0, audio pkts:0, mix audio pkts:0, yuv video pkts:0, h264 video pkts:0
recorder_local[32761]: (32761) /var/lib/jenkins/workspace/agora-release-linux-2/ServerSDK-Video/src/rec_engine/RecordingEngineImpl.cpp:502: [Wrapper] channel id: police_11_1 packet stats, total: 0, callback_->AudioFrameReceived: pcmPackets: 0, pcmTotalPackets: 0, aacPackets: 0, yuvF2Packets: 0, h264F2Packets: 0, errPackets: 0, otherPackets: 0
AgoraCoreService[32762]: (32762) /var/lib/jenkins/workspace/agora-release-linux-2/ServerSDK-Video/src/video_recorder/event_handler.cpp:1341: level 1: INFO    (15:12: 4:841 |  163)  32762; [ARS/15s]event cnts:0, audio pkts:0, mix audio pkts:0, yuv video pkts:0, h264 video pkts:0
AgoraCoreService[32762]: (32762) /var/lib/jenkins/workspace/agora-release-linux-2/ServerSDK-Video/src/video_recorder/event_handler.cpp:1341: level 1: INFO    (15:12: 6:924 |   83)    311; Audio statistics - play count: playout count = 600  signal level: far_in = 0
AgoraCoreService[32762]: (32762) /var/lib/jenkins/workspace/agora-release-linux-2/ServerSDK-Video/src/video_recorder/event_handler.cpp:1341: level 1: INFO    (15:12:12:678 |    0)    309; **CALL STATS: duraton 3m5s cpu app/total 1.57/3.6 battery 255 tx/rx: 1/0 kbps 41.74K/22.839K bytes
recorder_local[32761]: (32761) /var/lib/jenkins/workspace/agora-release-linux-2/ServerSDK-Video/src/rec_engine/RecordingEngineImpl.cpp:502: [Wrapper] channel id: police_11_1 packet stats, total: 0, callback_->AudioFrameReceived: pcmPackets: 0, pcmTotalPackets: 0, aacPackets: 0, yuvF2Packets: 0, h264F2Packets: 0, errPackets: 0, otherPackets: 0
AgoraCoreService[32762]: (32762) /var/lib/jenkins/workspace/agora-release-linux-2/ServerSDK-Video/src/video_recorder/event_handler.cpp:907: [ARS/15s]event cnts:0, audio pkts:0, mix audio pkts:0, yuv video pkts:0, h264 video pkts:0
AgoraCoreService[32762]: (32762) /var/lib/jenkins/workspace/agora-release-linux-2/ServerSDK-Video/src/video_recorder/event_handler.cpp:1341: level 1: INFO    (15:12:19:855 |  177)  32762; [ARS/15s]event cnts:0, audio pkts:0, mix audio pkts:0, yuv video pkts:0, h264 video pkts:0
recorder_local[32761]: (32761) /var/lib/jenkins/workspace/agora-release-linux-2/ServerSDK-Video/src/rec_engine/RecordingEngineImpl.cpp:502: [Wrapper] channel id: police_11_1 packet stats, total: 0, callback_->AudioFrameReceived: pcmPackets: 0, pcmTotalPackets: 0, aacPackets: 0, yuvF2Packets: 0, h264F2Packets: 0, errPackets: 0, otherPackets: 0
AgoraCoreService[32762]: (32762) /var/lib/jenkins/workspace/agora-release-linux-2/ServerSDK-Video/src/video_recorder/event_handler.cpp:1341: level 1: INFO    (15:12:24:924 |   69)    311; Audio statistics - play count: playout count = 600  signal level: far_in = 0
AgoraCoreService[32762]: (32762) /var/lib/jenkins/workspace/agora-release-linux-2/ServerSDK-Video/src/video_recorder/event_handler.cpp:1341: level 1: INFO    (15:12:34:678 |    0)    309; [rs] **report stats: seq: 74, report list size 22, tx/rx: 17687/3552, cache size: 0, report success rate: 100
AgoraCoreService[32762]: (32762) /var/lib/jenkins/workspace/agora-release-linux-2/ServerSDK-Video/src/video_recorder/event_handler.cpp:907: [ARS/15s]event cnts:0, audio pkts:0, mix audio pkts:0, yuv video pkts:0, h264 video pkts:0
recorder_local[32761]: (32761) /var/lib/jenkins/workspace/agora-release-linux-2/ServerSDK-Video/src/rec_engine/RecordingEngineImpl.cpp:502: [Wrapper] channel id: police_11_1 packet stats, total: 0, callback_->AudioFrameReceived: pcmPackets: 0, pcmTotalPackets: 0, aacPackets: 0, yuvF2Packets: 0, h264F2Packets: 0, errPackets: 0, otherPackets: 0
AgoraCoreService[32762]: (32762) /var/lib/jenkins/workspace/agora-release-linux-2/ServerSDK-Video/src/video_recorder/event_handler.cpp:1341: level 1: INFO    (15:12:34:869 |  191)  32762; [ARS/15s]event cnts:0, audio pkts:0, mix audio pkts:0, yuv video pkts:0, h264 video pkts:0
AgoraCoreService[32762]: (32762) /var/lib/jenkins/workspace/agora-release-linux-2/ServerSDK-Video/src/video_recorder/event_handler.cpp:1341: level 1: INFO    (15:12:42:924 |   55)    311; Audio statistics - play count: playout count = 600  signal level: far_in = 0
AgoraCoreService[32762]: (32762) /var/lib/jenkins/workspace/agora-release-linux-2/ServerSDK-Video/src/video_recorder/event_handler.cpp:1341: level 1: INFO    (15:12:44:677 |    0)    309; **CALL STATS: duraton 3m37s cpu app/total 2.6/6.73 battery 255 tx/rx: 1/1 kbps 47.414K/26.577K bytes
recorder_local[32761]: (32761) /var/lib/jenkins/workspace/agora-release-linux-2/ServerSDK-Video/src/rec_engine/RecordingEngineImpl.cpp:502: [Wrapper] channel id: police_11_1 packet stats, total: 0, callback_->AudioFrameReceived: pcmPackets: 0, pcmTotalPackets: 0, aacPackets: 0, yuvF2Packets: 0, h264F2Packets: 0, errPackets: 0, otherPackets: 0
AgoraCoreService[32762]: (32762) /var/lib/jenkins/workspace/agora-release-linux-2/ServerSDK-Video/src/video_recorder/event_handler.cpp:907: [ARS/15s]event cnts:0, audio pkts:0, mix audio pkts:0, yuv video pkts:0, h264 video pkts:0
AgoraCoreService[32762]: (32762) /var/lib/jenkins/workspace/agora-release-linux-2/ServerSDK-Video/src/video_recorder/event_handler.cpp:1341: level 1: INFO    (15:12:49:884 |  207)  32762; [ARS/15s]event cnts:0, audio pkts:0, mix audio pkts:0, yuv video pkts:0, h264 video pkts:0
recorder_local[32761]: (32761) /var/lib/jenkins/workspace/agora-release-linux-2/ServerSDK-Video/src/rec_engine/RecordingEngineImpl.cpp:502: [Wrapper] channel id: police_11_1 packet stats, total: 0, callback_->AudioFrameReceived: pcmPackets: 0, pcmTotalPackets: 0, aacPackets: 0, yuvF2Packets: 0, h264F2Packets: 0, errPackets: 0, otherPackets: 0
AgoraCoreService[32762]: (32762) /var/lib/jenkins/workspace/agora-release-linux-2/ServerSDK-Video/src/video_recorder/event_handler.cpp:1341: level 1: INFO    (15:13: 0:924 |   40)    311; Audio statistics - play count: playout count = 600  signal level: far_in = 0
AgoraCoreService[32762]: (32762) /var/lib/jenkins/workspace/agora-release-linux-2/ServerSDK-Video/src/video_recorder/event_handler.cpp:907: [ARS/15s]event cnts:0, audio pkts:0, mix audio pkts:0, yuv video pkts:0, h264 video pkts:0
recorder_local[32761]: (32761) /var/lib/jenkins/workspace/agora-release-linux-2/ServerSDK-Video/src/rec_engine/RecordingEngineImpl.cpp:502: [Wrapper] channel id: police_11_1 packet stats, total: 0, callback_->AudioFrameReceived: pcmPackets: 0, pcmTotalPackets: 0, aacPackets: 0, yuvF2Packets: 0, h264F2Packets: 0, errPackets: 0, otherPackets: 0
AgoraCoreService[32762]: (32762) /var/lib/jenkins/workspace/agora-release-linux-2/ServerSDK-Video/src/video_recorder/event_handler.cpp:1341: level 1: INFO    (15:13: 4:898 |    0)  32762; [ARS/15s]event cnts:0, audio pkts:0, mix audio pkts:0, yuv video pkts:0, h264 video pkts:0
AgoraCoreService[32762]: (32762) /var/lib/jenkins/workspace/agora-release-linux-2/ServerSDK-Video/src/video_recorder/event_handler.cpp:1341: level 1: INFO    (15:13: 9:678 |    0)    309; [rs] **report stats: seq: 85, report list size 23, tx/rx: 20205/4080, cache size: 0, report success rate: 100
recorder_local[32761]: (32761) /var/lib/jenkins/workspace/agora-release-linux-2/ServerSDK-Video/src/rec_engine/RecordingEngineImpl.cpp:502: [Wrapper] channel id: police_11_1 packet stats, total: 0, callback_->AudioFrameReceived: pcmPackets: 0, pcmTotalPackets: 0, aacPackets: 0, yuvF2Packets: 0, h264F2Packets: 0, errPackets: 0, otherPackets: 0
AgoraCoreService[32762]: (32762) /var/lib/jenkins/workspace/agora-release-linux-2/ServerSDK-Video/src/video_recorder/event_handler.cpp:1341: level 1: INFO    (15:13:16:678 |    0)    309; **CALL STATS: duraton 4m9s cpu app/total 2.9/4.10 battery 255 tx/rx: 1/1 kbps 54.8K/30.363K bytes
AgoraCoreService[32762]: (32762) /var/lib/jenkins/workspace/agora-release-linux-2/ServerSDK-Video/src/video_recorder/event_handler.cpp:1341: level 1: INFO    (15:13:18:924 |  246)    311; Audio statistics - play count: playout count = 600  signal level: far_in = 0
AgoraCoreService[32762]: (32762) /var/lib/jenkins/workspace/agora-release-linux-2/ServerSDK-Video/src/video_recorder/event_handler.cpp:907: [ARS/15s]event cnts:0, audio pkts:0, mix audio pkts:0, yuv video pkts:0, h264 video pkts:0
AgoraCoreService[32762]: (32762) /var/lib/jenkins/workspace/agora-release-linux-2/ServerSDK-Video/src/video_recorder/event_handler.cpp:1341: level 1: INFO    (15:13:19:914 |    0)  32762; [ARS/15s]event cnts:0, audio pkts:0, mix audio pkts:0, yuv video pkts:0, h264 video pkts:0
recorder_local[32761]: (32761) /var/lib/jenkins/workspace/agora-release-linux-2/ServerSDK-Video/src/rec_engine/RecordingEngineImpl.cpp:502: [Wrapper] channel id: police_11_1 packet stats, total: 0, callback_->AudioFrameReceived: pcmPackets: 0, pcmTotalPackets: 0, aacPackets: 0, yuvF2Packets: 0, h264F2Packets: 0, errPackets: 0, otherPackets: 0
AgoraCoreService[32762]: (32762) /var/lib/jenkins/workspace/agora-release-linux-2/ServerSDK-Video/src/video_recorder/event_handler.cpp:907: [ARS/15s]event cnts:0, audio pkts:0, mix audio pkts:0, yuv video pkts:0, h264 video pkts:0
recorder_local[32761]: (32761) /var/lib/jenkins/workspace/agora-release-linux-2/ServerSDK-Video/src/rec_engine/RecordingEngineImpl.cpp:502: [Wrapper] channel id: police_11_1 packet stats, total: 0, callback_->AudioFrameReceived: pcmPackets: 0, pcmTotalPackets: 0, aacPackets: 0, yuvF2Packets: 0, h264F2Packets: 0, errPackets: 0, otherPackets: 0
AgoraCoreService[32762]: (32762) /var/lib/jenkins/workspace/agora-release-linux-2/ServerSDK-Video/src/video_recorder/event_handler.cpp:1341: level 1: INFO    (15:13:34:928 |   14)  32762; [ARS/15s]event cnts:0, audio pkts:0, mix audio pkts:0, yuv video pkts:0, h264 video pkts:0
AgoraCoreService[32762]: (32762) /var/lib/jenkins/workspace/agora-release-linux-2/ServerSDK-Video/src/video_recorder/event_handler.cpp:1341: level 1: INFO    (15:13:36:924 |    0)    311; Audio statistics - play count: playout count = 600  signal level: far_in = 0
AgoraCoreService[32762]: (32762) /var/lib/jenkins/workspace/agora-release-linux-2/ServerSDK-Video/src/video_recorder/event_handler.cpp:1341: level 1: INFO    (15:13:44:678 |    0)    309; [rs] **report stats: seq: 95, report list size 22, tx/rx: 22495/4560, cache size: 0, report success rate: 100
recorder_local[32761]: (32761) /var/lib/jenkins/workspace/agora-release-linux-2/ServerSDK-Video/src/rec_engine/RecordingEngineImpl.cpp:502: [Wrapper] channel id: police_11_1 packet stats, total: 0, callback_->AudioFrameReceived: pcmPackets: 0, pcmTotalPackets: 0, aacPackets: 0, yuvF2Packets: 0, h264F2Packets: 0, errPackets: 0, otherPackets: 0
AgoraCoreService[32762]: (32762) /var/lib/jenkins/workspace/agora-release-linux-2/ServerSDK-Video/src/video_recorder/event_handler.cpp:1341: level 1: INFO    (15:13:46:678 |    0)    309; **CALL STATS: duraton 4m39s cpu app/total 2.8/2.56 battery 255 tx/rx: 1/1 kbps 60.99K/33.873K bytes
AgoraCoreService[32762]: (32762) /var/lib/jenkins/workspace/agora-release-linux-2/ServerSDK-Video/src/video_recorder/event_handler.cpp:907: [ARS/15s]event cnts:0, audio pkts:0, mix audio pkts:0, yuv video pkts:0, h264 video pkts:0
AgoraCoreService[32762]: (32762) /var/lib/jenkins/workspace/agora-release-linux-2/ServerSDK-Video/src/video_recorder/event_handler.cpp:1341: level 1: INFO    (15:13:49:943 |  265)  32762; [ARS/15s]event cnts:0, audio pkts:0, mix audio pkts:0, yuv video pkts:0, h264 video pkts:0
AgoraCoreService[32762]: (32762) /var/lib/jenkins/workspace/agora-release-linux-2/ServerSDK-Video/src/video_recorder/event_handler.cpp:1341: level 1: INFO    (15:13:54:924 |    0)    311; Audio statistics - play count: playout count = 600  signal level: far_in = 0
recorder_local[32761]: (32761) /var/lib/jenkins/workspace/agora-release-linux-2/ServerSDK-Video/src/rec_engine/RecordingEngineImpl.cpp:502: [Wrapper] channel id: police_11_1 packet stats, total: 0, callback_->AudioFrameReceived: pcmPackets: 0, pcmTotalPackets: 0, aacPackets: 0, yuvF2Packets: 0, h264F2Packets: 0, errPackets: 0, otherPackets: 0
AgoraCoreService[32762]: (32762) /var/lib/jenkins/workspace/agora-release-linux-2/ServerSDK-Video/src/video_recorder/event_handler.cpp:907: [ARS/15s]event cnts:0, audio pkts:0, mix audio pkts:0, yuv video pkts:0, h264 video pkts:0
recorder_local[32761]: (32761) /var/lib/jenkins/workspace/agora-release-linux-2/ServerSDK-Video/src/rec_engine/RecordingEngineImpl.cpp:502: [Wrapper] channel id: police_11_1 packet stats, total: 0, callback_->AudioFrameReceived: pcmPackets: 0, pcmTotalPackets: 0, aacPackets: 0, yuvF2Packets: 0, h264F2Packets: 0, errPackets: 0, otherPackets: 0
AgoraCoreService[32762]: (32762) /var/lib/jenkins/workspace/agora-release-linux-2/ServerSDK-Video/src/video_recorder/event_handler.cpp:1341: level 1: INFO    (15:14: 4:956 |   32)  32762; [ARS/15s]event cnts:0, audio pkts:0, mix audio pkts:0, yuv video pkts:0, h264 video pkts:0
AgoraCoreService[32762]: (32762) /var/lib/jenkins/workspace/agora-release-linux-2/ServerSDK-Video/src/video_recorder/event_handler.cpp:1334: No users in channel for 300 seconds, aborting, leave_code:4.
AgoraCoreService[32762]: (32762) /var/lib/jenkins/workspace/agora-release-linux-2/ServerSDK-Video/src/video_recorder/event_handler.cpp:1341: level 2: WARN    (15:14: 6:679 |    0)    310; No users in channel for 300 seconds, aborting, leave_code:4.
AgoraCoreService[32762]: (32762) /var/lib/jenkins/workspace/agora-release-linux-2/ServerSDK-Video/src/video_recorder/event_handler.cpp:888: ARS push leave pkt to queue inform wrapper
AgoraCoreService[32762]: (32762) /var/lib/jenkins/workspace/agora-release-linux-2/ServerSDK-Video/src/video_recorder/event_handler.cpp:1341: level 1: INFO    (15:14: 6:958 |  279)  32762; ARS push leave pkt to queue inform wrapper
AgoraCoreService[32762]: (32762) /var/lib/jenkins/workspace/agora-release-linux-2/ServerSDK-Video/src/video_recorder/event_handler.cpp:858: Before cleanup cnt 0, errno 2 4, joined_ 1, term_sig 1, leave path code 12
AgoraCoreService[32762]: (32762) /var/lib/jenkins/workspace/agora-release-linux-2/ServerSDK-Video/src/video_recorder/event_handler.cpp:1341: level 2: WARN    (15:14: 7:459 |    0)  32762; Before cleanup cnt 0, errno 2 4, joined_ 1, term_sig 1, leave path code 12
AgoraCoreService[32762]: (32762) /var/lib/jenkins/workspace/agora-release-linux-2/ServerSDK-Video/src/video_recorder/event_handler.cpp:582: Leaving channel and ready to cleanup
AgoraCoreService[32762]: (32762) /var/lib/jenkins/workspace/agora-release-linux-2/ServerSDK-Video/src/video_recorder/event_handler.cpp:1341: level 1: INFO    (15:14: 7:459 |    0)  32762; Leaving channel and ready to cleanup
AgoraCoreService[32762]: (32762) /var/lib/jenkins/workspace/agora-release-linux-2/ServerSDK-Video/src/video_recorder/event_handler.cpp:1341: level 1: INFO    (15:14: 7:459 |    0)  32762; API call to leave channel
AgoraCoreService[32762]: (32762) /var/lib/jenkins/workspace/agora-release-linux-2/ServerSDK-Video/src/video_recorder/event_handler.cpp:1341: level 1: INFO    (15:14: 7:459 |    0)    309; [cm] emit leave channel signal
AgoraCoreService[32762]: (32762) /var/lib/jenkins/workspace/agora-release-linux-2/ServerSDK-Video/src/video_recorder/event_handler.cpp:1334: No users in channel for 300 seconds, aborting, leave_code:12.
AgoraCoreService[32762]: (32762) /var/lib/jenkins/workspace/agora-release-linux-2/ServerSDK-Video/src/video_recorder/event_handler.cpp:1341: level 2: WARN    (15:14: 7:460 |    1)    310; No users in channel for 300 seconds, aborting, leave_code:12.
AgoraCoreService[32762]: (32762) /var/lib/jenkins/workspace/agora-release-linux-2/ServerSDK-Video/src/video_recorder/event_handler.cpp:1341: level 1: INFO    (15:14: 7:460 |    0)    309; **CALL STATS: duration 5m2s, tx 64.793K bytes, rx 36.531K bytes, total 101.300K bytes
AgoraCoreService[32762]: (32762) /var/lib/jenkins/workspace/agora-release-linux-2/ServerSDK-Video/src/video_recorder/event_handler.cpp:1341: level 1: INFO    (15:14: 7:460 |    0)    309; stopLocalRender
AgoraCoreService[32762]: (32762) /var/lib/jenkins/workspace/agora-release-linux-2/ServerSDK-Video/src/video_recorder/event_handler.cpp:1341: level 1: INFO    (15:14: 7:460 |    0)    309; stopLocalRender success
AgoraCoreService[32762]: (32762) /var/lib/jenkins/workspace/agora-release-linux-2/ServerSDK-Video/src/video_recorder/event_handler.cpp:1341: level 1: INFO    (15:14: 7:460 |    0)    309; AgoraVideoInput::Stop
AgoraCoreService[32762]: (32762) /var/lib/jenkins/workspace/agora-release-linux-2/ServerSDK-Video/src/video_recorder/event_handler.cpp:1341: level 1: INFO    (15:14: 7:460 |    0)    318; Thread with name:WebRtc_event_timer_thread stopped
AgoraCoreService[32762]: (32762) /var/lib/jenkins/workspace/agora-release-linux-2/ServerSDK-Video/src/video_recorder/event_handler.cpp:1341: level 1: INFO    (15:14: 7:460 |    0)    309; AgoraVideoInput::Destroy
AgoraCoreService[32762]: (32762) /var/lib/jenkins/workspace/agora-release-linux-2/ServerSDK-Video/src/video_recorder/event_handler.cpp:1341: level 1: INFO    (15:14: 7:460 |    0)    317; Thread with name:ExternalCaptureThread stopped
AgoraCoreService[32762]: (32762) /var/lib/jenkins/workspace/agora-release-linux-2/ServerSDK-Video/src/video_recorder/event_handler.cpp:1341: level 1: INFO    (15:14: 7:514 |   54)    316; Thread with name:AgoraInputThread stopped
AgoraCoreService[32762]: (32762) /var/lib/jenkins/workspace/agora-release-linux-2/ServerSDK-Video/src/video_recorder/event_handler.cpp:1341: level 1: INFO    (15:14: 7:521 |    7)    309; stopCapture: stopCapture success
AgoraCoreService[32762]: (32762) /var/lib/jenkins/workspace/agora-release-linux-2/ServerSDK-Video/src/video_recorder/event_handler.cpp:1341: level 1: INFO    (15:14: 7:521 |    0)    309; stopRemoteRender
AgoraCoreService[32762]: (32762) /var/lib/jenkins/workspace/agora-release-linux-2/ServerSDK-Video/src/video_recorder/event_handler.cpp:1341: level 1: INFO    (15:14: 7:521 |    0)    309; [che] stopCall begins
AgoraCoreService[32762]: (32762) /var/lib/jenkins/workspace/agora-release-linux-2/ServerSDK-Video/src/video_recorder/event_handler.cpp:1341: level 1: INFO    (15:14: 7:521 |    0)    309; StopRecording complete
AgoraCoreService[32762]: (32762) /var/lib/jenkins/workspace/agora-release-linux-2/ServerSDK-Video/src/video_recorder/event_handler.cpp:1341: level 1: INFO    (15:14: 7:521 |    0)    309; StopPlayout complete
AgoraCoreService[32762]: (32762) /var/lib/jenkins/workspace/agora-release-linux-2/ServerSDK-Video/src/video_recorder/event_handler.cpp:1341: level 1: INFO    (15:14: 7:522 |    1)    309; [che] stop call returns 0, elapsed 0
AgoraCoreService[32762]: (32762) /var/lib/jenkins/workspace/agora-release-linux-2/ServerSDK-Video/src/video_recorder/event_handler.cpp:1341: level 1: INFO    (15:14: 7:522 |    0)    309; [rs] **report stats: seq: 105, report list size 25, tx/rx: 24575/4896, cache size: 0, report success rate: 100
AgoraCoreService[32762]: (32762) /var/lib/jenkins/workspace/agora-release-linux-2/ServerSDK-Video/src/video_recorder/event_handler.cpp:1341: level 1: INFO    (15:14: 7:522 |    0)    309; CacheManager: save cache to storage elapsed 1
AgoraCoreService[32762]: (32762) /var/lib/jenkins/workspace/agora-release-linux-2/ServerSDK-Video/src/video_recorder/event_handler.cpp:1341: level 1: INFO    (15:14: 7:522 |    0)    309; [ch0] vos destroyed
AgoraCoreService[32762]: (32762) /var/lib/jenkins/workspace/agora-release-linux-2/ServerSDK-Video/src/video_recorder/event_handler.cpp:1341: level 1: INFO    (15:14: 7:522 |    0)    309; delRef of media engine, ref=0
AgoraCoreService[32762]: (32762) /var/lib/jenkins/workspace/agora-release-linux-2/ServerSDK-Video/src/video_recorder/event_handler.cpp:1341: level 1: INFO    (15:14: 7:522 |    0)    309; [che] chat engine destroying
AgoraCoreService[32762]: (32762) /var/lib/jenkins/workspace/agora-release-linux-2/ServerSDK-Video/src/video_recorder/event_handler.cpp:1341: level 1: INFO    (15:14: 7:523 |    1)    309; stopLocalRender
AgoraCoreService[32762]: (32762) /var/lib/jenkins/workspace/agora-release-linux-2/ServerSDK-Video/src/video_recorder/event_handler.cpp:1341: level 1: INFO    (15:14: 7:523 |    0)    309; stopLocalRender success
AgoraCoreService[32762]: (32762) /var/lib/jenkins/workspace/agora-release-linux-2/ServerSDK-Video/src/video_recorder/event_handler.cpp:1341: level 2: WARN    (15:14: 7:523 |    0)    309; stopCapture: VideoEngine haven't startCapture
AgoraCoreService[32762]: (32762) /var/lib/jenkins/workspace/agora-release-linux-2/ServerSDK-Video/src/video_recorder/event_handler.cpp:1341: level 1: INFO    (15:14: 7:523 |    0)    309; stopRemoteRender
AgoraCoreService[32762]: (32762) /var/lib/jenkins/workspace/agora-release-linux-2/ServerSDK-Video/src/video_recorder/event_handler.cpp:1341: level 1: INFO    (15:14: 7:523 |    0)    309; [che] stopCall begins
AgoraCoreService[32762]: (32762) /var/lib/jenkins/workspace/agora-release-linux-2/ServerSDK-Video/src/video_recorder/event_handler.cpp:1341: level 1: INFO    (15:14: 7:523 |    0)    309; [che] stop call returns -1, elapsed 0
AgoraCoreService[32762]: (32762) /var/lib/jenkins/workspace/agora-release-linux-2/ServerSDK-Video/src/video_recorder/event_handler.cpp:1341: level 1: INFO    (15:14: 7:523 |    0)    309; stopLocalRender
AgoraCoreService[32762]: (32762) /var/lib/jenkins/workspace/agora-release-linux-2/ServerSDK-Video/src/video_recorder/event_handler.cpp:1341: level 1: INFO    (15:14: 7:523 |    0)    309; stopLocalRender success
AgoraCoreService[32762]: (32762) /var/lib/jenkins/workspace/agora-release-linux-2/ServerSDK-Video/src/video_recorder/event_handler.cpp:1341: level 1: INFO    (15:14: 7:523 |    0)    309; stopRemoteRender
AgoraCoreService[32762]: (32762) /var/lib/jenkins/workspace/agora-release-linux-2/ServerSDK-Video/src/video_recorder/event_handler.cpp:1341: level 2: WARN    (15:14: 7:523 |    0)    309; stopCapture: VideoEngine haven't startCapture
AgoraCoreService[32762]: (32762) /var/lib/jenkins/workspace/agora-release-linux-2/ServerSDK-Video/src/video_recorder/event_handler.cpp:1341: level 1: INFO    (15:14: 7:523 |    0)    315; Thread with name:VideoProcessThread stopped
AgoraCoreService[32762]: (32762) /var/lib/jenkins/workspace/agora-release-linux-2/ServerSDK-Video/src/video_recorder/event_handler.cpp:1341: level 2: WARN    (15:14: 7:523 |    0)    309; terminate: VideoEngine haven't init
AgoraCoreService[32762]: (32762) /var/lib/jenkins/workspace/agora-release-linux-2/ServerSDK-Video/src/video_recorder/event_handler.cpp:1341: level 1: INFO    (15:14: 7:523 |    0)    309; [DEBUGG] ViERenderManager Destructor, engine_id: 0
AgoraCoreService[32762]: (32762) /var/lib/jenkins/workspace/agora-release-linux-2/ServerSDK-Video/src/video_recorder/event_handler.cpp:1341: level 1: INFO    (15:14: 7:526 |    3)    314; Thread with name:VideoEncodeThread stopped
AgoraCoreService[32762]: (32762) /var/lib/jenkins/workspace/agora-release-linux-2/ServerSDK-Video/src/video_recorder/event_handler.cpp:1341: level 1: INFO    (15:14: 7:534 |    8)    309; VideoSendTrackImpl::UpdateCapturer capturer=(nil)
AgoraCoreService[32762]: (32762) /var/lib/jenkins/workspace/agora-release-linux-2/ServerSDK-Video/src/video_recorder/event_handler.cpp:1341: level 1: INFO    (15:14: 7:534 |    0)    309; VideoSendTrackImpl::UpdateRenderer, renderer=(nil)
AgoraCoreService[32762]: (32762) /var/lib/jenkins/workspace/agora-release-linux-2/ServerSDK-Video/src/video_recorder/event_handler.cpp:1341: level 1: INFO    (15:14: 7:535 |    1)    313; Thread with name:EngineMonitorThread stopped
AgoraCoreService[32762]: (32762) /var/lib/jenkins/workspace/agora-release-linux-2/ServerSDK-Video/src/video_recorder/event_handler.cpp:1341: level 1: INFO    (15:14: 7:535 |    0)    311; Thread with name:external_audio_module_thread stopped
AgoraCoreService[32762]: (32762) /var/lib/jenkins/workspace/agora-release-linux-2/ServerSDK-Video/src/video_recorder/event_handler.cpp:1341: level 1: INFO    (15:14: 7:535 |    0)    312; Thread with name:WebRtc_event_timer_thread stopped
AgoraCoreService[32762]: (32762) /var/lib/jenkins/workspace/agora-release-linux-2/ServerSDK-Video/src/video_recorder/event_handler.cpp:1341: level 1: INFO    (15:14: 7:535 |    0)    309; [che] chat engine destroyed
AgoraCoreService[32762]: (32762) /var/lib/jenkins/workspace/agora-release-linux-2/ServerSDK-Video/src/video_recorder/event_handler.cpp:1341: level 1: INFO    (15:14: 7:535 |    0)    309; ***CALL END
AgoraCoreService[32762]: (32762) /var/lib/jenkins/workspace/agora-release-linux-2/ServerSDK-Video/src/video_recorder/event_handler.cpp:1341: level 1: INFO    (15:14: 7:535 |    0)    309; onAudioStatusChanged enable audio
AgoraCoreService[32762]: (32762) /var/lib/jenkins/workspace/agora-release-linux-2/ServerSDK-Video/src/video_recorder/event_handler.cpp:1341: level 1: INFO    (15:14: 7:536 |    1)    309; [MIO] media io controller destroyed
AgoraCoreService[32762]: (32762) /var/lib/jenkins/workspace/agora-release-linux-2/ServerSDK-Video/src/video_recorder/event_handler.cpp:1341: level 1: INFO    (15:14: 7:536 |    0)  32762; async task notify worker thread to exit and return
AgoraCoreService[32762]: (32762) /var/lib/jenkins/workspace/agora-release-linux-2/ServerSDK-Video/src/video_recorder/event_handler.cpp:561: event handler delete timer
recorder_local[32761]: (32761) /var/lib/jenkins/workspace/agora-release-linux-2/ServerSDK-Video/src/base/event_loop.cpp:228: Error fd:4, 16
recorder_local[32761]: (32761) /var/lib/jenkins/workspace/agora-release-linux-2/ServerSDK-Video/src/base/pipe_router.cpp:81: Broken reading pipe! event:16 with error3
recorder_local[32761]: (32761) /var/lib/jenkins/workspace/agora-release-linux-2/ServerSDK-Video/src/rec_engine/RecordingEngineImpl.cpp:542: API call to leave channel
recorder_local[32761]: (32761) /var/lib/jenkins/workspace/agora-release-linux-2/ServerSDK-Video/src/rec_engine/RecordingEngineImpl.cpp:64: Recorder 14c5790 is ready to be release
recorder_local[32761]: (32761) /var/lib/jenkins/workspace/agora-release-linux-2/ServerSDK-Video/src/rec_engine/RecordingEngineImpl.cpp:87: Recording wrapper delete timer
