Local Date: Fri Mar 30 15:09:04 2018
Build info: Feb  1 2018 02:13:47 ?

INFO    (15: 9: 4:680 |    1)    309; [rp] {"rtc.video.mute_me":true,"che.video.local.send":false}
INFO    (15: 9: 4:680 |    0)    309; [rp] {"rtc.audio.mute_me":true,"che.audio.mute_me":true}
INFO    (15: 9: 4:680 |    0)    309; [rp] {"rtc.video.set_remote_default_video_stream_type":0}
INFO    (15: 9: 4:680 |    0)    309; API call to SetRemoteDefaultVideoStreamType: 0
INFO    (15: 9: 4:680 |    0)    309; [rp] {"che.video.local.camera_index":1024}
INFO    (15: 9: 4:680 |    0)    309; [rp] {"rtc.video.enabled":true}
INFO    (15: 9: 4:680 |    0)    309; API call to enable video
INFO    (15: 9: 4:681 |    1)    309; ***CALL BEGIN: appid:'c7****************************1c' cname:'police_11_1' info:'' sid:'3FF6DDC0D5C44D36A38FEFFC2D06C205'
INFO    (15: 9: 4:681 |    0)    309; addRef of media engine, ref=1
INFO    (15: 9: 4:681 |    0)    309; [che] create chat engine, ctx:(nil)
INFO    (15: 9: 4:681 |    0)    309; [MYDEBUG] large group call false
INFO    (15: 9: 4:681 |    0)    309; ChatEngineParameterHelper::applyMediaEngineMode: 
INFO    (15: 9: 4:681 |    0)    309; applyMediaEngineMode(): Hardware encoding false Hardware decoding false
INFO    (15: 9: 4:683 |    2)    311; Thread with name:external_audio_module_thread started 
INFO    (15: 9: 4:684 |    1)    312; Thread with name:WebRtc_event_timer_thread started 
INFO    (15: 9: 4:684 |    0)    309; StereoPlayoutIsAvailable(), output: available=0
INFO    (15: 9: 4:684 |    0)    309; StereoRecordingIsAvailable(), output: available=0
INFO    (15: 9: 4:684 |    0)    313; Thread with name:EngineMonitorThread started 
INFO    (15: 9: 4:684 |    0)    309; setMuteStatus, muted: On
INFO    (15: 9: 4:685 |    1)    309; setMuteOutput, muted: false
WARN    (15: 9: 4:685 |    0)    309; setMicSensitivity failed, legal values are between [0, 10]
INFO    (15: 9: 4:685 |    0)    309; Audio Engine Init success
INFO    (15: 9: 4:685 |    0)    309; Available number of cores:1
INFO    (15: 9: 4:686 |    1)    309; CreateVideoSendTrack
INFO    (15: 9: 4:686 |    0)    309; init: feature prerotation disabled
INFO    (15: 9: 4:686 |    0)    309; Agora Engine video codec set to custom mode role mode 0
INFO    (15: 9: 4:686 |    0)    309; Agora Engine video codec index 1
INFO    (15: 9: 4:686 |    0)    309; Agora Engine video stream type = 0
INFO    (15: 9: 4:687 |    1)    314; Thread with name:VideoEncodeThread started 
INFO    (15: 9: 4:687 |    0)    309; EncoderWrapper::Create hardware_ = 0, hardware_low_ = 0
INFO    (15: 9: 4:687 |    0)    315; Thread with name:VideoProcessThread started 
INFO    (15: 9: 4:687 |    0)    309; setCodec: index=1 width=640 height=360 framerate=15
INFO    (15: 9: 4:687 |    0)    309; h264WebInteropEnable: enable 0
INFO    (15: 9: 4:687 |    0)    309; setCaptureDevice: index=1024
INFO    (15: 9: 4:687 |    0)    309; setMaxVideoBitrate: max bitrate=0
INFO    (15: 9: 4:688 |    1)    309; more fec enable 0 curr fec method 0
INFO    (15: 9: 4:688 |    0)    309; video fec method 0
ERROR   (15: 9: 4:688 |    0)    309; videoEngine created and initialize here
INFO    (15: 9: 4:688 |    0)    309; CreateVideoSendTrack
INFO    (15: 9: 4:688 |    0)    309; [MIO] updateCapturer: ((nil)), type:(1)
INFO    (15: 9: 4:688 |    0)    309; CreateAgoraDefaultCapture: type=0
INFO    (15: 9: 4:688 |    0)    309; CreateVideoCapturer: interface=0x7f0bfc172af0
INFO    (15: 9: 4:688 |    0)    309; VideoSendTrackImpl::UpdateCapturer capturer=0x7f0bfc1d4c10
INFO    (15: 9: 4:688 |    0)    309; [MIO] updateLocalRender: ((nil)), type:(1)
INFO    (15: 9: 4:689 |    1)    309; CreateAgoraDefaultRender
INFO    (15: 9: 4:689 |    0)    309; CreateVideoRenderer: interface=0x7f0bfc1d5090
INFO    (15: 9: 4:689 |    0)    309; VideoSendTrackImpl::UpdateRenderer, renderer=0x7f0bfc1d50d0
INFO    (15: 9: 4:689 |    0)    309; [MIO] video send track prepared !!
INFO    (15: 9: 4:689 |    0)    309; [che] applyVideoProfile: 640x360 15 fps 500 kbps
INFO    (15: 9: 4:689 |    0)    309; validateVideoParameters: validate video parameters resolution 640x360, fps 15, rate 500000
INFO    (15: 9: 4:689 |    0)    309; setMaxVideoBitrate: max bitrate=500000
INFO    (15: 9: 4:689 |    0)    309; setCodecRates: set frame rate to 15
INFO    (15: 9: 4:690 |    1)    309; setCodec: index=1 width=640 height=360 framerate=15
INFO    (15: 9: 4:690 |    0)    309; setCodecResolution: set to 640 x 360
INFO    (15: 9: 4:690 |    0)    309; [che] chat engine initialized
INFO    (15: 9: 4:690 |    0)    309; [vocs] vocs initialized
INFO    (15: 9: 4:691 |    1)    309; [rs] report server ip: 221.228.78.123:8000
INFO    (15: 9: 4:691 |    0)    309; [rlbs] selected: 221.228.78.123:9700
INFO    (15: 9: 4:691 |    0)    309; [rlbs] request rs list from 221.228.78.123:9700.......
INFO    (15: 9: 4:692 |    1)    309; CacheManager: save cache to storage elapsed 0
INFO    (15: 9: 4:692 |    0)    309; [cm] emit join channel signal, size=2
INFO    (15: 9: 4:692 |    0)    309; CacheManager: save cache to storage elapsed 0
INFO    (15: 9: 4:693 |    1)    309; [vocs] lookup channel...
INFO    (15: 9: 4:693 |    0)    309; [vocs] selected: 119.9.92.49:8000
INFO    (15: 9: 4:693 |    0)    309; connecting to 119.9.92.49:8000 handle fc20fdc0, 28
INFO    (15: 9: 4:693 |    0)    309; [vocs] creating channel with 119.9.92.49:8000, ts 1522422544693.......
INFO    (15: 9: 4:693 |    0)    309; [vocs] selected: 221.228.202.134:8000
INFO    (15: 9: 4:694 |    1)    309; [vocs] creating channel with 221.228.202.134:8000, ts 1522422544694.......
INFO    (15: 9: 4:694 |    0)    309; [vocs] selected: 183.236.26.162:8000
INFO    (15: 9: 4:694 |    0)    309; [vocs] creating channel with 183.236.26.162:8000, ts 1522422544694.......
INFO    (15: 9: 4:694 |    0)    309; [rp] {"che.audio.audioSampleRate":48000}
INFO    (15: 9: 4:694 |    0)    309; [dns] parsed ip 119.9.92.49
INFO    (15: 9: 4:694 |    0)    309; [dns] parsed ip 69.28.51.138
INFO    (15: 9: 4:694 |    0)    309; [dns] parsed ip 128.1.87.146
INFO    (15: 9: 4:703 |    9)    309; [dns] parsed ip 199.190.44.36
INFO    (15: 9: 4:703 |    0)    309; [rs] dns parse result code: 0, servers size: 1
INFO    (15: 9: 4:703 |    0)    309; [rs] dns parse and selected server: 223.111.12.227
INFO    (15: 9: 4:703 |    0)    309; [dns] parsed ip 199.190.44.35
INFO    (15: 9: 4:895 |  192)    309; [vocs/t] tcp create channel connected with 0x7f0bfc210440
INFO    (15: 9: 4:895 |    0)    309; [vocs] tcp - creating channel with 119.9.92.49:8000, ts 1522422544895.......
INFO    (15: 9: 4:904 |    9)    309; [vocs/u] **responsed from 119.9.92.49:8000, 3 vos, elapsed 228, server ts 1522422544317, wan ip 139.59.134.76
INFO    (15: 9: 4:905 |    1)    309; [vos] added server: 23.236.96.139:4006
INFO    (15: 9: 4:905 |    0)    309; [vos] added server: 128.1.77.35:4009
INFO    (15: 9: 4:905 |    0)    309; [vos] added server: 128.1.78.91:4005
INFO    (15: 9: 4:905 |    0)    309; [ch0] vos initialized
INFO    (15: 9: 4:905 |    0)    309; [vos] selected: 128.1.78.91:4005
ERROR   (15: 9: 4:906 |    1)    309; [ch0] login strategy=2
INFO    (15: 9: 4:906 |    0)    309; [ds]: ver 1 ds '{"streamType":5}'
INFO    (15: 9: 4:906 |    0)    309; [ch0] Login VOS (proto:10, cid:2274471623, uid:2676844988, ts:1522422544906, ticket size:84 ds:1 stream:+A+VH) 2: 128.1.78.91:4005
INFO    (15: 9: 4:906 |    0)    309; add ping address 139.59.134.76
INFO    (15: 9: 4:906 |    0)    309; PING 139.59.134.76:0 16(44) bytes of data
INFO    (15: 9: 4:921 |   15)    309; [ch0] **VOS response to login request (res 0 elapsed 244, server ts 1522422544441, s-c:-480) from 128.1.78.91:4005, and current dest server 128.1.78.91:4005
INFO    (15: 9: 4:921 |    0)    309; updateActiveVosList: ["128.1.78.91:4005"]
INFO    (15: 9: 4:921 |    0)    309; [che] start call begins
INFO    (15: 9: 4:921 |    0)    309; Set Application Mode in RTC Engine to No. 0
ERROR   (15: 9: 4:922 |    1)    309; GetCodec() invalid index (error=8004)
INFO    (15: 9: 4:922 |    0)    309; SetCodec by type : No. 85
INFO    (15: 9: 4:924 |    2)    309; StartPlayout complete
INFO    (15: 9: 4:925 |    1)    309; output: kDummyAudio
INFO    (15: 9: 4:934 |    9)    309; StartRecording complete
ERROR   (15: 9: 4:934 |    0)    309; SetAgcConfig() failed to set the range in |gain| the digital compression stage may apply (error=8097)
INFO    (15: 9: 4:934 |    0)    309; SetHowlingControl enable = 0
INFO    (15: 9: 4:934 |    0)    309; Application Config module:  Route 0, NS on, AEC N, AGC on, BSS off, HC on
INFO    (15: 9: 4:934 |    0)    309; MID = 0, Routing = 0
INFO    (15: 9: 4:934 |    0)    309; [che] applyVideoProfile: 640x360 15 fps 500 kbps
INFO    (15: 9: 4:935 |    1)    309; validateVideoParameters: validate video parameters resolution 640x360, fps 15, rate 500000
INFO    (15: 9: 4:935 |    0)    309; setMaxVideoBitrate: max bitrate=500000
INFO    (15: 9: 4:935 |    0)    309; setCodecRates: set frame rate to 15
INFO    (15: 9: 4:935 |    0)    309; setCodec: index=1 width=640 height=360 framerate=15
INFO    (15: 9: 4:935 |    0)    309; setCodecResolution: set to 640 x 360
INFO    (15: 9: 4:935 |    0)    309; CreateVideoCapturer: interface=0x7f0bfc172c90
INFO    (15: 9: 4:935 |    0)    309; VideoSendTrackImpl::UpdateCapturer capturer=0x7f0bfc21fa20
INFO    (15: 9: 4:935 |    0)    309; Create participant 0
INFO    (15: 9: 4:935 |    0)    309; startCapture: device? 1024 init? 1 local enabled? 1 capturing? 0 rendering? 0
INFO    (15: 9: 4:935 |    0)    309; startCapture: Receive Only Mode, capture still on. Encode will be turned off
INFO    (15: 9: 4:935 |    0)    309; AgoraVideoInput::Init thread=1, type=100, device=External Device
INFO    (15: 9: 4:935 |    0)    316; Thread with name:AgoraInputThread started 
INFO    (15: 9: 4:936 |    1)    317; Thread with name:ExternalCaptureThread started 
INFO    (15: 9: 4:936 |    0)    309; setCodec: index=1 width=640 height=360 framerate=15
INFO    (15: 9: 4:936 |    0)    309; setMaxVideoBitrate: max bitrate=500000
INFO    (15: 9: 4:936 |    0)    309; AgoraVideoInput::Start width=640, height=360, fps=15
INFO    (15: 9: 4:936 |    0)    318; Thread with name:WebRtc_event_timer_thread started 
INFO    (15: 9: 4:936 |    0)    309; startCapture: startCapture success
INFO    (15: 9: 4:936 |    0)    309; RequestEncodeKeyFrame
INFO    (15: 9: 4:936 |    0)    309; doStartLocalRender: init? 1 capture id -1 device 1024 capturing? 1 rendering? 0
INFO    (15: 9: 4:936 |    0)    309; doStartLocalRender: Receive Only Mode, local renderer still on.
INFO    (15: 9: 4:936 |    0)    309; doStartLocalRender: init? 1 capture id -1 device 1024 capturing? 1 rendering? 0
INFO    (15: 9: 4:936 |    0)    309; doStartLocalRender: Receive Only Mode, local renderer still on.
INFO    (15: 9: 4:936 |    0)    309; [che] start call returns 0, elapsed 15
INFO    (15: 9: 4:936 |    0)    309; Setting dtx mode to 2
INFO    (15: 9: 4:936 |    0)    309; setNetEQMinimumPlayoutDelay delay(100)
INFO    (15: 9: 4:937 |    1)    309; join channel success: cname 'police_11_1' uid 2676844988 elapsed 260
INFO    (15: 9: 4:937 |    0)    309; CacheManager: save cache to storage elapsed 0
INFO    (15: 9: 4:937 |    0)    310; Channel counters: mix mode:0 , min port:-1 , max port:-1 ,decode audio:0 , decode_video:0 , is live:0 , idle:300 , is audio only:0 ,syslog facility:8 , mix mode height:360 , mix mode width:640 , mix mode fps:15 , mi 
INFO    (15: 9: 4:937 |    0)    310; User 2676844988 join channel police_11_1 success, elapsed: 260 ms
INFO    (15: 9: 4:947 |   10)    309; [ch0] rtt: 9
INFO    (15: 9: 5:  2 |    0)    316; [che] onVideoSizeChanged: uid 0 640x360 rotate 0
INFO    (15: 9: 6:922 |  920)    309; notifyPeerCount: cnt 0
INFO    (15: 9: 9:678 |    0)    309; [rlbs] selected: 199.190.44.35:9700
INFO    (15: 9: 9:678 |    0)    309; [rlbs] request rs list from 199.190.44.35:9700.......
INFO    (15: 9: 9:678 |    0)    309; [rs] **report stats: seq: 10, report list size 10, tx/rx: 2035/240, cache size: 0, report success rate: -1
INFO    (15: 9: 9:884 |  206)    309; [rlbs/u] responsed from 199.190.44.35:9700 with servers 128.1.78.91:8000
INFO    (15: 9:10:924 |   40)    311; Audio statistics - play count: playout count = 200  signal level: far_in = 0
INFO    (15: 9:19:691 |    0)  32762; [ARS/15s]event cnts:0, audio pkts:0, mix audio pkts:0, yuv video pkts:0, h264 video pkts:0
INFO    (15: 9:24:924 |  233)    311; Audio statistics - play count: playout count = 600  signal level: far_in = 0
INFO    (15: 9:34:704 |    0)  32762; [ARS/15s]event cnts:0, audio pkts:0, mix audio pkts:0, yuv video pkts:0, h264 video pkts:0
INFO    (15: 9:36:679 |    0)    309; **CALL STATS: duraton 29s cpu app/total 2.8/5.15 battery 255 tx/rx: 1/0 kbps 9.818K/4.683K bytes
INFO    (15: 9:42:924 |  245)    311; Audio statistics - play count: playout count = 600  signal level: far_in = 0
INFO    (15: 9:44:678 |    0)    309; [rs] **report stats: seq: 24, report list size 24, tx/rx: 6204/1104, cache size: 0, report success rate: 100
INFO    (15: 9:49:719 |   41)  32762; [ARS/15s]event cnts:0, audio pkts:0, mix audio pkts:0, yuv video pkts:0, h264 video pkts:0
INFO    (15:10: 0:924 |  205)    311; Audio statistics - play count: playout count = 600  signal level: far_in = 0
INFO    (15:10: 4:733 |    0)  32762; [ARS/15s]event cnts:0, audio pkts:0, mix audio pkts:0, yuv video pkts:0, h264 video pkts:0
INFO    (15:10: 8:678 |    0)    309; **CALL STATS: duraton 1m1s cpu app/total 1.55/5.64 battery 255 tx/rx: 1/1 kbps 16.355K/8.469K bytes
INFO    (15:10:18:924 |  246)    311; Audio statistics - play count: playout count = 600  signal level: far_in = 0
INFO    (15:10:19:678 |    0)    309; [rs] **report stats: seq: 34, report list size 34, tx/rx: 8516/1632, cache size: 0, report success rate: 100
INFO    (15:10:19:745 |   67)  32762; [ARS/15s]event cnts:0, audio pkts:0, mix audio pkts:0, yuv video pkts:0, h264 video pkts:0
INFO    (15:10:34:756 |   11)  32762; [ARS/15s]event cnts:0, audio pkts:0, mix audio pkts:0, yuv video pkts:0, h264 video pkts:0
INFO    (15:10:36:924 |  168)    311; Audio statistics - play count: playout count = 600  signal level: far_in = 0
INFO    (15:10:38:678 |    0)    309; **CALL STATS: duraton 1m31s cpu app/total 2.6/3.9 battery 255 tx/rx: 2/1 kbps 22.441K/11.931K bytes
INFO    (15:10:49:678 |    0)    309; [rs] **report stats: seq: 43, report list size 22, tx/rx: 10575/2064, cache size: 0, report success rate: 100
INFO    (15:10:49:769 |   91)  32762; [ARS/15s]event cnts:0, audio pkts:0, mix audio pkts:0, yuv video pkts:0, h264 video pkts:0
INFO    (15:10:54:924 |  155)    311; Audio statistics - play count: playout count = 600  signal level: far_in = 0
INFO    (15:11: 4:783 |    0)  32762; [ARS/15s]event cnts:0, audio pkts:0, mix audio pkts:0, yuv video pkts:0, h264 video pkts:0
INFO    (15:11:10:678 |    0)    309; **CALL STATS: duraton 2m3s cpu app/total 2.7/17.1 battery 255 tx/rx: 2/1 kbps 28.838K/15.669K bytes
INFO    (15:11:12:924 |  246)    311; Audio statistics - play count: playout count = 600  signal level: far_in = 0
INFO    (15:11:19:797 |    0)  32762; [ARS/15s]event cnts:0, audio pkts:0, mix audio pkts:0, yuv video pkts:0, h264 video pkts:0
INFO    (15:11:24:678 |    0)    309; [rs] **report stats: seq: 54, report list size 22, tx/rx: 13083/2544, cache size: 0, report success rate: 100
INFO    (15:11:30:924 |  246)    311; Audio statistics - play count: playout count = 600  signal level: far_in = 0
INFO    (15:11:34:812 |    0)  32762; [ARS/15s]event cnts:0, audio pkts:0, mix audio pkts:0, yuv video pkts:0, h264 video pkts:0
INFO    (15:11:40:679 |    0)    309; **CALL STATS: duraton 2m33s cpu app/total 2.7/2.56 battery 255 tx/rx: 1/1 kbps 34.621K/19.155K bytes
INFO    (15:11:48:924 |  245)    311; Audio statistics - play count: playout count = 600  signal level: far_in = 0
INFO    (15:11:49:827 |    0)  32762; [ARS/15s]event cnts:0, audio pkts:0, mix audio pkts:0, yuv video pkts:0, h264 video pkts:0
INFO    (15:11:59:678 |    0)    309; [rs] **report stats: seq: 64, report list size 23, tx/rx: 15385/3072, cache size: 0, report success rate: 100
INFO    (15:12: 4:841 |  163)  32762; [ARS/15s]event cnts:0, audio pkts:0, mix audio pkts:0, yuv video pkts:0, h264 video pkts:0
INFO    (15:12: 6:924 |   83)    311; Audio statistics - play count: playout count = 600  signal level: far_in = 0
INFO    (15:12:12:678 |    0)    309; **CALL STATS: duraton 3m5s cpu app/total 1.57/3.6 battery 255 tx/rx: 1/0 kbps 41.74K/22.839K bytes
INFO    (15:12:19:855 |  177)  32762; [ARS/15s]event cnts:0, audio pkts:0, mix audio pkts:0, yuv video pkts:0, h264 video pkts:0
INFO    (15:12:24:924 |   69)    311; Audio statistics - play count: playout count = 600  signal level: far_in = 0
INFO    (15:12:34:678 |    0)    309; [rs] **report stats: seq: 74, report list size 22, tx/rx: 17687/3552, cache size: 0, report success rate: 100
INFO    (15:12:34:869 |  191)  32762; [ARS/15s]event cnts:0, audio pkts:0, mix audio pkts:0, yuv video pkts:0, h264 video pkts:0
INFO    (15:12:42:924 |   55)    311; Audio statistics - play count: playout count = 600  signal level: far_in = 0
INFO    (15:12:44:677 |    0)    309; **CALL STATS: duraton 3m37s cpu app/total 2.6/6.73 battery 255 tx/rx: 1/1 kbps 47.414K/26.577K bytes
INFO    (15:12:49:884 |  207)  32762; [ARS/15s]event cnts:0, audio pkts:0, mix audio pkts:0, yuv video pkts:0, h264 video pkts:0
INFO    (15:13: 0:924 |   40)    311; Audio statistics - play count: playout count = 600  signal level: far_in = 0
INFO    (15:13: 4:898 |    0)  32762; [ARS/15s]event cnts:0, audio pkts:0, mix audio pkts:0, yuv video pkts:0, h264 video pkts:0
INFO    (15:13: 9:678 |    0)    309; [rs] **report stats: seq: 85, report list size 23, tx/rx: 20205/4080, cache size: 0, report success rate: 100
INFO    (15:13:16:678 |    0)    309; **CALL STATS: duraton 4m9s cpu app/total 2.9/4.10 battery 255 tx/rx: 1/1 kbps 54.8K/30.363K bytes
INFO    (15:13:18:924 |  246)    311; Audio statistics - play count: playout count = 600  signal level: far_in = 0
INFO    (15:13:19:914 |    0)  32762; [ARS/15s]event cnts:0, audio pkts:0, mix audio pkts:0, yuv video pkts:0, h264 video pkts:0
INFO    (15:13:34:928 |   14)  32762; [ARS/15s]event cnts:0, audio pkts:0, mix audio pkts:0, yuv video pkts:0, h264 video pkts:0
INFO    (15:13:36:924 |    0)    311; Audio statistics - play count: playout count = 600  signal level: far_in = 0
INFO    (15:13:44:678 |    0)    309; [rs] **report stats: seq: 95, report list size 22, tx/rx: 22495/4560, cache size: 0, report success rate: 100
INFO    (15:13:46:678 |    0)    309; **CALL STATS: duraton 4m39s cpu app/total 2.8/2.56 battery 255 tx/rx: 1/1 kbps 60.99K/33.873K bytes
INFO    (15:13:49:943 |  265)  32762; [ARS/15s]event cnts:0, audio pkts:0, mix audio pkts:0, yuv video pkts:0, h264 video pkts:0
INFO    (15:13:54:924 |    0)    311; Audio statistics - play count: playout count = 600  signal level: far_in = 0
INFO    (15:14: 4:956 |   32)  32762; [ARS/15s]event cnts:0, audio pkts:0, mix audio pkts:0, yuv video pkts:0, h264 video pkts:0
WARN    (15:14: 6:679 |    0)    310; No users in channel for 300 seconds, aborting, leave_code:4.
INFO    (15:14: 6:958 |  279)  32762; ARS push leave pkt to queue inform wrapper
WARN    (15:14: 7:459 |    0)  32762; Before cleanup cnt 0, errno 2 4, joined_ 1, term_sig 1, leave path code 12
INFO    (15:14: 7:459 |    0)  32762; Leaving channel and ready to cleanup
INFO    (15:14: 7:459 |    0)  32762; API call to leave channel
INFO    (15:14: 7:459 |    0)    309; [cm] emit leave channel signal
WARN    (15:14: 7:460 |    1)    310; No users in channel for 300 seconds, aborting, leave_code:12.
INFO    (15:14: 7:460 |    0)    309; **CALL STATS: duration 5m2s, tx 64.793K bytes, rx 36.531K bytes, total 101.300K bytes
INFO    (15:14: 7:460 |    0)    309; stopLocalRender
INFO    (15:14: 7:460 |    0)    309; stopLocalRender success
INFO    (15:14: 7:460 |    0)    309; AgoraVideoInput::Stop
INFO    (15:14: 7:460 |    0)    318; Thread with name:WebRtc_event_timer_thread stopped
INFO    (15:14: 7:460 |    0)    309; AgoraVideoInput::Destroy
INFO    (15:14: 7:460 |    0)    317; Thread with name:ExternalCaptureThread stopped
INFO    (15:14: 7:514 |   54)    316; Thread with name:AgoraInputThread stopped
INFO    (15:14: 7:521 |    7)    309; stopCapture: stopCapture success
INFO    (15:14: 7:521 |    0)    309; stopRemoteRender
INFO    (15:14: 7:521 |    0)    309; [che] stopCall begins
INFO    (15:14: 7:521 |    0)    309; StopRecording complete
INFO    (15:14: 7:521 |    0)    309; StopPlayout complete
INFO    (15:14: 7:522 |    1)    309; [che] stop call returns 0, elapsed 0
INFO    (15:14: 7:522 |    0)    309; [rs] **report stats: seq: 105, report list size 25, tx/rx: 24575/4896, cache size: 0, report success rate: 100
INFO    (15:14: 7:522 |    0)    309; CacheManager: save cache to storage elapsed 1
INFO    (15:14: 7:522 |    0)    309; [ch0] vos destroyed
INFO    (15:14: 7:522 |    0)    309; delRef of media engine, ref=0
INFO    (15:14: 7:522 |    0)    309; [che] chat engine destroying
INFO    (15:14: 7:523 |    1)    309; stopLocalRender
INFO    (15:14: 7:523 |    0)    309; stopLocalRender success
WARN    (15:14: 7:523 |    0)    309; stopCapture: VideoEngine haven't startCapture
INFO    (15:14: 7:523 |    0)    309; stopRemoteRender
INFO    (15:14: 7:523 |    0)    309; [che] stopCall begins
INFO    (15:14: 7:523 |    0)    309; [che] stop call returns -1, elapsed 0
INFO    (15:14: 7:523 |    0)    309; stopLocalRender
INFO    (15:14: 7:523 |    0)    309; stopLocalRender success
INFO    (15:14: 7:523 |    0)    309; stopRemoteRender
WARN    (15:14: 7:523 |    0)    309; stopCapture: VideoEngine haven't startCapture
INFO    (15:14: 7:523 |    0)    315; Thread with name:VideoProcessThread stopped
WARN    (15:14: 7:523 |    0)    309; terminate: VideoEngine haven't init
INFO    (15:14: 7:523 |    0)    309; [DEBUGG] ViERenderManager Destructor, engine_id: 0
INFO    (15:14: 7:526 |    3)    314; Thread with name:VideoEncodeThread stopped
INFO    (15:14: 7:534 |    8)    309; VideoSendTrackImpl::UpdateCapturer capturer=(nil)
INFO    (15:14: 7:534 |    0)    309; VideoSendTrackImpl::UpdateRenderer, renderer=(nil)
INFO    (15:14: 7:535 |    1)    313; Thread with name:EngineMonitorThread stopped
INFO    (15:14: 7:535 |    0)    311; Thread with name:external_audio_module_thread stopped
INFO    (15:14: 7:535 |    0)    312; Thread with name:WebRtc_event_timer_thread stopped
INFO    (15:14: 7:535 |    0)    309; [che] chat engine destroyed
INFO    (15:14: 7:535 |    0)    309; ***CALL END
INFO    (15:14: 7:535 |    0)    309; onAudioStatusChanged enable audio
INFO    (15:14: 7:536 |    1)    309; [MIO] media io controller destroyed
INFO    (15:14: 7:536 |    0)  32762; async task notify worker thread to exit and return
