Local Date: Fri Mar 30 15:09:24 2018
Build info: Feb  1 2018 02:13:47 ?

INFO    (15: 9:24:370 |    0)    363; [rp] {"rtc.video.mute_me":true,"che.video.local.send":false}
INFO    (15: 9:24:370 |    0)    363; [rp] {"rtc.audio.mute_me":true,"che.audio.mute_me":true}
INFO    (15: 9:24:370 |    0)    363; [rp] {"rtc.video.set_remote_default_video_stream_type":0}
INFO    (15: 9:24:370 |    0)    363; API call to SetRemoteDefaultVideoStreamType: 0
INFO    (15: 9:24:370 |    0)    363; [rp] {"che.video.local.camera_index":1024}
INFO    (15: 9:24:370 |    0)    363; [rp] {"rtc.video.enabled":true}
INFO    (15: 9:24:371 |    1)    363; API call to enable video
INFO    (15: 9:24:371 |    0)    363; ***CALL BEGIN: appid:'c7****************************1c' cname:'police_11_3' info:'' sid:'11241DCE41124D90B94D78C77B6A49BA'
INFO    (15: 9:24:371 |    0)    363; addRef of media engine, ref=1
INFO    (15: 9:24:371 |    0)    363; [che] create chat engine, ctx:(nil)
INFO    (15: 9:24:371 |    0)    363; [MYDEBUG] large group call false
INFO    (15: 9:24:371 |    0)    363; ChatEngineParameterHelper::applyMediaEngineMode: 
INFO    (15: 9:24:371 |    0)    363; applyMediaEngineMode(): Hardware encoding false Hardware decoding false
INFO    (15: 9:24:373 |    2)    365; Thread with name:external_audio_module_thread started 
INFO    (15: 9:24:373 |    0)    366; Thread with name:WebRtc_event_timer_thread started 
INFO    (15: 9:24:373 |    0)    363; StereoPlayoutIsAvailable(), output: available=0
INFO    (15: 9:24:373 |    0)    363; StereoRecordingIsAvailable(), output: available=0
INFO    (15: 9:24:373 |    0)    367; Thread with name:EngineMonitorThread started 
INFO    (15: 9:24:373 |    0)    363; setMuteStatus, muted: On
INFO    (15: 9:24:373 |    0)    363; setMuteOutput, muted: false
WARN    (15: 9:24:373 |    0)    363; setMicSensitivity failed, legal values are between [0, 10]
INFO    (15: 9:24:374 |    1)    363; Audio Engine Init success
INFO    (15: 9:24:374 |    0)    363; Available number of cores:1
INFO    (15: 9:24:374 |    0)    363; CreateVideoSendTrack
INFO    (15: 9:24:375 |    1)    363; init: feature prerotation disabled
INFO    (15: 9:24:375 |    0)    363; Agora Engine video codec set to custom mode role mode 0
INFO    (15: 9:24:375 |    0)    363; Agora Engine video codec index 1
INFO    (15: 9:24:375 |    0)    363; Agora Engine video stream type = 0
INFO    (15: 9:24:375 |    0)    368; Thread with name:VideoEncodeThread started 
INFO    (15: 9:24:375 |    0)    363; EncoderWrapper::Create hardware_ = 0, hardware_low_ = 0
INFO    (15: 9:24:375 |    0)    369; Thread with name:VideoProcessThread started 
INFO    (15: 9:24:375 |    0)    363; setCodec: index=1 width=640 height=360 framerate=15
INFO    (15: 9:24:376 |    1)    363; h264WebInteropEnable: enable 0
INFO    (15: 9:24:376 |    0)    363; setCaptureDevice: index=1024
INFO    (15: 9:24:376 |    0)    363; setMaxVideoBitrate: max bitrate=0
INFO    (15: 9:24:376 |    0)    363; more fec enable 0 curr fec method 0
INFO    (15: 9:24:376 |    0)    363; video fec method 0
ERROR   (15: 9:24:376 |    0)    363; videoEngine created and initialize here
INFO    (15: 9:24:376 |    0)    363; CreateVideoSendTrack
INFO    (15: 9:24:376 |    0)    363; [MIO] updateCapturer: ((nil)), type:(1)
INFO    (15: 9:24:376 |    0)    363; CreateAgoraDefaultCapture: type=0
INFO    (15: 9:24:376 |    0)    363; CreateVideoCapturer: interface=0x7f66ec172af0
INFO    (15: 9:24:376 |    0)    363; VideoSendTrackImpl::UpdateCapturer capturer=0x7f66ec1d4c10
INFO    (15: 9:24:376 |    0)    363; [MIO] updateLocalRender: ((nil)), type:(1)
INFO    (15: 9:24:376 |    0)    363; CreateAgoraDefaultRender
INFO    (15: 9:24:376 |    0)    363; CreateVideoRenderer: interface=0x7f66ec1d5090
INFO    (15: 9:24:376 |    0)    363; VideoSendTrackImpl::UpdateRenderer, renderer=0x7f66ec1d50d0
INFO    (15: 9:24:377 |    1)    363; [MIO] video send track prepared !!
INFO    (15: 9:24:377 |    0)    363; [che] applyVideoProfile: 640x360 15 fps 500 kbps
INFO    (15: 9:24:377 |    0)    363; validateVideoParameters: validate video parameters resolution 640x360, fps 15, rate 500000
INFO    (15: 9:24:377 |    0)    363; setMaxVideoBitrate: max bitrate=500000
INFO    (15: 9:24:377 |    0)    363; setCodecRates: set frame rate to 15
INFO    (15: 9:24:377 |    0)    363; setCodec: index=1 width=640 height=360 framerate=15
INFO    (15: 9:24:377 |    0)    363; setCodecResolution: set to 640 x 360
INFO    (15: 9:24:377 |    0)    363; [che] chat engine initialized
INFO    (15: 9:24:378 |    1)    363; [vocs] vocs initialized
INFO    (15: 9:24:378 |    0)    363; [rs] report server ip: 221.228.78.123:8000
INFO    (15: 9:24:378 |    0)    363; [rlbs] selected: 221.228.78.123:9700
INFO    (15: 9:24:378 |    0)    363; [rlbs] request rs list from 221.228.78.123:9700.......
INFO    (15: 9:24:379 |    1)    363; CacheManager: save cache to storage elapsed 0
INFO    (15: 9:24:379 |    0)    363; [cm] emit join channel signal, size=2
INFO    (15: 9:24:379 |    0)    363; CacheManager: save cache to storage elapsed 0
INFO    (15: 9:24:379 |    0)    363; [vocs] lookup channel...
INFO    (15: 9:24:379 |    0)    363; [vocs] selected: 69.28.51.138:8000
INFO    (15: 9:24:379 |    0)    363; connecting to 69.28.51.138:8000 handle ec20fdc0, 28
INFO    (15: 9:24:379 |    0)    363; [vocs] creating channel with 69.28.51.138:8000, ts 1522422564379.......
INFO    (15: 9:24:380 |    1)    363; [vocs] selected: 123.155.153.69:8000
INFO    (15: 9:24:380 |    0)    363; [vocs] creating channel with 123.155.153.69:8000, ts 1522422564380.......
INFO    (15: 9:24:380 |    0)    363; [vocs] selected: 221.228.202.134:8000
INFO    (15: 9:24:380 |    0)    363; [vocs] creating channel with 221.228.202.134:8000, ts 1522422564380.......
INFO    (15: 9:24:380 |    0)    363; [rp] {"che.audio.audioSampleRate":48000}
INFO    (15: 9:24:380 |    0)    363; [dns] parsed ip 199.190.44.35
INFO    (15: 9:24:380 |    0)    363; [dns] parsed ip 199.190.44.36
INFO    (15: 9:24:380 |    0)    363; [rs] dns parse result code: 0, servers size: 1
INFO    (15: 9:24:380 |    0)    363; [rs] dns parse and selected server: 223.111.12.227
INFO    (15: 9:24:380 |    0)    363; [dns] parsed ip 119.9.92.49
INFO    (15: 9:24:380 |    0)    363; [dns] parsed ip 128.1.87.146
INFO    (15: 9:24:381 |    1)    363; [dns] parsed ip 69.28.51.138
INFO    (15: 9:24:534 |  153)    363; [vocs/u] **responsed from 69.28.51.138:8000, 3 vos, elapsed 165, server ts 1522422563984, wan ip 139.59.134.76
INFO    (15: 9:24:534 |    0)    363; [vos] added server: 128.1.77.35:4001
INFO    (15: 9:24:534 |    0)    363; [vos] added server: 128.1.78.92:4003
INFO    (15: 9:24:534 |    0)    363; [vos] added server: 128.1.78.114:4001
INFO    (15: 9:24:535 |    1)    363; [ch0] vos initialized
INFO    (15: 9:24:535 |    0)    363; [vos] selected: 128.1.78.114:4001
ERROR   (15: 9:24:535 |    0)    363; [ch0] login strategy=2
INFO    (15: 9:24:535 |    0)    363; [ds]: ver 1 ds '{"streamType":5}'
INFO    (15: 9:24:535 |    0)    363; [ch0] Login VOS (proto:10, cid:2645147852, uid:1783429410, ts:1522422564535, ticket size:84 ds:1 stream:+A+VH) 2: 128.1.78.114:4001
INFO    (15: 9:24:535 |    0)    363; add ping address 139.59.134.76
INFO    (15: 9:24:535 |    0)    363; PING 139.59.134.76:0 16(44) bytes of data
INFO    (15: 9:24:546 |   11)    363; [ch0] **VOS response to login request (res 0 elapsed 178, server ts 1522422564065, s-c:-481) from 128.1.78.114:4001, and current dest server 128.1.78.114:4001
INFO    (15: 9:24:547 |    1)    363; updateActiveVosList: ["128.1.78.114:4001"]
INFO    (15: 9:24:547 |    0)    363; [che] start call begins
INFO    (15: 9:24:547 |    0)    363; Set Application Mode in RTC Engine to No. 0
ERROR   (15: 9:24:547 |    0)    363; GetCodec() invalid index (error=8004)
INFO    (15: 9:24:547 |    0)    363; SetCodec by type : No. 85
INFO    (15: 9:24:553 |    6)    363; StartPlayout complete
INFO    (15: 9:24:553 |    0)    363; output: kDummyAudio
INFO    (15: 9:24:563 |   10)    363; StartRecording complete
ERROR   (15: 9:24:563 |    0)    363; SetAgcConfig() failed to set the range in |gain| the digital compression stage may apply (error=8097)
INFO    (15: 9:24:563 |    0)    363; SetHowlingControl enable = 0
INFO    (15: 9:24:563 |    0)    363; Application Config module:  Route 0, NS on, AEC N, AGC on, BSS off, HC on
INFO    (15: 9:24:563 |    0)    363; MID = 0, Routing = 0
INFO    (15: 9:24:563 |    0)    363; [che] applyVideoProfile: 640x360 15 fps 500 kbps
INFO    (15: 9:24:563 |    0)    363; validateVideoParameters: validate video parameters resolution 640x360, fps 15, rate 500000
INFO    (15: 9:24:564 |    1)    363; setMaxVideoBitrate: max bitrate=500000
INFO    (15: 9:24:564 |    0)    363; setCodecRates: set frame rate to 15
INFO    (15: 9:24:564 |    0)    363; setCodec: index=1 width=640 height=360 framerate=15
INFO    (15: 9:24:564 |    0)    363; setCodecResolution: set to 640 x 360
INFO    (15: 9:24:564 |    0)    363; CreateVideoCapturer: interface=0x7f66ec172c90
INFO    (15: 9:24:564 |    0)    363; VideoSendTrackImpl::UpdateCapturer capturer=0x7f66ec21f9c0
INFO    (15: 9:24:564 |    0)    363; Create participant 0
INFO    (15: 9:24:564 |    0)    363; startCapture: device? 1024 init? 1 local enabled? 1 capturing? 0 rendering? 0
INFO    (15: 9:24:564 |    0)    363; startCapture: Receive Only Mode, capture still on. Encode will be turned off
INFO    (15: 9:24:564 |    0)    363; AgoraVideoInput::Init thread=1, type=100, device=External Device
INFO    (15: 9:24:564 |    0)    370; Thread with name:AgoraInputThread started 
INFO    (15: 9:24:565 |    1)    371; Thread with name:ExternalCaptureThread started 
INFO    (15: 9:24:565 |    0)    363; setCodec: index=1 width=640 height=360 framerate=15
INFO    (15: 9:24:565 |    0)    363; setMaxVideoBitrate: max bitrate=500000
INFO    (15: 9:24:565 |    0)    363; AgoraVideoInput::Start width=640, height=360, fps=15
INFO    (15: 9:24:565 |    0)    372; Thread with name:WebRtc_event_timer_thread started 
INFO    (15: 9:24:565 |    0)    363; startCapture: startCapture success
INFO    (15: 9:24:565 |    0)    363; RequestEncodeKeyFrame
INFO    (15: 9:24:565 |    0)    363; doStartLocalRender: init? 1 capture id -1 device 1024 capturing? 1 rendering? 0
INFO    (15: 9:24:565 |    0)    363; doStartLocalRender: Receive Only Mode, local renderer still on.
INFO    (15: 9:24:565 |    0)    363; doStartLocalRender: init? 1 capture id -1 device 1024 capturing? 1 rendering? 0
INFO    (15: 9:24:565 |    0)    363; doStartLocalRender: Receive Only Mode, local renderer still on.
INFO    (15: 9:24:565 |    0)    363; [che] start call returns 0, elapsed 19
INFO    (15: 9:24:566 |    1)    363; Setting dtx mode to 2
INFO    (15: 9:24:566 |    0)    363; setNetEQMinimumPlayoutDelay delay(100)
INFO    (15: 9:24:566 |    0)    363; join channel success: cname 'police_11_3' uid 1783429410 elapsed 197
INFO    (15: 9:24:566 |    0)    363; CacheManager: save cache to storage elapsed 0
INFO    (15: 9:24:567 |    1)    364; Channel counters: mix mode:0 , min port:-1 , max port:-1 ,decode audio:0 , decode_video:0 , is live:0 , idle:300 , is audio only:0 ,syslog facility:8 , mix mode height:360 , mix mode width:640 , mix mode fps:15 , mi 
INFO    (15: 9:24:567 |    0)    364; User 1783429410 join channel police_11_3 success, elapsed: 197 ms
INFO    (15: 9:24:577 |   10)    363; [ch0] rtt: 11
INFO    (15: 9:24:631 |   54)    370; [che] onVideoSizeChanged: uid 0 640x360 rotate 0
INFO    (15: 9:26:547 |    0)    363; notifyPeerCount: cnt 0
INFO    (15: 9:29:369 |    0)    363; [rlbs] selected: 199.190.44.35:9700
INFO    (15: 9:29:370 |    1)    363; [rlbs] request rs list from 199.190.44.35:9700.......
INFO    (15: 9:29:370 |    0)    363; [rs] **report stats: seq: 10, report list size 10, tx/rx: 2037/240, cache size: 0, report success rate: -1
INFO    (15: 9:29:575 |  205)    363; [rlbs/u] responsed from 199.190.44.35:9700 with servers 128.1.78.91:8000
INFO    (15: 9:30:553 |    0)    365; Audio statistics - play count: playout count = 200  signal level: far_in = 0
INFO    (15: 9:39:382 |    0)    348; [ARS/15s]event cnts:0, audio pkts:0, mix audio pkts:0, yuv video pkts:0, h264 video pkts:0
INFO    (15: 9:44:553 |  171)    365; Audio statistics - play count: playout count = 600  signal level: far_in = 0
INFO    (15: 9:54:396 |    0)    348; [ARS/15s]event cnts:0, audio pkts:0, mix audio pkts:0, yuv video pkts:0, h264 video pkts:0
INFO    (15: 9:58:369 |    0)    363; **CALL STATS: duraton 31s cpu app/total 1.56/5.15 battery 255 tx/rx: 2/1 kbps 10.233K/4.935K bytes
INFO    (15:10: 2:553 |  184)    365; Audio statistics - play count: playout count = 600  signal level: far_in = 0
INFO    (15:10: 4:369 |    0)    363; [rs] **report stats: seq: 23, report list size 23, tx/rx: 5994/1104, cache size: 0, report success rate: 100
INFO    (15:10: 9:411 |   42)    348; [ARS/15s]event cnts:0, audio pkts:0, mix audio pkts:0, yuv video pkts:0, h264 video pkts:0
INFO    (15:10:20:553 |  142)    365; Audio statistics - play count: playout count = 600  signal level: far_in = 0
INFO    (15:10:24:424 |    0)    348; [ARS/15s]event cnts:0, audio pkts:0, mix audio pkts:0, yuv video pkts:0, h264 video pkts:0
INFO    (15:10:30:369 |    0)    363; **CALL STATS: duraton 1m3s cpu app/total 2.8/3.58 battery 255 tx/rx: 1/1 kbps 16.640K/8.721K bytes
INFO    (15:10:34:370 |    1)    363; [rs] **report stats: seq: 33, report list size 33, tx/rx: 8279/1536, cache size: 0, report success rate: 100
INFO    (15:10:38:553 |  183)    365; Audio statistics - play count: playout count = 600  signal level: far_in = 0
INFO    (15:10:39:437 |    0)    348; [ARS/15s]event cnts:0, audio pkts:0, mix audio pkts:0, yuv video pkts:0, h264 video pkts:0
INFO    (15:10:54:451 |   14)    348; [ARS/15s]event cnts:0, audio pkts:0, mix audio pkts:0, yuv video pkts:0, h264 video pkts:0
INFO    (15:10:56:553 |  102)    365; Audio statistics - play count: playout count = 600  signal level: far_in = 0
INFO    (15:11: 2:369 |    0)    363; **CALL STATS: duraton 1m35s cpu app/total 1.55/2.55 battery 255 tx/rx: 1/0 kbps 23.21K/12.381K bytes
INFO    (15:11: 9:369 |    0)    363; [rs] **report stats: seq: 43, report list size 22, tx/rx: 10571/2064, cache size: 0, report success rate: 100
INFO    (15:11: 9:464 |   95)    348; [ARS/15s]event cnts:0, audio pkts:0, mix audio pkts:0, yuv video pkts:0, h264 video pkts:0
INFO    (15:11:14:553 |   89)    365; Audio statistics - play count: playout count = 600  signal level: far_in = 0
INFO    (15:11:24:479 |    0)    348; [ARS/15s]event cnts:0, audio pkts:0, mix audio pkts:0, yuv video pkts:0, h264 video pkts:0
INFO    (15:11:32:553 |   74)    365; Audio statistics - play count: playout count = 600  signal level: far_in = 0
INFO    (15:11:34:369 |    0)    363; **CALL STATS: duraton 2m7s cpu app/total 1.56/17.1 battery 255 tx/rx: 1/1 kbps 29.413K/16.119K bytes
INFO    (15:11:39:369 |    0)    363; [rs] **report stats: seq: 52, report list size 22, tx/rx: 12635/2496, cache size: 0, report success rate: 100
INFO    (15:11:39:495 |  126)    348; [ARS/15s]event cnts:0, audio pkts:0, mix audio pkts:0, yuv video pkts:0, h264 video pkts:0
INFO    (15:11:50:553 |   58)    365; Audio statistics - play count: playout count = 600  signal level: far_in = 0
INFO    (15:11:54:508 |    0)    348; [ARS/15s]event cnts:0, audio pkts:0, mix audio pkts:0, yuv video pkts:0, h264 video pkts:0
INFO    (15:12: 6:369 |    0)    363; **CALL STATS: duraton 2m39s cpu app/total 1.55/3.6 battery 255 tx/rx: 1/1 kbps 36.22K/19.929K bytes
INFO    (15:12: 8:553 |  184)    365; Audio statistics - play count: playout count = 600  signal level: far_in = 0
INFO    (15:12: 9:523 |    0)    348; [ARS/15s]event cnts:0, audio pkts:0, mix audio pkts:0, yuv video pkts:0, h264 video pkts:0
INFO    (15:12:14:369 |    0)    363; [rs] **report stats: seq: 63, report list size 22, tx/rx: 15163/3024, cache size: 0, report success rate: 100
INFO    (15:12:24:537 |  168)    348; [ARS/15s]event cnts:0, audio pkts:0, mix audio pkts:0, yuv video pkts:0, h264 video pkts:0
INFO    (15:12:26:553 |   16)    365; Audio statistics - play count: playout count = 600  signal level: far_in = 0
INFO    (15:12:38:369 |    0)    363; **CALL STATS: duraton 3m11s cpu app/total 2.9/6.73 battery 255 tx/rx: 1/0 kbps 42.432K/23.589K bytes
INFO    (15:12:39:550 |  181)    348; [ARS/15s]event cnts:0, audio pkts:0, mix audio pkts:0, yuv video pkts:0, h264 video pkts:0
INFO    (15:12:44:369 |    0)    363; [rs] **report stats: seq: 72, report list size 22, tx/rx: 17222/3456, cache size: 0, report success rate: 100
INFO    (15:12:44:553 |  184)    365; Audio statistics - play count: playout count = 600  signal level: far_in = 0
INFO    (15:12:54:565 |   12)    348; [ARS/15s]event cnts:0, audio pkts:0, mix audio pkts:0, yuv video pkts:0, h264 video pkts:0
INFO    (15:13: 2:553 |    0)    365; Audio statistics - play count: playout count = 600  signal level: far_in = 0
INFO    (15:13: 8:370 |    0)    363; **CALL STATS: duraton 3m41s cpu app/total 2.8/3.58 battery 255 tx/rx: 1/0 kbps 48.513K/27.75K bytes
INFO    (15:13: 9:580 |  210)    348; [ARS/15s]event cnts:0, audio pkts:0, mix audio pkts:0, yuv video pkts:0, h264 video pkts:0
INFO    (15:13:19:369 |    0)    363; [rs] **report stats: seq: 82, report list size 22, tx/rx: 19519/3936, cache size: 0, report success rate: 100
INFO    (15:13:20:553 |  184)    365; Audio statistics - play count: playout count = 600  signal level: far_in = 0
INFO    (15:13:24:594 |   41)    348; [ARS/15s]event cnts:0, audio pkts:0, mix audio pkts:0, yuv video pkts:0, h264 video pkts:0
INFO    (15:13:38:553 |    0)    365; Audio statistics - play count: playout count = 600  signal level: far_in = 0
INFO    (15:13:39:609 |   56)    348; [ARS/15s]event cnts:0, audio pkts:0, mix audio pkts:0, yuv video pkts:0, h264 video pkts:0
INFO    (15:13:40:369 |    0)    363; **CALL STATS: duraton 4m13s cpu app/total 2.6/3.62 battery 255 tx/rx: 1/1 kbps 54.828K/30.837K bytes
INFO    (15:13:54:369 |    0)    363; [rs] **report stats: seq: 93, report list size 23, tx/rx: 22032/4464, cache size: 0, report success rate: 100
INFO    (15:13:54:625 |  256)    348; [ARS/15s]event cnts:0, audio pkts:0, mix audio pkts:0, yuv video pkts:0, h264 video pkts:0
INFO    (15:13:56:553 |    0)    365; Audio statistics - play count: playout count = 600  signal level: far_in = 0
INFO    (15:14: 9:640 |   87)    348; [ARS/15s]event cnts:0, audio pkts:0, mix audio pkts:0, yuv video pkts:0, h264 video pkts:0
INFO    (15:14:12:369 |    0)    363; **CALL STATS: duraton 4m45s cpu app/total 2.7/17.85 battery 255 tx/rx: 1/1 kbps 61.206K/34.575K bytes
INFO    (15:14:14:553 |  184)    365; Audio statistics - play count: playout count = 600  signal level: far_in = 0
INFO    (15:14:24:654 |  101)    348; [ARS/15s]event cnts:0, audio pkts:0, mix audio pkts:0, yuv video pkts:0, h264 video pkts:0
WARN    (15:14:26:369 |    0)    364; No users in channel for 300 seconds, aborting, leave_code:4.
INFO    (15:14:26:657 |  288)    348; ARS push leave pkt to queue inform wrapper
WARN    (15:14:27:157 |    0)    348; Before cleanup cnt 0, errno 2 4, joined_ 1, term_sig 1, leave path code 12
INFO    (15:14:27:157 |    0)    348; Leaving channel and ready to cleanup
INFO    (15:14:27:158 |    1)    348; API call to leave channel
INFO    (15:14:27:158 |    0)    363; [cm] emit leave channel signal
WARN    (15:14:27:158 |    0)    364; No users in channel for 300 seconds, aborting, leave_code:12.
INFO    (15:14:27:158 |    0)    363; **CALL STATS: duration 5m2s, tx 64.907K bytes, rx 36.531K bytes, total 101.414K bytes
INFO    (15:14:27:158 |    0)    363; stopLocalRender
INFO    (15:14:27:158 |    0)    363; stopLocalRender success
INFO    (15:14:27:158 |    0)    363; AgoraVideoInput::Stop
INFO    (15:14:27:159 |    1)    372; Thread with name:WebRtc_event_timer_thread stopped
INFO    (15:14:27:159 |    0)    363; AgoraVideoInput::Destroy
INFO    (15:14:27:159 |    0)    371; Thread with name:ExternalCaptureThread stopped
INFO    (15:14:27:209 |   50)    370; Thread with name:AgoraInputThread stopped
INFO    (15:14:27:219 |   10)    363; stopCapture: stopCapture success
INFO    (15:14:27:220 |    1)    363; stopRemoteRender
INFO    (15:14:27:220 |    0)    363; [che] stopCall begins
INFO    (15:14:27:220 |    0)    363; StopRecording complete
INFO    (15:14:27:220 |    0)    363; StopPlayout complete
INFO    (15:14:27:220 |    0)    363; [che] stop call returns 0, elapsed 1
INFO    (15:14:27:220 |    0)    363; [rs] **report stats: seq: 106, report list size 25, tx/rx: 24798/4896, cache size: 0, report success rate: 100
INFO    (15:14:27:221 |    1)    363; CacheManager: save cache to storage elapsed 0
INFO    (15:14:27:221 |    0)    363; [ch0] vos destroyed
INFO    (15:14:27:221 |    0)    363; delRef of media engine, ref=0
INFO    (15:14:27:221 |    0)    363; [che] chat engine destroying
INFO    (15:14:27:221 |    0)    363; stopLocalRender
INFO    (15:14:27:221 |    0)    363; stopLocalRender success
WARN    (15:14:27:221 |    0)    363; stopCapture: VideoEngine haven't startCapture
INFO    (15:14:27:221 |    0)    363; stopRemoteRender
INFO    (15:14:27:221 |    0)    363; [che] stopCall begins
INFO    (15:14:27:222 |    1)    363; [che] stop call returns -1, elapsed 0
INFO    (15:14:27:222 |    0)    363; stopLocalRender
INFO    (15:14:27:222 |    0)    363; stopLocalRender success
INFO    (15:14:27:222 |    0)    363; stopRemoteRender
WARN    (15:14:27:222 |    0)    363; stopCapture: VideoEngine haven't startCapture
INFO    (15:14:27:222 |    0)    369; Thread with name:VideoProcessThread stopped
WARN    (15:14:27:222 |    0)    363; terminate: VideoEngine haven't init
INFO    (15:14:27:222 |    0)    363; [DEBUGG] ViERenderManager Destructor, engine_id: 0
INFO    (15:14:27:225 |    3)    368; Thread with name:VideoEncodeThread stopped
INFO    (15:14:27:233 |    8)    363; VideoSendTrackImpl::UpdateCapturer capturer=(nil)
INFO    (15:14:27:233 |    0)    363; VideoSendTrackImpl::UpdateRenderer, renderer=(nil)
INFO    (15:14:27:233 |    0)    367; Thread with name:EngineMonitorThread stopped
INFO    (15:14:27:234 |    1)    365; Thread with name:external_audio_module_thread stopped
INFO    (15:14:27:234 |    0)    366; Thread with name:WebRtc_event_timer_thread stopped
INFO    (15:14:27:234 |    0)    363; [che] chat engine destroyed
INFO    (15:14:27:234 |    0)    363; ***CALL END
INFO    (15:14:27:234 |    0)    363; onAudioStatusChanged enable audio
INFO    (15:14:27:234 |    0)    363; [MIO] media io controller destroyed
INFO    (15:14:27:235 |    1)    348; async task notify worker thread to exit and return
