recorder_local[1736]: (1736) /var/lib/jenkins/workspace/agora-release-linux-2/ServerSDK-Video/src/rec_engine/RecordingEngineImpl.cpp:831: ERROR:failed to open config file
recorder_local[1736]: (1736) /var/lib/jenkins/workspace/agora-release-linux-2/ServerSDK-Video/src/rec_engine/RecordingEngineImpl.cpp:831: ERROR:failed to open config file
recorder_local[1736]: (1736) /var/lib/jenkins/workspace/agora-release-linux-2/ServerSDK-Video/src/rec_engine/RecordingEngineImpl.cpp:430: [Wrapper version] 5d0b257a42f9514a024cc62c69161d55aa150021
recorder_local[1736]: (1736) /var/lib/jenkins/workspace/agora-release-linux-2/ServerSDK-Video/src/rec_engine/RecordingEngineImpl.cpp:431: =======params ======
recorder_local[1736]: (1736) /var/lib/jenkins/workspace/agora-release-linux-2/ServerSDK-Video/src/rec_engine/RecordingEngineImpl.cpp:433: /var/www/RecordingSDK/bin/AgoraCoreService
recorder_local[1736]: (1736) /var/lib/jenkins/workspace/agora-release-linux-2/ServerSDK-Video/src/rec_engine/RecordingEngineImpl.cpp:433: --app_id
recorder_local[1736]: (1736) /var/lib/jenkins/workspace/agora-release-linux-2/ServerSDK-Video/src/rec_engine/RecordingEngineImpl.cpp:433: c7adb7f97a594d9fac501654c7bf281c
recorder_local[1736]: (1736) /var/lib/jenkins/workspace/agora-release-linux-2/ServerSDK-Video/src/rec_engine/RecordingEngineImpl.cpp:433: --channel_key
recorder_local[1736]: (1736) /var/lib/jenkins/workspace/agora-release-linux-2/ServerSDK-Video/src/rec_engine/RecordingEngineImpl.cpp:433: c7adb7f97a594d9fac501654c7bf281c
recorder_local[1736]: (1736) /var/lib/jenkins/workspace/agora-release-linux-2/ServerSDK-Video/src/rec_engine/RecordingEngineImpl.cpp:433: --channel_id
recorder_local[1736]: (1736) /var/lib/jenkins/workspace/agora-release-linux-2/ServerSDK-Video/src/rec_engine/RecordingEngineImpl.cpp:433: police_4_3
recorder_local[1736]: (1736) /var/lib/jenkins/workspace/agora-release-linux-2/ServerSDK-Video/src/rec_engine/RecordingEngineImpl.cpp:433: --idle
recorder_local[1736]: (1736) /var/lib/jenkins/workspace/agora-release-linux-2/ServerSDK-Video/src/rec_engine/RecordingEngineImpl.cpp:433: 300
recorder_local[1736]: (1736) /var/lib/jenkins/workspace/agora-release-linux-2/ServerSDK-Video/src/rec_engine/RecordingEngineImpl.cpp:433: --decode_audio
recorder_local[1736]: (1736) /var/lib/jenkins/workspace/agora-release-linux-2/ServerSDK-Video/src/rec_engine/RecordingEngineImpl.cpp:433: 0
recorder_local[1736]: (1736) /var/lib/jenkins/workspace/agora-release-linux-2/ServerSDK-Video/src/rec_engine/RecordingEngineImpl.cpp:433: --decode_video
recorder_local[1736]: (1736) /var/lib/jenkins/workspace/agora-release-linux-2/ServerSDK-Video/src/rec_engine/RecordingEngineImpl.cpp:433: 0
recorder_local[1736]: (1736) /var/lib/jenkins/workspace/agora-release-linux-2/ServerSDK-Video/src/rec_engine/RecordingEngineImpl.cpp:433: --capture_interval
recorder_local[1736]: (1736) /var/lib/jenkins/workspace/agora-release-linux-2/ServerSDK-Video/src/rec_engine/RecordingEngineImpl.cpp:433: 5
recorder_local[1736]: (1736) /var/lib/jenkins/workspace/agora-release-linux-2/ServerSDK-Video/src/rec_engine/RecordingEngineImpl.cpp:433: --syslog_fclt
recorder_local[1736]: (1736) /var/lib/jenkins/workspace/agora-release-linux-2/ServerSDK-Video/src/rec_engine/RecordingEngineImpl.cpp:433: 8
recorder_local[1736]: (1736) /var/lib/jenkins/workspace/agora-release-linux-2/ServerSDK-Video/src/rec_engine/RecordingEngineImpl.cpp:433: --streamType
recorder_local[1736]: (1736) /var/lib/jenkins/workspace/agora-release-linux-2/ServerSDK-Video/src/rec_engine/RecordingEngineImpl.cpp:433: 0
recorder_local[1736]: (1736) /var/lib/jenkins/workspace/agora-release-linux-2/ServerSDK-Video/src/rec_engine/RecordingEngineImpl.cpp:433: --serviceMode
recorder_local[1736]: (1736) /var/lib/jenkins/workspace/agora-release-linux-2/ServerSDK-Video/src/rec_engine/RecordingEngineImpl.cpp:433: 0
recorder_local[1736]: (1736) /var/lib/jenkins/workspace/agora-release-linux-2/ServerSDK-Video/src/rec_engine/RecordingEngineImpl.cpp:433: --recording_file_dir
recorder_local[1736]: (1736) /var/lib/jenkins/workspace/agora-release-linux-2/ServerSDK-Video/src/rec_engine/RecordingEngineImpl.cpp:433: /var/www/panic2.greenvoo.us/html/public/Records/20180330/police_4_3_153325/
recorder_local[1736]: (1736) /var/lib/jenkins/workspace/agora-release-linux-2/ServerSDK-Video/src/rec_engine/RecordingEngineImpl.cpp:433: --lang
recorder_local[1736]: (1736) /var/lib/jenkins/workspace/agora-release-linux-2/ServerSDK-Video/src/rec_engine/RecordingEngineImpl.cpp:433: 0
recorder_local[1736]: (1736) /var/lib/jenkins/workspace/agora-release-linux-2/ServerSDK-Video/src/base/pipe_router.cpp:153: The ARS created. Reading pipe: 4, writing pipe: 7, pid: 1737
AgoraCoreService[1737]: (1737) /var/lib/jenkins/workspace/agora-release-linux-2/ServerSDK-Video/src/video_recorder/main.cpp:162: video recording wrapper:8, idle:300 write:5, read:6, live:0,channelid:police_4_3 
AgoraCoreService[1737]: (1737) /var/lib/jenkins/workspace/agora-release-linux-2/ServerSDK-Video/src/video_recorder/main.cpp:183: [ARS version] 5d0b257a42f9514a024cc62c69161d55aa150021
AgoraCoreService[1737]: (1737) /var/lib/jenkins/workspace/agora-release-linux-2/ServerSDK-Video/src/video_recorder/main.cpp:185: uid 0 from vendor c7adb7f97a594d9fac501654c7bf281c is joining channel police_4_3
AgoraCoreService[1737]: (1737) /var/lib/jenkins/workspace/agora-release-linux-2/ServerSDK-Video/src/video_recorder/event_handler.cpp:627: SDK version: 75f0227; chat engine: 03c8e5d966234ba3a0eaedf8a9fe5ef1e7e554a4
AgoraCoreService[1737]: (1737) /var/lib/jenkins/workspace/agora-release-linux-2/ServerSDK-Video/src/video_recorder/event_handler.cpp:634: decode_video:0,decode_audio:0
AgoraCoreService[1737]: (1737) /var/lib/jenkins/workspace/agora-release-linux-2/ServerSDK-Video/src/video_recorder/event_handler.cpp:667: Using random lowUdpPort & highUdpPort
AgoraCoreService[1737]: (1737) /var/lib/jenkins/workspace/agora-release-linux-2/ServerSDK-Video/src/video_recorder/event_handler.cpp:1341: level 1: INFO    (15:33:25:441 |    1)   1737; Using random lowUdpPort & highUdpPort
AgoraCoreService[1737]: (1737) /var/lib/jenkins/workspace/agora-release-linux-2/ServerSDK-Video/src/video_recorder/event_handler.cpp:1341: level 1: INFO    (15:33:25:441 |    0)   1737; API call to setChannelProfile 0
AgoraCoreService[1737]: (1737) /var/lib/jenkins/workspace/agora-release-linux-2/ServerSDK-Video/src/video_recorder/event_handler.cpp:1786: init stream, trigger mode: 0 service mode: 0
AgoraCoreService[1737]: (1737) /var/lib/jenkins/workspace/agora-release-linux-2/ServerSDK-Video/src/video_recorder/event_handler.cpp:1341: level 1: INFO    (15:33:25:441 |    0)   1737; API call to setVideoProfileEx 640x360 15 fps 500 kbps
AgoraCoreService[1737]: (1737) /var/lib/jenkins/workspace/agora-release-linux-2/ServerSDK-Video/src/video_recorder/event_handler.cpp:1341: level 1: INFO    (15:33:25:441 |    0)   1737; API call to enable video
AgoraCoreService[1737]: (1737) /var/lib/jenkins/workspace/agora-release-linux-2/ServerSDK-Video/src/video_recorder/event_handler.cpp:1341: level 1: INFO    (15:33:25:441 |    0)   1737; API call to join channel 'police_4_3' uid 0, SDK ver 2.1.0 build 220, device info 'Linux version 3.13.0-143-generic (buildd@lcy01-amd64-010) (gcc version 4.8.4 (Ubuntu 4.8.4-2ubuntu1~14.04.4) ) #192-Ubuntu SMP Tue F
AgoraCoreService[1737]: (1737) /var/lib/jenkins/workspace/agora-release-linux-2/ServerSDK-Video/src/video_recorder/event_handler.cpp:1341: level 1: INFO    (15:33:25:441 |    0)   1752; Agora Service Worker Thread started: 0x374cf98
AgoraCoreService[1737]: (1737) /var/lib/jenkins/workspace/agora-release-linux-2/ServerSDK-Video/src/video_recorder/event_handler.cpp:1341: level 1: INFO    (15:33:25:442 |    1)   1752; network: 'NETWORK_UNKOWN' -> 'LAN' ipv4/v6 '139.59.134.76'/'' gw ''/'' subtype 0 level -800527648 ssid '' bssid '' rssi 32623 asu 56
AgoraCoreService[1737]: (1737) /var/lib/jenkins/workspace/agora-release-linux-2/ServerSDK-Video/src/video_recorder/event_handler.cpp:1341: level 1: INFO    (15:33:25:442 |    0)   1752; [MIO] mediaIO controller created
AgoraCoreService[1737]: (1737) /var/lib/jenkins/workspace/agora-release-linux-2/ServerSDK-Video/src/video_recorder/event_handler.cpp:1341: level 1: INFO    (15:33:25:442 |    0)   1752; found 'NULL' device: 'Linux version 3.13.0-143-generic (buildd@lcy01-amd64-010) (gcc version 4.8.4 (Ubuntu 4.8.4-2ubuntu1~14.04.4) ) #192-Ubuntu SMP Tue Feb 27 10:45:36 UTC 2018
'
AgoraCoreService[1737]: (1737) /var/lib/jenkins/workspace/agora-release-linux-2/ServerSDK-Video/src/video_recorder/event_handler.cpp:1341: level 1: INFO    (15:33:25:442 |    0)   1752; [rp] {"rtc.channel_profile":0}
AgoraCoreService[1737]: (1737) /var/lib/jenkins/workspace/agora-release-linux-2/ServerSDK-Video/src/video_recorder/event_handler.cpp:1341: level 1: INFO    (15:33:25:442 |    0)   1752; [rp] {"che.audio.external_device":true}
AgoraCoreService[1737]: (1737) /var/lib/jenkins/workspace/agora-release-linux-2/ServerSDK-Video/src/video_recorder/event_handler.cpp:1341: level 1: INFO    (15:33:25:442 |    0)   1752; [rp] {"che.audio.audioSampleRate":48000}
AgoraCoreService[1737]: (1737) /var/lib/jenkins/workspace/agora-release-linux-2/ServerSDK-Video/src/video_recorder/event_handler.cpp:1341: level 1: INFO    (15:33:25:442 |    0)   1752; [rp] {"che.video.keep_prerotation":false}
AgoraCoreService[1737]: (1737) /var/lib/jenkins/workspace/agora-release-linux-2/ServerSDK-Video/src/video_recorder/event_handler.cpp:1341: level 1: INFO    (15:33:25:443 |    1)   1752; [rp] {"rtc.client_type":3}
AgoraCoreService[1737]: (1737) /var/lib/jenkins/workspace/agora-release-linux-2/ServerSDK-Video/src/video_recorder/event_handler.cpp:1341: level 1: INFO    (15:33:25:443 |    0)   1752; [rp] {"che.audienceMode":true}
AgoraCoreService[1737]: (1737) /var/lib/jenkins/workspace/agora-release-linux-2/ServerSDK-Video/src/video_recorder/event_handler.cpp:1341: level 1: INFO    (15:33:25:443 |    0)   1752; [rp] {"che.video.recording":true}
AgoraCoreService[1737]: (1737) /var/lib/jenkins/workspace/agora-release-linux-2/ServerSDK-Video/src/video_recorder/event_handler.cpp:1341: level 1: INFO    (15:33:25:443 |    0)   1752; [rp] {"che.audio.set_capture_raw_audio_format":{"sampleRate":48000,"channelCnt":1,"mode":1,"samplesPerCall":480}}
AgoraCoreService[1737]: (1737) /var/lib/jenkins/workspace/agora-release-linux-2/ServerSDK-Video/src/video_recorder/event_handler.cpp:1341: level 1: INFO    (15:33:25:443 |    0)   1752; [rp] {"che.audio.set_render_raw_audio_format":{"sampleRate":48000,"channelCnt":1,"mode":0,"samplesPerCall":480}}
AgoraCoreService[1737]: (1737) /var/lib/jenkins/workspace/agora-release-linux-2/ServerSDK-Video/src/video_recorder/event_handler.cpp:1341: level 1: INFO    (15:33:25:443 |    0)   1752; [rp] {"rtc.log_file":"/var/www/panic2.greenvoo.us/html/public/Records/20180330/police_4_3_153325/recording_0.log"}
AgoraCoreService[1737]: (1737) /var/lib/jenkins/workspace/agora-release-linux-2/ServerSDK-Video/src/video_recorder/event_handler.cpp:1341: level 1: INFO    (15:33:25:443 |    0)   1752; [rp] {"rtc.video.mute_me":true,"che.video.local.send":false}
AgoraCoreService[1737]: (1737) /var/lib/jenkins/workspace/agora-release-linux-2/ServerSDK-Video/src/video_recorder/event_handler.cpp:1341: level 1: INFO    (15:33:25:443 |    0)   1752; [rp] {"rtc.audio.mute_me":true,"che.audio.mute_me":true}
AgoraCoreService[1737]: (1737) /var/lib/jenkins/workspace/agora-release-linux-2/ServerSDK-Video/src/video_recorder/event_handler.cpp:1341: level 1: INFO    (15:33:25:443 |    0)   1752; [rp] {"rtc.video.set_remote_default_video_stream_type":0}
AgoraCoreService[1737]: (1737) /var/lib/jenkins/workspace/agora-release-linux-2/ServerSDK-Video/src/video_recorder/event_handler.cpp:1341: level 1: INFO    (15:33:25:443 |    0)   1752; API call to SetRemoteDefaultVideoStreamType: 0
AgoraCoreService[1737]: (1737) /var/lib/jenkins/workspace/agora-release-linux-2/ServerSDK-Video/src/video_recorder/event_handler.cpp:1341: level 1: INFO    (15:33:25:444 |    1)   1752; [rp] {"che.video.local.camera_index":1024}
AgoraCoreService[1737]: (1737) /var/lib/jenkins/workspace/agora-release-linux-2/ServerSDK-Video/src/video_recorder/event_handler.cpp:1341: level 1: INFO    (15:33:25:444 |    0)   1752; [rp] {"rtc.video.enabled":true}
AgoraCoreService[1737]: (1737) /var/lib/jenkins/workspace/agora-release-linux-2/ServerSDK-Video/src/video_recorder/event_handler.cpp:1341: level 1: INFO    (15:33:25:444 |    0)   1752; API call to enable video
AgoraCoreService[1737]: (1737) /var/lib/jenkins/workspace/agora-release-linux-2/ServerSDK-Video/src/video_recorder/event_handler.cpp:1341: level 1: INFO    (15:33:25:444 |    0)   1752; ***CALL BEGIN: appid:'c7****************************1c' cname:'police_4_3' info:'' sid:'B7D8028C16914DF0A956007500E7B6DE'
AgoraCoreService[1737]: (1737) /var/lib/jenkins/workspace/agora-release-linux-2/ServerSDK-Video/src/video_recorder/event_handler.cpp:1341: level 1: INFO    (15:33:25:444 |    0)   1752; addRef of media engine, ref=1
AgoraCoreService[1737]: (1737) /var/lib/jenkins/workspace/agora-release-linux-2/ServerSDK-Video/src/video_recorder/event_handler.cpp:1341: level 1: INFO    (15:33:25:444 |    0)   1752; [che] create chat engine, ctx:(nil)
AgoraCoreService[1737]: (1737) /var/lib/jenkins/workspace/agora-release-linux-2/ServerSDK-Video/src/video_recorder/event_handler.cpp:1341: level 1: INFO    (15:33:25:444 |    0)   1752; [MYDEBUG] large group call false
AgoraCoreService[1737]: (1737) /var/lib/jenkins/workspace/agora-release-linux-2/ServerSDK-Video/src/video_recorder/event_handler.cpp:1341: level 1: INFO    (15:33:25:444 |    0)   1752; ChatEngineParameterHelper::applyMediaEngineMode: 
AgoraCoreService[1737]: (1737) /var/lib/jenkins/workspace/agora-release-linux-2/ServerSDK-Video/src/video_recorder/event_handler.cpp:1341: level 1: INFO    (15:33:25:444 |    0)   1752; applyMediaEngineMode(): Hardware encoding false Hardware decoding false
AgoraCoreService[1737]: (1737) /var/lib/jenkins/workspace/agora-release-linux-2/ServerSDK-Video/src/video_recorder/event_handler.cpp:1341: level 1: INFO    (15:33:25:446 |    2)   1754; Thread with name:external_audio_module_thread started 
AgoraCoreService[1737]: (1737) /var/lib/jenkins/workspace/agora-release-linux-2/ServerSDK-Video/src/video_recorder/event_handler.cpp:1341: level 1: INFO    (15:33:25:446 |    0)   1755; Thread with name:WebRtc_event_timer_thread started 
AgoraCoreService[1737]: (1737) /var/lib/jenkins/workspace/agora-release-linux-2/ServerSDK-Video/src/video_recorder/event_handler.cpp:1341: level 1: INFO    (15:33:25:446 |    0)   1752; StereoPlayoutIsAvailable(), output: available=0
AgoraCoreService[1737]: (1737) /var/lib/jenkins/workspace/agora-release-linux-2/ServerSDK-Video/src/video_recorder/event_handler.cpp:1341: level 1: INFO    (15:33:25:446 |    0)   1752; StereoRecordingIsAvailable(), output: available=0
AgoraCoreService[1737]: (1737) /var/lib/jenkins/workspace/agora-release-linux-2/ServerSDK-Video/src/video_recorder/event_handler.cpp:1341: level 1: INFO    (15:33:25:447 |    1)   1756; Thread with name:EngineMonitorThread started 
AgoraCoreService[1737]: (1737) /var/lib/jenkins/workspace/agora-release-linux-2/ServerSDK-Video/src/video_recorder/event_handler.cpp:1341: level 1: INFO    (15:33:25:447 |    0)   1752; setMuteStatus, muted: On
AgoraCoreService[1737]: (1737) /var/lib/jenkins/workspace/agora-release-linux-2/ServerSDK-Video/src/video_recorder/event_handler.cpp:1341: level 1: INFO    (15:33:25:447 |    0)   1752; setMuteOutput, muted: false
AgoraCoreService[1737]: (1737) /var/lib/jenkins/workspace/agora-release-linux-2/ServerSDK-Video/src/video_recorder/event_handler.cpp:1341: level 2: WARN    (15:33:25:447 |    0)   1752; setMicSensitivity failed, legal values are between [0, 10]
AgoraCoreService[1737]: (1737) /var/lib/jenkins/workspace/agora-release-linux-2/ServerSDK-Video/src/video_recorder/event_handler.cpp:1341: level 1: INFO    (15:33:25:447 |    0)   1752; Audio Engine Init success
AgoraCoreService[1737]: (1737) /var/lib/jenkins/workspace/agora-release-linux-2/ServerSDK-Video/src/video_recorder/event_handler.cpp:1341: level 1: INFO    (15:33:25:447 |    0)   1752; Available number of cores:1
AgoraCoreService[1737]: (1737) /var/lib/jenkins/workspace/agora-release-linux-2/ServerSDK-Video/src/video_recorder/event_handler.cpp:1341: level 1: INFO    (15:33:25:447 |    0)   1752; CreateVideoSendTrack
AgoraCoreService[1737]: (1737) /var/lib/jenkins/workspace/agora-release-linux-2/ServerSDK-Video/src/video_recorder/event_handler.cpp:1341: level 1: INFO    (15:33:25:447 |    0)   1752; init: feature prerotation disabled
AgoraCoreService[1737]: (1737) /var/lib/jenkins/workspace/agora-release-linux-2/ServerSDK-Video/src/video_recorder/event_handler.cpp:1341: level 1: INFO    (15:33:25:448 |    1)   1752; Agora Engine video codec set to custom mode role mode 0
AgoraCoreService[1737]: (1737) /var/lib/jenkins/workspace/agora-release-linux-2/ServerSDK-Video/src/video_recorder/event_handler.cpp:1341: level 1: INFO    (15:33:25:448 |    0)   1752; Agora Engine video codec index 1
AgoraCoreService[1737]: (1737) /var/lib/jenkins/workspace/agora-release-linux-2/ServerSDK-Video/src/video_recorder/event_handler.cpp:1341: level 1: INFO    (15:33:25:448 |    0)   1752; Agora Engine video stream type = 0
AgoraCoreService[1737]: (1737) /var/lib/jenkins/workspace/agora-release-linux-2/ServerSDK-Video/src/video_recorder/event_handler.cpp:1341: level 1: INFO    (15:33:25:448 |    0)   1757; Thread with name:VideoEncodeThread started 
AgoraCoreService[1737]: (1737) /var/lib/jenkins/workspace/agora-release-linux-2/ServerSDK-Video/src/video_recorder/event_handler.cpp:1341: level 1: INFO    (15:33:25:448 |    0)   1752; EncoderWrapper::Create hardware_ = 0, hardware_low_ = 0
AgoraCoreService[1737]: (1737) /var/lib/jenkins/workspace/agora-release-linux-2/ServerSDK-Video/src/video_recorder/event_handler.cpp:1341: level 1: INFO    (15:33:25:448 |    0)   1758; Thread with name:VideoProcessThread started 
AgoraCoreService[1737]: (1737) /var/lib/jenkins/workspace/agora-release-linux-2/ServerSDK-Video/src/video_recorder/event_handler.cpp:1341: level 1: INFO    (15:33:25:448 |    0)   1752; setCodec: index=1 width=640 height=360 framerate=15
AgoraCoreService[1737]: (1737) /var/lib/jenkins/workspace/agora-release-linux-2/ServerSDK-Video/src/video_recorder/event_handler.cpp:1341: level 1: INFO    (15:33:25:448 |    0)   1752; h264WebInteropEnable: enable 0
AgoraCoreService[1737]: (1737) /var/lib/jenkins/workspace/agora-release-linux-2/ServerSDK-Video/src/video_recorder/event_handler.cpp:1341: level 1: INFO    (15:33:25:449 |    1)   1752; setCaptureDevice: index=1024
AgoraCoreService[1737]: (1737) /var/lib/jenkins/workspace/agora-release-linux-2/ServerSDK-Video/src/video_recorder/event_handler.cpp:1341: level 1: INFO    (15:33:25:449 |    0)   1752; setMaxVideoBitrate: max bitrate=0
AgoraCoreService[1737]: (1737) /var/lib/jenkins/workspace/agora-release-linux-2/ServerSDK-Video/src/video_recorder/event_handler.cpp:1341: level 1: INFO    (15:33:25:449 |    0)   1752; more fec enable 0 curr fec method 0
AgoraCoreService[1737]: (1737) /var/lib/jenkins/workspace/agora-release-linux-2/ServerSDK-Video/src/video_recorder/event_handler.cpp:1341: level 1: INFO    (15:33:25:449 |    0)   1752; video fec method 0
AgoraCoreService[1737]: (1737) /var/lib/jenkins/workspace/agora-release-linux-2/ServerSDK-Video/src/video_recorder/event_handler.cpp:1341: level 4: ERROR   (15:33:25:449 |    0)   1752; videoEngine created and initialize here
AgoraCoreService[1737]: (1737) /var/lib/jenkins/workspace/agora-release-linux-2/ServerSDK-Video/src/video_recorder/event_handler.cpp:1341: level 1: INFO    (15:33:25:449 |    0)   1752; CreateVideoSendTrack
AgoraCoreService[1737]: (1737) /var/lib/jenkins/workspace/agora-release-linux-2/ServerSDK-Video/src/video_recorder/event_handler.cpp:1341: level 1: INFO    (15:33:25:449 |    0)   1752; [MIO] updateCapturer: ((nil)), type:(1)
AgoraCoreService[1737]: (1737) /var/lib/jenkins/workspace/agora-release-linux-2/ServerSDK-Video/src/video_recorder/event_handler.cpp:1341: level 1: INFO    (15:33:25:449 |    0)   1752; CreateAgoraDefaultCapture: type=0
AgoraCoreService[1737]: (1737) /var/lib/jenkins/workspace/agora-release-linux-2/ServerSDK-Video/src/video_recorder/event_handler.cpp:1341: level 1: INFO    (15:33:25:449 |    0)   1752; CreateVideoCapturer: interface=0x7f6fc0172af0
AgoraCoreService[1737]: (1737) /var/lib/jenkins/workspace/agora-release-linux-2/ServerSDK-Video/src/video_recorder/event_handler.cpp:1341: level 1: INFO    (15:33:25:449 |    0)   1752; VideoSendTrackImpl::UpdateCapturer capturer=0x7f6fc01d4c10
AgoraCoreService[1737]: (1737) /var/lib/jenkins/workspace/agora-release-linux-2/ServerSDK-Video/src/video_recorder/event_handler.cpp:1341: level 1: INFO    (15:33:25:449 |    0)   1752; [MIO] updateLocalRender: ((nil)), type:(1)
AgoraCoreService[1737]: (1737) /var/lib/jenkins/workspace/agora-release-linux-2/ServerSDK-Video/src/video_recorder/event_handler.cpp:1341: level 1: INFO    (15:33:25:449 |    0)   1752; CreateAgoraDefaultRender
AgoraCoreService[1737]: (1737) /var/lib/jenkins/workspace/agora-release-linux-2/ServerSDK-Video/src/video_recorder/event_handler.cpp:1341: level 1: INFO    (15:33:25:449 |    0)   1752; CreateVideoRenderer: interface=0x7f6fc01d5090
AgoraCoreService[1737]: (1737) /var/lib/jenkins/workspace/agora-release-linux-2/ServerSDK-Video/src/video_recorder/event_handler.cpp:1341: level 1: INFO    (15:33:25:449 |    0)   1752; VideoSendTrackImpl::UpdateRenderer, renderer=0x7f6fc01d50d0
AgoraCoreService[1737]: (1737) /var/lib/jenkins/workspace/agora-release-linux-2/ServerSDK-Video/src/video_recorder/event_handler.cpp:1341: level 1: INFO    (15:33:25:450 |    1)   1752; [MIO] video send track prepared !!
AgoraCoreService[1737]: (1737) /var/lib/jenkins/workspace/agora-release-linux-2/ServerSDK-Video/src/video_recorder/event_handler.cpp:1341: level 1: INFO    (15:33:25:450 |    0)   1752; [che] applyVideoProfile: 640x360 15 fps 500 kbps
AgoraCoreService[1737]: (1737) /var/lib/jenkins/workspace/agora-release-linux-2/ServerSDK-Video/src/video_recorder/event_handler.cpp:1341: level 1: INFO    (15:33:25:450 |    0)   1752; validateVideoParameters: validate video parameters resolution 640x360, fps 15, rate 500000
AgoraCoreService[1737]: (1737) /var/lib/jenkins/workspace/agora-release-linux-2/ServerSDK-Video/src/video_recorder/event_handler.cpp:1341: level 1: INFO    (15:33:25:450 |    0)   1752; setMaxVideoBitrate: max bitrate=500000
AgoraCoreService[1737]: (1737) /var/lib/jenkins/workspace/agora-release-linux-2/ServerSDK-Video/src/video_recorder/event_handler.cpp:1341: level 1: INFO    (15:33:25:450 |    0)   1752; setCodecRates: set frame rate to 15
AgoraCoreService[1737]: (1737) /var/lib/jenkins/workspace/agora-release-linux-2/ServerSDK-Video/src/video_recorder/event_handler.cpp:1341: level 1: INFO    (15:33:25:450 |    0)   1752; setCodec: index=1 width=640 height=360 framerate=15
AgoraCoreService[1737]: (1737) /var/lib/jenkins/workspace/agora-release-linux-2/ServerSDK-Video/src/video_recorder/event_handler.cpp:1341: level 1: INFO    (15:33:25:450 |    0)   1752; setCodecResolution: set to 640 x 360
AgoraCoreService[1737]: (1737) /var/lib/jenkins/workspace/agora-release-linux-2/ServerSDK-Video/src/video_recorder/event_handler.cpp:1341: level 1: INFO    (15:33:25:450 |    0)   1752; [che] chat engine initialized
AgoraCoreService[1737]: (1737) /var/lib/jenkins/workspace/agora-release-linux-2/ServerSDK-Video/src/video_recorder/event_handler.cpp:1341: level 1: INFO    (15:33:25:451 |    1)   1752; [vocs] vocs initialized
AgoraCoreService[1737]: (1737) /var/lib/jenkins/workspace/agora-release-linux-2/ServerSDK-Video/src/video_recorder/event_handler.cpp:1341: level 1: INFO    (15:33:25:451 |    0)   1752; [rs] report server ip: 221.228.78.123:8000
AgoraCoreService[1737]: (1737) /var/lib/jenkins/workspace/agora-release-linux-2/ServerSDK-Video/src/video_recorder/event_handler.cpp:1341: level 1: INFO    (15:33:25:451 |    0)   1752; [rlbs] selected: 221.228.78.123:9700
AgoraCoreService[1737]: (1737) /var/lib/jenkins/workspace/agora-release-linux-2/ServerSDK-Video/src/video_recorder/event_handler.cpp:1341: level 1: INFO    (15:33:25:451 |    0)   1752; [rlbs] request rs list from 221.228.78.123:9700.......
AgoraCoreService[1737]: (1737) /var/lib/jenkins/workspace/agora-release-linux-2/ServerSDK-Video/src/video_recorder/event_handler.cpp:1341: level 1: INFO    (15:33:25:452 |    1)   1752; CacheManager: save cache to storage elapsed 0
AgoraCoreService[1737]: (1737) /var/lib/jenkins/workspace/agora-release-linux-2/ServerSDK-Video/src/video_recorder/event_handler.cpp:1341: level 1: INFO    (15:33:25:452 |    0)   1752; [cm] emit join channel signal, size=2
AgoraCoreService[1737]: (1737) /var/lib/jenkins/workspace/agora-release-linux-2/ServerSDK-Video/src/video_recorder/event_handler.cpp:1341: level 1: INFO    (15:33:25:452 |    0)   1752; CacheManager: save cache to storage elapsed 0
AgoraCoreService[1737]: (1737) /var/lib/jenkins/workspace/agora-release-linux-2/ServerSDK-Video/src/video_recorder/event_handler.cpp:1341: level 1: INFO    (15:33:25:452 |    0)   1752; [vocs] lookup channel...
AgoraCoreService[1737]: (1737) /var/lib/jenkins/workspace/agora-release-linux-2/ServerSDK-Video/src/video_recorder/event_handler.cpp:1341: level 1: INFO    (15:33:25:452 |    0)   1752; [vocs] selected: 69.28.51.138:8000
AgoraCoreService[1737]: (1737) /var/lib/jenkins/workspace/agora-release-linux-2/ServerSDK-Video/src/video_recorder/event_handler.cpp:1341: level 1: INFO    (15:33:25:453 |    1)   1752; connecting to 69.28.51.138:8000 handle c020fdc0, 28
AgoraCoreService[1737]: (1737) /var/lib/jenkins/workspace/agora-release-linux-2/ServerSDK-Video/src/video_recorder/event_handler.cpp:1341: level 1: INFO    (15:33:25:453 |    0)   1752; [vocs] creating channel with 69.28.51.138:8000, ts 1522424005453.......
AgoraCoreService[1737]: (1737) /var/lib/jenkins/workspace/agora-release-linux-2/ServerSDK-Video/src/video_recorder/event_handler.cpp:1341: level 1: INFO    (15:33:25:453 |    0)   1752; [vocs] selected: 119.9.92.49:8000
AgoraCoreService[1737]: (1737) /var/lib/jenkins/workspace/agora-release-linux-2/ServerSDK-Video/src/video_recorder/event_handler.cpp:1341: level 1: INFO    (15:33:25:453 |    0)   1752; [vocs] creating channel with 119.9.92.49:8000, ts 1522424005453.......
AgoraCoreService[1737]: (1737) /var/lib/jenkins/workspace/agora-release-linux-2/ServerSDK-Video/src/video_recorder/event_handler.cpp:1341: level 1: INFO    (15:33:25:453 |    0)   1752; [vocs] selected: 123.155.153.69:8000
AgoraCoreService[1737]: (1737) /var/lib/jenkins/workspace/agora-release-linux-2/ServerSDK-Video/src/video_recorder/event_handler.cpp:1341: level 1: INFO    (15:33:25:453 |    0)   1752; [vocs] creating channel with 123.155.153.69:8000, ts 1522424005453.......
AgoraCoreService[1737]: (1737) /var/lib/jenkins/workspace/agora-release-linux-2/ServerSDK-Video/src/video_recorder/event_handler.cpp:1341: level 1: INFO    (15:33:25:453 |    0)   1752; [rp] {"che.audio.audioSampleRate":48000}
AgoraCoreService[1737]: (1737) /var/lib/jenkins/workspace/agora-release-linux-2/ServerSDK-Video/src/video_recorder/event_handler.cpp:1341: level 1: INFO    (15:33:25:453 |    0)   1752; [dns] parsed ip 119.9.92.49
AgoraCoreService[1737]: (1737) /var/lib/jenkins/workspace/agora-release-linux-2/ServerSDK-Video/src/video_recorder/event_handler.cpp:1341: level 1: INFO    (15:33:25:453 |    0)   1752; [dns] parsed ip 69.28.51.138
AgoraCoreService[1737]: (1737) /var/lib/jenkins/workspace/agora-release-linux-2/ServerSDK-Video/src/video_recorder/event_handler.cpp:1341: level 1: INFO    (15:33:25:454 |    1)   1752; [dns] parsed ip 128.1.87.146
AgoraCoreService[1737]: (1737) /var/lib/jenkins/workspace/agora-release-linux-2/ServerSDK-Video/src/video_recorder/event_handler.cpp:1341: level 1: INFO    (15:33:25:463 |    9)   1752; [dns] parsed ip 199.190.44.35
AgoraCoreService[1737]: (1737) /var/lib/jenkins/workspace/agora-release-linux-2/ServerSDK-Video/src/video_recorder/event_handler.cpp:1341: level 1: INFO    (15:33:25:467 |    4)   1752; [dns] parsed ip 199.190.44.36
AgoraCoreService[1737]: (1737) /var/lib/jenkins/workspace/agora-release-linux-2/ServerSDK-Video/src/video_recorder/event_handler.cpp:1341: level 1: INFO    (15:33:25:468 |    1)   1752; [rs] dns parse result code: 0, servers size: 1
AgoraCoreService[1737]: (1737) /var/lib/jenkins/workspace/agora-release-linux-2/ServerSDK-Video/src/video_recorder/event_handler.cpp:1341: level 1: INFO    (15:33:25:468 |    0)   1752; [rs] dns parse and selected server: 223.111.12.227
AgoraCoreService[1737]: (1737) /var/lib/jenkins/workspace/agora-release-linux-2/ServerSDK-Video/src/video_recorder/event_handler.cpp:1341: level 1: INFO    (15:33:25:608 |  140)   1752; [vocs/u] **responsed from 69.28.51.138:8000, 3 vos, elapsed 167, server ts 1522424005057, wan ip 139.59.134.76
AgoraCoreService[1737]: (1737) /var/lib/jenkins/workspace/agora-release-linux-2/ServerSDK-Video/src/video_recorder/event_handler.cpp:1341: level 1: INFO    (15:33:25:609 |    1)   1752; [vos] added server: 128.1.77.37:4009
AgoraCoreService[1737]: (1737) /var/lib/jenkins/workspace/agora-release-linux-2/ServerSDK-Video/src/video_recorder/event_handler.cpp:1341: level 1: INFO    (15:33:25:609 |    0)   1752; [vos] added server: 128.1.78.91:4003
AgoraCoreService[1737]: (1737) /var/lib/jenkins/workspace/agora-release-linux-2/ServerSDK-Video/src/video_recorder/event_handler.cpp:1341: level 1: INFO    (15:33:25:609 |    0)   1752; [vos] added server: 128.1.78.114:4009
AgoraCoreService[1737]: (1737) /var/lib/jenkins/workspace/agora-release-linux-2/ServerSDK-Video/src/video_recorder/event_handler.cpp:1341: level 1: INFO    (15:33:25:609 |    0)   1752; [ch0] vos initialized
AgoraCoreService[1737]: (1737) /var/lib/jenkins/workspace/agora-release-linux-2/ServerSDK-Video/src/video_recorder/event_handler.cpp:1341: level 1: INFO    (15:33:25:609 |    0)   1752; [vos] selected: 128.1.78.114:4009
AgoraCoreService[1737]: (1737) /var/lib/jenkins/workspace/agora-release-linux-2/ServerSDK-Video/src/video_recorder/event_handler.cpp:1341: level 4: ERROR   (15:33:25:609 |    0)   1752; [ch0] login strategy=2
AgoraCoreService[1737]: (1737) /var/lib/jenkins/workspace/agora-release-linux-2/ServerSDK-Video/src/video_recorder/event_handler.cpp:1341: level 1: INFO    (15:33:25:609 |    0)   1752; [ds]: ver 1 ds '{"streamType":5}'
AgoraCoreService[1737]: (1737) /var/lib/jenkins/workspace/agora-release-linux-2/ServerSDK-Video/src/video_recorder/event_handler.cpp:1341: level 1: INFO    (15:33:25:609 |    0)   1752; [ch0] Login VOS (proto:10, cid:1213065555, uid:4244031995, ts:1522424005609, ticket size:84 ds:1 stream:+A+VH) 2: 128.1.78.114:4009
AgoraCoreService[1737]: (1737) /var/lib/jenkins/workspace/agora-release-linux-2/ServerSDK-Video/src/video_recorder/event_handler.cpp:1341: level 1: INFO    (15:33:25:610 |    1)   1752; add ping address 139.59.134.76
AgoraCoreService[1737]: (1737) /var/lib/jenkins/workspace/agora-release-linux-2/ServerSDK-Video/src/video_recorder/event_handler.cpp:1341: level 1: INFO    (15:33:25:610 |    0)   1752; PING 139.59.134.76:0 16(44) bytes of data
AgoraCoreService[1737]: (1737) /var/lib/jenkins/workspace/agora-release-linux-2/ServerSDK-Video/src/video_recorder/event_handler.cpp:1341: level 1: INFO    (15:33:25:617 |    7)   1752; [ch0] **VOS response to login request (res 0 elapsed 175, server ts 1522424005139, s-c:-478) from 128.1.78.114:4009, and current dest server 128.1.78.114:4009
AgoraCoreService[1737]: (1737) /var/lib/jenkins/workspace/agora-release-linux-2/ServerSDK-Video/src/video_recorder/event_handler.cpp:1341: level 1: INFO    (15:33:25:617 |    0)   1752; updateActiveVosList: ["128.1.78.114:4009"]
AgoraCoreService[1737]: (1737) /var/lib/jenkins/workspace/agora-release-linux-2/ServerSDK-Video/src/video_recorder/event_handler.cpp:1341: level 1: INFO    (15:33:25:617 |    0)   1752; [che] start call begins
AgoraCoreService[1737]: (1737) /var/lib/jenkins/workspace/agora-release-linux-2/ServerSDK-Video/src/video_recorder/event_handler.cpp:1341: level 1: INFO    (15:33:25:617 |    0)   1752; Set Application Mode in RTC Engine to No. 0
AgoraCoreService[1737]: (1737) /var/lib/jenkins/workspace/agora-release-linux-2/ServerSDK-Video/src/video_recorder/event_handler.cpp:1341: level 4: ERROR   (15:33:25:617 |    0)   1752; GetCodec() invalid index (error=8004)
AgoraCoreService[1737]: (1737) /var/lib/jenkins/workspace/agora-release-linux-2/ServerSDK-Video/src/video_recorder/event_handler.cpp:1341: level 1: INFO    (15:33:25:617 |    0)   1752; SetCodec by type : No. 85
AgoraCoreService[1737]: (1737) /var/lib/jenkins/workspace/agora-release-linux-2/ServerSDK-Video/src/video_recorder/event_handler.cpp:1341: level 1: INFO    (15:33:25:627 |   10)   1752; StartPlayout complete
AgoraCoreService[1737]: (1737) /var/lib/jenkins/workspace/agora-release-linux-2/ServerSDK-Video/src/video_recorder/event_handler.cpp:1341: level 1: INFO    (15:33:25:627 |    0)   1752; output: kDummyAudio
AgoraCoreService[1737]: (1737) /var/lib/jenkins/workspace/agora-release-linux-2/ServerSDK-Video/src/video_recorder/event_handler.cpp:1341: level 1: INFO    (15:33:25:636 |    9)   1752; StartRecording complete
AgoraCoreService[1737]: (1737) /var/lib/jenkins/workspace/agora-release-linux-2/ServerSDK-Video/src/video_recorder/event_handler.cpp:1341: level 4: ERROR   (15:33:25:636 |    0)   1752; SetAgcConfig() failed to set the range in |gain| the digital compression stage may apply (error=8097)
AgoraCoreService[1737]: (1737) /var/lib/jenkins/workspace/agora-release-linux-2/ServerSDK-Video/src/video_recorder/event_handler.cpp:1341: level 1: INFO    (15:33:25:637 |    1)   1752; SetHowlingControl enable = 0
AgoraCoreService[1737]: (1737) /var/lib/jenkins/workspace/agora-release-linux-2/ServerSDK-Video/src/video_recorder/event_handler.cpp:1341: level 1: INFO    (15:33:25:637 |    0)   1752; Application Config module:  Route 0, NS on, AEC N, AGC on, BSS off, HC on
AgoraCoreService[1737]: (1737) /var/lib/jenkins/workspace/agora-release-linux-2/ServerSDK-Video/src/video_recorder/event_handler.cpp:1341: level 1: INFO    (15:33:25:637 |    0)   1752; MID = 0, Routing = 0
AgoraCoreService[1737]: (1737) /var/lib/jenkins/workspace/agora-release-linux-2/ServerSDK-Video/src/video_recorder/event_handler.cpp:1341: level 1: INFO    (15:33:25:637 |    0)   1752; [che] applyVideoProfile: 640x360 15 fps 500 kbps
AgoraCoreService[1737]: (1737) /var/lib/jenkins/workspace/agora-release-linux-2/ServerSDK-Video/src/video_recorder/event_handler.cpp:1341: level 1: INFO    (15:33:25:637 |    0)   1752; validateVideoParameters: validate video parameters resolution 640x360, fps 15, rate 500000
AgoraCoreService[1737]: (1737) /var/lib/jenkins/workspace/agora-release-linux-2/ServerSDK-Video/src/video_recorder/event_handler.cpp:1341: level 1: INFO    (15:33:25:637 |    0)   1752; setMaxVideoBitrate: max bitrate=500000
AgoraCoreService[1737]: (1737) /var/lib/jenkins/workspace/agora-release-linux-2/ServerSDK-Video/src/video_recorder/event_handler.cpp:1341: level 1: INFO    (15:33:25:637 |    0)   1752; setCodecRates: set frame rate to 15
AgoraCoreService[1737]: (1737) /var/lib/jenkins/workspace/agora-release-linux-2/ServerSDK-Video/src/video_recorder/event_handler.cpp:1341: level 1: INFO    (15:33:25:637 |    0)   1752; setCodec: index=1 width=640 height=360 framerate=15
AgoraCoreService[1737]: (1737) /var/lib/jenkins/workspace/agora-release-linux-2/ServerSDK-Video/src/video_recorder/event_handler.cpp:1341: level 1: INFO    (15:33:25:637 |    0)   1752; setCodecResolution: set to 640 x 360
AgoraCoreService[1737]: (1737) /var/lib/jenkins/workspace/agora-release-linux-2/ServerSDK-Video/src/video_recorder/event_handler.cpp:1341: level 1: INFO    (15:33:25:638 |    1)   1752; CreateVideoCapturer: interface=0x7f6fc0172c90
AgoraCoreService[1737]: (1737) /var/lib/jenkins/workspace/agora-release-linux-2/ServerSDK-Video/src/video_recorder/event_handler.cpp:1341: level 1: INFO    (15:33:25:638 |    0)   1752; VideoSendTrackImpl::UpdateCapturer capturer=0x7f6fc021f9c0
AgoraCoreService[1737]: (1737) /var/lib/jenkins/workspace/agora-release-linux-2/ServerSDK-Video/src/video_recorder/event_handler.cpp:1341: level 1: INFO    (15:33:25:638 |    0)   1752; Create participant 0
AgoraCoreService[1737]: (1737) /var/lib/jenkins/workspace/agora-release-linux-2/ServerSDK-Video/src/video_recorder/event_handler.cpp:1341: level 1: INFO    (15:33:25:638 |    0)   1752; startCapture: device? 1024 init? 1 local enabled? 1 capturing? 0 rendering? 0
AgoraCoreService[1737]: (1737) /var/lib/jenkins/workspace/agora-release-linux-2/ServerSDK-Video/src/video_recorder/event_handler.cpp:1341: level 1: INFO    (15:33:25:638 |    0)   1752; startCapture: Receive Only Mode, capture still on. Encode will be turned off
AgoraCoreService[1737]: (1737) /var/lib/jenkins/workspace/agora-release-linux-2/ServerSDK-Video/src/video_recorder/event_handler.cpp:1341: level 1: INFO    (15:33:25:638 |    0)   1752; AgoraVideoInput::Init thread=1, type=100, device=External Device
AgoraCoreService[1737]: (1737) /var/lib/jenkins/workspace/agora-release-linux-2/ServerSDK-Video/src/video_recorder/event_handler.cpp:1341: level 1: INFO    (15:33:25:638 |    0)   1759; Thread with name:AgoraInputThread started 
AgoraCoreService[1737]: (1737) /var/lib/jenkins/workspace/agora-release-linux-2/ServerSDK-Video/src/video_recorder/event_handler.cpp:1341: level 1: INFO    (15:33:25:638 |    0)   1760; Thread with name:ExternalCaptureThread started 
AgoraCoreService[1737]: (1737) /var/lib/jenkins/workspace/agora-release-linux-2/ServerSDK-Video/src/video_recorder/event_handler.cpp:1341: level 1: INFO    (15:33:25:638 |    0)   1752; setCodec: index=1 width=640 height=360 framerate=15
AgoraCoreService[1737]: (1737) /var/lib/jenkins/workspace/agora-release-linux-2/ServerSDK-Video/src/video_recorder/event_handler.cpp:1341: level 1: INFO    (15:33:25:639 |    1)   1752; setMaxVideoBitrate: max bitrate=500000
AgoraCoreService[1737]: (1737) /var/lib/jenkins/workspace/agora-release-linux-2/ServerSDK-Video/src/video_recorder/event_handler.cpp:1341: level 1: INFO    (15:33:25:639 |    0)   1752; AgoraVideoInput::Start width=640, height=360, fps=15
AgoraCoreService[1737]: (1737) /var/lib/jenkins/workspace/agora-release-linux-2/ServerSDK-Video/src/video_recorder/event_handler.cpp:1341: level 1: INFO    (15:33:25:639 |    0)   1761; Thread with name:WebRtc_event_timer_thread started 
AgoraCoreService[1737]: (1737) /var/lib/jenkins/workspace/agora-release-linux-2/ServerSDK-Video/src/video_recorder/event_handler.cpp:1341: level 1: INFO    (15:33:25:639 |    0)   1752; startCapture: startCapture success
AgoraCoreService[1737]: (1737) /var/lib/jenkins/workspace/agora-release-linux-2/ServerSDK-Video/src/video_recorder/event_handler.cpp:1341: level 1: INFO    (15:33:25:639 |    0)   1752; RequestEncodeKeyFrame
AgoraCoreService[1737]: (1737) /var/lib/jenkins/workspace/agora-release-linux-2/ServerSDK-Video/src/video_recorder/event_handler.cpp:1341: level 1: INFO    (15:33:25:639 |    0)   1752; doStartLocalRender: init? 1 capture id -1 device 1024 capturing? 1 rendering? 0
AgoraCoreService[1737]: (1737) /var/lib/jenkins/workspace/agora-release-linux-2/ServerSDK-Video/src/video_recorder/event_handler.cpp:1341: level 1: INFO    (15:33:25:639 |    0)   1752; doStartLocalRender: Receive Only Mode, local renderer still on.
AgoraCoreService[1737]: (1737) /var/lib/jenkins/workspace/agora-release-linux-2/ServerSDK-Video/src/video_recorder/event_handler.cpp:1341: level 1: INFO    (15:33:25:639 |    0)   1752; doStartLocalRender: init? 1 capture id -1 device 1024 capturing? 1 rendering? 0
AgoraCoreService[1737]: (1737) /var/lib/jenkins/workspace/agora-release-linux-2/ServerSDK-Video/src/video_recorder/event_handler.cpp:1341: level 1: INFO    (15:33:25:639 |    0)   1752; doStartLocalRender: Receive Only Mode, local renderer still on.
AgoraCoreService[1737]: (1737) /var/lib/jenkins/workspace/agora-release-linux-2/ServerSDK-Video/src/video_recorder/event_handler.cpp:1341: level 1: INFO    (15:33:25:639 |    0)   1752; [che] start call returns 0, elapsed 23
AgoraCoreService[1737]: (1737) /var/lib/jenkins/workspace/agora-release-linux-2/ServerSDK-Video/src/video_recorder/event_handler.cpp:1341: level 1: INFO    (15:33:25:639 |    0)   1752; Setting dtx mode to 2
AgoraCoreService[1737]: (1737) /var/lib/jenkins/workspace/agora-release-linux-2/ServerSDK-Video/src/video_recorder/event_handler.cpp:1341: level 1: INFO    (15:33:25:639 |    0)   1752; setNetEQMinimumPlayoutDelay delay(100)
AgoraCoreService[1737]: (1737) /var/lib/jenkins/workspace/agora-release-linux-2/ServerSDK-Video/src/video_recorder/event_handler.cpp:1341: level 1: INFO    (15:33:25:640 |    1)   1752; join channel success: cname 'police_4_3' uid 4244031995 elapsed 198
AgoraCoreService[1737]: (1737) /var/lib/jenkins/workspace/agora-release-linux-2/ServerSDK-Video/src/video_recorder/event_handler.cpp:1054: Channel counters: mix mode:0 , min port:-1 , max port:-1 ,decode audio:0 , decode_video:0 , is live:0 , idle:300 , is audio only:0 ,syslog facility:8 , mix mode height:360 , mix mode width:640 , mix mode fps:15 , mix mode kbps:500 , mix av:0, streamType:0, triggerMode:0, lang:0
AgoraCoreService[1737]: (1737) /var/lib/jenkins/workspace/agora-release-linux-2/ServerSDK-Video/src/video_recorder/event_handler.cpp:1341: level 1: INFO    (15:33:25:640 |    0)   1752; CacheManager: save cache to storage elapsed 0
AgoraCoreService[1737]: (1737) /var/lib/jenkins/workspace/agora-release-linux-2/ServerSDK-Video/src/video_recorder/event_handler.cpp:1341: level 1: INFO    (15:33:25:640 |    0)   1753; Channel counters: mix mode:0 , min port:-1 , max port:-1 ,decode audio:0 , decode_video:0 , is live:0 , idle:300 , is audio only:0 ,syslog facility:8 , mix mode height:360 , mix mode width:640 , mix mode fps:15 , mi
AgoraCoreService[1737]: (1737) /var/lib/jenkins/workspace/agora-release-linux-2/ServerSDK-Video/src/video_recorder/event_handler.cpp:1128: User 4244031995 join channel police_4_3 success, elapsed: 198 ms
AgoraCoreService[1737]: (1737) /var/lib/jenkins/workspace/agora-release-linux-2/ServerSDK-Video/src/video_recorder/event_handler.cpp:1341: level 1: INFO    (15:33:25:640 |    0)   1753; User 4244031995 join channel police_4_3 success, elapsed: 198 ms
AgoraCoreService[1737]: (1737) /var/lib/jenkins/workspace/agora-release-linux-2/ServerSDK-Video/src/video_recorder/event_handler.cpp:1341: level 1: INFO    (15:33:25:647 |    7)   1752; [ch0] rtt: 6
AgoraCoreService[1737]: (1737) /var/lib/jenkins/workspace/agora-release-linux-2/ServerSDK-Video/src/video_recorder/event_handler.cpp:1341: level 1: INFO    (15:33:25:653 |    6)   1752; [vocs/u] **responsed from 119.9.92.49:8000, 3 vos, elapsed 211, server ts 1522424005081, wan ip 139.59.134.76
AgoraCoreService[1737]: (1737) /var/lib/jenkins/workspace/agora-release-linux-2/ServerSDK-Video/src/video_recorder/event_handler.cpp:1341: level 1: INFO    (15:33:25:705 |   52)   1759; [che] onVideoSizeChanged: uid 0 640x360 rotate 0
AgoraCoreService[1737]: (1737) /var/lib/jenkins/workspace/agora-release-linux-2/ServerSDK-Video/src/video_recorder/event_handler.cpp:1341: level 1: INFO    (15:33:27:617 |    0)   1752; notifyPeerCount: cnt 0
AgoraCoreService[1737]: (1737) /var/lib/jenkins/workspace/agora-release-linux-2/ServerSDK-Video/src/base/event_loop.cpp:46: Failed to call poll: Interrupted system call
recorder_local[1736]: (1736) /var/lib/jenkins/workspace/agora-release-linux-2/ServerSDK-Video/src/rec_engine/RecordingEngineImpl.cpp:542: API call to leave channel
AgoraCoreService[1737]: (1737) /var/lib/jenkins/workspace/agora-release-linux-2/ServerSDK-Video/src/video_recorder/event_handler.cpp:858: Before cleanup cnt 0, errno 4 4, joined_ 1, term_sig 1, leave path code 2
AgoraCoreService[1737]: (1737) /var/lib/jenkins/workspace/agora-release-linux-2/ServerSDK-Video/src/video_recorder/event_handler.cpp:1341: level 2: WARN    (15:33:29:749 |  132)   1737; Before cleanup cnt 0, errno 4 4, joined_ 1, term_sig 1, leave path code 2
AgoraCoreService[1737]: (1737) /var/lib/jenkins/workspace/agora-release-linux-2/ServerSDK-Video/src/video_recorder/event_handler.cpp:582: Leaving channel and ready to cleanup
AgoraCoreService[1737]: (1737) /var/lib/jenkins/workspace/agora-release-linux-2/ServerSDK-Video/src/video_recorder/event_handler.cpp:1341: level 1: INFO    (15:33:29:750 |    1)   1737; Leaving channel and ready to cleanup
AgoraCoreService[1737]: (1737) /var/lib/jenkins/workspace/agora-release-linux-2/ServerSDK-Video/src/video_recorder/event_handler.cpp:1341: level 1: INFO    (15:33:29:750 |    0)   1737; API call to leave channel
AgoraCoreService[1737]: (1737) /var/lib/jenkins/workspace/agora-release-linux-2/ServerSDK-Video/src/video_recorder/event_handler.cpp:1341: level 1: INFO    (15:33:29:750 |    0)   1752; [cm] emit leave channel signal
AgoraCoreService[1737]: (1737) /var/lib/jenkins/workspace/agora-release-linux-2/ServerSDK-Video/src/video_recorder/event_handler.cpp:1341: level 1: INFO    (15:33:29:750 |    0)   1752; **CALL STATS: duration 4s, tx 3.357K bytes, rx 1.699K bytes, total 5.32K bytes
AgoraCoreService[1737]: (1737) /var/lib/jenkins/workspace/agora-release-linux-2/ServerSDK-Video/src/video_recorder/event_handler.cpp:1341: level 1: INFO    (15:33:29:750 |    0)   1752; stopLocalRender
AgoraCoreService[1737]: (1737) /var/lib/jenkins/workspace/agora-release-linux-2/ServerSDK-Video/src/video_recorder/event_handler.cpp:1341: level 1: INFO    (15:33:29:750 |    0)   1752; stopLocalRender success
AgoraCoreService[1737]: (1737) /var/lib/jenkins/workspace/agora-release-linux-2/ServerSDK-Video/src/video_recorder/event_handler.cpp:1341: level 1: INFO    (15:33:29:750 |    0)   1752; AgoraVideoInput::Stop
AgoraCoreService[1737]: (1737) /var/lib/jenkins/workspace/agora-release-linux-2/ServerSDK-Video/src/video_recorder/event_handler.cpp:1341: level 1: INFO    (15:33:29:750 |    0)   1761; Thread with name:WebRtc_event_timer_thread stopped
AgoraCoreService[1737]: (1737) /var/lib/jenkins/workspace/agora-release-linux-2/ServerSDK-Video/src/video_recorder/event_handler.cpp:1341: level 1: INFO    (15:33:29:751 |    1)   1752; AgoraVideoInput::Destroy
AgoraCoreService[1737]: (1737) /var/lib/jenkins/workspace/agora-release-linux-2/ServerSDK-Video/src/video_recorder/event_handler.cpp:1341: level 1: INFO    (15:33:29:751 |    0)   1760; Thread with name:ExternalCaptureThread stopped
AgoraCoreService[1737]: (1737) /var/lib/jenkins/workspace/agora-release-linux-2/ServerSDK-Video/src/video_recorder/event_handler.cpp:1341: level 1: INFO    (15:33:29:831 |   80)   1759; Thread with name:AgoraInputThread stopped
AgoraCoreService[1737]: (1737) /var/lib/jenkins/workspace/agora-release-linux-2/ServerSDK-Video/src/video_recorder/event_handler.cpp:1341: level 1: INFO    (15:33:29:831 |    0)   1752; stopCapture: stopCapture success
AgoraCoreService[1737]: (1737) /var/lib/jenkins/workspace/agora-release-linux-2/ServerSDK-Video/src/video_recorder/event_handler.cpp:1341: level 1: INFO    (15:33:29:831 |    0)   1752; stopRemoteRender
AgoraCoreService[1737]: (1737) /var/lib/jenkins/workspace/agora-release-linux-2/ServerSDK-Video/src/video_recorder/event_handler.cpp:1341: level 1: INFO    (15:33:29:832 |    1)   1752; [che] stopCall begins
AgoraCoreService[1737]: (1737) /var/lib/jenkins/workspace/agora-release-linux-2/ServerSDK-Video/src/video_recorder/event_handler.cpp:1341: level 1: INFO    (15:33:29:832 |    0)   1752; StopRecording complete
AgoraCoreService[1737]: (1737) /var/lib/jenkins/workspace/agora-release-linux-2/ServerSDK-Video/src/video_recorder/event_handler.cpp:1341: level 1: INFO    (15:33:29:832 |    0)   1752; StopPlayout complete
AgoraCoreService[1737]: (1737) /var/lib/jenkins/workspace/agora-release-linux-2/ServerSDK-Video/src/video_recorder/event_handler.cpp:1341: level 1: INFO    (15:33:29:832 |    0)   1752; [che] stop call returns 0, elapsed 0
AgoraCoreService[1737]: (1737) /var/lib/jenkins/workspace/agora-release-linux-2/ServerSDK-Video/src/video_recorder/event_handler.cpp:1341: level 1: INFO    (15:33:29:832 |    0)   1752; [rs] **report stats: seq: 14, report list size 14, tx/rx: 2657/240, cache size: 0, report success rate: -1
AgoraCoreService[1737]: (1737) /var/lib/jenkins/workspace/agora-release-linux-2/ServerSDK-Video/src/video_recorder/event_handler.cpp:1341: level 1: INFO    (15:33:29:832 |    0)   1752; CacheManager: save cache to storage elapsed 0
AgoraCoreService[1737]: (1737) /var/lib/jenkins/workspace/agora-release-linux-2/ServerSDK-Video/src/video_recorder/event_handler.cpp:1341: level 1: INFO    (15:33:29:832 |    0)   1752; [ch0] vos destroyed
AgoraCoreService[1737]: (1737) /var/lib/jenkins/workspace/agora-release-linux-2/ServerSDK-Video/src/video_recorder/event_handler.cpp:1341: level 1: INFO    (15:33:29:833 |    1)   1752; delRef of media engine, ref=0
AgoraCoreService[1737]: (1737) /var/lib/jenkins/workspace/agora-release-linux-2/ServerSDK-Video/src/video_recorder/event_handler.cpp:1341: level 1: INFO    (15:33:29:833 |    0)   1752; [che] chat engine destroying
AgoraCoreService[1737]: (1737) /var/lib/jenkins/workspace/agora-release-linux-2/ServerSDK-Video/src/video_recorder/event_handler.cpp:1341: level 1: INFO    (15:33:29:833 |    0)   1752; stopLocalRender
AgoraCoreService[1737]: (1737) /var/lib/jenkins/workspace/agora-release-linux-2/ServerSDK-Video/src/video_recorder/event_handler.cpp:1341: level 1: INFO    (15:33:29:833 |    0)   1752; stopLocalRender success
AgoraCoreService[1737]: (1737) /var/lib/jenkins/workspace/agora-release-linux-2/ServerSDK-Video/src/video_recorder/event_handler.cpp:1341: level 2: WARN    (15:33:29:833 |    0)   1752; stopCapture: VideoEngine haven't startCapture
AgoraCoreService[1737]: (1737) /var/lib/jenkins/workspace/agora-release-linux-2/ServerSDK-Video/src/video_recorder/event_handler.cpp:1341: level 1: INFO    (15:33:29:833 |    0)   1752; stopRemoteRender
AgoraCoreService[1737]: (1737) /var/lib/jenkins/workspace/agora-release-linux-2/ServerSDK-Video/src/video_recorder/event_handler.cpp:1341: level 1: INFO    (15:33:29:833 |    0)   1752; [che] stopCall begins
AgoraCoreService[1737]: (1737) /var/lib/jenkins/workspace/agora-release-linux-2/ServerSDK-Video/src/video_recorder/event_handler.cpp:1341: level 1: INFO    (15:33:29:833 |    0)   1752; [che] stop call returns -1, elapsed 1
AgoraCoreService[1737]: (1737) /var/lib/jenkins/workspace/agora-release-linux-2/ServerSDK-Video/src/video_recorder/event_handler.cpp:1341: level 1: INFO    (15:33:29:833 |    0)   1752; stopLocalRender
AgoraCoreService[1737]: (1737) /var/lib/jenkins/workspace/agora-release-linux-2/ServerSDK-Video/src/video_recorder/event_handler.cpp:1341: level 1: INFO    (15:33:29:833 |    0)   1752; stopLocalRender success
AgoraCoreService[1737]: (1737) /var/lib/jenkins/workspace/agora-release-linux-2/ServerSDK-Video/src/video_recorder/event_handler.cpp:1341: level 1: INFO    (15:33:29:833 |    0)   1752; stopRemoteRender
AgoraCoreService[1737]: (1737) /var/lib/jenkins/workspace/agora-release-linux-2/ServerSDK-Video/src/video_recorder/event_handler.cpp:1341: level 2: WARN    (15:33:29:833 |    0)   1752; stopCapture: VideoEngine haven't startCapture
AgoraCoreService[1737]: (1737) /var/lib/jenkins/workspace/agora-release-linux-2/ServerSDK-Video/src/video_recorder/event_handler.cpp:1341: level 1: INFO    (15:33:29:833 |    0)   1758; Thread with name:VideoProcessThread stopped
AgoraCoreService[1737]: (1737) /var/lib/jenkins/workspace/agora-release-linux-2/ServerSDK-Video/src/video_recorder/event_handler.cpp:1341: level 2: WARN    (15:33:29:834 |    1)   1752; terminate: VideoEngine haven't init
AgoraCoreService[1737]: (1737) /var/lib/jenkins/workspace/agora-release-linux-2/ServerSDK-Video/src/video_recorder/event_handler.cpp:1341: level 1: INFO    (15:33:29:834 |    0)   1752; [DEBUGG] ViERenderManager Destructor, engine_id: 0
AgoraCoreService[1737]: (1737) /var/lib/jenkins/workspace/agora-release-linux-2/ServerSDK-Video/src/video_recorder/event_handler.cpp:1341: level 1: INFO    (15:33:29:837 |    3)   1757; Thread with name:VideoEncodeThread stopped
AgoraCoreService[1737]: (1737) /var/lib/jenkins/workspace/agora-release-linux-2/ServerSDK-Video/src/video_recorder/event_handler.cpp:1341: level 1: INFO    (15:33:29:844 |    7)   1752; VideoSendTrackImpl::UpdateCapturer capturer=(nil)
AgoraCoreService[1737]: (1737) /var/lib/jenkins/workspace/agora-release-linux-2/ServerSDK-Video/src/video_recorder/event_handler.cpp:1341: level 1: INFO    (15:33:29:844 |    0)   1752; VideoSendTrackImpl::UpdateRenderer, renderer=(nil)
AgoraCoreService[1737]: (1737) /var/lib/jenkins/workspace/agora-release-linux-2/ServerSDK-Video/src/video_recorder/event_handler.cpp:1341: level 1: INFO    (15:33:29:844 |    0)   1756; Thread with name:EngineMonitorThread stopped
AgoraCoreService[1737]: (1737) /var/lib/jenkins/workspace/agora-release-linux-2/ServerSDK-Video/src/video_recorder/event_handler.cpp:1341: level 1: INFO    (15:33:29:844 |    0)   1754; Thread with name:external_audio_module_thread stopped
AgoraCoreService[1737]: (1737) /var/lib/jenkins/workspace/agora-release-linux-2/ServerSDK-Video/src/video_recorder/event_handler.cpp:1341: level 1: INFO    (15:33:29:845 |    1)   1755; Thread with name:WebRtc_event_timer_thread stopped
AgoraCoreService[1737]: (1737) /var/lib/jenkins/workspace/agora-release-linux-2/ServerSDK-Video/src/video_recorder/event_handler.cpp:1341: level 1: INFO    (15:33:29:845 |    0)   1752; [che] chat engine destroyed
AgoraCoreService[1737]: (1737) /var/lib/jenkins/workspace/agora-release-linux-2/ServerSDK-Video/src/video_recorder/event_handler.cpp:1341: level 1: INFO    (15:33:29:845 |    0)   1752; ***CALL END
AgoraCoreService[1737]: (1737) /var/lib/jenkins/workspace/agora-release-linux-2/ServerSDK-Video/src/video_recorder/event_handler.cpp:1341: level 1: INFO    (15:33:29:845 |    0)   1752; onAudioStatusChanged enable audio
AgoraCoreService[1737]: (1737) /var/lib/jenkins/workspace/agora-release-linux-2/ServerSDK-Video/src/video_recorder/event_handler.cpp:1341: level 1: INFO    (15:33:29:845 |    0)   1752; [MIO] media io controller destroyed
AgoraCoreService[1737]: (1737) /var/lib/jenkins/workspace/agora-release-linux-2/ServerSDK-Video/src/video_recorder/event_handler.cpp:1341: level 1: INFO    (15:33:29:845 |    0)   1737; async task notify worker thread to exit and return
AgoraCoreService[1737]: (1737) /var/lib/jenkins/workspace/agora-release-linux-2/ServerSDK-Video/src/video_recorder/event_handler.cpp:561: event handler delete timer
recorder_local[1736]: (1736) /var/lib/jenkins/workspace/agora-release-linux-2/ServerSDK-Video/src/base/event_loop.cpp:228: Error fd:4, 16
recorder_local[1736]: (1736) /var/lib/jenkins/workspace/agora-release-linux-2/ServerSDK-Video/src/base/pipe_router.cpp:81: Broken reading pipe! event:16 with error3
recorder_local[1736]: (1736) /var/lib/jenkins/workspace/agora-release-linux-2/ServerSDK-Video/src/rec_engine/RecordingEngineImpl.cpp:542: API call to leave channel
recorder_local[1736]: (1736) /var/lib/jenkins/workspace/agora-release-linux-2/ServerSDK-Video/src/rec_engine/RecordingEngineImpl.cpp:64: Recorder 1243790 is ready to be release
recorder_local[1736]: (1736) /var/lib/jenkins/workspace/agora-release-linux-2/ServerSDK-Video/src/rec_engine/RecordingEngineImpl.cpp:87: Recording wrapper delete timer
