Local Date: Fri Mar 30 15:33:25 2018
Build info: Feb  1 2018 02:13:47 ?

INFO    (15:33:25:443 |    0)   1752; [rp] {"rtc.video.mute_me":true,"che.video.local.send":false}
INFO    (15:33:25:443 |    0)   1752; [rp] {"rtc.audio.mute_me":true,"che.audio.mute_me":true}
INFO    (15:33:25:443 |    0)   1752; [rp] {"rtc.video.set_remote_default_video_stream_type":0}
INFO    (15:33:25:443 |    0)   1752; API call to SetRemoteDefaultVideoStreamType: 0
INFO    (15:33:25:444 |    1)   1752; [rp] {"che.video.local.camera_index":1024}
INFO    (15:33:25:444 |    0)   1752; [rp] {"rtc.video.enabled":true}
INFO    (15:33:25:444 |    0)   1752; API call to enable video
INFO    (15:33:25:444 |    0)   1752; ***CALL BEGIN: appid:'c7****************************1c' cname:'police_4_3' info:'' sid:'B7D8028C16914DF0A956007500E7B6DE'
INFO    (15:33:25:444 |    0)   1752; addRef of media engine, ref=1
INFO    (15:33:25:444 |    0)   1752; [che] create chat engine, ctx:(nil)
INFO    (15:33:25:444 |    0)   1752; [MYDEBUG] large group call false
INFO    (15:33:25:444 |    0)   1752; ChatEngineParameterHelper::applyMediaEngineMode: 
INFO    (15:33:25:444 |    0)   1752; applyMediaEngineMode(): Hardware encoding false Hardware decoding false
INFO    (15:33:25:446 |    2)   1754; Thread with name:external_audio_module_thread started 
INFO    (15:33:25:446 |    0)   1755; Thread with name:WebRtc_event_timer_thread started 
INFO    (15:33:25:446 |    0)   1752; StereoPlayoutIsAvailable(), output: available=0
INFO    (15:33:25:446 |    0)   1752; StereoRecordingIsAvailable(), output: available=0
INFO    (15:33:25:447 |    1)   1756; Thread with name:EngineMonitorThread started 
INFO    (15:33:25:447 |    0)   1752; setMuteStatus, muted: On
INFO    (15:33:25:447 |    0)   1752; setMuteOutput, muted: false
WARN    (15:33:25:447 |    0)   1752; setMicSensitivity failed, legal values are between [0, 10]
INFO    (15:33:25:447 |    0)   1752; Audio Engine Init success
INFO    (15:33:25:447 |    0)   1752; Available number of cores:1
INFO    (15:33:25:447 |    0)   1752; CreateVideoSendTrack
INFO    (15:33:25:447 |    0)   1752; init: feature prerotation disabled
INFO    (15:33:25:448 |    1)   1752; Agora Engine video codec set to custom mode role mode 0
INFO    (15:33:25:448 |    0)   1752; Agora Engine video codec index 1
INFO    (15:33:25:448 |    0)   1752; Agora Engine video stream type = 0
INFO    (15:33:25:448 |    0)   1757; Thread with name:VideoEncodeThread started 
INFO    (15:33:25:448 |    0)   1752; EncoderWrapper::Create hardware_ = 0, hardware_low_ = 0
INFO    (15:33:25:448 |    0)   1758; Thread with name:VideoProcessThread started 
INFO    (15:33:25:448 |    0)   1752; setCodec: index=1 width=640 height=360 framerate=15
INFO    (15:33:25:448 |    0)   1752; h264WebInteropEnable: enable 0
INFO    (15:33:25:449 |    1)   1752; setCaptureDevice: index=1024
INFO    (15:33:25:449 |    0)   1752; setMaxVideoBitrate: max bitrate=0
INFO    (15:33:25:449 |    0)   1752; more fec enable 0 curr fec method 0
INFO    (15:33:25:449 |    0)   1752; video fec method 0
ERROR   (15:33:25:449 |    0)   1752; videoEngine created and initialize here
INFO    (15:33:25:449 |    0)   1752; CreateVideoSendTrack
INFO    (15:33:25:449 |    0)   1752; [MIO] updateCapturer: ((nil)), type:(1)
INFO    (15:33:25:449 |    0)   1752; CreateAgoraDefaultCapture: type=0
INFO    (15:33:25:449 |    0)   1752; CreateVideoCapturer: interface=0x7f6fc0172af0
INFO    (15:33:25:449 |    0)   1752; VideoSendTrackImpl::UpdateCapturer capturer=0x7f6fc01d4c10
INFO    (15:33:25:449 |    0)   1752; [MIO] updateLocalRender: ((nil)), type:(1)
INFO    (15:33:25:449 |    0)   1752; CreateAgoraDefaultRender
INFO    (15:33:25:449 |    0)   1752; CreateVideoRenderer: interface=0x7f6fc01d5090
INFO    (15:33:25:449 |    0)   1752; VideoSendTrackImpl::UpdateRenderer, renderer=0x7f6fc01d50d0
INFO    (15:33:25:450 |    1)   1752; [MIO] video send track prepared !!
INFO    (15:33:25:450 |    0)   1752; [che] applyVideoProfile: 640x360 15 fps 500 kbps
INFO    (15:33:25:450 |    0)   1752; validateVideoParameters: validate video parameters resolution 640x360, fps 15, rate 500000
INFO    (15:33:25:450 |    0)   1752; setMaxVideoBitrate: max bitrate=500000
INFO    (15:33:25:450 |    0)   1752; setCodecRates: set frame rate to 15
INFO    (15:33:25:450 |    0)   1752; setCodec: index=1 width=640 height=360 framerate=15
INFO    (15:33:25:450 |    0)   1752; setCodecResolution: set to 640 x 360
INFO    (15:33:25:450 |    0)   1752; [che] chat engine initialized
INFO    (15:33:25:451 |    1)   1752; [vocs] vocs initialized
INFO    (15:33:25:451 |    0)   1752; [rs] report server ip: 221.228.78.123:8000
INFO    (15:33:25:451 |    0)   1752; [rlbs] selected: 221.228.78.123:9700
INFO    (15:33:25:451 |    0)   1752; [rlbs] request rs list from 221.228.78.123:9700.......
INFO    (15:33:25:452 |    1)   1752; CacheManager: save cache to storage elapsed 0
INFO    (15:33:25:452 |    0)   1752; [cm] emit join channel signal, size=2
INFO    (15:33:25:452 |    0)   1752; CacheManager: save cache to storage elapsed 0
INFO    (15:33:25:452 |    0)   1752; [vocs] lookup channel...
INFO    (15:33:25:452 |    0)   1752; [vocs] selected: 69.28.51.138:8000
INFO    (15:33:25:453 |    1)   1752; connecting to 69.28.51.138:8000 handle c020fdc0, 28
INFO    (15:33:25:453 |    0)   1752; [vocs] creating channel with 69.28.51.138:8000, ts 1522424005453.......
INFO    (15:33:25:453 |    0)   1752; [vocs] selected: 119.9.92.49:8000
INFO    (15:33:25:453 |    0)   1752; [vocs] creating channel with 119.9.92.49:8000, ts 1522424005453.......
INFO    (15:33:25:453 |    0)   1752; [vocs] selected: 123.155.153.69:8000
INFO    (15:33:25:453 |    0)   1752; [vocs] creating channel with 123.155.153.69:8000, ts 1522424005453.......
INFO    (15:33:25:453 |    0)   1752; [rp] {"che.audio.audioSampleRate":48000}
INFO    (15:33:25:453 |    0)   1752; [dns] parsed ip 119.9.92.49
INFO    (15:33:25:453 |    0)   1752; [dns] parsed ip 69.28.51.138
INFO    (15:33:25:454 |    1)   1752; [dns] parsed ip 128.1.87.146
INFO    (15:33:25:463 |    9)   1752; [dns] parsed ip 199.190.44.35
INFO    (15:33:25:467 |    4)   1752; [dns] parsed ip 199.190.44.36
INFO    (15:33:25:468 |    1)   1752; [rs] dns parse result code: 0, servers size: 1
INFO    (15:33:25:468 |    0)   1752; [rs] dns parse and selected server: 223.111.12.227
INFO    (15:33:25:608 |  140)   1752; [vocs/u] **responsed from 69.28.51.138:8000, 3 vos, elapsed 167, server ts 1522424005057, wan ip 139.59.134.76
INFO    (15:33:25:609 |    1)   1752; [vos] added server: 128.1.77.37:4009
INFO    (15:33:25:609 |    0)   1752; [vos] added server: 128.1.78.91:4003
INFO    (15:33:25:609 |    0)   1752; [vos] added server: 128.1.78.114:4009
INFO    (15:33:25:609 |    0)   1752; [ch0] vos initialized
INFO    (15:33:25:609 |    0)   1752; [vos] selected: 128.1.78.114:4009
ERROR   (15:33:25:609 |    0)   1752; [ch0] login strategy=2
INFO    (15:33:25:609 |    0)   1752; [ds]: ver 1 ds '{"streamType":5}'
INFO    (15:33:25:609 |    0)   1752; [ch0] Login VOS (proto:10, cid:1213065555, uid:4244031995, ts:1522424005609, ticket size:84 ds:1 stream:+A+VH) 2: 128.1.78.114:4009
INFO    (15:33:25:610 |    1)   1752; add ping address 139.59.134.76
INFO    (15:33:25:610 |    0)   1752; PING 139.59.134.76:0 16(44) bytes of data
INFO    (15:33:25:617 |    7)   1752; [ch0] **VOS response to login request (res 0 elapsed 175, server ts 1522424005139, s-c:-478) from 128.1.78.114:4009, and current dest server 128.1.78.114:4009
INFO    (15:33:25:617 |    0)   1752; updateActiveVosList: ["128.1.78.114:4009"]
INFO    (15:33:25:617 |    0)   1752; [che] start call begins
INFO    (15:33:25:617 |    0)   1752; Set Application Mode in RTC Engine to No. 0
ERROR   (15:33:25:617 |    0)   1752; GetCodec() invalid index (error=8004)
INFO    (15:33:25:617 |    0)   1752; SetCodec by type : No. 85
INFO    (15:33:25:627 |   10)   1752; StartPlayout complete
INFO    (15:33:25:627 |    0)   1752; output: kDummyAudio
INFO    (15:33:25:636 |    9)   1752; StartRecording complete
ERROR   (15:33:25:636 |    0)   1752; SetAgcConfig() failed to set the range in |gain| the digital compression stage may apply (error=8097)
INFO    (15:33:25:637 |    1)   1752; SetHowlingControl enable = 0
INFO    (15:33:25:637 |    0)   1752; Application Config module:  Route 0, NS on, AEC N, AGC on, BSS off, HC on
INFO    (15:33:25:637 |    0)   1752; MID = 0, Routing = 0
INFO    (15:33:25:637 |    0)   1752; [che] applyVideoProfile: 640x360 15 fps 500 kbps
INFO    (15:33:25:637 |    0)   1752; validateVideoParameters: validate video parameters resolution 640x360, fps 15, rate 500000
INFO    (15:33:25:637 |    0)   1752; setMaxVideoBitrate: max bitrate=500000
INFO    (15:33:25:637 |    0)   1752; setCodecRates: set frame rate to 15
INFO    (15:33:25:637 |    0)   1752; setCodec: index=1 width=640 height=360 framerate=15
INFO    (15:33:25:637 |    0)   1752; setCodecResolution: set to 640 x 360
INFO    (15:33:25:638 |    1)   1752; CreateVideoCapturer: interface=0x7f6fc0172c90
INFO    (15:33:25:638 |    0)   1752; VideoSendTrackImpl::UpdateCapturer capturer=0x7f6fc021f9c0
INFO    (15:33:25:638 |    0)   1752; Create participant 0
INFO    (15:33:25:638 |    0)   1752; startCapture: device? 1024 init? 1 local enabled? 1 capturing? 0 rendering? 0
INFO    (15:33:25:638 |    0)   1752; startCapture: Receive Only Mode, capture still on. Encode will be turned off
INFO    (15:33:25:638 |    0)   1752; AgoraVideoInput::Init thread=1, type=100, device=External Device
INFO    (15:33:25:638 |    0)   1759; Thread with name:AgoraInputThread started 
INFO    (15:33:25:638 |    0)   1760; Thread with name:ExternalCaptureThread started 
INFO    (15:33:25:638 |    0)   1752; setCodec: index=1 width=640 height=360 framerate=15
INFO    (15:33:25:639 |    1)   1752; setMaxVideoBitrate: max bitrate=500000
INFO    (15:33:25:639 |    0)   1752; AgoraVideoInput::Start width=640, height=360, fps=15
INFO    (15:33:25:639 |    0)   1761; Thread with name:WebRtc_event_timer_thread started 
INFO    (15:33:25:639 |    0)   1752; startCapture: startCapture success
INFO    (15:33:25:639 |    0)   1752; RequestEncodeKeyFrame
INFO    (15:33:25:639 |    0)   1752; doStartLocalRender: init? 1 capture id -1 device 1024 capturing? 1 rendering? 0
INFO    (15:33:25:639 |    0)   1752; doStartLocalRender: Receive Only Mode, local renderer still on.
INFO    (15:33:25:639 |    0)   1752; doStartLocalRender: init? 1 capture id -1 device 1024 capturing? 1 rendering? 0
INFO    (15:33:25:639 |    0)   1752; doStartLocalRender: Receive Only Mode, local renderer still on.
INFO    (15:33:25:639 |    0)   1752; [che] start call returns 0, elapsed 23
INFO    (15:33:25:639 |    0)   1752; Setting dtx mode to 2
INFO    (15:33:25:639 |    0)   1752; setNetEQMinimumPlayoutDelay delay(100)
INFO    (15:33:25:640 |    1)   1752; join channel success: cname 'police_4_3' uid 4244031995 elapsed 198
INFO    (15:33:25:640 |    0)   1752; CacheManager: save cache to storage elapsed 0
INFO    (15:33:25:640 |    0)   1753; Channel counters: mix mode:0 , min port:-1 , max port:-1 ,decode audio:0 , decode_video:0 , is live:0 , idle:300 , is audio only:0 ,syslog facility:8 , mix mode height:360 , mix mode width:640 , mix mode fps:15 , mi 
INFO    (15:33:25:640 |    0)   1753; User 4244031995 join channel police_4_3 success, elapsed: 198 ms
INFO    (15:33:25:647 |    7)   1752; [ch0] rtt: 6
INFO    (15:33:25:653 |    6)   1752; [vocs/u] **responsed from 119.9.92.49:8000, 3 vos, elapsed 211, server ts 1522424005081, wan ip 139.59.134.76
INFO    (15:33:25:705 |   52)   1759; [che] onVideoSizeChanged: uid 0 640x360 rotate 0
INFO    (15:33:27:617 |    0)   1752; notifyPeerCount: cnt 0
WARN    (15:33:29:749 |  132)   1737; Before cleanup cnt 0, errno 4 4, joined_ 1, term_sig 1, leave path code 2
INFO    (15:33:29:750 |    1)   1737; Leaving channel and ready to cleanup
INFO    (15:33:29:750 |    0)   1737; API call to leave channel
INFO    (15:33:29:750 |    0)   1752; [cm] emit leave channel signal
INFO    (15:33:29:750 |    0)   1752; **CALL STATS: duration 4s, tx 3.357K bytes, rx 1.699K bytes, total 5.32K bytes
INFO    (15:33:29:750 |    0)   1752; stopLocalRender
INFO    (15:33:29:750 |    0)   1752; stopLocalRender success
INFO    (15:33:29:750 |    0)   1752; AgoraVideoInput::Stop
INFO    (15:33:29:750 |    0)   1761; Thread with name:WebRtc_event_timer_thread stopped
INFO    (15:33:29:751 |    1)   1752; AgoraVideoInput::Destroy
INFO    (15:33:29:751 |    0)   1760; Thread with name:ExternalCaptureThread stopped
INFO    (15:33:29:831 |   80)   1759; Thread with name:AgoraInputThread stopped
INFO    (15:33:29:831 |    0)   1752; stopCapture: stopCapture success
INFO    (15:33:29:831 |    0)   1752; stopRemoteRender
INFO    (15:33:29:832 |    1)   1752; [che] stopCall begins
INFO    (15:33:29:832 |    0)   1752; StopRecording complete
INFO    (15:33:29:832 |    0)   1752; StopPlayout complete
INFO    (15:33:29:832 |    0)   1752; [che] stop call returns 0, elapsed 0
INFO    (15:33:29:832 |    0)   1752; [rs] **report stats: seq: 14, report list size 14, tx/rx: 2657/240, cache size: 0, report success rate: -1
INFO    (15:33:29:832 |    0)   1752; CacheManager: save cache to storage elapsed 0
INFO    (15:33:29:832 |    0)   1752; [ch0] vos destroyed
INFO    (15:33:29:833 |    1)   1752; delRef of media engine, ref=0
INFO    (15:33:29:833 |    0)   1752; [che] chat engine destroying
INFO    (15:33:29:833 |    0)   1752; stopLocalRender
INFO    (15:33:29:833 |    0)   1752; stopLocalRender success
WARN    (15:33:29:833 |    0)   1752; stopCapture: VideoEngine haven't startCapture
INFO    (15:33:29:833 |    0)   1752; stopRemoteRender
INFO    (15:33:29:833 |    0)   1752; [che] stopCall begins
INFO    (15:33:29:833 |    0)   1752; [che] stop call returns -1, elapsed 1
INFO    (15:33:29:833 |    0)   1752; stopLocalRender
INFO    (15:33:29:833 |    0)   1752; stopLocalRender success
INFO    (15:33:29:833 |    0)   1752; stopRemoteRender
WARN    (15:33:29:833 |    0)   1752; stopCapture: VideoEngine haven't startCapture
INFO    (15:33:29:833 |    0)   1758; Thread with name:VideoProcessThread stopped
WARN    (15:33:29:834 |    1)   1752; terminate: VideoEngine haven't init
INFO    (15:33:29:834 |    0)   1752; [DEBUGG] ViERenderManager Destructor, engine_id: 0
INFO    (15:33:29:837 |    3)   1757; Thread with name:VideoEncodeThread stopped
INFO    (15:33:29:844 |    7)   1752; VideoSendTrackImpl::UpdateCapturer capturer=(nil)
INFO    (15:33:29:844 |    0)   1752; VideoSendTrackImpl::UpdateRenderer, renderer=(nil)
INFO    (15:33:29:844 |    0)   1756; Thread with name:EngineMonitorThread stopped
INFO    (15:33:29:844 |    0)   1754; Thread with name:external_audio_module_thread stopped
INFO    (15:33:29:845 |    1)   1755; Thread with name:WebRtc_event_timer_thread stopped
INFO    (15:33:29:845 |    0)   1752; [che] chat engine destroyed
INFO    (15:33:29:845 |    0)   1752; ***CALL END
INFO    (15:33:29:845 |    0)   1752; onAudioStatusChanged enable audio
INFO    (15:33:29:845 |    0)   1752; [MIO] media io controller destroyed
INFO    (15:33:29:845 |    0)   1737; async task notify worker thread to exit and return
